Trying substitutions to: 12
with goodVertices 1, 2, 4, 7, 11, 13, 14
bad color to improve: 2  2  with index 31
bad color to improve: 2  4  with index 33
bad color to improve: 2  6  with index 35
bad color to improve: 2  9  with index 38
bad color to improve: 2  13  with index 42
bad color to improve: 4  13  with index 67
bad color to improve: 6  13  with index 88
7 bad colorings on level 1
bad coloring on level 2  |8, 10, 0, 0|
bad coloring on level 2  |10, 15, 0, 0|
bad coloring on level 2  |5, 11, 0, 3|
bad coloring on level 2  |5, 15, 0, 3|
bad coloring on level 2  |8, 10, 0, 3|
bad coloring on level 2  |10, 15, 0, 3|
bad coloring on level 2  |12, 15, 0, 3|
bad coloring on level 2  |3, 8, 0, 5|
bad coloring on level 2  |3, 15, 0, 5|
bad coloring on level 2  |8, 10, 0, 5|
bad coloring on level 2  |10, 15, 0, 5|
bad coloring on level 2  |8, 10, 0, 7|
bad coloring on level 2  |10, 15, 0, 7|
bad coloring on level 2  |1, 10, 0, 11|
bad coloring on level 2  |3, 10, 0, 11|
bad coloring on level 2  |5, 10, 0, 11|
bad coloring on level 2  |8, 10, 0, 11|
bad coloring on level 2  |10, 10, 0, 11|
bad coloring on level 2  |10, 12, 0, 11|
bad coloring on level 2  |10, 14, 0, 11|
bad coloring on level 2  |10, 15, 0, 11|
bad coloring on level 2  |3, 15, 0, 12|
bad coloring on level 2  |8, 10, 0, 12|
bad coloring on level 2  |10, 15, 0, 12|
bad coloring on level 2  |0, 15, 0, 14|
bad coloring on level 2  |3, 15, 0, 14|
bad coloring on level 2  |5, 15, 0, 14|
bad coloring on level 2  |8, 10, 0, 14|
bad coloring on level 2  |8, 15, 0, 14|
bad coloring on level 2  |10, 15, 0, 14|
bad coloring on level 2  |11, 15, 0, 14|
bad coloring on level 2  |12, 15, 0, 14|
bad coloring on level 2  |15, 15, 0, 14|
bad coloring on level 2  |0, 14, 0, 15|
bad coloring on level 2  |1, 10, 0, 15|
bad coloring on level 2  |1, 14, 0, 15|
bad coloring on level 2  |3, 10, 0, 15|
bad coloring on level 2  |3, 12, 0, 15|
bad coloring on level 2  |3, 14, 0, 15|
bad coloring on level 2  |5, 10, 0, 15|
bad coloring on level 2  |5, 14, 0, 15|
bad coloring on level 2  |7, 14, 0, 15|
bad coloring on level 2  |8, 10, 0, 15|
bad coloring on level 2  |10, 10, 0, 15|
bad coloring on level 2  |10, 12, 0, 15|
bad coloring on level 2  |10, 14, 0, 15|
bad coloring on level 2  |10, 15, 0, 15|
bad coloring on level 2  |12, 14, 0, 15|
bad coloring on level 2  |14, 14, 0, 15|
bad coloring on level 2  |3, 15, 1, 1|
bad coloring on level 2  |8, 10, 1, 1|
bad coloring on level 2  |10, 15, 1, 1|
bad coloring on level 2  |3, 8, 1, 5|
bad coloring on level 2  |3, 15, 1, 5|
bad coloring on level 2  |8, 10, 1, 5|
bad coloring on level 2  |10, 15, 1, 5|
bad coloring on level 2  |3, 15, 1, 7|
bad coloring on level 2  |8, 10, 1, 7|
bad coloring on level 2  |10, 15, 1, 7|
bad coloring on level 2  |3, 10, 1, 8|
bad coloring on level 2  |3, 15, 1, 8|
bad coloring on level 2  |8, 10, 1, 8|
bad coloring on level 2  |10, 15, 1, 8|
bad coloring on level 2  |0, 11, 1, 10|
bad coloring on level 2  |0, 15, 1, 10|
bad coloring on level 2  |3, 8, 1, 10|
bad coloring on level 2  |3, 15, 1, 10|
bad coloring on level 2  |5, 15, 1, 10|
bad coloring on level 2  |8, 10, 1, 10|
bad coloring on level 2  |8, 15, 1, 10|
bad coloring on level 2  |10, 15, 1, 10|
bad coloring on level 2  |11, 15, 1, 10|
bad coloring on level 2  |12, 15, 1, 10|
bad coloring on level 2  |15, 15, 1, 10|
bad coloring on level 2  |3, 10, 1, 11|
bad coloring on level 2  |3, 15, 1, 11|
bad coloring on level 2  |8, 10, 1, 11|
bad coloring on level 2  |10, 15, 1, 11|
bad coloring on level 2  |3, 15, 1, 12|
bad coloring on level 2  |8, 10, 1, 12|
bad coloring on level 2  |10, 15, 1, 12|
bad coloring on level 2  |0, 15, 1, 14|
bad coloring on level 2  |3, 15, 1, 14|
bad coloring on level 2  |5, 15, 1, 14|
bad coloring on level 2  |8, 10, 1, 14|
bad coloring on level 2  |8, 15, 1, 14|
bad coloring on level 2  |10, 15, 1, 14|
bad coloring on level 2  |11, 15, 1, 14|
bad coloring on level 2  |12, 15, 1, 14|
bad coloring on level 2  |15, 15, 1, 14|
bad coloring on level 2  |5, 11, 3, 3|
bad coloring on level 2  |5, 15, 3, 3|
bad coloring on level 2  |8, 10, 3, 3|
bad coloring on level 2  |10, 15, 3, 3|
bad coloring on level 2  |12, 15, 3, 3|
bad coloring on level 2  |5, 11, 3, 7|
bad coloring on level 2  |5, 15, 3, 7|
bad coloring on level 2  |8, 10, 3, 7|
bad coloring on level 2  |10, 15, 3, 7|
bad coloring on level 2  |12, 15, 3, 7|
bad coloring on level 2  |0, 5, 3, 8|
bad coloring on level 2  |1, 5, 3, 8|
bad coloring on level 2  |1, 10, 3, 8|
bad coloring on level 2  |5, 5, 3, 8|
bad coloring on level 2  |5, 10, 3, 8|
bad coloring on level 2  |5, 11, 3, 8|
bad coloring on level 2  |5, 12, 3, 8|
bad coloring on level 2  |5, 14, 3, 8|
bad coloring on level 2  |5, 15, 3, 8|
bad coloring on level 2  |8, 10, 3, 8|
bad coloring on level 2  |10, 12, 3, 8|
bad coloring on level 2  |10, 15, 3, 8|
bad coloring on level 2  |12, 15, 3, 8|
bad coloring on level 2  |0, 11, 3, 10|
bad coloring on level 2  |0, 15, 3, 10|
bad coloring on level 2  |1, 8, 3, 10|
bad coloring on level 2  |1, 11, 3, 10|
bad coloring on level 2  |3, 15, 3, 10|
bad coloring on level 2  |5, 11, 3, 10|
bad coloring on level 2  |5, 15, 3, 10|
bad coloring on level 2  |7, 11, 3, 10|
bad coloring on level 2  |8, 10, 3, 10|
bad coloring on level 2  |8, 11, 3, 10|
bad coloring on level 2  |8, 12, 3, 10|
bad coloring on level 2  |8, 15, 3, 10|
bad coloring on level 2  |10, 15, 3, 10|
bad coloring on level 2  |11, 11, 3, 10|
bad coloring on level 2  |11, 12, 3, 10|
bad coloring on level 2  |11, 15, 3, 10|
bad coloring on level 2  |12, 15, 3, 10|
bad coloring on level 2  |15, 15, 3, 10|
bad coloring on level 2  |0, 15, 3, 12|
bad coloring on level 2  |3, 15, 3, 12|
bad coloring on level 2  |5, 11, 3, 12|
bad coloring on level 2  |5, 15, 3, 12|
bad coloring on level 2  |8, 10, 3, 12|
bad coloring on level 2  |8, 15, 3, 12|
bad coloring on level 2  |10, 15, 3, 12|
bad coloring on level 2  |11, 15, 3, 12|
bad coloring on level 2  |12, 15, 3, 12|
bad coloring on level 2  |15, 15, 3, 12|
bad coloring on level 2  |0, 15, 3, 14|
bad coloring on level 2  |3, 15, 3, 14|
bad coloring on level 2  |5, 11, 3, 14|
bad coloring on level 2  |5, 15, 3, 14|
bad coloring on level 2  |8, 10, 3, 14|
bad coloring on level 2  |8, 15, 3, 14|
bad coloring on level 2  |10, 15, 3, 14|
bad coloring on level 2  |11, 15, 3, 14|
bad coloring on level 2  |12, 15, 3, 14|
bad coloring on level 2  |15, 15, 3, 14|
bad coloring on level 2  |0, 5, 3, 15|
bad coloring on level 2  |0, 12, 3, 15|
bad coloring on level 2  |0, 14, 3, 15|
bad coloring on level 2  |1, 1, 3, 15|
bad coloring on level 2  |1, 5, 3, 15|
bad coloring on level 2  |1, 7, 3, 15|
bad coloring on level 2  |1, 8, 3, 15|
bad coloring on level 2  |1, 10, 3, 15|
bad coloring on level 2  |1, 11, 3, 15|
bad coloring on level 2  |1, 12, 3, 15|
bad coloring on level 2  |1, 14, 3, 15|
bad coloring on level 2  |3, 10, 3, 15|
bad coloring on level 2  |3, 12, 3, 15|
bad coloring on level 2  |3, 14, 3, 15|
bad coloring on level 2  |5, 5, 3, 15|
bad coloring on level 2  |5, 10, 3, 15|
bad coloring on level 2  |5, 11, 3, 15|
bad coloring on level 2  |5, 12, 3, 15|
bad coloring on level 2  |5, 14, 3, 15|
bad coloring on level 2  |5, 15, 3, 15|
bad coloring on level 2  |7, 12, 3, 15|
bad coloring on level 2  |7, 14, 3, 15|
bad coloring on level 2  |8, 10, 3, 15|
bad coloring on level 2  |8, 12, 3, 15|
bad coloring on level 2  |10, 10, 3, 15|
bad coloring on level 2  |10, 12, 3, 15|
bad coloring on level 2  |10, 14, 3, 15|
bad coloring on level 2  |10, 15, 3, 15|
bad coloring on level 2  |11, 12, 3, 15|
bad coloring on level 2  |12, 12, 3, 15|
bad coloring on level 2  |12, 14, 3, 15|
bad coloring on level 2  |12, 15, 3, 15|
bad coloring on level 2  |14, 14, 3, 15|
bad coloring on level 2  |3, 8, 5, 5|
bad coloring on level 2  |3, 15, 5, 5|
bad coloring on level 2  |8, 10, 5, 5|
bad coloring on level 2  |10, 15, 5, 5|
bad coloring on level 2  |0, 11, 5, 10|
bad coloring on level 2  |0, 15, 5, 10|
bad coloring on level 2  |3, 8, 5, 10|
bad coloring on level 2  |3, 15, 5, 10|
bad coloring on level 2  |5, 15, 5, 10|
bad coloring on level 2  |8, 10, 5, 10|
bad coloring on level 2  |8, 15, 5, 10|
bad coloring on level 2  |10, 15, 5, 10|
bad coloring on level 2  |11, 15, 5, 10|
bad coloring on level 2  |12, 15, 5, 10|
bad coloring on level 2  |15, 15, 5, 10|
bad coloring on level 2  |0, 3, 5, 11|
bad coloring on level 2  |3, 3, 5, 11|
bad coloring on level 2  |3, 7, 5, 11|
bad coloring on level 2  |3, 8, 5, 11|
bad coloring on level 2  |3, 10, 5, 11|
bad coloring on level 2  |3, 12, 5, 11|
bad coloring on level 2  |3, 14, 5, 11|
bad coloring on level 2  |3, 15, 5, 11|
bad coloring on level 2  |8, 10, 5, 11|
bad coloring on level 2  |10, 15, 5, 11|
bad coloring on level 2  |3, 8, 5, 12|
bad coloring on level 2  |3, 15, 5, 12|
bad coloring on level 2  |8, 10, 5, 12|
bad coloring on level 2  |10, 15, 5, 12|
bad coloring on level 2  |0, 15, 5, 14|
bad coloring on level 2  |3, 8, 5, 14|
bad coloring on level 2  |3, 15, 5, 14|
bad coloring on level 2  |5, 15, 5, 14|
bad coloring on level 2  |8, 10, 5, 14|
bad coloring on level 2  |8, 15, 5, 14|
bad coloring on level 2  |10, 15, 5, 14|
bad coloring on level 2  |11, 15, 5, 14|
bad coloring on level 2  |12, 15, 5, 14|
bad coloring on level 2  |15, 15, 5, 14|
bad coloring on level 2  |0, 3, 5, 15|
bad coloring on level 2  |0, 14, 5, 15|
bad coloring on level 2  |1, 10, 5, 15|
bad coloring on level 2  |1, 14, 5, 15|
bad coloring on level 2  |3, 3, 5, 15|
bad coloring on level 2  |3, 7, 5, 15|
bad coloring on level 2  |3, 8, 5, 15|
bad coloring on level 2  |3, 10, 5, 15|
bad coloring on level 2  |3, 12, 5, 15|
bad coloring on level 2  |3, 14, 5, 15|
bad coloring on level 2  |3, 15, 5, 15|
bad coloring on level 2  |5, 10, 5, 15|
bad coloring on level 2  |5, 14, 5, 15|
bad coloring on level 2  |7, 14, 5, 15|
bad coloring on level 2  |8, 10, 5, 15|
bad coloring on level 2  |10, 10, 5, 15|
bad coloring on level 2  |10, 12, 5, 15|
bad coloring on level 2  |10, 14, 5, 15|
bad coloring on level 2  |10, 15, 5, 15|
bad coloring on level 2  |12, 14, 5, 15|
bad coloring on level 2  |14, 14, 5, 15|
bad coloring on level 2  |8, 10, 7, 7|
bad coloring on level 2  |10, 15, 7, 7|
bad coloring on level 2  |8, 10, 7, 8|
bad coloring on level 2  |10, 15, 7, 8|
bad coloring on level 2  |3, 10, 7, 11|
bad coloring on level 2  |8, 10, 7, 11|
bad coloring on level 2  |10, 15, 7, 11|
bad coloring on level 2  |3, 15, 7, 12|
bad coloring on level 2  |8, 10, 7, 12|
bad coloring on level 2  |10, 15, 7, 12|
bad coloring on level 2  |0, 15, 7, 14|
bad coloring on level 2  |3, 15, 7, 14|
bad coloring on level 2  |5, 15, 7, 14|
bad coloring on level 2  |8, 10, 7, 14|
bad coloring on level 2  |8, 15, 7, 14|
bad coloring on level 2  |10, 15, 7, 14|
bad coloring on level 2  |11, 15, 7, 14|
bad coloring on level 2  |12, 15, 7, 14|
bad coloring on level 2  |15, 15, 7, 14|
bad coloring on level 2  |8, 10, 8, 8|
bad coloring on level 2  |10, 15, 8, 8|
bad coloring on level 2  |0, 0, 8, 10|
bad coloring on level 2  |0, 3, 8, 10|
bad coloring on level 2  |0, 5, 8, 10|
bad coloring on level 2  |0, 7, 8, 10|
bad coloring on level 2  |0, 11, 8, 10|
bad coloring on level 2  |0, 12, 8, 10|
bad coloring on level 2  |0, 14, 8, 10|
bad coloring on level 2  |0, 15, 8, 10|
bad coloring on level 2  |1, 1, 8, 10|
bad coloring on level 2  |1, 5, 8, 10|
bad coloring on level 2  |1, 7, 8, 10|
bad coloring on level 2  |1, 8, 8, 10|
bad coloring on level 2  |1, 10, 8, 10|
bad coloring on level 2  |1, 11, 8, 10|
bad coloring on level 2  |1, 12, 8, 10|
bad coloring on level 2  |1, 14, 8, 10|
bad coloring on level 2  |3, 3, 8, 10|
bad coloring on level 2  |3, 7, 8, 10|
bad coloring on level 2  |3, 8, 8, 10|
bad coloring on level 2  |3, 10, 8, 10|
bad coloring on level 2  |3, 12, 8, 10|
bad coloring on level 2  |3, 14, 8, 10|
bad coloring on level 2  |3, 15, 8, 10|
bad coloring on level 2  |5, 5, 8, 10|
bad coloring on level 2  |5, 10, 8, 10|
bad coloring on level 2  |5, 11, 8, 10|
bad coloring on level 2  |5, 12, 8, 10|
bad coloring on level 2  |5, 14, 8, 10|
bad coloring on level 2  |5, 15, 8, 10|
bad coloring on level 2  |7, 7, 8, 10|
bad coloring on level 2  |7, 8, 8, 10|
bad coloring on level 2  |7, 11, 8, 10|
bad coloring on level 2  |7, 12, 8, 10|
bad coloring on level 2  |7, 14, 8, 10|
bad coloring on level 2  |8, 8, 8, 10|
bad coloring on level 2  |8, 10, 8, 10|
bad coloring on level 2  |8, 11, 8, 10|
bad coloring on level 2  |8, 12, 8, 10|
bad coloring on level 2  |8, 15, 8, 10|
bad coloring on level 2  |10, 10, 8, 10|
bad coloring on level 2  |10, 12, 8, 10|
bad coloring on level 2  |10, 14, 8, 10|
bad coloring on level 2  |10, 15, 8, 10|
bad coloring on level 2  |11, 11, 8, 10|
bad coloring on level 2  |11, 12, 8, 10|
bad coloring on level 2  |11, 15, 8, 10|
bad coloring on level 2  |12, 12, 8, 10|
bad coloring on level 2  |12, 14, 8, 10|
bad coloring on level 2  |12, 15, 8, 10|
bad coloring on level 2  |14, 14, 8, 10|
bad coloring on level 2  |15, 15, 8, 10|
bad coloring on level 2  |3, 10, 8, 11|
bad coloring on level 2  |8, 10, 8, 11|
bad coloring on level 2  |10, 15, 8, 11|
bad coloring on level 2  |3, 10, 8, 12|
bad coloring on level 2  |3, 15, 8, 12|
bad coloring on level 2  |8, 10, 8, 12|
bad coloring on level 2  |10, 15, 8, 12|
bad coloring on level 2  |0, 14, 8, 15|
bad coloring on level 2  |1, 10, 8, 15|
bad coloring on level 2  |1, 14, 8, 15|
bad coloring on level 2  |3, 10, 8, 15|
bad coloring on level 2  |3, 12, 8, 15|
bad coloring on level 2  |3, 14, 8, 15|
bad coloring on level 2  |5, 10, 8, 15|
bad coloring on level 2  |5, 14, 8, 15|
bad coloring on level 2  |7, 14, 8, 15|
bad coloring on level 2  |8, 10, 8, 15|
bad coloring on level 2  |10, 10, 8, 15|
bad coloring on level 2  |10, 12, 8, 15|
bad coloring on level 2  |10, 14, 8, 15|
bad coloring on level 2  |10, 15, 8, 15|
bad coloring on level 2  |12, 14, 8, 15|
bad coloring on level 2  |14, 14, 8, 15|
bad coloring on level 2  |0, 11, 10, 10|
bad coloring on level 2  |0, 15, 10, 10|
bad coloring on level 2  |3, 15, 10, 10|
bad coloring on level 2  |5, 15, 10, 10|
bad coloring on level 2  |8, 10, 10, 10|
bad coloring on level 2  |8, 15, 10, 10|
bad coloring on level 2  |10, 15, 10, 10|
bad coloring on level 2  |11, 15, 10, 10|
bad coloring on level 2  |12, 15, 10, 10|
bad coloring on level 2  |15, 15, 10, 10|
bad coloring on level 2  |0, 11, 10, 12|
bad coloring on level 2  |0, 15, 10, 12|
bad coloring on level 2  |3, 8, 10, 12|
bad coloring on level 2  |3, 15, 10, 12|
bad coloring on level 2  |5, 15, 10, 12|
bad coloring on level 2  |8, 10, 10, 12|
bad coloring on level 2  |8, 15, 10, 12|
bad coloring on level 2  |10, 15, 10, 12|
bad coloring on level 2  |11, 15, 10, 12|
bad coloring on level 2  |12, 15, 10, 12|
bad coloring on level 2  |15, 15, 10, 12|
bad coloring on level 2  |0, 11, 10, 14|
bad coloring on level 2  |0, 15, 10, 14|
bad coloring on level 2  |3, 15, 10, 14|
bad coloring on level 2  |5, 15, 10, 14|
bad coloring on level 2  |8, 10, 10, 14|
bad coloring on level 2  |8, 15, 10, 14|
bad coloring on level 2  |10, 15, 10, 14|
bad coloring on level 2  |11, 15, 10, 14|
bad coloring on level 2  |12, 15, 10, 14|
bad coloring on level 2  |15, 15, 10, 14|
bad coloring on level 2  |0, 0, 10, 15|
bad coloring on level 2  |0, 3, 10, 15|
bad coloring on level 2  |0, 5, 10, 15|
bad coloring on level 2  |0, 7, 10, 15|
bad coloring on level 2  |0, 11, 10, 15|
bad coloring on level 2  |0, 12, 10, 15|
bad coloring on level 2  |0, 14, 10, 15|
bad coloring on level 2  |0, 15, 10, 15|
bad coloring on level 2  |1, 1, 10, 15|
bad coloring on level 2  |1, 5, 10, 15|
bad coloring on level 2  |1, 7, 10, 15|
bad coloring on level 2  |1, 8, 10, 15|
bad coloring on level 2  |1, 10, 10, 15|
bad coloring on level 2  |1, 11, 10, 15|
bad coloring on level 2  |1, 12, 10, 15|
bad coloring on level 2  |1, 14, 10, 15|
bad coloring on level 2  |3, 3, 10, 15|
bad coloring on level 2  |3, 7, 10, 15|
bad coloring on level 2  |3, 8, 10, 15|
bad coloring on level 2  |3, 10, 10, 15|
bad coloring on level 2  |3, 12, 10, 15|
bad coloring on level 2  |3, 14, 10, 15|
bad coloring on level 2  |3, 15, 10, 15|
bad coloring on level 2  |5, 5, 10, 15|
bad coloring on level 2  |5, 10, 10, 15|
bad coloring on level 2  |5, 11, 10, 15|
bad coloring on level 2  |5, 12, 10, 15|
bad coloring on level 2  |5, 14, 10, 15|
bad coloring on level 2  |5, 15, 10, 15|
bad coloring on level 2  |7, 7, 10, 15|
bad coloring on level 2  |7, 8, 10, 15|
bad coloring on level 2  |7, 11, 10, 15|
bad coloring on level 2  |7, 12, 10, 15|
bad coloring on level 2  |7, 14, 10, 15|
bad coloring on level 2  |8, 8, 10, 15|
bad coloring on level 2  |8, 10, 10, 15|
bad coloring on level 2  |8, 11, 10, 15|
bad coloring on level 2  |8, 12, 10, 15|
bad coloring on level 2  |8, 15, 10, 15|
bad coloring on level 2  |10, 10, 10, 15|
bad coloring on level 2  |10, 12, 10, 15|
bad coloring on level 2  |10, 14, 10, 15|
bad coloring on level 2  |10, 15, 10, 15|
bad coloring on level 2  |11, 11, 10, 15|
bad coloring on level 2  |11, 12, 10, 15|
bad coloring on level 2  |11, 15, 10, 15|
bad coloring on level 2  |12, 12, 10, 15|
bad coloring on level 2  |12, 14, 10, 15|
bad coloring on level 2  |12, 15, 10, 15|
bad coloring on level 2  |14, 14, 10, 15|
bad coloring on level 2  |15, 15, 10, 15|
bad coloring on level 2  |3, 10, 11, 11|
bad coloring on level 2  |8, 10, 11, 11|
bad coloring on level 2  |10, 15, 11, 11|
bad coloring on level 2  |3, 10, 11, 12|
bad coloring on level 2  |3, 15, 11, 12|
bad coloring on level 2  |8, 10, 11, 12|
bad coloring on level 2  |10, 15, 11, 12|
bad coloring on level 2  |0, 14, 11, 15|
bad coloring on level 2  |1, 10, 11, 15|
bad coloring on level 2  |1, 14, 11, 15|
bad coloring on level 2  |3, 10, 11, 15|
bad coloring on level 2  |3, 12, 11, 15|
bad coloring on level 2  |3, 14, 11, 15|
bad coloring on level 2  |5, 10, 11, 15|
bad coloring on level 2  |5, 14, 11, 15|
bad coloring on level 2  |7, 14, 11, 15|
bad coloring on level 2  |8, 10, 11, 15|
bad coloring on level 2  |10, 10, 11, 15|
bad coloring on level 2  |10, 12, 11, 15|
bad coloring on level 2  |10, 14, 11, 15|
bad coloring on level 2  |10, 15, 11, 15|
bad coloring on level 2  |12, 14, 11, 15|
bad coloring on level 2  |14, 14, 11, 15|
bad coloring on level 2  |3, 15, 12, 12|
bad coloring on level 2  |8, 10, 12, 12|
bad coloring on level 2  |10, 15, 12, 12|
bad coloring on level 2  |0, 15, 12, 14|
bad coloring on level 2  |3, 15, 12, 14|
bad coloring on level 2  |5, 15, 12, 14|
bad coloring on level 2  |8, 10, 12, 14|
bad coloring on level 2  |8, 15, 12, 14|
bad coloring on level 2  |10, 15, 12, 14|
bad coloring on level 2  |11, 15, 12, 14|
bad coloring on level 2  |12, 15, 12, 14|
bad coloring on level 2  |15, 15, 12, 14|
bad coloring on level 2  |0, 3, 12, 15|
bad coloring on level 2  |0, 14, 12, 15|
bad coloring on level 2  |1, 10, 12, 15|
bad coloring on level 2  |1, 14, 12, 15|
bad coloring on level 2  |3, 3, 12, 15|
bad coloring on level 2  |3, 7, 12, 15|
bad coloring on level 2  |3, 8, 12, 15|
bad coloring on level 2  |3, 10, 12, 15|
bad coloring on level 2  |3, 12, 12, 15|
bad coloring on level 2  |3, 14, 12, 15|
bad coloring on level 2  |3, 15, 12, 15|
bad coloring on level 2  |5, 10, 12, 15|
bad coloring on level 2  |5, 14, 12, 15|
bad coloring on level 2  |7, 14, 12, 15|
bad coloring on level 2  |8, 10, 12, 15|
bad coloring on level 2  |10, 10, 12, 15|
bad coloring on level 2  |10, 12, 12, 15|
bad coloring on level 2  |10, 14, 12, 15|
bad coloring on level 2  |10, 15, 12, 15|
bad coloring on level 2  |12, 14, 12, 15|
bad coloring on level 2  |14, 14, 12, 15|
bad coloring on level 2  |0, 15, 14, 14|
bad coloring on level 2  |3, 15, 14, 14|
bad coloring on level 2  |5, 15, 14, 14|
bad coloring on level 2  |8, 10, 14, 14|
bad coloring on level 2  |8, 15, 14, 14|
bad coloring on level 2  |10, 15, 14, 14|
bad coloring on level 2  |11, 15, 14, 14|
bad coloring on level 2  |12, 15, 14, 14|
bad coloring on level 2  |15, 15, 14, 14|
bad coloring on level 2  |0, 14, 15, 15|
bad coloring on level 2  |1, 10, 15, 15|
bad coloring on level 2  |1, 14, 15, 15|
bad coloring on level 2  |3, 10, 15, 15|
bad coloring on level 2  |3, 12, 15, 15|
bad coloring on level 2  |3, 14, 15, 15|
bad coloring on level 2  |5, 10, 15, 15|
bad coloring on level 2  |5, 14, 15, 15|
bad coloring on level 2  |7, 14, 15, 15|
bad coloring on level 2  |8, 10, 15, 15|
bad coloring on level 2  |10, 10, 15, 15|
bad coloring on level 2  |10, 12, 15, 15|
bad coloring on level 2  |10, 14, 15, 15|
bad coloring on level 2  |10, 15, 15, 15|
bad coloring on level 2  |12, 14, 15, 15|
bad coloring on level 2  |14, 14, 15, 15|

502 bad colorings on level 2
