Trying substitutions to: 8
with goodVertices 1, 2, 3, 4, 7, 11, 12, 13, 14
bad color to improve: 0  2  with index 2
bad color to improve: 0  14  with index 14
bad color to improve: 2  14  with index 43
3 bad colorings on level 1
bad coloring on level 2  |3, 12, 1, 6|
bad coloring on level 2  |3, 15, 1, 6|
bad coloring on level 2  |10, 15, 1, 6|
bad coloring on level 2  |4, 11, 1, 10|
bad coloring on level 2  |4, 15, 1, 10|
bad coloring on level 2  |6, 15, 1, 10|
bad coloring on level 2  |3, 15, 1, 13|
bad coloring on level 2  |4, 15, 1, 13|
bad coloring on level 2  |6, 15, 1, 13|
bad coloring on level 2  |8, 15, 1, 13|
bad coloring on level 2  |10, 15, 1, 13|
bad coloring on level 2  |11, 15, 1, 13|
bad coloring on level 2  |12, 15, 1, 13|
bad coloring on level 2  |15, 15, 1, 13|
bad coloring on level 2  |4, 11, 3, 10|
bad coloring on level 2  |6, 8, 3, 10|
bad coloring on level 2  |6, 11, 3, 10|
bad coloring on level 2  |6, 15, 3, 10|
bad coloring on level 2  |1, 6, 3, 12|
bad coloring on level 2  |4, 6, 3, 12|
bad coloring on level 2  |6, 6, 3, 12|
bad coloring on level 2  |6, 8, 3, 12|
bad coloring on level 2  |6, 10, 3, 12|
bad coloring on level 2  |6, 11, 3, 12|
bad coloring on level 2  |6, 13, 3, 12|
bad coloring on level 2  |6, 15, 3, 12|
bad coloring on level 2  |1, 6, 3, 15|
bad coloring on level 2  |1, 13, 3, 15|
bad coloring on level 2  |6, 10, 3, 15|
bad coloring on level 2  |3, 12, 4, 6|
bad coloring on level 2  |8, 10, 4, 6|
bad coloring on level 2  |10, 12, 4, 6|
bad coloring on level 2  |10, 15, 4, 6|
bad coloring on level 2  |1, 10, 4, 11|
bad coloring on level 2  |3, 10, 4, 11|
bad coloring on level 2  |6, 10, 4, 11|
bad coloring on level 2  |8, 10, 4, 11|
bad coloring on level 2  |10, 10, 4, 11|
bad coloring on level 2  |10, 12, 4, 11|
bad coloring on level 2  |10, 13, 4, 11|
bad coloring on level 2  |10, 15, 4, 11|
bad coloring on level 2  |1, 10, 4, 15|
bad coloring on level 2  |1, 13, 4, 15|
bad coloring on level 2  |6, 10, 4, 15|
bad coloring on level 2  |3, 12, 6, 6|
bad coloring on level 2  |8, 10, 6, 6|
bad coloring on level 2  |10, 15, 6, 6|
bad coloring on level 2  |3, 10, 6, 8|
bad coloring on level 2  |3, 12, 6, 8|
bad coloring on level 2  |6, 10, 6, 8|
bad coloring on level 2  |8, 10, 6, 8|
bad coloring on level 2  |10, 10, 6, 8|
bad coloring on level 2  |10, 12, 6, 8|
bad coloring on level 2  |10, 15, 6, 8|
bad coloring on level 2  |3, 12, 6, 10|
bad coloring on level 2  |3, 15, 6, 10|
bad coloring on level 2  |4, 11, 6, 10|
bad coloring on level 2  |4, 15, 6, 10|
bad coloring on level 2  |6, 8, 6, 10|
bad coloring on level 2  |6, 15, 6, 10|
bad coloring on level 2  |8, 10, 6, 10|
bad coloring on level 2  |8, 15, 6, 10|
bad coloring on level 2  |10, 15, 6, 10|
bad coloring on level 2  |11, 15, 6, 10|
bad coloring on level 2  |12, 15, 6, 10|
bad coloring on level 2  |15, 15, 6, 10|
bad coloring on level 2  |3, 10, 6, 11|
bad coloring on level 2  |3, 12, 6, 11|
bad coloring on level 2  |8, 10, 6, 11|
bad coloring on level 2  |10, 15, 6, 11|
bad coloring on level 2  |3, 12, 6, 13|
bad coloring on level 2  |10, 15, 6, 13|
bad coloring on level 2  |12, 15, 6, 13|
bad coloring on level 2  |1, 10, 6, 15|
bad coloring on level 2  |1, 13, 6, 15|
bad coloring on level 2  |3, 10, 6, 15|
bad coloring on level 2  |3, 12, 6, 15|
bad coloring on level 2  |6, 10, 6, 15|
bad coloring on level 2  |8, 10, 6, 15|
bad coloring on level 2  |10, 10, 6, 15|
bad coloring on level 2  |10, 12, 6, 15|
bad coloring on level 2  |10, 13, 6, 15|
bad coloring on level 2  |10, 15, 6, 15|
bad coloring on level 2  |4, 6, 8, 10|
bad coloring on level 2  |4, 11, 8, 10|
bad coloring on level 2  |6, 6, 8, 10|
bad coloring on level 2  |6, 8, 8, 10|
bad coloring on level 2  |6, 10, 8, 10|
bad coloring on level 2  |6, 11, 8, 10|
bad coloring on level 2  |6, 15, 8, 10|
bad coloring on level 2  |1, 13, 8, 15|
bad coloring on level 2  |6, 10, 8, 15|
bad coloring on level 2  |4, 11, 10, 10|
bad coloring on level 2  |6, 8, 10, 10|
bad coloring on level 2  |6, 15, 10, 10|
bad coloring on level 2  |4, 6, 10, 12|
bad coloring on level 2  |4, 11, 10, 12|
bad coloring on level 2  |6, 8, 10, 12|
bad coloring on level 2  |6, 15, 10, 12|
bad coloring on level 2  |4, 11, 10, 13|
bad coloring on level 2  |6, 15, 10, 13|
bad coloring on level 2  |11, 15, 10, 13|
bad coloring on level 2  |1, 6, 10, 15|
bad coloring on level 2  |1, 13, 10, 15|
bad coloring on level 2  |4, 6, 10, 15|
bad coloring on level 2  |4, 11, 10, 15|
bad coloring on level 2  |6, 6, 10, 15|
bad coloring on level 2  |6, 8, 10, 15|
bad coloring on level 2  |6, 10, 10, 15|
bad coloring on level 2  |6, 11, 10, 15|
bad coloring on level 2  |6, 13, 10, 15|
bad coloring on level 2  |6, 15, 10, 15|
bad coloring on level 2  |1, 13, 11, 15|
bad coloring on level 2  |6, 10, 11, 15|
bad coloring on level 2  |10, 13, 11, 15|
bad coloring on level 2  |1, 13, 12, 15|
bad coloring on level 2  |6, 10, 12, 15|
bad coloring on level 2  |6, 13, 12, 15|
bad coloring on level 2  |1, 13, 15, 15|
bad coloring on level 2  |6, 10, 15, 15|

120 bad colorings on level 2
