Trying substitutions to: 13
with goodVertices 1, 2, 4, 5, 6, 7, 9, 11, 14
bad color to improve: 0  5  with index 5
bad color to improve: 0  11  with index 11
bad color to improve: 5  11  with index 76
3 bad colorings on level 1
bad coloring on level 2  |3, 3, 1, 6|
bad coloring on level 2  |3, 4, 1, 6|
bad coloring on level 2  |3, 7, 1, 6|
bad coloring on level 2  |3, 8, 1, 6|
bad coloring on level 2  |3, 9, 1, 6|
bad coloring on level 2  |3, 10, 1, 6|
bad coloring on level 2  |3, 13, 1, 6|
bad coloring on level 2  |3, 14, 1, 6|
bad coloring on level 2  |3, 9, 1, 8|
bad coloring on level 2  |3, 10, 1, 8|
bad coloring on level 2  |9, 14, 1, 8|
bad coloring on level 2  |3, 4, 1, 10|
bad coloring on level 2  |3, 8, 1, 10|
bad coloring on level 2  |4, 7, 1, 10|
bad coloring on level 2  |1, 6, 3, 3|
bad coloring on level 2  |8, 10, 3, 3|
bad coloring on level 2  |1, 6, 3, 4|
bad coloring on level 2  |1, 10, 3, 4|
bad coloring on level 2  |8, 10, 3, 4|
bad coloring on level 2  |1, 6, 3, 7|
bad coloring on level 2  |6, 10, 3, 7|
bad coloring on level 2  |8, 10, 3, 7|
bad coloring on level 2  |1, 6, 3, 8|
bad coloring on level 2  |1, 10, 3, 8|
bad coloring on level 2  |3, 10, 3, 8|
bad coloring on level 2  |6, 10, 3, 8|
bad coloring on level 2  |8, 10, 3, 8|
bad coloring on level 2  |9, 10, 3, 8|
bad coloring on level 2  |9, 14, 3, 8|
bad coloring on level 2  |10, 10, 3, 8|
bad coloring on level 2  |10, 13, 3, 8|
bad coloring on level 2  |10, 14, 3, 8|
bad coloring on level 2  |1, 6, 3, 9|
bad coloring on level 2  |1, 8, 3, 9|
bad coloring on level 2  |8, 10, 3, 9|
bad coloring on level 2  |1, 6, 3, 10|
bad coloring on level 2  |1, 8, 3, 10|
bad coloring on level 2  |3, 8, 3, 10|
bad coloring on level 2  |4, 7, 3, 10|
bad coloring on level 2  |4, 8, 3, 10|
bad coloring on level 2  |6, 8, 3, 10|
bad coloring on level 2  |7, 8, 3, 10|
bad coloring on level 2  |8, 8, 3, 10|
bad coloring on level 2  |8, 10, 3, 10|
bad coloring on level 2  |8, 13, 3, 10|
bad coloring on level 2  |1, 6, 3, 13|
bad coloring on level 2  |8, 10, 3, 13|
bad coloring on level 2  |1, 6, 3, 14|
bad coloring on level 2  |6, 8, 3, 14|
bad coloring on level 2  |8, 10, 3, 14|
bad coloring on level 2  |1, 10, 4, 7|
bad coloring on level 2  |3, 10, 4, 7|
bad coloring on level 2  |6, 10, 4, 7|
bad coloring on level 2  |8, 10, 4, 7|
bad coloring on level 2  |9, 10, 4, 7|
bad coloring on level 2  |10, 10, 4, 7|
bad coloring on level 2  |10, 13, 4, 7|
bad coloring on level 2  |10, 14, 4, 7|
bad coloring on level 2  |3, 10, 4, 8|
bad coloring on level 2  |9, 14, 4, 8|
bad coloring on level 2  |10, 13, 4, 8|
bad coloring on level 2  |10, 14, 4, 8|
bad coloring on level 2  |3, 10, 6, 8|
bad coloring on level 2  |3, 14, 6, 8|
bad coloring on level 2  |9, 14, 6, 8|
bad coloring on level 2  |3, 7, 6, 10|
bad coloring on level 2  |3, 8, 6, 10|
bad coloring on level 2  |4, 7, 6, 10|
bad coloring on level 2  |3, 10, 7, 8|
bad coloring on level 2  |9, 10, 7, 8|
bad coloring on level 2  |9, 14, 7, 8|
bad coloring on level 2  |10, 13, 7, 8|
bad coloring on level 2  |3, 10, 8, 8|
bad coloring on level 2  |9, 14, 8, 8|
bad coloring on level 2  |10, 13, 8, 8|
bad coloring on level 2  |3, 3, 8, 10|
bad coloring on level 2  |3, 4, 8, 10|
bad coloring on level 2  |3, 7, 8, 10|
bad coloring on level 2  |3, 8, 8, 10|
bad coloring on level 2  |3, 9, 8, 10|
bad coloring on level 2  |3, 10, 8, 10|
bad coloring on level 2  |3, 13, 8, 10|
bad coloring on level 2  |3, 14, 8, 10|
bad coloring on level 2  |4, 7, 8, 10|
bad coloring on level 2  |8, 13, 8, 10|
bad coloring on level 2  |9, 14, 8, 10|
bad coloring on level 2  |10, 13, 8, 10|
bad coloring on level 2  |3, 10, 8, 13|
bad coloring on level 2  |8, 10, 8, 13|
bad coloring on level 2  |9, 10, 8, 13|
bad coloring on level 2  |9, 14, 8, 13|
bad coloring on level 2  |10, 10, 8, 13|
bad coloring on level 2  |10, 13, 8, 13|
bad coloring on level 2  |10, 14, 8, 13|
bad coloring on level 2  |3, 8, 9, 10|
bad coloring on level 2  |4, 7, 9, 10|
bad coloring on level 2  |7, 8, 9, 10|
bad coloring on level 2  |8, 13, 9, 10|
bad coloring on level 2  |1, 8, 9, 14|
bad coloring on level 2  |3, 8, 9, 14|
bad coloring on level 2  |4, 8, 9, 14|
bad coloring on level 2  |6, 8, 9, 14|
bad coloring on level 2  |7, 8, 9, 14|
bad coloring on level 2  |8, 8, 9, 14|
bad coloring on level 2  |8, 10, 9, 14|
bad coloring on level 2  |8, 13, 9, 14|
bad coloring on level 2  |3, 8, 10, 10|
bad coloring on level 2  |4, 7, 10, 10|
bad coloring on level 2  |8, 13, 10, 10|
bad coloring on level 2  |3, 8, 10, 13|
bad coloring on level 2  |4, 7, 10, 13|
bad coloring on level 2  |4, 8, 10, 13|
bad coloring on level 2  |7, 8, 10, 13|
bad coloring on level 2  |8, 8, 10, 13|
bad coloring on level 2  |8, 10, 10, 13|
bad coloring on level 2  |8, 13, 10, 13|
bad coloring on level 2  |3, 8, 10, 14|
bad coloring on level 2  |4, 7, 10, 14|
bad coloring on level 2  |4, 8, 10, 14|
bad coloring on level 2  |8, 13, 10, 14|

120 bad colorings on level 2
