Trying substitutions to: 11
with goodVertices 1, 2, 3, 4, 7, 8, 12, 13, 14
bad color to improve: 3  13  with index 55
bad color to improve: 3  14  with index 56
bad color to improve: 10  13  with index 118
bad color to improve: 13  14  with index 131
4 bad colorings on level 1
bad coloring on level 2  |5, 15, 0, 2|
bad coloring on level 2  |12, 15, 0, 2|
bad coloring on level 2  |5, 12, 0, 4|
bad coloring on level 2  |5, 15, 0, 4|
bad coloring on level 2  |4, 8, 0, 5|
bad coloring on level 2  |4, 15, 0, 5|
bad coloring on level 2  |6, 8, 0, 5|
bad coloring on level 2  |6, 15, 0, 5|
bad coloring on level 2  |1, 6, 0, 12|
bad coloring on level 2  |2, 6, 0, 12|
bad coloring on level 2  |4, 6, 0, 12|
bad coloring on level 2  |5, 6, 0, 12|
bad coloring on level 2  |6, 6, 0, 12|
bad coloring on level 2  |6, 8, 0, 12|
bad coloring on level 2  |6, 11, 0, 12|
bad coloring on level 2  |6, 15, 0, 12|
bad coloring on level 2  |1, 2, 0, 15|
bad coloring on level 2  |1, 6, 0, 15|
bad coloring on level 2  |2, 5, 0, 15|
bad coloring on level 2  |5, 6, 0, 15|
bad coloring on level 2  |0, 15, 1, 2|
bad coloring on level 2  |4, 15, 1, 2|
bad coloring on level 2  |5, 15, 1, 2|
bad coloring on level 2  |6, 8, 1, 2|
bad coloring on level 2  |6, 15, 1, 2|
bad coloring on level 2  |8, 15, 1, 2|
bad coloring on level 2  |11, 15, 1, 2|
bad coloring on level 2  |12, 15, 1, 2|
bad coloring on level 2  |15, 15, 1, 2|
bad coloring on level 2  |4, 8, 1, 5|
bad coloring on level 2  |4, 15, 1, 5|
bad coloring on level 2  |6, 8, 1, 5|
bad coloring on level 2  |6, 15, 1, 5|
bad coloring on level 2  |0, 12, 1, 6|
bad coloring on level 2  |0, 15, 1, 6|
bad coloring on level 2  |4, 8, 1, 6|
bad coloring on level 2  |4, 15, 1, 6|
bad coloring on level 2  |5, 15, 1, 6|
bad coloring on level 2  |6, 8, 1, 6|
bad coloring on level 2  |6, 15, 1, 6|
bad coloring on level 2  |8, 15, 1, 6|
bad coloring on level 2  |11, 15, 1, 6|
bad coloring on level 2  |12, 15, 1, 6|
bad coloring on level 2  |15, 15, 1, 6|
bad coloring on level 2  |5, 15, 2, 2|
bad coloring on level 2  |12, 15, 2, 2|
bad coloring on level 2  |5, 12, 2, 4|
bad coloring on level 2  |5, 15, 2, 4|
bad coloring on level 2  |12, 15, 2, 4|
bad coloring on level 2  |0, 15, 2, 5|
bad coloring on level 2  |4, 8, 2, 5|
bad coloring on level 2  |4, 15, 2, 5|
bad coloring on level 2  |5, 15, 2, 5|
bad coloring on level 2  |6, 8, 2, 5|
bad coloring on level 2  |6, 15, 2, 5|
bad coloring on level 2  |8, 15, 2, 5|
bad coloring on level 2  |11, 15, 2, 5|
bad coloring on level 2  |12, 15, 2, 5|
bad coloring on level 2  |15, 15, 2, 5|
bad coloring on level 2  |0, 12, 2, 6|
bad coloring on level 2  |5, 15, 2, 6|
bad coloring on level 2  |12, 15, 2, 6|
bad coloring on level 2  |5, 15, 2, 7|
bad coloring on level 2  |12, 15, 2, 7|
bad coloring on level 2  |5, 15, 2, 11|
bad coloring on level 2  |12, 15, 2, 11|
bad coloring on level 2  |5, 12, 4, 4|
bad coloring on level 2  |5, 15, 4, 4|
bad coloring on level 2  |0, 12, 4, 6|
bad coloring on level 2  |5, 12, 4, 6|
bad coloring on level 2  |5, 15, 4, 6|
bad coloring on level 2  |5, 12, 4, 7|
bad coloring on level 2  |5, 15, 4, 7|
bad coloring on level 2  |0, 5, 4, 8|
bad coloring on level 2  |1, 5, 4, 8|
bad coloring on level 2  |1, 6, 4, 8|
bad coloring on level 2  |2, 5, 4, 8|
bad coloring on level 2  |5, 5, 4, 8|
bad coloring on level 2  |5, 6, 4, 8|
bad coloring on level 2  |5, 11, 4, 8|
bad coloring on level 2  |5, 12, 4, 8|
bad coloring on level 2  |5, 15, 4, 8|
bad coloring on level 2  |5, 12, 4, 11|
bad coloring on level 2  |5, 15, 4, 11|
bad coloring on level 2  |0, 5, 4, 15|
bad coloring on level 2  |1, 2, 4, 15|
bad coloring on level 2  |1, 5, 4, 15|
bad coloring on level 2  |1, 6, 4, 15|
bad coloring on level 2  |2, 5, 4, 15|
bad coloring on level 2  |5, 5, 4, 15|
bad coloring on level 2  |5, 6, 4, 15|
bad coloring on level 2  |5, 11, 4, 15|
bad coloring on level 2  |5, 12, 4, 15|
bad coloring on level 2  |5, 15, 4, 15|
bad coloring on level 2  |4, 8, 5, 5|
bad coloring on level 2  |4, 15, 5, 5|
bad coloring on level 2  |6, 8, 5, 5|
bad coloring on level 2  |6, 15, 5, 5|
bad coloring on level 2  |0, 12, 5, 6|
bad coloring on level 2  |0, 15, 5, 6|
bad coloring on level 2  |4, 8, 5, 6|
bad coloring on level 2  |4, 15, 5, 6|
bad coloring on level 2  |5, 15, 5, 6|
bad coloring on level 2  |6, 8, 5, 6|
bad coloring on level 2  |6, 15, 5, 6|
bad coloring on level 2  |8, 15, 5, 6|
bad coloring on level 2  |11, 15, 5, 6|
bad coloring on level 2  |12, 15, 5, 6|
bad coloring on level 2  |15, 15, 5, 6|
bad coloring on level 2  |4, 8, 5, 11|
bad coloring on level 2  |4, 15, 5, 11|
bad coloring on level 2  |6, 8, 5, 11|
bad coloring on level 2  |6, 15, 5, 11|
bad coloring on level 2  |0, 4, 5, 12|
bad coloring on level 2  |2, 4, 5, 12|
bad coloring on level 2  |4, 4, 5, 12|
bad coloring on level 2  |4, 6, 5, 12|
bad coloring on level 2  |4, 7, 5, 12|
bad coloring on level 2  |4, 8, 5, 12|
bad coloring on level 2  |4, 11, 5, 12|
bad coloring on level 2  |4, 15, 5, 12|
bad coloring on level 2  |6, 8, 5, 12|
bad coloring on level 2  |6, 15, 5, 12|
bad coloring on level 2  |0, 2, 5, 15|
bad coloring on level 2  |0, 4, 5, 15|
bad coloring on level 2  |1, 2, 5, 15|
bad coloring on level 2  |1, 6, 5, 15|
bad coloring on level 2  |2, 2, 5, 15|
bad coloring on level 2  |2, 4, 5, 15|
bad coloring on level 2  |2, 5, 5, 15|
bad coloring on level 2  |2, 6, 5, 15|
bad coloring on level 2  |2, 7, 5, 15|
bad coloring on level 2  |2, 11, 5, 15|
bad coloring on level 2  |4, 4, 5, 15|
bad coloring on level 2  |4, 6, 5, 15|
bad coloring on level 2  |4, 7, 5, 15|
bad coloring on level 2  |4, 8, 5, 15|
bad coloring on level 2  |4, 11, 5, 15|
bad coloring on level 2  |4, 15, 5, 15|
bad coloring on level 2  |5, 6, 5, 15|
bad coloring on level 2  |6, 6, 5, 15|
bad coloring on level 2  |6, 8, 5, 15|
bad coloring on level 2  |6, 11, 5, 15|
bad coloring on level 2  |6, 15, 5, 15|
bad coloring on level 2  |0, 12, 6, 6|
bad coloring on level 2  |5, 15, 6, 6|
bad coloring on level 2  |0, 5, 6, 8|
bad coloring on level 2  |0, 12, 6, 8|
bad coloring on level 2  |1, 2, 6, 8|
bad coloring on level 2  |1, 5, 6, 8|
bad coloring on level 2  |1, 6, 6, 8|
bad coloring on level 2  |2, 5, 6, 8|
bad coloring on level 2  |5, 5, 6, 8|
bad coloring on level 2  |5, 6, 6, 8|
bad coloring on level 2  |5, 11, 6, 8|
bad coloring on level 2  |5, 12, 6, 8|
bad coloring on level 2  |5, 15, 6, 8|
bad coloring on level 2  |0, 12, 6, 11|
bad coloring on level 2  |5, 15, 6, 11|
bad coloring on level 2  |0, 5, 6, 15|
bad coloring on level 2  |0, 12, 6, 15|
bad coloring on level 2  |1, 2, 6, 15|
bad coloring on level 2  |1, 5, 6, 15|
bad coloring on level 2  |1, 6, 6, 15|
bad coloring on level 2  |2, 5, 6, 15|
bad coloring on level 2  |5, 5, 6, 15|
bad coloring on level 2  |5, 6, 6, 15|
bad coloring on level 2  |5, 11, 6, 15|
bad coloring on level 2  |5, 12, 6, 15|
bad coloring on level 2  |5, 15, 6, 15|
bad coloring on level 2  |1, 2, 8, 15|
bad coloring on level 2  |1, 6, 8, 15|
bad coloring on level 2  |2, 5, 8, 15|
bad coloring on level 2  |5, 6, 8, 15|
bad coloring on level 2  |1, 2, 11, 15|
bad coloring on level 2  |1, 6, 11, 15|
bad coloring on level 2  |2, 5, 11, 15|
bad coloring on level 2  |5, 6, 11, 15|
bad coloring on level 2  |0, 2, 12, 15|
bad coloring on level 2  |1, 2, 12, 15|
bad coloring on level 2  |1, 6, 12, 15|
bad coloring on level 2  |2, 2, 12, 15|
bad coloring on level 2  |2, 4, 12, 15|
bad coloring on level 2  |2, 5, 12, 15|
bad coloring on level 2  |2, 6, 12, 15|
bad coloring on level 2  |2, 7, 12, 15|
bad coloring on level 2  |2, 11, 12, 15|
bad coloring on level 2  |5, 6, 12, 15|
bad coloring on level 2  |1, 2, 15, 15|
bad coloring on level 2  |1, 6, 15, 15|
bad coloring on level 2  |2, 5, 15, 15|
bad coloring on level 2  |5, 6, 15, 15|

192 bad colorings on level 2
