Trying substitutions to: 5
with goodVertices 1, 2, 4, 7, 11, 13, 14
bad color to improve: 3  7  with index 49
bad color to improve: 4  7  with index 61
bad color to improve: 4  13  with index 67
bad color to improve: 7  7  with index 91
bad color to improve: 7  8  with index 92
bad color to improve: 7  13  with index 97
bad color to improve: 8  13  with index 105
7 bad colorings on level 1
bad coloring on level 2  |6, 10, 0, 0|
bad coloring on level 2  |10, 15, 0, 0|
bad coloring on level 2  |6, 10, 0, 2|
bad coloring on level 2  |10, 15, 0, 2|
bad coloring on level 2  |6, 10, 0, 5|
bad coloring on level 2  |9, 15, 0, 5|
bad coloring on level 2  |10, 15, 0, 5|
bad coloring on level 2  |5, 15, 0, 9|
bad coloring on level 2  |6, 10, 0, 9|
bad coloring on level 2  |10, 15, 0, 9|
bad coloring on level 2  |11, 12, 0, 9|
bad coloring on level 2  |12, 15, 0, 9|
bad coloring on level 2  |1, 10, 0, 11|
bad coloring on level 2  |5, 10, 0, 11|
bad coloring on level 2  |6, 10, 0, 11|
bad coloring on level 2  |9, 10, 0, 11|
bad coloring on level 2  |10, 10, 0, 11|
bad coloring on level 2  |10, 12, 0, 11|
bad coloring on level 2  |10, 14, 0, 11|
bad coloring on level 2  |10, 15, 0, 11|
bad coloring on level 2  |6, 9, 0, 12|
bad coloring on level 2  |6, 10, 0, 12|
bad coloring on level 2  |9, 15, 0, 12|
bad coloring on level 2  |10, 15, 0, 12|
bad coloring on level 2  |0, 15, 0, 14|
bad coloring on level 2  |5, 15, 0, 14|
bad coloring on level 2  |6, 10, 0, 14|
bad coloring on level 2  |6, 15, 0, 14|
bad coloring on level 2  |9, 15, 0, 14|
bad coloring on level 2  |10, 15, 0, 14|
bad coloring on level 2  |11, 15, 0, 14|
bad coloring on level 2  |12, 15, 0, 14|
bad coloring on level 2  |15, 15, 0, 14|
bad coloring on level 2  |0, 14, 0, 15|
bad coloring on level 2  |1, 10, 0, 15|
bad coloring on level 2  |1, 14, 0, 15|
bad coloring on level 2  |2, 14, 0, 15|
bad coloring on level 2  |5, 9, 0, 15|
bad coloring on level 2  |5, 10, 0, 15|
bad coloring on level 2  |5, 14, 0, 15|
bad coloring on level 2  |6, 10, 0, 15|
bad coloring on level 2  |9, 10, 0, 15|
bad coloring on level 2  |9, 14, 0, 15|
bad coloring on level 2  |10, 10, 0, 15|
bad coloring on level 2  |10, 12, 0, 15|
bad coloring on level 2  |10, 14, 0, 15|
bad coloring on level 2  |10, 15, 0, 15|
bad coloring on level 2  |12, 14, 0, 15|
bad coloring on level 2  |14, 14, 0, 15|
bad coloring on level 2  |6, 10, 1, 1|
bad coloring on level 2  |9, 15, 1, 1|
bad coloring on level 2  |10, 15, 1, 1|
bad coloring on level 2  |6, 10, 1, 2|
bad coloring on level 2  |9, 15, 1, 2|
bad coloring on level 2  |10, 15, 1, 2|
bad coloring on level 2  |6, 10, 1, 5|
bad coloring on level 2  |9, 15, 1, 5|
bad coloring on level 2  |10, 15, 1, 5|
bad coloring on level 2  |6, 10, 1, 6|
bad coloring on level 2  |9, 10, 1, 6|
bad coloring on level 2  |9, 15, 1, 6|
bad coloring on level 2  |10, 15, 1, 6|
bad coloring on level 2  |0, 11, 1, 10|
bad coloring on level 2  |0, 15, 1, 10|
bad coloring on level 2  |5, 15, 1, 10|
bad coloring on level 2  |6, 9, 1, 10|
bad coloring on level 2  |6, 10, 1, 10|
bad coloring on level 2  |6, 15, 1, 10|
bad coloring on level 2  |9, 15, 1, 10|
bad coloring on level 2  |10, 15, 1, 10|
bad coloring on level 2  |11, 15, 1, 10|
bad coloring on level 2  |12, 15, 1, 10|
bad coloring on level 2  |15, 15, 1, 10|
bad coloring on level 2  |6, 10, 1, 11|
bad coloring on level 2  |9, 10, 1, 11|
bad coloring on level 2  |9, 15, 1, 11|
bad coloring on level 2  |10, 15, 1, 11|
bad coloring on level 2  |6, 9, 1, 12|
bad coloring on level 2  |6, 10, 1, 12|
bad coloring on level 2  |9, 15, 1, 12|
bad coloring on level 2  |10, 15, 1, 12|
bad coloring on level 2  |0, 15, 1, 14|
bad coloring on level 2  |5, 15, 1, 14|
bad coloring on level 2  |6, 10, 1, 14|
bad coloring on level 2  |6, 15, 1, 14|
bad coloring on level 2  |9, 15, 1, 14|
bad coloring on level 2  |10, 15, 1, 14|
bad coloring on level 2  |11, 15, 1, 14|
bad coloring on level 2  |12, 15, 1, 14|
bad coloring on level 2  |15, 15, 1, 14|
bad coloring on level 2  |6, 10, 2, 2|
bad coloring on level 2  |10, 15, 2, 2|
bad coloring on level 2  |6, 10, 2, 5|
bad coloring on level 2  |9, 15, 2, 5|
bad coloring on level 2  |10, 15, 2, 5|
bad coloring on level 2  |6, 10, 2, 6|
bad coloring on level 2  |10, 15, 2, 6|
bad coloring on level 2  |5, 15, 2, 9|
bad coloring on level 2  |6, 10, 2, 9|
bad coloring on level 2  |10, 15, 2, 9|
bad coloring on level 2  |11, 12, 2, 9|
bad coloring on level 2  |12, 15, 2, 9|
bad coloring on level 2  |6, 10, 2, 11|
bad coloring on level 2  |9, 10, 2, 11|
bad coloring on level 2  |10, 15, 2, 11|
bad coloring on level 2  |0, 15, 2, 14|
bad coloring on level 2  |5, 15, 2, 14|
bad coloring on level 2  |6, 10, 2, 14|
bad coloring on level 2  |6, 15, 2, 14|
bad coloring on level 2  |9, 15, 2, 14|
bad coloring on level 2  |10, 15, 2, 14|
bad coloring on level 2  |11, 15, 2, 14|
bad coloring on level 2  |12, 15, 2, 14|
bad coloring on level 2  |15, 15, 2, 14|
bad coloring on level 2  |6, 10, 5, 5|
bad coloring on level 2  |9, 15, 5, 5|
bad coloring on level 2  |10, 15, 5, 5|
bad coloring on level 2  |6, 10, 5, 6|
bad coloring on level 2  |9, 10, 5, 6|
bad coloring on level 2  |9, 15, 5, 6|
bad coloring on level 2  |10, 15, 5, 6|
bad coloring on level 2  |0, 15, 5, 9|
bad coloring on level 2  |5, 15, 5, 9|
bad coloring on level 2  |6, 10, 5, 9|
bad coloring on level 2  |6, 15, 5, 9|
bad coloring on level 2  |9, 15, 5, 9|
bad coloring on level 2  |10, 15, 5, 9|
bad coloring on level 2  |11, 12, 5, 9|
bad coloring on level 2  |11, 15, 5, 9|
bad coloring on level 2  |12, 15, 5, 9|
bad coloring on level 2  |15, 15, 5, 9|
bad coloring on level 2  |0, 11, 5, 10|
bad coloring on level 2  |0, 15, 5, 10|
bad coloring on level 2  |5, 15, 5, 10|
bad coloring on level 2  |6, 9, 5, 10|
bad coloring on level 2  |6, 10, 5, 10|
bad coloring on level 2  |6, 15, 5, 10|
bad coloring on level 2  |9, 15, 5, 10|
bad coloring on level 2  |10, 15, 5, 10|
bad coloring on level 2  |11, 15, 5, 10|
bad coloring on level 2  |12, 15, 5, 10|
bad coloring on level 2  |15, 15, 5, 10|
bad coloring on level 2  |6, 10, 5, 11|
bad coloring on level 2  |9, 10, 5, 11|
bad coloring on level 2  |9, 15, 5, 11|
bad coloring on level 2  |10, 15, 5, 11|
bad coloring on level 2  |6, 9, 5, 12|
bad coloring on level 2  |6, 10, 5, 12|
bad coloring on level 2  |9, 15, 5, 12|
bad coloring on level 2  |10, 15, 5, 12|
bad coloring on level 2  |0, 15, 5, 14|
bad coloring on level 2  |5, 15, 5, 14|
bad coloring on level 2  |6, 10, 5, 14|
bad coloring on level 2  |6, 15, 5, 14|
bad coloring on level 2  |9, 15, 5, 14|
bad coloring on level 2  |10, 15, 5, 14|
bad coloring on level 2  |11, 15, 5, 14|
bad coloring on level 2  |12, 15, 5, 14|
bad coloring on level 2  |15, 15, 5, 14|
bad coloring on level 2  |0, 9, 5, 15|
bad coloring on level 2  |0, 14, 5, 15|
bad coloring on level 2  |1, 10, 5, 15|
bad coloring on level 2  |1, 14, 5, 15|
bad coloring on level 2  |2, 9, 5, 15|
bad coloring on level 2  |2, 14, 5, 15|
bad coloring on level 2  |5, 9, 5, 15|
bad coloring on level 2  |5, 10, 5, 15|
bad coloring on level 2  |5, 14, 5, 15|
bad coloring on level 2  |6, 9, 5, 15|
bad coloring on level 2  |6, 10, 5, 15|
bad coloring on level 2  |9, 9, 5, 15|
bad coloring on level 2  |9, 10, 5, 15|
bad coloring on level 2  |9, 14, 5, 15|
bad coloring on level 2  |9, 15, 5, 15|
bad coloring on level 2  |10, 10, 5, 15|
bad coloring on level 2  |10, 12, 5, 15|
bad coloring on level 2  |10, 14, 5, 15|
bad coloring on level 2  |10, 15, 5, 15|
bad coloring on level 2  |12, 14, 5, 15|
bad coloring on level 2  |14, 14, 5, 15|
bad coloring on level 2  |6, 10, 6, 6|
bad coloring on level 2  |10, 15, 6, 6|
bad coloring on level 2  |0, 12, 6, 9|
bad coloring on level 2  |1, 10, 6, 9|
bad coloring on level 2  |1, 12, 6, 9|
bad coloring on level 2  |5, 10, 6, 9|
bad coloring on level 2  |5, 12, 6, 9|
bad coloring on level 2  |5, 15, 6, 9|
bad coloring on level 2  |6, 10, 6, 9|
bad coloring on level 2  |10, 12, 6, 9|
bad coloring on level 2  |10, 15, 6, 9|
bad coloring on level 2  |11, 12, 6, 9|
bad coloring on level 2  |12, 12, 6, 9|
bad coloring on level 2  |12, 14, 6, 9|
bad coloring on level 2  |12, 15, 6, 9|
bad coloring on level 2  |0, 0, 6, 10|
bad coloring on level 2  |0, 2, 6, 10|
bad coloring on level 2  |0, 5, 6, 10|
bad coloring on level 2  |0, 9, 6, 10|
bad coloring on level 2  |0, 11, 6, 10|
bad coloring on level 2  |0, 12, 6, 10|
bad coloring on level 2  |0, 14, 6, 10|
bad coloring on level 2  |0, 15, 6, 10|
bad coloring on level 2  |1, 1, 6, 10|
bad coloring on level 2  |1, 2, 6, 10|
bad coloring on level 2  |1, 5, 6, 10|
bad coloring on level 2  |1, 6, 6, 10|
bad coloring on level 2  |1, 10, 6, 10|
bad coloring on level 2  |1, 11, 6, 10|
bad coloring on level 2  |1, 12, 6, 10|
bad coloring on level 2  |1, 14, 6, 10|
bad coloring on level 2  |2, 2, 6, 10|
bad coloring on level 2  |2, 5, 6, 10|
bad coloring on level 2  |2, 6, 6, 10|
bad coloring on level 2  |2, 9, 6, 10|
bad coloring on level 2  |2, 11, 6, 10|
bad coloring on level 2  |2, 14, 6, 10|
bad coloring on level 2  |5, 5, 6, 10|
bad coloring on level 2  |5, 6, 6, 10|
bad coloring on level 2  |5, 9, 6, 10|
bad coloring on level 2  |5, 10, 6, 10|
bad coloring on level 2  |5, 11, 6, 10|
bad coloring on level 2  |5, 12, 6, 10|
bad coloring on level 2  |5, 14, 6, 10|
bad coloring on level 2  |5, 15, 6, 10|
bad coloring on level 2  |6, 6, 6, 10|
bad coloring on level 2  |6, 9, 6, 10|
bad coloring on level 2  |6, 10, 6, 10|
bad coloring on level 2  |6, 11, 6, 10|
bad coloring on level 2  |6, 15, 6, 10|
bad coloring on level 2  |9, 9, 6, 10|
bad coloring on level 2  |9, 10, 6, 10|
bad coloring on level 2  |9, 14, 6, 10|
bad coloring on level 2  |9, 15, 6, 10|
bad coloring on level 2  |10, 10, 6, 10|
bad coloring on level 2  |10, 12, 6, 10|
bad coloring on level 2  |10, 14, 6, 10|
bad coloring on level 2  |10, 15, 6, 10|
bad coloring on level 2  |11, 11, 6, 10|
bad coloring on level 2  |11, 12, 6, 10|
bad coloring on level 2  |11, 15, 6, 10|
bad coloring on level 2  |12, 12, 6, 10|
bad coloring on level 2  |12, 14, 6, 10|
bad coloring on level 2  |12, 15, 6, 10|
bad coloring on level 2  |14, 14, 6, 10|
bad coloring on level 2  |15, 15, 6, 10|
bad coloring on level 2  |6, 10, 6, 11|
bad coloring on level 2  |9, 10, 6, 11|
bad coloring on level 2  |10, 15, 6, 11|
bad coloring on level 2  |0, 14, 6, 15|
bad coloring on level 2  |1, 10, 6, 15|
bad coloring on level 2  |1, 14, 6, 15|
bad coloring on level 2  |2, 14, 6, 15|
bad coloring on level 2  |5, 9, 6, 15|
bad coloring on level 2  |5, 10, 6, 15|
bad coloring on level 2  |5, 14, 6, 15|
bad coloring on level 2  |6, 10, 6, 15|
bad coloring on level 2  |9, 10, 6, 15|
bad coloring on level 2  |9, 14, 6, 15|
bad coloring on level 2  |10, 10, 6, 15|
bad coloring on level 2  |10, 12, 6, 15|
bad coloring on level 2  |10, 14, 6, 15|
bad coloring on level 2  |10, 15, 6, 15|
bad coloring on level 2  |12, 14, 6, 15|
bad coloring on level 2  |14, 14, 6, 15|
bad coloring on level 2  |5, 15, 9, 9|
bad coloring on level 2  |6, 10, 9, 9|
bad coloring on level 2  |10, 15, 9, 9|
bad coloring on level 2  |11, 12, 9, 9|
bad coloring on level 2  |12, 15, 9, 9|
bad coloring on level 2  |0, 11, 9, 10|
bad coloring on level 2  |0, 15, 9, 10|
bad coloring on level 2  |1, 6, 9, 10|
bad coloring on level 2  |1, 11, 9, 10|
bad coloring on level 2  |2, 11, 9, 10|
bad coloring on level 2  |5, 6, 9, 10|
bad coloring on level 2  |5, 11, 9, 10|
bad coloring on level 2  |5, 15, 9, 10|
bad coloring on level 2  |6, 10, 9, 10|
bad coloring on level 2  |6, 11, 9, 10|
bad coloring on level 2  |6, 15, 9, 10|
bad coloring on level 2  |9, 15, 9, 10|
bad coloring on level 2  |10, 15, 9, 10|
bad coloring on level 2  |11, 11, 9, 10|
bad coloring on level 2  |11, 12, 9, 10|
bad coloring on level 2  |11, 15, 9, 10|
bad coloring on level 2  |12, 15, 9, 10|
bad coloring on level 2  |15, 15, 9, 10|
bad coloring on level 2  |0, 15, 9, 14|
bad coloring on level 2  |5, 15, 9, 14|
bad coloring on level 2  |6, 10, 9, 14|
bad coloring on level 2  |6, 15, 9, 14|
bad coloring on level 2  |9, 15, 9, 14|
bad coloring on level 2  |10, 15, 9, 14|
bad coloring on level 2  |11, 12, 9, 14|
bad coloring on level 2  |11, 15, 9, 14|
bad coloring on level 2  |12, 15, 9, 14|
bad coloring on level 2  |15, 15, 9, 14|
bad coloring on level 2  |0, 5, 9, 15|
bad coloring on level 2  |0, 12, 9, 15|
bad coloring on level 2  |0, 14, 9, 15|
bad coloring on level 2  |1, 1, 9, 15|
bad coloring on level 2  |1, 2, 9, 15|
bad coloring on level 2  |1, 5, 9, 15|
bad coloring on level 2  |1, 6, 9, 15|
bad coloring on level 2  |1, 10, 9, 15|
bad coloring on level 2  |1, 11, 9, 15|
bad coloring on level 2  |1, 12, 9, 15|
bad coloring on level 2  |1, 14, 9, 15|
bad coloring on level 2  |2, 5, 9, 15|
bad coloring on level 2  |2, 14, 9, 15|
bad coloring on level 2  |5, 5, 9, 15|
bad coloring on level 2  |5, 6, 9, 15|
bad coloring on level 2  |5, 9, 9, 15|
bad coloring on level 2  |5, 10, 9, 15|
bad coloring on level 2  |5, 11, 9, 15|
bad coloring on level 2  |5, 12, 9, 15|
bad coloring on level 2  |5, 14, 9, 15|
bad coloring on level 2  |5, 15, 9, 15|
bad coloring on level 2  |6, 10, 9, 15|
bad coloring on level 2  |9, 10, 9, 15|
bad coloring on level 2  |9, 14, 9, 15|
bad coloring on level 2  |10, 10, 9, 15|
bad coloring on level 2  |10, 12, 9, 15|
bad coloring on level 2  |10, 14, 9, 15|
bad coloring on level 2  |10, 15, 9, 15|
bad coloring on level 2  |11, 12, 9, 15|
bad coloring on level 2  |12, 12, 9, 15|
bad coloring on level 2  |12, 14, 9, 15|
bad coloring on level 2  |12, 15, 9, 15|
bad coloring on level 2  |14, 14, 9, 15|
bad coloring on level 2  |0, 11, 10, 10|
bad coloring on level 2  |0, 15, 10, 10|
bad coloring on level 2  |5, 15, 10, 10|
bad coloring on level 2  |6, 10, 10, 10|
bad coloring on level 2  |6, 15, 10, 10|
bad coloring on level 2  |9, 15, 10, 10|
bad coloring on level 2  |10, 15, 10, 10|
bad coloring on level 2  |11, 15, 10, 10|
bad coloring on level 2  |12, 15, 10, 10|
bad coloring on level 2  |15, 15, 10, 10|
bad coloring on level 2  |0, 11, 10, 12|
bad coloring on level 2  |0, 15, 10, 12|
bad coloring on level 2  |5, 15, 10, 12|
bad coloring on level 2  |6, 9, 10, 12|
bad coloring on level 2  |6, 10, 10, 12|
bad coloring on level 2  |6, 15, 10, 12|
bad coloring on level 2  |9, 15, 10, 12|
bad coloring on level 2  |10, 15, 10, 12|
bad coloring on level 2  |11, 15, 10, 12|
bad coloring on level 2  |12, 15, 10, 12|
bad coloring on level 2  |15, 15, 10, 12|
bad coloring on level 2  |0, 11, 10, 14|
bad coloring on level 2  |0, 15, 10, 14|
bad coloring on level 2  |5, 15, 10, 14|
bad coloring on level 2  |6, 10, 10, 14|
bad coloring on level 2  |6, 15, 10, 14|
bad coloring on level 2  |9, 15, 10, 14|
bad coloring on level 2  |10, 15, 10, 14|
bad coloring on level 2  |11, 15, 10, 14|
bad coloring on level 2  |12, 15, 10, 14|
bad coloring on level 2  |15, 15, 10, 14|
bad coloring on level 2  |0, 0, 10, 15|
bad coloring on level 2  |0, 2, 10, 15|
bad coloring on level 2  |0, 5, 10, 15|
bad coloring on level 2  |0, 9, 10, 15|
bad coloring on level 2  |0, 11, 10, 15|
bad coloring on level 2  |0, 12, 10, 15|
bad coloring on level 2  |0, 14, 10, 15|
bad coloring on level 2  |0, 15, 10, 15|
bad coloring on level 2  |1, 1, 10, 15|
bad coloring on level 2  |1, 2, 10, 15|
bad coloring on level 2  |1, 5, 10, 15|
bad coloring on level 2  |1, 6, 10, 15|
bad coloring on level 2  |1, 10, 10, 15|
bad coloring on level 2  |1, 11, 10, 15|
bad coloring on level 2  |1, 12, 10, 15|
bad coloring on level 2  |1, 14, 10, 15|
bad coloring on level 2  |2, 2, 10, 15|
bad coloring on level 2  |2, 5, 10, 15|
bad coloring on level 2  |2, 6, 10, 15|
bad coloring on level 2  |2, 9, 10, 15|
bad coloring on level 2  |2, 11, 10, 15|
bad coloring on level 2  |2, 14, 10, 15|
bad coloring on level 2  |5, 5, 10, 15|
bad coloring on level 2  |5, 6, 10, 15|
bad coloring on level 2  |5, 9, 10, 15|
bad coloring on level 2  |5, 10, 10, 15|
bad coloring on level 2  |5, 11, 10, 15|
bad coloring on level 2  |5, 12, 10, 15|
bad coloring on level 2  |5, 14, 10, 15|
bad coloring on level 2  |5, 15, 10, 15|
bad coloring on level 2  |6, 6, 10, 15|
bad coloring on level 2  |6, 9, 10, 15|
bad coloring on level 2  |6, 10, 10, 15|
bad coloring on level 2  |6, 11, 10, 15|
bad coloring on level 2  |6, 15, 10, 15|
bad coloring on level 2  |9, 9, 10, 15|
bad coloring on level 2  |9, 10, 10, 15|
bad coloring on level 2  |9, 14, 10, 15|
bad coloring on level 2  |9, 15, 10, 15|
bad coloring on level 2  |10, 10, 10, 15|
bad coloring on level 2  |10, 12, 10, 15|
bad coloring on level 2  |10, 14, 10, 15|
bad coloring on level 2  |10, 15, 10, 15|
bad coloring on level 2  |11, 11, 10, 15|
bad coloring on level 2  |11, 12, 10, 15|
bad coloring on level 2  |11, 15, 10, 15|
bad coloring on level 2  |12, 12, 10, 15|
bad coloring on level 2  |12, 14, 10, 15|
bad coloring on level 2  |12, 15, 10, 15|
bad coloring on level 2  |14, 14, 10, 15|
bad coloring on level 2  |15, 15, 10, 15|
bad coloring on level 2  |6, 10, 11, 11|
bad coloring on level 2  |9, 10, 11, 11|
bad coloring on level 2  |10, 15, 11, 11|
bad coloring on level 2  |0, 9, 11, 12|
bad coloring on level 2  |2, 9, 11, 12|
bad coloring on level 2  |5, 9, 11, 12|
bad coloring on level 2  |6, 9, 11, 12|
bad coloring on level 2  |6, 10, 11, 12|
bad coloring on level 2  |9, 9, 11, 12|
bad coloring on level 2  |9, 10, 11, 12|
bad coloring on level 2  |9, 14, 11, 12|
bad coloring on level 2  |9, 15, 11, 12|
bad coloring on level 2  |10, 15, 11, 12|
bad coloring on level 2  |0, 14, 11, 15|
bad coloring on level 2  |1, 10, 11, 15|
bad coloring on level 2  |1, 14, 11, 15|
bad coloring on level 2  |2, 14, 11, 15|
bad coloring on level 2  |5, 9, 11, 15|
bad coloring on level 2  |5, 10, 11, 15|
bad coloring on level 2  |5, 14, 11, 15|
bad coloring on level 2  |6, 10, 11, 15|
bad coloring on level 2  |9, 10, 11, 15|
bad coloring on level 2  |9, 14, 11, 15|
bad coloring on level 2  |10, 10, 11, 15|
bad coloring on level 2  |10, 12, 11, 15|
bad coloring on level 2  |10, 14, 11, 15|
bad coloring on level 2  |10, 15, 11, 15|
bad coloring on level 2  |12, 14, 11, 15|
bad coloring on level 2  |14, 14, 11, 15|
bad coloring on level 2  |6, 9, 12, 12|
bad coloring on level 2  |6, 10, 12, 12|
bad coloring on level 2  |9, 15, 12, 12|
bad coloring on level 2  |10, 15, 12, 12|
bad coloring on level 2  |0, 15, 12, 14|
bad coloring on level 2  |5, 15, 12, 14|
bad coloring on level 2  |6, 9, 12, 14|
bad coloring on level 2  |6, 10, 12, 14|
bad coloring on level 2  |6, 15, 12, 14|
bad coloring on level 2  |9, 15, 12, 14|
bad coloring on level 2  |10, 15, 12, 14|
bad coloring on level 2  |11, 15, 12, 14|
bad coloring on level 2  |12, 15, 12, 14|
bad coloring on level 2  |15, 15, 12, 14|
bad coloring on level 2  |0, 9, 12, 15|
bad coloring on level 2  |0, 14, 12, 15|
bad coloring on level 2  |1, 10, 12, 15|
bad coloring on level 2  |1, 14, 12, 15|
bad coloring on level 2  |2, 9, 12, 15|
bad coloring on level 2  |2, 14, 12, 15|
bad coloring on level 2  |5, 9, 12, 15|
bad coloring on level 2  |5, 10, 12, 15|
bad coloring on level 2  |5, 14, 12, 15|
bad coloring on level 2  |6, 9, 12, 15|
bad coloring on level 2  |6, 10, 12, 15|
bad coloring on level 2  |9, 9, 12, 15|
bad coloring on level 2  |9, 10, 12, 15|
bad coloring on level 2  |9, 14, 12, 15|
bad coloring on level 2  |9, 15, 12, 15|
bad coloring on level 2  |10, 10, 12, 15|
bad coloring on level 2  |10, 12, 12, 15|
bad coloring on level 2  |10, 14, 12, 15|
bad coloring on level 2  |10, 15, 12, 15|
bad coloring on level 2  |12, 14, 12, 15|
bad coloring on level 2  |14, 14, 12, 15|
bad coloring on level 2  |0, 15, 14, 14|
bad coloring on level 2  |5, 15, 14, 14|
bad coloring on level 2  |6, 10, 14, 14|
bad coloring on level 2  |6, 15, 14, 14|
bad coloring on level 2  |9, 15, 14, 14|
bad coloring on level 2  |10, 15, 14, 14|
bad coloring on level 2  |11, 15, 14, 14|
bad coloring on level 2  |12, 15, 14, 14|
bad coloring on level 2  |15, 15, 14, 14|
bad coloring on level 2  |0, 14, 15, 15|
bad coloring on level 2  |1, 10, 15, 15|
bad coloring on level 2  |1, 14, 15, 15|
bad coloring on level 2  |2, 14, 15, 15|
bad coloring on level 2  |5, 9, 15, 15|
bad coloring on level 2  |5, 10, 15, 15|
bad coloring on level 2  |5, 14, 15, 15|
bad coloring on level 2  |6, 10, 15, 15|
bad coloring on level 2  |9, 10, 15, 15|
bad coloring on level 2  |9, 14, 15, 15|
bad coloring on level 2  |10, 10, 15, 15|
bad coloring on level 2  |10, 12, 15, 15|
bad coloring on level 2  |10, 14, 15, 15|
bad coloring on level 2  |10, 15, 15, 15|
bad coloring on level 2  |12, 14, 15, 15|
bad coloring on level 2  |14, 14, 15, 15|

502 bad colorings on level 2
