Trying substitutions to: 13
with goodVertices 1, 2, 4, 5, 6, 8, 9, 10, 11, 15
bad color to improve: 5  11  with index 76
bad color to improve: 5  15  with index 80
bad color to improve: 11  15  with index 125
3 bad colorings on level 1
bad coloring on level 2  |3, 3, 1, 2|
bad coloring on level 2  |3, 4, 1, 2|
bad coloring on level 2  |3, 7, 1, 2|
bad coloring on level 2  |3, 8, 1, 2|
bad coloring on level 2  |3, 9, 1, 2|
bad coloring on level 2  |3, 10, 1, 2|
bad coloring on level 2  |3, 13, 1, 2|
bad coloring on level 2  |3, 14, 1, 2|
bad coloring on level 2  |8, 13, 1, 2|
bad coloring on level 2  |10, 13, 1, 2|
bad coloring on level 2  |3, 9, 1, 7|
bad coloring on level 2  |3, 14, 1, 7|
bad coloring on level 2  |9, 10, 1, 7|
bad coloring on level 2  |10, 13, 1, 7|
bad coloring on level 2  |3, 3, 1, 13|
bad coloring on level 2  |3, 4, 1, 13|
bad coloring on level 2  |3, 7, 1, 13|
bad coloring on level 2  |3, 8, 1, 13|
bad coloring on level 2  |3, 9, 1, 13|
bad coloring on level 2  |3, 10, 1, 13|
bad coloring on level 2  |3, 13, 1, 13|
bad coloring on level 2  |3, 14, 1, 13|
bad coloring on level 2  |4, 8, 1, 13|
bad coloring on level 2  |8, 13, 1, 13|
bad coloring on level 2  |9, 10, 1, 13|
bad coloring on level 2  |10, 13, 1, 13|
bad coloring on level 2  |3, 4, 1, 14|
bad coloring on level 2  |3, 7, 1, 14|
bad coloring on level 2  |4, 8, 1, 14|
bad coloring on level 2  |8, 13, 1, 14|
bad coloring on level 2  |3, 10, 2, 7|
bad coloring on level 2  |3, 14, 2, 7|
bad coloring on level 2  |9, 10, 2, 7|
bad coloring on level 2  |10, 13, 2, 7|
bad coloring on level 2  |3, 7, 2, 14|
bad coloring on level 2  |3, 8, 2, 14|
bad coloring on level 2  |4, 8, 2, 14|
bad coloring on level 2  |8, 13, 2, 14|
bad coloring on level 2  |1, 2, 3, 3|
bad coloring on level 2  |1, 13, 3, 3|
bad coloring on level 2  |7, 14, 3, 3|
bad coloring on level 2  |1, 2, 3, 4|
bad coloring on level 2  |1, 13, 3, 4|
bad coloring on level 2  |1, 14, 3, 4|
bad coloring on level 2  |7, 14, 3, 4|
bad coloring on level 2  |1, 2, 3, 7|
bad coloring on level 2  |1, 13, 3, 7|
bad coloring on level 2  |1, 14, 3, 7|
bad coloring on level 2  |2, 14, 3, 7|
bad coloring on level 2  |3, 14, 3, 7|
bad coloring on level 2  |7, 14, 3, 7|
bad coloring on level 2  |9, 10, 3, 7|
bad coloring on level 2  |9, 14, 3, 7|
bad coloring on level 2  |10, 13, 3, 7|
bad coloring on level 2  |10, 14, 3, 7|
bad coloring on level 2  |13, 14, 3, 7|
bad coloring on level 2  |14, 14, 3, 7|
bad coloring on level 2  |1, 2, 3, 8|
bad coloring on level 2  |1, 13, 3, 8|
bad coloring on level 2  |2, 14, 3, 8|
bad coloring on level 2  |7, 14, 3, 8|
bad coloring on level 2  |1, 2, 3, 9|
bad coloring on level 2  |1, 7, 3, 9|
bad coloring on level 2  |1, 13, 3, 9|
bad coloring on level 2  |7, 14, 3, 9|
bad coloring on level 2  |1, 2, 3, 10|
bad coloring on level 2  |1, 13, 3, 10|
bad coloring on level 2  |2, 7, 3, 10|
bad coloring on level 2  |7, 14, 3, 10|
bad coloring on level 2  |1, 2, 3, 13|
bad coloring on level 2  |1, 13, 3, 13|
bad coloring on level 2  |7, 14, 3, 13|
bad coloring on level 2  |1, 2, 3, 14|
bad coloring on level 2  |1, 7, 3, 14|
bad coloring on level 2  |1, 13, 3, 14|
bad coloring on level 2  |2, 7, 3, 14|
bad coloring on level 2  |3, 7, 3, 14|
bad coloring on level 2  |4, 7, 3, 14|
bad coloring on level 2  |4, 8, 3, 14|
bad coloring on level 2  |7, 7, 3, 14|
bad coloring on level 2  |7, 8, 3, 14|
bad coloring on level 2  |7, 13, 3, 14|
bad coloring on level 2  |7, 14, 3, 14|
bad coloring on level 2  |8, 13, 3, 14|
bad coloring on level 2  |3, 14, 4, 7|
bad coloring on level 2  |9, 10, 4, 7|
bad coloring on level 2  |10, 13, 4, 7|
bad coloring on level 2  |10, 14, 4, 7|
bad coloring on level 2  |1, 13, 4, 8|
bad coloring on level 2  |1, 14, 4, 8|
bad coloring on level 2  |2, 14, 4, 8|
bad coloring on level 2  |3, 14, 4, 8|
bad coloring on level 2  |7, 14, 4, 8|
bad coloring on level 2  |9, 14, 4, 8|
bad coloring on level 2  |10, 13, 4, 8|
bad coloring on level 2  |10, 14, 4, 8|
bad coloring on level 2  |13, 14, 4, 8|
bad coloring on level 2  |14, 14, 4, 8|
bad coloring on level 2  |3, 14, 7, 7|
bad coloring on level 2  |9, 10, 7, 7|
bad coloring on level 2  |10, 13, 7, 7|
bad coloring on level 2  |3, 14, 7, 8|
bad coloring on level 2  |9, 10, 7, 8|
bad coloring on level 2  |9, 14, 7, 8|
bad coloring on level 2  |10, 13, 7, 8|
bad coloring on level 2  |3, 14, 7, 13|
bad coloring on level 2  |9, 10, 7, 13|
bad coloring on level 2  |10, 13, 7, 13|
bad coloring on level 2  |3, 3, 7, 14|
bad coloring on level 2  |3, 4, 7, 14|
bad coloring on level 2  |3, 7, 7, 14|
bad coloring on level 2  |3, 8, 7, 14|
bad coloring on level 2  |3, 9, 7, 14|
bad coloring on level 2  |3, 10, 7, 14|
bad coloring on level 2  |3, 13, 7, 14|
bad coloring on level 2  |3, 14, 7, 14|
bad coloring on level 2  |4, 8, 7, 14|
bad coloring on level 2  |8, 13, 7, 14|
bad coloring on level 2  |9, 10, 7, 14|
bad coloring on level 2  |10, 13, 7, 14|
bad coloring on level 2  |1, 2, 8, 13|
bad coloring on level 2  |1, 13, 8, 13|
bad coloring on level 2  |1, 14, 8, 13|
bad coloring on level 2  |2, 14, 8, 13|
bad coloring on level 2  |3, 14, 8, 13|
bad coloring on level 2  |7, 14, 8, 13|
bad coloring on level 2  |9, 10, 8, 13|
bad coloring on level 2  |9, 14, 8, 13|
bad coloring on level 2  |10, 13, 8, 13|
bad coloring on level 2  |10, 14, 8, 13|
bad coloring on level 2  |13, 14, 8, 13|
bad coloring on level 2  |14, 14, 8, 13|
bad coloring on level 2  |1, 7, 9, 10|
bad coloring on level 2  |1, 13, 9, 10|
bad coloring on level 2  |2, 7, 9, 10|
bad coloring on level 2  |3, 7, 9, 10|
bad coloring on level 2  |4, 7, 9, 10|
bad coloring on level 2  |7, 7, 9, 10|
bad coloring on level 2  |7, 8, 9, 10|
bad coloring on level 2  |7, 13, 9, 10|
bad coloring on level 2  |7, 14, 9, 10|
bad coloring on level 2  |8, 13, 9, 10|
bad coloring on level 2  |3, 7, 9, 14|
bad coloring on level 2  |4, 8, 9, 14|
bad coloring on level 2  |7, 8, 9, 14|
bad coloring on level 2  |8, 13, 9, 14|
bad coloring on level 2  |1, 2, 10, 13|
bad coloring on level 2  |1, 7, 10, 13|
bad coloring on level 2  |1, 13, 10, 13|
bad coloring on level 2  |2, 7, 10, 13|
bad coloring on level 2  |3, 7, 10, 13|
bad coloring on level 2  |4, 7, 10, 13|
bad coloring on level 2  |4, 8, 10, 13|
bad coloring on level 2  |7, 7, 10, 13|
bad coloring on level 2  |7, 8, 10, 13|
bad coloring on level 2  |7, 13, 10, 13|
bad coloring on level 2  |7, 14, 10, 13|
bad coloring on level 2  |8, 13, 10, 13|
bad coloring on level 2  |3, 7, 10, 14|
bad coloring on level 2  |4, 7, 10, 14|
bad coloring on level 2  |4, 8, 10, 14|
bad coloring on level 2  |8, 13, 10, 14|
bad coloring on level 2  |3, 7, 13, 14|
bad coloring on level 2  |4, 8, 13, 14|
bad coloring on level 2  |8, 13, 13, 14|
bad coloring on level 2  |3, 7, 14, 14|
bad coloring on level 2  |4, 8, 14, 14|
bad coloring on level 2  |8, 13, 14, 14|

168 bad colorings on level 2
