Trying substitutions to: 15
with goodVertices 1, 2, 5, 6, 7, 8, 11, 12
bad color to improve: 1  1  with index 16
bad color to improve: 1  2  with index 17
bad color to improve: 1  7  with index 22
bad color to improve: 1  13  with index 28
bad color to improve: 1  14  with index 29
bad color to improve: 2  7  with index 36
6 bad colorings on level 1
bad coloring on level 2  |3, 9, 0, 0|
bad coloring on level 2  |0, 9, 0, 3|
bad coloring on level 2  |3, 9, 0, 3|
bad coloring on level 2  |4, 6, 0, 3|
bad coloring on level 2  |4, 9, 0, 3|
bad coloring on level 2  |4, 15, 0, 3|
bad coloring on level 2  |5, 6, 0, 3|
bad coloring on level 2  |5, 9, 0, 3|
bad coloring on level 2  |6, 6, 0, 3|
bad coloring on level 2  |6, 8, 0, 3|
bad coloring on level 2  |6, 9, 0, 3|
bad coloring on level 2  |6, 10, 0, 3|
bad coloring on level 2  |6, 11, 0, 3|
bad coloring on level 2  |6, 15, 0, 3|
bad coloring on level 2  |9, 9, 0, 3|
bad coloring on level 2  |9, 10, 0, 3|
bad coloring on level 2  |9, 15, 0, 3|
bad coloring on level 2  |3, 9, 0, 4|
bad coloring on level 2  |3, 10, 0, 4|
bad coloring on level 2  |3, 15, 0, 4|
bad coloring on level 2  |5, 10, 0, 4|
bad coloring on level 2  |6, 10, 0, 4|
bad coloring on level 2  |8, 10, 0, 4|
bad coloring on level 2  |9, 10, 0, 4|
bad coloring on level 2  |9, 15, 0, 4|
bad coloring on level 2  |10, 10, 0, 4|
bad coloring on level 2  |10, 12, 0, 4|
bad coloring on level 2  |10, 15, 0, 4|
bad coloring on level 2  |3, 4, 0, 5|
bad coloring on level 2  |3, 9, 0, 5|
bad coloring on level 2  |0, 3, 0, 9|
bad coloring on level 2  |3, 3, 0, 9|
bad coloring on level 2  |3, 4, 0, 9|
bad coloring on level 2  |3, 8, 0, 9|
bad coloring on level 2  |3, 9, 0, 9|
bad coloring on level 2  |3, 10, 0, 9|
bad coloring on level 2  |3, 12, 0, 9|
bad coloring on level 2  |3, 15, 0, 9|
bad coloring on level 2  |4, 8, 0, 9|
bad coloring on level 2  |4, 15, 0, 9|
bad coloring on level 2  |6, 8, 0, 9|
bad coloring on level 2  |8, 8, 0, 9|
bad coloring on level 2  |8, 10, 0, 9|
bad coloring on level 2  |8, 11, 0, 9|
bad coloring on level 2  |8, 12, 0, 9|
bad coloring on level 2  |8, 15, 0, 9|
bad coloring on level 2  |3, 9, 0, 11|
bad coloring on level 2  |3, 9, 0, 12|
bad coloring on level 2  |4, 9, 0, 12|
bad coloring on level 2  |3, 4, 0, 15|
bad coloring on level 2  |3, 9, 0, 15|
bad coloring on level 2  |4, 9, 0, 15|
bad coloring on level 2  |0, 9, 3, 3|
bad coloring on level 2  |3, 9, 3, 3|
bad coloring on level 2  |4, 9, 3, 3|
bad coloring on level 2  |5, 6, 3, 3|
bad coloring on level 2  |5, 9, 3, 3|
bad coloring on level 2  |6, 9, 3, 3|
bad coloring on level 2  |6, 10, 3, 3|
bad coloring on level 2  |9, 9, 3, 3|
bad coloring on level 2  |9, 10, 3, 3|
bad coloring on level 2  |9, 15, 3, 3|
bad coloring on level 2  |0, 5, 3, 4|
bad coloring on level 2  |0, 9, 3, 4|
bad coloring on level 2  |0, 15, 3, 4|
bad coloring on level 2  |3, 9, 3, 4|
bad coloring on level 2  |4, 9, 3, 4|
bad coloring on level 2  |5, 5, 3, 4|
bad coloring on level 2  |5, 6, 3, 4|
bad coloring on level 2  |5, 9, 3, 4|
bad coloring on level 2  |5, 10, 3, 4|
bad coloring on level 2  |5, 11, 3, 4|
bad coloring on level 2  |5, 12, 3, 4|
bad coloring on level 2  |5, 15, 3, 4|
bad coloring on level 2  |6, 9, 3, 4|
bad coloring on level 2  |6, 10, 3, 4|
bad coloring on level 2  |9, 9, 3, 4|
bad coloring on level 2  |9, 10, 3, 4|
bad coloring on level 2  |9, 15, 3, 4|
bad coloring on level 2  |0, 9, 3, 8|
bad coloring on level 2  |3, 9, 3, 8|
bad coloring on level 2  |4, 9, 3, 8|
bad coloring on level 2  |5, 6, 3, 8|
bad coloring on level 2  |5, 9, 3, 8|
bad coloring on level 2  |6, 9, 3, 8|
bad coloring on level 2  |6, 10, 3, 8|
bad coloring on level 2  |9, 9, 3, 8|
bad coloring on level 2  |9, 10, 3, 8|
bad coloring on level 2  |9, 15, 3, 8|
bad coloring on level 2  |0, 0, 3, 9|
bad coloring on level 2  |0, 3, 3, 9|
bad coloring on level 2  |0, 4, 3, 9|
bad coloring on level 2  |0, 5, 3, 9|
bad coloring on level 2  |0, 9, 3, 9|
bad coloring on level 2  |0, 11, 3, 9|
bad coloring on level 2  |0, 12, 3, 9|
bad coloring on level 2  |0, 15, 3, 9|
bad coloring on level 2  |3, 3, 3, 9|
bad coloring on level 2  |3, 4, 3, 9|
bad coloring on level 2  |3, 8, 3, 9|
bad coloring on level 2  |3, 9, 3, 9|
bad coloring on level 2  |3, 10, 3, 9|
bad coloring on level 2  |3, 12, 3, 9|
bad coloring on level 2  |3, 15, 3, 9|
bad coloring on level 2  |4, 4, 3, 9|
bad coloring on level 2  |4, 6, 3, 9|
bad coloring on level 2  |4, 8, 3, 9|
bad coloring on level 2  |4, 9, 3, 9|
bad coloring on level 2  |4, 11, 3, 9|
bad coloring on level 2  |4, 15, 3, 9|
bad coloring on level 2  |5, 5, 3, 9|
bad coloring on level 2  |5, 6, 3, 9|
bad coloring on level 2  |5, 9, 3, 9|
bad coloring on level 2  |5, 10, 3, 9|
bad coloring on level 2  |5, 11, 3, 9|
bad coloring on level 2  |5, 12, 3, 9|
bad coloring on level 2  |5, 15, 3, 9|
bad coloring on level 2  |6, 6, 3, 9|
bad coloring on level 2  |6, 8, 3, 9|
bad coloring on level 2  |6, 9, 3, 9|
bad coloring on level 2  |6, 10, 3, 9|
bad coloring on level 2  |6, 11, 3, 9|
bad coloring on level 2  |6, 15, 3, 9|
bad coloring on level 2  |8, 8, 3, 9|
bad coloring on level 2  |8, 10, 3, 9|
bad coloring on level 2  |8, 11, 3, 9|
bad coloring on level 2  |8, 12, 3, 9|
bad coloring on level 2  |8, 15, 3, 9|
bad coloring on level 2  |9, 9, 3, 9|
bad coloring on level 2  |9, 10, 3, 9|
bad coloring on level 2  |9, 15, 3, 9|
bad coloring on level 2  |10, 10, 3, 9|
bad coloring on level 2  |10, 12, 3, 9|
bad coloring on level 2  |10, 15, 3, 9|
bad coloring on level 2  |11, 11, 3, 9|
bad coloring on level 2  |11, 12, 3, 9|
bad coloring on level 2  |11, 15, 3, 9|
bad coloring on level 2  |12, 12, 3, 9|
bad coloring on level 2  |12, 15, 3, 9|
bad coloring on level 2  |15, 15, 3, 9|
bad coloring on level 2  |0, 4, 3, 10|
bad coloring on level 2  |0, 9, 3, 10|
bad coloring on level 2  |3, 9, 3, 10|
bad coloring on level 2  |4, 9, 3, 10|
bad coloring on level 2  |5, 6, 3, 10|
bad coloring on level 2  |5, 9, 3, 10|
bad coloring on level 2  |6, 9, 3, 10|
bad coloring on level 2  |6, 10, 3, 10|
bad coloring on level 2  |9, 9, 3, 10|
bad coloring on level 2  |9, 10, 3, 10|
bad coloring on level 2  |9, 15, 3, 10|
bad coloring on level 2  |0, 9, 3, 12|
bad coloring on level 2  |3, 9, 3, 12|
bad coloring on level 2  |4, 9, 3, 12|
bad coloring on level 2  |5, 6, 3, 12|
bad coloring on level 2  |5, 9, 3, 12|
bad coloring on level 2  |6, 9, 3, 12|
bad coloring on level 2  |6, 10, 3, 12|
bad coloring on level 2  |9, 9, 3, 12|
bad coloring on level 2  |9, 10, 3, 12|
bad coloring on level 2  |9, 15, 3, 12|
bad coloring on level 2  |0, 4, 3, 15|
bad coloring on level 2  |0, 9, 3, 15|
bad coloring on level 2  |3, 9, 3, 15|
bad coloring on level 2  |4, 9, 3, 15|
bad coloring on level 2  |5, 6, 3, 15|
bad coloring on level 2  |5, 9, 3, 15|
bad coloring on level 2  |6, 9, 3, 15|
bad coloring on level 2  |6, 10, 3, 15|
bad coloring on level 2  |9, 9, 3, 15|
bad coloring on level 2  |9, 10, 3, 15|
bad coloring on level 2  |9, 15, 3, 15|
bad coloring on level 2  |3, 9, 4, 4|
bad coloring on level 2  |0, 3, 4, 6|
bad coloring on level 2  |3, 9, 4, 6|
bad coloring on level 2  |0, 9, 4, 8|
bad coloring on level 2  |3, 9, 4, 8|
bad coloring on level 2  |0, 3, 4, 9|
bad coloring on level 2  |0, 12, 4, 9|
bad coloring on level 2  |0, 15, 4, 9|
bad coloring on level 2  |3, 3, 4, 9|
bad coloring on level 2  |3, 4, 4, 9|
bad coloring on level 2  |3, 8, 4, 9|
bad coloring on level 2  |3, 9, 4, 9|
bad coloring on level 2  |3, 10, 4, 9|
bad coloring on level 2  |3, 12, 4, 9|
bad coloring on level 2  |3, 15, 4, 9|
bad coloring on level 2  |5, 12, 4, 9|
bad coloring on level 2  |8, 10, 4, 9|
bad coloring on level 2  |8, 12, 4, 9|
bad coloring on level 2  |10, 12, 4, 9|
bad coloring on level 2  |11, 12, 4, 9|
bad coloring on level 2  |12, 12, 4, 9|
bad coloring on level 2  |12, 15, 4, 9|
bad coloring on level 2  |3, 9, 4, 11|
bad coloring on level 2  |0, 3, 4, 15|
bad coloring on level 2  |0, 9, 4, 15|
bad coloring on level 2  |3, 9, 4, 15|
bad coloring on level 2  |3, 4, 5, 5|
bad coloring on level 2  |3, 9, 5, 5|
bad coloring on level 2  |0, 3, 5, 6|
bad coloring on level 2  |3, 3, 5, 6|
bad coloring on level 2  |3, 4, 5, 6|
bad coloring on level 2  |3, 8, 5, 6|
bad coloring on level 2  |3, 9, 5, 6|
bad coloring on level 2  |3, 10, 5, 6|
bad coloring on level 2  |3, 12, 5, 6|
bad coloring on level 2  |3, 15, 5, 6|
bad coloring on level 2  |8, 10, 5, 6|
bad coloring on level 2  |0, 3, 5, 9|
bad coloring on level 2  |3, 3, 5, 9|
bad coloring on level 2  |3, 4, 5, 9|
bad coloring on level 2  |3, 8, 5, 9|
bad coloring on level 2  |3, 9, 5, 9|
bad coloring on level 2  |3, 10, 5, 9|
bad coloring on level 2  |3, 12, 5, 9|
bad coloring on level 2  |3, 15, 5, 9|
bad coloring on level 2  |8, 10, 5, 9|
bad coloring on level 2  |8, 12, 5, 9|
bad coloring on level 2  |0, 4, 5, 10|
bad coloring on level 2  |3, 4, 5, 10|
bad coloring on level 2  |3, 9, 5, 10|
bad coloring on level 2  |3, 4, 5, 11|
bad coloring on level 2  |3, 9, 5, 11|
bad coloring on level 2  |3, 4, 5, 12|
bad coloring on level 2  |3, 9, 5, 12|
bad coloring on level 2  |4, 9, 5, 12|
bad coloring on level 2  |3, 4, 5, 15|
bad coloring on level 2  |3, 9, 5, 15|
bad coloring on level 2  |0, 3, 6, 6|
bad coloring on level 2  |3, 9, 6, 6|
bad coloring on level 2  |0, 3, 6, 8|
bad coloring on level 2  |0, 9, 6, 8|
bad coloring on level 2  |3, 9, 6, 8|
bad coloring on level 2  |0, 3, 6, 9|
bad coloring on level 2  |3, 3, 6, 9|
bad coloring on level 2  |3, 4, 6, 9|
bad coloring on level 2  |3, 8, 6, 9|
bad coloring on level 2  |3, 9, 6, 9|
bad coloring on level 2  |3, 10, 6, 9|
bad coloring on level 2  |3, 12, 6, 9|
bad coloring on level 2  |3, 15, 6, 9|
bad coloring on level 2  |8, 10, 6, 9|
bad coloring on level 2  |8, 12, 6, 9|
bad coloring on level 2  |0, 3, 6, 10|
bad coloring on level 2  |0, 4, 6, 10|
bad coloring on level 2  |3, 3, 6, 10|
bad coloring on level 2  |3, 4, 6, 10|
bad coloring on level 2  |3, 8, 6, 10|
bad coloring on level 2  |3, 9, 6, 10|
bad coloring on level 2  |3, 10, 6, 10|
bad coloring on level 2  |3, 12, 6, 10|
bad coloring on level 2  |3, 15, 6, 10|
bad coloring on level 2  |8, 10, 6, 10|
bad coloring on level 2  |8, 12, 6, 10|
bad coloring on level 2  |0, 3, 6, 11|
bad coloring on level 2  |3, 9, 6, 11|
bad coloring on level 2  |0, 3, 6, 15|
bad coloring on level 2  |3, 9, 6, 15|
bad coloring on level 2  |0, 9, 8, 8|
bad coloring on level 2  |3, 9, 8, 8|
bad coloring on level 2  |0, 4, 8, 10|
bad coloring on level 2  |0, 9, 8, 10|
bad coloring on level 2  |3, 9, 8, 10|
bad coloring on level 2  |4, 9, 8, 10|
bad coloring on level 2  |5, 6, 8, 10|
bad coloring on level 2  |5, 9, 8, 10|
bad coloring on level 2  |6, 9, 8, 10|
bad coloring on level 2  |6, 10, 8, 10|
bad coloring on level 2  |9, 9, 8, 10|
bad coloring on level 2  |9, 10, 8, 10|
bad coloring on level 2  |9, 15, 8, 10|
bad coloring on level 2  |0, 9, 8, 11|
bad coloring on level 2  |3, 9, 8, 11|
bad coloring on level 2  |0, 9, 8, 12|
bad coloring on level 2  |3, 9, 8, 12|
bad coloring on level 2  |4, 9, 8, 12|
bad coloring on level 2  |5, 9, 8, 12|
bad coloring on level 2  |6, 9, 8, 12|
bad coloring on level 2  |6, 10, 8, 12|
bad coloring on level 2  |9, 9, 8, 12|
bad coloring on level 2  |9, 10, 8, 12|
bad coloring on level 2  |9, 15, 8, 12|
bad coloring on level 2  |0, 9, 8, 15|
bad coloring on level 2  |3, 9, 8, 15|
bad coloring on level 2  |0, 3, 9, 9|
bad coloring on level 2  |3, 3, 9, 9|
bad coloring on level 2  |3, 4, 9, 9|
bad coloring on level 2  |3, 8, 9, 9|
bad coloring on level 2  |3, 9, 9, 9|
bad coloring on level 2  |3, 10, 9, 9|
bad coloring on level 2  |3, 12, 9, 9|
bad coloring on level 2  |3, 15, 9, 9|
bad coloring on level 2  |8, 10, 9, 9|
bad coloring on level 2  |8, 12, 9, 9|
bad coloring on level 2  |0, 3, 9, 10|
bad coloring on level 2  |0, 4, 9, 10|
bad coloring on level 2  |3, 3, 9, 10|
bad coloring on level 2  |3, 4, 9, 10|
bad coloring on level 2  |3, 8, 9, 10|
bad coloring on level 2  |3, 9, 9, 10|
bad coloring on level 2  |3, 10, 9, 10|
bad coloring on level 2  |3, 12, 9, 10|
bad coloring on level 2  |3, 15, 9, 10|
bad coloring on level 2  |8, 10, 9, 10|
bad coloring on level 2  |8, 12, 9, 10|
bad coloring on level 2  |0, 3, 9, 15|
bad coloring on level 2  |0, 4, 9, 15|
bad coloring on level 2  |3, 3, 9, 15|
bad coloring on level 2  |3, 4, 9, 15|
bad coloring on level 2  |3, 8, 9, 15|
bad coloring on level 2  |3, 9, 9, 15|
bad coloring on level 2  |3, 10, 9, 15|
bad coloring on level 2  |3, 12, 9, 15|
bad coloring on level 2  |3, 15, 9, 15|
bad coloring on level 2  |8, 10, 9, 15|
bad coloring on level 2  |8, 12, 9, 15|
bad coloring on level 2  |0, 4, 10, 10|
bad coloring on level 2  |3, 9, 10, 10|
bad coloring on level 2  |0, 4, 10, 12|
bad coloring on level 2  |3, 9, 10, 12|
bad coloring on level 2  |4, 9, 10, 12|
bad coloring on level 2  |0, 4, 10, 15|
bad coloring on level 2  |3, 9, 10, 15|
bad coloring on level 2  |3, 9, 11, 11|
bad coloring on level 2  |3, 9, 11, 12|
bad coloring on level 2  |4, 9, 11, 12|
bad coloring on level 2  |3, 9, 11, 15|
bad coloring on level 2  |3, 9, 12, 12|
bad coloring on level 2  |4, 9, 12, 12|
bad coloring on level 2  |3, 9, 12, 15|
bad coloring on level 2  |4, 9, 12, 15|
bad coloring on level 2  |3, 9, 15, 15|

333 bad colorings on level 2
