Trying substitutions to: 6
with goodVertices 1, 2, 5, 7, 9, 13, 14
bad color to improve: 0  7  with index 7
bad color to improve: 0  14  with index 14
bad color to improve: 3  14  with index 56
bad color to improve: 7  14  with index 98
bad color to improve: 12  14  with index 128
bad color to improve: 14  14  with index 133
6 bad colorings on level 1
bad coloring on level 2  |4, 15, 1, 1|
bad coloring on level 2  |6, 8, 1, 1|
bad coloring on level 2  |8, 15, 1, 1|
bad coloring on level 2  |4, 15, 1, 2|
bad coloring on level 2  |6, 8, 1, 2|
bad coloring on level 2  |8, 15, 1, 2|
bad coloring on level 2  |4, 8, 1, 5|
bad coloring on level 2  |4, 15, 1, 5|
bad coloring on level 2  |6, 8, 1, 5|
bad coloring on level 2  |8, 15, 1, 5|
bad coloring on level 2  |4, 8, 1, 6|
bad coloring on level 2  |4, 15, 1, 6|
bad coloring on level 2  |6, 8, 1, 6|
bad coloring on level 2  |8, 15, 1, 6|
bad coloring on level 2  |4, 15, 1, 8|
bad coloring on level 2  |5, 9, 1, 8|
bad coloring on level 2  |5, 15, 1, 8|
bad coloring on level 2  |6, 15, 1, 8|
bad coloring on level 2  |8, 15, 1, 8|
bad coloring on level 2  |9, 15, 1, 8|
bad coloring on level 2  |10, 15, 1, 8|
bad coloring on level 2  |11, 15, 1, 8|
bad coloring on level 2  |15, 15, 1, 8|
bad coloring on level 2  |4, 11, 1, 10|
bad coloring on level 2  |4, 15, 1, 10|
bad coloring on level 2  |8, 15, 1, 10|
bad coloring on level 2  |4, 15, 1, 11|
bad coloring on level 2  |6, 8, 1, 11|
bad coloring on level 2  |8, 15, 1, 11|
bad coloring on level 2  |4, 15, 1, 13|
bad coloring on level 2  |5, 15, 1, 13|
bad coloring on level 2  |6, 15, 1, 13|
bad coloring on level 2  |8, 15, 1, 13|
bad coloring on level 2  |9, 15, 1, 13|
bad coloring on level 2  |10, 15, 1, 13|
bad coloring on level 2  |11, 15, 1, 13|
bad coloring on level 2  |15, 15, 1, 13|
bad coloring on level 2  |6, 8, 2, 2|
bad coloring on level 2  |8, 15, 2, 2|
bad coloring on level 2  |6, 8, 2, 4|
bad coloring on level 2  |8, 15, 2, 4|
bad coloring on level 2  |11, 15, 2, 4|
bad coloring on level 2  |4, 8, 2, 5|
bad coloring on level 2  |6, 8, 2, 5|
bad coloring on level 2  |8, 15, 2, 5|
bad coloring on level 2  |6, 8, 2, 6|
bad coloring on level 2  |8, 15, 2, 6|
bad coloring on level 2  |6, 8, 2, 9|
bad coloring on level 2  |8, 11, 2, 9|
bad coloring on level 2  |8, 15, 2, 9|
bad coloring on level 2  |4, 15, 2, 11|
bad coloring on level 2  |6, 8, 2, 11|
bad coloring on level 2  |8, 15, 2, 11|
bad coloring on level 2  |6, 8, 2, 13|
bad coloring on level 2  |8, 15, 2, 13|
bad coloring on level 2  |11, 15, 2, 13|
bad coloring on level 2  |6, 8, 4, 4|
bad coloring on level 2  |8, 15, 4, 4|
bad coloring on level 2  |11, 15, 4, 4|
bad coloring on level 2  |6, 8, 4, 6|
bad coloring on level 2  |8, 11, 4, 6|
bad coloring on level 2  |8, 15, 4, 6|
bad coloring on level 2  |11, 15, 4, 6|
bad coloring on level 2  |1, 5, 4, 8|
bad coloring on level 2  |1, 6, 4, 8|
bad coloring on level 2  |2, 5, 4, 8|
bad coloring on level 2  |4, 15, 4, 8|
bad coloring on level 2  |5, 5, 4, 8|
bad coloring on level 2  |5, 6, 4, 8|
bad coloring on level 2  |5, 9, 4, 8|
bad coloring on level 2  |5, 10, 4, 8|
bad coloring on level 2  |5, 11, 4, 8|
bad coloring on level 2  |5, 15, 4, 8|
bad coloring on level 2  |6, 8, 4, 8|
bad coloring on level 2  |6, 10, 4, 8|
bad coloring on level 2  |6, 11, 4, 8|
bad coloring on level 2  |6, 15, 4, 8|
bad coloring on level 2  |8, 15, 4, 8|
bad coloring on level 2  |9, 15, 4, 8|
bad coloring on level 2  |10, 15, 4, 8|
bad coloring on level 2  |11, 15, 4, 8|
bad coloring on level 2  |15, 15, 4, 8|
bad coloring on level 2  |6, 8, 4, 9|
bad coloring on level 2  |8, 11, 4, 9|
bad coloring on level 2  |8, 15, 4, 9|
bad coloring on level 2  |11, 15, 4, 9|
bad coloring on level 2  |1, 10, 4, 11|
bad coloring on level 2  |4, 15, 4, 11|
bad coloring on level 2  |5, 10, 4, 11|
bad coloring on level 2  |5, 15, 4, 11|
bad coloring on level 2  |6, 8, 4, 11|
bad coloring on level 2  |6, 10, 4, 11|
bad coloring on level 2  |6, 15, 4, 11|
bad coloring on level 2  |8, 10, 4, 11|
bad coloring on level 2  |8, 15, 4, 11|
bad coloring on level 2  |9, 10, 4, 11|
bad coloring on level 2  |9, 15, 4, 11|
bad coloring on level 2  |10, 10, 4, 11|
bad coloring on level 2  |10, 13, 4, 11|
bad coloring on level 2  |10, 15, 4, 11|
bad coloring on level 2  |11, 15, 4, 11|
bad coloring on level 2  |15, 15, 4, 11|
bad coloring on level 2  |6, 8, 4, 13|
bad coloring on level 2  |8, 15, 4, 13|
bad coloring on level 2  |11, 15, 4, 13|
bad coloring on level 2  |1, 1, 4, 15|
bad coloring on level 2  |1, 2, 4, 15|
bad coloring on level 2  |1, 5, 4, 15|
bad coloring on level 2  |1, 6, 4, 15|
bad coloring on level 2  |1, 8, 4, 15|
bad coloring on level 2  |1, 10, 4, 15|
bad coloring on level 2  |1, 11, 4, 15|
bad coloring on level 2  |1, 13, 4, 15|
bad coloring on level 2  |2, 11, 4, 15|
bad coloring on level 2  |4, 8, 4, 15|
bad coloring on level 2  |4, 11, 4, 15|
bad coloring on level 2  |5, 11, 4, 15|
bad coloring on level 2  |6, 8, 4, 15|
bad coloring on level 2  |6, 11, 4, 15|
bad coloring on level 2  |8, 8, 4, 15|
bad coloring on level 2  |8, 10, 4, 15|
bad coloring on level 2  |8, 11, 4, 15|
bad coloring on level 2  |8, 13, 4, 15|
bad coloring on level 2  |8, 15, 4, 15|
bad coloring on level 2  |11, 11, 4, 15|
bad coloring on level 2  |11, 15, 4, 15|
bad coloring on level 2  |4, 8, 5, 5|
bad coloring on level 2  |6, 8, 5, 5|
bad coloring on level 2  |8, 15, 5, 5|
bad coloring on level 2  |4, 8, 5, 6|
bad coloring on level 2  |6, 8, 5, 6|
bad coloring on level 2  |8, 15, 5, 6|
bad coloring on level 2  |1, 8, 5, 9|
bad coloring on level 2  |4, 8, 5, 9|
bad coloring on level 2  |6, 8, 5, 9|
bad coloring on level 2  |8, 8, 5, 9|
bad coloring on level 2  |8, 10, 5, 9|
bad coloring on level 2  |8, 11, 5, 9|
bad coloring on level 2  |8, 13, 5, 9|
bad coloring on level 2  |8, 15, 5, 9|
bad coloring on level 2  |4, 8, 5, 10|
bad coloring on level 2  |4, 11, 5, 10|
bad coloring on level 2  |6, 8, 5, 10|
bad coloring on level 2  |8, 15, 5, 10|
bad coloring on level 2  |4, 8, 5, 11|
bad coloring on level 2  |4, 15, 5, 11|
bad coloring on level 2  |6, 8, 5, 11|
bad coloring on level 2  |8, 15, 5, 11|
bad coloring on level 2  |1, 8, 5, 15|
bad coloring on level 2  |1, 13, 5, 15|
bad coloring on level 2  |4, 8, 5, 15|
bad coloring on level 2  |4, 11, 5, 15|
bad coloring on level 2  |6, 8, 5, 15|
bad coloring on level 2  |8, 8, 5, 15|
bad coloring on level 2  |8, 10, 5, 15|
bad coloring on level 2  |8, 11, 5, 15|
bad coloring on level 2  |8, 13, 5, 15|
bad coloring on level 2  |8, 15, 5, 15|
bad coloring on level 2  |6, 8, 6, 6|
bad coloring on level 2  |8, 15, 6, 6|
bad coloring on level 2  |1, 1, 6, 8|
bad coloring on level 2  |1, 2, 6, 8|
bad coloring on level 2  |1, 5, 6, 8|
bad coloring on level 2  |1, 6, 6, 8|
bad coloring on level 2  |1, 11, 6, 8|
bad coloring on level 2  |2, 2, 6, 8|
bad coloring on level 2  |2, 4, 6, 8|
bad coloring on level 2  |2, 5, 6, 8|
bad coloring on level 2  |2, 6, 6, 8|
bad coloring on level 2  |2, 9, 6, 8|
bad coloring on level 2  |2, 11, 6, 8|
bad coloring on level 2  |2, 13, 6, 8|
bad coloring on level 2  |4, 4, 6, 8|
bad coloring on level 2  |4, 6, 6, 8|
bad coloring on level 2  |4, 8, 6, 8|
bad coloring on level 2  |4, 9, 6, 8|
bad coloring on level 2  |4, 11, 6, 8|
bad coloring on level 2  |4, 13, 6, 8|
bad coloring on level 2  |4, 15, 6, 8|
bad coloring on level 2  |5, 5, 6, 8|
bad coloring on level 2  |5, 6, 6, 8|
bad coloring on level 2  |5, 9, 6, 8|
bad coloring on level 2  |5, 10, 6, 8|
bad coloring on level 2  |5, 11, 6, 8|
bad coloring on level 2  |5, 15, 6, 8|
bad coloring on level 2  |6, 6, 6, 8|
bad coloring on level 2  |6, 8, 6, 8|
bad coloring on level 2  |6, 9, 6, 8|
bad coloring on level 2  |6, 10, 6, 8|
bad coloring on level 2  |6, 11, 6, 8|
bad coloring on level 2  |6, 13, 6, 8|
bad coloring on level 2  |6, 15, 6, 8|
bad coloring on level 2  |8, 8, 6, 8|
bad coloring on level 2  |8, 10, 6, 8|
bad coloring on level 2  |8, 11, 6, 8|
bad coloring on level 2  |8, 15, 6, 8|
bad coloring on level 2  |9, 9, 6, 8|
bad coloring on level 2  |9, 10, 6, 8|
bad coloring on level 2  |9, 13, 6, 8|
bad coloring on level 2  |9, 15, 6, 8|
bad coloring on level 2  |10, 10, 6, 8|
bad coloring on level 2  |10, 15, 6, 8|
bad coloring on level 2  |11, 11, 6, 8|
bad coloring on level 2  |11, 15, 6, 8|
bad coloring on level 2  |13, 13, 6, 8|
bad coloring on level 2  |15, 15, 6, 8|
bad coloring on level 2  |6, 8, 6, 9|
bad coloring on level 2  |8, 11, 6, 9|
bad coloring on level 2  |8, 15, 6, 9|
bad coloring on level 2  |4, 8, 6, 10|
bad coloring on level 2  |4, 11, 6, 10|
bad coloring on level 2  |6, 8, 6, 10|
bad coloring on level 2  |8, 8, 6, 10|
bad coloring on level 2  |8, 10, 6, 10|
bad coloring on level 2  |8, 11, 6, 10|
bad coloring on level 2  |8, 15, 6, 10|
bad coloring on level 2  |4, 8, 6, 11|
bad coloring on level 2  |4, 15, 6, 11|
bad coloring on level 2  |6, 8, 6, 11|
bad coloring on level 2  |8, 15, 6, 11|
bad coloring on level 2  |6, 8, 6, 13|
bad coloring on level 2  |8, 11, 6, 13|
bad coloring on level 2  |8, 15, 6, 13|
bad coloring on level 2  |11, 15, 6, 13|
bad coloring on level 2  |1, 8, 6, 15|
bad coloring on level 2  |1, 13, 6, 15|
bad coloring on level 2  |4, 8, 6, 15|
bad coloring on level 2  |4, 11, 6, 15|
bad coloring on level 2  |6, 8, 6, 15|
bad coloring on level 2  |8, 8, 6, 15|
bad coloring on level 2  |8, 10, 6, 15|
bad coloring on level 2  |8, 11, 6, 15|
bad coloring on level 2  |8, 13, 6, 15|
bad coloring on level 2  |8, 15, 6, 15|
bad coloring on level 2  |4, 15, 8, 8|
bad coloring on level 2  |5, 9, 8, 8|
bad coloring on level 2  |5, 15, 8, 8|
bad coloring on level 2  |6, 8, 8, 8|
bad coloring on level 2  |6, 10, 8, 8|
bad coloring on level 2  |6, 15, 8, 8|
bad coloring on level 2  |8, 15, 8, 8|
bad coloring on level 2  |9, 15, 8, 8|
bad coloring on level 2  |10, 15, 8, 8|
bad coloring on level 2  |11, 15, 8, 8|
bad coloring on level 2  |15, 15, 8, 8|
bad coloring on level 2  |4, 11, 8, 10|
bad coloring on level 2  |4, 15, 8, 10|
bad coloring on level 2  |5, 9, 8, 10|
bad coloring on level 2  |5, 15, 8, 10|
bad coloring on level 2  |6, 8, 8, 10|
bad coloring on level 2  |6, 10, 8, 10|
bad coloring on level 2  |6, 15, 8, 10|
bad coloring on level 2  |8, 15, 8, 10|
bad coloring on level 2  |9, 15, 8, 10|
bad coloring on level 2  |10, 15, 8, 10|
bad coloring on level 2  |11, 15, 8, 10|
bad coloring on level 2  |15, 15, 8, 10|
bad coloring on level 2  |2, 9, 8, 11|
bad coloring on level 2  |4, 6, 8, 11|
bad coloring on level 2  |4, 9, 8, 11|
bad coloring on level 2  |4, 15, 8, 11|
bad coloring on level 2  |5, 9, 8, 11|
bad coloring on level 2  |5, 15, 8, 11|
bad coloring on level 2  |6, 8, 8, 11|
bad coloring on level 2  |6, 9, 8, 11|
bad coloring on level 2  |6, 10, 8, 11|
bad coloring on level 2  |6, 13, 8, 11|
bad coloring on level 2  |6, 15, 8, 11|
bad coloring on level 2  |8, 15, 8, 11|
bad coloring on level 2  |9, 9, 8, 11|
bad coloring on level 2  |9, 10, 8, 11|
bad coloring on level 2  |9, 13, 8, 11|
bad coloring on level 2  |9, 15, 8, 11|
bad coloring on level 2  |10, 15, 8, 11|
bad coloring on level 2  |11, 15, 8, 11|
bad coloring on level 2  |15, 15, 8, 11|
bad coloring on level 2  |4, 15, 8, 13|
bad coloring on level 2  |5, 9, 8, 13|
bad coloring on level 2  |5, 15, 8, 13|
bad coloring on level 2  |6, 15, 8, 13|
bad coloring on level 2  |8, 15, 8, 13|
bad coloring on level 2  |9, 15, 8, 13|
bad coloring on level 2  |10, 15, 8, 13|
bad coloring on level 2  |11, 15, 8, 13|
bad coloring on level 2  |15, 15, 8, 13|
bad coloring on level 2  |1, 1, 8, 15|
bad coloring on level 2  |1, 2, 8, 15|
bad coloring on level 2  |1, 5, 8, 15|
bad coloring on level 2  |1, 6, 8, 15|
bad coloring on level 2  |1, 8, 8, 15|
bad coloring on level 2  |1, 10, 8, 15|
bad coloring on level 2  |1, 11, 8, 15|
bad coloring on level 2  |1, 13, 8, 15|
bad coloring on level 2  |2, 2, 8, 15|
bad coloring on level 2  |2, 4, 8, 15|
bad coloring on level 2  |2, 5, 8, 15|
bad coloring on level 2  |2, 6, 8, 15|
bad coloring on level 2  |2, 9, 8, 15|
bad coloring on level 2  |2, 11, 8, 15|
bad coloring on level 2  |2, 13, 8, 15|
bad coloring on level 2  |4, 4, 8, 15|
bad coloring on level 2  |4, 6, 8, 15|
bad coloring on level 2  |4, 8, 8, 15|
bad coloring on level 2  |4, 9, 8, 15|
bad coloring on level 2  |4, 11, 8, 15|
bad coloring on level 2  |4, 13, 8, 15|
bad coloring on level 2  |4, 15, 8, 15|
bad coloring on level 2  |5, 5, 8, 15|
bad coloring on level 2  |5, 6, 8, 15|
bad coloring on level 2  |5, 9, 8, 15|
bad coloring on level 2  |5, 10, 8, 15|
bad coloring on level 2  |5, 11, 8, 15|
bad coloring on level 2  |5, 15, 8, 15|
bad coloring on level 2  |6, 6, 8, 15|
bad coloring on level 2  |6, 8, 8, 15|
bad coloring on level 2  |6, 9, 8, 15|
bad coloring on level 2  |6, 10, 8, 15|
bad coloring on level 2  |6, 11, 8, 15|
bad coloring on level 2  |6, 13, 8, 15|
bad coloring on level 2  |6, 15, 8, 15|
bad coloring on level 2  |8, 8, 8, 15|
bad coloring on level 2  |8, 10, 8, 15|
bad coloring on level 2  |8, 11, 8, 15|
bad coloring on level 2  |8, 13, 8, 15|
bad coloring on level 2  |8, 15, 8, 15|
bad coloring on level 2  |9, 9, 8, 15|
bad coloring on level 2  |9, 10, 8, 15|
bad coloring on level 2  |9, 13, 8, 15|
bad coloring on level 2  |9, 15, 8, 15|
bad coloring on level 2  |10, 10, 8, 15|
bad coloring on level 2  |10, 13, 8, 15|
bad coloring on level 2  |10, 15, 8, 15|
bad coloring on level 2  |11, 11, 8, 15|
bad coloring on level 2  |11, 15, 8, 15|
bad coloring on level 2  |13, 13, 8, 15|
bad coloring on level 2  |15, 15, 8, 15|
bad coloring on level 2  |6, 8, 9, 9|
bad coloring on level 2  |8, 11, 9, 9|
bad coloring on level 2  |8, 15, 9, 9|
bad coloring on level 2  |4, 11, 9, 10|
bad coloring on level 2  |6, 8, 9, 10|
bad coloring on level 2  |8, 11, 9, 10|
bad coloring on level 2  |8, 15, 9, 10|
bad coloring on level 2  |6, 8, 9, 13|
bad coloring on level 2  |8, 11, 9, 13|
bad coloring on level 2  |8, 15, 9, 13|
bad coloring on level 2  |11, 15, 9, 13|
bad coloring on level 2  |1, 8, 9, 15|
bad coloring on level 2  |1, 13, 9, 15|
bad coloring on level 2  |4, 8, 9, 15|
bad coloring on level 2  |4, 11, 9, 15|
bad coloring on level 2  |6, 8, 9, 15|
bad coloring on level 2  |8, 8, 9, 15|
bad coloring on level 2  |8, 10, 9, 15|
bad coloring on level 2  |8, 11, 9, 15|
bad coloring on level 2  |8, 13, 9, 15|
bad coloring on level 2  |8, 15, 9, 15|
bad coloring on level 2  |4, 11, 10, 10|
bad coloring on level 2  |6, 8, 10, 10|
bad coloring on level 2  |8, 15, 10, 10|
bad coloring on level 2  |4, 11, 10, 13|
bad coloring on level 2  |8, 15, 10, 13|
bad coloring on level 2  |11, 15, 10, 13|
bad coloring on level 2  |1, 8, 10, 15|
bad coloring on level 2  |1, 13, 10, 15|
bad coloring on level 2  |4, 8, 10, 15|
bad coloring on level 2  |4, 11, 10, 15|
bad coloring on level 2  |6, 8, 10, 15|
bad coloring on level 2  |8, 8, 10, 15|
bad coloring on level 2  |8, 10, 10, 15|
bad coloring on level 2  |8, 11, 10, 15|
bad coloring on level 2  |8, 13, 10, 15|
bad coloring on level 2  |8, 15, 10, 15|
bad coloring on level 2  |4, 15, 11, 11|
bad coloring on level 2  |6, 8, 11, 11|
bad coloring on level 2  |8, 15, 11, 11|
bad coloring on level 2  |1, 8, 11, 15|
bad coloring on level 2  |1, 13, 11, 15|
bad coloring on level 2  |2, 4, 11, 15|
bad coloring on level 2  |2, 13, 11, 15|
bad coloring on level 2  |4, 4, 11, 15|
bad coloring on level 2  |4, 6, 11, 15|
bad coloring on level 2  |4, 8, 11, 15|
bad coloring on level 2  |4, 9, 11, 15|
bad coloring on level 2  |4, 11, 11, 15|
bad coloring on level 2  |4, 13, 11, 15|
bad coloring on level 2  |4, 15, 11, 15|
bad coloring on level 2  |6, 8, 11, 15|
bad coloring on level 2  |6, 13, 11, 15|
bad coloring on level 2  |8, 8, 11, 15|
bad coloring on level 2  |8, 10, 11, 15|
bad coloring on level 2  |8, 11, 11, 15|
bad coloring on level 2  |8, 13, 11, 15|
bad coloring on level 2  |8, 15, 11, 15|
bad coloring on level 2  |9, 13, 11, 15|
bad coloring on level 2  |10, 13, 11, 15|
bad coloring on level 2  |13, 13, 11, 15|
bad coloring on level 2  |6, 8, 13, 13|
bad coloring on level 2  |8, 15, 13, 13|
bad coloring on level 2  |11, 15, 13, 13|
bad coloring on level 2  |1, 8, 15, 15|
bad coloring on level 2  |1, 13, 15, 15|
bad coloring on level 2  |4, 8, 15, 15|
bad coloring on level 2  |4, 11, 15, 15|
bad coloring on level 2  |6, 8, 15, 15|
bad coloring on level 2  |8, 8, 15, 15|
bad coloring on level 2  |8, 10, 15, 15|
bad coloring on level 2  |8, 11, 15, 15|
bad coloring on level 2  |8, 13, 15, 15|
bad coloring on level 2  |8, 15, 15, 15|

410 bad colorings on level 2
