Trying substitutions to: 3
with goodVertices 1, 2, 4, 5, 6, 7, 8, 9, 11, 13, 15
bad color to improve: 2  6  with index 35
bad color to improve: 2  11  with index 40
bad color to improve: 2  15  with index 44
3 bad colorings on level 1
bad coloring on level 2  |8, 10, 0, 10|
bad coloring on level 2  |8, 10, 0, 13|
bad coloring on level 2  |8, 10, 0, 14|
bad coloring on level 2  |8, 10, 1, 3|
bad coloring on level 2  |8, 10, 1, 9|
bad coloring on level 2  |8, 10, 1, 10|
bad coloring on level 2  |8, 10, 1, 13|
bad coloring on level 2  |8, 10, 1, 14|
bad coloring on level 2  |8, 10, 2, 3|
bad coloring on level 2  |8, 10, 2, 9|
bad coloring on level 2  |8, 10, 2, 10|
bad coloring on level 2  |8, 10, 2, 13|
bad coloring on level 2  |8, 10, 2, 14|
bad coloring on level 2  |8, 10, 3, 14|
bad coloring on level 2  |8, 10, 7, 9|
bad coloring on level 2  |8, 10, 7, 10|
bad coloring on level 2  |8, 10, 7, 14|
bad coloring on level 2  |0, 10, 8, 10|
bad coloring on level 2  |0, 13, 8, 10|
bad coloring on level 2  |0, 14, 8, 10|
bad coloring on level 2  |1, 3, 8, 10|
bad coloring on level 2  |1, 9, 8, 10|
bad coloring on level 2  |1, 10, 8, 10|
bad coloring on level 2  |1, 13, 8, 10|
bad coloring on level 2  |1, 14, 8, 10|
bad coloring on level 2  |2, 3, 8, 10|
bad coloring on level 2  |2, 9, 8, 10|
bad coloring on level 2  |2, 10, 8, 10|
bad coloring on level 2  |2, 13, 8, 10|
bad coloring on level 2  |2, 14, 8, 10|
bad coloring on level 2  |3, 14, 8, 10|
bad coloring on level 2  |7, 9, 8, 10|
bad coloring on level 2  |7, 10, 8, 10|
bad coloring on level 2  |7, 14, 8, 10|
bad coloring on level 2  |9, 12, 8, 10|
bad coloring on level 2  |9, 13, 8, 10|
bad coloring on level 2  |9, 14, 8, 10|
bad coloring on level 2  |10, 13, 8, 10|
bad coloring on level 2  |10, 14, 8, 10|
bad coloring on level 2  |12, 13, 8, 10|
bad coloring on level 2  |12, 14, 8, 10|
bad coloring on level 2  |13, 14, 8, 10|
bad coloring on level 2  |14, 14, 8, 10|
bad coloring on level 2  |8, 10, 9, 12|
bad coloring on level 2  |8, 10, 9, 13|
bad coloring on level 2  |8, 10, 9, 14|
bad coloring on level 2  |8, 10, 10, 13|
bad coloring on level 2  |8, 10, 10, 14|
bad coloring on level 2  |8, 10, 12, 13|
bad coloring on level 2  |8, 10, 12, 14|
bad coloring on level 2  |8, 10, 13, 14|
bad coloring on level 2  |8, 10, 14, 14|

52 bad colorings on level 2
