Trying substitutions to: 4
with goodVertices 1, 2, 3, 7, 8, 11, 12, 13, 14
bad color to improve: 1  10  with index 25
bad color to improve: 1  12  with index 27
bad color to improve: 1  14  with index 29
bad color to improve: 12  14  with index 128
4 bad colorings on level 1
bad coloring on level 2  |3, 15, 0, 2|
bad coloring on level 2  |9, 15, 0, 2|
bad coloring on level 2  |2, 6, 0, 3|
bad coloring on level 2  |4, 6, 0, 3|
bad coloring on level 2  |6, 6, 0, 3|
bad coloring on level 2  |6, 8, 0, 3|
bad coloring on level 2  |6, 9, 0, 3|
bad coloring on level 2  |6, 11, 0, 3|
bad coloring on level 2  |6, 13, 0, 3|
bad coloring on level 2  |6, 15, 0, 3|
bad coloring on level 2  |6, 8, 0, 9|
bad coloring on level 2  |6, 15, 0, 9|
bad coloring on level 2  |8, 11, 0, 9|
bad coloring on level 2  |11, 15, 0, 9|
bad coloring on level 2  |3, 9, 0, 11|
bad coloring on level 2  |9, 15, 0, 11|
bad coloring on level 2  |2, 9, 0, 15|
bad coloring on level 2  |2, 13, 0, 15|
bad coloring on level 2  |6, 9, 0, 15|
bad coloring on level 2  |6, 13, 0, 15|
bad coloring on level 2  |3, 15, 2, 2|
bad coloring on level 2  |9, 15, 2, 2|
bad coloring on level 2  |3, 15, 2, 4|
bad coloring on level 2  |9, 15, 2, 4|
bad coloring on level 2  |0, 3, 2, 6|
bad coloring on level 2  |3, 15, 2, 6|
bad coloring on level 2  |9, 15, 2, 6|
bad coloring on level 2  |3, 15, 2, 7|
bad coloring on level 2  |9, 15, 2, 7|
bad coloring on level 2  |0, 15, 2, 9|
bad coloring on level 2  |3, 15, 2, 9|
bad coloring on level 2  |4, 15, 2, 9|
bad coloring on level 2  |6, 8, 2, 9|
bad coloring on level 2  |6, 15, 2, 9|
bad coloring on level 2  |8, 11, 2, 9|
bad coloring on level 2  |8, 15, 2, 9|
bad coloring on level 2  |9, 15, 2, 9|
bad coloring on level 2  |11, 15, 2, 9|
bad coloring on level 2  |15, 15, 2, 9|
bad coloring on level 2  |3, 9, 2, 11|
bad coloring on level 2  |3, 15, 2, 11|
bad coloring on level 2  |9, 15, 2, 11|
bad coloring on level 2  |0, 15, 2, 13|
bad coloring on level 2  |3, 15, 2, 13|
bad coloring on level 2  |4, 15, 2, 13|
bad coloring on level 2  |6, 8, 2, 13|
bad coloring on level 2  |6, 15, 2, 13|
bad coloring on level 2  |8, 15, 2, 13|
bad coloring on level 2  |9, 15, 2, 13|
bad coloring on level 2  |11, 15, 2, 13|
bad coloring on level 2  |15, 15, 2, 13|
bad coloring on level 2  |0, 11, 3, 9|
bad coloring on level 2  |2, 11, 3, 9|
bad coloring on level 2  |4, 11, 3, 9|
bad coloring on level 2  |6, 8, 3, 9|
bad coloring on level 2  |6, 11, 3, 9|
bad coloring on level 2  |6, 15, 3, 9|
bad coloring on level 2  |7, 11, 3, 9|
bad coloring on level 2  |8, 11, 3, 9|
bad coloring on level 2  |11, 11, 3, 9|
bad coloring on level 2  |11, 15, 3, 9|
bad coloring on level 2  |0, 2, 3, 15|
bad coloring on level 2  |2, 2, 3, 15|
bad coloring on level 2  |2, 4, 3, 15|
bad coloring on level 2  |2, 6, 3, 15|
bad coloring on level 2  |2, 7, 3, 15|
bad coloring on level 2  |2, 9, 3, 15|
bad coloring on level 2  |2, 11, 3, 15|
bad coloring on level 2  |2, 13, 3, 15|
bad coloring on level 2  |6, 9, 3, 15|
bad coloring on level 2  |6, 13, 3, 15|
bad coloring on level 2  |0, 3, 4, 6|
bad coloring on level 2  |9, 15, 4, 6|
bad coloring on level 2  |6, 8, 4, 9|
bad coloring on level 2  |6, 15, 4, 9|
bad coloring on level 2  |8, 11, 4, 9|
bad coloring on level 2  |11, 15, 4, 9|
bad coloring on level 2  |3, 9, 4, 11|
bad coloring on level 2  |9, 15, 4, 11|
bad coloring on level 2  |2, 9, 4, 15|
bad coloring on level 2  |2, 13, 4, 15|
bad coloring on level 2  |6, 9, 4, 15|
bad coloring on level 2  |6, 13, 4, 15|
bad coloring on level 2  |0, 3, 6, 6|
bad coloring on level 2  |9, 15, 6, 6|
bad coloring on level 2  |0, 3, 6, 8|
bad coloring on level 2  |0, 9, 6, 8|
bad coloring on level 2  |2, 9, 6, 8|
bad coloring on level 2  |2, 13, 6, 8|
bad coloring on level 2  |3, 9, 6, 8|
bad coloring on level 2  |4, 9, 6, 8|
bad coloring on level 2  |6, 9, 6, 8|
bad coloring on level 2  |6, 13, 6, 8|
bad coloring on level 2  |9, 9, 6, 8|
bad coloring on level 2  |9, 13, 6, 8|
bad coloring on level 2  |9, 15, 6, 8|
bad coloring on level 2  |0, 3, 6, 9|
bad coloring on level 2  |0, 15, 6, 9|
bad coloring on level 2  |3, 15, 6, 9|
bad coloring on level 2  |4, 15, 6, 9|
bad coloring on level 2  |6, 8, 6, 9|
bad coloring on level 2  |6, 15, 6, 9|
bad coloring on level 2  |8, 11, 6, 9|
bad coloring on level 2  |8, 15, 6, 9|
bad coloring on level 2  |9, 15, 6, 9|
bad coloring on level 2  |11, 15, 6, 9|
bad coloring on level 2  |15, 15, 6, 9|
bad coloring on level 2  |0, 3, 6, 11|
bad coloring on level 2  |3, 9, 6, 11|
bad coloring on level 2  |9, 15, 6, 11|
bad coloring on level 2  |0, 3, 6, 13|
bad coloring on level 2  |0, 15, 6, 13|
bad coloring on level 2  |3, 15, 6, 13|
bad coloring on level 2  |4, 15, 6, 13|
bad coloring on level 2  |6, 8, 6, 13|
bad coloring on level 2  |6, 15, 6, 13|
bad coloring on level 2  |8, 11, 6, 13|
bad coloring on level 2  |8, 15, 6, 13|
bad coloring on level 2  |9, 15, 6, 13|
bad coloring on level 2  |11, 15, 6, 13|
bad coloring on level 2  |15, 15, 6, 13|
bad coloring on level 2  |0, 3, 6, 15|
bad coloring on level 2  |0, 9, 6, 15|
bad coloring on level 2  |2, 9, 6, 15|
bad coloring on level 2  |2, 13, 6, 15|
bad coloring on level 2  |3, 9, 6, 15|
bad coloring on level 2  |4, 9, 6, 15|
bad coloring on level 2  |6, 9, 6, 15|
bad coloring on level 2  |6, 13, 6, 15|
bad coloring on level 2  |9, 9, 6, 15|
bad coloring on level 2  |9, 13, 6, 15|
bad coloring on level 2  |9, 15, 6, 15|
bad coloring on level 2  |3, 9, 7, 11|
bad coloring on level 2  |9, 15, 7, 11|
bad coloring on level 2  |0, 9, 8, 11|
bad coloring on level 2  |2, 9, 8, 11|
bad coloring on level 2  |3, 9, 8, 11|
bad coloring on level 2  |4, 9, 8, 11|
bad coloring on level 2  |6, 9, 8, 11|
bad coloring on level 2  |6, 13, 8, 11|
bad coloring on level 2  |9, 9, 8, 11|
bad coloring on level 2  |9, 13, 8, 11|
bad coloring on level 2  |9, 15, 8, 11|
bad coloring on level 2  |2, 9, 8, 15|
bad coloring on level 2  |2, 13, 8, 15|
bad coloring on level 2  |6, 9, 8, 15|
bad coloring on level 2  |6, 13, 8, 15|
bad coloring on level 2  |6, 8, 9, 9|
bad coloring on level 2  |6, 15, 9, 9|
bad coloring on level 2  |8, 11, 9, 9|
bad coloring on level 2  |11, 15, 9, 9|
bad coloring on level 2  |6, 8, 9, 13|
bad coloring on level 2  |6, 15, 9, 13|
bad coloring on level 2  |8, 11, 9, 13|
bad coloring on level 2  |11, 15, 9, 13|
bad coloring on level 2  |0, 2, 9, 15|
bad coloring on level 2  |0, 11, 9, 15|
bad coloring on level 2  |2, 2, 9, 15|
bad coloring on level 2  |2, 4, 9, 15|
bad coloring on level 2  |2, 6, 9, 15|
bad coloring on level 2  |2, 7, 9, 15|
bad coloring on level 2  |2, 9, 9, 15|
bad coloring on level 2  |2, 11, 9, 15|
bad coloring on level 2  |2, 13, 9, 15|
bad coloring on level 2  |4, 6, 9, 15|
bad coloring on level 2  |4, 11, 9, 15|
bad coloring on level 2  |6, 6, 9, 15|
bad coloring on level 2  |6, 8, 9, 15|
bad coloring on level 2  |6, 9, 9, 15|
bad coloring on level 2  |6, 11, 9, 15|
bad coloring on level 2  |6, 13, 9, 15|
bad coloring on level 2  |6, 15, 9, 15|
bad coloring on level 2  |7, 11, 9, 15|
bad coloring on level 2  |8, 11, 9, 15|
bad coloring on level 2  |11, 11, 9, 15|
bad coloring on level 2  |11, 15, 9, 15|
bad coloring on level 2  |3, 9, 11, 11|
bad coloring on level 2  |9, 15, 11, 11|
bad coloring on level 2  |0, 9, 11, 15|
bad coloring on level 2  |2, 9, 11, 15|
bad coloring on level 2  |2, 13, 11, 15|
bad coloring on level 2  |3, 9, 11, 15|
bad coloring on level 2  |4, 9, 11, 15|
bad coloring on level 2  |6, 9, 11, 15|
bad coloring on level 2  |6, 13, 11, 15|
bad coloring on level 2  |9, 9, 11, 15|
bad coloring on level 2  |9, 13, 11, 15|
bad coloring on level 2  |9, 15, 11, 15|
bad coloring on level 2  |2, 9, 15, 15|
bad coloring on level 2  |2, 13, 15, 15|
bad coloring on level 2  |6, 9, 15, 15|
bad coloring on level 2  |6, 13, 15, 15|

192 bad colorings on level 2
