Trying substitutions to: 14
with goodVertices 1, 2, 4, 5, 6, 9, 11, 13
bad color to improve: 4  6  with index 60
bad color to improve: 4  11  with index 65
bad color to improve: 6  6  with index 81
bad color to improve: 6  8  with index 83
bad color to improve: 6  11  with index 86
bad color to improve: 6  15  with index 90
6 bad colorings on level 1
bad coloring on level 2  |3, 12, 0, 0|
bad coloring on level 2  |3, 12, 0, 2|
bad coloring on level 2  |0, 12, 0, 3|
bad coloring on level 2  |1, 1, 0, 3|
bad coloring on level 2  |1, 2, 0, 3|
bad coloring on level 2  |1, 5, 0, 3|
bad coloring on level 2  |1, 7, 0, 3|
bad coloring on level 2  |1, 10, 0, 3|
bad coloring on level 2  |1, 12, 0, 3|
bad coloring on level 2  |1, 13, 0, 3|
bad coloring on level 2  |1, 14, 0, 3|
bad coloring on level 2  |3, 12, 0, 3|
bad coloring on level 2  |5, 12, 0, 3|
bad coloring on level 2  |7, 12, 0, 3|
bad coloring on level 2  |7, 14, 0, 3|
bad coloring on level 2  |10, 12, 0, 3|
bad coloring on level 2  |12, 12, 0, 3|
bad coloring on level 2  |12, 14, 0, 3|
bad coloring on level 2  |3, 7, 0, 5|
bad coloring on level 2  |3, 12, 0, 5|
bad coloring on level 2  |1, 10, 0, 7|
bad coloring on level 2  |3, 10, 0, 7|
bad coloring on level 2  |3, 12, 0, 7|
bad coloring on level 2  |3, 14, 0, 7|
bad coloring on level 2  |5, 10, 0, 7|
bad coloring on level 2  |9, 10, 0, 7|
bad coloring on level 2  |10, 10, 0, 7|
bad coloring on level 2  |10, 12, 0, 7|
bad coloring on level 2  |10, 13, 0, 7|
bad coloring on level 2  |10, 14, 0, 7|
bad coloring on level 2  |12, 14, 0, 7|
bad coloring on level 2  |3, 12, 0, 9|
bad coloring on level 2  |7, 12, 0, 9|
bad coloring on level 2  |0, 3, 0, 12|
bad coloring on level 2  |1, 13, 0, 12|
bad coloring on level 2  |2, 13, 0, 12|
bad coloring on level 2  |3, 3, 0, 12|
bad coloring on level 2  |3, 7, 0, 12|
bad coloring on level 2  |3, 9, 0, 12|
bad coloring on level 2  |3, 10, 0, 12|
bad coloring on level 2  |3, 12, 0, 12|
bad coloring on level 2  |3, 13, 0, 12|
bad coloring on level 2  |3, 14, 0, 12|
bad coloring on level 2  |7, 13, 0, 12|
bad coloring on level 2  |7, 14, 0, 12|
bad coloring on level 2  |9, 13, 0, 12|
bad coloring on level 2  |10, 13, 0, 12|
bad coloring on level 2  |13, 13, 0, 12|
bad coloring on level 2  |13, 14, 0, 12|
bad coloring on level 2  |3, 7, 0, 14|
bad coloring on level 2  |3, 12, 0, 14|
bad coloring on level 2  |7, 12, 0, 14|
bad coloring on level 2  |0, 3, 1, 1|
bad coloring on level 2  |3, 12, 1, 1|
bad coloring on level 2  |0, 3, 1, 2|
bad coloring on level 2  |3, 12, 1, 2|
bad coloring on level 2  |0, 3, 1, 5|
bad coloring on level 2  |3, 3, 1, 5|
bad coloring on level 2  |3, 7, 1, 5|
bad coloring on level 2  |3, 9, 1, 5|
bad coloring on level 2  |3, 10, 1, 5|
bad coloring on level 2  |3, 12, 1, 5|
bad coloring on level 2  |3, 13, 1, 5|
bad coloring on level 2  |3, 14, 1, 5|
bad coloring on level 2  |10, 13, 1, 5|
bad coloring on level 2  |0, 3, 1, 7|
bad coloring on level 2  |3, 12, 1, 7|
bad coloring on level 2  |0, 3, 1, 10|
bad coloring on level 2  |0, 7, 1, 10|
bad coloring on level 2  |3, 3, 1, 10|
bad coloring on level 2  |3, 7, 1, 10|
bad coloring on level 2  |3, 9, 1, 10|
bad coloring on level 2  |3, 10, 1, 10|
bad coloring on level 2  |3, 12, 1, 10|
bad coloring on level 2  |3, 13, 1, 10|
bad coloring on level 2  |3, 14, 1, 10|
bad coloring on level 2  |9, 13, 1, 10|
bad coloring on level 2  |10, 13, 1, 10|
bad coloring on level 2  |0, 3, 1, 12|
bad coloring on level 2  |3, 3, 1, 12|
bad coloring on level 2  |3, 7, 1, 12|
bad coloring on level 2  |3, 9, 1, 12|
bad coloring on level 2  |3, 10, 1, 12|
bad coloring on level 2  |3, 12, 1, 12|
bad coloring on level 2  |3, 13, 1, 12|
bad coloring on level 2  |3, 14, 1, 12|
bad coloring on level 2  |9, 13, 1, 12|
bad coloring on level 2  |10, 13, 1, 12|
bad coloring on level 2  |0, 3, 1, 13|
bad coloring on level 2  |0, 12, 1, 13|
bad coloring on level 2  |3, 12, 1, 13|
bad coloring on level 2  |0, 3, 1, 14|
bad coloring on level 2  |3, 12, 1, 14|
bad coloring on level 2  |3, 12, 2, 2|
bad coloring on level 2  |3, 7, 2, 5|
bad coloring on level 2  |3, 12, 2, 5|
bad coloring on level 2  |3, 12, 2, 7|
bad coloring on level 2  |3, 12, 2, 9|
bad coloring on level 2  |7, 12, 2, 9|
bad coloring on level 2  |0, 12, 2, 13|
bad coloring on level 2  |3, 12, 2, 13|
bad coloring on level 2  |3, 12, 2, 14|
bad coloring on level 2  |0, 12, 3, 3|
bad coloring on level 2  |1, 5, 3, 3|
bad coloring on level 2  |1, 10, 3, 3|
bad coloring on level 2  |1, 12, 3, 3|
bad coloring on level 2  |3, 12, 3, 3|
bad coloring on level 2  |5, 12, 3, 3|
bad coloring on level 2  |7, 12, 3, 3|
bad coloring on level 2  |10, 12, 3, 3|
bad coloring on level 2  |12, 12, 3, 3|
bad coloring on level 2  |12, 14, 3, 3|
bad coloring on level 2  |0, 5, 3, 7|
bad coloring on level 2  |0, 12, 3, 7|
bad coloring on level 2  |0, 14, 3, 7|
bad coloring on level 2  |1, 5, 3, 7|
bad coloring on level 2  |1, 10, 3, 7|
bad coloring on level 2  |1, 12, 3, 7|
bad coloring on level 2  |2, 5, 3, 7|
bad coloring on level 2  |3, 12, 3, 7|
bad coloring on level 2  |5, 5, 3, 7|
bad coloring on level 2  |5, 9, 3, 7|
bad coloring on level 2  |5, 10, 3, 7|
bad coloring on level 2  |5, 12, 3, 7|
bad coloring on level 2  |5, 14, 3, 7|
bad coloring on level 2  |7, 12, 3, 7|
bad coloring on level 2  |10, 12, 3, 7|
bad coloring on level 2  |12, 12, 3, 7|
bad coloring on level 2  |12, 14, 3, 7|
bad coloring on level 2  |0, 12, 3, 9|
bad coloring on level 2  |1, 5, 3, 9|
bad coloring on level 2  |1, 10, 3, 9|
bad coloring on level 2  |1, 12, 3, 9|
bad coloring on level 2  |3, 12, 3, 9|
bad coloring on level 2  |5, 12, 3, 9|
bad coloring on level 2  |7, 12, 3, 9|
bad coloring on level 2  |10, 12, 3, 9|
bad coloring on level 2  |12, 12, 3, 9|
bad coloring on level 2  |12, 14, 3, 9|
bad coloring on level 2  |0, 7, 3, 10|
bad coloring on level 2  |0, 12, 3, 10|
bad coloring on level 2  |1, 5, 3, 10|
bad coloring on level 2  |1, 10, 3, 10|
bad coloring on level 2  |1, 12, 3, 10|
bad coloring on level 2  |3, 12, 3, 10|
bad coloring on level 2  |5, 12, 3, 10|
bad coloring on level 2  |7, 12, 3, 10|
bad coloring on level 2  |10, 12, 3, 10|
bad coloring on level 2  |12, 12, 3, 10|
bad coloring on level 2  |12, 14, 3, 10|
bad coloring on level 2  |0, 0, 3, 12|
bad coloring on level 2  |0, 2, 3, 12|
bad coloring on level 2  |0, 3, 3, 12|
bad coloring on level 2  |0, 5, 3, 12|
bad coloring on level 2  |0, 7, 3, 12|
bad coloring on level 2  |0, 9, 3, 12|
bad coloring on level 2  |0, 12, 3, 12|
bad coloring on level 2  |0, 14, 3, 12|
bad coloring on level 2  |1, 1, 3, 12|
bad coloring on level 2  |1, 2, 3, 12|
bad coloring on level 2  |1, 5, 3, 12|
bad coloring on level 2  |1, 7, 3, 12|
bad coloring on level 2  |1, 10, 3, 12|
bad coloring on level 2  |1, 12, 3, 12|
bad coloring on level 2  |1, 13, 3, 12|
bad coloring on level 2  |1, 14, 3, 12|
bad coloring on level 2  |2, 2, 3, 12|
bad coloring on level 2  |2, 5, 3, 12|
bad coloring on level 2  |2, 7, 3, 12|
bad coloring on level 2  |2, 9, 3, 12|
bad coloring on level 2  |2, 13, 3, 12|
bad coloring on level 2  |2, 14, 3, 12|
bad coloring on level 2  |3, 3, 3, 12|
bad coloring on level 2  |3, 7, 3, 12|
bad coloring on level 2  |3, 9, 3, 12|
bad coloring on level 2  |3, 10, 3, 12|
bad coloring on level 2  |3, 12, 3, 12|
bad coloring on level 2  |3, 13, 3, 12|
bad coloring on level 2  |3, 14, 3, 12|
bad coloring on level 2  |5, 5, 3, 12|
bad coloring on level 2  |5, 9, 3, 12|
bad coloring on level 2  |5, 10, 3, 12|
bad coloring on level 2  |5, 12, 3, 12|
bad coloring on level 2  |5, 14, 3, 12|
bad coloring on level 2  |7, 7, 3, 12|
bad coloring on level 2  |7, 12, 3, 12|
bad coloring on level 2  |7, 13, 3, 12|
bad coloring on level 2  |7, 14, 3, 12|
bad coloring on level 2  |9, 9, 3, 12|
bad coloring on level 2  |9, 10, 3, 12|
bad coloring on level 2  |9, 13, 3, 12|
bad coloring on level 2  |9, 14, 3, 12|
bad coloring on level 2  |10, 10, 3, 12|
bad coloring on level 2  |10, 12, 3, 12|
bad coloring on level 2  |10, 13, 3, 12|
bad coloring on level 2  |10, 14, 3, 12|
bad coloring on level 2  |12, 12, 3, 12|
bad coloring on level 2  |12, 14, 3, 12|
bad coloring on level 2  |13, 13, 3, 12|
bad coloring on level 2  |13, 14, 3, 12|
bad coloring on level 2  |14, 14, 3, 12|
bad coloring on level 2  |0, 12, 3, 13|
bad coloring on level 2  |1, 5, 3, 13|
bad coloring on level 2  |1, 10, 3, 13|
bad coloring on level 2  |1, 12, 3, 13|
bad coloring on level 2  |3, 12, 3, 13|
bad coloring on level 2  |5, 12, 3, 13|
bad coloring on level 2  |7, 12, 3, 13|
bad coloring on level 2  |10, 12, 3, 13|
bad coloring on level 2  |12, 12, 3, 13|
bad coloring on level 2  |12, 14, 3, 13|
bad coloring on level 2  |0, 7, 3, 14|
bad coloring on level 2  |0, 12, 3, 14|
bad coloring on level 2  |1, 5, 3, 14|
bad coloring on level 2  |1, 10, 3, 14|
bad coloring on level 2  |1, 12, 3, 14|
bad coloring on level 2  |3, 12, 3, 14|
bad coloring on level 2  |5, 12, 3, 14|
bad coloring on level 2  |7, 12, 3, 14|
bad coloring on level 2  |10, 12, 3, 14|
bad coloring on level 2  |12, 12, 3, 14|
bad coloring on level 2  |12, 14, 3, 14|
bad coloring on level 2  |3, 7, 5, 5|
bad coloring on level 2  |3, 12, 5, 5|
bad coloring on level 2  |3, 7, 5, 9|
bad coloring on level 2  |3, 12, 5, 9|
bad coloring on level 2  |7, 12, 5, 9|
bad coloring on level 2  |0, 7, 5, 10|
bad coloring on level 2  |3, 7, 5, 10|
bad coloring on level 2  |3, 12, 5, 10|
bad coloring on level 2  |0, 3, 5, 12|
bad coloring on level 2  |3, 3, 5, 12|
bad coloring on level 2  |3, 7, 5, 12|
bad coloring on level 2  |3, 9, 5, 12|
bad coloring on level 2  |3, 10, 5, 12|
bad coloring on level 2  |3, 12, 5, 12|
bad coloring on level 2  |3, 13, 5, 12|
bad coloring on level 2  |3, 14, 5, 12|
bad coloring on level 2  |9, 13, 5, 12|
bad coloring on level 2  |10, 13, 5, 12|
bad coloring on level 2  |3, 7, 5, 14|
bad coloring on level 2  |3, 12, 5, 14|
bad coloring on level 2  |3, 12, 7, 7|
bad coloring on level 2  |0, 3, 7, 12|
bad coloring on level 2  |0, 9, 7, 12|
bad coloring on level 2  |0, 14, 7, 12|
bad coloring on level 2  |2, 9, 7, 12|
bad coloring on level 2  |3, 3, 7, 12|
bad coloring on level 2  |3, 7, 7, 12|
bad coloring on level 2  |3, 9, 7, 12|
bad coloring on level 2  |3, 10, 7, 12|
bad coloring on level 2  |3, 12, 7, 12|
bad coloring on level 2  |3, 13, 7, 12|
bad coloring on level 2  |3, 14, 7, 12|
bad coloring on level 2  |5, 9, 7, 12|
bad coloring on level 2  |9, 9, 7, 12|
bad coloring on level 2  |9, 10, 7, 12|
bad coloring on level 2  |9, 13, 7, 12|
bad coloring on level 2  |9, 14, 7, 12|
bad coloring on level 2  |10, 13, 7, 12|
bad coloring on level 2  |0, 12, 7, 13|
bad coloring on level 2  |3, 12, 7, 13|
bad coloring on level 2  |0, 3, 7, 14|
bad coloring on level 2  |0, 12, 7, 14|
bad coloring on level 2  |3, 12, 7, 14|
bad coloring on level 2  |3, 12, 9, 9|
bad coloring on level 2  |7, 12, 9, 9|
bad coloring on level 2  |0, 7, 9, 10|
bad coloring on level 2  |3, 12, 9, 10|
bad coloring on level 2  |7, 12, 9, 10|
bad coloring on level 2  |0, 12, 9, 13|
bad coloring on level 2  |1, 10, 9, 13|
bad coloring on level 2  |1, 12, 9, 13|
bad coloring on level 2  |3, 12, 9, 13|
bad coloring on level 2  |5, 12, 9, 13|
bad coloring on level 2  |7, 12, 9, 13|
bad coloring on level 2  |10, 12, 9, 13|
bad coloring on level 2  |12, 12, 9, 13|
bad coloring on level 2  |12, 14, 9, 13|
bad coloring on level 2  |3, 12, 9, 14|
bad coloring on level 2  |7, 12, 9, 14|
bad coloring on level 2  |0, 7, 10, 10|
bad coloring on level 2  |3, 12, 10, 10|
bad coloring on level 2  |0, 3, 10, 12|
bad coloring on level 2  |0, 7, 10, 12|
bad coloring on level 2  |3, 3, 10, 12|
bad coloring on level 2  |3, 7, 10, 12|
bad coloring on level 2  |3, 9, 10, 12|
bad coloring on level 2  |3, 10, 10, 12|
bad coloring on level 2  |3, 12, 10, 12|
bad coloring on level 2  |3, 13, 10, 12|
bad coloring on level 2  |3, 14, 10, 12|
bad coloring on level 2  |9, 13, 10, 12|
bad coloring on level 2  |10, 13, 10, 12|
bad coloring on level 2  |0, 7, 10, 13|
bad coloring on level 2  |0, 12, 10, 13|
bad coloring on level 2  |1, 5, 10, 13|
bad coloring on level 2  |1, 10, 10, 13|
bad coloring on level 2  |1, 12, 10, 13|
bad coloring on level 2  |3, 12, 10, 13|
bad coloring on level 2  |5, 12, 10, 13|
bad coloring on level 2  |7, 12, 10, 13|
bad coloring on level 2  |10, 12, 10, 13|
bad coloring on level 2  |12, 12, 10, 13|
bad coloring on level 2  |12, 14, 10, 13|
bad coloring on level 2  |0, 7, 10, 14|
bad coloring on level 2  |3, 12, 10, 14|
bad coloring on level 2  |0, 3, 12, 12|
bad coloring on level 2  |3, 3, 12, 12|
bad coloring on level 2  |3, 7, 12, 12|
bad coloring on level 2  |3, 9, 12, 12|
bad coloring on level 2  |3, 10, 12, 12|
bad coloring on level 2  |3, 12, 12, 12|
bad coloring on level 2  |3, 13, 12, 12|
bad coloring on level 2  |3, 14, 12, 12|
bad coloring on level 2  |9, 13, 12, 12|
bad coloring on level 2  |10, 13, 12, 12|
bad coloring on level 2  |0, 3, 12, 14|
bad coloring on level 2  |0, 7, 12, 14|
bad coloring on level 2  |3, 3, 12, 14|
bad coloring on level 2  |3, 7, 12, 14|
bad coloring on level 2  |3, 9, 12, 14|
bad coloring on level 2  |3, 10, 12, 14|
bad coloring on level 2  |3, 12, 12, 14|
bad coloring on level 2  |3, 13, 12, 14|
bad coloring on level 2  |3, 14, 12, 14|
bad coloring on level 2  |9, 13, 12, 14|
bad coloring on level 2  |10, 13, 12, 14|
bad coloring on level 2  |0, 12, 13, 13|
bad coloring on level 2  |3, 12, 13, 13|
bad coloring on level 2  |0, 12, 13, 14|
bad coloring on level 2  |3, 12, 13, 14|
bad coloring on level 2  |3, 12, 14, 14|

333 bad colorings on level 2
