Trying substitutions to: 6
with goodVertices 1, 2, 5, 9, 10, 11, 12, 14, 15
bad color to improve: 0  12  with index 12
bad color to improve: 0  14  with index 14
bad color to improve: 12  14  with index 128
3 bad colorings on level 1
bad coloring on level 2  |2, 9, 1, 8|
bad coloring on level 2  |4, 9, 1, 8|
bad coloring on level 2  |4, 13, 1, 8|
bad coloring on level 2  |2, 4, 1, 10|
bad coloring on level 2  |4, 4, 1, 10|
bad coloring on level 2  |4, 6, 1, 10|
bad coloring on level 2  |4, 8, 1, 10|
bad coloring on level 2  |4, 9, 1, 10|
bad coloring on level 2  |4, 11, 1, 10|
bad coloring on level 2  |4, 13, 1, 10|
bad coloring on level 2  |4, 15, 1, 10|
bad coloring on level 2  |4, 8, 1, 13|
bad coloring on level 2  |4, 15, 1, 13|
bad coloring on level 2  |11, 15, 1, 13|
bad coloring on level 2  |1, 10, 2, 4|
bad coloring on level 2  |8, 10, 2, 4|
bad coloring on level 2  |8, 13, 2, 4|
bad coloring on level 2  |1, 8, 2, 9|
bad coloring on level 2  |4, 8, 2, 9|
bad coloring on level 2  |6, 8, 2, 9|
bad coloring on level 2  |8, 8, 2, 9|
bad coloring on level 2  |8, 10, 2, 9|
bad coloring on level 2  |8, 11, 2, 9|
bad coloring on level 2  |8, 13, 2, 9|
bad coloring on level 2  |8, 15, 2, 9|
bad coloring on level 2  |4, 8, 2, 13|
bad coloring on level 2  |6, 8, 2, 13|
bad coloring on level 2  |8, 15, 2, 13|
bad coloring on level 2  |11, 15, 2, 13|
bad coloring on level 2  |1, 10, 4, 4|
bad coloring on level 2  |8, 13, 4, 4|
bad coloring on level 2  |1, 10, 4, 6|
bad coloring on level 2  |8, 13, 4, 6|
bad coloring on level 2  |1, 10, 4, 8|
bad coloring on level 2  |1, 13, 4, 8|
bad coloring on level 2  |2, 9, 4, 8|
bad coloring on level 2  |2, 13, 4, 8|
bad coloring on level 2  |4, 13, 4, 8|
bad coloring on level 2  |6, 13, 4, 8|
bad coloring on level 2  |8, 13, 4, 8|
bad coloring on level 2  |9, 13, 4, 8|
bad coloring on level 2  |10, 13, 4, 8|
bad coloring on level 2  |13, 13, 4, 8|
bad coloring on level 2  |1, 8, 4, 9|
bad coloring on level 2  |1, 10, 4, 9|
bad coloring on level 2  |8, 13, 4, 9|
bad coloring on level 2  |1, 10, 4, 11|
bad coloring on level 2  |8, 13, 4, 11|
bad coloring on level 2  |10, 13, 4, 11|
bad coloring on level 2  |1, 8, 4, 13|
bad coloring on level 2  |1, 10, 4, 13|
bad coloring on level 2  |4, 8, 4, 13|
bad coloring on level 2  |6, 8, 4, 13|
bad coloring on level 2  |8, 8, 4, 13|
bad coloring on level 2  |8, 10, 4, 13|
bad coloring on level 2  |8, 11, 4, 13|
bad coloring on level 2  |8, 13, 4, 13|
bad coloring on level 2  |8, 15, 4, 13|
bad coloring on level 2  |11, 15, 4, 13|
bad coloring on level 2  |1, 10, 4, 15|
bad coloring on level 2  |1, 13, 4, 15|
bad coloring on level 2  |8, 13, 4, 15|
bad coloring on level 2  |2, 9, 6, 8|
bad coloring on level 2  |2, 13, 6, 8|
bad coloring on level 2  |4, 13, 6, 8|
bad coloring on level 2  |6, 13, 6, 8|
bad coloring on level 2  |8, 13, 6, 8|
bad coloring on level 2  |9, 13, 6, 8|
bad coloring on level 2  |13, 13, 6, 8|
bad coloring on level 2  |4, 8, 6, 13|
bad coloring on level 2  |6, 8, 6, 13|
bad coloring on level 2  |8, 8, 6, 13|
bad coloring on level 2  |8, 11, 6, 13|
bad coloring on level 2  |8, 13, 6, 13|
bad coloring on level 2  |8, 15, 6, 13|
bad coloring on level 2  |11, 15, 6, 13|
bad coloring on level 2  |2, 9, 8, 8|
bad coloring on level 2  |4, 13, 8, 8|
bad coloring on level 2  |6, 13, 8, 8|
bad coloring on level 2  |2, 4, 8, 10|
bad coloring on level 2  |2, 9, 8, 10|
bad coloring on level 2  |4, 13, 8, 10|
bad coloring on level 2  |2, 9, 8, 11|
bad coloring on level 2  |4, 13, 8, 11|
bad coloring on level 2  |6, 13, 8, 11|
bad coloring on level 2  |9, 13, 8, 11|
bad coloring on level 2  |2, 4, 8, 13|
bad coloring on level 2  |2, 9, 8, 13|
bad coloring on level 2  |4, 4, 8, 13|
bad coloring on level 2  |4, 6, 8, 13|
bad coloring on level 2  |4, 8, 8, 13|
bad coloring on level 2  |4, 9, 8, 13|
bad coloring on level 2  |4, 11, 8, 13|
bad coloring on level 2  |4, 13, 8, 13|
bad coloring on level 2  |4, 15, 8, 13|
bad coloring on level 2  |6, 8, 8, 13|
bad coloring on level 2  |6, 13, 8, 13|
bad coloring on level 2  |11, 15, 8, 13|
bad coloring on level 2  |2, 9, 8, 15|
bad coloring on level 2  |2, 13, 8, 15|
bad coloring on level 2  |4, 13, 8, 15|
bad coloring on level 2  |6, 13, 8, 15|
bad coloring on level 2  |4, 8, 9, 13|
bad coloring on level 2  |6, 8, 9, 13|
bad coloring on level 2  |8, 11, 9, 13|
bad coloring on level 2  |11, 15, 9, 13|
bad coloring on level 2  |4, 8, 10, 13|
bad coloring on level 2  |4, 11, 10, 13|
bad coloring on level 2  |11, 15, 10, 13|
bad coloring on level 2  |1, 13, 11, 15|
bad coloring on level 2  |2, 13, 11, 15|
bad coloring on level 2  |4, 13, 11, 15|
bad coloring on level 2  |6, 13, 11, 15|
bad coloring on level 2  |8, 13, 11, 15|
bad coloring on level 2  |9, 13, 11, 15|
bad coloring on level 2  |10, 13, 11, 15|
bad coloring on level 2  |13, 13, 11, 15|
bad coloring on level 2  |4, 8, 13, 13|
bad coloring on level 2  |6, 8, 13, 13|
bad coloring on level 2  |11, 15, 13, 13|

120 bad colorings on level 2
