Trying substitutions to: 9
with goodVertices 1, 2, 5, 6, 10, 11, 12, 14
bad color to improve: 1  1  with index 16
bad color to improve: 1  7  with index 22
bad color to improve: 1  8  with index 23
bad color to improve: 1  11  with index 26
bad color to improve: 1  12  with index 27
bad color to improve: 11  12  with index 122
6 bad colorings on level 1
bad coloring on level 2  |3, 4, 0, 0|
bad coloring on level 2  |3, 4, 0, 2|
bad coloring on level 2  |3, 15, 0, 2|
bad coloring on level 2  |0, 4, 0, 3|
bad coloring on level 2  |2, 4, 0, 3|
bad coloring on level 2  |2, 6, 0, 3|
bad coloring on level 2  |3, 4, 0, 3|
bad coloring on level 2  |4, 4, 0, 3|
bad coloring on level 2  |4, 6, 0, 3|
bad coloring on level 2  |4, 9, 0, 3|
bad coloring on level 2  |4, 13, 0, 3|
bad coloring on level 2  |4, 15, 0, 3|
bad coloring on level 2  |5, 6, 0, 3|
bad coloring on level 2  |6, 6, 0, 3|
bad coloring on level 2  |6, 9, 0, 3|
bad coloring on level 2  |6, 10, 0, 3|
bad coloring on level 2  |6, 13, 0, 3|
bad coloring on level 2  |6, 15, 0, 3|
bad coloring on level 2  |9, 15, 0, 3|
bad coloring on level 2  |0, 3, 0, 4|
bad coloring on level 2  |3, 3, 0, 4|
bad coloring on level 2  |3, 4, 0, 4|
bad coloring on level 2  |3, 9, 0, 4|
bad coloring on level 2  |3, 10, 0, 4|
bad coloring on level 2  |3, 13, 0, 4|
bad coloring on level 2  |3, 14, 0, 4|
bad coloring on level 2  |3, 15, 0, 4|
bad coloring on level 2  |5, 10, 0, 4|
bad coloring on level 2  |6, 10, 0, 4|
bad coloring on level 2  |9, 10, 0, 4|
bad coloring on level 2  |9, 15, 0, 4|
bad coloring on level 2  |10, 10, 0, 4|
bad coloring on level 2  |10, 13, 0, 4|
bad coloring on level 2  |10, 14, 0, 4|
bad coloring on level 2  |10, 15, 0, 4|
bad coloring on level 2  |3, 4, 0, 5|
bad coloring on level 2  |3, 4, 0, 9|
bad coloring on level 2  |3, 15, 0, 9|
bad coloring on level 2  |4, 15, 0, 9|
bad coloring on level 2  |3, 4, 0, 14|
bad coloring on level 2  |4, 15, 0, 14|
bad coloring on level 2  |2, 13, 0, 15|
bad coloring on level 2  |3, 4, 0, 15|
bad coloring on level 2  |3, 9, 0, 15|
bad coloring on level 2  |3, 13, 0, 15|
bad coloring on level 2  |4, 9, 0, 15|
bad coloring on level 2  |4, 13, 0, 15|
bad coloring on level 2  |6, 13, 0, 15|
bad coloring on level 2  |9, 13, 0, 15|
bad coloring on level 2  |10, 13, 0, 15|
bad coloring on level 2  |13, 13, 0, 15|
bad coloring on level 2  |13, 14, 0, 15|
bad coloring on level 2  |3, 4, 2, 2|
bad coloring on level 2  |3, 15, 2, 2|
bad coloring on level 2  |0, 3, 2, 4|
bad coloring on level 2  |3, 3, 2, 4|
bad coloring on level 2  |3, 4, 2, 4|
bad coloring on level 2  |3, 9, 2, 4|
bad coloring on level 2  |3, 10, 2, 4|
bad coloring on level 2  |3, 13, 2, 4|
bad coloring on level 2  |3, 14, 2, 4|
bad coloring on level 2  |3, 15, 2, 4|
bad coloring on level 2  |10, 13, 2, 4|
bad coloring on level 2  |10, 14, 2, 4|
bad coloring on level 2  |3, 4, 2, 5|
bad coloring on level 2  |3, 15, 2, 5|
bad coloring on level 2  |0, 3, 2, 6|
bad coloring on level 2  |3, 3, 2, 6|
bad coloring on level 2  |3, 4, 2, 6|
bad coloring on level 2  |3, 9, 2, 6|
bad coloring on level 2  |3, 10, 2, 6|
bad coloring on level 2  |3, 13, 2, 6|
bad coloring on level 2  |3, 14, 2, 6|
bad coloring on level 2  |3, 15, 2, 6|
bad coloring on level 2  |10, 13, 2, 6|
bad coloring on level 2  |3, 4, 2, 9|
bad coloring on level 2  |3, 15, 2, 9|
bad coloring on level 2  |0, 15, 2, 13|
bad coloring on level 2  |3, 4, 2, 13|
bad coloring on level 2  |3, 15, 2, 13|
bad coloring on level 2  |3, 4, 2, 14|
bad coloring on level 2  |3, 15, 2, 14|
bad coloring on level 2  |4, 15, 2, 14|
bad coloring on level 2  |0, 4, 3, 3|
bad coloring on level 2  |2, 4, 3, 3|
bad coloring on level 2  |2, 6, 3, 3|
bad coloring on level 2  |3, 4, 3, 3|
bad coloring on level 2  |4, 4, 3, 3|
bad coloring on level 2  |4, 6, 3, 3|
bad coloring on level 2  |4, 9, 3, 3|
bad coloring on level 2  |4, 13, 3, 3|
bad coloring on level 2  |4, 15, 3, 3|
bad coloring on level 2  |6, 13, 3, 3|
bad coloring on level 2  |0, 0, 3, 4|
bad coloring on level 2  |0, 2, 3, 4|
bad coloring on level 2  |0, 3, 3, 4|
bad coloring on level 2  |0, 4, 3, 4|
bad coloring on level 2  |0, 5, 3, 4|
bad coloring on level 2  |0, 9, 3, 4|
bad coloring on level 2  |0, 14, 3, 4|
bad coloring on level 2  |0, 15, 3, 4|
bad coloring on level 2  |2, 2, 3, 4|
bad coloring on level 2  |2, 4, 3, 4|
bad coloring on level 2  |2, 5, 3, 4|
bad coloring on level 2  |2, 6, 3, 4|
bad coloring on level 2  |2, 9, 3, 4|
bad coloring on level 2  |2, 13, 3, 4|
bad coloring on level 2  |2, 14, 3, 4|
bad coloring on level 2  |3, 3, 3, 4|
bad coloring on level 2  |3, 4, 3, 4|
bad coloring on level 2  |3, 9, 3, 4|
bad coloring on level 2  |3, 10, 3, 4|
bad coloring on level 2  |3, 13, 3, 4|
bad coloring on level 2  |3, 14, 3, 4|
bad coloring on level 2  |3, 15, 3, 4|
bad coloring on level 2  |4, 4, 3, 4|
bad coloring on level 2  |4, 6, 3, 4|
bad coloring on level 2  |4, 9, 3, 4|
bad coloring on level 2  |4, 13, 3, 4|
bad coloring on level 2  |4, 15, 3, 4|
bad coloring on level 2  |5, 5, 3, 4|
bad coloring on level 2  |5, 6, 3, 4|
bad coloring on level 2  |5, 9, 3, 4|
bad coloring on level 2  |5, 10, 3, 4|
bad coloring on level 2  |5, 14, 3, 4|
bad coloring on level 2  |5, 15, 3, 4|
bad coloring on level 2  |6, 6, 3, 4|
bad coloring on level 2  |6, 9, 3, 4|
bad coloring on level 2  |6, 10, 3, 4|
bad coloring on level 2  |6, 13, 3, 4|
bad coloring on level 2  |6, 15, 3, 4|
bad coloring on level 2  |9, 9, 3, 4|
bad coloring on level 2  |9, 10, 3, 4|
bad coloring on level 2  |9, 13, 3, 4|
bad coloring on level 2  |9, 14, 3, 4|
bad coloring on level 2  |9, 15, 3, 4|
bad coloring on level 2  |10, 10, 3, 4|
bad coloring on level 2  |10, 13, 3, 4|
bad coloring on level 2  |10, 14, 3, 4|
bad coloring on level 2  |10, 15, 3, 4|
bad coloring on level 2  |13, 13, 3, 4|
bad coloring on level 2  |13, 14, 3, 4|
bad coloring on level 2  |14, 14, 3, 4|
bad coloring on level 2  |15, 15, 3, 4|
bad coloring on level 2  |0, 4, 3, 9|
bad coloring on level 2  |0, 15, 3, 9|
bad coloring on level 2  |2, 4, 3, 9|
bad coloring on level 2  |2, 6, 3, 9|
bad coloring on level 2  |3, 4, 3, 9|
bad coloring on level 2  |4, 4, 3, 9|
bad coloring on level 2  |4, 6, 3, 9|
bad coloring on level 2  |4, 9, 3, 9|
bad coloring on level 2  |4, 13, 3, 9|
bad coloring on level 2  |4, 15, 3, 9|
bad coloring on level 2  |6, 13, 3, 9|
bad coloring on level 2  |0, 4, 3, 10|
bad coloring on level 2  |2, 4, 3, 10|
bad coloring on level 2  |2, 6, 3, 10|
bad coloring on level 2  |3, 4, 3, 10|
bad coloring on level 2  |4, 4, 3, 10|
bad coloring on level 2  |4, 6, 3, 10|
bad coloring on level 2  |4, 9, 3, 10|
bad coloring on level 2  |4, 13, 3, 10|
bad coloring on level 2  |4, 15, 3, 10|
bad coloring on level 2  |6, 13, 3, 10|
bad coloring on level 2  |0, 4, 3, 13|
bad coloring on level 2  |0, 15, 3, 13|
bad coloring on level 2  |2, 4, 3, 13|
bad coloring on level 2  |2, 6, 3, 13|
bad coloring on level 2  |3, 4, 3, 13|
bad coloring on level 2  |4, 4, 3, 13|
bad coloring on level 2  |4, 6, 3, 13|
bad coloring on level 2  |4, 9, 3, 13|
bad coloring on level 2  |4, 13, 3, 13|
bad coloring on level 2  |4, 15, 3, 13|
bad coloring on level 2  |6, 13, 3, 13|
bad coloring on level 2  |0, 4, 3, 14|
bad coloring on level 2  |2, 4, 3, 14|
bad coloring on level 2  |2, 6, 3, 14|
bad coloring on level 2  |3, 4, 3, 14|
bad coloring on level 2  |4, 4, 3, 14|
bad coloring on level 2  |4, 6, 3, 14|
bad coloring on level 2  |4, 9, 3, 14|
bad coloring on level 2  |4, 13, 3, 14|
bad coloring on level 2  |4, 15, 3, 14|
bad coloring on level 2  |6, 13, 3, 14|
bad coloring on level 2  |0, 2, 3, 15|
bad coloring on level 2  |0, 4, 3, 15|
bad coloring on level 2  |0, 9, 3, 15|
bad coloring on level 2  |2, 2, 3, 15|
bad coloring on level 2  |2, 4, 3, 15|
bad coloring on level 2  |2, 5, 3, 15|
bad coloring on level 2  |2, 6, 3, 15|
bad coloring on level 2  |2, 9, 3, 15|
bad coloring on level 2  |2, 13, 3, 15|
bad coloring on level 2  |2, 14, 3, 15|
bad coloring on level 2  |3, 4, 3, 15|
bad coloring on level 2  |4, 4, 3, 15|
bad coloring on level 2  |4, 6, 3, 15|
bad coloring on level 2  |4, 9, 3, 15|
bad coloring on level 2  |4, 13, 3, 15|
bad coloring on level 2  |4, 15, 3, 15|
bad coloring on level 2  |6, 13, 3, 15|
bad coloring on level 2  |0, 3, 4, 4|
bad coloring on level 2  |3, 3, 4, 4|
bad coloring on level 2  |3, 4, 4, 4|
bad coloring on level 2  |3, 9, 4, 4|
bad coloring on level 2  |3, 10, 4, 4|
bad coloring on level 2  |3, 13, 4, 4|
bad coloring on level 2  |3, 14, 4, 4|
bad coloring on level 2  |3, 15, 4, 4|
bad coloring on level 2  |10, 13, 4, 4|
bad coloring on level 2  |10, 14, 4, 4|
bad coloring on level 2  |0, 3, 4, 6|
bad coloring on level 2  |3, 3, 4, 6|
bad coloring on level 2  |3, 4, 4, 6|
bad coloring on level 2  |3, 9, 4, 6|
bad coloring on level 2  |3, 10, 4, 6|
bad coloring on level 2  |3, 13, 4, 6|
bad coloring on level 2  |3, 14, 4, 6|
bad coloring on level 2  |3, 15, 4, 6|
bad coloring on level 2  |10, 13, 4, 6|
bad coloring on level 2  |10, 14, 4, 6|
bad coloring on level 2  |0, 3, 4, 9|
bad coloring on level 2  |0, 15, 4, 9|
bad coloring on level 2  |3, 3, 4, 9|
bad coloring on level 2  |3, 4, 4, 9|
bad coloring on level 2  |3, 9, 4, 9|
bad coloring on level 2  |3, 10, 4, 9|
bad coloring on level 2  |3, 13, 4, 9|
bad coloring on level 2  |3, 14, 4, 9|
bad coloring on level 2  |3, 15, 4, 9|
bad coloring on level 2  |10, 13, 4, 9|
bad coloring on level 2  |10, 14, 4, 9|
bad coloring on level 2  |0, 3, 4, 13|
bad coloring on level 2  |0, 15, 4, 13|
bad coloring on level 2  |3, 3, 4, 13|
bad coloring on level 2  |3, 4, 4, 13|
bad coloring on level 2  |3, 9, 4, 13|
bad coloring on level 2  |3, 10, 4, 13|
bad coloring on level 2  |3, 13, 4, 13|
bad coloring on level 2  |3, 14, 4, 13|
bad coloring on level 2  |3, 15, 4, 13|
bad coloring on level 2  |10, 13, 4, 13|
bad coloring on level 2  |10, 14, 4, 13|
bad coloring on level 2  |0, 3, 4, 15|
bad coloring on level 2  |0, 9, 4, 15|
bad coloring on level 2  |0, 14, 4, 15|
bad coloring on level 2  |2, 14, 4, 15|
bad coloring on level 2  |3, 3, 4, 15|
bad coloring on level 2  |3, 4, 4, 15|
bad coloring on level 2  |3, 9, 4, 15|
bad coloring on level 2  |3, 10, 4, 15|
bad coloring on level 2  |3, 13, 4, 15|
bad coloring on level 2  |3, 14, 4, 15|
bad coloring on level 2  |3, 15, 4, 15|
bad coloring on level 2  |5, 14, 4, 15|
bad coloring on level 2  |9, 14, 4, 15|
bad coloring on level 2  |10, 13, 4, 15|
bad coloring on level 2  |10, 14, 4, 15|
bad coloring on level 2  |13, 14, 4, 15|
bad coloring on level 2  |14, 14, 4, 15|
bad coloring on level 2  |3, 4, 5, 5|
bad coloring on level 2  |0, 3, 5, 6|
bad coloring on level 2  |3, 4, 5, 6|
bad coloring on level 2  |3, 4, 5, 9|
bad coloring on level 2  |0, 4, 5, 10|
bad coloring on level 2  |3, 4, 5, 10|
bad coloring on level 2  |3, 4, 5, 14|
bad coloring on level 2  |4, 15, 5, 14|
bad coloring on level 2  |3, 4, 5, 15|
bad coloring on level 2  |0, 3, 6, 6|
bad coloring on level 2  |3, 4, 6, 6|
bad coloring on level 2  |0, 3, 6, 9|
bad coloring on level 2  |3, 4, 6, 9|
bad coloring on level 2  |0, 3, 6, 10|
bad coloring on level 2  |0, 4, 6, 10|
bad coloring on level 2  |3, 4, 6, 10|
bad coloring on level 2  |0, 3, 6, 13|
bad coloring on level 2  |0, 15, 6, 13|
bad coloring on level 2  |3, 3, 6, 13|
bad coloring on level 2  |3, 4, 6, 13|
bad coloring on level 2  |3, 9, 6, 13|
bad coloring on level 2  |3, 10, 6, 13|
bad coloring on level 2  |3, 13, 6, 13|
bad coloring on level 2  |3, 14, 6, 13|
bad coloring on level 2  |3, 15, 6, 13|
bad coloring on level 2  |10, 13, 6, 13|
bad coloring on level 2  |10, 14, 6, 13|
bad coloring on level 2  |0, 3, 6, 15|
bad coloring on level 2  |3, 4, 6, 15|
bad coloring on level 2  |3, 4, 9, 9|
bad coloring on level 2  |0, 4, 9, 10|
bad coloring on level 2  |3, 4, 9, 10|
bad coloring on level 2  |0, 15, 9, 13|
bad coloring on level 2  |3, 4, 9, 13|
bad coloring on level 2  |3, 4, 9, 14|
bad coloring on level 2  |4, 15, 9, 14|
bad coloring on level 2  |0, 3, 9, 15|
bad coloring on level 2  |0, 4, 9, 15|
bad coloring on level 2  |3, 4, 9, 15|
bad coloring on level 2  |0, 4, 10, 10|
bad coloring on level 2  |3, 4, 10, 10|
bad coloring on level 2  |0, 4, 10, 13|
bad coloring on level 2  |0, 15, 10, 13|
bad coloring on level 2  |2, 4, 10, 13|
bad coloring on level 2  |2, 6, 10, 13|
bad coloring on level 2  |3, 4, 10, 13|
bad coloring on level 2  |4, 4, 10, 13|
bad coloring on level 2  |4, 6, 10, 13|
bad coloring on level 2  |4, 9, 10, 13|
bad coloring on level 2  |4, 13, 10, 13|
bad coloring on level 2  |4, 15, 10, 13|
bad coloring on level 2  |6, 13, 10, 13|
bad coloring on level 2  |0, 4, 10, 14|
bad coloring on level 2  |2, 4, 10, 14|
bad coloring on level 2  |3, 4, 10, 14|
bad coloring on level 2  |4, 4, 10, 14|
bad coloring on level 2  |4, 6, 10, 14|
bad coloring on level 2  |4, 9, 10, 14|
bad coloring on level 2  |4, 13, 10, 14|
bad coloring on level 2  |4, 15, 10, 14|
bad coloring on level 2  |6, 13, 10, 14|
bad coloring on level 2  |0, 4, 10, 15|
bad coloring on level 2  |3, 4, 10, 15|
bad coloring on level 2  |0, 15, 13, 13|
bad coloring on level 2  |3, 4, 13, 13|
bad coloring on level 2  |0, 15, 13, 14|
bad coloring on level 2  |3, 4, 13, 14|
bad coloring on level 2  |4, 15, 13, 14|
bad coloring on level 2  |3, 4, 14, 14|
bad coloring on level 2  |4, 15, 14, 14|
bad coloring on level 2  |3, 4, 15, 15|

333 bad colorings on level 2
