Trying substitutions to: 7
with goodVertices 1, 2, 4, 5, 6, 9, 11, 13
bad color to improve: 5  6  with index 71
bad color to improve: 5  9  with index 74
bad color to improve: 6  6  with index 81
bad color to improve: 6  9  with index 84
bad color to improve: 6  10  with index 85
bad color to improve: 6  15  with index 90
6 bad colorings on level 1
bad coloring on level 2  |3, 12, 0, 0|
bad coloring on level 2  |3, 12, 0, 2|
bad coloring on level 2  |0, 12, 0, 3|
bad coloring on level 2  |1, 1, 0, 3|
bad coloring on level 2  |1, 2, 0, 3|
bad coloring on level 2  |1, 7, 0, 3|
bad coloring on level 2  |1, 8, 0, 3|
bad coloring on level 2  |1, 11, 0, 3|
bad coloring on level 2  |1, 12, 0, 3|
bad coloring on level 2  |1, 13, 0, 3|
bad coloring on level 2  |1, 14, 0, 3|
bad coloring on level 2  |3, 12, 0, 3|
bad coloring on level 2  |7, 12, 0, 3|
bad coloring on level 2  |7, 14, 0, 3|
bad coloring on level 2  |8, 12, 0, 3|
bad coloring on level 2  |11, 12, 0, 3|
bad coloring on level 2  |12, 12, 0, 3|
bad coloring on level 2  |12, 14, 0, 3|
bad coloring on level 2  |3, 12, 0, 4|
bad coloring on level 2  |12, 14, 0, 4|
bad coloring on level 2  |3, 12, 0, 7|
bad coloring on level 2  |3, 14, 0, 7|
bad coloring on level 2  |12, 14, 0, 7|
bad coloring on level 2  |3, 12, 0, 11|
bad coloring on level 2  |3, 14, 0, 11|
bad coloring on level 2  |0, 3, 0, 12|
bad coloring on level 2  |1, 13, 0, 12|
bad coloring on level 2  |2, 13, 0, 12|
bad coloring on level 2  |3, 3, 0, 12|
bad coloring on level 2  |3, 4, 0, 12|
bad coloring on level 2  |3, 7, 0, 12|
bad coloring on level 2  |3, 8, 0, 12|
bad coloring on level 2  |3, 12, 0, 12|
bad coloring on level 2  |3, 13, 0, 12|
bad coloring on level 2  |3, 14, 0, 12|
bad coloring on level 2  |4, 13, 0, 12|
bad coloring on level 2  |7, 13, 0, 12|
bad coloring on level 2  |7, 14, 0, 12|
bad coloring on level 2  |8, 13, 0, 12|
bad coloring on level 2  |13, 13, 0, 12|
bad coloring on level 2  |13, 14, 0, 12|
bad coloring on level 2  |1, 8, 0, 14|
bad coloring on level 2  |3, 7, 0, 14|
bad coloring on level 2  |3, 8, 0, 14|
bad coloring on level 2  |3, 12, 0, 14|
bad coloring on level 2  |4, 8, 0, 14|
bad coloring on level 2  |7, 8, 0, 14|
bad coloring on level 2  |7, 12, 0, 14|
bad coloring on level 2  |8, 8, 0, 14|
bad coloring on level 2  |8, 11, 0, 14|
bad coloring on level 2  |8, 12, 0, 14|
bad coloring on level 2  |8, 13, 0, 14|
bad coloring on level 2  |0, 3, 1, 1|
bad coloring on level 2  |3, 12, 1, 1|
bad coloring on level 2  |0, 3, 1, 2|
bad coloring on level 2  |3, 12, 1, 2|
bad coloring on level 2  |0, 3, 1, 7|
bad coloring on level 2  |3, 12, 1, 7|
bad coloring on level 2  |0, 3, 1, 8|
bad coloring on level 2  |0, 14, 1, 8|
bad coloring on level 2  |3, 3, 1, 8|
bad coloring on level 2  |3, 4, 1, 8|
bad coloring on level 2  |3, 7, 1, 8|
bad coloring on level 2  |3, 8, 1, 8|
bad coloring on level 2  |3, 12, 1, 8|
bad coloring on level 2  |3, 13, 1, 8|
bad coloring on level 2  |3, 14, 1, 8|
bad coloring on level 2  |4, 13, 1, 8|
bad coloring on level 2  |8, 13, 1, 8|
bad coloring on level 2  |0, 3, 1, 11|
bad coloring on level 2  |3, 3, 1, 11|
bad coloring on level 2  |3, 4, 1, 11|
bad coloring on level 2  |3, 7, 1, 11|
bad coloring on level 2  |3, 8, 1, 11|
bad coloring on level 2  |3, 12, 1, 11|
bad coloring on level 2  |3, 13, 1, 11|
bad coloring on level 2  |3, 14, 1, 11|
bad coloring on level 2  |8, 13, 1, 11|
bad coloring on level 2  |0, 3, 1, 12|
bad coloring on level 2  |3, 3, 1, 12|
bad coloring on level 2  |3, 4, 1, 12|
bad coloring on level 2  |3, 7, 1, 12|
bad coloring on level 2  |3, 8, 1, 12|
bad coloring on level 2  |3, 12, 1, 12|
bad coloring on level 2  |3, 13, 1, 12|
bad coloring on level 2  |3, 14, 1, 12|
bad coloring on level 2  |4, 13, 1, 12|
bad coloring on level 2  |8, 13, 1, 12|
bad coloring on level 2  |0, 3, 1, 13|
bad coloring on level 2  |0, 12, 1, 13|
bad coloring on level 2  |3, 12, 1, 13|
bad coloring on level 2  |0, 3, 1, 14|
bad coloring on level 2  |3, 12, 1, 14|
bad coloring on level 2  |3, 12, 2, 2|
bad coloring on level 2  |3, 12, 2, 4|
bad coloring on level 2  |12, 14, 2, 4|
bad coloring on level 2  |3, 12, 2, 7|
bad coloring on level 2  |3, 12, 2, 11|
bad coloring on level 2  |3, 14, 2, 11|
bad coloring on level 2  |0, 12, 2, 13|
bad coloring on level 2  |3, 12, 2, 13|
bad coloring on level 2  |3, 12, 2, 14|
bad coloring on level 2  |0, 12, 3, 3|
bad coloring on level 2  |1, 8, 3, 3|
bad coloring on level 2  |1, 11, 3, 3|
bad coloring on level 2  |1, 12, 3, 3|
bad coloring on level 2  |3, 12, 3, 3|
bad coloring on level 2  |7, 12, 3, 3|
bad coloring on level 2  |8, 12, 3, 3|
bad coloring on level 2  |11, 12, 3, 3|
bad coloring on level 2  |12, 12, 3, 3|
bad coloring on level 2  |12, 14, 3, 3|
bad coloring on level 2  |0, 12, 3, 4|
bad coloring on level 2  |1, 8, 3, 4|
bad coloring on level 2  |1, 11, 3, 4|
bad coloring on level 2  |1, 12, 3, 4|
bad coloring on level 2  |3, 12, 3, 4|
bad coloring on level 2  |7, 12, 3, 4|
bad coloring on level 2  |8, 12, 3, 4|
bad coloring on level 2  |11, 12, 3, 4|
bad coloring on level 2  |12, 12, 3, 4|
bad coloring on level 2  |12, 14, 3, 4|
bad coloring on level 2  |0, 12, 3, 7|
bad coloring on level 2  |0, 14, 3, 7|
bad coloring on level 2  |1, 8, 3, 7|
bad coloring on level 2  |1, 11, 3, 7|
bad coloring on level 2  |1, 12, 3, 7|
bad coloring on level 2  |3, 12, 3, 7|
bad coloring on level 2  |7, 12, 3, 7|
bad coloring on level 2  |8, 12, 3, 7|
bad coloring on level 2  |11, 12, 3, 7|
bad coloring on level 2  |12, 12, 3, 7|
bad coloring on level 2  |12, 14, 3, 7|
bad coloring on level 2  |0, 12, 3, 8|
bad coloring on level 2  |0, 14, 3, 8|
bad coloring on level 2  |1, 8, 3, 8|
bad coloring on level 2  |1, 11, 3, 8|
bad coloring on level 2  |1, 12, 3, 8|
bad coloring on level 2  |3, 12, 3, 8|
bad coloring on level 2  |7, 12, 3, 8|
bad coloring on level 2  |8, 12, 3, 8|
bad coloring on level 2  |11, 12, 3, 8|
bad coloring on level 2  |12, 12, 3, 8|
bad coloring on level 2  |12, 14, 3, 8|
bad coloring on level 2  |0, 0, 3, 12|
bad coloring on level 2  |0, 2, 3, 12|
bad coloring on level 2  |0, 3, 3, 12|
bad coloring on level 2  |0, 4, 3, 12|
bad coloring on level 2  |0, 7, 3, 12|
bad coloring on level 2  |0, 11, 3, 12|
bad coloring on level 2  |0, 12, 3, 12|
bad coloring on level 2  |0, 14, 3, 12|
bad coloring on level 2  |1, 1, 3, 12|
bad coloring on level 2  |1, 2, 3, 12|
bad coloring on level 2  |1, 7, 3, 12|
bad coloring on level 2  |1, 8, 3, 12|
bad coloring on level 2  |1, 11, 3, 12|
bad coloring on level 2  |1, 12, 3, 12|
bad coloring on level 2  |1, 13, 3, 12|
bad coloring on level 2  |1, 14, 3, 12|
bad coloring on level 2  |2, 2, 3, 12|
bad coloring on level 2  |2, 4, 3, 12|
bad coloring on level 2  |2, 7, 3, 12|
bad coloring on level 2  |2, 11, 3, 12|
bad coloring on level 2  |2, 13, 3, 12|
bad coloring on level 2  |2, 14, 3, 12|
bad coloring on level 2  |3, 3, 3, 12|
bad coloring on level 2  |3, 4, 3, 12|
bad coloring on level 2  |3, 7, 3, 12|
bad coloring on level 2  |3, 8, 3, 12|
bad coloring on level 2  |3, 12, 3, 12|
bad coloring on level 2  |3, 13, 3, 12|
bad coloring on level 2  |3, 14, 3, 12|
bad coloring on level 2  |4, 4, 3, 12|
bad coloring on level 2  |4, 7, 3, 12|
bad coloring on level 2  |4, 8, 3, 12|
bad coloring on level 2  |4, 11, 3, 12|
bad coloring on level 2  |4, 13, 3, 12|
bad coloring on level 2  |7, 7, 3, 12|
bad coloring on level 2  |7, 8, 3, 12|
bad coloring on level 2  |7, 11, 3, 12|
bad coloring on level 2  |7, 12, 3, 12|
bad coloring on level 2  |7, 13, 3, 12|
bad coloring on level 2  |7, 14, 3, 12|
bad coloring on level 2  |8, 8, 3, 12|
bad coloring on level 2  |8, 11, 3, 12|
bad coloring on level 2  |8, 12, 3, 12|
bad coloring on level 2  |8, 13, 3, 12|
bad coloring on level 2  |11, 11, 3, 12|
bad coloring on level 2  |11, 12, 3, 12|
bad coloring on level 2  |12, 12, 3, 12|
bad coloring on level 2  |12, 14, 3, 12|
bad coloring on level 2  |13, 13, 3, 12|
bad coloring on level 2  |13, 14, 3, 12|
bad coloring on level 2  |14, 14, 3, 12|
bad coloring on level 2  |0, 12, 3, 13|
bad coloring on level 2  |1, 8, 3, 13|
bad coloring on level 2  |1, 11, 3, 13|
bad coloring on level 2  |1, 12, 3, 13|
bad coloring on level 2  |3, 12, 3, 13|
bad coloring on level 2  |7, 12, 3, 13|
bad coloring on level 2  |8, 12, 3, 13|
bad coloring on level 2  |11, 12, 3, 13|
bad coloring on level 2  |12, 12, 3, 13|
bad coloring on level 2  |12, 14, 3, 13|
bad coloring on level 2  |0, 7, 3, 14|
bad coloring on level 2  |0, 11, 3, 14|
bad coloring on level 2  |0, 12, 3, 14|
bad coloring on level 2  |1, 8, 3, 14|
bad coloring on level 2  |1, 11, 3, 14|
bad coloring on level 2  |1, 12, 3, 14|
bad coloring on level 2  |2, 11, 3, 14|
bad coloring on level 2  |3, 12, 3, 14|
bad coloring on level 2  |4, 11, 3, 14|
bad coloring on level 2  |7, 11, 3, 14|
bad coloring on level 2  |7, 12, 3, 14|
bad coloring on level 2  |8, 11, 3, 14|
bad coloring on level 2  |8, 12, 3, 14|
bad coloring on level 2  |11, 11, 3, 14|
bad coloring on level 2  |11, 12, 3, 14|
bad coloring on level 2  |12, 12, 3, 14|
bad coloring on level 2  |12, 14, 3, 14|
bad coloring on level 2  |3, 12, 4, 4|
bad coloring on level 2  |12, 14, 4, 4|
bad coloring on level 2  |3, 12, 4, 7|
bad coloring on level 2  |12, 14, 4, 7|
bad coloring on level 2  |0, 14, 4, 8|
bad coloring on level 2  |3, 12, 4, 8|
bad coloring on level 2  |12, 14, 4, 8|
bad coloring on level 2  |3, 12, 4, 11|
bad coloring on level 2  |3, 14, 4, 11|
bad coloring on level 2  |12, 14, 4, 11|
bad coloring on level 2  |0, 12, 4, 13|
bad coloring on level 2  |1, 8, 4, 13|
bad coloring on level 2  |1, 12, 4, 13|
bad coloring on level 2  |3, 12, 4, 13|
bad coloring on level 2  |7, 12, 4, 13|
bad coloring on level 2  |8, 12, 4, 13|
bad coloring on level 2  |11, 12, 4, 13|
bad coloring on level 2  |12, 12, 4, 13|
bad coloring on level 2  |12, 14, 4, 13|
bad coloring on level 2  |3, 12, 7, 7|
bad coloring on level 2  |0, 14, 7, 8|
bad coloring on level 2  |3, 12, 7, 8|
bad coloring on level 2  |3, 12, 7, 11|
bad coloring on level 2  |3, 14, 7, 11|
bad coloring on level 2  |0, 3, 7, 12|
bad coloring on level 2  |0, 14, 7, 12|
bad coloring on level 2  |3, 3, 7, 12|
bad coloring on level 2  |3, 4, 7, 12|
bad coloring on level 2  |3, 7, 7, 12|
bad coloring on level 2  |3, 8, 7, 12|
bad coloring on level 2  |3, 12, 7, 12|
bad coloring on level 2  |3, 13, 7, 12|
bad coloring on level 2  |3, 14, 7, 12|
bad coloring on level 2  |4, 13, 7, 12|
bad coloring on level 2  |8, 13, 7, 12|
bad coloring on level 2  |0, 12, 7, 13|
bad coloring on level 2  |3, 12, 7, 13|
bad coloring on level 2  |0, 3, 7, 14|
bad coloring on level 2  |0, 12, 7, 14|
bad coloring on level 2  |3, 12, 7, 14|
bad coloring on level 2  |0, 14, 8, 8|
bad coloring on level 2  |3, 12, 8, 8|
bad coloring on level 2  |0, 14, 8, 11|
bad coloring on level 2  |3, 12, 8, 11|
bad coloring on level 2  |3, 14, 8, 11|
bad coloring on level 2  |0, 3, 8, 12|
bad coloring on level 2  |0, 14, 8, 12|
bad coloring on level 2  |3, 3, 8, 12|
bad coloring on level 2  |3, 4, 8, 12|
bad coloring on level 2  |3, 7, 8, 12|
bad coloring on level 2  |3, 8, 8, 12|
bad coloring on level 2  |3, 12, 8, 12|
bad coloring on level 2  |3, 13, 8, 12|
bad coloring on level 2  |3, 14, 8, 12|
bad coloring on level 2  |4, 13, 8, 12|
bad coloring on level 2  |8, 13, 8, 12|
bad coloring on level 2  |0, 12, 8, 13|
bad coloring on level 2  |0, 14, 8, 13|
bad coloring on level 2  |1, 8, 8, 13|
bad coloring on level 2  |1, 11, 8, 13|
bad coloring on level 2  |1, 12, 8, 13|
bad coloring on level 2  |3, 12, 8, 13|
bad coloring on level 2  |7, 12, 8, 13|
bad coloring on level 2  |8, 12, 8, 13|
bad coloring on level 2  |11, 12, 8, 13|
bad coloring on level 2  |12, 12, 8, 13|
bad coloring on level 2  |12, 14, 8, 13|
bad coloring on level 2  |3, 12, 11, 11|
bad coloring on level 2  |3, 14, 11, 11|
bad coloring on level 2  |0, 3, 11, 12|
bad coloring on level 2  |3, 3, 11, 12|
bad coloring on level 2  |3, 4, 11, 12|
bad coloring on level 2  |3, 7, 11, 12|
bad coloring on level 2  |3, 8, 11, 12|
bad coloring on level 2  |3, 12, 11, 12|
bad coloring on level 2  |3, 13, 11, 12|
bad coloring on level 2  |3, 14, 11, 12|
bad coloring on level 2  |4, 13, 11, 12|
bad coloring on level 2  |8, 13, 11, 12|
bad coloring on level 2  |0, 3, 12, 12|
bad coloring on level 2  |3, 3, 12, 12|
bad coloring on level 2  |3, 4, 12, 12|
bad coloring on level 2  |3, 7, 12, 12|
bad coloring on level 2  |3, 8, 12, 12|
bad coloring on level 2  |3, 12, 12, 12|
bad coloring on level 2  |3, 13, 12, 12|
bad coloring on level 2  |3, 14, 12, 12|
bad coloring on level 2  |4, 13, 12, 12|
bad coloring on level 2  |8, 13, 12, 12|
bad coloring on level 2  |0, 3, 12, 14|
bad coloring on level 2  |0, 4, 12, 14|
bad coloring on level 2  |0, 7, 12, 14|
bad coloring on level 2  |2, 4, 12, 14|
bad coloring on level 2  |3, 3, 12, 14|
bad coloring on level 2  |3, 4, 12, 14|
bad coloring on level 2  |3, 7, 12, 14|
bad coloring on level 2  |3, 8, 12, 14|
bad coloring on level 2  |3, 12, 12, 14|
bad coloring on level 2  |3, 13, 12, 14|
bad coloring on level 2  |3, 14, 12, 14|
bad coloring on level 2  |4, 4, 12, 14|
bad coloring on level 2  |4, 7, 12, 14|
bad coloring on level 2  |4, 8, 12, 14|
bad coloring on level 2  |4, 11, 12, 14|
bad coloring on level 2  |4, 13, 12, 14|
bad coloring on level 2  |8, 13, 12, 14|
bad coloring on level 2  |0, 12, 13, 13|
bad coloring on level 2  |3, 12, 13, 13|
bad coloring on level 2  |0, 12, 13, 14|
bad coloring on level 2  |3, 12, 13, 14|
bad coloring on level 2  |3, 12, 14, 14|

333 bad colorings on level 2
