Trying substitutions to: 0
with goodVertices 1, 2, 5, 6, 10, 11, 12, 14, 15
bad color to improve: 1  6  with index 21
bad color to improve: 1  8  with index 23
bad color to improve: 1  10  with index 25
bad color to improve: 6  10  with index 85
4 bad colorings on level 1
bad coloring on level 2  |3, 4, 0, 2|
bad coloring on level 2  |3, 15, 0, 2|
bad coloring on level 2  |2, 4, 0, 3|
bad coloring on level 2  |2, 11, 0, 3|
bad coloring on level 2  |4, 7, 0, 3|
bad coloring on level 2  |3, 7, 0, 4|
bad coloring on level 2  |3, 14, 0, 4|
bad coloring on level 2  |12, 14, 0, 4|
bad coloring on level 2  |3, 4, 0, 7|
bad coloring on level 2  |9, 15, 0, 7|
bad coloring on level 2  |3, 4, 0, 14|
bad coloring on level 2  |4, 15, 0, 14|
bad coloring on level 2  |3, 4, 2, 2|
bad coloring on level 2  |3, 15, 2, 2|
bad coloring on level 2  |0, 3, 2, 4|
bad coloring on level 2  |3, 3, 2, 4|
bad coloring on level 2  |3, 4, 2, 4|
bad coloring on level 2  |3, 7, 2, 4|
bad coloring on level 2  |3, 9, 2, 4|
bad coloring on level 2  |3, 12, 2, 4|
bad coloring on level 2  |3, 14, 2, 4|
bad coloring on level 2  |3, 15, 2, 4|
bad coloring on level 2  |12, 14, 2, 4|
bad coloring on level 2  |3, 4, 2, 5|
bad coloring on level 2  |3, 15, 2, 5|
bad coloring on level 2  |3, 4, 2, 7|
bad coloring on level 2  |3, 15, 2, 7|
bad coloring on level 2  |9, 15, 2, 7|
bad coloring on level 2  |3, 4, 2, 9|
bad coloring on level 2  |3, 15, 2, 9|
bad coloring on level 2  |0, 3, 2, 11|
bad coloring on level 2  |3, 3, 2, 11|
bad coloring on level 2  |3, 4, 2, 11|
bad coloring on level 2  |3, 7, 2, 11|
bad coloring on level 2  |3, 9, 2, 11|
bad coloring on level 2  |3, 12, 2, 11|
bad coloring on level 2  |3, 14, 2, 11|
bad coloring on level 2  |3, 15, 2, 11|
bad coloring on level 2  |3, 4, 2, 14|
bad coloring on level 2  |3, 15, 2, 14|
bad coloring on level 2  |4, 15, 2, 14|
bad coloring on level 2  |2, 4, 3, 3|
bad coloring on level 2  |2, 11, 3, 3|
bad coloring on level 2  |4, 7, 3, 3|
bad coloring on level 2  |0, 2, 3, 4|
bad coloring on level 2  |0, 7, 3, 4|
bad coloring on level 2  |0, 14, 3, 4|
bad coloring on level 2  |2, 2, 3, 4|
bad coloring on level 2  |2, 4, 3, 4|
bad coloring on level 2  |2, 5, 3, 4|
bad coloring on level 2  |2, 7, 3, 4|
bad coloring on level 2  |2, 9, 3, 4|
bad coloring on level 2  |2, 11, 3, 4|
bad coloring on level 2  |2, 14, 3, 4|
bad coloring on level 2  |3, 7, 3, 4|
bad coloring on level 2  |3, 14, 3, 4|
bad coloring on level 2  |4, 7, 3, 4|
bad coloring on level 2  |5, 14, 3, 4|
bad coloring on level 2  |7, 7, 3, 4|
bad coloring on level 2  |7, 11, 3, 4|
bad coloring on level 2  |7, 12, 3, 4|
bad coloring on level 2  |7, 14, 3, 4|
bad coloring on level 2  |9, 14, 3, 4|
bad coloring on level 2  |12, 14, 3, 4|
bad coloring on level 2  |14, 14, 3, 4|
bad coloring on level 2  |0, 4, 3, 7|
bad coloring on level 2  |2, 4, 3, 7|
bad coloring on level 2  |2, 11, 3, 7|
bad coloring on level 2  |3, 4, 3, 7|
bad coloring on level 2  |4, 4, 3, 7|
bad coloring on level 2  |4, 7, 3, 7|
bad coloring on level 2  |4, 9, 3, 7|
bad coloring on level 2  |4, 11, 3, 7|
bad coloring on level 2  |4, 15, 3, 7|
bad coloring on level 2  |9, 15, 3, 7|
bad coloring on level 2  |2, 4, 3, 9|
bad coloring on level 2  |2, 11, 3, 9|
bad coloring on level 2  |4, 7, 3, 9|
bad coloring on level 2  |7, 11, 3, 9|
bad coloring on level 2  |2, 4, 3, 12|
bad coloring on level 2  |2, 11, 3, 12|
bad coloring on level 2  |4, 7, 3, 12|
bad coloring on level 2  |0, 4, 3, 14|
bad coloring on level 2  |2, 4, 3, 14|
bad coloring on level 2  |2, 11, 3, 14|
bad coloring on level 2  |3, 4, 3, 14|
bad coloring on level 2  |4, 4, 3, 14|
bad coloring on level 2  |4, 7, 3, 14|
bad coloring on level 2  |4, 9, 3, 14|
bad coloring on level 2  |4, 11, 3, 14|
bad coloring on level 2  |4, 15, 3, 14|
bad coloring on level 2  |0, 2, 3, 15|
bad coloring on level 2  |2, 2, 3, 15|
bad coloring on level 2  |2, 4, 3, 15|
bad coloring on level 2  |2, 5, 3, 15|
bad coloring on level 2  |2, 7, 3, 15|
bad coloring on level 2  |2, 9, 3, 15|
bad coloring on level 2  |2, 11, 3, 15|
bad coloring on level 2  |2, 14, 3, 15|
bad coloring on level 2  |4, 7, 3, 15|
bad coloring on level 2  |3, 7, 4, 4|
bad coloring on level 2  |3, 14, 4, 4|
bad coloring on level 2  |12, 14, 4, 4|
bad coloring on level 2  |0, 3, 4, 7|
bad coloring on level 2  |3, 3, 4, 7|
bad coloring on level 2  |3, 4, 4, 7|
bad coloring on level 2  |3, 7, 4, 7|
bad coloring on level 2  |3, 9, 4, 7|
bad coloring on level 2  |3, 12, 4, 7|
bad coloring on level 2  |3, 14, 4, 7|
bad coloring on level 2  |3, 15, 4, 7|
bad coloring on level 2  |9, 15, 4, 7|
bad coloring on level 2  |12, 14, 4, 7|
bad coloring on level 2  |3, 7, 4, 9|
bad coloring on level 2  |3, 14, 4, 9|
bad coloring on level 2  |7, 12, 4, 9|
bad coloring on level 2  |12, 14, 4, 9|
bad coloring on level 2  |3, 7, 4, 11|
bad coloring on level 2  |3, 14, 4, 11|
bad coloring on level 2  |12, 14, 4, 11|
bad coloring on level 2  |0, 14, 4, 15|
bad coloring on level 2  |2, 14, 4, 15|
bad coloring on level 2  |3, 7, 4, 15|
bad coloring on level 2  |3, 14, 4, 15|
bad coloring on level 2  |5, 14, 4, 15|
bad coloring on level 2  |7, 14, 4, 15|
bad coloring on level 2  |9, 14, 4, 15|
bad coloring on level 2  |12, 14, 4, 15|
bad coloring on level 2  |14, 14, 4, 15|
bad coloring on level 2  |3, 4, 5, 14|
bad coloring on level 2  |4, 15, 5, 14|
bad coloring on level 2  |3, 4, 7, 7|
bad coloring on level 2  |9, 15, 7, 7|
bad coloring on level 2  |3, 4, 7, 11|
bad coloring on level 2  |3, 9, 7, 11|
bad coloring on level 2  |9, 15, 7, 11|
bad coloring on level 2  |3, 4, 7, 12|
bad coloring on level 2  |4, 9, 7, 12|
bad coloring on level 2  |9, 15, 7, 12|
bad coloring on level 2  |3, 4, 7, 14|
bad coloring on level 2  |4, 15, 7, 14|
bad coloring on level 2  |9, 15, 7, 14|
bad coloring on level 2  |3, 4, 9, 14|
bad coloring on level 2  |4, 15, 9, 14|
bad coloring on level 2  |0, 7, 9, 15|
bad coloring on level 2  |2, 7, 9, 15|
bad coloring on level 2  |3, 7, 9, 15|
bad coloring on level 2  |4, 7, 9, 15|
bad coloring on level 2  |7, 7, 9, 15|
bad coloring on level 2  |7, 11, 9, 15|
bad coloring on level 2  |7, 12, 9, 15|
bad coloring on level 2  |7, 14, 9, 15|
bad coloring on level 2  |0, 4, 12, 14|
bad coloring on level 2  |2, 4, 12, 14|
bad coloring on level 2  |3, 4, 12, 14|
bad coloring on level 2  |4, 4, 12, 14|
bad coloring on level 2  |4, 7, 12, 14|
bad coloring on level 2  |4, 9, 12, 14|
bad coloring on level 2  |4, 11, 12, 14|
bad coloring on level 2  |4, 15, 12, 14|
bad coloring on level 2  |3, 4, 14, 14|
bad coloring on level 2  |4, 15, 14, 14|

162 bad colorings on level 2
