Trying substitutions to: 13
with goodVertices 1, 2, 3, 5, 7, 9, 10, 12, 14
bad color to improve: 0  5  with index 5
bad color to improve: 0  12  with index 12
bad color to improve: 5  12  with index 77
3 bad colorings on level 1
bad coloring on level 2  |3, 4, 1, 6|
bad coloring on level 2  |3, 7, 1, 6|
bad coloring on level 2  |4, 8, 1, 6|
bad coloring on level 2  |2, 9, 1, 8|
bad coloring on level 2  |4, 6, 1, 8|
bad coloring on level 2  |4, 9, 1, 8|
bad coloring on level 2  |2, 4, 1, 10|
bad coloring on level 2  |3, 4, 1, 10|
bad coloring on level 2  |4, 4, 1, 10|
bad coloring on level 2  |4, 6, 1, 10|
bad coloring on level 2  |4, 7, 1, 10|
bad coloring on level 2  |4, 8, 1, 10|
bad coloring on level 2  |4, 9, 1, 10|
bad coloring on level 2  |4, 13, 1, 10|
bad coloring on level 2  |1, 10, 2, 4|
bad coloring on level 2  |6, 8, 2, 4|
bad coloring on level 2  |8, 10, 2, 4|
bad coloring on level 2  |3, 7, 2, 6|
bad coloring on level 2  |3, 8, 2, 6|
bad coloring on level 2  |4, 8, 2, 6|
bad coloring on level 2  |8, 13, 2, 6|
bad coloring on level 2  |1, 8, 2, 9|
bad coloring on level 2  |3, 8, 2, 9|
bad coloring on level 2  |4, 8, 2, 9|
bad coloring on level 2  |6, 8, 2, 9|
bad coloring on level 2  |7, 8, 2, 9|
bad coloring on level 2  |8, 8, 2, 9|
bad coloring on level 2  |8, 10, 2, 9|
bad coloring on level 2  |8, 13, 2, 9|
bad coloring on level 2  |1, 6, 3, 4|
bad coloring on level 2  |1, 10, 3, 4|
bad coloring on level 2  |6, 8, 3, 4|
bad coloring on level 2  |1, 6, 3, 7|
bad coloring on level 2  |2, 6, 3, 7|
bad coloring on level 2  |4, 6, 3, 7|
bad coloring on level 2  |6, 6, 3, 7|
bad coloring on level 2  |6, 8, 3, 7|
bad coloring on level 2  |6, 9, 3, 7|
bad coloring on level 2  |6, 10, 3, 7|
bad coloring on level 2  |6, 13, 3, 7|
bad coloring on level 2  |2, 6, 3, 8|
bad coloring on level 2  |2, 9, 3, 8|
bad coloring on level 2  |4, 6, 3, 8|
bad coloring on level 2  |6, 13, 3, 8|
bad coloring on level 2  |1, 10, 4, 4|
bad coloring on level 2  |6, 8, 4, 4|
bad coloring on level 2  |1, 8, 4, 6|
bad coloring on level 2  |1, 10, 4, 6|
bad coloring on level 2  |3, 7, 4, 6|
bad coloring on level 2  |3, 8, 4, 6|
bad coloring on level 2  |4, 8, 4, 6|
bad coloring on level 2  |6, 8, 4, 6|
bad coloring on level 2  |7, 8, 4, 6|
bad coloring on level 2  |8, 8, 4, 6|
bad coloring on level 2  |8, 10, 4, 6|
bad coloring on level 2  |8, 13, 4, 6|
bad coloring on level 2  |1, 10, 4, 7|
bad coloring on level 2  |6, 8, 4, 7|
bad coloring on level 2  |6, 10, 4, 7|
bad coloring on level 2  |1, 6, 4, 8|
bad coloring on level 2  |1, 10, 4, 8|
bad coloring on level 2  |2, 6, 4, 8|
bad coloring on level 2  |2, 9, 4, 8|
bad coloring on level 2  |4, 6, 4, 8|
bad coloring on level 2  |6, 6, 4, 8|
bad coloring on level 2  |6, 8, 4, 8|
bad coloring on level 2  |6, 9, 4, 8|
bad coloring on level 2  |6, 10, 4, 8|
bad coloring on level 2  |6, 13, 4, 8|
bad coloring on level 2  |1, 8, 4, 9|
bad coloring on level 2  |1, 10, 4, 9|
bad coloring on level 2  |6, 8, 4, 9|
bad coloring on level 2  |1, 10, 4, 13|
bad coloring on level 2  |6, 8, 4, 13|
bad coloring on level 2  |3, 7, 6, 6|
bad coloring on level 2  |4, 8, 6, 6|
bad coloring on level 2  |8, 13, 6, 6|
bad coloring on level 2  |2, 4, 6, 8|
bad coloring on level 2  |2, 9, 6, 8|
bad coloring on level 2  |3, 4, 6, 8|
bad coloring on level 2  |3, 7, 6, 8|
bad coloring on level 2  |4, 4, 6, 8|
bad coloring on level 2  |4, 6, 6, 8|
bad coloring on level 2  |4, 7, 6, 8|
bad coloring on level 2  |4, 8, 6, 8|
bad coloring on level 2  |4, 9, 6, 8|
bad coloring on level 2  |4, 13, 6, 8|
bad coloring on level 2  |6, 13, 6, 8|
bad coloring on level 2  |8, 13, 6, 8|
bad coloring on level 2  |3, 7, 6, 9|
bad coloring on level 2  |4, 8, 6, 9|
bad coloring on level 2  |7, 8, 6, 9|
bad coloring on level 2  |8, 13, 6, 9|
bad coloring on level 2  |3, 7, 6, 10|
bad coloring on level 2  |4, 7, 6, 10|
bad coloring on level 2  |4, 8, 6, 10|
bad coloring on level 2  |3, 7, 6, 13|
bad coloring on level 2  |3, 8, 6, 13|
bad coloring on level 2  |4, 8, 6, 13|
bad coloring on level 2  |6, 8, 6, 13|
bad coloring on level 2  |7, 8, 6, 13|
bad coloring on level 2  |8, 8, 6, 13|
bad coloring on level 2  |8, 13, 6, 13|
bad coloring on level 2  |2, 9, 7, 8|
bad coloring on level 2  |4, 6, 7, 8|
bad coloring on level 2  |6, 9, 7, 8|
bad coloring on level 2  |6, 13, 7, 8|
bad coloring on level 2  |2, 9, 8, 8|
bad coloring on level 2  |4, 6, 8, 8|
bad coloring on level 2  |6, 13, 8, 8|
bad coloring on level 2  |2, 4, 8, 10|
bad coloring on level 2  |2, 9, 8, 10|
bad coloring on level 2  |4, 6, 8, 10|
bad coloring on level 2  |2, 6, 8, 13|
bad coloring on level 2  |2, 9, 8, 13|
bad coloring on level 2  |4, 6, 8, 13|
bad coloring on level 2  |6, 6, 8, 13|
bad coloring on level 2  |6, 8, 8, 13|
bad coloring on level 2  |6, 9, 8, 13|
bad coloring on level 2  |6, 13, 8, 13|

120 bad colorings on level 2
