Trying substitutions to: 12
with goodVertices 1, 2, 4, 5, 6, 7, 8, 11, 15
bad color to improve: 2  4  with index 33
bad color to improve: 2  6  with index 35
bad color to improve: 4  6  with index 60
bad color to improve: 6  13  with index 88
4 bad colorings on level 1
bad coloring on level 2  |1, 5, 0, 3|
bad coloring on level 2  |1, 10, 0, 3|
bad coloring on level 2  |5, 14, 0, 3|
bad coloring on level 2  |10, 14, 0, 3|
bad coloring on level 2  |3, 7, 0, 5|
bad coloring on level 2  |3, 14, 0, 5|
bad coloring on level 2  |1, 10, 0, 7|
bad coloring on level 2  |3, 10, 0, 7|
bad coloring on level 2  |5, 10, 0, 7|
bad coloring on level 2  |8, 10, 0, 7|
bad coloring on level 2  |10, 10, 0, 7|
bad coloring on level 2  |10, 12, 0, 7|
bad coloring on level 2  |10, 14, 0, 7|
bad coloring on level 2  |10, 15, 0, 7|
bad coloring on level 2  |3, 10, 0, 14|
bad coloring on level 2  |3, 15, 0, 14|
bad coloring on level 2  |8, 10, 0, 14|
bad coloring on level 2  |8, 15, 0, 14|
bad coloring on level 2  |3, 14, 0, 15|
bad coloring on level 2  |7, 14, 0, 15|
bad coloring on level 2  |0, 3, 1, 5|
bad coloring on level 2  |3, 3, 1, 5|
bad coloring on level 2  |3, 7, 1, 5|
bad coloring on level 2  |3, 8, 1, 5|
bad coloring on level 2  |3, 10, 1, 5|
bad coloring on level 2  |3, 12, 1, 5|
bad coloring on level 2  |3, 14, 1, 5|
bad coloring on level 2  |3, 15, 1, 5|
bad coloring on level 2  |8, 10, 1, 5|
bad coloring on level 2  |0, 3, 1, 10|
bad coloring on level 2  |0, 7, 1, 10|
bad coloring on level 2  |3, 3, 1, 10|
bad coloring on level 2  |3, 7, 1, 10|
bad coloring on level 2  |3, 8, 1, 10|
bad coloring on level 2  |3, 10, 1, 10|
bad coloring on level 2  |3, 12, 1, 10|
bad coloring on level 2  |3, 14, 1, 10|
bad coloring on level 2  |3, 15, 1, 10|
bad coloring on level 2  |8, 10, 1, 10|
bad coloring on level 2  |8, 15, 1, 10|
bad coloring on level 2  |3, 10, 1, 14|
bad coloring on level 2  |3, 15, 1, 14|
bad coloring on level 2  |8, 10, 1, 14|
bad coloring on level 2  |8, 15, 1, 14|
bad coloring on level 2  |1, 5, 3, 3|
bad coloring on level 2  |1, 10, 3, 3|
bad coloring on level 2  |5, 14, 3, 3|
bad coloring on level 2  |10, 14, 3, 3|
bad coloring on level 2  |0, 5, 3, 7|
bad coloring on level 2  |1, 5, 3, 7|
bad coloring on level 2  |1, 10, 3, 7|
bad coloring on level 2  |5, 5, 3, 7|
bad coloring on level 2  |5, 10, 3, 7|
bad coloring on level 2  |5, 11, 3, 7|
bad coloring on level 2  |5, 12, 3, 7|
bad coloring on level 2  |5, 14, 3, 7|
bad coloring on level 2  |5, 15, 3, 7|
bad coloring on level 2  |10, 14, 3, 7|
bad coloring on level 2  |1, 5, 3, 8|
bad coloring on level 2  |1, 10, 3, 8|
bad coloring on level 2  |5, 14, 3, 8|
bad coloring on level 2  |10, 14, 3, 8|
bad coloring on level 2  |0, 7, 3, 10|
bad coloring on level 2  |0, 14, 3, 10|
bad coloring on level 2  |1, 5, 3, 10|
bad coloring on level 2  |1, 10, 3, 10|
bad coloring on level 2  |1, 14, 3, 10|
bad coloring on level 2  |3, 14, 3, 10|
bad coloring on level 2  |5, 14, 3, 10|
bad coloring on level 2  |7, 14, 3, 10|
bad coloring on level 2  |10, 14, 3, 10|
bad coloring on level 2  |12, 14, 3, 10|
bad coloring on level 2  |14, 14, 3, 10|
bad coloring on level 2  |1, 5, 3, 12|
bad coloring on level 2  |1, 10, 3, 12|
bad coloring on level 2  |5, 14, 3, 12|
bad coloring on level 2  |10, 14, 3, 12|
bad coloring on level 2  |0, 5, 3, 14|
bad coloring on level 2  |0, 15, 3, 14|
bad coloring on level 2  |1, 5, 3, 14|
bad coloring on level 2  |1, 10, 3, 14|
bad coloring on level 2  |3, 10, 3, 14|
bad coloring on level 2  |3, 15, 3, 14|
bad coloring on level 2  |5, 5, 3, 14|
bad coloring on level 2  |5, 10, 3, 14|
bad coloring on level 2  |5, 11, 3, 14|
bad coloring on level 2  |5, 12, 3, 14|
bad coloring on level 2  |5, 14, 3, 14|
bad coloring on level 2  |5, 15, 3, 14|
bad coloring on level 2  |8, 10, 3, 14|
bad coloring on level 2  |8, 15, 3, 14|
bad coloring on level 2  |10, 10, 3, 14|
bad coloring on level 2  |10, 12, 3, 14|
bad coloring on level 2  |10, 14, 3, 14|
bad coloring on level 2  |10, 15, 3, 14|
bad coloring on level 2  |11, 15, 3, 14|
bad coloring on level 2  |12, 15, 3, 14|
bad coloring on level 2  |15, 15, 3, 14|
bad coloring on level 2  |0, 14, 3, 15|
bad coloring on level 2  |1, 5, 3, 15|
bad coloring on level 2  |1, 10, 3, 15|
bad coloring on level 2  |1, 14, 3, 15|
bad coloring on level 2  |3, 14, 3, 15|
bad coloring on level 2  |5, 14, 3, 15|
bad coloring on level 2  |7, 14, 3, 15|
bad coloring on level 2  |10, 14, 3, 15|
bad coloring on level 2  |12, 14, 3, 15|
bad coloring on level 2  |14, 14, 3, 15|
bad coloring on level 2  |3, 7, 5, 5|
bad coloring on level 2  |3, 14, 5, 5|
bad coloring on level 2  |0, 7, 5, 10|
bad coloring on level 2  |3, 7, 5, 10|
bad coloring on level 2  |3, 14, 5, 10|
bad coloring on level 2  |3, 7, 5, 11|
bad coloring on level 2  |3, 14, 5, 11|
bad coloring on level 2  |3, 7, 5, 12|
bad coloring on level 2  |3, 14, 5, 12|
bad coloring on level 2  |0, 3, 5, 14|
bad coloring on level 2  |3, 3, 5, 14|
bad coloring on level 2  |3, 7, 5, 14|
bad coloring on level 2  |3, 8, 5, 14|
bad coloring on level 2  |3, 10, 5, 14|
bad coloring on level 2  |3, 12, 5, 14|
bad coloring on level 2  |3, 14, 5, 14|
bad coloring on level 2  |3, 15, 5, 14|
bad coloring on level 2  |8, 10, 5, 14|
bad coloring on level 2  |8, 15, 5, 14|
bad coloring on level 2  |3, 7, 5, 15|
bad coloring on level 2  |3, 14, 5, 15|
bad coloring on level 2  |7, 14, 5, 15|
bad coloring on level 2  |0, 15, 7, 14|
bad coloring on level 2  |3, 10, 7, 14|
bad coloring on level 2  |3, 15, 7, 14|
bad coloring on level 2  |5, 15, 7, 14|
bad coloring on level 2  |8, 10, 7, 14|
bad coloring on level 2  |8, 15, 7, 14|
bad coloring on level 2  |10, 15, 7, 14|
bad coloring on level 2  |11, 15, 7, 14|
bad coloring on level 2  |12, 15, 7, 14|
bad coloring on level 2  |15, 15, 7, 14|
bad coloring on level 2  |0, 7, 8, 10|
bad coloring on level 2  |0, 14, 8, 10|
bad coloring on level 2  |1, 5, 8, 10|
bad coloring on level 2  |1, 10, 8, 10|
bad coloring on level 2  |1, 14, 8, 10|
bad coloring on level 2  |3, 14, 8, 10|
bad coloring on level 2  |5, 14, 8, 10|
bad coloring on level 2  |7, 14, 8, 10|
bad coloring on level 2  |10, 14, 8, 10|
bad coloring on level 2  |12, 14, 8, 10|
bad coloring on level 2  |14, 14, 8, 10|
bad coloring on level 2  |0, 14, 8, 15|
bad coloring on level 2  |1, 10, 8, 15|
bad coloring on level 2  |1, 14, 8, 15|
bad coloring on level 2  |3, 14, 8, 15|
bad coloring on level 2  |5, 14, 8, 15|
bad coloring on level 2  |7, 14, 8, 15|
bad coloring on level 2  |10, 14, 8, 15|
bad coloring on level 2  |12, 14, 8, 15|
bad coloring on level 2  |14, 14, 8, 15|
bad coloring on level 2  |0, 7, 10, 10|
bad coloring on level 2  |3, 14, 10, 10|
bad coloring on level 2  |0, 7, 10, 12|
bad coloring on level 2  |3, 14, 10, 12|
bad coloring on level 2  |0, 3, 10, 14|
bad coloring on level 2  |0, 7, 10, 14|
bad coloring on level 2  |3, 3, 10, 14|
bad coloring on level 2  |3, 7, 10, 14|
bad coloring on level 2  |3, 8, 10, 14|
bad coloring on level 2  |3, 10, 10, 14|
bad coloring on level 2  |3, 12, 10, 14|
bad coloring on level 2  |3, 14, 10, 14|
bad coloring on level 2  |3, 15, 10, 14|
bad coloring on level 2  |8, 10, 10, 14|
bad coloring on level 2  |8, 15, 10, 14|
bad coloring on level 2  |0, 7, 10, 15|
bad coloring on level 2  |3, 14, 10, 15|
bad coloring on level 2  |7, 14, 10, 15|
bad coloring on level 2  |3, 14, 11, 15|
bad coloring on level 2  |7, 14, 11, 15|
bad coloring on level 2  |3, 10, 12, 14|
bad coloring on level 2  |3, 15, 12, 14|
bad coloring on level 2  |8, 10, 12, 14|
bad coloring on level 2  |8, 15, 12, 14|
bad coloring on level 2  |3, 14, 12, 15|
bad coloring on level 2  |7, 14, 12, 15|
bad coloring on level 2  |3, 10, 14, 14|
bad coloring on level 2  |3, 15, 14, 14|
bad coloring on level 2  |8, 10, 14, 14|
bad coloring on level 2  |8, 15, 14, 14|
bad coloring on level 2  |3, 14, 15, 15|
bad coloring on level 2  |7, 14, 15, 15|

192 bad colorings on level 2
