Trying substitutions to: 8
with goodVertices 1, 2, 4, 5, 6, 9, 10, 11, 13, 15
bad color to improve: 2  5  with index 34
bad color to improve: 2  9  with index 38
bad color to improve: 5  9  with index 74
3 bad colorings on level 1
bad coloring on level 2  |3, 12, 1, 7|
bad coloring on level 2  |3, 15, 1, 7|
bad coloring on level 2  |8, 10, 1, 7|
bad coloring on level 2  |10, 15, 1, 7|
bad coloring on level 2  |3, 3, 1, 8|
bad coloring on level 2  |3, 4, 1, 8|
bad coloring on level 2  |3, 7, 1, 8|
bad coloring on level 2  |3, 8, 1, 8|
bad coloring on level 2  |3, 10, 1, 8|
bad coloring on level 2  |3, 12, 1, 8|
bad coloring on level 2  |3, 13, 1, 8|
bad coloring on level 2  |3, 15, 1, 8|
bad coloring on level 2  |4, 13, 1, 8|
bad coloring on level 2  |8, 10, 1, 8|
bad coloring on level 2  |8, 13, 1, 8|
bad coloring on level 2  |10, 15, 1, 8|
bad coloring on level 2  |3, 3, 1, 11|
bad coloring on level 2  |3, 4, 1, 11|
bad coloring on level 2  |3, 7, 1, 11|
bad coloring on level 2  |3, 8, 1, 11|
bad coloring on level 2  |3, 10, 1, 11|
bad coloring on level 2  |3, 12, 1, 11|
bad coloring on level 2  |3, 13, 1, 11|
bad coloring on level 2  |3, 15, 1, 11|
bad coloring on level 2  |8, 10, 1, 11|
bad coloring on level 2  |8, 13, 1, 11|
bad coloring on level 2  |3, 4, 1, 12|
bad coloring on level 2  |3, 7, 1, 12|
bad coloring on level 2  |4, 13, 1, 12|
bad coloring on level 2  |8, 13, 1, 12|
bad coloring on level 2  |1, 8, 3, 3|
bad coloring on level 2  |1, 11, 3, 3|
bad coloring on level 2  |7, 12, 3, 3|
bad coloring on level 2  |1, 8, 3, 4|
bad coloring on level 2  |1, 11, 3, 4|
bad coloring on level 2  |1, 12, 3, 4|
bad coloring on level 2  |7, 12, 3, 4|
bad coloring on level 2  |1, 8, 3, 7|
bad coloring on level 2  |1, 11, 3, 7|
bad coloring on level 2  |1, 12, 3, 7|
bad coloring on level 2  |3, 12, 3, 7|
bad coloring on level 2  |7, 12, 3, 7|
bad coloring on level 2  |8, 10, 3, 7|
bad coloring on level 2  |8, 12, 3, 7|
bad coloring on level 2  |10, 12, 3, 7|
bad coloring on level 2  |10, 15, 3, 7|
bad coloring on level 2  |11, 12, 3, 7|
bad coloring on level 2  |12, 12, 3, 7|
bad coloring on level 2  |12, 15, 3, 7|
bad coloring on level 2  |1, 8, 3, 8|
bad coloring on level 2  |1, 11, 3, 8|
bad coloring on level 2  |7, 12, 3, 8|
bad coloring on level 2  |1, 8, 3, 10|
bad coloring on level 2  |1, 11, 3, 10|
bad coloring on level 2  |7, 11, 3, 10|
bad coloring on level 2  |7, 12, 3, 10|
bad coloring on level 2  |1, 7, 3, 12|
bad coloring on level 2  |1, 8, 3, 12|
bad coloring on level 2  |1, 11, 3, 12|
bad coloring on level 2  |3, 7, 3, 12|
bad coloring on level 2  |4, 7, 3, 12|
bad coloring on level 2  |4, 13, 3, 12|
bad coloring on level 2  |7, 7, 3, 12|
bad coloring on level 2  |7, 8, 3, 12|
bad coloring on level 2  |7, 11, 3, 12|
bad coloring on level 2  |7, 12, 3, 12|
bad coloring on level 2  |7, 13, 3, 12|
bad coloring on level 2  |8, 13, 3, 12|
bad coloring on level 2  |1, 8, 3, 13|
bad coloring on level 2  |1, 11, 3, 13|
bad coloring on level 2  |7, 12, 3, 13|
bad coloring on level 2  |11, 12, 3, 13|
bad coloring on level 2  |1, 7, 3, 15|
bad coloring on level 2  |1, 8, 3, 15|
bad coloring on level 2  |1, 11, 3, 15|
bad coloring on level 2  |7, 12, 3, 15|
bad coloring on level 2  |3, 12, 4, 7|
bad coloring on level 2  |8, 10, 4, 7|
bad coloring on level 2  |10, 12, 4, 7|
bad coloring on level 2  |10, 15, 4, 7|
bad coloring on level 2  |1, 8, 4, 13|
bad coloring on level 2  |1, 12, 4, 13|
bad coloring on level 2  |3, 12, 4, 13|
bad coloring on level 2  |7, 12, 4, 13|
bad coloring on level 2  |8, 10, 4, 13|
bad coloring on level 2  |8, 12, 4, 13|
bad coloring on level 2  |10, 12, 4, 13|
bad coloring on level 2  |11, 12, 4, 13|
bad coloring on level 2  |12, 12, 4, 13|
bad coloring on level 2  |12, 15, 4, 13|
bad coloring on level 2  |3, 12, 7, 7|
bad coloring on level 2  |8, 10, 7, 7|
bad coloring on level 2  |10, 15, 7, 7|
bad coloring on level 2  |3, 12, 7, 8|
bad coloring on level 2  |8, 10, 7, 8|
bad coloring on level 2  |10, 15, 7, 8|
bad coloring on level 2  |3, 10, 7, 11|
bad coloring on level 2  |3, 12, 7, 11|
bad coloring on level 2  |8, 10, 7, 11|
bad coloring on level 2  |10, 15, 7, 11|
bad coloring on level 2  |3, 3, 7, 12|
bad coloring on level 2  |3, 4, 7, 12|
bad coloring on level 2  |3, 7, 7, 12|
bad coloring on level 2  |3, 8, 7, 12|
bad coloring on level 2  |3, 10, 7, 12|
bad coloring on level 2  |3, 12, 7, 12|
bad coloring on level 2  |3, 13, 7, 12|
bad coloring on level 2  |3, 15, 7, 12|
bad coloring on level 2  |4, 13, 7, 12|
bad coloring on level 2  |8, 10, 7, 12|
bad coloring on level 2  |8, 13, 7, 12|
bad coloring on level 2  |10, 15, 7, 12|
bad coloring on level 2  |3, 12, 7, 13|
bad coloring on level 2  |8, 10, 7, 13|
bad coloring on level 2  |10, 15, 7, 13|
bad coloring on level 2  |12, 15, 7, 13|
bad coloring on level 2  |1, 7, 8, 10|
bad coloring on level 2  |1, 8, 8, 10|
bad coloring on level 2  |1, 11, 8, 10|
bad coloring on level 2  |3, 7, 8, 10|
bad coloring on level 2  |4, 7, 8, 10|
bad coloring on level 2  |4, 13, 8, 10|
bad coloring on level 2  |7, 7, 8, 10|
bad coloring on level 2  |7, 8, 8, 10|
bad coloring on level 2  |7, 11, 8, 10|
bad coloring on level 2  |7, 12, 8, 10|
bad coloring on level 2  |7, 13, 8, 10|
bad coloring on level 2  |8, 13, 8, 10|
bad coloring on level 2  |3, 7, 8, 12|
bad coloring on level 2  |4, 13, 8, 12|
bad coloring on level 2  |8, 13, 8, 12|
bad coloring on level 2  |1, 8, 8, 13|
bad coloring on level 2  |1, 11, 8, 13|
bad coloring on level 2  |1, 12, 8, 13|
bad coloring on level 2  |3, 12, 8, 13|
bad coloring on level 2  |7, 12, 8, 13|
bad coloring on level 2  |8, 10, 8, 13|
bad coloring on level 2  |8, 12, 8, 13|
bad coloring on level 2  |10, 12, 8, 13|
bad coloring on level 2  |10, 15, 8, 13|
bad coloring on level 2  |11, 12, 8, 13|
bad coloring on level 2  |12, 12, 8, 13|
bad coloring on level 2  |12, 15, 8, 13|
bad coloring on level 2  |3, 7, 10, 12|
bad coloring on level 2  |4, 7, 10, 12|
bad coloring on level 2  |4, 13, 10, 12|
bad coloring on level 2  |8, 13, 10, 12|
bad coloring on level 2  |1, 7, 10, 15|
bad coloring on level 2  |1, 8, 10, 15|
bad coloring on level 2  |3, 7, 10, 15|
bad coloring on level 2  |4, 7, 10, 15|
bad coloring on level 2  |7, 7, 10, 15|
bad coloring on level 2  |7, 8, 10, 15|
bad coloring on level 2  |7, 11, 10, 15|
bad coloring on level 2  |7, 12, 10, 15|
bad coloring on level 2  |7, 13, 10, 15|
bad coloring on level 2  |8, 13, 10, 15|
bad coloring on level 2  |3, 7, 11, 12|
bad coloring on level 2  |3, 13, 11, 12|
bad coloring on level 2  |4, 13, 11, 12|
bad coloring on level 2  |8, 13, 11, 12|
bad coloring on level 2  |3, 7, 12, 12|
bad coloring on level 2  |4, 13, 12, 12|
bad coloring on level 2  |8, 13, 12, 12|
bad coloring on level 2  |3, 7, 12, 15|
bad coloring on level 2  |4, 13, 12, 15|
bad coloring on level 2  |7, 13, 12, 15|
bad coloring on level 2  |8, 13, 12, 15|

168 bad colorings on level 2
