Trying substitutions to: 6
with goodVertices 1, 2, 4, 5, 7, 8, 11, 12, 15
bad color to improve: 0  7  with index 7
bad color to improve: 0  12  with index 12
bad color to improve: 7  12  with index 96
3 bad colorings on level 1
bad coloring on level 2  |2, 9, 1, 8|
bad coloring on level 2  |4, 9, 1, 8|
bad coloring on level 2  |5, 9, 1, 8|
bad coloring on level 2  |6, 9, 1, 8|
bad coloring on level 2  |9, 9, 1, 8|
bad coloring on level 2  |9, 10, 1, 8|
bad coloring on level 2  |9, 13, 1, 8|
bad coloring on level 2  |9, 15, 1, 8|
bad coloring on level 2  |2, 4, 1, 10|
bad coloring on level 2  |4, 9, 1, 10|
bad coloring on level 2  |9, 13, 1, 10|
bad coloring on level 2  |5, 15, 1, 13|
bad coloring on level 2  |9, 10, 1, 13|
bad coloring on level 2  |9, 15, 1, 13|
bad coloring on level 2  |1, 10, 2, 4|
bad coloring on level 2  |5, 10, 2, 4|
bad coloring on level 2  |6, 10, 2, 4|
bad coloring on level 2  |8, 10, 2, 4|
bad coloring on level 2  |9, 10, 2, 4|
bad coloring on level 2  |10, 10, 2, 4|
bad coloring on level 2  |10, 13, 2, 4|
bad coloring on level 2  |10, 15, 2, 4|
bad coloring on level 2  |1, 8, 2, 9|
bad coloring on level 2  |8, 10, 2, 9|
bad coloring on level 2  |10, 13, 2, 9|
bad coloring on level 2  |5, 15, 2, 13|
bad coloring on level 2  |6, 10, 2, 13|
bad coloring on level 2  |9, 10, 2, 13|
bad coloring on level 2  |10, 15, 2, 13|
bad coloring on level 2  |1, 8, 4, 9|
bad coloring on level 2  |1, 10, 4, 9|
bad coloring on level 2  |10, 13, 4, 9|
bad coloring on level 2  |5, 10, 4, 13|
bad coloring on level 2  |5, 15, 4, 13|
bad coloring on level 2  |6, 10, 4, 13|
bad coloring on level 2  |9, 10, 4, 13|
bad coloring on level 2  |1, 8, 5, 9|
bad coloring on level 2  |8, 13, 5, 9|
bad coloring on level 2  |10, 13, 5, 9|
bad coloring on level 2  |2, 4, 5, 10|
bad coloring on level 2  |4, 13, 5, 10|
bad coloring on level 2  |6, 13, 5, 10|
bad coloring on level 2  |9, 13, 5, 10|
bad coloring on level 2  |1, 13, 5, 15|
bad coloring on level 2  |2, 13, 5, 15|
bad coloring on level 2  |4, 13, 5, 15|
bad coloring on level 2  |6, 13, 5, 15|
bad coloring on level 2  |8, 13, 5, 15|
bad coloring on level 2  |9, 13, 5, 15|
bad coloring on level 2  |10, 13, 5, 15|
bad coloring on level 2  |13, 13, 5, 15|
bad coloring on level 2  |1, 8, 6, 9|
bad coloring on level 2  |10, 13, 6, 9|
bad coloring on level 2  |2, 4, 6, 10|
bad coloring on level 2  |2, 13, 6, 10|
bad coloring on level 2  |4, 13, 6, 10|
bad coloring on level 2  |6, 13, 6, 10|
bad coloring on level 2  |9, 13, 6, 10|
bad coloring on level 2  |10, 13, 6, 10|
bad coloring on level 2  |13, 13, 6, 10|
bad coloring on level 2  |5, 10, 6, 13|
bad coloring on level 2  |5, 15, 6, 13|
bad coloring on level 2  |6, 10, 6, 13|
bad coloring on level 2  |9, 10, 6, 13|
bad coloring on level 2  |10, 10, 6, 13|
bad coloring on level 2  |10, 13, 6, 13|
bad coloring on level 2  |10, 15, 6, 13|
bad coloring on level 2  |2, 4, 8, 10|
bad coloring on level 2  |2, 9, 8, 10|
bad coloring on level 2  |9, 13, 8, 10|
bad coloring on level 2  |5, 9, 8, 13|
bad coloring on level 2  |5, 15, 8, 13|
bad coloring on level 2  |9, 10, 8, 13|
bad coloring on level 2  |1, 8, 9, 9|
bad coloring on level 2  |10, 13, 9, 9|
bad coloring on level 2  |1, 8, 9, 10|
bad coloring on level 2  |1, 13, 9, 10|
bad coloring on level 2  |2, 4, 9, 10|
bad coloring on level 2  |2, 13, 9, 10|
bad coloring on level 2  |4, 13, 9, 10|
bad coloring on level 2  |6, 13, 9, 10|
bad coloring on level 2  |8, 13, 9, 10|
bad coloring on level 2  |9, 13, 9, 10|
bad coloring on level 2  |10, 13, 9, 10|
bad coloring on level 2  |13, 13, 9, 10|
bad coloring on level 2  |1, 8, 9, 13|
bad coloring on level 2  |1, 10, 9, 13|
bad coloring on level 2  |5, 10, 9, 13|
bad coloring on level 2  |5, 15, 9, 13|
bad coloring on level 2  |6, 10, 9, 13|
bad coloring on level 2  |8, 10, 9, 13|
bad coloring on level 2  |9, 10, 9, 13|
bad coloring on level 2  |10, 10, 9, 13|
bad coloring on level 2  |10, 13, 9, 13|
bad coloring on level 2  |10, 15, 9, 13|
bad coloring on level 2  |1, 8, 9, 15|
bad coloring on level 2  |1, 13, 9, 15|
bad coloring on level 2  |10, 13, 9, 15|
bad coloring on level 2  |2, 4, 10, 10|
bad coloring on level 2  |6, 13, 10, 10|
bad coloring on level 2  |9, 13, 10, 10|
bad coloring on level 2  |2, 4, 10, 13|
bad coloring on level 2  |2, 9, 10, 13|
bad coloring on level 2  |4, 9, 10, 13|
bad coloring on level 2  |5, 9, 10, 13|
bad coloring on level 2  |5, 15, 10, 13|
bad coloring on level 2  |6, 9, 10, 13|
bad coloring on level 2  |6, 10, 10, 13|
bad coloring on level 2  |6, 13, 10, 13|
bad coloring on level 2  |9, 9, 10, 13|
bad coloring on level 2  |9, 10, 10, 13|
bad coloring on level 2  |9, 13, 10, 13|
bad coloring on level 2  |9, 15, 10, 13|
bad coloring on level 2  |2, 4, 10, 15|
bad coloring on level 2  |2, 13, 10, 15|
bad coloring on level 2  |6, 13, 10, 15|
bad coloring on level 2  |9, 13, 10, 15|
bad coloring on level 2  |5, 15, 13, 13|
bad coloring on level 2  |6, 10, 13, 13|
bad coloring on level 2  |9, 10, 13, 13|

120 bad colorings on level 2
