Trying substitutions to: 8
with goodVertices 1, 2, 4, 5, 6, 7, 11, 12, 15
bad color to improve: 0  2  with index 2
bad color to improve: 0  5  with index 5
bad color to improve: 2  5  with index 34
3 bad colorings on level 1
bad coloring on level 2  |3, 3, 1, 6|
bad coloring on level 2  |3, 4, 1, 6|
bad coloring on level 2  |3, 7, 1, 6|
bad coloring on level 2  |3, 8, 1, 6|
bad coloring on level 2  |3, 10, 1, 6|
bad coloring on level 2  |3, 12, 1, 6|
bad coloring on level 2  |3, 13, 1, 6|
bad coloring on level 2  |3, 15, 1, 6|
bad coloring on level 2  |3, 4, 1, 10|
bad coloring on level 2  |3, 13, 1, 10|
bad coloring on level 2  |4, 7, 1, 10|
bad coloring on level 2  |3, 10, 1, 13|
bad coloring on level 2  |3, 15, 1, 13|
bad coloring on level 2  |12, 15, 1, 13|
bad coloring on level 2  |1, 6, 3, 3|
bad coloring on level 2  |10, 13, 3, 3|
bad coloring on level 2  |1, 6, 3, 4|
bad coloring on level 2  |1, 10, 3, 4|
bad coloring on level 2  |10, 13, 3, 4|
bad coloring on level 2  |1, 6, 3, 7|
bad coloring on level 2  |6, 10, 3, 7|
bad coloring on level 2  |10, 13, 3, 7|
bad coloring on level 2  |1, 6, 3, 8|
bad coloring on level 2  |10, 13, 3, 8|
bad coloring on level 2  |1, 6, 3, 10|
bad coloring on level 2  |1, 13, 3, 10|
bad coloring on level 2  |3, 13, 3, 10|
bad coloring on level 2  |4, 7, 3, 10|
bad coloring on level 2  |4, 13, 3, 10|
bad coloring on level 2  |6, 13, 3, 10|
bad coloring on level 2  |7, 13, 3, 10|
bad coloring on level 2  |8, 13, 3, 10|
bad coloring on level 2  |10, 13, 3, 10|
bad coloring on level 2  |13, 13, 3, 10|
bad coloring on level 2  |1, 6, 3, 12|
bad coloring on level 2  |6, 13, 3, 12|
bad coloring on level 2  |10, 13, 3, 12|
bad coloring on level 2  |1, 6, 3, 13|
bad coloring on level 2  |1, 10, 3, 13|
bad coloring on level 2  |3, 10, 3, 13|
bad coloring on level 2  |6, 10, 3, 13|
bad coloring on level 2  |8, 10, 3, 13|
bad coloring on level 2  |10, 10, 3, 13|
bad coloring on level 2  |10, 12, 3, 13|
bad coloring on level 2  |10, 13, 3, 13|
bad coloring on level 2  |10, 15, 3, 13|
bad coloring on level 2  |12, 15, 3, 13|
bad coloring on level 2  |1, 6, 3, 15|
bad coloring on level 2  |1, 13, 3, 15|
bad coloring on level 2  |10, 13, 3, 15|
bad coloring on level 2  |1, 10, 4, 7|
bad coloring on level 2  |3, 10, 4, 7|
bad coloring on level 2  |6, 10, 4, 7|
bad coloring on level 2  |8, 10, 4, 7|
bad coloring on level 2  |10, 10, 4, 7|
bad coloring on level 2  |10, 12, 4, 7|
bad coloring on level 2  |10, 13, 4, 7|
bad coloring on level 2  |10, 15, 4, 7|
bad coloring on level 2  |3, 10, 4, 13|
bad coloring on level 2  |8, 10, 4, 13|
bad coloring on level 2  |10, 12, 4, 13|
bad coloring on level 2  |12, 15, 4, 13|
bad coloring on level 2  |3, 7, 6, 10|
bad coloring on level 2  |3, 13, 6, 10|
bad coloring on level 2  |4, 7, 6, 10|
bad coloring on level 2  |3, 10, 6, 13|
bad coloring on level 2  |3, 12, 6, 13|
bad coloring on level 2  |12, 15, 6, 13|
bad coloring on level 2  |3, 10, 7, 13|
bad coloring on level 2  |8, 10, 7, 13|
bad coloring on level 2  |10, 15, 7, 13|
bad coloring on level 2  |12, 15, 7, 13|
bad coloring on level 2  |3, 13, 8, 10|
bad coloring on level 2  |4, 7, 8, 10|
bad coloring on level 2  |4, 13, 8, 10|
bad coloring on level 2  |7, 13, 8, 10|
bad coloring on level 2  |8, 13, 8, 10|
bad coloring on level 2  |10, 13, 8, 10|
bad coloring on level 2  |13, 13, 8, 10|
bad coloring on level 2  |3, 10, 8, 13|
bad coloring on level 2  |8, 10, 8, 13|
bad coloring on level 2  |10, 10, 8, 13|
bad coloring on level 2  |10, 12, 8, 13|
bad coloring on level 2  |10, 13, 8, 13|
bad coloring on level 2  |10, 15, 8, 13|
bad coloring on level 2  |12, 15, 8, 13|
bad coloring on level 2  |3, 13, 10, 10|
bad coloring on level 2  |4, 7, 10, 10|
bad coloring on level 2  |8, 13, 10, 10|
bad coloring on level 2  |3, 13, 10, 12|
bad coloring on level 2  |4, 7, 10, 12|
bad coloring on level 2  |4, 13, 10, 12|
bad coloring on level 2  |8, 13, 10, 12|
bad coloring on level 2  |3, 3, 10, 13|
bad coloring on level 2  |3, 4, 10, 13|
bad coloring on level 2  |3, 7, 10, 13|
bad coloring on level 2  |3, 8, 10, 13|
bad coloring on level 2  |3, 10, 10, 13|
bad coloring on level 2  |3, 12, 10, 13|
bad coloring on level 2  |3, 13, 10, 13|
bad coloring on level 2  |3, 15, 10, 13|
bad coloring on level 2  |4, 7, 10, 13|
bad coloring on level 2  |8, 10, 10, 13|
bad coloring on level 2  |8, 13, 10, 13|
bad coloring on level 2  |12, 15, 10, 13|
bad coloring on level 2  |3, 13, 10, 15|
bad coloring on level 2  |4, 7, 10, 15|
bad coloring on level 2  |7, 13, 10, 15|
bad coloring on level 2  |8, 13, 10, 15|
bad coloring on level 2  |1, 13, 12, 15|
bad coloring on level 2  |3, 13, 12, 15|
bad coloring on level 2  |4, 13, 12, 15|
bad coloring on level 2  |6, 13, 12, 15|
bad coloring on level 2  |7, 13, 12, 15|
bad coloring on level 2  |8, 13, 12, 15|
bad coloring on level 2  |10, 13, 12, 15|
bad coloring on level 2  |13, 13, 12, 15|
bad coloring on level 2  |3, 10, 13, 13|
bad coloring on level 2  |8, 10, 13, 13|
bad coloring on level 2  |12, 15, 13, 13|

120 bad colorings on level 2
