Trying substitutions to: 0
with goodVertices 1, 2, 3, 5, 7, 9, 10, 12, 13, 14
bad color to improve: 1  10  with index 25
bad color to improve: 1  13  with index 28
bad color to improve: 10  13  with index 118
3 bad colorings on level 1
bad coloring on level 2  |5, 12, 0, 4|
bad coloring on level 2  |11, 15, 0, 4|
bad coloring on level 2  |3, 9, 0, 11|
bad coloring on level 2  |4, 15, 0, 11|
bad coloring on level 2  |2, 7, 0, 15|
bad coloring on level 2  |4, 11, 0, 15|
bad coloring on level 2  |5, 12, 2, 4|
bad coloring on level 2  |11, 15, 2, 4|
bad coloring on level 2  |12, 15, 2, 4|
bad coloring on level 2  |0, 15, 2, 7|
bad coloring on level 2  |3, 15, 2, 7|
bad coloring on level 2  |4, 15, 2, 7|
bad coloring on level 2  |5, 15, 2, 7|
bad coloring on level 2  |9, 15, 2, 7|
bad coloring on level 2  |11, 15, 2, 7|
bad coloring on level 2  |12, 15, 2, 7|
bad coloring on level 2  |15, 15, 2, 7|
bad coloring on level 2  |3, 9, 2, 11|
bad coloring on level 2  |3, 15, 2, 11|
bad coloring on level 2  |4, 15, 2, 11|
bad coloring on level 2  |5, 11, 3, 4|
bad coloring on level 2  |5, 12, 3, 4|
bad coloring on level 2  |11, 15, 3, 4|
bad coloring on level 2  |0, 11, 3, 9|
bad coloring on level 2  |2, 11, 3, 9|
bad coloring on level 2  |4, 11, 3, 9|
bad coloring on level 2  |5, 11, 3, 9|
bad coloring on level 2  |7, 11, 3, 9|
bad coloring on level 2  |11, 11, 3, 9|
bad coloring on level 2  |11, 12, 3, 9|
bad coloring on level 2  |11, 15, 3, 9|
bad coloring on level 2  |2, 7, 3, 15|
bad coloring on level 2  |2, 11, 3, 15|
bad coloring on level 2  |4, 11, 3, 15|
bad coloring on level 2  |5, 12, 4, 4|
bad coloring on level 2  |11, 15, 4, 4|
bad coloring on level 2  |5, 12, 4, 7|
bad coloring on level 2  |5, 15, 4, 7|
bad coloring on level 2  |11, 15, 4, 7|
bad coloring on level 2  |5, 12, 4, 9|
bad coloring on level 2  |11, 12, 4, 9|
bad coloring on level 2  |11, 15, 4, 9|
bad coloring on level 2  |0, 15, 4, 11|
bad coloring on level 2  |3, 9, 4, 11|
bad coloring on level 2  |3, 15, 4, 11|
bad coloring on level 2  |4, 15, 4, 11|
bad coloring on level 2  |5, 12, 4, 11|
bad coloring on level 2  |5, 15, 4, 11|
bad coloring on level 2  |9, 15, 4, 11|
bad coloring on level 2  |11, 15, 4, 11|
bad coloring on level 2  |12, 15, 4, 11|
bad coloring on level 2  |15, 15, 4, 11|
bad coloring on level 2  |0, 11, 4, 15|
bad coloring on level 2  |2, 7, 4, 15|
bad coloring on level 2  |2, 11, 4, 15|
bad coloring on level 2  |4, 11, 4, 15|
bad coloring on level 2  |5, 11, 4, 15|
bad coloring on level 2  |5, 12, 4, 15|
bad coloring on level 2  |7, 11, 4, 15|
bad coloring on level 2  |11, 11, 4, 15|
bad coloring on level 2  |11, 12, 4, 15|
bad coloring on level 2  |11, 15, 4, 15|
bad coloring on level 2  |3, 4, 5, 11|
bad coloring on level 2  |3, 9, 5, 11|
bad coloring on level 2  |4, 15, 5, 11|
bad coloring on level 2  |0, 4, 5, 12|
bad coloring on level 2  |2, 4, 5, 12|
bad coloring on level 2  |3, 4, 5, 12|
bad coloring on level 2  |4, 4, 5, 12|
bad coloring on level 2  |4, 7, 5, 12|
bad coloring on level 2  |4, 9, 5, 12|
bad coloring on level 2  |4, 11, 5, 12|
bad coloring on level 2  |4, 15, 5, 12|
bad coloring on level 2  |2, 7, 5, 15|
bad coloring on level 2  |4, 7, 5, 15|
bad coloring on level 2  |4, 11, 5, 15|
bad coloring on level 2  |3, 9, 7, 11|
bad coloring on level 2  |4, 15, 7, 11|
bad coloring on level 2  |9, 15, 7, 11|
bad coloring on level 2  |2, 7, 9, 15|
bad coloring on level 2  |4, 11, 9, 15|
bad coloring on level 2  |7, 11, 9, 15|
bad coloring on level 2  |3, 9, 11, 11|
bad coloring on level 2  |4, 15, 11, 11|
bad coloring on level 2  |3, 9, 11, 12|
bad coloring on level 2  |4, 9, 11, 12|
bad coloring on level 2  |4, 15, 11, 12|
bad coloring on level 2  |0, 4, 11, 15|
bad coloring on level 2  |2, 4, 11, 15|
bad coloring on level 2  |2, 7, 11, 15|
bad coloring on level 2  |3, 4, 11, 15|
bad coloring on level 2  |3, 9, 11, 15|
bad coloring on level 2  |4, 4, 11, 15|
bad coloring on level 2  |4, 7, 11, 15|
bad coloring on level 2  |4, 9, 11, 15|
bad coloring on level 2  |4, 11, 11, 15|
bad coloring on level 2  |4, 15, 11, 15|
bad coloring on level 2  |2, 4, 12, 15|
bad coloring on level 2  |2, 7, 12, 15|
bad coloring on level 2  |4, 11, 12, 15|
bad coloring on level 2  |2, 7, 15, 15|
bad coloring on level 2  |4, 11, 15, 15|

102 bad colorings on level 2
