Trying substitutions to: 10
with goodVertices 1, 2, 4, 5, 6, 8, 9, 11, 13, 15
bad color to improve: 2  4  with index 33
bad color to improve: 2  11  with index 40
bad color to improve: 4  11  with index 65
3 bad colorings on level 1
bad coloring on level 2  |3, 3, 1, 5|
bad coloring on level 2  |3, 8, 1, 5|
bad coloring on level 2  |3, 9, 1, 5|
bad coloring on level 2  |3, 10, 1, 5|
bad coloring on level 2  |3, 12, 1, 5|
bad coloring on level 2  |3, 13, 1, 5|
bad coloring on level 2  |3, 14, 1, 5|
bad coloring on level 2  |3, 15, 1, 5|
bad coloring on level 2  |8, 10, 1, 5|
bad coloring on level 2  |10, 13, 1, 5|
bad coloring on level 2  |3, 3, 1, 10|
bad coloring on level 2  |3, 8, 1, 10|
bad coloring on level 2  |3, 9, 1, 10|
bad coloring on level 2  |3, 10, 1, 10|
bad coloring on level 2  |3, 12, 1, 10|
bad coloring on level 2  |3, 13, 1, 10|
bad coloring on level 2  |3, 14, 1, 10|
bad coloring on level 2  |3, 15, 1, 10|
bad coloring on level 2  |8, 10, 1, 10|
bad coloring on level 2  |8, 15, 1, 10|
bad coloring on level 2  |9, 13, 1, 10|
bad coloring on level 2  |10, 13, 1, 10|
bad coloring on level 2  |3, 9, 1, 12|
bad coloring on level 2  |3, 14, 1, 12|
bad coloring on level 2  |9, 13, 1, 12|
bad coloring on level 2  |10, 13, 1, 12|
bad coloring on level 2  |3, 12, 1, 14|
bad coloring on level 2  |3, 15, 1, 14|
bad coloring on level 2  |8, 10, 1, 14|
bad coloring on level 2  |8, 15, 1, 14|
bad coloring on level 2  |1, 5, 3, 3|
bad coloring on level 2  |1, 10, 3, 3|
bad coloring on level 2  |12, 14, 3, 3|
bad coloring on level 2  |1, 5, 3, 8|
bad coloring on level 2  |1, 10, 3, 8|
bad coloring on level 2  |5, 14, 3, 8|
bad coloring on level 2  |12, 14, 3, 8|
bad coloring on level 2  |1, 5, 3, 9|
bad coloring on level 2  |1, 10, 3, 9|
bad coloring on level 2  |1, 12, 3, 9|
bad coloring on level 2  |12, 14, 3, 9|
bad coloring on level 2  |1, 5, 3, 10|
bad coloring on level 2  |1, 10, 3, 10|
bad coloring on level 2  |12, 14, 3, 10|
bad coloring on level 2  |1, 5, 3, 12|
bad coloring on level 2  |1, 10, 3, 12|
bad coloring on level 2  |1, 14, 3, 12|
bad coloring on level 2  |3, 14, 3, 12|
bad coloring on level 2  |5, 14, 3, 12|
bad coloring on level 2  |9, 13, 3, 12|
bad coloring on level 2  |9, 14, 3, 12|
bad coloring on level 2  |10, 13, 3, 12|
bad coloring on level 2  |10, 14, 3, 12|
bad coloring on level 2  |12, 14, 3, 12|
bad coloring on level 2  |13, 14, 3, 12|
bad coloring on level 2  |14, 14, 3, 12|
bad coloring on level 2  |1, 5, 3, 13|
bad coloring on level 2  |1, 10, 3, 13|
bad coloring on level 2  |5, 12, 3, 13|
bad coloring on level 2  |12, 14, 3, 13|
bad coloring on level 2  |1, 5, 3, 14|
bad coloring on level 2  |1, 10, 3, 14|
bad coloring on level 2  |1, 12, 3, 14|
bad coloring on level 2  |3, 12, 3, 14|
bad coloring on level 2  |5, 12, 3, 14|
bad coloring on level 2  |8, 10, 3, 14|
bad coloring on level 2  |8, 12, 3, 14|
bad coloring on level 2  |8, 15, 3, 14|
bad coloring on level 2  |10, 12, 3, 14|
bad coloring on level 2  |12, 12, 3, 14|
bad coloring on level 2  |12, 14, 3, 14|
bad coloring on level 2  |12, 15, 3, 14|
bad coloring on level 2  |1, 5, 3, 15|
bad coloring on level 2  |1, 10, 3, 15|
bad coloring on level 2  |1, 14, 3, 15|
bad coloring on level 2  |12, 14, 3, 15|
bad coloring on level 2  |3, 13, 5, 12|
bad coloring on level 2  |3, 14, 5, 12|
bad coloring on level 2  |9, 13, 5, 12|
bad coloring on level 2  |10, 13, 5, 12|
bad coloring on level 2  |3, 8, 5, 14|
bad coloring on level 2  |3, 12, 5, 14|
bad coloring on level 2  |8, 10, 5, 14|
bad coloring on level 2  |8, 15, 5, 14|
bad coloring on level 2  |1, 5, 8, 10|
bad coloring on level 2  |1, 10, 8, 10|
bad coloring on level 2  |1, 14, 8, 10|
bad coloring on level 2  |3, 14, 8, 10|
bad coloring on level 2  |5, 14, 8, 10|
bad coloring on level 2  |9, 13, 8, 10|
bad coloring on level 2  |9, 14, 8, 10|
bad coloring on level 2  |10, 13, 8, 10|
bad coloring on level 2  |10, 14, 8, 10|
bad coloring on level 2  |12, 14, 8, 10|
bad coloring on level 2  |13, 14, 8, 10|
bad coloring on level 2  |14, 14, 8, 10|
bad coloring on level 2  |3, 14, 8, 12|
bad coloring on level 2  |9, 13, 8, 12|
bad coloring on level 2  |9, 14, 8, 12|
bad coloring on level 2  |10, 13, 8, 12|
bad coloring on level 2  |1, 10, 8, 15|
bad coloring on level 2  |1, 14, 8, 15|
bad coloring on level 2  |3, 14, 8, 15|
bad coloring on level 2  |5, 14, 8, 15|
bad coloring on level 2  |9, 14, 8, 15|
bad coloring on level 2  |10, 13, 8, 15|
bad coloring on level 2  |10, 14, 8, 15|
bad coloring on level 2  |12, 14, 8, 15|
bad coloring on level 2  |13, 14, 8, 15|
bad coloring on level 2  |14, 14, 8, 15|
bad coloring on level 2  |1, 10, 9, 13|
bad coloring on level 2  |1, 12, 9, 13|
bad coloring on level 2  |3, 12, 9, 13|
bad coloring on level 2  |5, 12, 9, 13|
bad coloring on level 2  |8, 10, 9, 13|
bad coloring on level 2  |8, 12, 9, 13|
bad coloring on level 2  |10, 12, 9, 13|
bad coloring on level 2  |12, 12, 9, 13|
bad coloring on level 2  |12, 14, 9, 13|
bad coloring on level 2  |12, 15, 9, 13|
bad coloring on level 2  |3, 12, 9, 14|
bad coloring on level 2  |8, 10, 9, 14|
bad coloring on level 2  |8, 12, 9, 14|
bad coloring on level 2  |8, 15, 9, 14|
bad coloring on level 2  |3, 14, 10, 12|
bad coloring on level 2  |9, 13, 10, 12|
bad coloring on level 2  |10, 13, 10, 12|
bad coloring on level 2  |1, 5, 10, 13|
bad coloring on level 2  |1, 10, 10, 13|
bad coloring on level 2  |1, 12, 10, 13|
bad coloring on level 2  |3, 12, 10, 13|
bad coloring on level 2  |5, 12, 10, 13|
bad coloring on level 2  |8, 10, 10, 13|
bad coloring on level 2  |8, 12, 10, 13|
bad coloring on level 2  |8, 15, 10, 13|
bad coloring on level 2  |10, 12, 10, 13|
bad coloring on level 2  |12, 12, 10, 13|
bad coloring on level 2  |12, 14, 10, 13|
bad coloring on level 2  |12, 15, 10, 13|
bad coloring on level 2  |3, 12, 10, 14|
bad coloring on level 2  |8, 10, 10, 14|
bad coloring on level 2  |8, 15, 10, 14|
bad coloring on level 2  |3, 14, 12, 12|
bad coloring on level 2  |9, 13, 12, 12|
bad coloring on level 2  |10, 13, 12, 12|
bad coloring on level 2  |3, 3, 12, 14|
bad coloring on level 2  |3, 8, 12, 14|
bad coloring on level 2  |3, 9, 12, 14|
bad coloring on level 2  |3, 10, 12, 14|
bad coloring on level 2  |3, 12, 12, 14|
bad coloring on level 2  |3, 13, 12, 14|
bad coloring on level 2  |3, 14, 12, 14|
bad coloring on level 2  |3, 15, 12, 14|
bad coloring on level 2  |8, 10, 12, 14|
bad coloring on level 2  |8, 15, 12, 14|
bad coloring on level 2  |9, 13, 12, 14|
bad coloring on level 2  |10, 13, 12, 14|
bad coloring on level 2  |3, 14, 12, 15|
bad coloring on level 2  |9, 13, 12, 15|
bad coloring on level 2  |10, 13, 12, 15|
bad coloring on level 2  |13, 14, 12, 15|
bad coloring on level 2  |3, 12, 13, 14|
bad coloring on level 2  |8, 10, 13, 14|
bad coloring on level 2  |8, 15, 13, 14|
bad coloring on level 2  |12, 15, 13, 14|
bad coloring on level 2  |3, 12, 14, 14|
bad coloring on level 2  |8, 10, 14, 14|
bad coloring on level 2  |8, 15, 14, 14|

168 bad colorings on level 2
