Trying substitutions to: 15
with goodVertices 1, 2, 3, 5, 6, 7, 9, 10, 12, 13, 14
bad color to improve: 1  3  with index 18
bad color to improve: 1  9  with index 24
bad color to improve: 1  10  with index 25
bad color to improve: 1  13  with index 28
bad color to improve: 1  14  with index 29
bad color to improve: 2  3  with index 32
bad color to improve: 2  10  with index 39
bad color to improve: 2  14  with index 43
8 bad colorings on level 1
Solved config  |1, 9| descendents: 
|0, 3, 4, 9, 15 |---| 1, 4, 6, 7, 8, 11, 12, 15|
|1, 1, 0, 0|---> |3, 8| possibles  |2, 5|
|1, 4, 0, 0|---> |6, 9| possibles  |7, 12|
|1, 6, 0, 0|---> |3, 8| possibles  |2, 5|
|1, 7, 0, 0|---> |6, 9| possibles  |7, 12|
|1, 8, 0, 0|---> |6, 9| possibles  |7, 12|
|1, 11, 0, 0|---> |3, 8| possibles  |2, 5|
|1, 12, 0, 0|---> |1, 4| possibles  |9|
|1, 15, 0, 0|---> |3, 8| possibles  |2, 5|
|4, 4, 0, 0|---> |1, 1| possibles  |0, 3, 4, 9, 15|
|4, 6, 0, 0|---> |6, 9| possibles  |7, 12|
|4, 7, 0, 0|---> |1, 5| possibles  |3, 4|
|4, 8, 0, 0|---> |1, 5| possibles  |3, 4|
|4, 11, 0, 0|---> |6, 9| possibles  |7, 12|
|4, 12, 0, 0|---> |6, 9| possibles  |7, 12|
|4, 15, 0, 0|---> |1, 1| possibles  |0, 3, 4, 9, 15|
|6, 6, 0, 0|---> |3, 8| possibles  |2, 5|
|6, 7, 0, 0|---> |6, 9| possibles  |7, 12|
|6, 8, 0, 0|---> |6, 9| possibles  |7, 12|
|6, 11, 0, 0|---> |3, 8| possibles  |2, 5|
|6, 12, 0, 0|---> |6, 9| possibles  |7, 12|
|6, 15, 0, 0|---> |3, 8| possibles  |2, 5|
|7, 7, 0, 0|---> |1, 5| possibles  |3, 4|
|7, 8, 0, 0|---> |1, 5| possibles  |3, 4|
|7, 11, 0, 0|---> |6, 9| possibles  |7, 12|
|7, 12, 0, 0|---> |1, 6| possibles  |0, 3, 9|
|7, 15, 0, 0|---> |6, 9| possibles  |7, 12|
|8, 8, 0, 0|---> |1, 2| possibles  |3, 15|
|8, 11, 0, 0|---> |6, 9| possibles  |7, 12|
|8, 12, 0, 0|---> |1, 2| possibles  |3, 15|
|8, 15, 0, 0|---> |1, 2| possibles  |3, 15|
|11, 11, 0, 0|---> |3, 8| possibles  |2, 5|
|11, 12, 0, 0|---> |6, 9| possibles  |7, 12|
|11, 15, 0, 0|---> |3, 8| possibles  |2, 5|
|12, 12, 0, 0|---> |1, 2| possibles  |3, 15|
|12, 15, 0, 0|---> |1, 2| possibles  |3, 15|
|15, 15, 0, 0|---> |1, 1| possibles  |0, 3, 4, 9, 15|
|1, 1, 0, 3|---> |1, 4| possibles  |9|
|1, 4, 0, 3|---> |6, 9| possibles  |7, 12|
|1, 6, 0, 3|---> |6, 9| possibles  |7, 12|
|1, 7, 0, 3|---> |6, 9| possibles  |7, 12|
|1, 8, 0, 3|---> |6, 9| possibles  |7, 12|
|1, 11, 0, 3|---> |6, 9| possibles  |7, 12|
|1, 12, 0, 3|---> |1, 4| possibles  |9|
|1, 15, 0, 3|---> |6, 9| possibles  |7, 12|
|4, 4, 0, 3|---> |1, 1| possibles  |0, 3, 4, 9, 15|
|4, 6, 0, 3|---> |6, 9| possibles  |7, 12|
|4, 7, 0, 3|---> |1, 5| possibles  |3, 4|
|4, 8, 0, 3|---> |1, 5| possibles  |3, 4|
|4, 11, 0, 3|---> |6, 9| possibles  |7, 12|
|4, 12, 0, 3|---> |6, 9| possibles  |7, 12|
|4, 15, 0, 3|---> |1, 1| possibles  |0, 3, 4, 9, 15|
|6, 6, 0, 3|---> |1, 7| possibles  |9, 15|
|6, 7, 0, 3|---> |6, 9| possibles  |7, 12|
|6, 8, 0, 3|---> |6, 9| possibles  |7, 12|
|6, 11, 0, 3|---> |6, 9| possibles  |7, 12|
|6, 12, 0, 3|---> |6, 9| possibles  |7, 12|
|6, 15, 0, 3|---> |1, 7| possibles  |9, 15|
|7, 7, 0, 3|---> |1, 5| possibles  |3, 4|
|7, 8, 0, 3|---> |1, 5| possibles  |3, 4|
|7, 11, 0, 3|---> |6, 9| possibles  |7, 12|
|7, 12, 0, 3|---> |1, 6| possibles  |0, 3, 9|
|7, 15, 0, 3|---> |6, 9| possibles  |7, 12|
|8, 8, 0, 3|---> |1, 2| possibles  |3, 15|
|8, 11, 0, 3|---> |6, 9| possibles  |7, 12|
|8, 12, 0, 3|---> |1, 2| possibles  |3, 15|
|8, 15, 0, 3|---> |1, 2| possibles  |3, 15|
|11, 11, 0, 3|---> |6, 9| possibles  |7, 12|
|11, 12, 0, 3|---> |6, 9| possibles  |7, 12|
|11, 15, 0, 3|---> |6, 9| possibles  |7, 12|
|12, 12, 0, 3|---> |1, 2| possibles  |3, 15|
|12, 15, 0, 3|---> |1, 2| possibles  |3, 15|
|15, 15, 0, 3|---> |1, 1| possibles  |0, 3, 4, 9, 15|
|1, 1, 0, 4|---> |3, 10| possibles  |2, 6, 11, 15|
|1, 4, 0, 4|---> |9, 10| possibles  |4, 6, 7, 8, 11, 15|
|1, 6, 0, 4|---> |3, 10| possibles  |2, 6, 11, 15|
|1, 7, 0, 4|---> |9, 10| possibles  |4, 6, 7, 8, 11, 15|
|1, 8, 0, 4|---> |9, 10| possibles  |4, 6, 7, 8, 11, 15|
|1, 11, 0, 4|---> |3, 10| possibles  |2, 6, 11, 15|
|1, 12, 0, 4|---> |1, 4| possibles  |9|
|1, 15, 0, 4|---> |3, 10| possibles  |2, 6, 11, 15|
|4, 4, 0, 4|---> |1, 1| possibles  |0, 3, 4, 9, 15|
|4, 6, 0, 4|---> |9, 10| possibles  |4, 6, 7, 8, 11, 15|
|4, 7, 0, 4|---> |1, 5| possibles  |3, 4|
|4, 8, 0, 4|---> |1, 5| possibles  |3, 4|
|4, 11, 0, 4|---> |9, 10| possibles  |4, 6, 7, 8, 11, 15|
|4, 12, 0, 4|---> |9, 10| possibles  |4, 6, 7, 8, 11, 15|
|4, 15, 0, 4|---> |1, 1| possibles  |0, 3, 4, 9, 15|
|6, 6, 0, 4|---> |3, 10| possibles  |2, 6, 11, 15|
|6, 7, 0, 4|---> |9, 10| possibles  |4, 6, 7, 8, 11, 15|
|6, 8, 0, 4|---> |9, 10| possibles  |4, 6, 7, 8, 11, 15|
|6, 11, 0, 4|---> |3, 10| possibles  |2, 6, 11, 15|
|6, 12, 0, 4|---> |9, 10| possibles  |4, 6, 7, 8, 11, 15|
|6, 15, 0, 4|---> |3, 10| possibles  |2, 6, 11, 15|
|7, 7, 0, 4|---> |1, 5| possibles  |3, 4|
|7, 8, 0, 4|---> |1, 5| possibles  |3, 4|
|7, 11, 0, 4|---> |9, 10| possibles  |4, 6, 7, 8, 11, 15|
|7, 12, 0, 4|---> |1, 6| possibles  |0, 3, 9|
|7, 15, 0, 4|---> |9, 10| possibles  |4, 6, 7, 8, 11, 15|
|8, 8, 0, 4|---> |1, 2| possibles  |3, 15|
|8, 11, 0, 4|---> |9, 10| possibles  |4, 6, 7, 8, 11, 15|
|8, 12, 0, 4|---> |1, 2| possibles  |3, 15|
|8, 15, 0, 4|---> |1, 2| possibles  |3, 15|
|11, 11, 0, 4|---> |3, 10| possibles  |2, 6, 11, 15|
|11, 12, 0, 4|---> |9, 10| possibles  |4, 6, 7, 8, 11, 15|
|11, 15, 0, 4|---> |3, 10| possibles  |2, 6, 11, 15|
|12, 12, 0, 4|---> |1, 2| possibles  |3, 15|
|12, 15, 0, 4|---> |1, 2| possibles  |3, 15|
|15, 15, 0, 4|---> |1, 1| possibles  |0, 3, 4, 9, 15|
|1, 1, 0, 9|---> |3, 8| possibles  |2, 5|
|1, 4, 0, 9|---> |6, 9| possibles  |7, 12|
|1, 6, 0, 9|---> |3, 8| possibles  |2, 5|
|1, 7, 0, 9|---> |6, 9| possibles  |7, 12|
|1, 8, 0, 9|---> |6, 9| possibles  |7, 12|
|1, 11, 0, 9|---> |3, 8| possibles  |2, 5|
|1, 12, 0, 9|---> |1, 4| possibles  |9|
|1, 15, 0, 9|---> |3, 8| possibles  |2, 5|
|4, 4, 0, 9|---> |1, 1| possibles  |0, 3, 4, 9, 15|
|4, 6, 0, 9|---> |6, 9| possibles  |7, 12|
|4, 7, 0, 9|---> |1, 5| possibles  |3, 4|
|4, 8, 0, 9|---> |1, 5| possibles  |3, 4|
|4, 11, 0, 9|---> |6, 9| possibles  |7, 12|
|4, 12, 0, 9|---> |6, 9| possibles  |7, 12|
|4, 15, 0, 9|---> |1, 1| possibles  |0, 3, 4, 9, 15|
|6, 6, 0, 9|---> |3, 8| possibles  |2, 5|
|6, 7, 0, 9|---> |6, 9| possibles  |7, 12|
|6, 8, 0, 9|---> |6, 9| possibles  |7, 12|
|6, 11, 0, 9|---> |3, 8| possibles  |2, 5|
|6, 12, 0, 9|---> |6, 9| possibles  |7, 12|
|6, 15, 0, 9|---> |3, 8| possibles  |2, 5|
|7, 7, 0, 9|---> |1, 5| possibles  |3, 4|
|7, 8, 0, 9|---> |1, 5| possibles  |3, 4|
|7, 11, 0, 9|---> |6, 9| possibles  |7, 12|
|7, 12, 0, 9|---> |1, 6| possibles  |0, 3, 9|
|7, 15, 0, 9|---> |6, 9| possibles  |7, 12|
|8, 8, 0, 9|---> |1, 2| possibles  |3, 15|
|8, 11, 0, 9|---> |6, 9| possibles  |7, 12|
|8, 12, 0, 9|---> |1, 2| possibles  |3, 15|
|8, 15, 0, 9|---> |1, 2| possibles  |3, 15|
|11, 11, 0, 9|---> |3, 8| possibles  |2, 5|
|11, 12, 0, 9|---> |6, 9| possibles  |7, 12|
|11, 15, 0, 9|---> |3, 8| possibles  |2, 5|
|12, 12, 0, 9|---> |1, 2| possibles  |3, 15|
|12, 15, 0, 9|---> |1, 2| possibles  |3, 15|
|15, 15, 0, 9|---> |1, 1| possibles  |0, 3, 4, 9, 15|
|1, 1, 0, 15|---> |3, 10| possibles  |2, 6, 11, 15|
|1, 4, 0, 15|---> |9, 10| possibles  |4, 6, 7, 8, 11, 15|
|1, 6, 0, 15|---> |3, 10| possibles  |2, 6, 11, 15|
|1, 7, 0, 15|---> |9, 10| possibles  |4, 6, 7, 8, 11, 15|
|1, 8, 0, 15|---> |9, 10| possibles  |4, 6, 7, 8, 11, 15|
|1, 11, 0, 15|---> |3, 10| possibles  |2, 6, 11, 15|
|1, 12, 0, 15|---> |1, 4| possibles  |9|
|1, 15, 0, 15|---> |3, 10| possibles  |2, 6, 11, 15|
|4, 4, 0, 15|---> |1, 1| possibles  |0, 3, 4, 9, 15|
|4, 6, 0, 15|---> |9, 10| possibles  |4, 6, 7, 8, 11, 15|
|4, 7, 0, 15|---> |1, 5| possibles  |3, 4|
|4, 8, 0, 15|---> |1, 5| possibles  |3, 4|
|4, 11, 0, 15|---> |9, 10| possibles  |4, 6, 7, 8, 11, 15|
|4, 12, 0, 15|---> |9, 10| possibles  |4, 6, 7, 8, 11, 15|
|4, 15, 0, 15|---> |1, 1| possibles  |0, 3, 4, 9, 15|
|6, 6, 0, 15|---> |3, 10| possibles  |2, 6, 11, 15|
|6, 7, 0, 15|---> |9, 10| possibles  |4, 6, 7, 8, 11, 15|
|6, 8, 0, 15|---> |9, 10| possibles  |4, 6, 7, 8, 11, 15|
|6, 11, 0, 15|---> |3, 10| possibles  |2, 6, 11, 15|
|6, 12, 0, 15|---> |9, 10| possibles  |4, 6, 7, 8, 11, 15|
|6, 15, 0, 15|---> |3, 10| possibles  |2, 6, 11, 15|
|7, 7, 0, 15|---> |1, 5| possibles  |3, 4|
|7, 8, 0, 15|---> |1, 5| possibles  |3, 4|
|7, 11, 0, 15|---> |9, 10| possibles  |4, 6, 7, 8, 11, 15|
|7, 12, 0, 15|---> |1, 6| possibles  |0, 3, 9|
|7, 15, 0, 15|---> |9, 10| possibles  |4, 6, 7, 8, 11, 15|
|8, 8, 0, 15|---> |1, 2| possibles  |3, 15|
|8, 11, 0, 15|---> |9, 10| possibles  |4, 6, 7, 8, 11, 15|
|8, 12, 0, 15|---> |1, 2| possibles  |3, 15|
|8, 15, 0, 15|---> |1, 2| possibles  |3, 15|
|11, 11, 0, 15|---> |3, 10| possibles  |2, 6, 11, 15|
|11, 12, 0, 15|---> |9, 10| possibles  |4, 6, 7, 8, 11, 15|
|11, 15, 0, 15|---> |3, 10| possibles  |2, 6, 11, 15|
|12, 12, 0, 15|---> |1, 2| possibles  |3, 15|
|12, 15, 0, 15|---> |1, 2| possibles  |3, 15|
|15, 15, 0, 15|---> |1, 1| possibles  |0, 3, 4, 9, 15|
|0, 0, 1, 1|---> |1, 4| possibles  |9|
|0, 3, 1, 1|---> |1, 4| possibles  |9|
|0, 4, 1, 1|---> |1, 4| possibles  |9|
|0, 9, 1, 1|---> |1, 4| possibles  |9|
|0, 15, 1, 1|---> |1, 4| possibles  |9|
|3, 3, 1, 1|---> |1, 4| possibles  |9|
|3, 4, 1, 1|---> |1, 4| possibles  |9|
|3, 9, 1, 1|---> |1, 4| possibles  |9|
|3, 15, 1, 1|---> |1, 4| possibles  |9|
|4, 4, 1, 1|---> |1, 4| possibles  |9|
|4, 9, 1, 1|---> |1, 4| possibles  |9|
|4, 15, 1, 1|---> |1, 4| possibles  |9|
|9, 9, 1, 1|---> |1, 4| possibles  |9|
|9, 15, 1, 1|---> |1, 4| possibles  |9|
|15, 15, 1, 1|---> |1, 4| possibles  |9|
|0, 0, 1, 4|---> |6, 9| possibles  |7, 12|
|0, 3, 1, 4|---> |6, 9| possibles  |7, 12|
|0, 4, 1, 4|---> |9, 10| possibles  |4, 6, 7, 8, 11, 15|
|0, 9, 1, 4|---> |6, 9| possibles  |7, 12|
|0, 15, 1, 4|---> |9, 10| possibles  |4, 6, 7, 8, 11, 15|
|3, 3, 1, 4|---> |2, 9| possibles  |8, 12, 15|
|3, 4, 1, 4|---> |5, 9| possibles  |4, 7, 8|
|3, 9, 1, 4|---> |6, 9| possibles  |7, 12|
|3, 15, 1, 4|---> |2, 9| possibles  |8, 12, 15|
|4, 4, 1, 4|---> |5, 9| possibles  |4, 7, 8|
|4, 9, 1, 4|---> |9, 12| possibles  |4, 6|
|4, 15, 1, 4|---> |9, 9| possibles  |1, 4, 6, 7, 8, 11, 12, 15|
|9, 9, 1, 4|---> |4, 9| possibles  |1, 12|
|9, 15, 1, 4|---> |7, 9| possibles  |6, 15|
|15, 15, 1, 4|---> |2, 9| possibles  |8, 12, 15|
|0, 0, 1, 6|---> |6, 9| possibles  |7, 12|
|0, 3, 1, 6|---> |6, 9| possibles  |7, 12|
|0, 4, 1, 6|---> |3, 10| possibles  |2, 6, 11, 15|
|0, 9, 1, 6|---> |6, 9| possibles  |7, 12|
|0, 15, 1, 6|---> |3, 10| possibles  |2, 6, 11, 15|
|3, 3, 1, 6|---> |2, 9| possibles  |8, 12, 15|
|3, 4, 1, 6|---> |5, 9| possibles  |4, 7, 8|
|3, 9, 1, 6|---> |6, 9| possibles  |7, 12|
|3, 15, 1, 6|---> |2, 9| possibles  |8, 12, 15|
|4, 4, 1, 6|---> |5, 9| possibles  |4, 7, 8|
|4, 9, 1, 6|---> |3, 12| possibles  |2, 6|
|4, 15, 1, 6|---> |3, 9| possibles  |1, 6, 11, 15|
|9, 9, 1, 6|---> |3, 4| possibles  |1, 5|
|9, 15, 1, 6|---> |3, 7| possibles  |5, 6, 15|
|15, 15, 1, 6|---> |2, 9| possibles  |8, 12, 15|
|0, 0, 1, 7|---> |1, 15| possibles  |3, 9|
|0, 3, 1, 7|---> |1, 15| possibles  |3, 9|
|0, 4, 1, 7|---> |1, 15| possibles  |3, 9|
|0, 9, 1, 7|---> |1, 15| possibles  |3, 9|
|0, 15, 1, 7|---> |1, 15| possibles  |3, 9|
|3, 3, 1, 7|---> |1, 15| possibles  |3, 9|
|3, 4, 1, 7|---> |1, 15| possibles  |3, 9|
|3, 9, 1, 7|---> |1, 15| possibles  |3, 9|
|3, 15, 1, 7|---> |1, 15| possibles  |3, 9|
|4, 4, 1, 7|---> |1, 15| possibles  |3, 9|
|4, 9, 1, 7|---> |1, 15| possibles  |3, 9|
|4, 15, 1, 7|---> |1, 15| possibles  |3, 9|
|9, 9, 1, 7|---> |1, 15| possibles  |3, 9|
|9, 15, 1, 7|---> |1, 15| possibles  |3, 9|
|15, 15, 1, 7|---> |1, 15| possibles  |3, 9|
|0, 0, 1, 8|---> |6, 9| possibles  |7, 12|
|0, 3, 1, 8|---> |6, 9| possibles  |7, 12|
|0, 4, 1, 8|---> |9, 10| possibles  |4, 6, 7, 8, 11, 15|
|0, 9, 1, 8|---> |6, 9| possibles  |7, 12|
|0, 15, 1, 8|---> |9, 10| possibles  |4, 6, 7, 8, 11, 15|
|3, 3, 1, 8|---> |2, 9| possibles  |8, 12, 15|
|3, 4, 1, 8|---> |5, 9| possibles  |4, 7, 8|
|3, 9, 1, 8|---> |6, 9| possibles  |7, 12|
|3, 15, 1, 8|---> |2, 9| possibles  |8, 12, 15|
|4, 4, 1, 8|---> |5, 9| possibles  |4, 7, 8|
|4, 9, 1, 8|---> |9, 12| possibles  |4, 6|
|4, 15, 1, 8|---> |9, 9| possibles  |1, 4, 6, 7, 8, 11, 12, 15|
|9, 9, 1, 8|---> |4, 9| possibles  |1, 12|
|9, 15, 1, 8|---> |7, 9| possibles  |6, 15|
|15, 15, 1, 8|---> |2, 9| possibles  |8, 12, 15|
|0, 0, 1, 11|---> |6, 9| possibles  |7, 12|
|0, 3, 1, 11|---> |6, 9| possibles  |7, 12|
|0, 4, 1, 11|---> |3, 10| possibles  |2, 6, 11, 15|
|0, 9, 1, 11|---> |6, 9| possibles  |7, 12|
|0, 15, 1, 11|---> |3, 10| possibles  |2, 6, 11, 15|
|3, 3, 1, 11|---> |2, 9| possibles  |8, 12, 15|
|3, 4, 1, 11|---> |5, 9| possibles  |4, 7, 8|
|3, 9, 1, 11|---> |6, 9| possibles  |7, 12|
|3, 15, 1, 11|---> |2, 9| possibles  |8, 12, 15|
|4, 4, 1, 11|---> |5, 9| possibles  |4, 7, 8|
|4, 9, 1, 11|---> |3, 12| possibles  |2, 6|
|4, 15, 1, 11|---> |3, 9| possibles  |1, 6, 11, 15|
|9, 9, 1, 11|---> |3, 4| possibles  |1, 5|
|9, 15, 1, 11|---> |3, 7| possibles  |5, 6, 15|
|15, 15, 1, 11|---> |2, 9| possibles  |8, 12, 15|
|0, 0, 1, 12|---> |1, 4| possibles  |9|
|0, 3, 1, 12|---> |1, 4| possibles  |9|
|0, 4, 1, 12|---> |1, 4| possibles  |9|
|0, 9, 1, 12|---> |1, 4| possibles  |9|
|0, 15, 1, 12|---> |1, 4| possibles  |9|
|3, 3, 1, 12|---> |1, 4| possibles  |9|
|3, 4, 1, 12|---> |1, 4| possibles  |9|
|3, 9, 1, 12|---> |1, 4| possibles  |9|
|3, 15, 1, 12|---> |1, 4| possibles  |9|
|4, 4, 1, 12|---> |1, 4| possibles  |9|
|4, 9, 1, 12|---> |1, 4| possibles  |9|
|4, 15, 1, 12|---> |1, 4| possibles  |9|
|9, 9, 1, 12|---> |1, 4| possibles  |9|
|9, 15, 1, 12|---> |1, 4| possibles  |9|
|15, 15, 1, 12|---> |1, 4| possibles  |9|
|0, 0, 1, 15|---> |6, 9| possibles  |7, 12|
|0, 3, 1, 15|---> |6, 9| possibles  |7, 12|
|0, 4, 1, 15|---> |3, 10| possibles  |2, 6, 11, 15|
|0, 9, 1, 15|---> |6, 9| possibles  |7, 12|
|0, 15, 1, 15|---> |3, 10| possibles  |2, 6, 11, 15|
|3, 3, 1, 15|---> |2, 9| possibles  |8, 12, 15|
|3, 4, 1, 15|---> |5, 9| possibles  |4, 7, 8|
|3, 9, 1, 15|---> |6, 9| possibles  |7, 12|
|3, 15, 1, 15|---> |2, 9| possibles  |8, 12, 15|
|4, 4, 1, 15|---> |5, 9| possibles  |4, 7, 8|
|4, 9, 1, 15|---> |3, 12| possibles  |2, 6|
|4, 15, 1, 15|---> |3, 9| possibles  |1, 6, 11, 15|
|9, 9, 1, 15|---> |3, 4| possibles  |1, 5|
|9, 15, 1, 15|---> |3, 7| possibles  |5, 6, 15|
|15, 15, 1, 15|---> |2, 9| possibles  |8, 12, 15|
|1, 1, 3, 3|---> |3, 15| possibles  |1, 2|
|1, 4, 3, 3|---> |2, 9| possibles  |8, 12, 15|
|1, 6, 3, 3|---> |3, 15| possibles  |1, 2|
|1, 7, 3, 3|---> |2, 9| possibles  |8, 12, 15|
|1, 8, 3, 3|---> |2, 9| possibles  |8, 12, 15|
|1, 11, 3, 3|---> |3, 15| possibles  |1, 2|
|1, 12, 3, 3|---> |1, 4| possibles  |9|
|1, 15, 3, 3|---> |3, 15| possibles  |1, 2|
|4, 4, 3, 3|---> |1, 1| possibles  |0, 3, 4, 9, 15|
|4, 6, 3, 3|---> |2, 9| possibles  |8, 12, 15|
|4, 7, 3, 3|---> |1, 5| possibles  |3, 4|
|4, 8, 3, 3|---> |1, 5| possibles  |3, 4|
|4, 11, 3, 3|---> |2, 9| possibles  |8, 12, 15|
|4, 12, 3, 3|---> |2, 9| possibles  |8, 12, 15|
|4, 15, 3, 3|---> |1, 1| possibles  |0, 3, 4, 9, 15|
|6, 6, 3, 3|---> |3, 15| possibles  |1, 2|
|6, 7, 3, 3|---> |2, 9| possibles  |8, 12, 15|
|6, 8, 3, 3|---> |2, 9| possibles  |8, 12, 15|
|6, 11, 3, 3|---> |3, 15| possibles  |1, 2|
|6, 12, 3, 3|---> |2, 9| possibles  |8, 12, 15|
|6, 15, 3, 3|---> |3, 15| possibles  |1, 2|
|7, 7, 3, 3|---> |1, 5| possibles  |3, 4|
|7, 8, 3, 3|---> |1, 5| possibles  |3, 4|
|7, 11, 3, 3|---> |2, 9| possibles  |8, 12, 15|
|7, 12, 3, 3|---> |1, 6| possibles  |0, 3, 9|
|7, 15, 3, 3|---> |2, 9| possibles  |8, 12, 15|
|8, 8, 3, 3|---> |1, 2| possibles  |3, 15|
|8, 11, 3, 3|---> |2, 9| possibles  |8, 12, 15|
|8, 12, 3, 3|---> |1, 2| possibles  |3, 15|
|8, 15, 3, 3|---> |1, 2| possibles  |3, 15|
|11, 11, 3, 3|---> |3, 15| possibles  |1, 2|
|11, 12, 3, 3|---> |2, 9| possibles  |8, 12, 15|
|11, 15, 3, 3|---> |3, 15| possibles  |1, 2|
|12, 12, 3, 3|---> |1, 2| possibles  |3, 15|
|12, 15, 3, 3|---> |1, 2| possibles  |3, 15|
|15, 15, 3, 3|---> |1, 1| possibles  |0, 3, 4, 9, 15|
|1, 1, 3, 4|---> |1, 4| possibles  |9|
|1, 4, 3, 4|---> |5, 9| possibles  |4, 7, 8|
|1, 6, 3, 4|---> |5, 9| possibles  |4, 7, 8|
|1, 7, 3, 4|---> |5, 9| possibles  |4, 7, 8|
|1, 8, 3, 4|---> |5, 9| possibles  |4, 7, 8|
|1, 11, 3, 4|---> |5, 9| possibles  |4, 7, 8|
|1, 12, 3, 4|---> |1, 4| possibles  |9|
|1, 15, 3, 4|---> |5, 9| possibles  |4, 7, 8|
|4, 4, 3, 4|---> |1, 1| possibles  |0, 3, 4, 9, 15|
|4, 6, 3, 4|---> |5, 9| possibles  |4, 7, 8|
|4, 7, 3, 4|---> |1, 5| possibles  |3, 4|
|4, 8, 3, 4|---> |1, 5| possibles  |3, 4|
|4, 11, 3, 4|---> |5, 9| possibles  |4, 7, 8|
|4, 12, 3, 4|---> |5, 9| possibles  |4, 7, 8|
|4, 15, 3, 4|---> |1, 1| possibles  |0, 3, 4, 9, 15|
|6, 6, 3, 4|---> |1, 7| possibles  |9, 15|
|6, 7, 3, 4|---> |5, 9| possibles  |4, 7, 8|
|6, 8, 3, 4|---> |5, 9| possibles  |4, 7, 8|
|6, 11, 3, 4|---> |5, 9| possibles  |4, 7, 8|
|6, 12, 3, 4|---> |5, 9| possibles  |4, 7, 8|
|6, 15, 3, 4|---> |1, 7| possibles  |9, 15|
|7, 7, 3, 4|---> |1, 5| possibles  |3, 4|
|7, 8, 3, 4|---> |1, 5| possibles  |3, 4|
|7, 11, 3, 4|---> |5, 9| possibles  |4, 7, 8|
|7, 12, 3, 4|---> |1, 6| possibles  |0, 3, 9|
|7, 15, 3, 4|---> |5, 9| possibles  |4, 7, 8|
|8, 8, 3, 4|---> |1, 2| possibles  |3, 15|
|8, 11, 3, 4|---> |5, 9| possibles  |4, 7, 8|
|8, 12, 3, 4|---> |1, 2| possibles  |3, 15|
|8, 15, 3, 4|---> |1, 2| possibles  |3, 15|
|11, 11, 3, 4|---> |5, 9| possibles  |4, 7, 8|
|11, 12, 3, 4|---> |5, 9| possibles  |4, 7, 8|
|11, 15, 3, 4|---> |5, 9| possibles  |4, 7, 8|
|12, 12, 3, 4|---> |1, 2| possibles  |3, 15|
|12, 15, 3, 4|---> |1, 2| possibles  |3, 15|
|15, 15, 3, 4|---> |1, 1| possibles  |0, 3, 4, 9, 15|
|1, 1, 3, 9|---> |3, 15| possibles  |1, 2|
|1, 4, 3, 9|---> |6, 9| possibles  |7, 12|
|1, 6, 3, 9|---> |3, 15| possibles  |1, 2|
|1, 7, 3, 9|---> |6, 9| possibles  |7, 12|
|1, 8, 3, 9|---> |6, 9| possibles  |7, 12|
|1, 11, 3, 9|---> |3, 15| possibles  |1, 2|
|1, 12, 3, 9|---> |1, 4| possibles  |9|
|1, 15, 3, 9|---> |3, 15| possibles  |1, 2|
|4, 4, 3, 9|---> |1, 1| possibles  |0, 3, 4, 9, 15|
|4, 6, 3, 9|---> |6, 9| possibles  |7, 12|
|4, 7, 3, 9|---> |1, 5| possibles  |3, 4|
|4, 8, 3, 9|---> |1, 5| possibles  |3, 4|
|4, 11, 3, 9|---> |6, 9| possibles  |7, 12|
|4, 12, 3, 9|---> |6, 9| possibles  |7, 12|
|4, 15, 3, 9|---> |1, 1| possibles  |0, 3, 4, 9, 15|
|6, 6, 3, 9|---> |3, 15| possibles  |1, 2|
|6, 7, 3, 9|---> |6, 9| possibles  |7, 12|
|6, 8, 3, 9|---> |6, 9| possibles  |7, 12|
|6, 11, 3, 9|---> |3, 15| possibles  |1, 2|
|6, 12, 3, 9|---> |6, 9| possibles  |7, 12|
|6, 15, 3, 9|---> |3, 15| possibles  |1, 2|
|7, 7, 3, 9|---> |1, 5| possibles  |3, 4|
|7, 8, 3, 9|---> |1, 5| possibles  |3, 4|
|7, 11, 3, 9|---> |6, 9| possibles  |7, 12|
|7, 12, 3, 9|---> |1, 6| possibles  |0, 3, 9|
|7, 15, 3, 9|---> |6, 9| possibles  |7, 12|
|8, 8, 3, 9|---> |1, 2| possibles  |3, 15|
|8, 11, 3, 9|---> |6, 9| possibles  |7, 12|
|8, 12, 3, 9|---> |1, 2| possibles  |3, 15|
|8, 15, 3, 9|---> |1, 2| possibles  |3, 15|
|11, 11, 3, 9|---> |3, 15| possibles  |1, 2|
|11, 12, 3, 9|---> |6, 9| possibles  |7, 12|
|11, 15, 3, 9|---> |3, 15| possibles  |1, 2|
|12, 12, 3, 9|---> |1, 2| possibles  |3, 15|
|12, 15, 3, 9|---> |1, 2| possibles  |3, 15|
|15, 15, 3, 9|---> |1, 1| possibles  |0, 3, 4, 9, 15|
|1, 1, 3, 15|---> |1, 4| possibles  |9|
|1, 4, 3, 15|---> |2, 9| possibles  |8, 12, 15|
|1, 6, 3, 15|---> |2, 9| possibles  |8, 12, 15|
|1, 7, 3, 15|---> |2, 9| possibles  |8, 12, 15|
|1, 8, 3, 15|---> |2, 9| possibles  |8, 12, 15|
|1, 11, 3, 15|---> |2, 9| possibles  |8, 12, 15|
|1, 12, 3, 15|---> |1, 4| possibles  |9|
|1, 15, 3, 15|---> |2, 9| possibles  |8, 12, 15|
|4, 4, 3, 15|---> |1, 1| possibles  |0, 3, 4, 9, 15|
|4, 6, 3, 15|---> |2, 9| possibles  |8, 12, 15|
|4, 7, 3, 15|---> |1, 5| possibles  |3, 4|
|4, 8, 3, 15|---> |1, 5| possibles  |3, 4|
|4, 11, 3, 15|---> |2, 9| possibles  |8, 12, 15|
|4, 12, 3, 15|---> |2, 9| possibles  |8, 12, 15|
|4, 15, 3, 15|---> |1, 1| possibles  |0, 3, 4, 9, 15|
|6, 6, 3, 15|---> |1, 7| possibles  |9, 15|
|6, 7, 3, 15|---> |2, 9| possibles  |8, 12, 15|
|6, 8, 3, 15|---> |2, 9| possibles  |8, 12, 15|
|6, 11, 3, 15|---> |2, 9| possibles  |8, 12, 15|
|6, 12, 3, 15|---> |2, 9| possibles  |8, 12, 15|
|6, 15, 3, 15|---> |1, 7| possibles  |9, 15|
|7, 7, 3, 15|---> |1, 5| possibles  |3, 4|
|7, 8, 3, 15|---> |1, 5| possibles  |3, 4|
|7, 11, 3, 15|---> |2, 9| possibles  |8, 12, 15|
|7, 12, 3, 15|---> |1, 6| possibles  |0, 3, 9|
|7, 15, 3, 15|---> |2, 9| possibles  |8, 12, 15|
|8, 8, 3, 15|---> |1, 2| possibles  |3, 15|
|8, 11, 3, 15|---> |2, 9| possibles  |8, 12, 15|
|8, 12, 3, 15|---> |1, 2| possibles  |3, 15|
|8, 15, 3, 15|---> |1, 2| possibles  |3, 15|
|11, 11, 3, 15|---> |2, 9| possibles  |8, 12, 15|
|11, 12, 3, 15|---> |2, 9| possibles  |8, 12, 15|
|11, 15, 3, 15|---> |2, 9| possibles  |8, 12, 15|
|12, 12, 3, 15|---> |1, 2| possibles  |3, 15|
|12, 15, 3, 15|---> |1, 2| possibles  |3, 15|
|15, 15, 3, 15|---> |1, 1| possibles  |0, 3, 4, 9, 15|
|0, 0, 4, 4|---> |1, 1| possibles  |0, 3, 4, 9, 15|
|0, 3, 4, 4|---> |1, 1| possibles  |0, 3, 4, 9, 15|
|0, 4, 4, 4|---> |1, 1| possibles  |0, 3, 4, 9, 15|
|0, 9, 4, 4|---> |1, 1| possibles  |0, 3, 4, 9, 15|
|0, 15, 4, 4|---> |1, 1| possibles  |0, 3, 4, 9, 15|
|1, 1, 4, 4|---> |3, 9| possibles  |1, 6, 11, 15|
|1, 4, 4, 4|---> |5, 9| possibles  |4, 7, 8|
|1, 6, 4, 4|---> |3, 9| possibles  |1, 6, 11, 15|
|1, 7, 4, 4|---> |5, 9| possibles  |4, 7, 8|
|1, 8, 4, 4|---> |5, 9| possibles  |4, 7, 8|
|1, 11, 4, 4|---> |3, 9| possibles  |1, 6, 11, 15|
|1, 12, 4, 4|---> |1, 4| possibles  |9|
|1, 15, 4, 4|---> |3, 9| possibles  |1, 6, 11, 15|
|3, 3, 4, 4|---> |1, 1| possibles  |0, 3, 4, 9, 15|
|3, 4, 4, 4|---> |1, 1| possibles  |0, 3, 4, 9, 15|
|3, 9, 4, 4|---> |1, 1| possibles  |0, 3, 4, 9, 15|
|3, 15, 4, 4|---> |1, 1| possibles  |0, 3, 4, 9, 15|
|4, 4, 4, 4|---> |1, 1| possibles  |0, 3, 4, 9, 15|
|4, 4, 4, 4|---> |1, 1| possibles  |0, 3, 4, 9, 15|
|4, 6, 4, 4|---> |5, 9| possibles  |4, 7, 8|
|4, 7, 4, 4|---> |1, 5| possibles  |3, 4|
|4, 8, 4, 4|---> |1, 5| possibles  |3, 4|
|4, 9, 4, 4|---> |1, 1| possibles  |0, 3, 4, 9, 15|
|4, 11, 4, 4|---> |5, 9| possibles  |4, 7, 8|
|4, 12, 4, 4|---> |5, 9| possibles  |4, 7, 8|
|4, 15, 4, 4|---> |1, 1| possibles  |0, 3, 4, 9, 15|
|4, 15, 4, 4|---> |1, 1| possibles  |0, 3, 4, 9, 15|
|6, 6, 4, 4|---> |3, 9| possibles  |1, 6, 11, 15|
|6, 7, 4, 4|---> |5, 9| possibles  |4, 7, 8|
|6, 8, 4, 4|---> |5, 9| possibles  |4, 7, 8|
|6, 11, 4, 4|---> |3, 9| possibles  |1, 6, 11, 15|
|6, 12, 4, 4|---> |5, 9| possibles  |4, 7, 8|
|6, 15, 4, 4|---> |3, 9| possibles  |1, 6, 11, 15|
|7, 7, 4, 4|---> |1, 5| possibles  |3, 4|
|7, 8, 4, 4|---> |1, 5| possibles  |3, 4|
|7, 11, 4, 4|---> |5, 9| possibles  |4, 7, 8|
|7, 12, 4, 4|---> |1, 6| possibles  |0, 3, 9|
|7, 15, 4, 4|---> |5, 9| possibles  |4, 7, 8|
|8, 8, 4, 4|---> |1, 2| possibles  |3, 15|
|8, 11, 4, 4|---> |5, 9| possibles  |4, 7, 8|
|8, 12, 4, 4|---> |1, 2| possibles  |3, 15|
|8, 15, 4, 4|---> |1, 2| possibles  |3, 15|
|9, 9, 4, 4|---> |1, 1| possibles  |0, 3, 4, 9, 15|
|9, 15, 4, 4|---> |1, 1| possibles  |0, 3, 4, 9, 15|
|11, 11, 4, 4|---> |3, 9| possibles  |1, 6, 11, 15|
|11, 12, 4, 4|---> |5, 9| possibles  |4, 7, 8|
|11, 15, 4, 4|---> |3, 9| possibles  |1, 6, 11, 15|
|12, 12, 4, 4|---> |1, 2| possibles  |3, 15|
|12, 15, 4, 4|---> |1, 2| possibles  |3, 15|
|15, 15, 4, 4|---> |1, 1| possibles  |0, 3, 4, 9, 15|
|15, 15, 4, 4|---> |1, 1| possibles  |0, 3, 4, 9, 15|
|0, 0, 4, 6|---> |1, 12| possibles  |4, 9|
|0, 3, 4, 6|---> |1, 12| possibles  |4, 9|
|0, 4, 4, 6|---> |1, 12| possibles  |4, 9|
|0, 9, 4, 6|---> |1, 12| possibles  |4, 9|
|0, 15, 4, 6|---> |1, 12| possibles  |4, 9|
|3, 3, 4, 6|---> |1, 12| possibles  |4, 9|
|3, 4, 4, 6|---> |1, 12| possibles  |4, 9|
|3, 9, 4, 6|---> |1, 12| possibles  |4, 9|
|3, 15, 4, 6|---> |1, 12| possibles  |4, 9|
|4, 4, 4, 6|---> |1, 12| possibles  |4, 9|
|4, 9, 4, 6|---> |1, 12| possibles  |4, 9|
|4, 15, 4, 6|---> |1, 12| possibles  |4, 9|
|9, 9, 4, 6|---> |1, 12| possibles  |4, 9|
|9, 15, 4, 6|---> |1, 12| possibles  |4, 9|
|15, 15, 4, 6|---> |1, 12| possibles  |4, 9|
|0, 0, 4, 7|---> |1, 5| possibles  |3, 4|
|0, 3, 4, 7|---> |1, 5| possibles  |3, 4|
|0, 4, 4, 7|---> |1, 5| possibles  |3, 4|
|0, 9, 4, 7|---> |1, 5| possibles  |3, 4|
|0, 15, 4, 7|---> |1, 5| possibles  |3, 4|
|3, 3, 4, 7|---> |1, 5| possibles  |3, 4|
|3, 4, 4, 7|---> |1, 5| possibles  |3, 4|
|3, 9, 4, 7|---> |1, 5| possibles  |3, 4|
|3, 15, 4, 7|---> |1, 5| possibles  |3, 4|
|4, 4, 4, 7|---> |1, 5| possibles  |3, 4|
|4, 9, 4, 7|---> |1, 5| possibles  |3, 4|
|4, 15, 4, 7|---> |1, 5| possibles  |3, 4|
|9, 9, 4, 7|---> |1, 5| possibles  |3, 4|
|9, 15, 4, 7|---> |1, 5| possibles  |3, 4|
|15, 15, 4, 7|---> |1, 5| possibles  |3, 4|
|0, 0, 4, 8|---> |1, 5| possibles  |3, 4|
|0, 3, 4, 8|---> |1, 5| possibles  |3, 4|
|0, 4, 4, 8|---> |1, 5| possibles  |3, 4|
|0, 9, 4, 8|---> |1, 5| possibles  |3, 4|
|0, 15, 4, 8|---> |1, 5| possibles  |3, 4|
|3, 3, 4, 8|---> |1, 5| possibles  |3, 4|
|3, 4, 4, 8|---> |1, 5| possibles  |3, 4|
|3, 9, 4, 8|---> |1, 5| possibles  |3, 4|
|3, 15, 4, 8|---> |1, 5| possibles  |3, 4|
|4, 4, 4, 8|---> |1, 5| possibles  |3, 4|
|4, 9, 4, 8|---> |1, 5| possibles  |3, 4|
|4, 15, 4, 8|---> |1, 5| possibles  |3, 4|
|9, 9, 4, 8|---> |1, 5| possibles  |3, 4|
|9, 15, 4, 8|---> |1, 5| possibles  |3, 4|
|15, 15, 4, 8|---> |1, 5| possibles  |3, 4|
|1, 1, 4, 9|---> |3, 12| possibles  |2, 6|
|1, 4, 4, 9|---> |9, 12| possibles  |4, 6|
|1, 6, 4, 9|---> |3, 12| possibles  |2, 6|
|1, 7, 4, 9|---> |9, 12| possibles  |4, 6|
|1, 8, 4, 9|---> |9, 12| possibles  |4, 6|
|1, 11, 4, 9|---> |3, 12| possibles  |2, 6|
|1, 12, 4, 9|---> |1, 4| possibles  |9|
|1, 15, 4, 9|---> |3, 12| possibles  |2, 6|
|4, 4, 4, 9|---> |1, 1| possibles  |0, 3, 4, 9, 15|
|4, 6, 4, 9|---> |9, 12| possibles  |4, 6|
|4, 7, 4, 9|---> |1, 5| possibles  |3, 4|
|4, 8, 4, 9|---> |1, 5| possibles  |3, 4|
|4, 11, 4, 9|---> |9, 12| possibles  |4, 6|
|4, 12, 4, 9|---> |9, 12| possibles  |4, 6|
|4, 15, 4, 9|---> |1, 1| possibles  |0, 3, 4, 9, 15|
|6, 6, 4, 9|---> |3, 12| possibles  |2, 6|
|6, 7, 4, 9|---> |9, 12| possibles  |4, 6|
|6, 8, 4, 9|---> |9, 12| possibles  |4, 6|
|6, 11, 4, 9|---> |3, 12| possibles  |2, 6|
|6, 12, 4, 9|---> |9, 12| possibles  |4, 6|
|6, 15, 4, 9|---> |3, 12| possibles  |2, 6|
|7, 7, 4, 9|---> |1, 5| possibles  |3, 4|
|7, 8, 4, 9|---> |1, 5| possibles  |3, 4|
|7, 11, 4, 9|---> |9, 12| possibles  |4, 6|
|7, 12, 4, 9|---> |1, 6| possibles  |0, 3, 9|
|7, 15, 4, 9|---> |9, 12| possibles  |4, 6|
|8, 8, 4, 9|---> |1, 2| possibles  |3, 15|
|8, 11, 4, 9|---> |9, 12| possibles  |4, 6|
|8, 12, 4, 9|---> |1, 2| possibles  |3, 15|
|8, 15, 4, 9|---> |1, 2| possibles  |3, 15|
|11, 11, 4, 9|---> |3, 12| possibles  |2, 6|
|11, 12, 4, 9|---> |9, 12| possibles  |4, 6|
|11, 15, 4, 9|---> |3, 12| possibles  |2, 6|
|12, 12, 4, 9|---> |1, 2| possibles  |3, 15|
|12, 15, 4, 9|---> |1, 2| possibles  |3, 15|
|15, 15, 4, 9|---> |1, 1| possibles  |0, 3, 4, 9, 15|
|0, 0, 4, 11|---> |6, 9| possibles  |7, 12|
|0, 3, 4, 11|---> |6, 9| possibles  |7, 12|
|0, 4, 4, 11|---> |9, 10| possibles  |4, 6, 7, 8, 11, 15|
|0, 9, 4, 11|---> |6, 9| possibles  |7, 12|
|0, 15, 4, 11|---> |9, 10| possibles  |4, 6, 7, 8, 11, 15|
|3, 3, 4, 11|---> |2, 9| possibles  |8, 12, 15|
|3, 4, 4, 11|---> |5, 9| possibles  |4, 7, 8|
|3, 9, 4, 11|---> |6, 9| possibles  |7, 12|
|3, 15, 4, 11|---> |2, 9| possibles  |8, 12, 15|
|4, 4, 4, 11|---> |5, 9| possibles  |4, 7, 8|
|4, 9, 4, 11|---> |9, 12| possibles  |4, 6|
|4, 15, 4, 11|---> |9, 9| possibles  |1, 4, 6, 7, 8, 11, 12, 15|
|9, 9, 4, 11|---> |4, 9| possibles  |1, 12|
|9, 15, 4, 11|---> |7, 9| possibles  |6, 15|
|15, 15, 4, 11|---> |2, 9| possibles  |8, 12, 15|
|0, 0, 4, 12|---> |6, 9| possibles  |7, 12|
|0, 3, 4, 12|---> |6, 9| possibles  |7, 12|
|0, 4, 4, 12|---> |9, 10| possibles  |4, 6, 7, 8, 11, 15|
|0, 9, 4, 12|---> |6, 9| possibles  |7, 12|
|0, 15, 4, 12|---> |9, 10| possibles  |4, 6, 7, 8, 11, 15|
|3, 3, 4, 12|---> |2, 9| possibles  |8, 12, 15|
|3, 4, 4, 12|---> |5, 9| possibles  |4, 7, 8|
|3, 9, 4, 12|---> |6, 9| possibles  |7, 12|
|3, 15, 4, 12|---> |2, 9| possibles  |8, 12, 15|
|4, 4, 4, 12|---> |5, 9| possibles  |4, 7, 8|
|4, 9, 4, 12|---> |9, 12| possibles  |4, 6|
|4, 15, 4, 12|---> |9, 9| possibles  |1, 4, 6, 7, 8, 11, 12, 15|
|9, 9, 4, 12|---> |4, 9| possibles  |1, 12|
|9, 15, 4, 12|---> |7, 9| possibles  |6, 15|
|15, 15, 4, 12|---> |2, 9| possibles  |8, 12, 15|
|0, 0, 4, 15|---> |1, 1| possibles  |0, 3, 4, 9, 15|
|0, 3, 4, 15|---> |1, 1| possibles  |0, 3, 4, 9, 15|
|0, 4, 4, 15|---> |1, 1| possibles  |0, 3, 4, 9, 15|
|0, 9, 4, 15|---> |1, 1| possibles  |0, 3, 4, 9, 15|
|0, 15, 4, 15|---> |1, 1| possibles  |0, 3, 4, 9, 15|
|1, 1, 4, 15|---> |3, 9| possibles  |1, 6, 11, 15|
|1, 4, 4, 15|---> |9, 9| possibles  |1, 4, 6, 7, 8, 11, 12, 15|
|1, 6, 4, 15|---> |3, 9| possibles  |1, 6, 11, 15|
|1, 7, 4, 15|---> |9, 9| possibles  |1, 4, 6, 7, 8, 11, 12, 15|
|1, 8, 4, 15|---> |9, 9| possibles  |1, 4, 6, 7, 8, 11, 12, 15|
|1, 11, 4, 15|---> |3, 9| possibles  |1, 6, 11, 15|
|1, 12, 4, 15|---> |1, 4| possibles  |9|
|1, 15, 4, 15|---> |3, 9| possibles  |1, 6, 11, 15|
|3, 3, 4, 15|---> |1, 1| possibles  |0, 3, 4, 9, 15|
|3, 4, 4, 15|---> |1, 1| possibles  |0, 3, 4, 9, 15|
|3, 9, 4, 15|---> |1, 1| possibles  |0, 3, 4, 9, 15|
|3, 15, 4, 15|---> |1, 1| possibles  |0, 3, 4, 9, 15|
|4, 4, 4, 15|---> |1, 1| possibles  |0, 3, 4, 9, 15|
|4, 4, 4, 15|---> |1, 1| possibles  |0, 3, 4, 9, 15|
|4, 6, 4, 15|---> |9, 9| possibles  |1, 4, 6, 7, 8, 11, 12, 15|
|4, 7, 4, 15|---> |1, 5| possibles  |3, 4|
|4, 8, 4, 15|---> |1, 5| possibles  |3, 4|
|4, 9, 4, 15|---> |1, 1| possibles  |0, 3, 4, 9, 15|
|4, 11, 4, 15|---> |9, 9| possibles  |1, 4, 6, 7, 8, 11, 12, 15|
|4, 12, 4, 15|---> |9, 9| possibles  |1, 4, 6, 7, 8, 11, 12, 15|
|4, 15, 4, 15|---> |1, 1| possibles  |0, 3, 4, 9, 15|
|4, 15, 4, 15|---> |1, 1| possibles  |0, 3, 4, 9, 15|
|6, 6, 4, 15|---> |3, 9| possibles  |1, 6, 11, 15|
|6, 7, 4, 15|---> |9, 9| possibles  |1, 4, 6, 7, 8, 11, 12, 15|
|6, 8, 4, 15|---> |9, 9| possibles  |1, 4, 6, 7, 8, 11, 12, 15|
|6, 11, 4, 15|---> |3, 9| possibles  |1, 6, 11, 15|
|6, 12, 4, 15|---> |9, 9| possibles  |1, 4, 6, 7, 8, 11, 12, 15|
|6, 15, 4, 15|---> |3, 9| possibles  |1, 6, 11, 15|
|7, 7, 4, 15|---> |1, 5| possibles  |3, 4|
|7, 8, 4, 15|---> |1, 5| possibles  |3, 4|
|7, 11, 4, 15|---> |9, 9| possibles  |1, 4, 6, 7, 8, 11, 12, 15|
|7, 12, 4, 15|---> |1, 6| possibles  |0, 3, 9|
|7, 15, 4, 15|---> |9, 9| possibles  |1, 4, 6, 7, 8, 11, 12, 15|
|8, 8, 4, 15|---> |1, 2| possibles  |3, 15|
|8, 11, 4, 15|---> |9, 9| possibles  |1, 4, 6, 7, 8, 11, 12, 15|
|8, 12, 4, 15|---> |1, 2| possibles  |3, 15|
|8, 15, 4, 15|---> |1, 2| possibles  |3, 15|
|9, 9, 4, 15|---> |1, 1| possibles  |0, 3, 4, 9, 15|
|9, 15, 4, 15|---> |1, 1| possibles  |0, 3, 4, 9, 15|
|11, 11, 4, 15|---> |3, 9| possibles  |1, 6, 11, 15|
|11, 12, 4, 15|---> |9, 9| possibles  |1, 4, 6, 7, 8, 11, 12, 15|
|11, 15, 4, 15|---> |3, 9| possibles  |1, 6, 11, 15|
|12, 12, 4, 15|---> |1, 2| possibles  |3, 15|
|12, 15, 4, 15|---> |1, 2| possibles  |3, 15|
|15, 15, 4, 15|---> |1, 1| possibles  |0, 3, 4, 9, 15|
|15, 15, 4, 15|---> |1, 1| possibles  |0, 3, 4, 9, 15|
|0, 0, 6, 6|---> |1, 7| possibles  |9, 15|
|0, 3, 6, 6|---> |1, 7| possibles  |9, 15|
|0, 4, 6, 6|---> |1, 7| possibles  |9, 15|
|0, 9, 6, 6|---> |1, 7| possibles  |9, 15|
|0, 15, 6, 6|---> |1, 7| possibles  |9, 15|
|3, 3, 6, 6|---> |1, 7| possibles  |9, 15|
|3, 4, 6, 6|---> |1, 7| possibles  |9, 15|
|3, 9, 6, 6|---> |1, 7| possibles  |9, 15|
|3, 15, 6, 6|---> |1, 7| possibles  |9, 15|
|4, 4, 6, 6|---> |1, 7| possibles  |9, 15|
|4, 9, 6, 6|---> |1, 7| possibles  |9, 15|
|4, 15, 6, 6|---> |1, 7| possibles  |9, 15|
|9, 9, 6, 6|---> |1, 7| possibles  |9, 15|
|9, 15, 6, 6|---> |1, 7| possibles  |9, 15|
|15, 15, 6, 6|---> |1, 7| possibles  |9, 15|
|0, 0, 6, 7|---> |6, 9| possibles  |7, 12|
|0, 3, 6, 7|---> |6, 9| possibles  |7, 12|
|0, 4, 6, 7|---> |9, 10| possibles  |4, 6, 7, 8, 11, 15|
|0, 9, 6, 7|---> |6, 9| possibles  |7, 12|
|0, 15, 6, 7|---> |9, 10| possibles  |4, 6, 7, 8, 11, 15|
|3, 3, 6, 7|---> |2, 9| possibles  |8, 12, 15|
|3, 4, 6, 7|---> |5, 9| possibles  |4, 7, 8|
|3, 9, 6, 7|---> |6, 9| possibles  |7, 12|
|3, 15, 6, 7|---> |2, 9| possibles  |8, 12, 15|
|4, 4, 6, 7|---> |5, 9| possibles  |4, 7, 8|
|4, 9, 6, 7|---> |9, 12| possibles  |4, 6|
|4, 15, 6, 7|---> |9, 9| possibles  |1, 4, 6, 7, 8, 11, 12, 15|
|9, 9, 6, 7|---> |4, 9| possibles  |1, 12|
|9, 15, 6, 7|---> |7, 9| possibles  |6, 15|
|15, 15, 6, 7|---> |2, 9| possibles  |8, 12, 15|
|0, 0, 6, 8|---> |6, 9| possibles  |7, 12|
|0, 3, 6, 8|---> |6, 9| possibles  |7, 12|
|0, 4, 6, 8|---> |9, 10| possibles  |4, 6, 7, 8, 11, 15|
|0, 9, 6, 8|---> |6, 9| possibles  |7, 12|
|0, 15, 6, 8|---> |9, 10| possibles  |4, 6, 7, 8, 11, 15|
|3, 3, 6, 8|---> |2, 9| possibles  |8, 12, 15|
|3, 4, 6, 8|---> |5, 9| possibles  |4, 7, 8|
|3, 9, 6, 8|---> |6, 9| possibles  |7, 12|
|3, 15, 6, 8|---> |2, 9| possibles  |8, 12, 15|
|4, 4, 6, 8|---> |5, 9| possibles  |4, 7, 8|
|4, 9, 6, 8|---> |9, 12| possibles  |4, 6|
|4, 15, 6, 8|---> |9, 9| possibles  |1, 4, 6, 7, 8, 11, 12, 15|
|9, 9, 6, 8|---> |4, 9| possibles  |1, 12|
|9, 15, 6, 8|---> |7, 9| possibles  |6, 15|
|15, 15, 6, 8|---> |2, 9| possibles  |8, 12, 15|
|0, 0, 6, 11|---> |6, 9| possibles  |7, 12|
|0, 3, 6, 11|---> |6, 9| possibles  |7, 12|
|0, 4, 6, 11|---> |3, 10| possibles  |2, 6, 11, 15|
|0, 9, 6, 11|---> |6, 9| possibles  |7, 12|
|0, 15, 6, 11|---> |3, 10| possibles  |2, 6, 11, 15|
|3, 3, 6, 11|---> |2, 9| possibles  |8, 12, 15|
|3, 4, 6, 11|---> |5, 9| possibles  |4, 7, 8|
|3, 9, 6, 11|---> |6, 9| possibles  |7, 12|
|3, 15, 6, 11|---> |2, 9| possibles  |8, 12, 15|
|4, 4, 6, 11|---> |5, 9| possibles  |4, 7, 8|
|4, 9, 6, 11|---> |3, 12| possibles  |2, 6|
|4, 15, 6, 11|---> |3, 9| possibles  |1, 6, 11, 15|
|9, 9, 6, 11|---> |3, 4| possibles  |1, 5|
|9, 15, 6, 11|---> |3, 7| possibles  |5, 6, 15|
|15, 15, 6, 11|---> |2, 9| possibles  |8, 12, 15|
|0, 0, 6, 12|---> |6, 9| possibles  |7, 12|
|0, 3, 6, 12|---> |6, 9| possibles  |7, 12|
|0, 4, 6, 12|---> |9, 10| possibles  |4, 6, 7, 8, 11, 15|
|0, 9, 6, 12|---> |6, 9| possibles  |7, 12|
|0, 15, 6, 12|---> |9, 10| possibles  |4, 6, 7, 8, 11, 15|
|3, 3, 6, 12|---> |2, 9| possibles  |8, 12, 15|
|3, 4, 6, 12|---> |5, 9| possibles  |4, 7, 8|
|3, 9, 6, 12|---> |6, 9| possibles  |7, 12|
|3, 15, 6, 12|---> |2, 9| possibles  |8, 12, 15|
|4, 4, 6, 12|---> |5, 9| possibles  |4, 7, 8|
|4, 9, 6, 12|---> |9, 12| possibles  |4, 6|
|4, 15, 6, 12|---> |9, 9| possibles  |1, 4, 6, 7, 8, 11, 12, 15|
|9, 9, 6, 12|---> |4, 9| possibles  |1, 12|
|9, 15, 6, 12|---> |7, 9| possibles  |6, 15|
|15, 15, 6, 12|---> |2, 9| possibles  |8, 12, 15|
|0, 0, 6, 15|---> |1, 7| possibles  |9, 15|
|0, 3, 6, 15|---> |1, 7| possibles  |9, 15|
|0, 4, 6, 15|---> |1, 7| possibles  |9, 15|
|0, 9, 6, 15|---> |1, 7| possibles  |9, 15|
|0, 15, 6, 15|---> |1, 7| possibles  |9, 15|
|3, 3, 6, 15|---> |1, 7| possibles  |9, 15|
|3, 4, 6, 15|---> |1, 7| possibles  |9, 15|
|3, 9, 6, 15|---> |1, 7| possibles  |9, 15|
|3, 15, 6, 15|---> |1, 7| possibles  |9, 15|
|4, 4, 6, 15|---> |1, 7| possibles  |9, 15|
|4, 9, 6, 15|---> |1, 7| possibles  |9, 15|
|4, 15, 6, 15|---> |1, 7| possibles  |9, 15|
|9, 9, 6, 15|---> |1, 7| possibles  |9, 15|
|9, 15, 6, 15|---> |1, 7| possibles  |9, 15|
|15, 15, 6, 15|---> |1, 7| possibles  |9, 15|
|0, 0, 7, 7|---> |1, 5| possibles  |3, 4|
|0, 3, 7, 7|---> |1, 5| possibles  |3, 4|
|0, 4, 7, 7|---> |1, 5| possibles  |3, 4|
|0, 9, 7, 7|---> |1, 5| possibles  |3, 4|
|0, 15, 7, 7|---> |1, 5| possibles  |3, 4|
|3, 3, 7, 7|---> |1, 5| possibles  |3, 4|
|3, 4, 7, 7|---> |1, 5| possibles  |3, 4|
|3, 9, 7, 7|---> |1, 5| possibles  |3, 4|
|3, 15, 7, 7|---> |1, 5| possibles  |3, 4|
|4, 4, 7, 7|---> |1, 5| possibles  |3, 4|
|4, 9, 7, 7|---> |1, 5| possibles  |3, 4|
|4, 15, 7, 7|---> |1, 5| possibles  |3, 4|
|9, 9, 7, 7|---> |1, 5| possibles  |3, 4|
|9, 15, 7, 7|---> |1, 5| possibles  |3, 4|
|15, 15, 7, 7|---> |1, 5| possibles  |3, 4|
|0, 0, 7, 8|---> |1, 5| possibles  |3, 4|
|0, 3, 7, 8|---> |1, 5| possibles  |3, 4|
|0, 4, 7, 8|---> |1, 5| possibles  |3, 4|
|0, 9, 7, 8|---> |1, 5| possibles  |3, 4|
|0, 15, 7, 8|---> |1, 5| possibles  |3, 4|
|3, 3, 7, 8|---> |1, 5| possibles  |3, 4|
|3, 4, 7, 8|---> |1, 5| possibles  |3, 4|
|3, 9, 7, 8|---> |1, 5| possibles  |3, 4|
|3, 15, 7, 8|---> |1, 5| possibles  |3, 4|
|4, 4, 7, 8|---> |1, 5| possibles  |3, 4|
|4, 9, 7, 8|---> |1, 5| possibles  |3, 4|
|4, 15, 7, 8|---> |1, 5| possibles  |3, 4|
|9, 9, 7, 8|---> |1, 5| possibles  |3, 4|
|9, 15, 7, 8|---> |1, 5| possibles  |3, 4|
|15, 15, 7, 8|---> |1, 5| possibles  |3, 4|
|0, 0, 7, 11|---> |6, 9| possibles  |7, 12|
|0, 3, 7, 11|---> |6, 9| possibles  |7, 12|
|0, 4, 7, 11|---> |9, 10| possibles  |4, 6, 7, 8, 11, 15|
|0, 9, 7, 11|---> |6, 9| possibles  |7, 12|
|0, 15, 7, 11|---> |9, 10| possibles  |4, 6, 7, 8, 11, 15|
|3, 3, 7, 11|---> |2, 9| possibles  |8, 12, 15|
|3, 4, 7, 11|---> |5, 9| possibles  |4, 7, 8|
|3, 9, 7, 11|---> |6, 9| possibles  |7, 12|
|3, 15, 7, 11|---> |2, 9| possibles  |8, 12, 15|
|4, 4, 7, 11|---> |5, 9| possibles  |4, 7, 8|
|4, 9, 7, 11|---> |9, 12| possibles  |4, 6|
|4, 15, 7, 11|---> |9, 9| possibles  |1, 4, 6, 7, 8, 11, 12, 15|
|9, 9, 7, 11|---> |4, 9| possibles  |1, 12|
|9, 15, 7, 11|---> |7, 9| possibles  |6, 15|
|15, 15, 7, 11|---> |2, 9| possibles  |8, 12, 15|
|0, 0, 7, 12|---> |1, 6| possibles  |0, 3, 9|
|0, 3, 7, 12|---> |1, 6| possibles  |0, 3, 9|
|0, 4, 7, 12|---> |1, 6| possibles  |0, 3, 9|
|0, 9, 7, 12|---> |1, 6| possibles  |0, 3, 9|
|0, 15, 7, 12|---> |1, 6| possibles  |0, 3, 9|
|3, 3, 7, 12|---> |1, 6| possibles  |0, 3, 9|
|3, 4, 7, 12|---> |1, 6| possibles  |0, 3, 9|
|3, 9, 7, 12|---> |1, 6| possibles  |0, 3, 9|
|3, 15, 7, 12|---> |1, 6| possibles  |0, 3, 9|
|4, 4, 7, 12|---> |1, 6| possibles  |0, 3, 9|
|4, 9, 7, 12|---> |1, 6| possibles  |0, 3, 9|
|4, 15, 7, 12|---> |1, 6| possibles  |0, 3, 9|
|9, 9, 7, 12|---> |1, 6| possibles  |0, 3, 9|
|9, 15, 7, 12|---> |1, 6| possibles  |0, 3, 9|
|15, 15, 7, 12|---> |1, 6| possibles  |0, 3, 9|
|0, 0, 7, 15|---> |6, 9| possibles  |7, 12|
|0, 3, 7, 15|---> |6, 9| possibles  |7, 12|
|0, 4, 7, 15|---> |9, 10| possibles  |4, 6, 7, 8, 11, 15|
|0, 9, 7, 15|---> |6, 9| possibles  |7, 12|
|0, 15, 7, 15|---> |9, 10| possibles  |4, 6, 7, 8, 11, 15|
|3, 3, 7, 15|---> |2, 9| possibles  |8, 12, 15|
|3, 4, 7, 15|---> |5, 9| possibles  |4, 7, 8|
|3, 9, 7, 15|---> |6, 9| possibles  |7, 12|
|3, 15, 7, 15|---> |2, 9| possibles  |8, 12, 15|
|4, 4, 7, 15|---> |5, 9| possibles  |4, 7, 8|
|4, 9, 7, 15|---> |9, 12| possibles  |4, 6|
|4, 15, 7, 15|---> |9, 9| possibles  |1, 4, 6, 7, 8, 11, 12, 15|
|9, 9, 7, 15|---> |4, 9| possibles  |1, 12|
|9, 15, 7, 15|---> |7, 9| possibles  |6, 15|
|15, 15, 7, 15|---> |2, 9| possibles  |8, 12, 15|
|0, 0, 8, 8|---> |1, 2| possibles  |3, 15|
|0, 3, 8, 8|---> |1, 2| possibles  |3, 15|
|0, 4, 8, 8|---> |1, 2| possibles  |3, 15|
|0, 9, 8, 8|---> |1, 2| possibles  |3, 15|
|0, 15, 8, 8|---> |1, 2| possibles  |3, 15|
|3, 3, 8, 8|---> |1, 2| possibles  |3, 15|
|3, 4, 8, 8|---> |1, 2| possibles  |3, 15|
|3, 9, 8, 8|---> |1, 2| possibles  |3, 15|
|3, 15, 8, 8|---> |1, 2| possibles  |3, 15|
|4, 4, 8, 8|---> |1, 2| possibles  |3, 15|
|4, 9, 8, 8|---> |1, 2| possibles  |3, 15|
|4, 15, 8, 8|---> |1, 2| possibles  |3, 15|
|9, 9, 8, 8|---> |1, 2| possibles  |3, 15|
|9, 15, 8, 8|---> |1, 2| possibles  |3, 15|
|15, 15, 8, 8|---> |1, 2| possibles  |3, 15|
|0, 0, 8, 11|---> |6, 9| possibles  |7, 12|
|0, 3, 8, 11|---> |6, 9| possibles  |7, 12|
|0, 4, 8, 11|---> |9, 10| possibles  |4, 6, 7, 8, 11, 15|
|0, 9, 8, 11|---> |6, 9| possibles  |7, 12|
|0, 15, 8, 11|---> |9, 10| possibles  |4, 6, 7, 8, 11, 15|
|3, 3, 8, 11|---> |2, 9| possibles  |8, 12, 15|
|3, 4, 8, 11|---> |5, 9| possibles  |4, 7, 8|
|3, 9, 8, 11|---> |6, 9| possibles  |7, 12|
|3, 15, 8, 11|---> |2, 9| possibles  |8, 12, 15|
|4, 4, 8, 11|---> |5, 9| possibles  |4, 7, 8|
|4, 9, 8, 11|---> |9, 12| possibles  |4, 6|
|4, 15, 8, 11|---> |9, 9| possibles  |1, 4, 6, 7, 8, 11, 12, 15|
|9, 9, 8, 11|---> |4, 9| possibles  |1, 12|
|9, 15, 8, 11|---> |7, 9| possibles  |6, 15|
|15, 15, 8, 11|---> |2, 9| possibles  |8, 12, 15|
|0, 0, 8, 12|---> |1, 2| possibles  |3, 15|
|0, 3, 8, 12|---> |1, 2| possibles  |3, 15|
|0, 4, 8, 12|---> |1, 2| possibles  |3, 15|
|0, 9, 8, 12|---> |1, 2| possibles  |3, 15|
|0, 15, 8, 12|---> |1, 2| possibles  |3, 15|
|3, 3, 8, 12|---> |1, 2| possibles  |3, 15|
|3, 4, 8, 12|---> |1, 2| possibles  |3, 15|
|3, 9, 8, 12|---> |1, 2| possibles  |3, 15|
|3, 15, 8, 12|---> |1, 2| possibles  |3, 15|
|4, 4, 8, 12|---> |1, 2| possibles  |3, 15|
|4, 9, 8, 12|---> |1, 2| possibles  |3, 15|
|4, 15, 8, 12|---> |1, 2| possibles  |3, 15|
|9, 9, 8, 12|---> |1, 2| possibles  |3, 15|
|9, 15, 8, 12|---> |1, 2| possibles  |3, 15|
|15, 15, 8, 12|---> |1, 2| possibles  |3, 15|
|0, 0, 8, 15|---> |1, 2| possibles  |3, 15|
|0, 3, 8, 15|---> |1, 2| possibles  |3, 15|
|0, 4, 8, 15|---> |1, 2| possibles  |3, 15|
|0, 9, 8, 15|---> |1, 2| possibles  |3, 15|
|0, 15, 8, 15|---> |1, 2| possibles  |3, 15|
|3, 3, 8, 15|---> |1, 2| possibles  |3, 15|
|3, 4, 8, 15|---> |1, 2| possibles  |3, 15|
|3, 9, 8, 15|---> |1, 2| possibles  |3, 15|
|3, 15, 8, 15|---> |1, 2| possibles  |3, 15|
|4, 4, 8, 15|---> |1, 2| possibles  |3, 15|
|4, 9, 8, 15|---> |1, 2| possibles  |3, 15|
|4, 15, 8, 15|---> |1, 2| possibles  |3, 15|
|9, 9, 8, 15|---> |1, 2| possibles  |3, 15|
|9, 15, 8, 15|---> |1, 2| possibles  |3, 15|
|15, 15, 8, 15|---> |1, 2| possibles  |3, 15|
|1, 1, 9, 9|---> |3, 4| possibles  |1, 5|
|1, 4, 9, 9|---> |4, 9| possibles  |1, 12|
|1, 6, 9, 9|---> |3, 4| possibles  |1, 5|
|1, 7, 9, 9|---> |4, 9| possibles  |1, 12|
|1, 8, 9, 9|---> |4, 9| possibles  |1, 12|
|1, 11, 9, 9|---> |3, 4| possibles  |1, 5|
|1, 12, 9, 9|---> |1, 4| possibles  |9|
|1, 15, 9, 9|---> |3, 4| possibles  |1, 5|
|4, 4, 9, 9|---> |1, 1| possibles  |0, 3, 4, 9, 15|
|4, 6, 9, 9|---> |4, 9| possibles  |1, 12|
|4, 7, 9, 9|---> |1, 5| possibles  |3, 4|
|4, 8, 9, 9|---> |1, 5| possibles  |3, 4|
|4, 11, 9, 9|---> |4, 9| possibles  |1, 12|
|4, 12, 9, 9|---> |4, 9| possibles  |1, 12|
|4, 15, 9, 9|---> |1, 1| possibles  |0, 3, 4, 9, 15|
|6, 6, 9, 9|---> |3, 4| possibles  |1, 5|
|6, 7, 9, 9|---> |4, 9| possibles  |1, 12|
|6, 8, 9, 9|---> |4, 9| possibles  |1, 12|
|6, 11, 9, 9|---> |3, 4| possibles  |1, 5|
|6, 12, 9, 9|---> |4, 9| possibles  |1, 12|
|6, 15, 9, 9|---> |3, 4| possibles  |1, 5|
|7, 7, 9, 9|---> |1, 5| possibles  |3, 4|
|7, 8, 9, 9|---> |1, 5| possibles  |3, 4|
|7, 11, 9, 9|---> |4, 9| possibles  |1, 12|
|7, 12, 9, 9|---> |1, 6| possibles  |0, 3, 9|
|7, 15, 9, 9|---> |4, 9| possibles  |1, 12|
|8, 8, 9, 9|---> |1, 2| possibles  |3, 15|
|8, 11, 9, 9|---> |4, 9| possibles  |1, 12|
|8, 12, 9, 9|---> |1, 2| possibles  |3, 15|
|8, 15, 9, 9|---> |1, 2| possibles  |3, 15|
|11, 11, 9, 9|---> |3, 4| possibles  |1, 5|
|11, 12, 9, 9|---> |4, 9| possibles  |1, 12|
|11, 15, 9, 9|---> |3, 4| possibles  |1, 5|
|12, 12, 9, 9|---> |1, 2| possibles  |3, 15|
|12, 15, 9, 9|---> |1, 2| possibles  |3, 15|
|15, 15, 9, 9|---> |1, 1| possibles  |0, 3, 4, 9, 15|
|1, 1, 9, 15|---> |3, 7| possibles  |5, 6, 15|
|1, 4, 9, 15|---> |7, 9| possibles  |6, 15|
|1, 6, 9, 15|---> |3, 7| possibles  |5, 6, 15|
|1, 7, 9, 15|---> |7, 9| possibles  |6, 15|
|1, 8, 9, 15|---> |7, 9| possibles  |6, 15|
|1, 11, 9, 15|---> |3, 7| possibles  |5, 6, 15|
|1, 12, 9, 15|---> |1, 4| possibles  |9|
|1, 15, 9, 15|---> |3, 7| possibles  |5, 6, 15|
|4, 4, 9, 15|---> |1, 1| possibles  |0, 3, 4, 9, 15|
|4, 6, 9, 15|---> |7, 9| possibles  |6, 15|
|4, 7, 9, 15|---> |1, 5| possibles  |3, 4|
|4, 8, 9, 15|---> |1, 5| possibles  |3, 4|
|4, 11, 9, 15|---> |7, 9| possibles  |6, 15|
|4, 12, 9, 15|---> |7, 9| possibles  |6, 15|
|4, 15, 9, 15|---> |1, 1| possibles  |0, 3, 4, 9, 15|
|6, 6, 9, 15|---> |3, 7| possibles  |5, 6, 15|
|6, 7, 9, 15|---> |7, 9| possibles  |6, 15|
|6, 8, 9, 15|---> |7, 9| possibles  |6, 15|
|6, 11, 9, 15|---> |3, 7| possibles  |5, 6, 15|
|6, 12, 9, 15|---> |7, 9| possibles  |6, 15|
|6, 15, 9, 15|---> |3, 7| possibles  |5, 6, 15|
|7, 7, 9, 15|---> |1, 5| possibles  |3, 4|
|7, 8, 9, 15|---> |1, 5| possibles  |3, 4|
|7, 11, 9, 15|---> |7, 9| possibles  |6, 15|
|7, 12, 9, 15|---> |1, 6| possibles  |0, 3, 9|
|7, 15, 9, 15|---> |7, 9| possibles  |6, 15|
|8, 8, 9, 15|---> |1, 2| possibles  |3, 15|
|8, 11, 9, 15|---> |7, 9| possibles  |6, 15|
|8, 12, 9, 15|---> |1, 2| possibles  |3, 15|
|8, 15, 9, 15|---> |1, 2| possibles  |3, 15|
|11, 11, 9, 15|---> |3, 7| possibles  |5, 6, 15|
|11, 12, 9, 15|---> |7, 9| possibles  |6, 15|
|11, 15, 9, 15|---> |3, 7| possibles  |5, 6, 15|
|12, 12, 9, 15|---> |1, 2| possibles  |3, 15|
|12, 15, 9, 15|---> |1, 2| possibles  |3, 15|
|15, 15, 9, 15|---> |1, 1| possibles  |0, 3, 4, 9, 15|
|0, 0, 11, 11|---> |6, 9| possibles  |7, 12|
|0, 3, 11, 11|---> |6, 9| possibles  |7, 12|
|0, 4, 11, 11|---> |3, 10| possibles  |2, 6, 11, 15|
|0, 9, 11, 11|---> |6, 9| possibles  |7, 12|
|0, 15, 11, 11|---> |3, 10| possibles  |2, 6, 11, 15|
|3, 3, 11, 11|---> |2, 9| possibles  |8, 12, 15|
|3, 4, 11, 11|---> |5, 9| possibles  |4, 7, 8|
|3, 9, 11, 11|---> |6, 9| possibles  |7, 12|
|3, 15, 11, 11|---> |2, 9| possibles  |8, 12, 15|
|4, 4, 11, 11|---> |5, 9| possibles  |4, 7, 8|
|4, 9, 11, 11|---> |3, 12| possibles  |2, 6|
|4, 15, 11, 11|---> |3, 9| possibles  |1, 6, 11, 15|
|9, 9, 11, 11|---> |3, 4| possibles  |1, 5|
|9, 15, 11, 11|---> |3, 7| possibles  |5, 6, 15|
|15, 15, 11, 11|---> |2, 9| possibles  |8, 12, 15|
|0, 0, 11, 12|---> |6, 9| possibles  |7, 12|
|0, 3, 11, 12|---> |6, 9| possibles  |7, 12|
|0, 4, 11, 12|---> |9, 10| possibles  |4, 6, 7, 8, 11, 15|
|0, 9, 11, 12|---> |6, 9| possibles  |7, 12|
|0, 15, 11, 12|---> |9, 10| possibles  |4, 6, 7, 8, 11, 15|
|3, 3, 11, 12|---> |2, 9| possibles  |8, 12, 15|
|3, 4, 11, 12|---> |5, 9| possibles  |4, 7, 8|
|3, 9, 11, 12|---> |6, 9| possibles  |7, 12|
|3, 15, 11, 12|---> |2, 9| possibles  |8, 12, 15|
|4, 4, 11, 12|---> |5, 9| possibles  |4, 7, 8|
|4, 9, 11, 12|---> |9, 12| possibles  |4, 6|
|4, 15, 11, 12|---> |9, 9| possibles  |1, 4, 6, 7, 8, 11, 12, 15|
|9, 9, 11, 12|---> |4, 9| possibles  |1, 12|
|9, 15, 11, 12|---> |7, 9| possibles  |6, 15|
|15, 15, 11, 12|---> |2, 9| possibles  |8, 12, 15|
|0, 0, 11, 15|---> |6, 9| possibles  |7, 12|
|0, 3, 11, 15|---> |6, 9| possibles  |7, 12|
|0, 4, 11, 15|---> |3, 10| possibles  |2, 6, 11, 15|
|0, 9, 11, 15|---> |6, 9| possibles  |7, 12|
|0, 15, 11, 15|---> |3, 10| possibles  |2, 6, 11, 15|
|3, 3, 11, 15|---> |2, 9| possibles  |8, 12, 15|
|3, 4, 11, 15|---> |5, 9| possibles  |4, 7, 8|
|3, 9, 11, 15|---> |6, 9| possibles  |7, 12|
|3, 15, 11, 15|---> |2, 9| possibles  |8, 12, 15|
|4, 4, 11, 15|---> |5, 9| possibles  |4, 7, 8|
|4, 9, 11, 15|---> |3, 12| possibles  |2, 6|
|4, 15, 11, 15|---> |3, 9| possibles  |1, 6, 11, 15|
|9, 9, 11, 15|---> |3, 4| possibles  |1, 5|
|9, 15, 11, 15|---> |3, 7| possibles  |5, 6, 15|
|15, 15, 11, 15|---> |2, 9| possibles  |8, 12, 15|
|0, 0, 12, 12|---> |1, 2| possibles  |3, 15|
|0, 3, 12, 12|---> |1, 2| possibles  |3, 15|
|0, 4, 12, 12|---> |1, 2| possibles  |3, 15|
|0, 9, 12, 12|---> |1, 2| possibles  |3, 15|
|0, 15, 12, 12|---> |1, 2| possibles  |3, 15|
|3, 3, 12, 12|---> |1, 2| possibles  |3, 15|
|3, 4, 12, 12|---> |1, 2| possibles  |3, 15|
|3, 9, 12, 12|---> |1, 2| possibles  |3, 15|
|3, 15, 12, 12|---> |1, 2| possibles  |3, 15|
|4, 4, 12, 12|---> |1, 2| possibles  |3, 15|
|4, 9, 12, 12|---> |1, 2| possibles  |3, 15|
|4, 15, 12, 12|---> |1, 2| possibles  |3, 15|
|9, 9, 12, 12|---> |1, 2| possibles  |3, 15|
|9, 15, 12, 12|---> |1, 2| possibles  |3, 15|
|15, 15, 12, 12|---> |1, 2| possibles  |3, 15|
|0, 0, 12, 15|---> |1, 2| possibles  |3, 15|
|0, 3, 12, 15|---> |1, 2| possibles  |3, 15|
|0, 4, 12, 15|---> |1, 2| possibles  |3, 15|
|0, 9, 12, 15|---> |1, 2| possibles  |3, 15|
|0, 15, 12, 15|---> |1, 2| possibles  |3, 15|
|3, 3, 12, 15|---> |1, 2| possibles  |3, 15|
|3, 4, 12, 15|---> |1, 2| possibles  |3, 15|
|3, 9, 12, 15|---> |1, 2| possibles  |3, 15|
|3, 15, 12, 15|---> |1, 2| possibles  |3, 15|
|4, 4, 12, 15|---> |1, 2| possibles  |3, 15|
|4, 9, 12, 15|---> |1, 2| possibles  |3, 15|
|4, 15, 12, 15|---> |1, 2| possibles  |3, 15|
|9, 9, 12, 15|---> |1, 2| possibles  |3, 15|
|9, 15, 12, 15|---> |1, 2| possibles  |3, 15|
|15, 15, 12, 15|---> |1, 2| possibles  |3, 15|
|0, 0, 15, 15|---> |1, 1| possibles  |0, 3, 4, 9, 15|
|0, 3, 15, 15|---> |1, 1| possibles  |0, 3, 4, 9, 15|
|0, 4, 15, 15|---> |1, 1| possibles  |0, 3, 4, 9, 15|
|0, 9, 15, 15|---> |1, 1| possibles  |0, 3, 4, 9, 15|
|0, 15, 15, 15|---> |1, 1| possibles  |0, 3, 4, 9, 15|
|1, 1, 15, 15|---> |3, 3| possibles  |1, 2, 5, 6, 11, 15|
|1, 4, 15, 15|---> |2, 9| possibles  |8, 12, 15|
|1, 6, 15, 15|---> |3, 3| possibles  |1, 2, 5, 6, 11, 15|
|1, 7, 15, 15|---> |2, 9| possibles  |8, 12, 15|
|1, 8, 15, 15|---> |2, 9| possibles  |8, 12, 15|
|1, 11, 15, 15|---> |3, 3| possibles  |1, 2, 5, 6, 11, 15|
|1, 12, 15, 15|---> |1, 4| possibles  |9|
|1, 15, 15, 15|---> |3, 3| possibles  |1, 2, 5, 6, 11, 15|
|3, 3, 15, 15|---> |1, 1| possibles  |0, 3, 4, 9, 15|
|3, 4, 15, 15|---> |1, 1| possibles  |0, 3, 4, 9, 15|
|3, 9, 15, 15|---> |1, 1| possibles  |0, 3, 4, 9, 15|
|3, 15, 15, 15|---> |1, 1| possibles  |0, 3, 4, 9, 15|
|4, 4, 15, 15|---> |1, 1| possibles  |0, 3, 4, 9, 15|
|4, 4, 15, 15|---> |1, 1| possibles  |0, 3, 4, 9, 15|
|4, 6, 15, 15|---> |2, 9| possibles  |8, 12, 15|
|4, 7, 15, 15|---> |1, 5| possibles  |3, 4|
|4, 8, 15, 15|---> |1, 5| possibles  |3, 4|
|4, 9, 15, 15|---> |1, 1| possibles  |0, 3, 4, 9, 15|
|4, 11, 15, 15|---> |2, 9| possibles  |8, 12, 15|
|4, 12, 15, 15|---> |2, 9| possibles  |8, 12, 15|
|4, 15, 15, 15|---> |1, 1| possibles  |0, 3, 4, 9, 15|
|4, 15, 15, 15|---> |1, 1| possibles  |0, 3, 4, 9, 15|
|6, 6, 15, 15|---> |3, 3| possibles  |1, 2, 5, 6, 11, 15|
|6, 7, 15, 15|---> |2, 9| possibles  |8, 12, 15|
|6, 8, 15, 15|---> |2, 9| possibles  |8, 12, 15|
|6, 11, 15, 15|---> |3, 3| possibles  |1, 2, 5, 6, 11, 15|
|6, 12, 15, 15|---> |2, 9| possibles  |8, 12, 15|
|6, 15, 15, 15|---> |3, 3| possibles  |1, 2, 5, 6, 11, 15|
|7, 7, 15, 15|---> |1, 5| possibles  |3, 4|
|7, 8, 15, 15|---> |1, 5| possibles  |3, 4|
|7, 11, 15, 15|---> |2, 9| possibles  |8, 12, 15|
|7, 12, 15, 15|---> |1, 6| possibles  |0, 3, 9|
|7, 15, 15, 15|---> |2, 9| possibles  |8, 12, 15|
|8, 8, 15, 15|---> |1, 2| possibles  |3, 15|
|8, 11, 15, 15|---> |2, 9| possibles  |8, 12, 15|
|8, 12, 15, 15|---> |1, 2| possibles  |3, 15|
|8, 15, 15, 15|---> |1, 2| possibles  |3, 15|
|9, 9, 15, 15|---> |1, 1| possibles  |0, 3, 4, 9, 15|
|9, 15, 15, 15|---> |1, 1| possibles  |0, 3, 4, 9, 15|
|11, 11, 15, 15|---> |3, 3| possibles  |1, 2, 5, 6, 11, 15|
|11, 12, 15, 15|---> |2, 9| possibles  |8, 12, 15|
|11, 15, 15, 15|---> |3, 3| possibles  |1, 2, 5, 6, 11, 15|
|12, 12, 15, 15|---> |1, 2| possibles  |3, 15|
|12, 15, 15, 15|---> |1, 2| possibles  |3, 15|
|15, 15, 15, 15|---> |1, 1| possibles  |0, 3, 4, 9, 15|
|15, 15, 15, 15|---> |1, 1| possibles  |0, 3, 4, 9, 15|
+++++++++++++++++++++++++++++++++++++++
Solved config  |1, 14| descendents: 
|0, 3, 4, 9, 15 |---| 4, 6, 8, 11, 15|
|4, 4, 0, 0|---> |1, 1| possibles  |0, 3, 4, 9, 15|
|4, 6, 0, 0|---> |6, 9| possibles  |7, 12|
|4, 8, 0, 0|---> |1, 5| possibles  |3, 4|
|4, 11, 0, 0|---> |6, 9| possibles  |7, 12|
|4, 15, 0, 0|---> |1, 1| possibles  |0, 3, 4, 9, 15|
|6, 6, 0, 0|---> |3, 8| possibles  |2, 5|
|6, 8, 0, 0|---> |6, 9| possibles  |7, 12|
|6, 11, 0, 0|---> |3, 8| possibles  |2, 5|
|6, 15, 0, 0|---> |3, 8| possibles  |2, 5|
|8, 8, 0, 0|---> |1, 2| possibles  |3, 15|
|8, 11, 0, 0|---> |6, 9| possibles  |7, 12|
|8, 15, 0, 0|---> |1, 2| possibles  |3, 15|
|11, 11, 0, 0|---> |3, 8| possibles  |2, 5|
|11, 15, 0, 0|---> |3, 8| possibles  |2, 5|
|15, 15, 0, 0|---> |1, 1| possibles  |0, 3, 4, 9, 15|
|4, 4, 0, 3|---> |1, 1| possibles  |0, 3, 4, 9, 15|
|4, 6, 0, 3|---> |6, 9| possibles  |7, 12|
|4, 8, 0, 3|---> |1, 5| possibles  |3, 4|
|4, 11, 0, 3|---> |6, 9| possibles  |7, 12|
|4, 15, 0, 3|---> |1, 1| possibles  |0, 3, 4, 9, 15|
|6, 6, 0, 3|---> |1, 7| possibles  |9, 15|
|6, 8, 0, 3|---> |6, 9| possibles  |7, 12|
|6, 11, 0, 3|---> |6, 9| possibles  |7, 12|
|6, 15, 0, 3|---> |1, 7| possibles  |9, 15|
|8, 8, 0, 3|---> |1, 2| possibles  |3, 15|
|8, 11, 0, 3|---> |6, 9| possibles  |7, 12|
|8, 15, 0, 3|---> |1, 2| possibles  |3, 15|
|11, 11, 0, 3|---> |6, 9| possibles  |7, 12|
|11, 15, 0, 3|---> |6, 9| possibles  |7, 12|
|15, 15, 0, 3|---> |1, 1| possibles  |0, 3, 4, 9, 15|
|4, 4, 0, 4|---> |1, 1| possibles  |0, 3, 4, 9, 15|
|4, 6, 0, 4|---> |9, 10| possibles  |4, 6, 7, 8, 11, 15|
|4, 8, 0, 4|---> |1, 5| possibles  |3, 4|
|4, 11, 0, 4|---> |9, 10| possibles  |4, 6, 7, 8, 11, 15|
|4, 15, 0, 4|---> |1, 1| possibles  |0, 3, 4, 9, 15|
|6, 6, 0, 4|---> |3, 10| possibles  |2, 6, 11, 15|
|6, 8, 0, 4|---> |9, 10| possibles  |4, 6, 7, 8, 11, 15|
|6, 11, 0, 4|---> |3, 10| possibles  |2, 6, 11, 15|
|6, 15, 0, 4|---> |3, 10| possibles  |2, 6, 11, 15|
|8, 8, 0, 4|---> |1, 2| possibles  |3, 15|
|8, 11, 0, 4|---> |9, 10| possibles  |4, 6, 7, 8, 11, 15|
|8, 15, 0, 4|---> |1, 2| possibles  |3, 15|
|11, 11, 0, 4|---> |3, 10| possibles  |2, 6, 11, 15|
|11, 15, 0, 4|---> |3, 10| possibles  |2, 6, 11, 15|
|15, 15, 0, 4|---> |1, 1| possibles  |0, 3, 4, 9, 15|
|4, 4, 0, 9|---> |1, 1| possibles  |0, 3, 4, 9, 15|
|4, 6, 0, 9|---> |6, 9| possibles  |7, 12|
|4, 8, 0, 9|---> |1, 5| possibles  |3, 4|
|4, 11, 0, 9|---> |6, 9| possibles  |7, 12|
|4, 15, 0, 9|---> |1, 1| possibles  |0, 3, 4, 9, 15|
|6, 6, 0, 9|---> |3, 8| possibles  |2, 5|
|6, 8, 0, 9|---> |6, 9| possibles  |7, 12|
|6, 11, 0, 9|---> |3, 8| possibles  |2, 5|
|6, 15, 0, 9|---> |3, 8| possibles  |2, 5|
|8, 8, 0, 9|---> |1, 2| possibles  |3, 15|
|8, 11, 0, 9|---> |6, 9| possibles  |7, 12|
|8, 15, 0, 9|---> |1, 2| possibles  |3, 15|
|11, 11, 0, 9|---> |3, 8| possibles  |2, 5|
|11, 15, 0, 9|---> |3, 8| possibles  |2, 5|
|15, 15, 0, 9|---> |1, 1| possibles  |0, 3, 4, 9, 15|
|4, 4, 0, 15|---> |1, 1| possibles  |0, 3, 4, 9, 15|
|4, 6, 0, 15|---> |9, 10| possibles  |4, 6, 7, 8, 11, 15|
|4, 8, 0, 15|---> |1, 5| possibles  |3, 4|
|4, 11, 0, 15|---> |9, 10| possibles  |4, 6, 7, 8, 11, 15|
|4, 15, 0, 15|---> |1, 1| possibles  |0, 3, 4, 9, 15|
|6, 6, 0, 15|---> |3, 10| possibles  |2, 6, 11, 15|
|6, 8, 0, 15|---> |9, 10| possibles  |4, 6, 7, 8, 11, 15|
|6, 11, 0, 15|---> |3, 10| possibles  |2, 6, 11, 15|
|6, 15, 0, 15|---> |3, 10| possibles  |2, 6, 11, 15|
|8, 8, 0, 15|---> |1, 2| possibles  |3, 15|
|8, 11, 0, 15|---> |9, 10| possibles  |4, 6, 7, 8, 11, 15|
|8, 15, 0, 15|---> |1, 2| possibles  |3, 15|
|11, 11, 0, 15|---> |3, 10| possibles  |2, 6, 11, 15|
|11, 15, 0, 15|---> |3, 10| possibles  |2, 6, 11, 15|
|15, 15, 0, 15|---> |1, 1| possibles  |0, 3, 4, 9, 15|
|4, 4, 3, 3|---> |1, 1| possibles  |0, 3, 4, 9, 15|
|4, 6, 3, 3|---> |2, 9| possibles  |8, 12, 15|
|4, 8, 3, 3|---> |1, 5| possibles  |3, 4|
|4, 11, 3, 3|---> |2, 9| possibles  |8, 12, 15|
|4, 15, 3, 3|---> |1, 1| possibles  |0, 3, 4, 9, 15|
|6, 6, 3, 3|---> |3, 15| possibles  |1, 2|
|6, 8, 3, 3|---> |2, 9| possibles  |8, 12, 15|
|6, 11, 3, 3|---> |3, 15| possibles  |1, 2|
|6, 15, 3, 3|---> |3, 15| possibles  |1, 2|
|8, 8, 3, 3|---> |1, 2| possibles  |3, 15|
|8, 11, 3, 3|---> |2, 9| possibles  |8, 12, 15|
|8, 15, 3, 3|---> |1, 2| possibles  |3, 15|
|11, 11, 3, 3|---> |3, 15| possibles  |1, 2|
|11, 15, 3, 3|---> |3, 15| possibles  |1, 2|
|15, 15, 3, 3|---> |1, 1| possibles  |0, 3, 4, 9, 15|
|4, 4, 3, 4|---> |1, 1| possibles  |0, 3, 4, 9, 15|
|4, 6, 3, 4|---> |5, 9| possibles  |4, 7, 8|
|4, 8, 3, 4|---> |1, 5| possibles  |3, 4|
|4, 11, 3, 4|---> |5, 9| possibles  |4, 7, 8|
|4, 15, 3, 4|---> |1, 1| possibles  |0, 3, 4, 9, 15|
|6, 6, 3, 4|---> |1, 7| possibles  |9, 15|
|6, 8, 3, 4|---> |5, 9| possibles  |4, 7, 8|
|6, 11, 3, 4|---> |5, 9| possibles  |4, 7, 8|
|6, 15, 3, 4|---> |1, 7| possibles  |9, 15|
|8, 8, 3, 4|---> |1, 2| possibles  |3, 15|
|8, 11, 3, 4|---> |5, 9| possibles  |4, 7, 8|
|8, 15, 3, 4|---> |1, 2| possibles  |3, 15|
|11, 11, 3, 4|---> |5, 9| possibles  |4, 7, 8|
|11, 15, 3, 4|---> |5, 9| possibles  |4, 7, 8|
|15, 15, 3, 4|---> |1, 1| possibles  |0, 3, 4, 9, 15|
|4, 4, 3, 9|---> |1, 1| possibles  |0, 3, 4, 9, 15|
|4, 6, 3, 9|---> |6, 9| possibles  |7, 12|
|4, 8, 3, 9|---> |1, 5| possibles  |3, 4|
|4, 11, 3, 9|---> |6, 9| possibles  |7, 12|
|4, 15, 3, 9|---> |1, 1| possibles  |0, 3, 4, 9, 15|
|6, 6, 3, 9|---> |3, 15| possibles  |1, 2|
|6, 8, 3, 9|---> |6, 9| possibles  |7, 12|
|6, 11, 3, 9|---> |3, 15| possibles  |1, 2|
|6, 15, 3, 9|---> |3, 15| possibles  |1, 2|
|8, 8, 3, 9|---> |1, 2| possibles  |3, 15|
|8, 11, 3, 9|---> |6, 9| possibles  |7, 12|
|8, 15, 3, 9|---> |1, 2| possibles  |3, 15|
|11, 11, 3, 9|---> |3, 15| possibles  |1, 2|
|11, 15, 3, 9|---> |3, 15| possibles  |1, 2|
|15, 15, 3, 9|---> |1, 1| possibles  |0, 3, 4, 9, 15|
|4, 4, 3, 15|---> |1, 1| possibles  |0, 3, 4, 9, 15|
|4, 6, 3, 15|---> |2, 9| possibles  |8, 12, 15|
|4, 8, 3, 15|---> |1, 5| possibles  |3, 4|
|4, 11, 3, 15|---> |2, 9| possibles  |8, 12, 15|
|4, 15, 3, 15|---> |1, 1| possibles  |0, 3, 4, 9, 15|
|6, 6, 3, 15|---> |1, 7| possibles  |9, 15|
|6, 8, 3, 15|---> |2, 9| possibles  |8, 12, 15|
|6, 11, 3, 15|---> |2, 9| possibles  |8, 12, 15|
|6, 15, 3, 15|---> |1, 7| possibles  |9, 15|
|8, 8, 3, 15|---> |1, 2| possibles  |3, 15|
|8, 11, 3, 15|---> |2, 9| possibles  |8, 12, 15|
|8, 15, 3, 15|---> |1, 2| possibles  |3, 15|
|11, 11, 3, 15|---> |2, 9| possibles  |8, 12, 15|
|11, 15, 3, 15|---> |2, 9| possibles  |8, 12, 15|
|15, 15, 3, 15|---> |1, 1| possibles  |0, 3, 4, 9, 15|
|0, 0, 4, 4|---> |1, 1| possibles  |0, 3, 4, 9, 15|
|0, 3, 4, 4|---> |1, 1| possibles  |0, 3, 4, 9, 15|
|0, 4, 4, 4|---> |1, 1| possibles  |0, 3, 4, 9, 15|
|0, 9, 4, 4|---> |1, 1| possibles  |0, 3, 4, 9, 15|
|0, 15, 4, 4|---> |1, 1| possibles  |0, 3, 4, 9, 15|
|3, 3, 4, 4|---> |1, 1| possibles  |0, 3, 4, 9, 15|
|3, 4, 4, 4|---> |1, 1| possibles  |0, 3, 4, 9, 15|
|3, 9, 4, 4|---> |1, 1| possibles  |0, 3, 4, 9, 15|
|3, 15, 4, 4|---> |1, 1| possibles  |0, 3, 4, 9, 15|
|4, 4, 4, 4|---> |1, 1| possibles  |0, 3, 4, 9, 15|
|4, 4, 4, 4|---> |1, 1| possibles  |0, 3, 4, 9, 15|
|4, 6, 4, 4|---> |5, 9| possibles  |4, 7, 8|
|4, 8, 4, 4|---> |1, 5| possibles  |3, 4|
|4, 9, 4, 4|---> |1, 1| possibles  |0, 3, 4, 9, 15|
|4, 11, 4, 4|---> |5, 9| possibles  |4, 7, 8|
|4, 15, 4, 4|---> |1, 1| possibles  |0, 3, 4, 9, 15|
|4, 15, 4, 4|---> |1, 1| possibles  |0, 3, 4, 9, 15|
|6, 6, 4, 4|---> |3, 9| possibles  |1, 6, 11, 15|
|6, 8, 4, 4|---> |5, 9| possibles  |4, 7, 8|
|6, 11, 4, 4|---> |3, 9| possibles  |1, 6, 11, 15|
|6, 15, 4, 4|---> |3, 9| possibles  |1, 6, 11, 15|
|8, 8, 4, 4|---> |1, 2| possibles  |3, 15|
|8, 11, 4, 4|---> |5, 9| possibles  |4, 7, 8|
|8, 15, 4, 4|---> |1, 2| possibles  |3, 15|
|9, 9, 4, 4|---> |1, 1| possibles  |0, 3, 4, 9, 15|
|9, 15, 4, 4|---> |1, 1| possibles  |0, 3, 4, 9, 15|
|11, 11, 4, 4|---> |3, 9| possibles  |1, 6, 11, 15|
|11, 15, 4, 4|---> |3, 9| possibles  |1, 6, 11, 15|
|15, 15, 4, 4|---> |1, 1| possibles  |0, 3, 4, 9, 15|
|15, 15, 4, 4|---> |1, 1| possibles  |0, 3, 4, 9, 15|
|0, 0, 4, 6|---> |1, 12| possibles  |4, 9|
|0, 3, 4, 6|---> |1, 12| possibles  |4, 9|
|0, 4, 4, 6|---> |1, 12| possibles  |4, 9|
|0, 9, 4, 6|---> |1, 12| possibles  |4, 9|
|0, 15, 4, 6|---> |1, 12| possibles  |4, 9|
|3, 3, 4, 6|---> |1, 12| possibles  |4, 9|
|3, 4, 4, 6|---> |1, 12| possibles  |4, 9|
|3, 9, 4, 6|---> |1, 12| possibles  |4, 9|
|3, 15, 4, 6|---> |1, 12| possibles  |4, 9|
|4, 4, 4, 6|---> |1, 12| possibles  |4, 9|
|4, 9, 4, 6|---> |1, 12| possibles  |4, 9|
|4, 15, 4, 6|---> |1, 12| possibles  |4, 9|
|9, 9, 4, 6|---> |1, 12| possibles  |4, 9|
|9, 15, 4, 6|---> |1, 12| possibles  |4, 9|
|15, 15, 4, 6|---> |1, 12| possibles  |4, 9|
|0, 0, 4, 8|---> |1, 5| possibles  |3, 4|
|0, 3, 4, 8|---> |1, 5| possibles  |3, 4|
|0, 4, 4, 8|---> |1, 5| possibles  |3, 4|
|0, 9, 4, 8|---> |1, 5| possibles  |3, 4|
|0, 15, 4, 8|---> |1, 5| possibles  |3, 4|
|3, 3, 4, 8|---> |1, 5| possibles  |3, 4|
|3, 4, 4, 8|---> |1, 5| possibles  |3, 4|
|3, 9, 4, 8|---> |1, 5| possibles  |3, 4|
|3, 15, 4, 8|---> |1, 5| possibles  |3, 4|
|4, 4, 4, 8|---> |1, 5| possibles  |3, 4|
|4, 9, 4, 8|---> |1, 5| possibles  |3, 4|
|4, 15, 4, 8|---> |1, 5| possibles  |3, 4|
|9, 9, 4, 8|---> |1, 5| possibles  |3, 4|
|9, 15, 4, 8|---> |1, 5| possibles  |3, 4|
|15, 15, 4, 8|---> |1, 5| possibles  |3, 4|
|4, 4, 4, 9|---> |1, 1| possibles  |0, 3, 4, 9, 15|
|4, 6, 4, 9|---> |9, 12| possibles  |4, 6|
|4, 8, 4, 9|---> |1, 5| possibles  |3, 4|
|4, 11, 4, 9|---> |9, 12| possibles  |4, 6|
|4, 15, 4, 9|---> |1, 1| possibles  |0, 3, 4, 9, 15|
|6, 6, 4, 9|---> |3, 12| possibles  |2, 6|
|6, 8, 4, 9|---> |9, 12| possibles  |4, 6|
|6, 11, 4, 9|---> |3, 12| possibles  |2, 6|
|6, 15, 4, 9|---> |3, 12| possibles  |2, 6|
|8, 8, 4, 9|---> |1, 2| possibles  |3, 15|
|8, 11, 4, 9|---> |9, 12| possibles  |4, 6|
|8, 15, 4, 9|---> |1, 2| possibles  |3, 15|
|11, 11, 4, 9|---> |3, 12| possibles  |2, 6|
|11, 15, 4, 9|---> |3, 12| possibles  |2, 6|
|15, 15, 4, 9|---> |1, 1| possibles  |0, 3, 4, 9, 15|
|0, 0, 4, 11|---> |6, 9| possibles  |7, 12|
|0, 3, 4, 11|---> |6, 9| possibles  |7, 12|
|0, 4, 4, 11|---> |9, 10| possibles  |4, 6, 7, 8, 11, 15|
|0, 9, 4, 11|---> |6, 9| possibles  |7, 12|
|0, 15, 4, 11|---> |9, 10| possibles  |4, 6, 7, 8, 11, 15|
|3, 3, 4, 11|---> |2, 9| possibles  |8, 12, 15|
|3, 4, 4, 11|---> |5, 9| possibles  |4, 7, 8|
|3, 9, 4, 11|---> |6, 9| possibles  |7, 12|
|3, 15, 4, 11|---> |2, 9| possibles  |8, 12, 15|
|4, 4, 4, 11|---> |5, 9| possibles  |4, 7, 8|
|4, 9, 4, 11|---> |9, 12| possibles  |4, 6|
|4, 15, 4, 11|---> |9, 9| possibles  |1, 4, 6, 7, 8, 11, 12, 15|
|9, 9, 4, 11|---> |4, 9| possibles  |1, 12|
|9, 15, 4, 11|---> |7, 9| possibles  |6, 15|
|15, 15, 4, 11|---> |2, 9| possibles  |8, 12, 15|
|0, 0, 4, 15|---> |1, 1| possibles  |0, 3, 4, 9, 15|
|0, 3, 4, 15|---> |1, 1| possibles  |0, 3, 4, 9, 15|
|0, 4, 4, 15|---> |1, 1| possibles  |0, 3, 4, 9, 15|
|0, 9, 4, 15|---> |1, 1| possibles  |0, 3, 4, 9, 15|
|0, 15, 4, 15|---> |1, 1| possibles  |0, 3, 4, 9, 15|
|3, 3, 4, 15|---> |1, 1| possibles  |0, 3, 4, 9, 15|
|3, 4, 4, 15|---> |1, 1| possibles  |0, 3, 4, 9, 15|
|3, 9, 4, 15|---> |1, 1| possibles  |0, 3, 4, 9, 15|
|3, 15, 4, 15|---> |1, 1| possibles  |0, 3, 4, 9, 15|
|4, 4, 4, 15|---> |1, 1| possibles  |0, 3, 4, 9, 15|
|4, 4, 4, 15|---> |1, 1| possibles  |0, 3, 4, 9, 15|
|4, 6, 4, 15|---> |9, 9| possibles  |1, 4, 6, 7, 8, 11, 12, 15|
|4, 8, 4, 15|---> |1, 5| possibles  |3, 4|
|4, 9, 4, 15|---> |1, 1| possibles  |0, 3, 4, 9, 15|
|4, 11, 4, 15|---> |9, 9| possibles  |1, 4, 6, 7, 8, 11, 12, 15|
|4, 15, 4, 15|---> |1, 1| possibles  |0, 3, 4, 9, 15|
|4, 15, 4, 15|---> |1, 1| possibles  |0, 3, 4, 9, 15|
|6, 6, 4, 15|---> |3, 9| possibles  |1, 6, 11, 15|
|6, 8, 4, 15|---> |9, 9| possibles  |1, 4, 6, 7, 8, 11, 12, 15|
|6, 11, 4, 15|---> |3, 9| possibles  |1, 6, 11, 15|
|6, 15, 4, 15|---> |3, 9| possibles  |1, 6, 11, 15|
|8, 8, 4, 15|---> |1, 2| possibles  |3, 15|
|8, 11, 4, 15|---> |9, 9| possibles  |1, 4, 6, 7, 8, 11, 12, 15|
|8, 15, 4, 15|---> |1, 2| possibles  |3, 15|
|9, 9, 4, 15|---> |1, 1| possibles  |0, 3, 4, 9, 15|
|9, 15, 4, 15|---> |1, 1| possibles  |0, 3, 4, 9, 15|
|11, 11, 4, 15|---> |3, 9| possibles  |1, 6, 11, 15|
|11, 15, 4, 15|---> |3, 9| possibles  |1, 6, 11, 15|
|15, 15, 4, 15|---> |1, 1| possibles  |0, 3, 4, 9, 15|
|15, 15, 4, 15|---> |1, 1| possibles  |0, 3, 4, 9, 15|
|0, 0, 6, 6|---> |1, 7| possibles  |9, 15|
|0, 3, 6, 6|---> |1, 7| possibles  |9, 15|
|0, 4, 6, 6|---> |1, 7| possibles  |9, 15|
|0, 9, 6, 6|---> |1, 7| possibles  |9, 15|
|0, 15, 6, 6|---> |1, 7| possibles  |9, 15|
|3, 3, 6, 6|---> |1, 7| possibles  |9, 15|
|3, 4, 6, 6|---> |1, 7| possibles  |9, 15|
|3, 9, 6, 6|---> |1, 7| possibles  |9, 15|
|3, 15, 6, 6|---> |1, 7| possibles  |9, 15|
|4, 4, 6, 6|---> |1, 7| possibles  |9, 15|
|4, 9, 6, 6|---> |1, 7| possibles  |9, 15|
|4, 15, 6, 6|---> |1, 7| possibles  |9, 15|
|9, 9, 6, 6|---> |1, 7| possibles  |9, 15|
|9, 15, 6, 6|---> |1, 7| possibles  |9, 15|
|15, 15, 6, 6|---> |1, 7| possibles  |9, 15|
|0, 0, 6, 8|---> |6, 9| possibles  |7, 12|
|0, 3, 6, 8|---> |6, 9| possibles  |7, 12|
|0, 4, 6, 8|---> |9, 10| possibles  |4, 6, 7, 8, 11, 15|
|0, 9, 6, 8|---> |6, 9| possibles  |7, 12|
|0, 15, 6, 8|---> |9, 10| possibles  |4, 6, 7, 8, 11, 15|
|3, 3, 6, 8|---> |2, 9| possibles  |8, 12, 15|
|3, 4, 6, 8|---> |5, 9| possibles  |4, 7, 8|
|3, 9, 6, 8|---> |6, 9| possibles  |7, 12|
|3, 15, 6, 8|---> |2, 9| possibles  |8, 12, 15|
|4, 4, 6, 8|---> |5, 9| possibles  |4, 7, 8|
|4, 9, 6, 8|---> |9, 12| possibles  |4, 6|
|4, 15, 6, 8|---> |9, 9| possibles  |1, 4, 6, 7, 8, 11, 12, 15|
|9, 9, 6, 8|---> |4, 9| possibles  |1, 12|
|9, 15, 6, 8|---> |7, 9| possibles  |6, 15|
|15, 15, 6, 8|---> |2, 9| possibles  |8, 12, 15|
|0, 0, 6, 11|---> |6, 9| possibles  |7, 12|
|0, 3, 6, 11|---> |6, 9| possibles  |7, 12|
|0, 4, 6, 11|---> |3, 10| possibles  |2, 6, 11, 15|
|0, 9, 6, 11|---> |6, 9| possibles  |7, 12|
|0, 15, 6, 11|---> |3, 10| possibles  |2, 6, 11, 15|
|3, 3, 6, 11|---> |2, 9| possibles  |8, 12, 15|
|3, 4, 6, 11|---> |5, 9| possibles  |4, 7, 8|
|3, 9, 6, 11|---> |6, 9| possibles  |7, 12|
|3, 15, 6, 11|---> |2, 9| possibles  |8, 12, 15|
|4, 4, 6, 11|---> |5, 9| possibles  |4, 7, 8|
|4, 9, 6, 11|---> |3, 12| possibles  |2, 6|
|4, 15, 6, 11|---> |3, 9| possibles  |1, 6, 11, 15|
|9, 9, 6, 11|---> |3, 4| possibles  |1, 5|
|9, 15, 6, 11|---> |3, 7| possibles  |5, 6, 15|
|15, 15, 6, 11|---> |2, 9| possibles  |8, 12, 15|
|0, 0, 6, 15|---> |1, 7| possibles  |9, 15|
|0, 3, 6, 15|---> |1, 7| possibles  |9, 15|
|0, 4, 6, 15|---> |1, 7| possibles  |9, 15|
|0, 9, 6, 15|---> |1, 7| possibles  |9, 15|
|0, 15, 6, 15|---> |1, 7| possibles  |9, 15|
|3, 3, 6, 15|---> |1, 7| possibles  |9, 15|
|3, 4, 6, 15|---> |1, 7| possibles  |9, 15|
|3, 9, 6, 15|---> |1, 7| possibles  |9, 15|
|3, 15, 6, 15|---> |1, 7| possibles  |9, 15|
|4, 4, 6, 15|---> |1, 7| possibles  |9, 15|
|4, 9, 6, 15|---> |1, 7| possibles  |9, 15|
|4, 15, 6, 15|---> |1, 7| possibles  |9, 15|
|9, 9, 6, 15|---> |1, 7| possibles  |9, 15|
|9, 15, 6, 15|---> |1, 7| possibles  |9, 15|
|15, 15, 6, 15|---> |1, 7| possibles  |9, 15|
|0, 0, 8, 8|---> |1, 2| possibles  |3, 15|
|0, 3, 8, 8|---> |1, 2| possibles  |3, 15|
|0, 4, 8, 8|---> |1, 2| possibles  |3, 15|
|0, 9, 8, 8|---> |1, 2| possibles  |3, 15|
|0, 15, 8, 8|---> |1, 2| possibles  |3, 15|
|3, 3, 8, 8|---> |1, 2| possibles  |3, 15|
|3, 4, 8, 8|---> |1, 2| possibles  |3, 15|
|3, 9, 8, 8|---> |1, 2| possibles  |3, 15|
|3, 15, 8, 8|---> |1, 2| possibles  |3, 15|
|4, 4, 8, 8|---> |1, 2| possibles  |3, 15|
|4, 9, 8, 8|---> |1, 2| possibles  |3, 15|
|4, 15, 8, 8|---> |1, 2| possibles  |3, 15|
|9, 9, 8, 8|---> |1, 2| possibles  |3, 15|
|9, 15, 8, 8|---> |1, 2| possibles  |3, 15|
|15, 15, 8, 8|---> |1, 2| possibles  |3, 15|
|0, 0, 8, 11|---> |6, 9| possibles  |7, 12|
|0, 3, 8, 11|---> |6, 9| possibles  |7, 12|
|0, 4, 8, 11|---> |9, 10| possibles  |4, 6, 7, 8, 11, 15|
|0, 9, 8, 11|---> |6, 9| possibles  |7, 12|
|0, 15, 8, 11|---> |9, 10| possibles  |4, 6, 7, 8, 11, 15|
|3, 3, 8, 11|---> |2, 9| possibles  |8, 12, 15|
|3, 4, 8, 11|---> |5, 9| possibles  |4, 7, 8|
|3, 9, 8, 11|---> |6, 9| possibles  |7, 12|
|3, 15, 8, 11|---> |2, 9| possibles  |8, 12, 15|
|4, 4, 8, 11|---> |5, 9| possibles  |4, 7, 8|
|4, 9, 8, 11|---> |9, 12| possibles  |4, 6|
|4, 15, 8, 11|---> |9, 9| possibles  |1, 4, 6, 7, 8, 11, 12, 15|
|9, 9, 8, 11|---> |4, 9| possibles  |1, 12|
|9, 15, 8, 11|---> |7, 9| possibles  |6, 15|
|15, 15, 8, 11|---> |2, 9| possibles  |8, 12, 15|
|0, 0, 8, 15|---> |1, 2| possibles  |3, 15|
|0, 3, 8, 15|---> |1, 2| possibles  |3, 15|
|0, 4, 8, 15|---> |1, 2| possibles  |3, 15|
|0, 9, 8, 15|---> |1, 2| possibles  |3, 15|
|0, 15, 8, 15|---> |1, 2| possibles  |3, 15|
|3, 3, 8, 15|---> |1, 2| possibles  |3, 15|
|3, 4, 8, 15|---> |1, 2| possibles  |3, 15|
|3, 9, 8, 15|---> |1, 2| possibles  |3, 15|
|3, 15, 8, 15|---> |1, 2| possibles  |3, 15|
|4, 4, 8, 15|---> |1, 2| possibles  |3, 15|
|4, 9, 8, 15|---> |1, 2| possibles  |3, 15|
|4, 15, 8, 15|---> |1, 2| possibles  |3, 15|
|9, 9, 8, 15|---> |1, 2| possibles  |3, 15|
|9, 15, 8, 15|---> |1, 2| possibles  |3, 15|
|15, 15, 8, 15|---> |1, 2| possibles  |3, 15|
|4, 4, 9, 9|---> |1, 1| possibles  |0, 3, 4, 9, 15|
|4, 6, 9, 9|---> |4, 9| possibles  |1, 12|
|4, 8, 9, 9|---> |1, 5| possibles  |3, 4|
|4, 11, 9, 9|---> |4, 9| possibles  |1, 12|
|4, 15, 9, 9|---> |1, 1| possibles  |0, 3, 4, 9, 15|
|6, 6, 9, 9|---> |3, 4| possibles  |1, 5|
|6, 8, 9, 9|---> |4, 9| possibles  |1, 12|
|6, 11, 9, 9|---> |3, 4| possibles  |1, 5|
|6, 15, 9, 9|---> |3, 4| possibles  |1, 5|
|8, 8, 9, 9|---> |1, 2| possibles  |3, 15|
|8, 11, 9, 9|---> |4, 9| possibles  |1, 12|
|8, 15, 9, 9|---> |1, 2| possibles  |3, 15|
|11, 11, 9, 9|---> |3, 4| possibles  |1, 5|
|11, 15, 9, 9|---> |3, 4| possibles  |1, 5|
|15, 15, 9, 9|---> |1, 1| possibles  |0, 3, 4, 9, 15|
|4, 4, 9, 15|---> |1, 1| possibles  |0, 3, 4, 9, 15|
|4, 6, 9, 15|---> |7, 9| possibles  |6, 15|
|4, 8, 9, 15|---> |1, 5| possibles  |3, 4|
|4, 11, 9, 15|---> |7, 9| possibles  |6, 15|
|4, 15, 9, 15|---> |1, 1| possibles  |0, 3, 4, 9, 15|
|6, 6, 9, 15|---> |3, 7| possibles  |5, 6, 15|
|6, 8, 9, 15|---> |7, 9| possibles  |6, 15|
|6, 11, 9, 15|---> |3, 7| possibles  |5, 6, 15|
|6, 15, 9, 15|---> |3, 7| possibles  |5, 6, 15|
|8, 8, 9, 15|---> |1, 2| possibles  |3, 15|
|8, 11, 9, 15|---> |7, 9| possibles  |6, 15|
|8, 15, 9, 15|---> |1, 2| possibles  |3, 15|
|11, 11, 9, 15|---> |3, 7| possibles  |5, 6, 15|
|11, 15, 9, 15|---> |3, 7| possibles  |5, 6, 15|
|15, 15, 9, 15|---> |1, 1| possibles  |0, 3, 4, 9, 15|
|0, 0, 11, 11|---> |6, 9| possibles  |7, 12|
|0, 3, 11, 11|---> |6, 9| possibles  |7, 12|
|0, 4, 11, 11|---> |3, 10| possibles  |2, 6, 11, 15|
|0, 9, 11, 11|---> |6, 9| possibles  |7, 12|
|0, 15, 11, 11|---> |3, 10| possibles  |2, 6, 11, 15|
|3, 3, 11, 11|---> |2, 9| possibles  |8, 12, 15|
|3, 4, 11, 11|---> |5, 9| possibles  |4, 7, 8|
|3, 9, 11, 11|---> |6, 9| possibles  |7, 12|
|3, 15, 11, 11|---> |2, 9| possibles  |8, 12, 15|
|4, 4, 11, 11|---> |5, 9| possibles  |4, 7, 8|
|4, 9, 11, 11|---> |3, 12| possibles  |2, 6|
|4, 15, 11, 11|---> |3, 9| possibles  |1, 6, 11, 15|
|9, 9, 11, 11|---> |3, 4| possibles  |1, 5|
|9, 15, 11, 11|---> |3, 7| possibles  |5, 6, 15|
|15, 15, 11, 11|---> |2, 9| possibles  |8, 12, 15|
|0, 0, 11, 15|---> |6, 9| possibles  |7, 12|
|0, 3, 11, 15|---> |6, 9| possibles  |7, 12|
|0, 4, 11, 15|---> |3, 10| possibles  |2, 6, 11, 15|
|0, 9, 11, 15|---> |6, 9| possibles  |7, 12|
|0, 15, 11, 15|---> |3, 10| possibles  |2, 6, 11, 15|
|3, 3, 11, 15|---> |2, 9| possibles  |8, 12, 15|
|3, 4, 11, 15|---> |5, 9| possibles  |4, 7, 8|
|3, 9, 11, 15|---> |6, 9| possibles  |7, 12|
|3, 15, 11, 15|---> |2, 9| possibles  |8, 12, 15|
|4, 4, 11, 15|---> |5, 9| possibles  |4, 7, 8|
|4, 9, 11, 15|---> |3, 12| possibles  |2, 6|
|4, 15, 11, 15|---> |3, 9| possibles  |1, 6, 11, 15|
|9, 9, 11, 15|---> |3, 4| possibles  |1, 5|
|9, 15, 11, 15|---> |3, 7| possibles  |5, 6, 15|
|15, 15, 11, 15|---> |2, 9| possibles  |8, 12, 15|
|0, 0, 15, 15|---> |1, 1| possibles  |0, 3, 4, 9, 15|
|0, 3, 15, 15|---> |1, 1| possibles  |0, 3, 4, 9, 15|
|0, 4, 15, 15|---> |1, 1| possibles  |0, 3, 4, 9, 15|
|0, 9, 15, 15|---> |1, 1| possibles  |0, 3, 4, 9, 15|
|0, 15, 15, 15|---> |1, 1| possibles  |0, 3, 4, 9, 15|
|3, 3, 15, 15|---> |1, 1| possibles  |0, 3, 4, 9, 15|
|3, 4, 15, 15|---> |1, 1| possibles  |0, 3, 4, 9, 15|
|3, 9, 15, 15|---> |1, 1| possibles  |0, 3, 4, 9, 15|
|3, 15, 15, 15|---> |1, 1| possibles  |0, 3, 4, 9, 15|
|4, 4, 15, 15|---> |1, 1| possibles  |0, 3, 4, 9, 15|
|4, 4, 15, 15|---> |1, 1| possibles  |0, 3, 4, 9, 15|
|4, 6, 15, 15|---> |2, 9| possibles  |8, 12, 15|
|4, 8, 15, 15|---> |1, 5| possibles  |3, 4|
|4, 9, 15, 15|---> |1, 1| possibles  |0, 3, 4, 9, 15|
|4, 11, 15, 15|---> |2, 9| possibles  |8, 12, 15|
|4, 15, 15, 15|---> |1, 1| possibles  |0, 3, 4, 9, 15|
|4, 15, 15, 15|---> |1, 1| possibles  |0, 3, 4, 9, 15|
|6, 6, 15, 15|---> |3, 3| possibles  |1, 2, 5, 6, 11, 15|
|6, 8, 15, 15|---> |2, 9| possibles  |8, 12, 15|
|6, 11, 15, 15|---> |3, 3| possibles  |1, 2, 5, 6, 11, 15|
|6, 15, 15, 15|---> |3, 3| possibles  |1, 2, 5, 6, 11, 15|
|8, 8, 15, 15|---> |1, 2| possibles  |3, 15|
|8, 11, 15, 15|---> |2, 9| possibles  |8, 12, 15|
|8, 15, 15, 15|---> |1, 2| possibles  |3, 15|
|9, 9, 15, 15|---> |1, 1| possibles  |0, 3, 4, 9, 15|
|9, 15, 15, 15|---> |1, 1| possibles  |0, 3, 4, 9, 15|
|11, 11, 15, 15|---> |3, 3| possibles  |1, 2, 5, 6, 11, 15|
|11, 15, 15, 15|---> |3, 3| possibles  |1, 2, 5, 6, 11, 15|
|15, 15, 15, 15|---> |1, 1| possibles  |0, 3, 4, 9, 15|
|15, 15, 15, 15|---> |1, 1| possibles  |0, 3, 4, 9, 15|
+++++++++++++++++++++++++++++++++++++++
Solved config  |2, 14| descendents: 
|3, 8, 10, 12, 15 |---| 4, 6, 8, 11, 15|
|4, 4, 3, 3|---> |1, 1| possibles  |0, 3, 4, 9, 15|
|4, 6, 3, 3|---> |2, 9| possibles  |8, 12, 15|
|4, 8, 3, 3|---> |1, 5| possibles  |3, 4|
|4, 11, 3, 3|---> |2, 9| possibles  |8, 12, 15|
|4, 15, 3, 3|---> |1, 1| possibles  |0, 3, 4, 9, 15|
|6, 6, 3, 3|---> |3, 15| possibles  |1, 2|
|6, 8, 3, 3|---> |2, 9| possibles  |8, 12, 15|
|6, 11, 3, 3|---> |3, 15| possibles  |1, 2|
|6, 15, 3, 3|---> |3, 15| possibles  |1, 2|
|8, 8, 3, 3|---> |1, 2| possibles  |3, 15|
|8, 11, 3, 3|---> |2, 9| possibles  |8, 12, 15|
|8, 15, 3, 3|---> |1, 2| possibles  |3, 15|
|11, 11, 3, 3|---> |3, 15| possibles  |1, 2|
|11, 15, 3, 3|---> |3, 15| possibles  |1, 2|
|15, 15, 3, 3|---> |1, 1| possibles  |0, 3, 4, 9, 15|
|4, 4, 3, 8|---> |1, 2| possibles  |3, 15|
|4, 6, 3, 8|---> |2, 9| possibles  |8, 12, 15|
|4, 8, 3, 8|---> |2, 5| possibles  |3, 8|
|4, 11, 3, 8|---> |2, 9| possibles  |8, 12, 15|
|4, 15, 3, 8|---> |1, 2| possibles  |3, 15|
|6, 6, 3, 8|---> |2, 7| possibles  |10, 15|
|6, 8, 3, 8|---> |2, 9| possibles  |8, 12, 15|
|6, 11, 3, 8|---> |2, 9| possibles  |8, 12, 15|
|6, 15, 3, 8|---> |2, 7| possibles  |10, 15|
|8, 8, 3, 8|---> |2, 2| possibles  |3, 8, 10, 12, 15|
|8, 11, 3, 8|---> |2, 9| possibles  |8, 12, 15|
|8, 15, 3, 8|---> |2, 2| possibles  |3, 8, 10, 12, 15|
|11, 11, 3, 8|---> |2, 9| possibles  |8, 12, 15|
|11, 15, 3, 8|---> |2, 9| possibles  |8, 12, 15|
|15, 15, 3, 8|---> |1, 2| possibles  |3, 15|
|4, 4, 3, 10|---> |1, 2| possibles  |3, 15|
|4, 6, 3, 10|---> |2, 9| possibles  |8, 12, 15|
|4, 8, 3, 10|---> |2, 5| possibles  |3, 8|
|4, 11, 3, 10|---> |2, 9| possibles  |8, 12, 15|
|4, 15, 3, 10|---> |1, 2| possibles  |3, 15|
|6, 6, 3, 10|---> |3, 15| possibles  |1, 2|
|6, 8, 3, 10|---> |2, 9| possibles  |8, 12, 15|
|6, 11, 3, 10|---> |3, 15| possibles  |1, 2|
|6, 15, 3, 10|---> |3, 15| possibles  |1, 2|
|8, 8, 3, 10|---> |2, 2| possibles  |3, 8, 10, 12, 15|
|8, 11, 3, 10|---> |2, 9| possibles  |8, 12, 15|
|8, 15, 3, 10|---> |2, 2| possibles  |3, 8, 10, 12, 15|
|11, 11, 3, 10|---> |3, 15| possibles  |1, 2|
|11, 15, 3, 10|---> |3, 15| possibles  |1, 2|
|15, 15, 3, 10|---> |1, 2| possibles  |3, 15|
|4, 4, 3, 12|---> |1, 2| possibles  |3, 15|
|4, 6, 3, 12|---> |2, 9| possibles  |8, 12, 15|
|4, 8, 3, 12|---> |2, 5| possibles  |3, 8|
|4, 11, 3, 12|---> |2, 9| possibles  |8, 12, 15|
|4, 15, 3, 12|---> |1, 2| possibles  |3, 15|
|6, 6, 3, 12|---> |2, 7| possibles  |10, 15|
|6, 8, 3, 12|---> |2, 9| possibles  |8, 12, 15|
|6, 11, 3, 12|---> |2, 9| possibles  |8, 12, 15|
|6, 15, 3, 12|---> |2, 7| possibles  |10, 15|
|8, 8, 3, 12|---> |2, 2| possibles  |3, 8, 10, 12, 15|
|8, 11, 3, 12|---> |2, 9| possibles  |8, 12, 15|
|8, 15, 3, 12|---> |2, 2| possibles  |3, 8, 10, 12, 15|
|11, 11, 3, 12|---> |2, 9| possibles  |8, 12, 15|
|11, 15, 3, 12|---> |2, 9| possibles  |8, 12, 15|
|15, 15, 3, 12|---> |1, 2| possibles  |3, 15|
|4, 4, 3, 15|---> |1, 1| possibles  |0, 3, 4, 9, 15|
|4, 6, 3, 15|---> |2, 9| possibles  |8, 12, 15|
|4, 8, 3, 15|---> |1, 5| possibles  |3, 4|
|4, 11, 3, 15|---> |2, 9| possibles  |8, 12, 15|
|4, 15, 3, 15|---> |1, 1| possibles  |0, 3, 4, 9, 15|
|6, 6, 3, 15|---> |1, 7| possibles  |9, 15|
|6, 8, 3, 15|---> |2, 9| possibles  |8, 12, 15|
|6, 11, 3, 15|---> |2, 9| possibles  |8, 12, 15|
|6, 15, 3, 15|---> |1, 7| possibles  |9, 15|
|8, 8, 3, 15|---> |1, 2| possibles  |3, 15|
|8, 11, 3, 15|---> |2, 9| possibles  |8, 12, 15|
|8, 15, 3, 15|---> |1, 2| possibles  |3, 15|
|11, 11, 3, 15|---> |2, 9| possibles  |8, 12, 15|
|11, 15, 3, 15|---> |2, 9| possibles  |8, 12, 15|
|15, 15, 3, 15|---> |1, 1| possibles  |0, 3, 4, 9, 15|
|3, 3, 4, 4|---> |1, 1| possibles  |0, 3, 4, 9, 15|
|3, 8, 4, 4|---> |1, 2| possibles  |3, 15|
|3, 10, 4, 4|---> |1, 2| possibles  |3, 15|
|3, 12, 4, 4|---> |1, 2| possibles  |3, 15|
|3, 15, 4, 4|---> |1, 1| possibles  |0, 3, 4, 9, 15|
|8, 8, 4, 4|---> |1, 2| possibles  |3, 15|
|8, 10, 4, 4|---> |1, 2| possibles  |3, 15|
|8, 12, 4, 4|---> |1, 2| possibles  |3, 15|
|8, 15, 4, 4|---> |1, 2| possibles  |3, 15|
|10, 10, 4, 4|---> |1, 2| possibles  |3, 15|
|10, 12, 4, 4|---> |1, 2| possibles  |3, 15|
|10, 15, 4, 4|---> |1, 2| possibles  |3, 15|
|12, 12, 4, 4|---> |1, 2| possibles  |3, 15|
|12, 15, 4, 4|---> |1, 2| possibles  |3, 15|
|15, 15, 4, 4|---> |1, 1| possibles  |0, 3, 4, 9, 15|
|3, 3, 4, 6|---> |1, 12| possibles  |4, 9|
|3, 8, 4, 6|---> |2, 9| possibles  |8, 12, 15|
|3, 10, 4, 6|---> |2, 9| possibles  |8, 12, 15|
|3, 12, 4, 6|---> |2, 9| possibles  |8, 12, 15|
|3, 15, 4, 6|---> |1, 12| possibles  |4, 9|
|8, 8, 4, 6|---> |2, 9| possibles  |8, 12, 15|
|8, 10, 4, 6|---> |2, 9| possibles  |8, 12, 15|
|8, 12, 4, 6|---> |2, 9| possibles  |8, 12, 15|
|8, 15, 4, 6|---> |2, 9| possibles  |8, 12, 15|
|10, 10, 4, 6|---> |2, 9| possibles  |8, 12, 15|
|10, 12, 4, 6|---> |2, 9| possibles  |8, 12, 15|
|10, 15, 4, 6|---> |2, 9| possibles  |8, 12, 15|
|12, 12, 4, 6|---> |2, 9| possibles  |8, 12, 15|
|12, 15, 4, 6|---> |2, 9| possibles  |8, 12, 15|
|15, 15, 4, 6|---> |1, 12| possibles  |4, 9|
|3, 3, 4, 8|---> |1, 5| possibles  |3, 4|
|3, 8, 4, 8|---> |2, 5| possibles  |3, 8|
|3, 10, 4, 8|---> |2, 5| possibles  |3, 8|
|3, 12, 4, 8|---> |2, 5| possibles  |3, 8|
|3, 15, 4, 8|---> |1, 5| possibles  |3, 4|
|8, 8, 4, 8|---> |2, 5| possibles  |3, 8|
|8, 10, 4, 8|---> |2, 5| possibles  |3, 8|
|8, 12, 4, 8|---> |2, 5| possibles  |3, 8|
|8, 15, 4, 8|---> |2, 5| possibles  |3, 8|
|10, 10, 4, 8|---> |2, 5| possibles  |3, 8|
|10, 12, 4, 8|---> |2, 5| possibles  |3, 8|
|10, 15, 4, 8|---> |2, 5| possibles  |3, 8|
|12, 12, 4, 8|---> |2, 5| possibles  |3, 8|
|12, 15, 4, 8|---> |2, 5| possibles  |3, 8|
|15, 15, 4, 8|---> |1, 5| possibles  |3, 4|
|3, 3, 4, 11|---> |2, 9| possibles  |8, 12, 15|
|3, 8, 4, 11|---> |2, 9| possibles  |8, 12, 15|
|3, 10, 4, 11|---> |2, 9| possibles  |8, 12, 15|
|3, 12, 4, 11|---> |2, 9| possibles  |8, 12, 15|
|3, 15, 4, 11|---> |2, 9| possibles  |8, 12, 15|
|8, 8, 4, 11|---> |2, 9| possibles  |8, 12, 15|
|8, 10, 4, 11|---> |2, 9| possibles  |8, 12, 15|
|8, 12, 4, 11|---> |2, 9| possibles  |8, 12, 15|
|8, 15, 4, 11|---> |2, 9| possibles  |8, 12, 15|
|10, 10, 4, 11|---> |2, 9| possibles  |8, 12, 15|
|10, 12, 4, 11|---> |2, 9| possibles  |8, 12, 15|
|10, 15, 4, 11|---> |2, 9| possibles  |8, 12, 15|
|12, 12, 4, 11|---> |2, 9| possibles  |8, 12, 15|
|12, 15, 4, 11|---> |2, 9| possibles  |8, 12, 15|
|15, 15, 4, 11|---> |2, 9| possibles  |8, 12, 15|
|3, 3, 4, 15|---> |1, 1| possibles  |0, 3, 4, 9, 15|
|3, 8, 4, 15|---> |1, 2| possibles  |3, 15|
|3, 10, 4, 15|---> |1, 2| possibles  |3, 15|
|3, 12, 4, 15|---> |1, 2| possibles  |3, 15|
|3, 15, 4, 15|---> |1, 1| possibles  |0, 3, 4, 9, 15|
|8, 8, 4, 15|---> |1, 2| possibles  |3, 15|
|8, 10, 4, 15|---> |1, 2| possibles  |3, 15|
|8, 12, 4, 15|---> |1, 2| possibles  |3, 15|
|8, 15, 4, 15|---> |1, 2| possibles  |3, 15|
|10, 10, 4, 15|---> |1, 2| possibles  |3, 15|
|10, 12, 4, 15|---> |1, 2| possibles  |3, 15|
|10, 15, 4, 15|---> |1, 2| possibles  |3, 15|
|12, 12, 4, 15|---> |1, 2| possibles  |3, 15|
|12, 15, 4, 15|---> |1, 2| possibles  |3, 15|
|15, 15, 4, 15|---> |1, 1| possibles  |0, 3, 4, 9, 15|
|3, 3, 6, 6|---> |1, 7| possibles  |9, 15|
|3, 8, 6, 6|---> |2, 7| possibles  |10, 15|
|3, 10, 6, 6|---> |2, 7| possibles  |10, 15|
|3, 12, 6, 6|---> |2, 7| possibles  |10, 15|
|3, 15, 6, 6|---> |1, 7| possibles  |9, 15|
|8, 8, 6, 6|---> |2, 7| possibles  |10, 15|
|8, 10, 6, 6|---> |2, 7| possibles  |10, 15|
|8, 12, 6, 6|---> |2, 7| possibles  |10, 15|
|8, 15, 6, 6|---> |2, 7| possibles  |10, 15|
|10, 10, 6, 6|---> |2, 7| possibles  |10, 15|
|10, 12, 6, 6|---> |2, 7| possibles  |10, 15|
|10, 15, 6, 6|---> |2, 7| possibles  |10, 15|
|12, 12, 6, 6|---> |2, 7| possibles  |10, 15|
|12, 15, 6, 6|---> |2, 7| possibles  |10, 15|
|15, 15, 6, 6|---> |1, 7| possibles  |9, 15|
|3, 3, 6, 8|---> |2, 9| possibles  |8, 12, 15|
|3, 8, 6, 8|---> |2, 9| possibles  |8, 12, 15|
|3, 10, 6, 8|---> |2, 9| possibles  |8, 12, 15|
|3, 12, 6, 8|---> |2, 9| possibles  |8, 12, 15|
|3, 15, 6, 8|---> |2, 9| possibles  |8, 12, 15|
|8, 8, 6, 8|---> |2, 9| possibles  |8, 12, 15|
|8, 10, 6, 8|---> |2, 9| possibles  |8, 12, 15|
|8, 12, 6, 8|---> |2, 9| possibles  |8, 12, 15|
|8, 15, 6, 8|---> |2, 9| possibles  |8, 12, 15|
|10, 10, 6, 8|---> |2, 9| possibles  |8, 12, 15|
|10, 12, 6, 8|---> |2, 9| possibles  |8, 12, 15|
|10, 15, 6, 8|---> |2, 9| possibles  |8, 12, 15|
|12, 12, 6, 8|---> |2, 9| possibles  |8, 12, 15|
|12, 15, 6, 8|---> |2, 9| possibles  |8, 12, 15|
|15, 15, 6, 8|---> |2, 9| possibles  |8, 12, 15|
|3, 3, 6, 11|---> |2, 9| possibles  |8, 12, 15|
|3, 8, 6, 11|---> |2, 9| possibles  |8, 12, 15|
|3, 10, 6, 11|---> |2, 9| possibles  |8, 12, 15|
|3, 12, 6, 11|---> |2, 9| possibles  |8, 12, 15|
|3, 15, 6, 11|---> |2, 9| possibles  |8, 12, 15|
|8, 8, 6, 11|---> |2, 9| possibles  |8, 12, 15|
|8, 10, 6, 11|---> |2, 9| possibles  |8, 12, 15|
|8, 12, 6, 11|---> |2, 9| possibles  |8, 12, 15|
|8, 15, 6, 11|---> |2, 9| possibles  |8, 12, 15|
|10, 10, 6, 11|---> |2, 9| possibles  |8, 12, 15|
|10, 12, 6, 11|---> |2, 9| possibles  |8, 12, 15|
|10, 15, 6, 11|---> |2, 9| possibles  |8, 12, 15|
|12, 12, 6, 11|---> |2, 9| possibles  |8, 12, 15|
|12, 15, 6, 11|---> |2, 9| possibles  |8, 12, 15|
|15, 15, 6, 11|---> |2, 9| possibles  |8, 12, 15|
|3, 3, 6, 15|---> |1, 7| possibles  |9, 15|
|3, 8, 6, 15|---> |2, 7| possibles  |10, 15|
|3, 10, 6, 15|---> |2, 7| possibles  |10, 15|
|3, 12, 6, 15|---> |2, 7| possibles  |10, 15|
|3, 15, 6, 15|---> |1, 7| possibles  |9, 15|
|8, 8, 6, 15|---> |2, 7| possibles  |10, 15|
|8, 10, 6, 15|---> |2, 7| possibles  |10, 15|
|8, 12, 6, 15|---> |2, 7| possibles  |10, 15|
|8, 15, 6, 15|---> |2, 7| possibles  |10, 15|
|10, 10, 6, 15|---> |2, 7| possibles  |10, 15|
|10, 12, 6, 15|---> |2, 7| possibles  |10, 15|
|10, 15, 6, 15|---> |2, 7| possibles  |10, 15|
|12, 12, 6, 15|---> |2, 7| possibles  |10, 15|
|12, 15, 6, 15|---> |2, 7| possibles  |10, 15|
|15, 15, 6, 15|---> |1, 7| possibles  |9, 15|
|3, 3, 8, 8|---> |1, 2| possibles  |3, 15|
|3, 8, 8, 8|---> |2, 2| possibles  |3, 8, 10, 12, 15|
|3, 10, 8, 8|---> |2, 2| possibles  |3, 8, 10, 12, 15|
|3, 12, 8, 8|---> |2, 2| possibles  |3, 8, 10, 12, 15|
|3, 15, 8, 8|---> |1, 2| possibles  |3, 15|
|4, 4, 8, 8|---> |1, 2| possibles  |3, 15|
|4, 6, 8, 8|---> |2, 9| possibles  |8, 12, 15|
|4, 8, 8, 8|---> |2, 5| possibles  |3, 8|
|4, 11, 8, 8|---> |2, 9| possibles  |8, 12, 15|
|4, 15, 8, 8|---> |1, 2| possibles  |3, 15|
|6, 6, 8, 8|---> |3, 9| possibles  |1, 6, 11, 15|
|6, 8, 8, 8|---> |2, 9| possibles  |8, 12, 15|
|6, 11, 8, 8|---> |3, 9| possibles  |1, 6, 11, 15|
|6, 15, 8, 8|---> |3, 9| possibles  |1, 6, 11, 15|
|8, 8, 8, 8|---> |2, 2| possibles  |3, 8, 10, 12, 15|
|8, 8, 8, 8|---> |2, 2| possibles  |3, 8, 10, 12, 15|
|8, 10, 8, 8|---> |2, 2| possibles  |3, 8, 10, 12, 15|
|8, 11, 8, 8|---> |2, 9| possibles  |8, 12, 15|
|8, 12, 8, 8|---> |2, 2| possibles  |3, 8, 10, 12, 15|
|8, 15, 8, 8|---> |2, 2| possibles  |3, 8, 10, 12, 15|
|8, 15, 8, 8|---> |2, 2| possibles  |3, 8, 10, 12, 15|
|10, 10, 8, 8|---> |2, 2| possibles  |3, 8, 10, 12, 15|
|10, 12, 8, 8|---> |2, 2| possibles  |3, 8, 10, 12, 15|
|10, 15, 8, 8|---> |2, 2| possibles  |3, 8, 10, 12, 15|
|11, 11, 8, 8|---> |3, 9| possibles  |1, 6, 11, 15|
|11, 15, 8, 8|---> |3, 9| possibles  |1, 6, 11, 15|
|12, 12, 8, 8|---> |2, 2| possibles  |3, 8, 10, 12, 15|
|12, 15, 8, 8|---> |2, 2| possibles  |3, 8, 10, 12, 15|
|15, 15, 8, 8|---> |1, 2| possibles  |3, 15|
|15, 15, 8, 8|---> |1, 2| possibles  |3, 15|
|4, 4, 8, 10|---> |1, 2| possibles  |3, 15|
|4, 6, 8, 10|---> |2, 9| possibles  |8, 12, 15|
|4, 8, 8, 10|---> |2, 5| possibles  |3, 8|
|4, 11, 8, 10|---> |2, 9| possibles  |8, 12, 15|
|4, 15, 8, 10|---> |1, 2| possibles  |3, 15|
|6, 6, 8, 10|---> |2, 7| possibles  |10, 15|
|6, 8, 8, 10|---> |2, 9| possibles  |8, 12, 15|
|6, 11, 8, 10|---> |2, 9| possibles  |8, 12, 15|
|6, 15, 8, 10|---> |2, 7| possibles  |10, 15|
|8, 8, 8, 10|---> |2, 2| possibles  |3, 8, 10, 12, 15|
|8, 11, 8, 10|---> |2, 9| possibles  |8, 12, 15|
|8, 15, 8, 10|---> |2, 2| possibles  |3, 8, 10, 12, 15|
|11, 11, 8, 10|---> |2, 9| possibles  |8, 12, 15|
|11, 15, 8, 10|---> |2, 9| possibles  |8, 12, 15|
|15, 15, 8, 10|---> |1, 2| possibles  |3, 15|
|3, 3, 8, 11|---> |2, 9| possibles  |8, 12, 15|
|3, 8, 8, 11|---> |2, 9| possibles  |8, 12, 15|
|3, 10, 8, 11|---> |2, 9| possibles  |8, 12, 15|
|3, 12, 8, 11|---> |2, 9| possibles  |8, 12, 15|
|3, 15, 8, 11|---> |2, 9| possibles  |8, 12, 15|
|8, 8, 8, 11|---> |2, 9| possibles  |8, 12, 15|
|8, 10, 8, 11|---> |2, 9| possibles  |8, 12, 15|
|8, 12, 8, 11|---> |2, 9| possibles  |8, 12, 15|
|8, 15, 8, 11|---> |2, 9| possibles  |8, 12, 15|
|10, 10, 8, 11|---> |2, 9| possibles  |8, 12, 15|
|10, 12, 8, 11|---> |2, 9| possibles  |8, 12, 15|
|10, 15, 8, 11|---> |2, 9| possibles  |8, 12, 15|
|12, 12, 8, 11|---> |2, 9| possibles  |8, 12, 15|
|12, 15, 8, 11|---> |2, 9| possibles  |8, 12, 15|
|15, 15, 8, 11|---> |2, 9| possibles  |8, 12, 15|
|4, 4, 8, 12|---> |1, 2| possibles  |3, 15|
|4, 6, 8, 12|---> |2, 9| possibles  |8, 12, 15|
|4, 8, 8, 12|---> |2, 5| possibles  |3, 8|
|4, 11, 8, 12|---> |2, 9| possibles  |8, 12, 15|
|4, 15, 8, 12|---> |1, 2| possibles  |3, 15|
|6, 6, 8, 12|---> |3, 9| possibles  |1, 6, 11, 15|
|6, 8, 8, 12|---> |2, 9| possibles  |8, 12, 15|
|6, 11, 8, 12|---> |3, 9| possibles  |1, 6, 11, 15|
|6, 15, 8, 12|---> |3, 9| possibles  |1, 6, 11, 15|
|8, 8, 8, 12|---> |2, 2| possibles  |3, 8, 10, 12, 15|
|8, 11, 8, 12|---> |2, 9| possibles  |8, 12, 15|
|8, 15, 8, 12|---> |2, 2| possibles  |3, 8, 10, 12, 15|
|11, 11, 8, 12|---> |3, 9| possibles  |1, 6, 11, 15|
|11, 15, 8, 12|---> |3, 9| possibles  |1, 6, 11, 15|
|15, 15, 8, 12|---> |1, 2| possibles  |3, 15|
|3, 3, 8, 15|---> |1, 2| possibles  |3, 15|
|3, 8, 8, 15|---> |2, 2| possibles  |3, 8, 10, 12, 15|
|3, 10, 8, 15|---> |2, 2| possibles  |3, 8, 10, 12, 15|
|3, 12, 8, 15|---> |2, 2| possibles  |3, 8, 10, 12, 15|
|3, 15, 8, 15|---> |1, 2| possibles  |3, 15|
|4, 4, 8, 15|---> |1, 2| possibles  |3, 15|
|4, 6, 8, 15|---> |2, 9| possibles  |8, 12, 15|
|4, 8, 8, 15|---> |2, 5| possibles  |3, 8|
|4, 11, 8, 15|---> |2, 9| possibles  |8, 12, 15|
|4, 15, 8, 15|---> |1, 2| possibles  |3, 15|
|6, 6, 8, 15|---> |3, 9| possibles  |1, 6, 11, 15|
|6, 8, 8, 15|---> |2, 9| possibles  |8, 12, 15|
|6, 11, 8, 15|---> |3, 9| possibles  |1, 6, 11, 15|
|6, 15, 8, 15|---> |3, 9| possibles  |1, 6, 11, 15|
|8, 8, 8, 15|---> |2, 2| possibles  |3, 8, 10, 12, 15|
|8, 8, 8, 15|---> |2, 2| possibles  |3, 8, 10, 12, 15|
|8, 10, 8, 15|---> |2, 2| possibles  |3, 8, 10, 12, 15|
|8, 11, 8, 15|---> |2, 9| possibles  |8, 12, 15|
|8, 12, 8, 15|---> |2, 2| possibles  |3, 8, 10, 12, 15|
|8, 15, 8, 15|---> |2, 2| possibles  |3, 8, 10, 12, 15|
|8, 15, 8, 15|---> |2, 2| possibles  |3, 8, 10, 12, 15|
|10, 10, 8, 15|---> |2, 2| possibles  |3, 8, 10, 12, 15|
|10, 12, 8, 15|---> |2, 2| possibles  |3, 8, 10, 12, 15|
|10, 15, 8, 15|---> |2, 2| possibles  |3, 8, 10, 12, 15|
|11, 11, 8, 15|---> |3, 9| possibles  |1, 6, 11, 15|
|11, 15, 8, 15|---> |3, 9| possibles  |1, 6, 11, 15|
|12, 12, 8, 15|---> |2, 2| possibles  |3, 8, 10, 12, 15|
|12, 15, 8, 15|---> |2, 2| possibles  |3, 8, 10, 12, 15|
|15, 15, 8, 15|---> |1, 2| possibles  |3, 15|
|15, 15, 8, 15|---> |1, 2| possibles  |3, 15|
|4, 4, 10, 10|---> |1, 2| possibles  |3, 15|
|4, 6, 10, 10|---> |2, 9| possibles  |8, 12, 15|
|4, 8, 10, 10|---> |2, 5| possibles  |3, 8|
|4, 11, 10, 10|---> |2, 9| possibles  |8, 12, 15|
|4, 15, 10, 10|---> |1, 2| possibles  |3, 15|
|6, 6, 10, 10|---> |3, 4| possibles  |1, 5|
|6, 8, 10, 10|---> |2, 9| possibles  |8, 12, 15|
|6, 11, 10, 10|---> |3, 4| possibles  |1, 5|
|6, 15, 10, 10|---> |3, 4| possibles  |1, 5|
|8, 8, 10, 10|---> |2, 2| possibles  |3, 8, 10, 12, 15|
|8, 11, 10, 10|---> |2, 9| possibles  |8, 12, 15|
|8, 15, 10, 10|---> |2, 2| possibles  |3, 8, 10, 12, 15|
|11, 11, 10, 10|---> |3, 4| possibles  |1, 5|
|11, 15, 10, 10|---> |3, 4| possibles  |1, 5|
|15, 15, 10, 10|---> |1, 2| possibles  |3, 15|
|4, 4, 10, 12|---> |1, 2| possibles  |3, 15|
|4, 6, 10, 12|---> |2, 9| possibles  |8, 12, 15|
|4, 8, 10, 12|---> |2, 5| possibles  |3, 8|
|4, 11, 10, 12|---> |2, 9| possibles  |8, 12, 15|
|4, 15, 10, 12|---> |1, 2| possibles  |3, 15|
|6, 6, 10, 12|---> |3, 4| possibles  |1, 5|
|6, 8, 10, 12|---> |2, 9| possibles  |8, 12, 15|
|6, 11, 10, 12|---> |3, 4| possibles  |1, 5|
|6, 15, 10, 12|---> |3, 4| possibles  |1, 5|
|8, 8, 10, 12|---> |2, 2| possibles  |3, 8, 10, 12, 15|
|8, 11, 10, 12|---> |2, 9| possibles  |8, 12, 15|
|8, 15, 10, 12|---> |2, 2| possibles  |3, 8, 10, 12, 15|
|11, 11, 10, 12|---> |3, 4| possibles  |1, 5|
|11, 15, 10, 12|---> |3, 4| possibles  |1, 5|
|15, 15, 10, 12|---> |1, 2| possibles  |3, 15|
|4, 4, 10, 15|---> |1, 2| possibles  |3, 15|
|4, 6, 10, 15|---> |2, 9| possibles  |8, 12, 15|
|4, 8, 10, 15|---> |2, 5| possibles  |3, 8|
|4, 11, 10, 15|---> |2, 9| possibles  |8, 12, 15|
|4, 15, 10, 15|---> |1, 2| possibles  |3, 15|
|6, 6, 10, 15|---> |3, 7| possibles  |5, 6, 15|
|6, 8, 10, 15|---> |2, 9| possibles  |8, 12, 15|
|6, 11, 10, 15|---> |3, 7| possibles  |5, 6, 15|
|6, 15, 10, 15|---> |3, 7| possibles  |5, 6, 15|
|8, 8, 10, 15|---> |2, 2| possibles  |3, 8, 10, 12, 15|
|8, 11, 10, 15|---> |2, 9| possibles  |8, 12, 15|
|8, 15, 10, 15|---> |2, 2| possibles  |3, 8, 10, 12, 15|
|11, 11, 10, 15|---> |3, 7| possibles  |5, 6, 15|
|11, 15, 10, 15|---> |3, 7| possibles  |5, 6, 15|
|15, 15, 10, 15|---> |1, 2| possibles  |3, 15|
|3, 3, 11, 11|---> |2, 9| possibles  |8, 12, 15|
|3, 8, 11, 11|---> |2, 9| possibles  |8, 12, 15|
|3, 10, 11, 11|---> |2, 9| possibles  |8, 12, 15|
|3, 12, 11, 11|---> |2, 9| possibles  |8, 12, 15|
|3, 15, 11, 11|---> |2, 9| possibles  |8, 12, 15|
|8, 8, 11, 11|---> |2, 9| possibles  |8, 12, 15|
|8, 10, 11, 11|---> |2, 9| possibles  |8, 12, 15|
|8, 12, 11, 11|---> |2, 9| possibles  |8, 12, 15|
|8, 15, 11, 11|---> |2, 9| possibles  |8, 12, 15|
|10, 10, 11, 11|---> |2, 9| possibles  |8, 12, 15|
|10, 12, 11, 11|---> |2, 9| possibles  |8, 12, 15|
|10, 15, 11, 11|---> |2, 9| possibles  |8, 12, 15|
|12, 12, 11, 11|---> |2, 9| possibles  |8, 12, 15|
|12, 15, 11, 11|---> |2, 9| possibles  |8, 12, 15|
|15, 15, 11, 11|---> |2, 9| possibles  |8, 12, 15|
|3, 3, 11, 15|---> |2, 9| possibles  |8, 12, 15|
|3, 8, 11, 15|---> |2, 9| possibles  |8, 12, 15|
|3, 10, 11, 15|---> |2, 9| possibles  |8, 12, 15|
|3, 12, 11, 15|---> |2, 9| possibles  |8, 12, 15|
|3, 15, 11, 15|---> |2, 9| possibles  |8, 12, 15|
|8, 8, 11, 15|---> |2, 9| possibles  |8, 12, 15|
|8, 10, 11, 15|---> |2, 9| possibles  |8, 12, 15|
|8, 12, 11, 15|---> |2, 9| possibles  |8, 12, 15|
|8, 15, 11, 15|---> |2, 9| possibles  |8, 12, 15|
|10, 10, 11, 15|---> |2, 9| possibles  |8, 12, 15|
|10, 12, 11, 15|---> |2, 9| possibles  |8, 12, 15|
|10, 15, 11, 15|---> |2, 9| possibles  |8, 12, 15|
|12, 12, 11, 15|---> |2, 9| possibles  |8, 12, 15|
|12, 15, 11, 15|---> |2, 9| possibles  |8, 12, 15|
|15, 15, 11, 15|---> |2, 9| possibles  |8, 12, 15|
|4, 4, 12, 12|---> |1, 2| possibles  |3, 15|
|4, 6, 12, 12|---> |2, 9| possibles  |8, 12, 15|
|4, 8, 12, 12|---> |2, 5| possibles  |3, 8|
|4, 11, 12, 12|---> |2, 9| possibles  |8, 12, 15|
|4, 15, 12, 12|---> |1, 2| possibles  |3, 15|
|6, 6, 12, 12|---> |3, 4| possibles  |1, 5|
|6, 8, 12, 12|---> |2, 9| possibles  |8, 12, 15|
|6, 11, 12, 12|---> |3, 4| possibles  |1, 5|
|6, 15, 12, 12|---> |3, 4| possibles  |1, 5|
|8, 8, 12, 12|---> |2, 2| possibles  |3, 8, 10, 12, 15|
|8, 11, 12, 12|---> |2, 9| possibles  |8, 12, 15|
|8, 15, 12, 12|---> |2, 2| possibles  |3, 8, 10, 12, 15|
|11, 11, 12, 12|---> |3, 4| possibles  |1, 5|
|11, 15, 12, 12|---> |3, 4| possibles  |1, 5|
|15, 15, 12, 12|---> |1, 2| possibles  |3, 15|
|4, 4, 12, 15|---> |1, 2| possibles  |3, 15|
|4, 6, 12, 15|---> |2, 9| possibles  |8, 12, 15|
|4, 8, 12, 15|---> |2, 5| possibles  |3, 8|
|4, 11, 12, 15|---> |2, 9| possibles  |8, 12, 15|
|4, 15, 12, 15|---> |1, 2| possibles  |3, 15|
|6, 6, 12, 15|---> |3, 9| possibles  |1, 6, 11, 15|
|6, 8, 12, 15|---> |2, 9| possibles  |8, 12, 15|
|6, 11, 12, 15|---> |3, 9| possibles  |1, 6, 11, 15|
|6, 15, 12, 15|---> |3, 9| possibles  |1, 6, 11, 15|
|8, 8, 12, 15|---> |2, 2| possibles  |3, 8, 10, 12, 15|
|8, 11, 12, 15|---> |2, 9| possibles  |8, 12, 15|
|8, 15, 12, 15|---> |2, 2| possibles  |3, 8, 10, 12, 15|
|11, 11, 12, 15|---> |3, 9| possibles  |1, 6, 11, 15|
|11, 15, 12, 15|---> |3, 9| possibles  |1, 6, 11, 15|
|15, 15, 12, 15|---> |1, 2| possibles  |3, 15|
|3, 3, 15, 15|---> |1, 1| possibles  |0, 3, 4, 9, 15|
|3, 8, 15, 15|---> |1, 2| possibles  |3, 15|
|3, 10, 15, 15|---> |1, 2| possibles  |3, 15|
|3, 12, 15, 15|---> |1, 2| possibles  |3, 15|
|3, 15, 15, 15|---> |1, 1| possibles  |0, 3, 4, 9, 15|
|4, 4, 15, 15|---> |1, 1| possibles  |0, 3, 4, 9, 15|
|4, 6, 15, 15|---> |2, 9| possibles  |8, 12, 15|
|4, 8, 15, 15|---> |1, 5| possibles  |3, 4|
|4, 11, 15, 15|---> |2, 9| possibles  |8, 12, 15|
|4, 15, 15, 15|---> |1, 1| possibles  |0, 3, 4, 9, 15|
|6, 6, 15, 15|---> |3, 3| possibles  |1, 2, 5, 6, 11, 15|
|6, 8, 15, 15|---> |2, 9| possibles  |8, 12, 15|
|6, 11, 15, 15|---> |3, 3| possibles  |1, 2, 5, 6, 11, 15|
|6, 15, 15, 15|---> |3, 3| possibles  |1, 2, 5, 6, 11, 15|
|8, 8, 15, 15|---> |1, 2| possibles  |3, 15|
|8, 8, 15, 15|---> |1, 2| possibles  |3, 15|
|8, 10, 15, 15|---> |1, 2| possibles  |3, 15|
|8, 11, 15, 15|---> |2, 9| possibles  |8, 12, 15|
|8, 12, 15, 15|---> |1, 2| possibles  |3, 15|
|8, 15, 15, 15|---> |1, 2| possibles  |3, 15|
|8, 15, 15, 15|---> |1, 2| possibles  |3, 15|
|10, 10, 15, 15|---> |1, 2| possibles  |3, 15|
|10, 12, 15, 15|---> |1, 2| possibles  |3, 15|
|10, 15, 15, 15|---> |1, 2| possibles  |3, 15|
|11, 11, 15, 15|---> |3, 3| possibles  |1, 2, 5, 6, 11, 15|
|11, 15, 15, 15|---> |3, 3| possibles  |1, 2, 5, 6, 11, 15|
|12, 12, 15, 15|---> |1, 2| possibles  |3, 15|
|12, 15, 15, 15|---> |1, 2| possibles  |3, 15|
|15, 15, 15, 15|---> |1, 1| possibles  |0, 3, 4, 9, 15|
|15, 15, 15, 15|---> |1, 1| possibles  |0, 3, 4, 9, 15|
+++++++++++++++++++++++++++++++++++++++
bad coloring on level 2  |3, 15, 0, 8|
bad coloring on level 2  |8, 10, 0, 8|
bad coloring on level 2  |8, 10, 2, 4|
bad coloring on level 2  |8, 10, 2, 6|
bad coloring on level 2  |3, 15, 2, 8|
bad coloring on level 2  |8, 10, 2, 8|
bad coloring on level 2  |3, 15, 2, 11|
bad coloring on level 2  |8, 10, 2, 11|
bad coloring on level 2  |3, 15, 2, 15|
bad coloring on level 2  |8, 10, 2, 15|
bad coloring on level 2  |5, 11, 3, 4|
bad coloring on level 2  |0, 8, 3, 15|
bad coloring on level 2  |2, 8, 3, 15|
bad coloring on level 2  |2, 11, 3, 15|
bad coloring on level 2  |2, 15, 3, 15|
bad coloring on level 2  |3, 4, 5, 11|
bad coloring on level 2  |0, 8, 8, 10|
bad coloring on level 2  |2, 4, 8, 10|
bad coloring on level 2  |2, 6, 8, 10|
bad coloring on level 2  |2, 8, 8, 10|
bad coloring on level 2  |2, 11, 8, 10|
bad coloring on level 2  |2, 15, 8, 10|

22 bad colorings on level 2
