Trying substitutions to: 7
with goodVertices 1, 2, 5, 9, 10, 12, 14
bad color to improve: 5  5  with index 70
bad color to improve: 5  6  with index 71
bad color to improve: 5  9  with index 74
bad color to improve: 5  10  with index 75
bad color to improve: 5  15  with index 80
bad color to improve: 6  10  with index 85
bad color to improve: 9  10  with index 109
7 bad colorings on level 1
bad coloring on level 2  |8, 13, 0, 0|
bad coloring on level 2  |1, 4, 0, 2|
bad coloring on level 2  |1, 8, 0, 2|
bad coloring on level 2  |4, 12, 0, 2|
bad coloring on level 2  |8, 13, 0, 2|
bad coloring on level 2  |0, 8, 0, 3|
bad coloring on level 2  |2, 8, 0, 3|
bad coloring on level 2  |2, 11, 0, 3|
bad coloring on level 2  |2, 15, 0, 3|
bad coloring on level 2  |8, 13, 0, 3|
bad coloring on level 2  |1, 4, 0, 4|
bad coloring on level 2  |1, 8, 0, 4|
bad coloring on level 2  |3, 8, 0, 4|
bad coloring on level 2  |4, 12, 0, 4|
bad coloring on level 2  |6, 12, 0, 4|
bad coloring on level 2  |8, 12, 0, 4|
bad coloring on level 2  |8, 13, 0, 4|
bad coloring on level 2  |11, 12, 0, 4|
bad coloring on level 2  |12, 15, 0, 4|
bad coloring on level 2  |3, 4, 0, 6|
bad coloring on level 2  |8, 13, 0, 6|
bad coloring on level 2  |8, 13, 0, 7|
bad coloring on level 2  |0, 3, 0, 8|
bad coloring on level 2  |0, 12, 0, 8|
bad coloring on level 2  |0, 13, 0, 8|
bad coloring on level 2  |1, 4, 0, 8|
bad coloring on level 2  |1, 8, 0, 8|
bad coloring on level 2  |1, 12, 0, 8|
bad coloring on level 2  |3, 4, 0, 8|
bad coloring on level 2  |3, 8, 0, 8|
bad coloring on level 2  |3, 12, 0, 8|
bad coloring on level 2  |4, 12, 0, 8|
bad coloring on level 2  |6, 12, 0, 8|
bad coloring on level 2  |7, 12, 0, 8|
bad coloring on level 2  |8, 12, 0, 8|
bad coloring on level 2  |8, 13, 0, 8|
bad coloring on level 2  |9, 12, 0, 8|
bad coloring on level 2  |10, 12, 0, 8|
bad coloring on level 2  |11, 12, 0, 8|
bad coloring on level 2  |12, 12, 0, 8|
bad coloring on level 2  |12, 13, 0, 8|
bad coloring on level 2  |12, 14, 0, 8|
bad coloring on level 2  |12, 15, 0, 8|
bad coloring on level 2  |8, 13, 0, 9|
bad coloring on level 2  |8, 13, 0, 10|
bad coloring on level 2  |3, 4, 0, 11|
bad coloring on level 2  |8, 13, 0, 11|
bad coloring on level 2  |0, 8, 0, 12|
bad coloring on level 2  |2, 8, 0, 12|
bad coloring on level 2  |8, 13, 0, 12|
bad coloring on level 2  |0, 8, 0, 13|
bad coloring on level 2  |2, 8, 0, 13|
bad coloring on level 2  |2, 11, 0, 13|
bad coloring on level 2  |2, 15, 0, 13|
bad coloring on level 2  |8, 13, 0, 13|
bad coloring on level 2  |8, 13, 0, 14|
bad coloring on level 2  |8, 13, 0, 15|
bad coloring on level 2  |8, 13, 1, 1|
bad coloring on level 2  |8, 13, 1, 2|
bad coloring on level 2  |8, 13, 1, 3|
bad coloring on level 2  |0, 2, 1, 4|
bad coloring on level 2  |0, 4, 1, 4|
bad coloring on level 2  |0, 8, 1, 4|
bad coloring on level 2  |2, 4, 1, 4|
bad coloring on level 2  |2, 8, 1, 4|
bad coloring on level 2  |3, 4, 1, 4|
bad coloring on level 2  |4, 13, 1, 4|
bad coloring on level 2  |8, 13, 1, 4|
bad coloring on level 2  |3, 4, 1, 6|
bad coloring on level 2  |8, 13, 1, 6|
bad coloring on level 2  |8, 13, 1, 7|
bad coloring on level 2  |0, 2, 1, 8|
bad coloring on level 2  |0, 4, 1, 8|
bad coloring on level 2  |0, 8, 1, 8|
bad coloring on level 2  |2, 4, 1, 8|
bad coloring on level 2  |2, 8, 1, 8|
bad coloring on level 2  |3, 4, 1, 8|
bad coloring on level 2  |4, 13, 1, 8|
bad coloring on level 2  |8, 13, 1, 8|
bad coloring on level 2  |8, 13, 1, 9|
bad coloring on level 2  |8, 13, 1, 10|
bad coloring on level 2  |3, 4, 1, 11|
bad coloring on level 2  |8, 13, 1, 11|
bad coloring on level 2  |0, 8, 1, 12|
bad coloring on level 2  |2, 8, 1, 12|
bad coloring on level 2  |8, 13, 1, 12|
bad coloring on level 2  |8, 13, 1, 13|
bad coloring on level 2  |8, 13, 1, 14|
bad coloring on level 2  |3, 4, 1, 15|
bad coloring on level 2  |8, 13, 1, 15|
bad coloring on level 2  |8, 13, 2, 2|
bad coloring on level 2  |8, 13, 2, 3|
bad coloring on level 2  |1, 4, 2, 4|
bad coloring on level 2  |1, 8, 2, 4|
bad coloring on level 2  |3, 8, 2, 4|
bad coloring on level 2  |4, 12, 2, 4|
bad coloring on level 2  |6, 12, 2, 4|
bad coloring on level 2  |8, 12, 2, 4|
bad coloring on level 2  |8, 13, 2, 4|
bad coloring on level 2  |11, 12, 2, 4|
bad coloring on level 2  |12, 15, 2, 4|
bad coloring on level 2  |3, 8, 2, 6|
bad coloring on level 2  |8, 13, 2, 6|
bad coloring on level 2  |8, 13, 2, 7|
bad coloring on level 2  |0, 3, 2, 8|
bad coloring on level 2  |0, 12, 2, 8|
bad coloring on level 2  |0, 13, 2, 8|
bad coloring on level 2  |1, 4, 2, 8|
bad coloring on level 2  |1, 8, 2, 8|
bad coloring on level 2  |1, 12, 2, 8|
bad coloring on level 2  |3, 4, 2, 8|
bad coloring on level 2  |3, 8, 2, 8|
bad coloring on level 2  |3, 12, 2, 8|
bad coloring on level 2  |4, 12, 2, 8|
bad coloring on level 2  |6, 12, 2, 8|
bad coloring on level 2  |7, 12, 2, 8|
bad coloring on level 2  |8, 12, 2, 8|
bad coloring on level 2  |8, 13, 2, 8|
bad coloring on level 2  |9, 12, 2, 8|
bad coloring on level 2  |10, 12, 2, 8|
bad coloring on level 2  |11, 12, 2, 8|
bad coloring on level 2  |12, 12, 2, 8|
bad coloring on level 2  |12, 13, 2, 8|
bad coloring on level 2  |12, 14, 2, 8|
bad coloring on level 2  |12, 15, 2, 8|
bad coloring on level 2  |8, 13, 2, 9|
bad coloring on level 2  |8, 13, 2, 10|
bad coloring on level 2  |0, 3, 2, 11|
bad coloring on level 2  |0, 13, 2, 11|
bad coloring on level 2  |3, 4, 2, 11|
bad coloring on level 2  |3, 8, 2, 11|
bad coloring on level 2  |3, 12, 2, 11|
bad coloring on level 2  |8, 13, 2, 11|
bad coloring on level 2  |12, 13, 2, 11|
bad coloring on level 2  |8, 13, 2, 13|
bad coloring on level 2  |8, 13, 2, 14|
bad coloring on level 2  |0, 3, 2, 15|
bad coloring on level 2  |0, 13, 2, 15|
bad coloring on level 2  |3, 4, 2, 15|
bad coloring on level 2  |3, 8, 2, 15|
bad coloring on level 2  |3, 12, 2, 15|
bad coloring on level 2  |8, 13, 2, 15|
bad coloring on level 2  |12, 13, 2, 15|
bad coloring on level 2  |8, 13, 3, 3|
bad coloring on level 2  |0, 6, 3, 4|
bad coloring on level 2  |0, 8, 3, 4|
bad coloring on level 2  |0, 11, 3, 4|
bad coloring on level 2  |1, 4, 3, 4|
bad coloring on level 2  |1, 6, 3, 4|
bad coloring on level 2  |1, 8, 3, 4|
bad coloring on level 2  |1, 11, 3, 4|
bad coloring on level 2  |1, 15, 3, 4|
bad coloring on level 2  |2, 8, 3, 4|
bad coloring on level 2  |2, 11, 3, 4|
bad coloring on level 2  |2, 15, 3, 4|
bad coloring on level 2  |3, 8, 3, 4|
bad coloring on level 2  |4, 7, 3, 4|
bad coloring on level 2  |4, 8, 3, 4|
bad coloring on level 2  |4, 11, 3, 4|
bad coloring on level 2  |4, 12, 3, 4|
bad coloring on level 2  |6, 7, 3, 4|
bad coloring on level 2  |6, 8, 3, 4|
bad coloring on level 2  |6, 11, 3, 4|
bad coloring on level 2  |6, 12, 3, 4|
bad coloring on level 2  |7, 8, 3, 4|
bad coloring on level 2  |7, 11, 3, 4|
bad coloring on level 2  |7, 15, 3, 4|
bad coloring on level 2  |8, 8, 3, 4|
bad coloring on level 2  |8, 11, 3, 4|
bad coloring on level 2  |8, 12, 3, 4|
bad coloring on level 2  |8, 13, 3, 4|
bad coloring on level 2  |8, 15, 3, 4|
bad coloring on level 2  |11, 11, 3, 4|
bad coloring on level 2  |11, 12, 3, 4|
bad coloring on level 2  |11, 15, 3, 4|
bad coloring on level 2  |12, 15, 3, 4|
bad coloring on level 2  |8, 13, 3, 7|
bad coloring on level 2  |0, 4, 3, 8|
bad coloring on level 2  |0, 8, 3, 8|
bad coloring on level 2  |2, 4, 3, 8|
bad coloring on level 2  |2, 6, 3, 8|
bad coloring on level 2  |2, 8, 3, 8|
bad coloring on level 2  |2, 11, 3, 8|
bad coloring on level 2  |2, 15, 3, 8|
bad coloring on level 2  |3, 4, 3, 8|
bad coloring on level 2  |4, 13, 3, 8|
bad coloring on level 2  |8, 13, 3, 8|
bad coloring on level 2  |8, 13, 3, 9|
bad coloring on level 2  |8, 13, 3, 10|
bad coloring on level 2  |0, 8, 3, 12|
bad coloring on level 2  |2, 8, 3, 12|
bad coloring on level 2  |2, 11, 3, 12|
bad coloring on level 2  |2, 15, 3, 12|
bad coloring on level 2  |8, 13, 3, 12|
bad coloring on level 2  |8, 13, 3, 13|
bad coloring on level 2  |8, 13, 3, 14|
bad coloring on level 2  |8, 13, 4, 4|
bad coloring on level 2  |8, 13, 4, 6|
bad coloring on level 2  |3, 4, 4, 7|
bad coloring on level 2  |8, 13, 4, 7|
bad coloring on level 2  |3, 4, 4, 8|
bad coloring on level 2  |8, 13, 4, 8|
bad coloring on level 2  |3, 4, 4, 11|
bad coloring on level 2  |8, 13, 4, 11|
bad coloring on level 2  |0, 2, 4, 12|
bad coloring on level 2  |0, 4, 4, 12|
bad coloring on level 2  |0, 8, 4, 12|
bad coloring on level 2  |2, 4, 4, 12|
bad coloring on level 2  |2, 8, 4, 12|
bad coloring on level 2  |3, 4, 4, 12|
bad coloring on level 2  |4, 13, 4, 12|
bad coloring on level 2  |8, 13, 4, 12|
bad coloring on level 2  |1, 4, 4, 13|
bad coloring on level 2  |1, 8, 4, 13|
bad coloring on level 2  |3, 8, 4, 13|
bad coloring on level 2  |4, 12, 4, 13|
bad coloring on level 2  |6, 12, 4, 13|
bad coloring on level 2  |8, 12, 4, 13|
bad coloring on level 2  |8, 13, 4, 13|
bad coloring on level 2  |11, 12, 4, 13|
bad coloring on level 2  |12, 15, 4, 13|
bad coloring on level 2  |8, 13, 4, 15|
bad coloring on level 2  |8, 13, 6, 6|
bad coloring on level 2  |3, 4, 6, 7|
bad coloring on level 2  |8, 13, 6, 7|
bad coloring on level 2  |3, 4, 6, 8|
bad coloring on level 2  |8, 13, 6, 8|
bad coloring on level 2  |3, 4, 6, 11|
bad coloring on level 2  |8, 13, 6, 11|
bad coloring on level 2  |0, 4, 6, 12|
bad coloring on level 2  |0, 8, 6, 12|
bad coloring on level 2  |2, 4, 6, 12|
bad coloring on level 2  |2, 8, 6, 12|
bad coloring on level 2  |3, 4, 6, 12|
bad coloring on level 2  |4, 13, 6, 12|
bad coloring on level 2  |8, 13, 6, 12|
bad coloring on level 2  |8, 13, 6, 15|
bad coloring on level 2  |8, 13, 7, 7|
bad coloring on level 2  |3, 4, 7, 8|
bad coloring on level 2  |8, 13, 7, 8|
bad coloring on level 2  |8, 13, 7, 9|
bad coloring on level 2  |8, 13, 7, 10|
bad coloring on level 2  |3, 4, 7, 11|
bad coloring on level 2  |8, 13, 7, 11|
bad coloring on level 2  |0, 8, 7, 12|
bad coloring on level 2  |2, 8, 7, 12|
bad coloring on level 2  |8, 13, 7, 12|
bad coloring on level 2  |8, 13, 7, 13|
bad coloring on level 2  |8, 13, 7, 14|
bad coloring on level 2  |3, 4, 7, 15|
bad coloring on level 2  |8, 13, 7, 15|
bad coloring on level 2  |3, 4, 8, 8|
bad coloring on level 2  |8, 13, 8, 8|
bad coloring on level 2  |3, 4, 8, 11|
bad coloring on level 2  |8, 13, 8, 11|
bad coloring on level 2  |0, 4, 8, 12|
bad coloring on level 2  |0, 8, 8, 12|
bad coloring on level 2  |2, 4, 8, 12|
bad coloring on level 2  |2, 8, 8, 12|
bad coloring on level 2  |3, 4, 8, 12|
bad coloring on level 2  |4, 13, 8, 12|
bad coloring on level 2  |8, 13, 8, 12|
bad coloring on level 2  |0, 0, 8, 13|
bad coloring on level 2  |0, 2, 8, 13|
bad coloring on level 2  |0, 3, 8, 13|
bad coloring on level 2  |0, 4, 8, 13|
bad coloring on level 2  |0, 6, 8, 13|
bad coloring on level 2  |0, 7, 8, 13|
bad coloring on level 2  |0, 8, 8, 13|
bad coloring on level 2  |0, 9, 8, 13|
bad coloring on level 2  |0, 10, 8, 13|
bad coloring on level 2  |0, 11, 8, 13|
bad coloring on level 2  |0, 12, 8, 13|
bad coloring on level 2  |0, 13, 8, 13|
bad coloring on level 2  |0, 14, 8, 13|
bad coloring on level 2  |0, 15, 8, 13|
bad coloring on level 2  |1, 1, 8, 13|
bad coloring on level 2  |1, 2, 8, 13|
bad coloring on level 2  |1, 3, 8, 13|
bad coloring on level 2  |1, 4, 8, 13|
bad coloring on level 2  |1, 6, 8, 13|
bad coloring on level 2  |1, 7, 8, 13|
bad coloring on level 2  |1, 8, 8, 13|
bad coloring on level 2  |1, 9, 8, 13|
bad coloring on level 2  |1, 10, 8, 13|
bad coloring on level 2  |1, 11, 8, 13|
bad coloring on level 2  |1, 12, 8, 13|
bad coloring on level 2  |1, 13, 8, 13|
bad coloring on level 2  |1, 14, 8, 13|
bad coloring on level 2  |1, 15, 8, 13|
bad coloring on level 2  |2, 2, 8, 13|
bad coloring on level 2  |2, 3, 8, 13|
bad coloring on level 2  |2, 4, 8, 13|
bad coloring on level 2  |2, 6, 8, 13|
bad coloring on level 2  |2, 7, 8, 13|
bad coloring on level 2  |2, 8, 8, 13|
bad coloring on level 2  |2, 9, 8, 13|
bad coloring on level 2  |2, 10, 8, 13|
bad coloring on level 2  |2, 11, 8, 13|
bad coloring on level 2  |2, 13, 8, 13|
bad coloring on level 2  |2, 14, 8, 13|
bad coloring on level 2  |2, 15, 8, 13|
bad coloring on level 2  |3, 3, 8, 13|
bad coloring on level 2  |3, 4, 8, 13|
bad coloring on level 2  |3, 7, 8, 13|
bad coloring on level 2  |3, 8, 8, 13|
bad coloring on level 2  |3, 9, 8, 13|
bad coloring on level 2  |3, 10, 8, 13|
bad coloring on level 2  |3, 12, 8, 13|
bad coloring on level 2  |3, 13, 8, 13|
bad coloring on level 2  |3, 14, 8, 13|
bad coloring on level 2  |4, 4, 8, 13|
bad coloring on level 2  |4, 6, 8, 13|
bad coloring on level 2  |4, 7, 8, 13|
bad coloring on level 2  |4, 8, 8, 13|
bad coloring on level 2  |4, 11, 8, 13|
bad coloring on level 2  |4, 12, 8, 13|
bad coloring on level 2  |4, 13, 8, 13|
bad coloring on level 2  |4, 15, 8, 13|
bad coloring on level 2  |6, 6, 8, 13|
bad coloring on level 2  |6, 7, 8, 13|
bad coloring on level 2  |6, 8, 8, 13|
bad coloring on level 2  |6, 11, 8, 13|
bad coloring on level 2  |6, 12, 8, 13|
bad coloring on level 2  |6, 15, 8, 13|
bad coloring on level 2  |7, 7, 8, 13|
bad coloring on level 2  |7, 8, 8, 13|
bad coloring on level 2  |7, 9, 8, 13|
bad coloring on level 2  |7, 10, 8, 13|
bad coloring on level 2  |7, 11, 8, 13|
bad coloring on level 2  |7, 12, 8, 13|
bad coloring on level 2  |7, 13, 8, 13|
bad coloring on level 2  |7, 14, 8, 13|
bad coloring on level 2  |7, 15, 8, 13|
bad coloring on level 2  |8, 8, 8, 13|
bad coloring on level 2  |8, 11, 8, 13|
bad coloring on level 2  |8, 12, 8, 13|
bad coloring on level 2  |8, 13, 8, 13|
bad coloring on level 2  |8, 15, 8, 13|
bad coloring on level 2  |9, 9, 8, 13|
bad coloring on level 2  |9, 10, 8, 13|
bad coloring on level 2  |9, 12, 8, 13|
bad coloring on level 2  |9, 13, 8, 13|
bad coloring on level 2  |9, 14, 8, 13|
bad coloring on level 2  |10, 10, 8, 13|
bad coloring on level 2  |10, 12, 8, 13|
bad coloring on level 2  |10, 13, 8, 13|
bad coloring on level 2  |10, 14, 8, 13|
bad coloring on level 2  |11, 11, 8, 13|
bad coloring on level 2  |11, 12, 8, 13|
bad coloring on level 2  |11, 15, 8, 13|
bad coloring on level 2  |12, 12, 8, 13|
bad coloring on level 2  |12, 13, 8, 13|
bad coloring on level 2  |12, 14, 8, 13|
bad coloring on level 2  |12, 15, 8, 13|
bad coloring on level 2  |13, 13, 8, 13|
bad coloring on level 2  |13, 14, 8, 13|
bad coloring on level 2  |14, 14, 8, 13|
bad coloring on level 2  |15, 15, 8, 13|
bad coloring on level 2  |3, 4, 8, 15|
bad coloring on level 2  |8, 13, 8, 15|
bad coloring on level 2  |8, 13, 9, 9|
bad coloring on level 2  |8, 13, 9, 10|
bad coloring on level 2  |0, 8, 9, 12|
bad coloring on level 2  |2, 8, 9, 12|
bad coloring on level 2  |8, 13, 9, 12|
bad coloring on level 2  |8, 13, 9, 13|
bad coloring on level 2  |8, 13, 9, 14|
bad coloring on level 2  |8, 13, 10, 10|
bad coloring on level 2  |0, 8, 10, 12|
bad coloring on level 2  |2, 8, 10, 12|
bad coloring on level 2  |8, 13, 10, 12|
bad coloring on level 2  |8, 13, 10, 13|
bad coloring on level 2  |8, 13, 10, 14|
bad coloring on level 2  |3, 4, 11, 11|
bad coloring on level 2  |8, 13, 11, 11|
bad coloring on level 2  |0, 4, 11, 12|
bad coloring on level 2  |0, 8, 11, 12|
bad coloring on level 2  |2, 4, 11, 12|
bad coloring on level 2  |2, 8, 11, 12|
bad coloring on level 2  |3, 4, 11, 12|
bad coloring on level 2  |4, 13, 11, 12|
bad coloring on level 2  |8, 13, 11, 12|
bad coloring on level 2  |3, 4, 11, 15|
bad coloring on level 2  |8, 13, 11, 15|
bad coloring on level 2  |0, 8, 12, 12|
bad coloring on level 2  |2, 8, 12, 12|
bad coloring on level 2  |8, 13, 12, 12|
bad coloring on level 2  |0, 8, 12, 13|
bad coloring on level 2  |2, 8, 12, 13|
bad coloring on level 2  |2, 11, 12, 13|
bad coloring on level 2  |2, 15, 12, 13|
bad coloring on level 2  |8, 13, 12, 13|
bad coloring on level 2  |0, 8, 12, 14|
bad coloring on level 2  |2, 8, 12, 14|
bad coloring on level 2  |8, 13, 12, 14|
bad coloring on level 2  |0, 4, 12, 15|
bad coloring on level 2  |0, 8, 12, 15|
bad coloring on level 2  |2, 4, 12, 15|
bad coloring on level 2  |2, 8, 12, 15|
bad coloring on level 2  |3, 4, 12, 15|
bad coloring on level 2  |4, 13, 12, 15|
bad coloring on level 2  |8, 13, 12, 15|
bad coloring on level 2  |8, 13, 13, 13|
bad coloring on level 2  |8, 13, 13, 14|
bad coloring on level 2  |8, 13, 14, 14|
bad coloring on level 2  |8, 13, 15, 15|

407 bad colorings on level 2
