Trying substitutions to: 10
with goodVertices 1, 2, 5, 6, 7, 8, 11, 12, 13, 14
bad color to improve: 2  7  with index 36
bad color to improve: 2  11  with index 40
bad color to improve: 7  11  with index 95
3 bad colorings on level 1
bad coloring on level 2  |5, 6, 3, 3|
bad coloring on level 2  |6, 10, 3, 3|
bad coloring on level 2  |9, 15, 3, 3|
bad coloring on level 2  |5, 6, 3, 8|
bad coloring on level 2  |5, 9, 3, 8|
bad coloring on level 2  |6, 10, 3, 8|
bad coloring on level 2  |9, 15, 3, 8|
bad coloring on level 2  |3, 15, 3, 9|
bad coloring on level 2  |5, 6, 3, 9|
bad coloring on level 2  |5, 15, 3, 9|
bad coloring on level 2  |6, 10, 3, 9|
bad coloring on level 2  |6, 15, 3, 9|
bad coloring on level 2  |8, 10, 3, 9|
bad coloring on level 2  |8, 12, 3, 9|
bad coloring on level 2  |8, 15, 3, 9|
bad coloring on level 2  |9, 15, 3, 9|
bad coloring on level 2  |10, 15, 3, 9|
bad coloring on level 2  |12, 15, 3, 9|
bad coloring on level 2  |15, 15, 3, 9|
bad coloring on level 2  |5, 6, 3, 10|
bad coloring on level 2  |6, 10, 3, 10|
bad coloring on level 2  |9, 15, 3, 10|
bad coloring on level 2  |5, 6, 3, 12|
bad coloring on level 2  |6, 9, 3, 12|
bad coloring on level 2  |6, 10, 3, 12|
bad coloring on level 2  |9, 15, 3, 12|
bad coloring on level 2  |5, 6, 3, 13|
bad coloring on level 2  |5, 15, 3, 13|
bad coloring on level 2  |6, 10, 3, 13|
bad coloring on level 2  |9, 15, 3, 13|
bad coloring on level 2  |5, 6, 3, 14|
bad coloring on level 2  |6, 10, 3, 14|
bad coloring on level 2  |6, 15, 3, 14|
bad coloring on level 2  |9, 15, 3, 14|
bad coloring on level 2  |3, 9, 3, 15|
bad coloring on level 2  |5, 6, 3, 15|
bad coloring on level 2  |5, 9, 3, 15|
bad coloring on level 2  |6, 9, 3, 15|
bad coloring on level 2  |6, 10, 3, 15|
bad coloring on level 2  |9, 9, 3, 15|
bad coloring on level 2  |9, 10, 3, 15|
bad coloring on level 2  |9, 13, 3, 15|
bad coloring on level 2  |9, 14, 3, 15|
bad coloring on level 2  |9, 15, 3, 15|
bad coloring on level 2  |10, 13, 3, 15|
bad coloring on level 2  |13, 14, 3, 15|
bad coloring on level 2  |3, 3, 5, 6|
bad coloring on level 2  |3, 8, 5, 6|
bad coloring on level 2  |3, 9, 5, 6|
bad coloring on level 2  |3, 10, 5, 6|
bad coloring on level 2  |3, 12, 5, 6|
bad coloring on level 2  |3, 13, 5, 6|
bad coloring on level 2  |3, 14, 5, 6|
bad coloring on level 2  |3, 15, 5, 6|
bad coloring on level 2  |8, 10, 5, 6|
bad coloring on level 2  |10, 13, 5, 6|
bad coloring on level 2  |3, 8, 5, 9|
bad coloring on level 2  |3, 15, 5, 9|
bad coloring on level 2  |8, 10, 5, 9|
bad coloring on level 2  |8, 12, 5, 9|
bad coloring on level 2  |3, 9, 5, 15|
bad coloring on level 2  |3, 13, 5, 15|
bad coloring on level 2  |10, 13, 5, 15|
bad coloring on level 2  |13, 14, 5, 15|
bad coloring on level 2  |3, 12, 6, 9|
bad coloring on level 2  |3, 15, 6, 9|
bad coloring on level 2  |8, 10, 6, 9|
bad coloring on level 2  |8, 12, 6, 9|
bad coloring on level 2  |3, 3, 6, 10|
bad coloring on level 2  |3, 8, 6, 10|
bad coloring on level 2  |3, 9, 6, 10|
bad coloring on level 2  |3, 10, 6, 10|
bad coloring on level 2  |3, 12, 6, 10|
bad coloring on level 2  |3, 13, 6, 10|
bad coloring on level 2  |3, 14, 6, 10|
bad coloring on level 2  |3, 15, 6, 10|
bad coloring on level 2  |8, 10, 6, 10|
bad coloring on level 2  |8, 12, 6, 10|
bad coloring on level 2  |10, 13, 6, 10|
bad coloring on level 2  |13, 14, 6, 10|
bad coloring on level 2  |3, 9, 6, 15|
bad coloring on level 2  |3, 14, 6, 15|
bad coloring on level 2  |10, 13, 6, 15|
bad coloring on level 2  |13, 14, 6, 15|
bad coloring on level 2  |3, 9, 8, 10|
bad coloring on level 2  |5, 6, 8, 10|
bad coloring on level 2  |5, 9, 8, 10|
bad coloring on level 2  |6, 9, 8, 10|
bad coloring on level 2  |6, 10, 8, 10|
bad coloring on level 2  |9, 9, 8, 10|
bad coloring on level 2  |9, 10, 8, 10|
bad coloring on level 2  |9, 13, 8, 10|
bad coloring on level 2  |9, 14, 8, 10|
bad coloring on level 2  |9, 15, 8, 10|
bad coloring on level 2  |10, 13, 8, 10|
bad coloring on level 2  |13, 14, 8, 10|
bad coloring on level 2  |3, 9, 8, 12|
bad coloring on level 2  |5, 9, 8, 12|
bad coloring on level 2  |6, 9, 8, 12|
bad coloring on level 2  |6, 10, 8, 12|
bad coloring on level 2  |9, 9, 8, 12|
bad coloring on level 2  |9, 10, 8, 12|
bad coloring on level 2  |9, 13, 8, 12|
bad coloring on level 2  |9, 14, 8, 12|
bad coloring on level 2  |9, 15, 8, 12|
bad coloring on level 2  |10, 13, 8, 12|
bad coloring on level 2  |3, 9, 8, 15|
bad coloring on level 2  |9, 14, 8, 15|
bad coloring on level 2  |10, 13, 8, 15|
bad coloring on level 2  |13, 14, 8, 15|
bad coloring on level 2  |3, 15, 9, 9|
bad coloring on level 2  |8, 10, 9, 9|
bad coloring on level 2  |8, 12, 9, 9|
bad coloring on level 2  |3, 15, 9, 10|
bad coloring on level 2  |8, 10, 9, 10|
bad coloring on level 2  |8, 12, 9, 10|
bad coloring on level 2  |3, 15, 9, 13|
bad coloring on level 2  |8, 10, 9, 13|
bad coloring on level 2  |8, 12, 9, 13|
bad coloring on level 2  |12, 15, 9, 13|
bad coloring on level 2  |3, 15, 9, 14|
bad coloring on level 2  |8, 10, 9, 14|
bad coloring on level 2  |8, 12, 9, 14|
bad coloring on level 2  |8, 15, 9, 14|
bad coloring on level 2  |3, 3, 9, 15|
bad coloring on level 2  |3, 8, 9, 15|
bad coloring on level 2  |3, 9, 9, 15|
bad coloring on level 2  |3, 10, 9, 15|
bad coloring on level 2  |3, 12, 9, 15|
bad coloring on level 2  |3, 13, 9, 15|
bad coloring on level 2  |3, 14, 9, 15|
bad coloring on level 2  |3, 15, 9, 15|
bad coloring on level 2  |8, 10, 9, 15|
bad coloring on level 2  |8, 12, 9, 15|
bad coloring on level 2  |10, 13, 9, 15|
bad coloring on level 2  |13, 14, 9, 15|
bad coloring on level 2  |3, 15, 10, 13|
bad coloring on level 2  |5, 6, 10, 13|
bad coloring on level 2  |5, 15, 10, 13|
bad coloring on level 2  |6, 10, 10, 13|
bad coloring on level 2  |6, 15, 10, 13|
bad coloring on level 2  |8, 10, 10, 13|
bad coloring on level 2  |8, 12, 10, 13|
bad coloring on level 2  |8, 15, 10, 13|
bad coloring on level 2  |9, 15, 10, 13|
bad coloring on level 2  |10, 15, 10, 13|
bad coloring on level 2  |12, 15, 10, 13|
bad coloring on level 2  |15, 15, 10, 13|
bad coloring on level 2  |3, 9, 10, 15|
bad coloring on level 2  |10, 13, 10, 15|
bad coloring on level 2  |13, 14, 10, 15|
bad coloring on level 2  |3, 9, 12, 15|
bad coloring on level 2  |9, 13, 12, 15|
bad coloring on level 2  |10, 13, 12, 15|
bad coloring on level 2  |13, 14, 12, 15|
bad coloring on level 2  |3, 15, 13, 14|
bad coloring on level 2  |5, 15, 13, 14|
bad coloring on level 2  |6, 10, 13, 14|
bad coloring on level 2  |6, 15, 13, 14|
bad coloring on level 2  |8, 10, 13, 14|
bad coloring on level 2  |8, 15, 13, 14|
bad coloring on level 2  |9, 15, 13, 14|
bad coloring on level 2  |10, 15, 13, 14|
bad coloring on level 2  |12, 15, 13, 14|
bad coloring on level 2  |15, 15, 13, 14|
bad coloring on level 2  |3, 9, 15, 15|
bad coloring on level 2  |10, 13, 15, 15|
bad coloring on level 2  |13, 14, 15, 15|

168 bad colorings on level 2
