Trying substitutions to: 12
with goodVertices 1, 2, 5, 6, 9, 10, 11, 14, 15
bad color to improve: 6  9  with index 84
bad color to improve: 6  13  with index 88
2 bad colorings on level 1
bad coloring on level 2  |0, 13, 0, 6|
bad coloring on level 2  |12, 13, 0, 6|
bad coloring on level 2  |1, 4, 0, 10|
bad coloring on level 2  |1, 8, 0, 10|
bad coloring on level 2  |4, 12, 0, 10|
bad coloring on level 2  |0, 13, 0, 11|
bad coloring on level 2  |12, 13, 0, 11|
bad coloring on level 2  |0, 6, 0, 13|
bad coloring on level 2  |0, 11, 0, 13|
bad coloring on level 2  |1, 4, 0, 13|
bad coloring on level 2  |1, 6, 0, 13|
bad coloring on level 2  |1, 8, 0, 13|
bad coloring on level 2  |1, 11, 0, 13|
bad coloring on level 2  |1, 15, 0, 13|
bad coloring on level 2  |4, 7, 0, 13|
bad coloring on level 2  |4, 8, 0, 13|
bad coloring on level 2  |4, 11, 0, 13|
bad coloring on level 2  |4, 12, 0, 13|
bad coloring on level 2  |5, 11, 0, 13|
bad coloring on level 2  |6, 7, 0, 13|
bad coloring on level 2  |6, 8, 0, 13|
bad coloring on level 2  |6, 11, 0, 13|
bad coloring on level 2  |6, 12, 0, 13|
bad coloring on level 2  |7, 8, 0, 13|
bad coloring on level 2  |7, 11, 0, 13|
bad coloring on level 2  |7, 15, 0, 13|
bad coloring on level 2  |8, 11, 0, 13|
bad coloring on level 2  |11, 11, 0, 13|
bad coloring on level 2  |11, 12, 0, 13|
bad coloring on level 2  |11, 15, 0, 13|
bad coloring on level 2  |1, 4, 0, 14|
bad coloring on level 2  |1, 8, 0, 14|
bad coloring on level 2  |4, 12, 0, 14|
bad coloring on level 2  |0, 10, 1, 4|
bad coloring on level 2  |0, 13, 1, 4|
bad coloring on level 2  |0, 14, 1, 4|
bad coloring on level 2  |12, 13, 1, 4|
bad coloring on level 2  |0, 13, 1, 6|
bad coloring on level 2  |12, 13, 1, 6|
bad coloring on level 2  |0, 10, 1, 8|
bad coloring on level 2  |0, 13, 1, 8|
bad coloring on level 2  |0, 14, 1, 8|
bad coloring on level 2  |12, 13, 1, 8|
bad coloring on level 2  |0, 13, 1, 11|
bad coloring on level 2  |12, 13, 1, 11|
bad coloring on level 2  |0, 13, 1, 15|
bad coloring on level 2  |12, 13, 1, 15|
bad coloring on level 2  |0, 13, 4, 7|
bad coloring on level 2  |12, 13, 4, 7|
bad coloring on level 2  |0, 13, 4, 8|
bad coloring on level 2  |12, 13, 4, 8|
bad coloring on level 2  |0, 13, 4, 11|
bad coloring on level 2  |12, 13, 4, 11|
bad coloring on level 2  |0, 10, 4, 12|
bad coloring on level 2  |0, 13, 4, 12|
bad coloring on level 2  |0, 14, 4, 12|
bad coloring on level 2  |12, 13, 4, 12|
bad coloring on level 2  |0, 13, 5, 11|
bad coloring on level 2  |12, 13, 5, 11|
bad coloring on level 2  |0, 13, 6, 7|
bad coloring on level 2  |12, 13, 6, 7|
bad coloring on level 2  |0, 13, 6, 8|
bad coloring on level 2  |12, 13, 6, 8|
bad coloring on level 2  |0, 13, 6, 11|
bad coloring on level 2  |12, 13, 6, 11|
bad coloring on level 2  |0, 13, 6, 12|
bad coloring on level 2  |12, 13, 6, 12|
bad coloring on level 2  |0, 13, 7, 8|
bad coloring on level 2  |12, 13, 7, 8|
bad coloring on level 2  |0, 13, 7, 11|
bad coloring on level 2  |12, 13, 7, 11|
bad coloring on level 2  |0, 13, 7, 15|
bad coloring on level 2  |12, 13, 7, 15|
bad coloring on level 2  |0, 13, 8, 11|
bad coloring on level 2  |12, 13, 8, 11|
bad coloring on level 2  |0, 13, 11, 11|
bad coloring on level 2  |12, 13, 11, 11|
bad coloring on level 2  |0, 13, 11, 12|
bad coloring on level 2  |12, 13, 11, 12|
bad coloring on level 2  |0, 13, 11, 15|
bad coloring on level 2  |12, 13, 11, 15|
bad coloring on level 2  |0, 6, 12, 13|
bad coloring on level 2  |0, 11, 12, 13|
bad coloring on level 2  |1, 4, 12, 13|
bad coloring on level 2  |1, 6, 12, 13|
bad coloring on level 2  |1, 8, 12, 13|
bad coloring on level 2  |1, 11, 12, 13|
bad coloring on level 2  |1, 15, 12, 13|
bad coloring on level 2  |4, 7, 12, 13|
bad coloring on level 2  |4, 8, 12, 13|
bad coloring on level 2  |4, 11, 12, 13|
bad coloring on level 2  |4, 12, 12, 13|
bad coloring on level 2  |5, 11, 12, 13|
bad coloring on level 2  |6, 7, 12, 13|
bad coloring on level 2  |6, 8, 12, 13|
bad coloring on level 2  |6, 11, 12, 13|
bad coloring on level 2  |6, 12, 12, 13|
bad coloring on level 2  |7, 8, 12, 13|
bad coloring on level 2  |7, 11, 12, 13|
bad coloring on level 2  |7, 15, 12, 13|
bad coloring on level 2  |8, 11, 12, 13|
bad coloring on level 2  |11, 11, 12, 13|
bad coloring on level 2  |11, 12, 12, 13|
bad coloring on level 2  |11, 15, 12, 13|

104 bad colorings on level 2
