Trying substitutions to: 9
with goodVertices 1, 2, 4, 5, 6, 7, 8, 11, 12, 13, 15
bad color to improve: 1  4  with index 19
bad color to improve: 1  6  with index 21
bad color to improve: 1  8  with index 23
bad color to improve: 1  11  with index 26
bad color to improve: 1  15  with index 30
bad color to improve: 4  11  with index 65
bad color to improve: 4  12  with index 66
bad color to improve: 6  7  with index 82
bad color to improve: 6  8  with index 83
bad color to improve: 7  11  with index 95
bad color to improve: 7  15  with index 99
bad color to improve: 8  11  with index 103
12 bad colorings on level 1
Solved config  |4, 11| descendents: 
|1, 5, 9, 10, 12, 14 |---| 3, 9, 10, 13, 14|
|3, 3, 1, 1|---> |1, 3| possibles  |15|
|3, 9, 1, 1|---> |1, 3| possibles  |15|
|3, 10, 1, 1|---> |2, 3| possibles  |15|
|3, 13, 1, 1|---> |5, 9| possibles  |4, 7, 8|
|3, 14, 1, 1|---> |4, 6| possibles  |9, 10, 12, 14|
|9, 9, 1, 1|---> |1, 3| possibles  |15|
|9, 10, 1, 1|---> |3, 4| possibles  |1, 5|
|9, 13, 1, 1|---> |4, 6| possibles  |9, 10, 12, 14|
|9, 14, 1, 1|---> |3, 4| possibles  |1, 5|
|10, 10, 1, 1|---> |2, 3| possibles  |15|
|10, 13, 1, 1|---> |4, 6| possibles  |9, 10, 12, 14|
|10, 14, 1, 1|---> |3, 4| possibles  |1, 5|
|13, 13, 1, 1|---> |5, 9| possibles  |4, 7, 8|
|13, 14, 1, 1|---> |4, 6| possibles  |9, 10, 12, 14|
|14, 14, 1, 1|---> |3, 4| possibles  |1, 5|
|3, 3, 1, 5|---> |1, 3| possibles  |15|
|3, 9, 1, 5|---> |1, 3| possibles  |15|
|3, 10, 1, 5|---> |2, 3| possibles  |15|
|3, 13, 1, 5|---> |4, 6| possibles  |9, 10, 12, 14|
|3, 14, 1, 5|---> |4, 6| possibles  |9, 10, 12, 14|
|9, 9, 1, 5|---> |1, 3| possibles  |15|
|9, 10, 1, 5|---> |3, 4| possibles  |1, 5|
|9, 13, 1, 5|---> |4, 6| possibles  |9, 10, 12, 14|
|9, 14, 1, 5|---> |3, 4| possibles  |1, 5|
|10, 10, 1, 5|---> |2, 3| possibles  |15|
|10, 13, 1, 5|---> |4, 6| possibles  |9, 10, 12, 14|
|10, 14, 1, 5|---> |3, 4| possibles  |1, 5|
|13, 13, 1, 5|---> |4, 6| possibles  |9, 10, 12, 14|
|13, 14, 1, 5|---> |4, 6| possibles  |9, 10, 12, 14|
|14, 14, 1, 5|---> |3, 4| possibles  |1, 5|
|3, 3, 1, 9|---> |2, 4| possibles  |10, 12|
|3, 9, 1, 9|---> |4, 6| possibles  |9, 10, 12, 14|
|3, 10, 1, 9|---> |2, 4| possibles  |10, 12|
|3, 13, 1, 9|---> |5, 15| possibles  |3, 7, 13|
|3, 14, 1, 9|---> |4, 6| possibles  |9, 10, 12, 14|
|9, 9, 1, 9|---> |4, 4| possibles  |1, 5, 9, 10, 12, 14|
|9, 10, 1, 9|---> |4, 4| possibles  |1, 5, 9, 10, 12, 14|
|9, 13, 1, 9|---> |4, 6| possibles  |9, 10, 12, 14|
|9, 14, 1, 9|---> |4, 4| possibles  |1, 5, 9, 10, 12, 14|
|10, 10, 1, 9|---> |2, 4| possibles  |10, 12|
|10, 13, 1, 9|---> |4, 6| possibles  |9, 10, 12, 14|
|10, 14, 1, 9|---> |4, 4| possibles  |1, 5, 9, 10, 12, 14|
|13, 13, 1, 9|---> |5, 15| possibles  |3, 7, 13|
|13, 14, 1, 9|---> |4, 6| possibles  |9, 10, 12, 14|
|14, 14, 1, 9|---> |4, 4| possibles  |1, 5, 9, 10, 12, 14|
|3, 3, 1, 10|---> |2, 4| possibles  |10, 12|
|3, 9, 1, 10|---> |4, 6| possibles  |9, 10, 12, 14|
|3, 10, 1, 10|---> |2, 4| possibles  |10, 12|
|3, 13, 1, 10|---> |5, 15| possibles  |3, 7, 13|
|3, 14, 1, 10|---> |4, 6| possibles  |9, 10, 12, 14|
|9, 9, 1, 10|---> |4, 4| possibles  |1, 5, 9, 10, 12, 14|
|9, 10, 1, 10|---> |4, 4| possibles  |1, 5, 9, 10, 12, 14|
|9, 13, 1, 10|---> |4, 6| possibles  |9, 10, 12, 14|
|9, 14, 1, 10|---> |4, 4| possibles  |1, 5, 9, 10, 12, 14|
|10, 10, 1, 10|---> |2, 4| possibles  |10, 12|
|10, 13, 1, 10|---> |4, 6| possibles  |9, 10, 12, 14|
|10, 14, 1, 10|---> |4, 4| possibles  |1, 5, 9, 10, 12, 14|
|13, 13, 1, 10|---> |5, 15| possibles  |3, 7, 13|
|13, 14, 1, 10|---> |4, 6| possibles  |9, 10, 12, 14|
|14, 14, 1, 10|---> |4, 4| possibles  |1, 5, 9, 10, 12, 14|
|3, 3, 1, 12|---> |1, 9| possibles  |4, 15|
|3, 9, 1, 12|---> |1, 9| possibles  |4, 15|
|3, 10, 1, 12|---> |2, 4| possibles  |10, 12|
|3, 13, 1, 12|---> |5, 9| possibles  |4, 7, 8|
|3, 14, 1, 12|---> |4, 6| possibles  |9, 10, 12, 14|
|9, 9, 1, 12|---> |1, 9| possibles  |4, 15|
|9, 10, 1, 12|---> |4, 4| possibles  |1, 5, 9, 10, 12, 14|
|9, 13, 1, 12|---> |4, 6| possibles  |9, 10, 12, 14|
|9, 14, 1, 12|---> |4, 4| possibles  |1, 5, 9, 10, 12, 14|
|10, 10, 1, 12|---> |2, 4| possibles  |10, 12|
|10, 13, 1, 12|---> |4, 6| possibles  |9, 10, 12, 14|
|10, 14, 1, 12|---> |4, 4| possibles  |1, 5, 9, 10, 12, 14|
|13, 13, 1, 12|---> |5, 9| possibles  |4, 7, 8|
|13, 14, 1, 12|---> |4, 6| possibles  |9, 10, 12, 14|
|14, 14, 1, 12|---> |4, 4| possibles  |1, 5, 9, 10, 12, 14|
|3, 3, 1, 14|---> |2, 4| possibles  |10, 12|
|3, 9, 1, 14|---> |4, 6| possibles  |9, 10, 12, 14|
|3, 10, 1, 14|---> |2, 4| possibles  |10, 12|
|3, 13, 1, 14|---> |5, 15| possibles  |3, 7, 13|
|3, 14, 1, 14|---> |4, 6| possibles  |9, 10, 12, 14|
|9, 9, 1, 14|---> |4, 4| possibles  |1, 5, 9, 10, 12, 14|
|9, 10, 1, 14|---> |4, 4| possibles  |1, 5, 9, 10, 12, 14|
|9, 13, 1, 14|---> |4, 6| possibles  |9, 10, 12, 14|
|9, 14, 1, 14|---> |4, 4| possibles  |1, 5, 9, 10, 12, 14|
|10, 10, 1, 14|---> |2, 4| possibles  |10, 12|
|10, 13, 1, 14|---> |4, 6| possibles  |9, 10, 12, 14|
|10, 14, 1, 14|---> |4, 4| possibles  |1, 5, 9, 10, 12, 14|
|13, 13, 1, 14|---> |5, 15| possibles  |3, 7, 13|
|13, 14, 1, 14|---> |4, 6| possibles  |9, 10, 12, 14|
|14, 14, 1, 14|---> |4, 4| possibles  |1, 5, 9, 10, 12, 14|
|1, 1, 3, 3|---> |1, 3| possibles  |15|
|1, 5, 3, 3|---> |1, 3| possibles  |15|
|1, 9, 3, 3|---> |2, 4| possibles  |10, 12|
|1, 10, 3, 3|---> |2, 4| possibles  |10, 12|
|1, 12, 3, 3|---> |2, 4| possibles  |10, 12|
|1, 14, 3, 3|---> |2, 4| possibles  |10, 12|
|5, 5, 3, 3|---> |1, 3| possibles  |15|
|5, 9, 3, 3|---> |2, 4| possibles  |10, 12|
|5, 10, 3, 3|---> |2, 4| possibles  |10, 12|
|5, 12, 3, 3|---> |2, 4| possibles  |10, 12|
|5, 14, 3, 3|---> |2, 4| possibles  |10, 12|
|9, 9, 3, 3|---> |1, 1| possibles  |0, 3, 4, 9, 15|
|9, 10, 3, 3|---> |2, 4| possibles  |10, 12|
|9, 12, 3, 3|---> |2, 4| possibles  |10, 12|
|9, 14, 3, 3|---> |2, 4| possibles  |10, 12|
|10, 10, 3, 3|---> |1, 2| possibles  |3, 15|
|10, 12, 3, 3|---> |1, 2| possibles  |3, 15|
|10, 14, 3, 3|---> |2, 4| possibles  |10, 12|
|12, 12, 3, 3|---> |1, 2| possibles  |3, 15|
|12, 14, 3, 3|---> |2, 4| possibles  |10, 12|
|14, 14, 3, 3|---> |2, 4| possibles  |10, 12|
|1, 1, 3, 9|---> |1, 3| possibles  |15|
|1, 5, 3, 9|---> |1, 3| possibles  |15|
|1, 9, 3, 9|---> |4, 6| possibles  |9, 10, 12, 14|
|1, 10, 3, 9|---> |4, 6| possibles  |9, 10, 12, 14|
|1, 12, 3, 9|---> |4, 6| possibles  |9, 10, 12, 14|
|1, 14, 3, 9|---> |4, 6| possibles  |9, 10, 12, 14|
|5, 5, 3, 9|---> |1, 3| possibles  |15|
|5, 9, 3, 9|---> |4, 6| possibles  |9, 10, 12, 14|
|5, 10, 3, 9|---> |4, 6| possibles  |9, 10, 12, 14|
|5, 12, 3, 9|---> |4, 6| possibles  |9, 10, 12, 14|
|5, 14, 3, 9|---> |4, 6| possibles  |9, 10, 12, 14|
|9, 9, 3, 9|---> |1, 1| possibles  |0, 3, 4, 9, 15|
|9, 10, 3, 9|---> |4, 6| possibles  |9, 10, 12, 14|
|9, 12, 3, 9|---> |4, 6| possibles  |9, 10, 12, 14|
|9, 14, 3, 9|---> |4, 6| possibles  |9, 10, 12, 14|
|10, 10, 3, 9|---> |1, 2| possibles  |3, 15|
|10, 12, 3, 9|---> |1, 2| possibles  |3, 15|
|10, 14, 3, 9|---> |4, 6| possibles  |9, 10, 12, 14|
|12, 12, 3, 9|---> |1, 2| possibles  |3, 15|
|12, 14, 3, 9|---> |4, 6| possibles  |9, 10, 12, 14|
|14, 14, 3, 9|---> |4, 6| possibles  |9, 10, 12, 14|
|1, 1, 3, 10|---> |2, 3| possibles  |15|
|1, 5, 3, 10|---> |2, 3| possibles  |15|
|1, 9, 3, 10|---> |2, 4| possibles  |10, 12|
|1, 10, 3, 10|---> |2, 4| possibles  |10, 12|
|1, 12, 3, 10|---> |2, 4| possibles  |10, 12|
|1, 14, 3, 10|---> |2, 4| possibles  |10, 12|
|5, 5, 3, 10|---> |2, 3| possibles  |15|
|5, 9, 3, 10|---> |2, 4| possibles  |10, 12|
|5, 10, 3, 10|---> |2, 4| possibles  |10, 12|
|5, 12, 3, 10|---> |2, 4| possibles  |10, 12|
|5, 14, 3, 10|---> |2, 4| possibles  |10, 12|
|9, 9, 3, 10|---> |1, 2| possibles  |3, 15|
|9, 10, 3, 10|---> |2, 4| possibles  |10, 12|
|9, 12, 3, 10|---> |2, 4| possibles  |10, 12|
|9, 14, 3, 10|---> |2, 4| possibles  |10, 12|
|10, 10, 3, 10|---> |2, 2| possibles  |3, 8, 10, 12, 15|
|10, 12, 3, 10|---> |2, 2| possibles  |3, 8, 10, 12, 15|
|10, 14, 3, 10|---> |2, 4| possibles  |10, 12|
|12, 12, 3, 10|---> |2, 2| possibles  |3, 8, 10, 12, 15|
|12, 14, 3, 10|---> |2, 4| possibles  |10, 12|
|14, 14, 3, 10|---> |2, 4| possibles  |10, 12|
|1, 1, 3, 13|---> |3, 15| possibles  |1, 2|
|1, 5, 3, 13|---> |3, 15| possibles  |1, 2|
|1, 9, 3, 13|---> |4, 6| possibles  |9, 10, 12, 14|
|1, 10, 3, 13|---> |4, 6| possibles  |9, 10, 12, 14|
|1, 12, 3, 13|---> |4, 6| possibles  |9, 10, 12, 14|
|1, 14, 3, 13|---> |4, 6| possibles  |9, 10, 12, 14|
|5, 5, 3, 13|---> |3, 15| possibles  |1, 2|
|5, 9, 3, 13|---> |4, 6| possibles  |9, 10, 12, 14|
|5, 10, 3, 13|---> |4, 6| possibles  |9, 10, 12, 14|
|5, 12, 3, 13|---> |4, 6| possibles  |9, 10, 12, 14|
|5, 14, 3, 13|---> |4, 6| possibles  |9, 10, 12, 14|
|9, 9, 3, 13|---> |1, 5| possibles  |3, 4|
|9, 10, 3, 13|---> |4, 6| possibles  |9, 10, 12, 14|
|9, 12, 3, 13|---> |4, 6| possibles  |9, 10, 12, 14|
|9, 14, 3, 13|---> |4, 6| possibles  |9, 10, 12, 14|
|10, 10, 3, 13|---> |2, 5| possibles  |3, 8|
|10, 12, 3, 13|---> |2, 5| possibles  |3, 8|
|10, 14, 3, 13|---> |4, 6| possibles  |9, 10, 12, 14|
|12, 12, 3, 13|---> |2, 5| possibles  |3, 8|
|12, 14, 3, 13|---> |4, 6| possibles  |9, 10, 12, 14|
|14, 14, 3, 13|---> |4, 6| possibles  |9, 10, 12, 14|
|1, 1, 3, 14|---> |3, 15| possibles  |1, 2|
|1, 5, 3, 14|---> |3, 15| possibles  |1, 2|
|1, 9, 3, 14|---> |4, 6| possibles  |9, 10, 12, 14|
|1, 10, 3, 14|---> |4, 6| possibles  |9, 10, 12, 14|
|1, 12, 3, 14|---> |4, 6| possibles  |9, 10, 12, 14|
|1, 14, 3, 14|---> |4, 6| possibles  |9, 10, 12, 14|
|5, 5, 3, 14|---> |3, 15| possibles  |1, 2|
|5, 9, 3, 14|---> |4, 6| possibles  |9, 10, 12, 14|
|5, 10, 3, 14|---> |4, 6| possibles  |9, 10, 12, 14|
|5, 12, 3, 14|---> |4, 6| possibles  |9, 10, 12, 14|
|5, 14, 3, 14|---> |4, 6| possibles  |9, 10, 12, 14|
|9, 9, 3, 14|---> |4, 6| possibles  |9, 10, 12, 14|
|9, 10, 3, 14|---> |4, 6| possibles  |9, 10, 12, 14|
|9, 12, 3, 14|---> |4, 6| possibles  |9, 10, 12, 14|
|9, 14, 3, 14|---> |4, 6| possibles  |9, 10, 12, 14|
|10, 10, 3, 14|---> |2, 6| possibles  |3, 10, 12|
|10, 12, 3, 14|---> |2, 6| possibles  |3, 10, 12|
|10, 14, 3, 14|---> |4, 6| possibles  |9, 10, 12, 14|
|12, 12, 3, 14|---> |2, 6| possibles  |3, 10, 12|
|12, 14, 3, 14|---> |4, 6| possibles  |9, 10, 12, 14|
|14, 14, 3, 14|---> |4, 6| possibles  |9, 10, 12, 14|
|3, 3, 5, 5|---> |1, 3| possibles  |15|
|3, 9, 5, 5|---> |1, 3| possibles  |15|
|3, 10, 5, 5|---> |2, 3| possibles  |15|
|3, 13, 5, 5|---> |4, 6| possibles  |9, 10, 12, 14|
|3, 14, 5, 5|---> |4, 6| possibles  |9, 10, 12, 14|
|9, 9, 5, 5|---> |1, 3| possibles  |15|
|9, 10, 5, 5|---> |3, 4| possibles  |1, 5|
|9, 13, 5, 5|---> |4, 6| possibles  |9, 10, 12, 14|
|9, 14, 5, 5|---> |3, 4| possibles  |1, 5|
|10, 10, 5, 5|---> |2, 3| possibles  |15|
|10, 13, 5, 5|---> |4, 6| possibles  |9, 10, 12, 14|
|10, 14, 5, 5|---> |3, 4| possibles  |1, 5|
|13, 13, 5, 5|---> |4, 6| possibles  |9, 10, 12, 14|
|13, 14, 5, 5|---> |4, 6| possibles  |9, 10, 12, 14|
|14, 14, 5, 5|---> |3, 4| possibles  |1, 5|
|3, 3, 5, 9|---> |1, 7| possibles  |9, 15|
|3, 9, 5, 9|---> |1, 7| possibles  |9, 15|
|3, 10, 5, 9|---> |2, 4| possibles  |10, 12|
|3, 13, 5, 9|---> |4, 6| possibles  |9, 10, 12, 14|
|3, 14, 5, 9|---> |4, 6| possibles  |9, 10, 12, 14|
|9, 9, 5, 9|---> |1, 7| possibles  |9, 15|
|9, 10, 5, 9|---> |4, 4| possibles  |1, 5, 9, 10, 12, 14|
|9, 13, 5, 9|---> |4, 6| possibles  |9, 10, 12, 14|
|9, 14, 5, 9|---> |4, 4| possibles  |1, 5, 9, 10, 12, 14|
|10, 10, 5, 9|---> |2, 4| possibles  |10, 12|
|10, 13, 5, 9|---> |4, 6| possibles  |9, 10, 12, 14|
|10, 14, 5, 9|---> |4, 4| possibles  |1, 5, 9, 10, 12, 14|
|13, 13, 5, 9|---> |4, 6| possibles  |9, 10, 12, 14|
|13, 14, 5, 9|---> |4, 6| possibles  |9, 10, 12, 14|
|14, 14, 5, 9|---> |4, 4| possibles  |1, 5, 9, 10, 12, 14|
|3, 3, 5, 10|---> |1, 7| possibles  |9, 15|
|3, 9, 5, 10|---> |1, 7| possibles  |9, 15|
|3, 10, 5, 10|---> |2, 4| possibles  |10, 12|
|3, 13, 5, 10|---> |4, 6| possibles  |9, 10, 12, 14|
|3, 14, 5, 10|---> |4, 6| possibles  |9, 10, 12, 14|
|9, 9, 5, 10|---> |1, 7| possibles  |9, 15|
|9, 10, 5, 10|---> |4, 4| possibles  |1, 5, 9, 10, 12, 14|
|9, 13, 5, 10|---> |4, 6| possibles  |9, 10, 12, 14|
|9, 14, 5, 10|---> |4, 4| possibles  |1, 5, 9, 10, 12, 14|
|10, 10, 5, 10|---> |2, 4| possibles  |10, 12|
|10, 13, 5, 10|---> |4, 6| possibles  |9, 10, 12, 14|
|10, 14, 5, 10|---> |4, 4| possibles  |1, 5, 9, 10, 12, 14|
|13, 13, 5, 10|---> |4, 6| possibles  |9, 10, 12, 14|
|13, 14, 5, 10|---> |4, 6| possibles  |9, 10, 12, 14|
|14, 14, 5, 10|---> |4, 4| possibles  |1, 5, 9, 10, 12, 14|
|3, 3, 5, 12|---> |1, 13| possibles  |0, 15|
|3, 9, 5, 12|---> |1, 13| possibles  |0, 15|
|3, 10, 5, 12|---> |2, 4| possibles  |10, 12|
|3, 13, 5, 12|---> |4, 6| possibles  |9, 10, 12, 14|
|3, 14, 5, 12|---> |4, 6| possibles  |9, 10, 12, 14|
|9, 9, 5, 12|---> |1, 13| possibles  |0, 15|
|9, 10, 5, 12|---> |4, 4| possibles  |1, 5, 9, 10, 12, 14|
|9, 13, 5, 12|---> |4, 6| possibles  |9, 10, 12, 14|
|9, 14, 5, 12|---> |4, 4| possibles  |1, 5, 9, 10, 12, 14|
|10, 10, 5, 12|---> |2, 4| possibles  |10, 12|
|10, 13, 5, 12|---> |4, 6| possibles  |9, 10, 12, 14|
|10, 14, 5, 12|---> |4, 4| possibles  |1, 5, 9, 10, 12, 14|
|13, 13, 5, 12|---> |4, 6| possibles  |9, 10, 12, 14|
|13, 14, 5, 12|---> |4, 6| possibles  |9, 10, 12, 14|
|14, 14, 5, 12|---> |4, 4| possibles  |1, 5, 9, 10, 12, 14|
|3, 3, 5, 14|---> |2, 4| possibles  |10, 12|
|3, 9, 5, 14|---> |4, 6| possibles  |9, 10, 12, 14|
|3, 10, 5, 14|---> |2, 4| possibles  |10, 12|
|3, 13, 5, 14|---> |4, 6| possibles  |9, 10, 12, 14|
|3, 14, 5, 14|---> |4, 6| possibles  |9, 10, 12, 14|
|9, 9, 5, 14|---> |4, 4| possibles  |1, 5, 9, 10, 12, 14|
|9, 10, 5, 14|---> |4, 4| possibles  |1, 5, 9, 10, 12, 14|
|9, 13, 5, 14|---> |4, 6| possibles  |9, 10, 12, 14|
|9, 14, 5, 14|---> |4, 4| possibles  |1, 5, 9, 10, 12, 14|
|10, 10, 5, 14|---> |2, 4| possibles  |10, 12|
|10, 13, 5, 14|---> |4, 6| possibles  |9, 10, 12, 14|
|10, 14, 5, 14|---> |4, 4| possibles  |1, 5, 9, 10, 12, 14|
|13, 13, 5, 14|---> |4, 6| possibles  |9, 10, 12, 14|
|13, 14, 5, 14|---> |4, 6| possibles  |9, 10, 12, 14|
|14, 14, 5, 14|---> |4, 4| possibles  |1, 5, 9, 10, 12, 14|
|1, 1, 9, 9|---> |1, 3| possibles  |15|
|1, 5, 9, 9|---> |1, 3| possibles  |15|
|1, 9, 9, 9|---> |4, 4| possibles  |1, 5, 9, 10, 12, 14|
|1, 10, 9, 9|---> |4, 4| possibles  |1, 5, 9, 10, 12, 14|
|1, 12, 9, 9|---> |4, 4| possibles  |1, 5, 9, 10, 12, 14|
|1, 14, 9, 9|---> |4, 4| possibles  |1, 5, 9, 10, 12, 14|
|3, 3, 9, 9|---> |1, 1| possibles  |0, 3, 4, 9, 15|
|3, 9, 9, 9|---> |1, 1| possibles  |0, 3, 4, 9, 15|
|3, 10, 9, 9|---> |1, 2| possibles  |3, 15|
|3, 13, 9, 9|---> |1, 5| possibles  |3, 4|
|3, 14, 9, 9|---> |4, 6| possibles  |9, 10, 12, 14|
|5, 5, 9, 9|---> |1, 3| possibles  |15|
|5, 9, 9, 9|---> |4, 4| possibles  |1, 5, 9, 10, 12, 14|
|5, 10, 9, 9|---> |4, 4| possibles  |1, 5, 9, 10, 12, 14|
|5, 12, 9, 9|---> |4, 4| possibles  |1, 5, 9, 10, 12, 14|
|5, 14, 9, 9|---> |4, 4| possibles  |1, 5, 9, 10, 12, 14|
|9, 9, 9, 9|---> |1, 1| possibles  |0, 3, 4, 9, 15|
|9, 9, 9, 9|---> |1, 1| possibles  |0, 3, 4, 9, 15|
|9, 10, 9, 9|---> |4, 4| possibles  |1, 5, 9, 10, 12, 14|
|9, 10, 9, 9|---> |4, 4| possibles  |1, 5, 9, 10, 12, 14|
|9, 12, 9, 9|---> |4, 4| possibles  |1, 5, 9, 10, 12, 14|
|9, 13, 9, 9|---> |4, 6| possibles  |9, 10, 12, 14|
|9, 14, 9, 9|---> |4, 4| possibles  |1, 5, 9, 10, 12, 14|
|9, 14, 9, 9|---> |4, 4| possibles  |1, 5, 9, 10, 12, 14|
|10, 10, 9, 9|---> |1, 2| possibles  |3, 15|
|10, 10, 9, 9|---> |1, 2| possibles  |3, 15|
|10, 12, 9, 9|---> |1, 2| possibles  |3, 15|
|10, 13, 9, 9|---> |4, 6| possibles  |9, 10, 12, 14|
|10, 14, 9, 9|---> |4, 4| possibles  |1, 5, 9, 10, 12, 14|
|10, 14, 9, 9|---> |4, 4| possibles  |1, 5, 9, 10, 12, 14|
|12, 12, 9, 9|---> |1, 2| possibles  |3, 15|
|12, 14, 9, 9|---> |4, 4| possibles  |1, 5, 9, 10, 12, 14|
|13, 13, 9, 9|---> |1, 5| possibles  |3, 4|
|13, 14, 9, 9|---> |4, 6| possibles  |9, 10, 12, 14|
|14, 14, 9, 9|---> |4, 4| possibles  |1, 5, 9, 10, 12, 14|
|14, 14, 9, 9|---> |4, 4| possibles  |1, 5, 9, 10, 12, 14|
|1, 1, 9, 10|---> |3, 4| possibles  |1, 5|
|1, 5, 9, 10|---> |3, 4| possibles  |1, 5|
|1, 9, 9, 10|---> |4, 4| possibles  |1, 5, 9, 10, 12, 14|
|1, 10, 9, 10|---> |4, 4| possibles  |1, 5, 9, 10, 12, 14|
|1, 12, 9, 10|---> |4, 4| possibles  |1, 5, 9, 10, 12, 14|
|1, 14, 9, 10|---> |4, 4| possibles  |1, 5, 9, 10, 12, 14|
|3, 3, 9, 10|---> |1, 7| possibles  |9, 15|
|3, 9, 9, 10|---> |1, 7| possibles  |9, 15|
|3, 10, 9, 10|---> |2, 4| possibles  |10, 12|
|3, 13, 9, 10|---> |5, 6| possibles  |3, 7, 13|
|3, 14, 9, 10|---> |4, 6| possibles  |9, 10, 12, 14|
|5, 5, 9, 10|---> |3, 4| possibles  |1, 5|
|5, 9, 9, 10|---> |4, 4| possibles  |1, 5, 9, 10, 12, 14|
|5, 10, 9, 10|---> |4, 4| possibles  |1, 5, 9, 10, 12, 14|
|5, 12, 9, 10|---> |4, 4| possibles  |1, 5, 9, 10, 12, 14|
|5, 14, 9, 10|---> |4, 4| possibles  |1, 5, 9, 10, 12, 14|
|9, 9, 9, 10|---> |1, 7| possibles  |9, 15|
|9, 9, 9, 10|---> |1, 7| possibles  |9, 15|
|9, 10, 9, 10|---> |4, 4| possibles  |1, 5, 9, 10, 12, 14|
|9, 10, 9, 10|---> |4, 4| possibles  |1, 5, 9, 10, 12, 14|
|9, 12, 9, 10|---> |4, 4| possibles  |1, 5, 9, 10, 12, 14|
|9, 13, 9, 10|---> |4, 6| possibles  |9, 10, 12, 14|
|9, 14, 9, 10|---> |4, 4| possibles  |1, 5, 9, 10, 12, 14|
|9, 14, 9, 10|---> |4, 4| possibles  |1, 5, 9, 10, 12, 14|
|10, 10, 9, 10|---> |2, 4| possibles  |10, 12|
|10, 10, 9, 10|---> |2, 4| possibles  |10, 12|
|10, 12, 9, 10|---> |2, 4| possibles  |10, 12|
|10, 13, 9, 10|---> |4, 6| possibles  |9, 10, 12, 14|
|10, 14, 9, 10|---> |4, 4| possibles  |1, 5, 9, 10, 12, 14|
|10, 14, 9, 10|---> |4, 4| possibles  |1, 5, 9, 10, 12, 14|
|12, 12, 9, 10|---> |2, 4| possibles  |10, 12|
|12, 14, 9, 10|---> |4, 4| possibles  |1, 5, 9, 10, 12, 14|
|13, 13, 9, 10|---> |5, 6| possibles  |3, 7, 13|
|13, 14, 9, 10|---> |4, 6| possibles  |9, 10, 12, 14|
|14, 14, 9, 10|---> |4, 4| possibles  |1, 5, 9, 10, 12, 14|
|14, 14, 9, 10|---> |4, 4| possibles  |1, 5, 9, 10, 12, 14|
|3, 3, 9, 12|---> |2, 4| possibles  |10, 12|
|3, 9, 9, 12|---> |4, 6| possibles  |9, 10, 12, 14|
|3, 10, 9, 12|---> |2, 4| possibles  |10, 12|
|3, 13, 9, 12|---> |5, 6| possibles  |3, 7, 13|
|3, 14, 9, 12|---> |4, 6| possibles  |9, 10, 12, 14|
|9, 9, 9, 12|---> |4, 4| possibles  |1, 5, 9, 10, 12, 14|
|9, 10, 9, 12|---> |4, 4| possibles  |1, 5, 9, 10, 12, 14|
|9, 13, 9, 12|---> |4, 6| possibles  |9, 10, 12, 14|
|9, 14, 9, 12|---> |4, 4| possibles  |1, 5, 9, 10, 12, 14|
|10, 10, 9, 12|---> |2, 4| possibles  |10, 12|
|10, 13, 9, 12|---> |4, 6| possibles  |9, 10, 12, 14|
|10, 14, 9, 12|---> |4, 4| possibles  |1, 5, 9, 10, 12, 14|
|13, 13, 9, 12|---> |5, 6| possibles  |3, 7, 13|
|13, 14, 9, 12|---> |4, 6| possibles  |9, 10, 12, 14|
|14, 14, 9, 12|---> |4, 4| possibles  |1, 5, 9, 10, 12, 14|
|1, 1, 9, 13|---> |3, 12| possibles  |2, 6|
|1, 5, 9, 13|---> |3, 12| possibles  |2, 6|
|1, 9, 9, 13|---> |4, 6| possibles  |9, 10, 12, 14|
|1, 10, 9, 13|---> |4, 6| possibles  |9, 10, 12, 14|
|1, 12, 9, 13|---> |4, 6| possibles  |9, 10, 12, 14|
|1, 14, 9, 13|---> |4, 6| possibles  |9, 10, 12, 14|
|5, 5, 9, 13|---> |3, 12| possibles  |2, 6|
|5, 9, 9, 13|---> |4, 6| possibles  |9, 10, 12, 14|
|5, 10, 9, 13|---> |4, 6| possibles  |9, 10, 12, 14|
|5, 12, 9, 13|---> |4, 6| possibles  |9, 10, 12, 14|
|5, 14, 9, 13|---> |4, 6| possibles  |9, 10, 12, 14|
|9, 9, 9, 13|---> |1, 12| possibles  |4, 9|
|9, 10, 9, 13|---> |4, 6| possibles  |9, 10, 12, 14|
|9, 12, 9, 13|---> |4, 6| possibles  |9, 10, 12, 14|
|9, 14, 9, 13|---> |4, 6| possibles  |9, 10, 12, 14|
|10, 10, 9, 13|---> |2, 6| possibles  |3, 10, 12|
|10, 12, 9, 13|---> |2, 6| possibles  |3, 10, 12|
|10, 14, 9, 13|---> |4, 6| possibles  |9, 10, 12, 14|
|12, 12, 9, 13|---> |2, 6| possibles  |3, 10, 12|
|12, 14, 9, 13|---> |4, 6| possibles  |9, 10, 12, 14|
|14, 14, 9, 13|---> |4, 6| possibles  |9, 10, 12, 14|
|1, 1, 9, 14|---> |3, 4| possibles  |1, 5|
|1, 5, 9, 14|---> |3, 4| possibles  |1, 5|
|1, 9, 9, 14|---> |4, 4| possibles  |1, 5, 9, 10, 12, 14|
|1, 10, 9, 14|---> |4, 4| possibles  |1, 5, 9, 10, 12, 14|
|1, 12, 9, 14|---> |4, 4| possibles  |1, 5, 9, 10, 12, 14|
|1, 14, 9, 14|---> |4, 4| possibles  |1, 5, 9, 10, 12, 14|
|3, 3, 9, 14|---> |2, 4| possibles  |10, 12|
|3, 9, 9, 14|---> |4, 6| possibles  |9, 10, 12, 14|
|3, 10, 9, 14|---> |2, 4| possibles  |10, 12|
|3, 13, 9, 14|---> |5, 6| possibles  |3, 7, 13|
|3, 14, 9, 14|---> |4, 6| possibles  |9, 10, 12, 14|
|5, 5, 9, 14|---> |3, 4| possibles  |1, 5|
|5, 9, 9, 14|---> |4, 4| possibles  |1, 5, 9, 10, 12, 14|
|5, 10, 9, 14|---> |4, 4| possibles  |1, 5, 9, 10, 12, 14|
|5, 12, 9, 14|---> |4, 4| possibles  |1, 5, 9, 10, 12, 14|
|5, 14, 9, 14|---> |4, 4| possibles  |1, 5, 9, 10, 12, 14|
|9, 9, 9, 14|---> |4, 4| possibles  |1, 5, 9, 10, 12, 14|
|9, 9, 9, 14|---> |4, 4| possibles  |1, 5, 9, 10, 12, 14|
|9, 10, 9, 14|---> |4, 4| possibles  |1, 5, 9, 10, 12, 14|
|9, 10, 9, 14|---> |4, 4| possibles  |1, 5, 9, 10, 12, 14|
|9, 12, 9, 14|---> |4, 4| possibles  |1, 5, 9, 10, 12, 14|
|9, 13, 9, 14|---> |4, 6| possibles  |9, 10, 12, 14|
|9, 14, 9, 14|---> |4, 4| possibles  |1, 5, 9, 10, 12, 14|
|9, 14, 9, 14|---> |4, 4| possibles  |1, 5, 9, 10, 12, 14|
|10, 10, 9, 14|---> |2, 4| possibles  |10, 12|
|10, 10, 9, 14|---> |2, 4| possibles  |10, 12|
|10, 12, 9, 14|---> |2, 4| possibles  |10, 12|
|10, 13, 9, 14|---> |4, 6| possibles  |9, 10, 12, 14|
|10, 14, 9, 14|---> |4, 4| possibles  |1, 5, 9, 10, 12, 14|
|10, 14, 9, 14|---> |4, 4| possibles  |1, 5, 9, 10, 12, 14|
|12, 12, 9, 14|---> |2, 4| possibles  |10, 12|
|12, 14, 9, 14|---> |4, 4| possibles  |1, 5, 9, 10, 12, 14|
|13, 13, 9, 14|---> |5, 6| possibles  |3, 7, 13|
|13, 14, 9, 14|---> |4, 6| possibles  |9, 10, 12, 14|
|14, 14, 9, 14|---> |4, 4| possibles  |1, 5, 9, 10, 12, 14|
|14, 14, 9, 14|---> |4, 4| possibles  |1, 5, 9, 10, 12, 14|
|1, 1, 10, 10|---> |2, 3| possibles  |15|
|1, 5, 10, 10|---> |2, 3| possibles  |15|
|1, 9, 10, 10|---> |2, 4| possibles  |10, 12|
|1, 10, 10, 10|---> |2, 4| possibles  |10, 12|
|1, 12, 10, 10|---> |2, 4| possibles  |10, 12|
|1, 14, 10, 10|---> |2, 4| possibles  |10, 12|
|3, 3, 10, 10|---> |1, 2| possibles  |3, 15|
|3, 9, 10, 10|---> |1, 2| possibles  |3, 15|
|3, 10, 10, 10|---> |2, 2| possibles  |3, 8, 10, 12, 15|
|3, 13, 10, 10|---> |2, 5| possibles  |3, 8|
|3, 14, 10, 10|---> |2, 6| possibles  |3, 10, 12|
|5, 5, 10, 10|---> |2, 3| possibles  |15|
|5, 9, 10, 10|---> |2, 4| possibles  |10, 12|
|5, 10, 10, 10|---> |2, 4| possibles  |10, 12|
|5, 12, 10, 10|---> |2, 4| possibles  |10, 12|
|5, 14, 10, 10|---> |2, 4| possibles  |10, 12|
|9, 9, 10, 10|---> |1, 2| possibles  |3, 15|
|9, 9, 10, 10|---> |1, 2| possibles  |3, 15|
|9, 10, 10, 10|---> |2, 4| possibles  |10, 12|
|9, 10, 10, 10|---> |2, 4| possibles  |10, 12|
|9, 12, 10, 10|---> |2, 4| possibles  |10, 12|
|9, 13, 10, 10|---> |2, 6| possibles  |3, 10, 12|
|9, 14, 10, 10|---> |2, 4| possibles  |10, 12|
|9, 14, 10, 10|---> |2, 4| possibles  |10, 12|
|10, 10, 10, 10|---> |2, 2| possibles  |3, 8, 10, 12, 15|
|10, 10, 10, 10|---> |2, 2| possibles  |3, 8, 10, 12, 15|
|10, 12, 10, 10|---> |2, 2| possibles  |3, 8, 10, 12, 15|
|10, 13, 10, 10|---> |2, 6| possibles  |3, 10, 12|
|10, 14, 10, 10|---> |2, 4| possibles  |10, 12|
|10, 14, 10, 10|---> |2, 4| possibles  |10, 12|
|12, 12, 10, 10|---> |2, 2| possibles  |3, 8, 10, 12, 15|
|12, 14, 10, 10|---> |2, 4| possibles  |10, 12|
|13, 13, 10, 10|---> |2, 5| possibles  |3, 8|
|13, 14, 10, 10|---> |2, 6| possibles  |3, 10, 12|
|14, 14, 10, 10|---> |2, 4| possibles  |10, 12|
|14, 14, 10, 10|---> |2, 4| possibles  |10, 12|
|3, 3, 10, 12|---> |1, 2| possibles  |3, 15|
|3, 9, 10, 12|---> |1, 2| possibles  |3, 15|
|3, 10, 10, 12|---> |2, 2| possibles  |3, 8, 10, 12, 15|
|3, 13, 10, 12|---> |2, 5| possibles  |3, 8|
|3, 14, 10, 12|---> |2, 6| possibles  |3, 10, 12|
|9, 9, 10, 12|---> |1, 2| possibles  |3, 15|
|9, 10, 10, 12|---> |2, 4| possibles  |10, 12|
|9, 13, 10, 12|---> |2, 6| possibles  |3, 10, 12|
|9, 14, 10, 12|---> |2, 4| possibles  |10, 12|
|10, 10, 10, 12|---> |2, 2| possibles  |3, 8, 10, 12, 15|
|10, 13, 10, 12|---> |2, 6| possibles  |3, 10, 12|
|10, 14, 10, 12|---> |2, 4| possibles  |10, 12|
|13, 13, 10, 12|---> |2, 5| possibles  |3, 8|
|13, 14, 10, 12|---> |2, 6| possibles  |3, 10, 12|
|14, 14, 10, 12|---> |2, 4| possibles  |10, 12|
|1, 1, 10, 13|---> |3, 15| possibles  |1, 2|
|1, 5, 10, 13|---> |3, 15| possibles  |1, 2|
|1, 9, 10, 13|---> |4, 6| possibles  |9, 10, 12, 14|
|1, 10, 10, 13|---> |4, 6| possibles  |9, 10, 12, 14|
|1, 12, 10, 13|---> |4, 6| possibles  |9, 10, 12, 14|
|1, 14, 10, 13|---> |4, 6| possibles  |9, 10, 12, 14|
|5, 5, 10, 13|---> |3, 15| possibles  |1, 2|
|5, 9, 10, 13|---> |4, 6| possibles  |9, 10, 12, 14|
|5, 10, 10, 13|---> |4, 6| possibles  |9, 10, 12, 14|
|5, 12, 10, 13|---> |4, 6| possibles  |9, 10, 12, 14|
|5, 14, 10, 13|---> |4, 6| possibles  |9, 10, 12, 14|
|9, 9, 10, 13|---> |4, 6| possibles  |9, 10, 12, 14|
|9, 10, 10, 13|---> |4, 6| possibles  |9, 10, 12, 14|
|9, 12, 10, 13|---> |4, 6| possibles  |9, 10, 12, 14|
|9, 14, 10, 13|---> |4, 6| possibles  |9, 10, 12, 14|
|10, 10, 10, 13|---> |2, 6| possibles  |3, 10, 12|
|10, 12, 10, 13|---> |2, 6| possibles  |3, 10, 12|
|10, 14, 10, 13|---> |4, 6| possibles  |9, 10, 12, 14|
|12, 12, 10, 13|---> |2, 6| possibles  |3, 10, 12|
|12, 14, 10, 13|---> |4, 6| possibles  |9, 10, 12, 14|
|14, 14, 10, 13|---> |4, 6| possibles  |9, 10, 12, 14|
|1, 1, 10, 14|---> |3, 4| possibles  |1, 5|
|1, 5, 10, 14|---> |3, 4| possibles  |1, 5|
|1, 9, 10, 14|---> |4, 4| possibles  |1, 5, 9, 10, 12, 14|
|1, 10, 10, 14|---> |4, 4| possibles  |1, 5, 9, 10, 12, 14|
|1, 12, 10, 14|---> |4, 4| possibles  |1, 5, 9, 10, 12, 14|
|1, 14, 10, 14|---> |4, 4| possibles  |1, 5, 9, 10, 12, 14|
|3, 3, 10, 14|---> |2, 4| possibles  |10, 12|
|3, 9, 10, 14|---> |4, 6| possibles  |9, 10, 12, 14|
|3, 10, 10, 14|---> |2, 4| possibles  |10, 12|
|3, 13, 10, 14|---> |5, 6| possibles  |3, 7, 13|
|3, 14, 10, 14|---> |4, 6| possibles  |9, 10, 12, 14|
|5, 5, 10, 14|---> |3, 4| possibles  |1, 5|
|5, 9, 10, 14|---> |4, 4| possibles  |1, 5, 9, 10, 12, 14|
|5, 10, 10, 14|---> |4, 4| possibles  |1, 5, 9, 10, 12, 14|
|5, 12, 10, 14|---> |4, 4| possibles  |1, 5, 9, 10, 12, 14|
|5, 14, 10, 14|---> |4, 4| possibles  |1, 5, 9, 10, 12, 14|
|9, 9, 10, 14|---> |4, 4| possibles  |1, 5, 9, 10, 12, 14|
|9, 9, 10, 14|---> |4, 4| possibles  |1, 5, 9, 10, 12, 14|
|9, 10, 10, 14|---> |4, 4| possibles  |1, 5, 9, 10, 12, 14|
|9, 10, 10, 14|---> |4, 4| possibles  |1, 5, 9, 10, 12, 14|
|9, 12, 10, 14|---> |4, 4| possibles  |1, 5, 9, 10, 12, 14|
|9, 13, 10, 14|---> |4, 6| possibles  |9, 10, 12, 14|
|9, 14, 10, 14|---> |4, 4| possibles  |1, 5, 9, 10, 12, 14|
|9, 14, 10, 14|---> |4, 4| possibles  |1, 5, 9, 10, 12, 14|
|10, 10, 10, 14|---> |2, 4| possibles  |10, 12|
|10, 10, 10, 14|---> |2, 4| possibles  |10, 12|
|10, 12, 10, 14|---> |2, 4| possibles  |10, 12|
|10, 13, 10, 14|---> |4, 6| possibles  |9, 10, 12, 14|
|10, 14, 10, 14|---> |4, 4| possibles  |1, 5, 9, 10, 12, 14|
|10, 14, 10, 14|---> |4, 4| possibles  |1, 5, 9, 10, 12, 14|
|12, 12, 10, 14|---> |2, 4| possibles  |10, 12|
|12, 14, 10, 14|---> |4, 4| possibles  |1, 5, 9, 10, 12, 14|
|13, 13, 10, 14|---> |5, 6| possibles  |3, 7, 13|
|13, 14, 10, 14|---> |4, 6| possibles  |9, 10, 12, 14|
|14, 14, 10, 14|---> |4, 4| possibles  |1, 5, 9, 10, 12, 14|
|14, 14, 10, 14|---> |4, 4| possibles  |1, 5, 9, 10, 12, 14|
|3, 3, 12, 12|---> |1, 2| possibles  |3, 15|
|3, 9, 12, 12|---> |1, 2| possibles  |3, 15|
|3, 10, 12, 12|---> |2, 2| possibles  |3, 8, 10, 12, 15|
|3, 13, 12, 12|---> |2, 5| possibles  |3, 8|
|3, 14, 12, 12|---> |2, 6| possibles  |3, 10, 12|
|9, 9, 12, 12|---> |1, 2| possibles  |3, 15|
|9, 10, 12, 12|---> |2, 4| possibles  |10, 12|
|9, 13, 12, 12|---> |2, 6| possibles  |3, 10, 12|
|9, 14, 12, 12|---> |2, 4| possibles  |10, 12|
|10, 10, 12, 12|---> |2, 2| possibles  |3, 8, 10, 12, 15|
|10, 13, 12, 12|---> |2, 6| possibles  |3, 10, 12|
|10, 14, 12, 12|---> |2, 4| possibles  |10, 12|
|13, 13, 12, 12|---> |2, 5| possibles  |3, 8|
|13, 14, 12, 12|---> |2, 6| possibles  |3, 10, 12|
|14, 14, 12, 12|---> |2, 4| possibles  |10, 12|
|3, 3, 12, 14|---> |2, 4| possibles  |10, 12|
|3, 9, 12, 14|---> |4, 6| possibles  |9, 10, 12, 14|
|3, 10, 12, 14|---> |2, 4| possibles  |10, 12|
|3, 13, 12, 14|---> |5, 6| possibles  |3, 7, 13|
|3, 14, 12, 14|---> |4, 6| possibles  |9, 10, 12, 14|
|9, 9, 12, 14|---> |4, 4| possibles  |1, 5, 9, 10, 12, 14|
|9, 10, 12, 14|---> |4, 4| possibles  |1, 5, 9, 10, 12, 14|
|9, 13, 12, 14|---> |4, 6| possibles  |9, 10, 12, 14|
|9, 14, 12, 14|---> |4, 4| possibles  |1, 5, 9, 10, 12, 14|
|10, 10, 12, 14|---> |2, 4| possibles  |10, 12|
|10, 13, 12, 14|---> |4, 6| possibles  |9, 10, 12, 14|
|10, 14, 12, 14|---> |4, 4| possibles  |1, 5, 9, 10, 12, 14|
|13, 13, 12, 14|---> |5, 6| possibles  |3, 7, 13|
|13, 14, 12, 14|---> |4, 6| possibles  |9, 10, 12, 14|
|14, 14, 12, 14|---> |4, 4| possibles  |1, 5, 9, 10, 12, 14|
|1, 1, 13, 13|---> |3, 12| possibles  |2, 6|
|1, 5, 13, 13|---> |3, 12| possibles  |2, 6|
|1, 9, 13, 13|---> |4, 6| possibles  |9, 10, 12, 14|
|1, 10, 13, 13|---> |4, 6| possibles  |9, 10, 12, 14|
|1, 12, 13, 13|---> |4, 6| possibles  |9, 10, 12, 14|
|1, 14, 13, 13|---> |4, 6| possibles  |9, 10, 12, 14|
|5, 5, 13, 13|---> |3, 12| possibles  |2, 6|
|5, 9, 13, 13|---> |4, 6| possibles  |9, 10, 12, 14|
|5, 10, 13, 13|---> |4, 6| possibles  |9, 10, 12, 14|
|5, 12, 13, 13|---> |4, 6| possibles  |9, 10, 12, 14|
|5, 14, 13, 13|---> |4, 6| possibles  |9, 10, 12, 14|
|9, 9, 13, 13|---> |1, 5| possibles  |3, 4|
|9, 10, 13, 13|---> |4, 6| possibles  |9, 10, 12, 14|
|9, 12, 13, 13|---> |4, 6| possibles  |9, 10, 12, 14|
|9, 14, 13, 13|---> |4, 6| possibles  |9, 10, 12, 14|
|10, 10, 13, 13|---> |2, 5| possibles  |3, 8|
|10, 12, 13, 13|---> |2, 5| possibles  |3, 8|
|10, 14, 13, 13|---> |4, 6| possibles  |9, 10, 12, 14|
|12, 12, 13, 13|---> |2, 5| possibles  |3, 8|
|12, 14, 13, 13|---> |4, 6| possibles  |9, 10, 12, 14|
|14, 14, 13, 13|---> |4, 6| possibles  |9, 10, 12, 14|
|1, 1, 13, 14|---> |3, 15| possibles  |1, 2|
|1, 5, 13, 14|---> |3, 15| possibles  |1, 2|
|1, 9, 13, 14|---> |4, 6| possibles  |9, 10, 12, 14|
|1, 10, 13, 14|---> |4, 6| possibles  |9, 10, 12, 14|
|1, 12, 13, 14|---> |4, 6| possibles  |9, 10, 12, 14|
|1, 14, 13, 14|---> |4, 6| possibles  |9, 10, 12, 14|
|5, 5, 13, 14|---> |3, 15| possibles  |1, 2|
|5, 9, 13, 14|---> |4, 6| possibles  |9, 10, 12, 14|
|5, 10, 13, 14|---> |4, 6| possibles  |9, 10, 12, 14|
|5, 12, 13, 14|---> |4, 6| possibles  |9, 10, 12, 14|
|5, 14, 13, 14|---> |4, 6| possibles  |9, 10, 12, 14|
|9, 9, 13, 14|---> |4, 6| possibles  |9, 10, 12, 14|
|9, 10, 13, 14|---> |4, 6| possibles  |9, 10, 12, 14|
|9, 12, 13, 14|---> |4, 6| possibles  |9, 10, 12, 14|
|9, 14, 13, 14|---> |4, 6| possibles  |9, 10, 12, 14|
|10, 10, 13, 14|---> |2, 6| possibles  |3, 10, 12|
|10, 12, 13, 14|---> |2, 6| possibles  |3, 10, 12|
|10, 14, 13, 14|---> |4, 6| possibles  |9, 10, 12, 14|
|12, 12, 13, 14|---> |2, 6| possibles  |3, 10, 12|
|12, 14, 13, 14|---> |4, 6| possibles  |9, 10, 12, 14|
|14, 14, 13, 14|---> |4, 6| possibles  |9, 10, 12, 14|
|1, 1, 14, 14|---> |3, 4| possibles  |1, 5|
|1, 5, 14, 14|---> |3, 4| possibles  |1, 5|
|1, 9, 14, 14|---> |4, 4| possibles  |1, 5, 9, 10, 12, 14|
|1, 10, 14, 14|---> |4, 4| possibles  |1, 5, 9, 10, 12, 14|
|1, 12, 14, 14|---> |4, 4| possibles  |1, 5, 9, 10, 12, 14|
|1, 14, 14, 14|---> |4, 4| possibles  |1, 5, 9, 10, 12, 14|
|3, 3, 14, 14|---> |2, 4| possibles  |10, 12|
|3, 9, 14, 14|---> |4, 6| possibles  |9, 10, 12, 14|
|3, 10, 14, 14|---> |2, 4| possibles  |10, 12|
|3, 13, 14, 14|---> |5, 6| possibles  |3, 7, 13|
|3, 14, 14, 14|---> |4, 6| possibles  |9, 10, 12, 14|
|5, 5, 14, 14|---> |3, 4| possibles  |1, 5|
|5, 9, 14, 14|---> |4, 4| possibles  |1, 5, 9, 10, 12, 14|
|5, 10, 14, 14|---> |4, 4| possibles  |1, 5, 9, 10, 12, 14|
|5, 12, 14, 14|---> |4, 4| possibles  |1, 5, 9, 10, 12, 14|
|5, 14, 14, 14|---> |4, 4| possibles  |1, 5, 9, 10, 12, 14|
|9, 9, 14, 14|---> |4, 4| possibles  |1, 5, 9, 10, 12, 14|
|9, 9, 14, 14|---> |4, 4| possibles  |1, 5, 9, 10, 12, 14|
|9, 10, 14, 14|---> |4, 4| possibles  |1, 5, 9, 10, 12, 14|
|9, 10, 14, 14|---> |4, 4| possibles  |1, 5, 9, 10, 12, 14|
|9, 12, 14, 14|---> |4, 4| possibles  |1, 5, 9, 10, 12, 14|
|9, 13, 14, 14|---> |4, 6| possibles  |9, 10, 12, 14|
|9, 14, 14, 14|---> |4, 4| possibles  |1, 5, 9, 10, 12, 14|
|9, 14, 14, 14|---> |4, 4| possibles  |1, 5, 9, 10, 12, 14|
|10, 10, 14, 14|---> |2, 4| possibles  |10, 12|
|10, 10, 14, 14|---> |2, 4| possibles  |10, 12|
|10, 12, 14, 14|---> |2, 4| possibles  |10, 12|
|10, 13, 14, 14|---> |4, 6| possibles  |9, 10, 12, 14|
|10, 14, 14, 14|---> |4, 4| possibles  |1, 5, 9, 10, 12, 14|
|10, 14, 14, 14|---> |4, 4| possibles  |1, 5, 9, 10, 12, 14|
|12, 12, 14, 14|---> |2, 4| possibles  |10, 12|
|12, 14, 14, 14|---> |4, 4| possibles  |1, 5, 9, 10, 12, 14|
|13, 13, 14, 14|---> |5, 6| possibles  |3, 7, 13|
|13, 14, 14, 14|---> |4, 6| possibles  |9, 10, 12, 14|
|14, 14, 14, 14|---> |4, 4| possibles  |1, 5, 9, 10, 12, 14|
|14, 14, 14, 14|---> |4, 4| possibles  |1, 5, 9, 10, 12, 14|
+++++++++++++++++++++++++++++++++++++++
Solved config  |4, 12| descendents: 
|1, 5, 9, 10, 12, 14 |---| 2, 4, 6, 9, 13|
|2, 2, 1, 1|---> |3, 3| possibles  |1, 2, 5, 6, 11, 15|
|2, 4, 1, 1|---> |3, 10| possibles  |2, 6, 11, 15|
|2, 6, 1, 1|---> |3, 3| possibles  |1, 2, 5, 6, 11, 15|
|2, 9, 1, 1|---> |3, 8| possibles  |2, 5|
|2, 13, 1, 1|---> |3, 12| possibles  |2, 6|
|4, 4, 1, 1|---> |1, 3| possibles  |15|
|4, 6, 1, 1|---> |3, 9| possibles  |1, 6, 11, 15|
|4, 9, 1, 1|---> |1, 3| possibles  |15|
|4, 13, 1, 1|---> |5, 9| possibles  |4, 7, 8|
|6, 6, 1, 1|---> |3, 3| possibles  |1, 2, 5, 6, 11, 15|
|6, 9, 1, 1|---> |3, 7| possibles  |5, 6, 15|
|6, 13, 1, 1|---> |3, 12| possibles  |2, 6|
|9, 9, 1, 1|---> |1, 3| possibles  |15|
|9, 13, 1, 1|---> |4, 6| possibles  |9, 10, 12, 14|
|13, 13, 1, 1|---> |5, 9| possibles  |4, 7, 8|
|2, 2, 1, 5|---> |3, 3| possibles  |1, 2, 5, 6, 11, 15|
|2, 4, 1, 5|---> |3, 10| possibles  |2, 6, 11, 15|
|2, 6, 1, 5|---> |3, 3| possibles  |1, 2, 5, 6, 11, 15|
|2, 9, 1, 5|---> |3, 8| possibles  |2, 5|
|2, 13, 1, 5|---> |3, 12| possibles  |2, 6|
|4, 4, 1, 5|---> |1, 3| possibles  |15|
|4, 6, 1, 5|---> |3, 9| possibles  |1, 6, 11, 15|
|4, 9, 1, 5|---> |1, 3| possibles  |15|
|4, 13, 1, 5|---> |3, 12| possibles  |2, 6|
|6, 6, 1, 5|---> |3, 3| possibles  |1, 2, 5, 6, 11, 15|
|6, 9, 1, 5|---> |3, 7| possibles  |5, 6, 15|
|6, 13, 1, 5|---> |3, 12| possibles  |2, 6|
|9, 9, 1, 5|---> |1, 3| possibles  |15|
|9, 13, 1, 5|---> |4, 6| possibles  |9, 10, 12, 14|
|13, 13, 1, 5|---> |4, 6| possibles  |9, 10, 12, 14|
|2, 2, 1, 9|---> |3, 4| possibles  |1, 5|
|2, 4, 1, 9|---> |10, 15| possibles  |2, 7|
|2, 6, 1, 9|---> |3, 4| possibles  |1, 5|
|2, 9, 1, 9|---> |4, 8| possibles  |5, 9, 10, 14|
|2, 13, 1, 9|---> |12, 15| possibles  |2, 9, 13|
|4, 4, 1, 9|---> |5, 15| possibles  |3, 7, 13|
|4, 6, 1, 9|---> |4, 9| possibles  |1, 12|
|4, 9, 1, 9|---> |12, 15| possibles  |2, 9, 13|
|4, 13, 1, 9|---> |5, 15| possibles  |3, 7, 13|
|6, 6, 1, 9|---> |3, 4| possibles  |1, 5|
|6, 9, 1, 9|---> |4, 7| possibles  |5, 9, 10|
|6, 13, 1, 9|---> |12, 15| possibles  |2, 9, 13|
|9, 9, 1, 9|---> |4, 4| possibles  |1, 5, 9, 10, 12, 14|
|9, 13, 1, 9|---> |4, 6| possibles  |9, 10, 12, 14|
|13, 13, 1, 9|---> |5, 15| possibles  |3, 7, 13|
|2, 2, 1, 10|---> |3, 4| possibles  |1, 5|
|2, 4, 1, 10|---> |10, 15| possibles  |2, 7|
|2, 6, 1, 10|---> |3, 4| possibles  |1, 5|
|2, 9, 1, 10|---> |4, 8| possibles  |5, 9, 10, 14|
|2, 13, 1, 10|---> |12, 15| possibles  |2, 9, 13|
|4, 4, 1, 10|---> |5, 15| possibles  |3, 7, 13|
|4, 6, 1, 10|---> |4, 9| possibles  |1, 12|
|4, 9, 1, 10|---> |12, 15| possibles  |2, 9, 13|
|4, 13, 1, 10|---> |5, 15| possibles  |3, 7, 13|
|6, 6, 1, 10|---> |3, 4| possibles  |1, 5|
|6, 9, 1, 10|---> |4, 7| possibles  |5, 9, 10|
|6, 13, 1, 10|---> |12, 15| possibles  |2, 9, 13|
|9, 9, 1, 10|---> |4, 4| possibles  |1, 5, 9, 10, 12, 14|
|9, 13, 1, 10|---> |4, 6| possibles  |9, 10, 12, 14|
|13, 13, 1, 10|---> |5, 15| possibles  |3, 7, 13|
|2, 2, 1, 12|---> |3, 4| possibles  |1, 5|
|2, 4, 1, 12|---> |9, 10| possibles  |4, 6, 7, 8, 11, 15|
|2, 6, 1, 12|---> |3, 4| possibles  |1, 5|
|2, 9, 1, 12|---> |4, 8| possibles  |5, 9, 10, 14|
|2, 13, 1, 12|---> |9, 12| possibles  |4, 6|
|4, 4, 1, 12|---> |1, 9| possibles  |4, 15|
|4, 6, 1, 12|---> |4, 9| possibles  |1, 12|
|4, 9, 1, 12|---> |1, 9| possibles  |4, 15|
|4, 13, 1, 12|---> |5, 9| possibles  |4, 7, 8|
|6, 6, 1, 12|---> |3, 4| possibles  |1, 5|
|6, 9, 1, 12|---> |4, 7| possibles  |5, 9, 10|
|6, 13, 1, 12|---> |9, 12| possibles  |4, 6|
|9, 9, 1, 12|---> |1, 9| possibles  |4, 15|
|9, 13, 1, 12|---> |4, 6| possibles  |9, 10, 12, 14|
|13, 13, 1, 12|---> |5, 9| possibles  |4, 7, 8|
|2, 2, 1, 14|---> |3, 4| possibles  |1, 5|
|2, 4, 1, 14|---> |10, 15| possibles  |2, 7|
|2, 6, 1, 14|---> |3, 4| possibles  |1, 5|
|2, 9, 1, 14|---> |4, 8| possibles  |5, 9, 10, 14|
|2, 13, 1, 14|---> |12, 15| possibles  |2, 9, 13|
|4, 4, 1, 14|---> |5, 15| possibles  |3, 7, 13|
|4, 6, 1, 14|---> |4, 9| possibles  |1, 12|
|4, 9, 1, 14|---> |12, 15| possibles  |2, 9, 13|
|4, 13, 1, 14|---> |5, 15| possibles  |3, 7, 13|
|6, 6, 1, 14|---> |3, 4| possibles  |1, 5|
|6, 9, 1, 14|---> |4, 7| possibles  |5, 9, 10|
|6, 13, 1, 14|---> |12, 15| possibles  |2, 9, 13|
|9, 9, 1, 14|---> |4, 4| possibles  |1, 5, 9, 10, 12, 14|
|9, 13, 1, 14|---> |4, 6| possibles  |9, 10, 12, 14|
|13, 13, 1, 14|---> |5, 15| possibles  |3, 7, 13|
|1, 1, 2, 2|---> |3, 3| possibles  |1, 2, 5, 6, 11, 15|
|1, 5, 2, 2|---> |3, 3| possibles  |1, 2, 5, 6, 11, 15|
|1, 9, 2, 2|---> |3, 4| possibles  |1, 5|
|1, 10, 2, 2|---> |3, 4| possibles  |1, 5|
|1, 12, 2, 2|---> |3, 4| possibles  |1, 5|
|1, 14, 2, 2|---> |3, 4| possibles  |1, 5|
|5, 5, 2, 2|---> |3, 3| possibles  |1, 2, 5, 6, 11, 15|
|5, 9, 2, 2|---> |3, 4| possibles  |1, 5|
|5, 10, 2, 2|---> |3, 4| possibles  |1, 5|
|5, 12, 2, 2|---> |3, 4| possibles  |1, 5|
|5, 14, 2, 2|---> |3, 4| possibles  |1, 5|
|9, 9, 2, 2|---> |1, 3| possibles  |15|
|9, 10, 2, 2|---> |3, 4| possibles  |1, 5|
|9, 12, 2, 2|---> |3, 4| possibles  |1, 5|
|9, 14, 2, 2|---> |3, 4| possibles  |1, 5|
|10, 10, 2, 2|---> |2, 3| possibles  |15|
|10, 12, 2, 2|---> |2, 3| possibles  |15|
|10, 14, 2, 2|---> |3, 4| possibles  |1, 5|
|12, 12, 2, 2|---> |2, 3| possibles  |15|
|12, 14, 2, 2|---> |3, 4| possibles  |1, 5|
|14, 14, 2, 2|---> |3, 4| possibles  |1, 5|
|1, 1, 2, 4|---> |3, 10| possibles  |2, 6, 11, 15|
|1, 5, 2, 4|---> |3, 10| possibles  |2, 6, 11, 15|
|1, 9, 2, 4|---> |10, 15| possibles  |2, 7|
|1, 10, 2, 4|---> |10, 15| possibles  |2, 7|
|1, 12, 2, 4|---> |9, 10| possibles  |4, 6, 7, 8, 11, 15|
|1, 14, 2, 4|---> |10, 15| possibles  |2, 7|
|5, 5, 2, 4|---> |3, 10| possibles  |2, 6, 11, 15|
|5, 9, 2, 4|---> |7, 10| possibles  |6, 15|
|5, 10, 2, 4|---> |7, 10| possibles  |6, 15|
|5, 12, 2, 4|---> |10, 13| possibles  |0, 6, 11, 15|
|5, 14, 2, 4|---> |8, 10| possibles  |0, 2|
|9, 9, 2, 4|---> |1, 10| possibles  |0, 4, 15|
|9, 10, 2, 4|---> |6, 10| possibles  |0, 7|
|9, 12, 2, 4|---> |6, 10| possibles  |0, 7|
|9, 14, 2, 4|---> |6, 10| possibles  |0, 7|
|10, 10, 2, 4|---> |2, 10| possibles  |8, 15|
|10, 12, 2, 4|---> |2, 10| possibles  |8, 15|
|10, 14, 2, 4|---> |6, 10| possibles  |0, 7|
|12, 12, 2, 4|---> |2, 10| possibles  |8, 15|
|12, 14, 2, 4|---> |6, 10| possibles  |0, 7|
|14, 14, 2, 4|---> |6, 10| possibles  |0, 7|
|1, 1, 2, 6|---> |3, 3| possibles  |1, 2, 5, 6, 11, 15|
|1, 5, 2, 6|---> |3, 3| possibles  |1, 2, 5, 6, 11, 15|
|1, 9, 2, 6|---> |3, 4| possibles  |1, 5|
|1, 10, 2, 6|---> |3, 4| possibles  |1, 5|
|1, 12, 2, 6|---> |3, 4| possibles  |1, 5|
|1, 14, 2, 6|---> |3, 4| possibles  |1, 5|
|5, 5, 2, 6|---> |3, 3| possibles  |1, 2, 5, 6, 11, 15|
|5, 9, 2, 6|---> |3, 4| possibles  |1, 5|
|5, 10, 2, 6|---> |3, 4| possibles  |1, 5|
|5, 12, 2, 6|---> |3, 4| possibles  |1, 5|
|5, 14, 2, 6|---> |3, 4| possibles  |1, 5|
|9, 9, 2, 6|---> |1, 3| possibles  |15|
|9, 10, 2, 6|---> |3, 4| possibles  |1, 5|
|9, 12, 2, 6|---> |3, 4| possibles  |1, 5|
|9, 14, 2, 6|---> |3, 4| possibles  |1, 5|
|10, 10, 2, 6|---> |2, 3| possibles  |15|
|10, 12, 2, 6|---> |2, 3| possibles  |15|
|10, 14, 2, 6|---> |3, 4| possibles  |1, 5|
|12, 12, 2, 6|---> |2, 3| possibles  |15|
|12, 14, 2, 6|---> |3, 4| possibles  |1, 5|
|14, 14, 2, 6|---> |3, 4| possibles  |1, 5|
|1, 1, 2, 9|---> |3, 8| possibles  |2, 5|
|1, 5, 2, 9|---> |3, 8| possibles  |2, 5|
|1, 9, 2, 9|---> |4, 8| possibles  |5, 9, 10, 14|
|1, 10, 2, 9|---> |4, 8| possibles  |5, 9, 10, 14|
|1, 12, 2, 9|---> |4, 8| possibles  |5, 9, 10, 14|
|1, 14, 2, 9|---> |4, 8| possibles  |5, 9, 10, 14|
|5, 5, 2, 9|---> |3, 8| possibles  |2, 5|
|5, 9, 2, 9|---> |4, 8| possibles  |5, 9, 10, 14|
|5, 10, 2, 9|---> |4, 8| possibles  |5, 9, 10, 14|
|5, 12, 2, 9|---> |4, 8| possibles  |5, 9, 10, 14|
|5, 14, 2, 9|---> |4, 8| possibles  |5, 9, 10, 14|
|9, 9, 2, 9|---> |1, 12| possibles  |4, 9|
|9, 10, 2, 9|---> |4, 8| possibles  |5, 9, 10, 14|
|9, 12, 2, 9|---> |4, 8| possibles  |5, 9, 10, 14|
|9, 14, 2, 9|---> |4, 8| possibles  |5, 9, 10, 14|
|10, 10, 2, 9|---> |4, 8| possibles  |5, 9, 10, 14|
|10, 12, 2, 9|---> |4, 8| possibles  |5, 9, 10, 14|
|10, 14, 2, 9|---> |4, 8| possibles  |5, 9, 10, 14|
|12, 12, 2, 9|---> |4, 8| possibles  |5, 9, 10, 14|
|12, 14, 2, 9|---> |4, 8| possibles  |5, 9, 10, 14|
|14, 14, 2, 9|---> |4, 8| possibles  |5, 9, 10, 14|
|1, 1, 2, 13|---> |3, 12| possibles  |2, 6|
|1, 5, 2, 13|---> |3, 12| possibles  |2, 6|
|1, 9, 2, 13|---> |4, 15| possibles  |1, 9, 10, 14|
|1, 10, 2, 13|---> |4, 15| possibles  |1, 9, 10, 14|
|1, 12, 2, 13|---> |4, 15| possibles  |1, 9, 10, 14|
|1, 14, 2, 13|---> |4, 15| possibles  |1, 9, 10, 14|
|5, 5, 2, 13|---> |3, 12| possibles  |2, 6|
|5, 9, 2, 13|---> |4, 15| possibles  |1, 9, 10, 14|
|5, 10, 2, 13|---> |4, 15| possibles  |1, 9, 10, 14|
|5, 12, 2, 13|---> |4, 15| possibles  |1, 9, 10, 14|
|5, 14, 2, 13|---> |4, 15| possibles  |1, 9, 10, 14|
|9, 9, 2, 13|---> |1, 12| possibles  |4, 9|
|9, 10, 2, 13|---> |4, 15| possibles  |1, 9, 10, 14|
|9, 12, 2, 13|---> |4, 15| possibles  |1, 9, 10, 14|
|9, 14, 2, 13|---> |4, 15| possibles  |1, 9, 10, 14|
|10, 10, 2, 13|---> |4, 15| possibles  |1, 9, 10, 14|
|10, 12, 2, 13|---> |4, 15| possibles  |1, 9, 10, 14|
|10, 14, 2, 13|---> |4, 15| possibles  |1, 9, 10, 14|
|12, 12, 2, 13|---> |4, 15| possibles  |1, 9, 10, 14|
|12, 14, 2, 13|---> |4, 15| possibles  |1, 9, 10, 14|
|14, 14, 2, 13|---> |4, 15| possibles  |1, 9, 10, 14|
|1, 1, 4, 4|---> |1, 3| possibles  |15|
|1, 5, 4, 4|---> |1, 3| possibles  |15|
|1, 9, 4, 4|---> |4, 9| possibles  |1, 12|
|1, 10, 4, 4|---> |4, 9| possibles  |1, 12|
|1, 12, 4, 4|---> |4, 9| possibles  |1, 12|
|1, 14, 4, 4|---> |4, 9| possibles  |1, 12|
|5, 5, 4, 4|---> |1, 3| possibles  |15|
|5, 9, 4, 4|---> |4, 9| possibles  |1, 12|
|5, 10, 4, 4|---> |4, 9| possibles  |1, 12|
|5, 12, 4, 4|---> |4, 9| possibles  |1, 12|
|5, 14, 4, 4|---> |4, 9| possibles  |1, 12|
|9, 9, 4, 4|---> |1, 1| possibles  |0, 3, 4, 9, 15|
|9, 10, 4, 4|---> |4, 9| possibles  |1, 12|
|9, 12, 4, 4|---> |4, 9| possibles  |1, 12|
|9, 14, 4, 4|---> |4, 9| possibles  |1, 12|
|10, 10, 4, 4|---> |1, 2| possibles  |3, 15|
|10, 12, 4, 4|---> |1, 2| possibles  |3, 15|
|10, 14, 4, 4|---> |4, 9| possibles  |1, 12|
|12, 12, 4, 4|---> |1, 2| possibles  |3, 15|
|12, 14, 4, 4|---> |4, 9| possibles  |1, 12|
|14, 14, 4, 4|---> |4, 9| possibles  |1, 12|
|1, 1, 4, 6|---> |3, 9| possibles  |1, 6, 11, 15|
|1, 5, 4, 6|---> |3, 9| possibles  |1, 6, 11, 15|
|1, 9, 4, 6|---> |4, 9| possibles  |1, 12|
|1, 10, 4, 6|---> |4, 9| possibles  |1, 12|
|1, 12, 4, 6|---> |4, 9| possibles  |1, 12|
|1, 14, 4, 6|---> |4, 9| possibles  |1, 12|
|5, 5, 4, 6|---> |3, 9| possibles  |1, 6, 11, 15|
|5, 9, 4, 6|---> |4, 9| possibles  |1, 12|
|5, 10, 4, 6|---> |4, 9| possibles  |1, 12|
|5, 12, 4, 6|---> |4, 9| possibles  |1, 12|
|5, 14, 4, 6|---> |4, 9| possibles  |1, 12|
|9, 9, 4, 6|---> |1, 9| possibles  |4, 15|
|9, 10, 4, 6|---> |4, 9| possibles  |1, 12|
|9, 12, 4, 6|---> |4, 9| possibles  |1, 12|
|9, 14, 4, 6|---> |4, 9| possibles  |1, 12|
|10, 10, 4, 6|---> |2, 9| possibles  |8, 12, 15|
|10, 12, 4, 6|---> |2, 9| possibles  |8, 12, 15|
|10, 14, 4, 6|---> |4, 9| possibles  |1, 12|
|12, 12, 4, 6|---> |2, 9| possibles  |8, 12, 15|
|12, 14, 4, 6|---> |4, 9| possibles  |1, 12|
|14, 14, 4, 6|---> |4, 9| possibles  |1, 12|
|1, 1, 4, 9|---> |1, 3| possibles  |15|
|1, 5, 4, 9|---> |1, 3| possibles  |15|
|1, 9, 4, 9|---> |12, 15| possibles  |2, 9, 13|
|1, 10, 4, 9|---> |12, 15| possibles  |2, 9, 13|
|1, 12, 4, 9|---> |1, 9| possibles  |4, 15|
|1, 14, 4, 9|---> |12, 15| possibles  |2, 9, 13|
|5, 5, 4, 9|---> |1, 3| possibles  |15|
|5, 9, 4, 9|---> |1, 7| possibles  |9, 15|
|5, 10, 4, 9|---> |1, 7| possibles  |9, 15|
|5, 12, 4, 9|---> |1, 13| possibles  |0, 15|
|5, 14, 4, 9|---> |8, 12| possibles  |2, 9|
|9, 9, 4, 9|---> |1, 1| possibles  |0, 3, 4, 9, 15|
|9, 10, 4, 9|---> |6, 12| possibles  |9, 13|
|9, 12, 4, 9|---> |6, 12| possibles  |9, 13|
|9, 14, 4, 9|---> |6, 12| possibles  |9, 13|
|10, 10, 4, 9|---> |1, 2| possibles  |3, 15|
|10, 12, 4, 9|---> |1, 2| possibles  |3, 15|
|10, 14, 4, 9|---> |6, 12| possibles  |9, 13|
|12, 12, 4, 9|---> |1, 2| possibles  |3, 15|
|12, 14, 4, 9|---> |6, 12| possibles  |9, 13|
|14, 14, 4, 9|---> |6, 12| possibles  |9, 13|
|1, 1, 4, 13|---> |3, 12| possibles  |2, 6|
|1, 5, 4, 13|---> |3, 12| possibles  |2, 6|
|1, 9, 4, 13|---> |5, 15| possibles  |3, 7, 13|
|1, 10, 4, 13|---> |5, 15| possibles  |3, 7, 13|
|1, 12, 4, 13|---> |5, 9| possibles  |4, 7, 8|
|1, 14, 4, 13|---> |5, 15| possibles  |3, 7, 13|
|5, 5, 4, 13|---> |3, 12| possibles  |2, 6|
|5, 9, 4, 13|---> |7, 12| possibles  |6, 9|
|5, 10, 4, 13|---> |7, 12| possibles  |6, 9|
|5, 12, 4, 13|---> |12, 13| possibles  |6|
|5, 14, 4, 13|---> |8, 12| possibles  |2, 9|
|9, 9, 4, 13|---> |1, 5| possibles  |3, 4|
|9, 10, 4, 13|---> |5, 6| possibles  |3, 7, 13|
|9, 12, 4, 13|---> |5, 6| possibles  |3, 7, 13|
|9, 14, 4, 13|---> |5, 6| possibles  |3, 7, 13|
|10, 10, 4, 13|---> |2, 5| possibles  |3, 8|
|10, 12, 4, 13|---> |2, 5| possibles  |3, 8|
|10, 14, 4, 13|---> |5, 6| possibles  |3, 7, 13|
|12, 12, 4, 13|---> |2, 5| possibles  |3, 8|
|12, 14, 4, 13|---> |5, 6| possibles  |3, 7, 13|
|14, 14, 4, 13|---> |5, 6| possibles  |3, 7, 13|
|2, 2, 5, 5|---> |3, 3| possibles  |1, 2, 5, 6, 11, 15|
|2, 4, 5, 5|---> |3, 10| possibles  |2, 6, 11, 15|
|2, 6, 5, 5|---> |3, 3| possibles  |1, 2, 5, 6, 11, 15|
|2, 9, 5, 5|---> |3, 8| possibles  |2, 5|
|2, 13, 5, 5|---> |3, 12| possibles  |2, 6|
|4, 4, 5, 5|---> |1, 3| possibles  |15|
|4, 6, 5, 5|---> |3, 9| possibles  |1, 6, 11, 15|
|4, 9, 5, 5|---> |1, 3| possibles  |15|
|4, 13, 5, 5|---> |3, 12| possibles  |2, 6|
|6, 6, 5, 5|---> |3, 3| possibles  |1, 2, 5, 6, 11, 15|
|6, 9, 5, 5|---> |3, 7| possibles  |5, 6, 15|
|6, 13, 5, 5|---> |3, 12| possibles  |2, 6|
|9, 9, 5, 5|---> |1, 3| possibles  |15|
|9, 13, 5, 5|---> |4, 6| possibles  |9, 10, 12, 14|
|13, 13, 5, 5|---> |4, 6| possibles  |9, 10, 12, 14|
|2, 2, 5, 9|---> |3, 4| possibles  |1, 5|
|2, 4, 5, 9|---> |7, 10| possibles  |6, 15|
|2, 6, 5, 9|---> |3, 4| possibles  |1, 5|
|2, 9, 5, 9|---> |4, 8| possibles  |5, 9, 10, 14|
|2, 13, 5, 9|---> |7, 12| possibles  |6, 9|
|4, 4, 5, 9|---> |1, 7| possibles  |9, 15|
|4, 6, 5, 9|---> |4, 9| possibles  |1, 12|
|4, 9, 5, 9|---> |1, 7| possibles  |9, 15|
|4, 13, 5, 9|---> |7, 12| possibles  |6, 9|
|6, 6, 5, 9|---> |3, 4| possibles  |1, 5|
|6, 9, 5, 9|---> |4, 7| possibles  |5, 9, 10|
|6, 13, 5, 9|---> |7, 12| possibles  |6, 9|
|9, 9, 5, 9|---> |1, 7| possibles  |9, 15|
|9, 13, 5, 9|---> |4, 6| possibles  |9, 10, 12, 14|
|13, 13, 5, 9|---> |4, 6| possibles  |9, 10, 12, 14|
|2, 2, 5, 10|---> |3, 4| possibles  |1, 5|
|2, 4, 5, 10|---> |7, 10| possibles  |6, 15|
|2, 6, 5, 10|---> |3, 4| possibles  |1, 5|
|2, 9, 5, 10|---> |4, 8| possibles  |5, 9, 10, 14|
|2, 13, 5, 10|---> |7, 12| possibles  |6, 9|
|4, 4, 5, 10|---> |1, 7| possibles  |9, 15|
|4, 6, 5, 10|---> |4, 9| possibles  |1, 12|
|4, 9, 5, 10|---> |1, 7| possibles  |9, 15|
|4, 13, 5, 10|---> |7, 12| possibles  |6, 9|
|6, 6, 5, 10|---> |3, 4| possibles  |1, 5|
|6, 9, 5, 10|---> |4, 7| possibles  |5, 9, 10|
|6, 13, 5, 10|---> |7, 12| possibles  |6, 9|
|9, 9, 5, 10|---> |1, 7| possibles  |9, 15|
|9, 13, 5, 10|---> |4, 6| possibles  |9, 10, 12, 14|
|13, 13, 5, 10|---> |4, 6| possibles  |9, 10, 12, 14|
|2, 2, 5, 12|---> |3, 4| possibles  |1, 5|
|2, 4, 5, 12|---> |10, 13| possibles  |0, 6, 11, 15|
|2, 6, 5, 12|---> |3, 4| possibles  |1, 5|
|2, 9, 5, 12|---> |4, 8| possibles  |5, 9, 10, 14|
|2, 13, 5, 12|---> |12, 13| possibles  |6|
|4, 4, 5, 12|---> |1, 13| possibles  |0, 15|
|4, 6, 5, 12|---> |4, 9| possibles  |1, 12|
|4, 9, 5, 12|---> |1, 13| possibles  |0, 15|
|4, 13, 5, 12|---> |12, 13| possibles  |6|
|6, 6, 5, 12|---> |3, 4| possibles  |1, 5|
|6, 9, 5, 12|---> |4, 7| possibles  |5, 9, 10|
|6, 13, 5, 12|---> |12, 13| possibles  |6|
|9, 9, 5, 12|---> |1, 13| possibles  |0, 15|
|9, 13, 5, 12|---> |4, 6| possibles  |9, 10, 12, 14|
|13, 13, 5, 12|---> |4, 6| possibles  |9, 10, 12, 14|
|2, 2, 5, 14|---> |3, 4| possibles  |1, 5|
|2, 4, 5, 14|---> |8, 10| possibles  |0, 2|
|2, 6, 5, 14|---> |3, 4| possibles  |1, 5|
|2, 9, 5, 14|---> |4, 8| possibles  |5, 9, 10, 14|
|2, 13, 5, 14|---> |8, 12| possibles  |2, 9|
|4, 4, 5, 14|---> |4, 9| possibles  |1, 12|
|4, 6, 5, 14|---> |4, 9| possibles  |1, 12|
|4, 9, 5, 14|---> |8, 12| possibles  |2, 9|
|4, 13, 5, 14|---> |8, 12| possibles  |2, 9|
|6, 6, 5, 14|---> |3, 4| possibles  |1, 5|
|6, 9, 5, 14|---> |4, 7| possibles  |5, 9, 10|
|6, 13, 5, 14|---> |8, 12| possibles  |2, 9|
|9, 9, 5, 14|---> |4, 4| possibles  |1, 5, 9, 10, 12, 14|
|9, 13, 5, 14|---> |4, 6| possibles  |9, 10, 12, 14|
|13, 13, 5, 14|---> |4, 6| possibles  |9, 10, 12, 14|
|1, 1, 6, 6|---> |3, 3| possibles  |1, 2, 5, 6, 11, 15|
|1, 5, 6, 6|---> |3, 3| possibles  |1, 2, 5, 6, 11, 15|
|1, 9, 6, 6|---> |3, 4| possibles  |1, 5|
|1, 10, 6, 6|---> |3, 4| possibles  |1, 5|
|1, 12, 6, 6|---> |3, 4| possibles  |1, 5|
|1, 14, 6, 6|---> |3, 4| possibles  |1, 5|
|5, 5, 6, 6|---> |3, 3| possibles  |1, 2, 5, 6, 11, 15|
|5, 9, 6, 6|---> |3, 4| possibles  |1, 5|
|5, 10, 6, 6|---> |3, 4| possibles  |1, 5|
|5, 12, 6, 6|---> |3, 4| possibles  |1, 5|
|5, 14, 6, 6|---> |3, 4| possibles  |1, 5|
|9, 9, 6, 6|---> |1, 3| possibles  |15|
|9, 10, 6, 6|---> |3, 4| possibles  |1, 5|
|9, 12, 6, 6|---> |3, 4| possibles  |1, 5|
|9, 14, 6, 6|---> |3, 4| possibles  |1, 5|
|10, 10, 6, 6|---> |2, 3| possibles  |15|
|10, 12, 6, 6|---> |2, 3| possibles  |15|
|10, 14, 6, 6|---> |3, 4| possibles  |1, 5|
|12, 12, 6, 6|---> |2, 3| possibles  |15|
|12, 14, 6, 6|---> |3, 4| possibles  |1, 5|
|14, 14, 6, 6|---> |3, 4| possibles  |1, 5|
|1, 1, 6, 9|---> |3, 7| possibles  |5, 6, 15|
|1, 5, 6, 9|---> |3, 7| possibles  |5, 6, 15|
|1, 9, 6, 9|---> |4, 7| possibles  |5, 9, 10|
|1, 10, 6, 9|---> |4, 7| possibles  |5, 9, 10|
|1, 12, 6, 9|---> |4, 7| possibles  |5, 9, 10|
|1, 14, 6, 9|---> |4, 7| possibles  |5, 9, 10|
|5, 5, 6, 9|---> |3, 7| possibles  |5, 6, 15|
|5, 9, 6, 9|---> |4, 7| possibles  |5, 9, 10|
|5, 10, 6, 9|---> |4, 7| possibles  |5, 9, 10|
|5, 12, 6, 9|---> |4, 7| possibles  |5, 9, 10|
|5, 14, 6, 9|---> |4, 7| possibles  |5, 9, 10|
|9, 9, 6, 9|---> |1, 7| possibles  |9, 15|
|9, 10, 6, 9|---> |4, 7| possibles  |5, 9, 10|
|9, 12, 6, 9|---> |4, 7| possibles  |5, 9, 10|
|9, 14, 6, 9|---> |4, 7| possibles  |5, 9, 10|
|10, 10, 6, 9|---> |2, 7| possibles  |10, 15|
|10, 12, 6, 9|---> |2, 7| possibles  |10, 15|
|10, 14, 6, 9|---> |4, 7| possibles  |5, 9, 10|
|12, 12, 6, 9|---> |2, 7| possibles  |10, 15|
|12, 14, 6, 9|---> |4, 7| possibles  |5, 9, 10|
|14, 14, 6, 9|---> |4, 7| possibles  |5, 9, 10|
|1, 1, 6, 13|---> |3, 12| possibles  |2, 6|
|1, 5, 6, 13|---> |3, 12| possibles  |2, 6|
|1, 9, 6, 13|---> |12, 15| possibles  |2, 9, 13|
|1, 10, 6, 13|---> |12, 15| possibles  |2, 9, 13|
|1, 12, 6, 13|---> |9, 12| possibles  |4, 6|
|1, 14, 6, 13|---> |12, 15| possibles  |2, 9, 13|
|5, 5, 6, 13|---> |3, 12| possibles  |2, 6|
|5, 9, 6, 13|---> |7, 12| possibles  |6, 9|
|5, 10, 6, 13|---> |7, 12| possibles  |6, 9|
|5, 12, 6, 13|---> |12, 13| possibles  |6|
|5, 14, 6, 13|---> |8, 12| possibles  |2, 9|
|9, 9, 6, 13|---> |1, 12| possibles  |4, 9|
|9, 10, 6, 13|---> |6, 12| possibles  |9, 13|
|9, 12, 6, 13|---> |6, 12| possibles  |9, 13|
|9, 14, 6, 13|---> |6, 12| possibles  |9, 13|
|10, 10, 6, 13|---> |6, 12| possibles  |9, 13|
|10, 12, 6, 13|---> |6, 12| possibles  |9, 13|
|10, 14, 6, 13|---> |6, 12| possibles  |9, 13|
|12, 12, 6, 13|---> |6, 12| possibles  |9, 13|
|12, 14, 6, 13|---> |6, 12| possibles  |9, 13|
|14, 14, 6, 13|---> |6, 12| possibles  |9, 13|
|1, 1, 9, 9|---> |1, 3| possibles  |15|
|1, 5, 9, 9|---> |1, 3| possibles  |15|
|1, 9, 9, 9|---> |4, 4| possibles  |1, 5, 9, 10, 12, 14|
|1, 10, 9, 9|---> |4, 4| possibles  |1, 5, 9, 10, 12, 14|
|1, 12, 9, 9|---> |4, 4| possibles  |1, 5, 9, 10, 12, 14|
|1, 14, 9, 9|---> |4, 4| possibles  |1, 5, 9, 10, 12, 14|
|2, 2, 9, 9|---> |1, 3| possibles  |15|
|2, 4, 9, 9|---> |1, 10| possibles  |0, 4, 15|
|2, 6, 9, 9|---> |1, 3| possibles  |15|
|2, 9, 9, 9|---> |4, 8| possibles  |5, 9, 10, 14|
|2, 13, 9, 9|---> |1, 12| possibles  |4, 9|
|4, 4, 9, 9|---> |1, 1| possibles  |0, 3, 4, 9, 15|
|4, 6, 9, 9|---> |1, 9| possibles  |4, 15|
|4, 9, 9, 9|---> |1, 1| possibles  |0, 3, 4, 9, 15|
|4, 13, 9, 9|---> |1, 5| possibles  |3, 4|
|5, 5, 9, 9|---> |1, 3| possibles  |15|
|5, 9, 9, 9|---> |4, 4| possibles  |1, 5, 9, 10, 12, 14|
|5, 10, 9, 9|---> |4, 4| possibles  |1, 5, 9, 10, 12, 14|
|5, 12, 9, 9|---> |4, 4| possibles  |1, 5, 9, 10, 12, 14|
|5, 14, 9, 9|---> |4, 4| possibles  |1, 5, 9, 10, 12, 14|
|6, 6, 9, 9|---> |1, 3| possibles  |15|
|6, 9, 9, 9|---> |1, 7| possibles  |9, 15|
|6, 13, 9, 9|---> |1, 12| possibles  |4, 9|
|9, 9, 9, 9|---> |1, 1| possibles  |0, 3, 4, 9, 15|
|9, 9, 9, 9|---> |1, 1| possibles  |0, 3, 4, 9, 15|
|9, 10, 9, 9|---> |4, 4| possibles  |1, 5, 9, 10, 12, 14|
|9, 12, 9, 9|---> |4, 4| possibles  |1, 5, 9, 10, 12, 14|
|9, 13, 9, 9|---> |4, 6| possibles  |9, 10, 12, 14|
|9, 14, 9, 9|---> |4, 4| possibles  |1, 5, 9, 10, 12, 14|
|10, 10, 9, 9|---> |1, 2| possibles  |3, 15|
|10, 12, 9, 9|---> |1, 2| possibles  |3, 15|
|10, 14, 9, 9|---> |4, 4| possibles  |1, 5, 9, 10, 12, 14|
|12, 12, 9, 9|---> |1, 2| possibles  |3, 15|
|12, 14, 9, 9|---> |4, 4| possibles  |1, 5, 9, 10, 12, 14|
|13, 13, 9, 9|---> |1, 5| possibles  |3, 4|
|14, 14, 9, 9|---> |4, 4| possibles  |1, 5, 9, 10, 12, 14|
|2, 2, 9, 10|---> |3, 4| possibles  |1, 5|
|2, 4, 9, 10|---> |6, 10| possibles  |0, 7|
|2, 6, 9, 10|---> |3, 4| possibles  |1, 5|
|2, 9, 9, 10|---> |4, 8| possibles  |5, 9, 10, 14|
|2, 13, 9, 10|---> |6, 12| possibles  |9, 13|
|4, 4, 9, 10|---> |1, 7| possibles  |9, 15|
|4, 6, 9, 10|---> |4, 9| possibles  |1, 12|
|4, 9, 9, 10|---> |1, 7| possibles  |9, 15|
|4, 13, 9, 10|---> |5, 6| possibles  |3, 7, 13|
|6, 6, 9, 10|---> |3, 4| possibles  |1, 5|
|6, 9, 9, 10|---> |4, 7| possibles  |5, 9, 10|
|6, 13, 9, 10|---> |6, 12| possibles  |9, 13|
|9, 9, 9, 10|---> |1, 7| possibles  |9, 15|
|9, 13, 9, 10|---> |4, 6| possibles  |9, 10, 12, 14|
|13, 13, 9, 10|---> |5, 6| possibles  |3, 7, 13|
|2, 2, 9, 12|---> |3, 4| possibles  |1, 5|
|2, 4, 9, 12|---> |6, 10| possibles  |0, 7|
|2, 6, 9, 12|---> |3, 4| possibles  |1, 5|
|2, 9, 9, 12|---> |4, 8| possibles  |5, 9, 10, 14|
|2, 13, 9, 12|---> |6, 12| possibles  |9, 13|
|4, 4, 9, 12|---> |5, 6| possibles  |3, 7, 13|
|4, 6, 9, 12|---> |4, 9| possibles  |1, 12|
|4, 9, 9, 12|---> |6, 12| possibles  |9, 13|
|4, 13, 9, 12|---> |5, 6| possibles  |3, 7, 13|
|6, 6, 9, 12|---> |3, 4| possibles  |1, 5|
|6, 9, 9, 12|---> |4, 7| possibles  |5, 9, 10|
|6, 13, 9, 12|---> |6, 12| possibles  |9, 13|
|9, 9, 9, 12|---> |4, 4| possibles  |1, 5, 9, 10, 12, 14|
|9, 13, 9, 12|---> |4, 6| possibles  |9, 10, 12, 14|
|13, 13, 9, 12|---> |5, 6| possibles  |3, 7, 13|
|1, 1, 9, 13|---> |3, 12| possibles  |2, 6|
|1, 5, 9, 13|---> |3, 12| possibles  |2, 6|
|1, 9, 9, 13|---> |4, 6| possibles  |9, 10, 12, 14|
|1, 10, 9, 13|---> |4, 6| possibles  |9, 10, 12, 14|
|1, 12, 9, 13|---> |4, 6| possibles  |9, 10, 12, 14|
|1, 14, 9, 13|---> |4, 6| possibles  |9, 10, 12, 14|
|5, 5, 9, 13|---> |3, 12| possibles  |2, 6|
|5, 9, 9, 13|---> |4, 6| possibles  |9, 10, 12, 14|
|5, 10, 9, 13|---> |4, 6| possibles  |9, 10, 12, 14|
|5, 12, 9, 13|---> |4, 6| possibles  |9, 10, 12, 14|
|5, 14, 9, 13|---> |4, 6| possibles  |9, 10, 12, 14|
|9, 9, 9, 13|---> |1, 12| possibles  |4, 9|
|9, 10, 9, 13|---> |4, 6| possibles  |9, 10, 12, 14|
|9, 12, 9, 13|---> |4, 6| possibles  |9, 10, 12, 14|
|9, 14, 9, 13|---> |4, 6| possibles  |9, 10, 12, 14|
|10, 10, 9, 13|---> |2, 6| possibles  |3, 10, 12|
|10, 12, 9, 13|---> |2, 6| possibles  |3, 10, 12|
|10, 14, 9, 13|---> |4, 6| possibles  |9, 10, 12, 14|
|12, 12, 9, 13|---> |2, 6| possibles  |3, 10, 12|
|12, 14, 9, 13|---> |4, 6| possibles  |9, 10, 12, 14|
|14, 14, 9, 13|---> |4, 6| possibles  |9, 10, 12, 14|
|2, 2, 9, 14|---> |3, 4| possibles  |1, 5|
|2, 4, 9, 14|---> |6, 10| possibles  |0, 7|
|2, 6, 9, 14|---> |3, 4| possibles  |1, 5|
|2, 9, 9, 14|---> |4, 8| possibles  |5, 9, 10, 14|
|2, 13, 9, 14|---> |6, 12| possibles  |9, 13|
|4, 4, 9, 14|---> |5, 6| possibles  |3, 7, 13|
|4, 6, 9, 14|---> |4, 9| possibles  |1, 12|
|4, 9, 9, 14|---> |6, 12| possibles  |9, 13|
|4, 13, 9, 14|---> |5, 6| possibles  |3, 7, 13|
|6, 6, 9, 14|---> |3, 4| possibles  |1, 5|
|6, 9, 9, 14|---> |4, 7| possibles  |5, 9, 10|
|6, 13, 9, 14|---> |6, 12| possibles  |9, 13|
|9, 9, 9, 14|---> |4, 4| possibles  |1, 5, 9, 10, 12, 14|
|9, 13, 9, 14|---> |4, 6| possibles  |9, 10, 12, 14|
|13, 13, 9, 14|---> |5, 6| possibles  |3, 7, 13|
|2, 2, 10, 10|---> |2, 3| possibles  |15|
|2, 4, 10, 10|---> |2, 10| possibles  |8, 15|
|2, 6, 10, 10|---> |2, 3| possibles  |15|
|2, 9, 10, 10|---> |4, 8| possibles  |5, 9, 10, 14|
|2, 13, 10, 10|---> |6, 12| possibles  |9, 13|
|4, 4, 10, 10|---> |1, 2| possibles  |3, 15|
|4, 6, 10, 10|---> |2, 9| possibles  |8, 12, 15|
|4, 9, 10, 10|---> |1, 2| possibles  |3, 15|
|4, 13, 10, 10|---> |2, 5| possibles  |3, 8|
|6, 6, 10, 10|---> |2, 3| possibles  |15|
|6, 9, 10, 10|---> |2, 7| possibles  |10, 15|
|6, 13, 10, 10|---> |6, 12| possibles  |9, 13|
|9, 9, 10, 10|---> |1, 2| possibles  |3, 15|
|9, 13, 10, 10|---> |2, 6| possibles  |3, 10, 12|
|13, 13, 10, 10|---> |2, 5| possibles  |3, 8|
|2, 2, 10, 12|---> |2, 3| possibles  |15|
|2, 4, 10, 12|---> |2, 10| possibles  |8, 15|
|2, 6, 10, 12|---> |2, 3| possibles  |15|
|2, 9, 10, 12|---> |4, 8| possibles  |5, 9, 10, 14|
|2, 13, 10, 12|---> |6, 12| possibles  |9, 13|
|4, 4, 10, 12|---> |1, 2| possibles  |3, 15|
|4, 6, 10, 12|---> |2, 9| possibles  |8, 12, 15|
|4, 9, 10, 12|---> |1, 2| possibles  |3, 15|
|4, 13, 10, 12|---> |2, 5| possibles  |3, 8|
|6, 6, 10, 12|---> |2, 3| possibles  |15|
|6, 9, 10, 12|---> |2, 7| possibles  |10, 15|
|6, 13, 10, 12|---> |6, 12| possibles  |9, 13|
|9, 9, 10, 12|---> |1, 2| possibles  |3, 15|
|9, 13, 10, 12|---> |2, 6| possibles  |3, 10, 12|
|13, 13, 10, 12|---> |2, 5| possibles  |3, 8|
|2, 2, 10, 14|---> |3, 4| possibles  |1, 5|
|2, 4, 10, 14|---> |6, 10| possibles  |0, 7|
|2, 6, 10, 14|---> |3, 4| possibles  |1, 5|
|2, 9, 10, 14|---> |4, 8| possibles  |5, 9, 10, 14|
|2, 13, 10, 14|---> |6, 12| possibles  |9, 13|
|4, 4, 10, 14|---> |5, 6| possibles  |3, 7, 13|
|4, 6, 10, 14|---> |4, 9| possibles  |1, 12|
|4, 9, 10, 14|---> |6, 12| possibles  |9, 13|
|4, 13, 10, 14|---> |5, 6| possibles  |3, 7, 13|
|6, 6, 10, 14|---> |3, 4| possibles  |1, 5|
|6, 9, 10, 14|---> |4, 7| possibles  |5, 9, 10|
|6, 13, 10, 14|---> |6, 12| possibles  |9, 13|
|9, 9, 10, 14|---> |4, 4| possibles  |1, 5, 9, 10, 12, 14|
|9, 13, 10, 14|---> |4, 6| possibles  |9, 10, 12, 14|
|13, 13, 10, 14|---> |5, 6| possibles  |3, 7, 13|
|2, 2, 12, 12|---> |2, 3| possibles  |15|
|2, 4, 12, 12|---> |2, 10| possibles  |8, 15|
|2, 6, 12, 12|---> |2, 3| possibles  |15|
|2, 9, 12, 12|---> |4, 8| possibles  |5, 9, 10, 14|
|2, 13, 12, 12|---> |6, 12| possibles  |9, 13|
|4, 4, 12, 12|---> |1, 2| possibles  |3, 15|
|4, 6, 12, 12|---> |2, 9| possibles  |8, 12, 15|
|4, 9, 12, 12|---> |1, 2| possibles  |3, 15|
|4, 13, 12, 12|---> |2, 5| possibles  |3, 8|
|6, 6, 12, 12|---> |2, 3| possibles  |15|
|6, 9, 12, 12|---> |2, 7| possibles  |10, 15|
|6, 13, 12, 12|---> |6, 12| possibles  |9, 13|
|9, 9, 12, 12|---> |1, 2| possibles  |3, 15|
|9, 13, 12, 12|---> |2, 6| possibles  |3, 10, 12|
|13, 13, 12, 12|---> |2, 5| possibles  |3, 8|
|2, 2, 12, 14|---> |3, 4| possibles  |1, 5|
|2, 4, 12, 14|---> |6, 10| possibles  |0, 7|
|2, 6, 12, 14|---> |3, 4| possibles  |1, 5|
|2, 9, 12, 14|---> |4, 8| possibles  |5, 9, 10, 14|
|2, 13, 12, 14|---> |6, 12| possibles  |9, 13|
|4, 4, 12, 14|---> |5, 6| possibles  |3, 7, 13|
|4, 6, 12, 14|---> |4, 9| possibles  |1, 12|
|4, 9, 12, 14|---> |6, 12| possibles  |9, 13|
|4, 13, 12, 14|---> |5, 6| possibles  |3, 7, 13|
|6, 6, 12, 14|---> |3, 4| possibles  |1, 5|
|6, 9, 12, 14|---> |4, 7| possibles  |5, 9, 10|
|6, 13, 12, 14|---> |6, 12| possibles  |9, 13|
|9, 9, 12, 14|---> |4, 4| possibles  |1, 5, 9, 10, 12, 14|
|9, 13, 12, 14|---> |4, 6| possibles  |9, 10, 12, 14|
|13, 13, 12, 14|---> |5, 6| possibles  |3, 7, 13|
|1, 1, 13, 13|---> |3, 12| possibles  |2, 6|
|1, 5, 13, 13|---> |3, 12| possibles  |2, 6|
|1, 9, 13, 13|---> |4, 6| possibles  |9, 10, 12, 14|
|1, 10, 13, 13|---> |4, 6| possibles  |9, 10, 12, 14|
|1, 12, 13, 13|---> |4, 6| possibles  |9, 10, 12, 14|
|1, 14, 13, 13|---> |4, 6| possibles  |9, 10, 12, 14|
|5, 5, 13, 13|---> |3, 12| possibles  |2, 6|
|5, 9, 13, 13|---> |4, 6| possibles  |9, 10, 12, 14|
|5, 10, 13, 13|---> |4, 6| possibles  |9, 10, 12, 14|
|5, 12, 13, 13|---> |4, 6| possibles  |9, 10, 12, 14|
|5, 14, 13, 13|---> |4, 6| possibles  |9, 10, 12, 14|
|9, 9, 13, 13|---> |1, 5| possibles  |3, 4|
|9, 10, 13, 13|---> |4, 6| possibles  |9, 10, 12, 14|
|9, 12, 13, 13|---> |4, 6| possibles  |9, 10, 12, 14|
|9, 14, 13, 13|---> |4, 6| possibles  |9, 10, 12, 14|
|10, 10, 13, 13|---> |2, 5| possibles  |3, 8|
|10, 12, 13, 13|---> |2, 5| possibles  |3, 8|
|10, 14, 13, 13|---> |4, 6| possibles  |9, 10, 12, 14|
|12, 12, 13, 13|---> |2, 5| possibles  |3, 8|
|12, 14, 13, 13|---> |4, 6| possibles  |9, 10, 12, 14|
|14, 14, 13, 13|---> |4, 6| possibles  |9, 10, 12, 14|
|2, 2, 14, 14|---> |3, 4| possibles  |1, 5|
|2, 4, 14, 14|---> |6, 10| possibles  |0, 7|
|2, 6, 14, 14|---> |3, 4| possibles  |1, 5|
|2, 9, 14, 14|---> |4, 8| possibles  |5, 9, 10, 14|
|2, 13, 14, 14|---> |6, 12| possibles  |9, 13|
|4, 4, 14, 14|---> |5, 6| possibles  |3, 7, 13|
|4, 6, 14, 14|---> |4, 9| possibles  |1, 12|
|4, 9, 14, 14|---> |6, 12| possibles  |9, 13|
|4, 13, 14, 14|---> |5, 6| possibles  |3, 7, 13|
|6, 6, 14, 14|---> |3, 4| possibles  |1, 5|
|6, 9, 14, 14|---> |4, 7| possibles  |5, 9, 10|
|6, 13, 14, 14|---> |6, 12| possibles  |9, 13|
|9, 9, 14, 14|---> |4, 4| possibles  |1, 5, 9, 10, 12, 14|
|9, 13, 14, 14|---> |4, 6| possibles  |9, 10, 12, 14|
|13, 13, 14, 14|---> |5, 6| possibles  |3, 7, 13|
+++++++++++++++++++++++++++++++++++++++
Solved config  |8, 11| descendents: 
|0, 2, 5, 9, 10, 14 |---| 3, 9, 10, 13, 14|
|3, 3, 0, 0|---> |1, 1| possibles  |0, 3, 4, 9, 15|
|3, 9, 0, 0|---> |1, 1| possibles  |0, 3, 4, 9, 15|
|3, 10, 0, 0|---> |1, 2| possibles  |3, 15|
|3, 13, 0, 0|---> |1, 5| possibles  |3, 4|
|3, 14, 0, 0|---> |6, 6| possibles  |0, 3, 7, 9, 10, 12, 13, 14|
|9, 9, 0, 0|---> |1, 1| possibles  |0, 3, 4, 9, 15|
|9, 10, 0, 0|---> |4, 6| possibles  |9, 10, 12, 14|
|9, 13, 0, 0|---> |6, 6| possibles  |0, 3, 7, 9, 10, 12, 13, 14|
|9, 14, 0, 0|---> |4, 6| possibles  |9, 10, 12, 14|
|10, 10, 0, 0|---> |1, 2| possibles  |3, 15|
|10, 13, 0, 0|---> |6, 6| possibles  |0, 3, 7, 9, 10, 12, 13, 14|
|10, 14, 0, 0|---> |4, 6| possibles  |9, 10, 12, 14|
|13, 13, 0, 0|---> |1, 5| possibles  |3, 4|
|13, 14, 0, 0|---> |6, 6| possibles  |0, 3, 7, 9, 10, 12, 13, 14|
|14, 14, 0, 0|---> |4, 6| possibles  |9, 10, 12, 14|
|3, 3, 0, 2|---> |1, 10| possibles  |0, 4, 15|
|3, 9, 0, 2|---> |1, 10| possibles  |0, 4, 15|
|3, 10, 0, 2|---> |2, 10| possibles  |8, 15|
|3, 13, 0, 2|---> |5, 10| possibles  |4, 7, 8|
|3, 14, 0, 2|---> |6, 10| possibles  |0, 7|
|9, 9, 0, 2|---> |1, 10| possibles  |0, 4, 15|
|9, 10, 0, 2|---> |4, 8| possibles  |5, 9, 10, 14|
|9, 13, 0, 2|---> |6, 10| possibles  |0, 7|
|9, 14, 0, 2|---> |4, 8| possibles  |5, 9, 10, 14|
|10, 10, 0, 2|---> |2, 10| possibles  |8, 15|
|10, 13, 0, 2|---> |6, 10| possibles  |0, 7|
|10, 14, 0, 2|---> |4, 8| possibles  |5, 9, 10, 14|
|13, 13, 0, 2|---> |5, 10| possibles  |4, 7, 8|
|13, 14, 0, 2|---> |6, 10| possibles  |0, 7|
|14, 14, 0, 2|---> |4, 8| possibles  |5, 9, 10, 14|
|3, 3, 0, 5|---> |1, 13| possibles  |0, 15|
|3, 9, 0, 5|---> |1, 13| possibles  |0, 15|
|3, 10, 0, 5|---> |2, 13| possibles  |12, 15|
|3, 13, 0, 5|---> |6, 13| possibles  |0, 12|
|3, 14, 0, 5|---> |6, 13| possibles  |0, 12|
|9, 9, 0, 5|---> |1, 13| possibles  |0, 15|
|9, 10, 0, 5|---> |4, 8| possibles  |5, 9, 10, 14|
|9, 13, 0, 5|---> |6, 13| possibles  |0, 12|
|9, 14, 0, 5|---> |4, 8| possibles  |5, 9, 10, 14|
|10, 10, 0, 5|---> |2, 13| possibles  |12, 15|
|10, 13, 0, 5|---> |6, 13| possibles  |0, 12|
|10, 14, 0, 5|---> |4, 8| possibles  |5, 9, 10, 14|
|13, 13, 0, 5|---> |6, 13| possibles  |0, 12|
|13, 14, 0, 5|---> |6, 13| possibles  |0, 12|
|14, 14, 0, 5|---> |4, 8| possibles  |5, 9, 10, 14|
|3, 3, 0, 9|---> |1, 1| possibles  |0, 3, 4, 9, 15|
|3, 9, 0, 9|---> |1, 1| possibles  |0, 3, 4, 9, 15|
|3, 10, 0, 9|---> |1, 2| possibles  |3, 15|
|3, 13, 0, 9|---> |1, 5| possibles  |3, 4|
|3, 14, 0, 9|---> |6, 6| possibles  |0, 3, 7, 9, 10, 12, 13, 14|
|9, 9, 0, 9|---> |1, 1| possibles  |0, 3, 4, 9, 15|
|9, 10, 0, 9|---> |4, 6| possibles  |9, 10, 12, 14|
|9, 13, 0, 9|---> |6, 6| possibles  |0, 3, 7, 9, 10, 12, 13, 14|
|9, 14, 0, 9|---> |4, 6| possibles  |9, 10, 12, 14|
|10, 10, 0, 9|---> |1, 2| possibles  |3, 15|
|10, 13, 0, 9|---> |6, 6| possibles  |0, 3, 7, 9, 10, 12, 13, 14|
|10, 14, 0, 9|---> |4, 6| possibles  |9, 10, 12, 14|
|13, 13, 0, 9|---> |1, 5| possibles  |3, 4|
|13, 14, 0, 9|---> |6, 6| possibles  |0, 3, 7, 9, 10, 12, 13, 14|
|14, 14, 0, 9|---> |4, 6| possibles  |9, 10, 12, 14|
|3, 3, 0, 10|---> |2, 6| possibles  |3, 10, 12|
|3, 9, 0, 10|---> |6, 6| possibles  |0, 3, 7, 9, 10, 12, 13, 14|
|3, 10, 0, 10|---> |2, 6| possibles  |3, 10, 12|
|3, 13, 0, 10|---> |5, 6| possibles  |3, 7, 13|
|3, 14, 0, 10|---> |6, 6| possibles  |0, 3, 7, 9, 10, 12, 13, 14|
|9, 9, 0, 10|---> |4, 6| possibles  |9, 10, 12, 14|
|9, 10, 0, 10|---> |4, 6| possibles  |9, 10, 12, 14|
|9, 13, 0, 10|---> |6, 6| possibles  |0, 3, 7, 9, 10, 12, 13, 14|
|9, 14, 0, 10|---> |4, 6| possibles  |9, 10, 12, 14|
|10, 10, 0, 10|---> |2, 6| possibles  |3, 10, 12|
|10, 13, 0, 10|---> |6, 6| possibles  |0, 3, 7, 9, 10, 12, 13, 14|
|10, 14, 0, 10|---> |4, 6| possibles  |9, 10, 12, 14|
|13, 13, 0, 10|---> |5, 6| possibles  |3, 7, 13|
|13, 14, 0, 10|---> |6, 6| possibles  |0, 3, 7, 9, 10, 12, 13, 14|
|14, 14, 0, 10|---> |4, 6| possibles  |9, 10, 12, 14|
|3, 3, 0, 14|---> |2, 6| possibles  |3, 10, 12|
|3, 9, 0, 14|---> |6, 6| possibles  |0, 3, 7, 9, 10, 12, 13, 14|
|3, 10, 0, 14|---> |2, 6| possibles  |3, 10, 12|
|3, 13, 0, 14|---> |5, 6| possibles  |3, 7, 13|
|3, 14, 0, 14|---> |6, 6| possibles  |0, 3, 7, 9, 10, 12, 13, 14|
|9, 9, 0, 14|---> |4, 6| possibles  |9, 10, 12, 14|
|9, 10, 0, 14|---> |4, 6| possibles  |9, 10, 12, 14|
|9, 13, 0, 14|---> |6, 6| possibles  |0, 3, 7, 9, 10, 12, 13, 14|
|9, 14, 0, 14|---> |4, 6| possibles  |9, 10, 12, 14|
|10, 10, 0, 14|---> |2, 6| possibles  |3, 10, 12|
|10, 13, 0, 14|---> |6, 6| possibles  |0, 3, 7, 9, 10, 12, 13, 14|
|10, 14, 0, 14|---> |4, 6| possibles  |9, 10, 12, 14|
|13, 13, 0, 14|---> |5, 6| possibles  |3, 7, 13|
|13, 14, 0, 14|---> |6, 6| possibles  |0, 3, 7, 9, 10, 12, 13, 14|
|14, 14, 0, 14|---> |4, 6| possibles  |9, 10, 12, 14|
|3, 3, 2, 2|---> |1, 3| possibles  |15|
|3, 9, 2, 2|---> |1, 3| possibles  |15|
|3, 10, 2, 2|---> |2, 3| possibles  |15|
|3, 13, 2, 2|---> |5, 10| possibles  |4, 7, 8|
|3, 14, 2, 2|---> |6, 10| possibles  |0, 7|
|9, 9, 2, 2|---> |1, 3| possibles  |15|
|9, 10, 2, 2|---> |3, 4| possibles  |1, 5|
|9, 13, 2, 2|---> |6, 10| possibles  |0, 7|
|9, 14, 2, 2|---> |3, 4| possibles  |1, 5|
|10, 10, 2, 2|---> |2, 3| possibles  |15|
|10, 13, 2, 2|---> |6, 10| possibles  |0, 7|
|10, 14, 2, 2|---> |3, 4| possibles  |1, 5|
|13, 13, 2, 2|---> |5, 10| possibles  |4, 7, 8|
|13, 14, 2, 2|---> |6, 10| possibles  |0, 7|
|14, 14, 2, 2|---> |3, 4| possibles  |1, 5|
|3, 3, 2, 5|---> |1, 3| possibles  |15|
|3, 9, 2, 5|---> |1, 3| possibles  |15|
|3, 10, 2, 5|---> |2, 3| possibles  |15|
|3, 13, 2, 5|---> |3, 15| possibles  |1, 2|
|3, 14, 2, 5|---> |3, 15| possibles  |1, 2|
|9, 9, 2, 5|---> |1, 3| possibles  |15|
|9, 10, 2, 5|---> |3, 4| possibles  |1, 5|
|9, 13, 2, 5|---> |3, 12| possibles  |2, 6|
|9, 14, 2, 5|---> |3, 4| possibles  |1, 5|
|10, 10, 2, 5|---> |2, 3| possibles  |15|
|10, 13, 2, 5|---> |3, 15| possibles  |1, 2|
|10, 14, 2, 5|---> |3, 4| possibles  |1, 5|
|13, 13, 2, 5|---> |3, 12| possibles  |2, 6|
|13, 14, 2, 5|---> |3, 15| possibles  |1, 2|
|14, 14, 2, 5|---> |3, 4| possibles  |1, 5|
|3, 3, 2, 9|---> |1, 12| possibles  |4, 9|
|3, 9, 2, 9|---> |1, 12| possibles  |4, 9|
|3, 10, 2, 9|---> |6, 12| possibles  |9, 13|
|3, 13, 2, 9|---> |5, 12| possibles  |4, 13|
|3, 14, 2, 9|---> |6, 12| possibles  |9, 13|
|9, 9, 2, 9|---> |1, 12| possibles  |4, 9|
|9, 10, 2, 9|---> |4, 8| possibles  |5, 9, 10, 14|
|9, 13, 2, 9|---> |6, 12| possibles  |9, 13|
|9, 14, 2, 9|---> |4, 8| possibles  |5, 9, 10, 14|
|10, 10, 2, 9|---> |4, 8| possibles  |5, 9, 10, 14|
|10, 13, 2, 9|---> |6, 12| possibles  |9, 13|
|10, 14, 2, 9|---> |4, 8| possibles  |5, 9, 10, 14|
|13, 13, 2, 9|---> |5, 12| possibles  |4, 13|
|13, 14, 2, 9|---> |6, 12| possibles  |9, 13|
|14, 14, 2, 9|---> |4, 8| possibles  |5, 9, 10, 14|
|3, 3, 2, 10|---> |5, 15| possibles  |3, 7, 13|
|3, 9, 2, 10|---> |6, 15| possibles  |3, 7, 9, 10, 13, 14|
|3, 10, 2, 10|---> |6, 15| possibles  |3, 7, 9, 10, 13, 14|
|3, 13, 2, 10|---> |5, 15| possibles  |3, 7, 13|
|3, 14, 2, 10|---> |6, 15| possibles  |3, 7, 9, 10, 13, 14|
|9, 9, 2, 10|---> |4, 8| possibles  |5, 9, 10, 14|
|9, 10, 2, 10|---> |4, 8| possibles  |5, 9, 10, 14|
|9, 13, 2, 10|---> |6, 15| possibles  |3, 7, 9, 10, 13, 14|
|9, 14, 2, 10|---> |4, 8| possibles  |5, 9, 10, 14|
|10, 10, 2, 10|---> |4, 8| possibles  |5, 9, 10, 14|
|10, 13, 2, 10|---> |6, 15| possibles  |3, 7, 9, 10, 13, 14|
|10, 14, 2, 10|---> |4, 8| possibles  |5, 9, 10, 14|
|13, 13, 2, 10|---> |5, 15| possibles  |3, 7, 13|
|13, 14, 2, 10|---> |6, 15| possibles  |3, 7, 9, 10, 13, 14|
|14, 14, 2, 10|---> |4, 8| possibles  |5, 9, 10, 14|
|3, 3, 2, 14|---> |5, 15| possibles  |3, 7, 13|
|3, 9, 2, 14|---> |6, 15| possibles  |3, 7, 9, 10, 13, 14|
|3, 10, 2, 14|---> |6, 15| possibles  |3, 7, 9, 10, 13, 14|
|3, 13, 2, 14|---> |5, 15| possibles  |3, 7, 13|
|3, 14, 2, 14|---> |6, 15| possibles  |3, 7, 9, 10, 13, 14|
|9, 9, 2, 14|---> |4, 8| possibles  |5, 9, 10, 14|
|9, 10, 2, 14|---> |4, 8| possibles  |5, 9, 10, 14|
|9, 13, 2, 14|---> |6, 15| possibles  |3, 7, 9, 10, 13, 14|
|9, 14, 2, 14|---> |4, 8| possibles  |5, 9, 10, 14|
|10, 10, 2, 14|---> |4, 8| possibles  |5, 9, 10, 14|
|10, 13, 2, 14|---> |6, 15| possibles  |3, 7, 9, 10, 13, 14|
|10, 14, 2, 14|---> |4, 8| possibles  |5, 9, 10, 14|
|13, 13, 2, 14|---> |5, 15| possibles  |3, 7, 13|
|13, 14, 2, 14|---> |6, 15| possibles  |3, 7, 9, 10, 13, 14|
|14, 14, 2, 14|---> |4, 8| possibles  |5, 9, 10, 14|
|0, 0, 3, 3|---> |1, 1| possibles  |0, 3, 4, 9, 15|
|0, 2, 3, 3|---> |8, 15| possibles  |2, 9, 10, 14|
|0, 5, 3, 3|---> |8, 15| possibles  |2, 9, 10, 14|
|0, 9, 3, 3|---> |1, 1| possibles  |0, 3, 4, 9, 15|
|0, 10, 3, 3|---> |2, 6| possibles  |3, 10, 12|
|0, 14, 3, 3|---> |2, 6| possibles  |3, 10, 12|
|2, 2, 3, 3|---> |1, 3| possibles  |15|
|2, 5, 3, 3|---> |1, 3| possibles  |15|
|2, 9, 3, 3|---> |8, 15| possibles  |2, 9, 10, 14|
|2, 10, 3, 3|---> |8, 15| possibles  |2, 9, 10, 14|
|2, 14, 3, 3|---> |8, 15| possibles  |2, 9, 10, 14|
|5, 5, 3, 3|---> |1, 3| possibles  |15|
|5, 9, 3, 3|---> |2, 4| possibles  |10, 12|
|5, 10, 3, 3|---> |2, 4| possibles  |10, 12|
|5, 14, 3, 3|---> |2, 4| possibles  |10, 12|
|9, 9, 3, 3|---> |1, 1| possibles  |0, 3, 4, 9, 15|
|9, 10, 3, 3|---> |2, 4| possibles  |10, 12|
|9, 14, 3, 3|---> |2, 4| possibles  |10, 12|
|10, 10, 3, 3|---> |1, 2| possibles  |3, 15|
|10, 14, 3, 3|---> |2, 4| possibles  |10, 12|
|14, 14, 3, 3|---> |2, 4| possibles  |10, 12|
|0, 0, 3, 9|---> |1, 1| possibles  |0, 3, 4, 9, 15|
|0, 2, 3, 9|---> |8, 15| possibles  |2, 9, 10, 14|
|0, 5, 3, 9|---> |8, 15| possibles  |2, 9, 10, 14|
|0, 9, 3, 9|---> |1, 1| possibles  |0, 3, 4, 9, 15|
|0, 10, 3, 9|---> |6, 6| possibles  |0, 3, 7, 9, 10, 12, 13, 14|
|0, 14, 3, 9|---> |6, 6| possibles  |0, 3, 7, 9, 10, 12, 13, 14|
|2, 2, 3, 9|---> |1, 3| possibles  |15|
|2, 5, 3, 9|---> |1, 3| possibles  |15|
|2, 9, 3, 9|---> |8, 15| possibles  |2, 9, 10, 14|
|2, 10, 3, 9|---> |8, 15| possibles  |2, 9, 10, 14|
|2, 14, 3, 9|---> |8, 15| possibles  |2, 9, 10, 14|
|5, 5, 3, 9|---> |1, 3| possibles  |15|
|5, 9, 3, 9|---> |4, 6| possibles  |9, 10, 12, 14|
|5, 10, 3, 9|---> |4, 6| possibles  |9, 10, 12, 14|
|5, 14, 3, 9|---> |4, 6| possibles  |9, 10, 12, 14|
|9, 9, 3, 9|---> |1, 1| possibles  |0, 3, 4, 9, 15|
|9, 10, 3, 9|---> |4, 6| possibles  |9, 10, 12, 14|
|9, 14, 3, 9|---> |4, 6| possibles  |9, 10, 12, 14|
|10, 10, 3, 9|---> |1, 2| possibles  |3, 15|
|10, 14, 3, 9|---> |4, 6| possibles  |9, 10, 12, 14|
|14, 14, 3, 9|---> |4, 6| possibles  |9, 10, 12, 14|
|0, 0, 3, 10|---> |1, 2| possibles  |3, 15|
|0, 2, 3, 10|---> |8, 15| possibles  |2, 9, 10, 14|
|0, 5, 3, 10|---> |8, 15| possibles  |2, 9, 10, 14|
|0, 9, 3, 10|---> |1, 2| possibles  |3, 15|
|0, 10, 3, 10|---> |2, 6| possibles  |3, 10, 12|
|0, 14, 3, 10|---> |2, 6| possibles  |3, 10, 12|
|2, 2, 3, 10|---> |2, 3| possibles  |15|
|2, 5, 3, 10|---> |2, 3| possibles  |15|
|2, 9, 3, 10|---> |8, 15| possibles  |2, 9, 10, 14|
|2, 10, 3, 10|---> |8, 15| possibles  |2, 9, 10, 14|
|2, 14, 3, 10|---> |8, 15| possibles  |2, 9, 10, 14|
|5, 5, 3, 10|---> |2, 3| possibles  |15|
|5, 9, 3, 10|---> |2, 4| possibles  |10, 12|
|5, 10, 3, 10|---> |2, 4| possibles  |10, 12|
|5, 14, 3, 10|---> |2, 4| possibles  |10, 12|
|9, 9, 3, 10|---> |1, 2| possibles  |3, 15|
|9, 10, 3, 10|---> |2, 4| possibles  |10, 12|
|9, 14, 3, 10|---> |2, 4| possibles  |10, 12|
|10, 10, 3, 10|---> |2, 2| possibles  |3, 8, 10, 12, 15|
|10, 14, 3, 10|---> |2, 4| possibles  |10, 12|
|14, 14, 3, 10|---> |2, 4| possibles  |10, 12|
|0, 0, 3, 13|---> |1, 5| possibles  |3, 4|
|0, 2, 3, 13|---> |8, 15| possibles  |2, 9, 10, 14|
|0, 5, 3, 13|---> |8, 15| possibles  |2, 9, 10, 14|
|0, 9, 3, 13|---> |1, 5| possibles  |3, 4|
|0, 10, 3, 13|---> |5, 6| possibles  |3, 7, 13|
|0, 14, 3, 13|---> |5, 6| possibles  |3, 7, 13|
|2, 2, 3, 13|---> |3, 15| possibles  |1, 2|
|2, 5, 3, 13|---> |3, 15| possibles  |1, 2|
|2, 9, 3, 13|---> |8, 15| possibles  |2, 9, 10, 14|
|2, 10, 3, 13|---> |8, 15| possibles  |2, 9, 10, 14|
|2, 14, 3, 13|---> |8, 15| possibles  |2, 9, 10, 14|
|5, 5, 3, 13|---> |3, 15| possibles  |1, 2|
|5, 9, 3, 13|---> |4, 6| possibles  |9, 10, 12, 14|
|5, 10, 3, 13|---> |4, 6| possibles  |9, 10, 12, 14|
|5, 14, 3, 13|---> |4, 6| possibles  |9, 10, 12, 14|
|9, 9, 3, 13|---> |1, 5| possibles  |3, 4|
|9, 10, 3, 13|---> |4, 6| possibles  |9, 10, 12, 14|
|9, 14, 3, 13|---> |4, 6| possibles  |9, 10, 12, 14|
|10, 10, 3, 13|---> |2, 5| possibles  |3, 8|
|10, 14, 3, 13|---> |4, 6| possibles  |9, 10, 12, 14|
|14, 14, 3, 13|---> |4, 6| possibles  |9, 10, 12, 14|
|0, 0, 3, 14|---> |6, 6| possibles  |0, 3, 7, 9, 10, 12, 13, 14|
|0, 2, 3, 14|---> |8, 15| possibles  |2, 9, 10, 14|
|0, 5, 3, 14|---> |8, 15| possibles  |2, 9, 10, 14|
|0, 9, 3, 14|---> |6, 6| possibles  |0, 3, 7, 9, 10, 12, 13, 14|
|0, 10, 3, 14|---> |6, 6| possibles  |0, 3, 7, 9, 10, 12, 13, 14|
|0, 14, 3, 14|---> |6, 6| possibles  |0, 3, 7, 9, 10, 12, 13, 14|
|2, 2, 3, 14|---> |3, 15| possibles  |1, 2|
|2, 5, 3, 14|---> |3, 15| possibles  |1, 2|
|2, 9, 3, 14|---> |8, 15| possibles  |2, 9, 10, 14|
|2, 10, 3, 14|---> |8, 15| possibles  |2, 9, 10, 14|
|2, 14, 3, 14|---> |8, 15| possibles  |2, 9, 10, 14|
|5, 5, 3, 14|---> |3, 15| possibles  |1, 2|
|5, 9, 3, 14|---> |4, 6| possibles  |9, 10, 12, 14|
|5, 10, 3, 14|---> |4, 6| possibles  |9, 10, 12, 14|
|5, 14, 3, 14|---> |4, 6| possibles  |9, 10, 12, 14|
|9, 9, 3, 14|---> |4, 6| possibles  |9, 10, 12, 14|
|9, 10, 3, 14|---> |4, 6| possibles  |9, 10, 12, 14|
|9, 14, 3, 14|---> |4, 6| possibles  |9, 10, 12, 14|
|10, 10, 3, 14|---> |2, 6| possibles  |3, 10, 12|
|10, 14, 3, 14|---> |4, 6| possibles  |9, 10, 12, 14|
|14, 14, 3, 14|---> |4, 6| possibles  |9, 10, 12, 14|
|3, 3, 5, 5|---> |1, 3| possibles  |15|
|3, 9, 5, 5|---> |1, 3| possibles  |15|
|3, 10, 5, 5|---> |2, 3| possibles  |15|
|3, 13, 5, 5|---> |4, 6| possibles  |9, 10, 12, 14|
|3, 14, 5, 5|---> |4, 6| possibles  |9, 10, 12, 14|
|9, 9, 5, 5|---> |1, 3| possibles  |15|
|9, 10, 5, 5|---> |3, 4| possibles  |1, 5|
|9, 13, 5, 5|---> |4, 6| possibles  |9, 10, 12, 14|
|9, 14, 5, 5|---> |3, 4| possibles  |1, 5|
|10, 10, 5, 5|---> |2, 3| possibles  |15|
|10, 13, 5, 5|---> |4, 6| possibles  |9, 10, 12, 14|
|10, 14, 5, 5|---> |3, 4| possibles  |1, 5|
|13, 13, 5, 5|---> |4, 6| possibles  |9, 10, 12, 14|
|13, 14, 5, 5|---> |4, 6| possibles  |9, 10, 12, 14|
|14, 14, 5, 5|---> |3, 4| possibles  |1, 5|
|3, 3, 5, 9|---> |1, 7| possibles  |9, 15|
|3, 9, 5, 9|---> |1, 7| possibles  |9, 15|
|3, 10, 5, 9|---> |2, 4| possibles  |10, 12|
|3, 13, 5, 9|---> |4, 6| possibles  |9, 10, 12, 14|
|3, 14, 5, 9|---> |4, 6| possibles  |9, 10, 12, 14|
|9, 9, 5, 9|---> |1, 7| possibles  |9, 15|
|9, 10, 5, 9|---> |4, 4| possibles  |1, 5, 9, 10, 12, 14|
|9, 13, 5, 9|---> |4, 6| possibles  |9, 10, 12, 14|
|9, 14, 5, 9|---> |4, 4| possibles  |1, 5, 9, 10, 12, 14|
|10, 10, 5, 9|---> |2, 4| possibles  |10, 12|
|10, 13, 5, 9|---> |4, 6| possibles  |9, 10, 12, 14|
|10, 14, 5, 9|---> |4, 4| possibles  |1, 5, 9, 10, 12, 14|
|13, 13, 5, 9|---> |4, 6| possibles  |9, 10, 12, 14|
|13, 14, 5, 9|---> |4, 6| possibles  |9, 10, 12, 14|
|14, 14, 5, 9|---> |4, 4| possibles  |1, 5, 9, 10, 12, 14|
|3, 3, 5, 10|---> |1, 7| possibles  |9, 15|
|3, 9, 5, 10|---> |1, 7| possibles  |9, 15|
|3, 10, 5, 10|---> |2, 4| possibles  |10, 12|
|3, 13, 5, 10|---> |4, 6| possibles  |9, 10, 12, 14|
|3, 14, 5, 10|---> |4, 6| possibles  |9, 10, 12, 14|
|9, 9, 5, 10|---> |1, 7| possibles  |9, 15|
|9, 10, 5, 10|---> |4, 4| possibles  |1, 5, 9, 10, 12, 14|
|9, 13, 5, 10|---> |4, 6| possibles  |9, 10, 12, 14|
|9, 14, 5, 10|---> |4, 4| possibles  |1, 5, 9, 10, 12, 14|
|10, 10, 5, 10|---> |2, 4| possibles  |10, 12|
|10, 13, 5, 10|---> |4, 6| possibles  |9, 10, 12, 14|
|10, 14, 5, 10|---> |4, 4| possibles  |1, 5, 9, 10, 12, 14|
|13, 13, 5, 10|---> |4, 6| possibles  |9, 10, 12, 14|
|13, 14, 5, 10|---> |4, 6| possibles  |9, 10, 12, 14|
|14, 14, 5, 10|---> |4, 4| possibles  |1, 5, 9, 10, 12, 14|
|3, 3, 5, 14|---> |2, 4| possibles  |10, 12|
|3, 9, 5, 14|---> |4, 6| possibles  |9, 10, 12, 14|
|3, 10, 5, 14|---> |2, 4| possibles  |10, 12|
|3, 13, 5, 14|---> |4, 6| possibles  |9, 10, 12, 14|
|3, 14, 5, 14|---> |4, 6| possibles  |9, 10, 12, 14|
|9, 9, 5, 14|---> |4, 4| possibles  |1, 5, 9, 10, 12, 14|
|9, 10, 5, 14|---> |4, 4| possibles  |1, 5, 9, 10, 12, 14|
|9, 13, 5, 14|---> |4, 6| possibles  |9, 10, 12, 14|
|9, 14, 5, 14|---> |4, 4| possibles  |1, 5, 9, 10, 12, 14|
|10, 10, 5, 14|---> |2, 4| possibles  |10, 12|
|10, 13, 5, 14|---> |4, 6| possibles  |9, 10, 12, 14|
|10, 14, 5, 14|---> |4, 4| possibles  |1, 5, 9, 10, 12, 14|
|13, 13, 5, 14|---> |4, 6| possibles  |9, 10, 12, 14|
|13, 14, 5, 14|---> |4, 6| possibles  |9, 10, 12, 14|
|14, 14, 5, 14|---> |4, 4| possibles  |1, 5, 9, 10, 12, 14|
|0, 0, 9, 9|---> |1, 1| possibles  |0, 3, 4, 9, 15|
|0, 2, 9, 9|---> |4, 8| possibles  |5, 9, 10, 14|
|0, 5, 9, 9|---> |4, 8| possibles  |5, 9, 10, 14|
|0, 9, 9, 9|---> |1, 1| possibles  |0, 3, 4, 9, 15|
|0, 10, 9, 9|---> |4, 6| possibles  |9, 10, 12, 14|
|0, 14, 9, 9|---> |4, 6| possibles  |9, 10, 12, 14|
|2, 2, 9, 9|---> |1, 3| possibles  |15|
|2, 5, 9, 9|---> |1, 3| possibles  |15|
|2, 9, 9, 9|---> |4, 8| possibles  |5, 9, 10, 14|
|2, 10, 9, 9|---> |4, 8| possibles  |5, 9, 10, 14|
|2, 14, 9, 9|---> |4, 8| possibles  |5, 9, 10, 14|
|3, 3, 9, 9|---> |1, 1| possibles  |0, 3, 4, 9, 15|
|3, 9, 9, 9|---> |1, 1| possibles  |0, 3, 4, 9, 15|
|3, 10, 9, 9|---> |1, 2| possibles  |3, 15|
|3, 13, 9, 9|---> |1, 5| possibles  |3, 4|
|3, 14, 9, 9|---> |4, 6| possibles  |9, 10, 12, 14|
|5, 5, 9, 9|---> |1, 3| possibles  |15|
|5, 9, 9, 9|---> |4, 4| possibles  |1, 5, 9, 10, 12, 14|
|5, 10, 9, 9|---> |4, 4| possibles  |1, 5, 9, 10, 12, 14|
|5, 14, 9, 9|---> |4, 4| possibles  |1, 5, 9, 10, 12, 14|
|9, 9, 9, 9|---> |1, 1| possibles  |0, 3, 4, 9, 15|
|9, 9, 9, 9|---> |1, 1| possibles  |0, 3, 4, 9, 15|
|9, 10, 9, 9|---> |4, 4| possibles  |1, 5, 9, 10, 12, 14|
|9, 10, 9, 9|---> |4, 4| possibles  |1, 5, 9, 10, 12, 14|
|9, 13, 9, 9|---> |4, 6| possibles  |9, 10, 12, 14|
|9, 14, 9, 9|---> |4, 4| possibles  |1, 5, 9, 10, 12, 14|
|9, 14, 9, 9|---> |4, 4| possibles  |1, 5, 9, 10, 12, 14|
|10, 10, 9, 9|---> |1, 2| possibles  |3, 15|
|10, 10, 9, 9|---> |1, 2| possibles  |3, 15|
|10, 13, 9, 9|---> |4, 6| possibles  |9, 10, 12, 14|
|10, 14, 9, 9|---> |4, 4| possibles  |1, 5, 9, 10, 12, 14|
|10, 14, 9, 9|---> |4, 4| possibles  |1, 5, 9, 10, 12, 14|
|13, 13, 9, 9|---> |1, 5| possibles  |3, 4|
|13, 14, 9, 9|---> |4, 6| possibles  |9, 10, 12, 14|
|14, 14, 9, 9|---> |4, 4| possibles  |1, 5, 9, 10, 12, 14|
|14, 14, 9, 9|---> |4, 4| possibles  |1, 5, 9, 10, 12, 14|
|0, 0, 9, 10|---> |1, 7| possibles  |9, 15|
|0, 2, 9, 10|---> |4, 8| possibles  |5, 9, 10, 14|
|0, 5, 9, 10|---> |4, 8| possibles  |5, 9, 10, 14|
|0, 9, 9, 10|---> |1, 7| possibles  |9, 15|
|0, 10, 9, 10|---> |4, 6| possibles  |9, 10, 12, 14|
|0, 14, 9, 10|---> |4, 6| possibles  |9, 10, 12, 14|
|2, 2, 9, 10|---> |3, 4| possibles  |1, 5|
|2, 5, 9, 10|---> |3, 4| possibles  |1, 5|
|2, 9, 9, 10|---> |4, 8| possibles  |5, 9, 10, 14|
|2, 10, 9, 10|---> |4, 8| possibles  |5, 9, 10, 14|
|2, 14, 9, 10|---> |4, 8| possibles  |5, 9, 10, 14|
|3, 3, 9, 10|---> |1, 7| possibles  |9, 15|
|3, 9, 9, 10|---> |1, 7| possibles  |9, 15|
|3, 10, 9, 10|---> |2, 4| possibles  |10, 12|
|3, 13, 9, 10|---> |5, 6| possibles  |3, 7, 13|
|3, 14, 9, 10|---> |4, 6| possibles  |9, 10, 12, 14|
|5, 5, 9, 10|---> |3, 4| possibles  |1, 5|
|5, 9, 9, 10|---> |4, 4| possibles  |1, 5, 9, 10, 12, 14|
|5, 10, 9, 10|---> |4, 4| possibles  |1, 5, 9, 10, 12, 14|
|5, 14, 9, 10|---> |4, 4| possibles  |1, 5, 9, 10, 12, 14|
|9, 9, 9, 10|---> |1, 7| possibles  |9, 15|
|9, 9, 9, 10|---> |1, 7| possibles  |9, 15|
|9, 10, 9, 10|---> |4, 4| possibles  |1, 5, 9, 10, 12, 14|
|9, 10, 9, 10|---> |4, 4| possibles  |1, 5, 9, 10, 12, 14|
|9, 13, 9, 10|---> |4, 6| possibles  |9, 10, 12, 14|
|9, 14, 9, 10|---> |4, 4| possibles  |1, 5, 9, 10, 12, 14|
|9, 14, 9, 10|---> |4, 4| possibles  |1, 5, 9, 10, 12, 14|
|10, 10, 9, 10|---> |2, 4| possibles  |10, 12|
|10, 10, 9, 10|---> |2, 4| possibles  |10, 12|
|10, 13, 9, 10|---> |4, 6| possibles  |9, 10, 12, 14|
|10, 14, 9, 10|---> |4, 4| possibles  |1, 5, 9, 10, 12, 14|
|10, 14, 9, 10|---> |4, 4| possibles  |1, 5, 9, 10, 12, 14|
|13, 13, 9, 10|---> |5, 6| possibles  |3, 7, 13|
|13, 14, 9, 10|---> |4, 6| possibles  |9, 10, 12, 14|
|14, 14, 9, 10|---> |4, 4| possibles  |1, 5, 9, 10, 12, 14|
|14, 14, 9, 10|---> |4, 4| possibles  |1, 5, 9, 10, 12, 14|
|0, 0, 9, 13|---> |1, 12| possibles  |4, 9|
|0, 2, 9, 13|---> |8, 12| possibles  |2, 9|
|0, 5, 9, 13|---> |8, 12| possibles  |2, 9|
|0, 9, 9, 13|---> |1, 12| possibles  |4, 9|
|0, 10, 9, 13|---> |6, 6| possibles  |0, 3, 7, 9, 10, 12, 13, 14|
|0, 14, 9, 13|---> |6, 6| possibles  |0, 3, 7, 9, 10, 12, 13, 14|
|2, 2, 9, 13|---> |3, 12| possibles  |2, 6|
|2, 5, 9, 13|---> |3, 12| possibles  |2, 6|
|2, 9, 9, 13|---> |8, 12| possibles  |2, 9|
|2, 10, 9, 13|---> |8, 12| possibles  |2, 9|
|2, 14, 9, 13|---> |8, 12| possibles  |2, 9|
|5, 5, 9, 13|---> |3, 12| possibles  |2, 6|
|5, 9, 9, 13|---> |4, 6| possibles  |9, 10, 12, 14|
|5, 10, 9, 13|---> |4, 6| possibles  |9, 10, 12, 14|
|5, 14, 9, 13|---> |4, 6| possibles  |9, 10, 12, 14|
|9, 9, 9, 13|---> |1, 12| possibles  |4, 9|
|9, 10, 9, 13|---> |4, 6| possibles  |9, 10, 12, 14|
|9, 14, 9, 13|---> |4, 6| possibles  |9, 10, 12, 14|
|10, 10, 9, 13|---> |2, 6| possibles  |3, 10, 12|
|10, 14, 9, 13|---> |4, 6| possibles  |9, 10, 12, 14|
|14, 14, 9, 13|---> |4, 6| possibles  |9, 10, 12, 14|
|0, 0, 9, 14|---> |4, 6| possibles  |9, 10, 12, 14|
|0, 2, 9, 14|---> |4, 8| possibles  |5, 9, 10, 14|
|0, 5, 9, 14|---> |4, 8| possibles  |5, 9, 10, 14|
|0, 9, 9, 14|---> |4, 6| possibles  |9, 10, 12, 14|
|0, 10, 9, 14|---> |4, 6| possibles  |9, 10, 12, 14|
|0, 14, 9, 14|---> |4, 6| possibles  |9, 10, 12, 14|
|2, 2, 9, 14|---> |3, 4| possibles  |1, 5|
|2, 5, 9, 14|---> |3, 4| possibles  |1, 5|
|2, 9, 9, 14|---> |4, 8| possibles  |5, 9, 10, 14|
|2, 10, 9, 14|---> |4, 8| possibles  |5, 9, 10, 14|
|2, 14, 9, 14|---> |4, 8| possibles  |5, 9, 10, 14|
|3, 3, 9, 14|---> |2, 4| possibles  |10, 12|
|3, 9, 9, 14|---> |4, 6| possibles  |9, 10, 12, 14|
|3, 10, 9, 14|---> |2, 4| possibles  |10, 12|
|3, 13, 9, 14|---> |5, 6| possibles  |3, 7, 13|
|3, 14, 9, 14|---> |4, 6| possibles  |9, 10, 12, 14|
|5, 5, 9, 14|---> |3, 4| possibles  |1, 5|
|5, 9, 9, 14|---> |4, 4| possibles  |1, 5, 9, 10, 12, 14|
|5, 10, 9, 14|---> |4, 4| possibles  |1, 5, 9, 10, 12, 14|
|5, 14, 9, 14|---> |4, 4| possibles  |1, 5, 9, 10, 12, 14|
|9, 9, 9, 14|---> |4, 4| possibles  |1, 5, 9, 10, 12, 14|
|9, 9, 9, 14|---> |4, 4| possibles  |1, 5, 9, 10, 12, 14|
|9, 10, 9, 14|---> |4, 4| possibles  |1, 5, 9, 10, 12, 14|
|9, 10, 9, 14|---> |4, 4| possibles  |1, 5, 9, 10, 12, 14|
|9, 13, 9, 14|---> |4, 6| possibles  |9, 10, 12, 14|
|9, 14, 9, 14|---> |4, 4| possibles  |1, 5, 9, 10, 12, 14|
|9, 14, 9, 14|---> |4, 4| possibles  |1, 5, 9, 10, 12, 14|
|10, 10, 9, 14|---> |2, 4| possibles  |10, 12|
|10, 10, 9, 14|---> |2, 4| possibles  |10, 12|
|10, 13, 9, 14|---> |4, 6| possibles  |9, 10, 12, 14|
|10, 14, 9, 14|---> |4, 4| possibles  |1, 5, 9, 10, 12, 14|
|10, 14, 9, 14|---> |4, 4| possibles  |1, 5, 9, 10, 12, 14|
|13, 13, 9, 14|---> |5, 6| possibles  |3, 7, 13|
|13, 14, 9, 14|---> |4, 6| possibles  |9, 10, 12, 14|
|14, 14, 9, 14|---> |4, 4| possibles  |1, 5, 9, 10, 12, 14|
|14, 14, 9, 14|---> |4, 4| possibles  |1, 5, 9, 10, 12, 14|
|0, 0, 10, 10|---> |1, 2| possibles  |3, 15|
|0, 2, 10, 10|---> |4, 8| possibles  |5, 9, 10, 14|
|0, 5, 10, 10|---> |4, 8| possibles  |5, 9, 10, 14|
|0, 9, 10, 10|---> |1, 2| possibles  |3, 15|
|0, 10, 10, 10|---> |2, 6| possibles  |3, 10, 12|
|0, 14, 10, 10|---> |2, 6| possibles  |3, 10, 12|
|2, 2, 10, 10|---> |2, 3| possibles  |15|
|2, 5, 10, 10|---> |2, 3| possibles  |15|
|2, 9, 10, 10|---> |4, 8| possibles  |5, 9, 10, 14|
|2, 10, 10, 10|---> |4, 8| possibles  |5, 9, 10, 14|
|2, 14, 10, 10|---> |4, 8| possibles  |5, 9, 10, 14|
|3, 3, 10, 10|---> |1, 2| possibles  |3, 15|
|3, 9, 10, 10|---> |1, 2| possibles  |3, 15|
|3, 10, 10, 10|---> |2, 2| possibles  |3, 8, 10, 12, 15|
|3, 13, 10, 10|---> |2, 5| possibles  |3, 8|
|3, 14, 10, 10|---> |2, 6| possibles  |3, 10, 12|
|5, 5, 10, 10|---> |2, 3| possibles  |15|
|5, 9, 10, 10|---> |2, 4| possibles  |10, 12|
|5, 10, 10, 10|---> |2, 4| possibles  |10, 12|
|5, 14, 10, 10|---> |2, 4| possibles  |10, 12|
|9, 9, 10, 10|---> |1, 2| possibles  |3, 15|
|9, 9, 10, 10|---> |1, 2| possibles  |3, 15|
|9, 10, 10, 10|---> |2, 4| possibles  |10, 12|
|9, 10, 10, 10|---> |2, 4| possibles  |10, 12|
|9, 13, 10, 10|---> |2, 6| possibles  |3, 10, 12|
|9, 14, 10, 10|---> |2, 4| possibles  |10, 12|
|9, 14, 10, 10|---> |2, 4| possibles  |10, 12|
|10, 10, 10, 10|---> |2, 2| possibles  |3, 8, 10, 12, 15|
|10, 10, 10, 10|---> |2, 2| possibles  |3, 8, 10, 12, 15|
|10, 13, 10, 10|---> |2, 6| possibles  |3, 10, 12|
|10, 14, 10, 10|---> |2, 4| possibles  |10, 12|
|10, 14, 10, 10|---> |2, 4| possibles  |10, 12|
|13, 13, 10, 10|---> |2, 5| possibles  |3, 8|
|13, 14, 10, 10|---> |2, 6| possibles  |3, 10, 12|
|14, 14, 10, 10|---> |2, 4| possibles  |10, 12|
|14, 14, 10, 10|---> |2, 4| possibles  |10, 12|
|0, 0, 10, 13|---> |6, 6| possibles  |0, 3, 7, 9, 10, 12, 13, 14|
|0, 2, 10, 13|---> |8, 15| possibles  |2, 9, 10, 14|
|0, 5, 10, 13|---> |8, 15| possibles  |2, 9, 10, 14|
|0, 9, 10, 13|---> |6, 6| possibles  |0, 3, 7, 9, 10, 12, 13, 14|
|0, 10, 10, 13|---> |6, 6| possibles  |0, 3, 7, 9, 10, 12, 13, 14|
|0, 14, 10, 13|---> |6, 6| possibles  |0, 3, 7, 9, 10, 12, 13, 14|
|2, 2, 10, 13|---> |3, 15| possibles  |1, 2|
|2, 5, 10, 13|---> |3, 15| possibles  |1, 2|
|2, 9, 10, 13|---> |8, 15| possibles  |2, 9, 10, 14|
|2, 10, 10, 13|---> |8, 15| possibles  |2, 9, 10, 14|
|2, 14, 10, 13|---> |8, 15| possibles  |2, 9, 10, 14|
|5, 5, 10, 13|---> |3, 15| possibles  |1, 2|
|5, 9, 10, 13|---> |4, 6| possibles  |9, 10, 12, 14|
|5, 10, 10, 13|---> |4, 6| possibles  |9, 10, 12, 14|
|5, 14, 10, 13|---> |4, 6| possibles  |9, 10, 12, 14|
|9, 9, 10, 13|---> |4, 6| possibles  |9, 10, 12, 14|
|9, 10, 10, 13|---> |4, 6| possibles  |9, 10, 12, 14|
|9, 14, 10, 13|---> |4, 6| possibles  |9, 10, 12, 14|
|10, 10, 10, 13|---> |2, 6| possibles  |3, 10, 12|
|10, 14, 10, 13|---> |4, 6| possibles  |9, 10, 12, 14|
|14, 14, 10, 13|---> |4, 6| possibles  |9, 10, 12, 14|
|0, 0, 10, 14|---> |4, 6| possibles  |9, 10, 12, 14|
|0, 2, 10, 14|---> |4, 8| possibles  |5, 9, 10, 14|
|0, 5, 10, 14|---> |4, 8| possibles  |5, 9, 10, 14|
|0, 9, 10, 14|---> |4, 6| possibles  |9, 10, 12, 14|
|0, 10, 10, 14|---> |4, 6| possibles  |9, 10, 12, 14|
|0, 14, 10, 14|---> |4, 6| possibles  |9, 10, 12, 14|
|2, 2, 10, 14|---> |3, 4| possibles  |1, 5|
|2, 5, 10, 14|---> |3, 4| possibles  |1, 5|
|2, 9, 10, 14|---> |4, 8| possibles  |5, 9, 10, 14|
|2, 10, 10, 14|---> |4, 8| possibles  |5, 9, 10, 14|
|2, 14, 10, 14|---> |4, 8| possibles  |5, 9, 10, 14|
|3, 3, 10, 14|---> |2, 4| possibles  |10, 12|
|3, 9, 10, 14|---> |4, 6| possibles  |9, 10, 12, 14|
|3, 10, 10, 14|---> |2, 4| possibles  |10, 12|
|3, 13, 10, 14|---> |5, 6| possibles  |3, 7, 13|
|3, 14, 10, 14|---> |4, 6| possibles  |9, 10, 12, 14|
|5, 5, 10, 14|---> |3, 4| possibles  |1, 5|
|5, 9, 10, 14|---> |4, 4| possibles  |1, 5, 9, 10, 12, 14|
|5, 10, 10, 14|---> |4, 4| possibles  |1, 5, 9, 10, 12, 14|
|5, 14, 10, 14|---> |4, 4| possibles  |1, 5, 9, 10, 12, 14|
|9, 9, 10, 14|---> |4, 4| possibles  |1, 5, 9, 10, 12, 14|
|9, 9, 10, 14|---> |4, 4| possibles  |1, 5, 9, 10, 12, 14|
|9, 10, 10, 14|---> |4, 4| possibles  |1, 5, 9, 10, 12, 14|
|9, 10, 10, 14|---> |4, 4| possibles  |1, 5, 9, 10, 12, 14|
|9, 13, 10, 14|---> |4, 6| possibles  |9, 10, 12, 14|
|9, 14, 10, 14|---> |4, 4| possibles  |1, 5, 9, 10, 12, 14|
|9, 14, 10, 14|---> |4, 4| possibles  |1, 5, 9, 10, 12, 14|
|10, 10, 10, 14|---> |2, 4| possibles  |10, 12|
|10, 10, 10, 14|---> |2, 4| possibles  |10, 12|
|10, 13, 10, 14|---> |4, 6| possibles  |9, 10, 12, 14|
|10, 14, 10, 14|---> |4, 4| possibles  |1, 5, 9, 10, 12, 14|
|10, 14, 10, 14|---> |4, 4| possibles  |1, 5, 9, 10, 12, 14|
|13, 13, 10, 14|---> |5, 6| possibles  |3, 7, 13|
|13, 14, 10, 14|---> |4, 6| possibles  |9, 10, 12, 14|
|14, 14, 10, 14|---> |4, 4| possibles  |1, 5, 9, 10, 12, 14|
|14, 14, 10, 14|---> |4, 4| possibles  |1, 5, 9, 10, 12, 14|
|0, 0, 13, 13|---> |1, 5| possibles  |3, 4|
|0, 2, 13, 13|---> |8, 12| possibles  |2, 9|
|0, 5, 13, 13|---> |8, 12| possibles  |2, 9|
|0, 9, 13, 13|---> |1, 5| possibles  |3, 4|
|0, 10, 13, 13|---> |5, 6| possibles  |3, 7, 13|
|0, 14, 13, 13|---> |5, 6| possibles  |3, 7, 13|
|2, 2, 13, 13|---> |3, 12| possibles  |2, 6|
|2, 5, 13, 13|---> |3, 12| possibles  |2, 6|
|2, 9, 13, 13|---> |8, 12| possibles  |2, 9|
|2, 10, 13, 13|---> |8, 12| possibles  |2, 9|
|2, 14, 13, 13|---> |8, 12| possibles  |2, 9|
|5, 5, 13, 13|---> |3, 12| possibles  |2, 6|
|5, 9, 13, 13|---> |4, 6| possibles  |9, 10, 12, 14|
|5, 10, 13, 13|---> |4, 6| possibles  |9, 10, 12, 14|
|5, 14, 13, 13|---> |4, 6| possibles  |9, 10, 12, 14|
|9, 9, 13, 13|---> |1, 5| possibles  |3, 4|
|9, 10, 13, 13|---> |4, 6| possibles  |9, 10, 12, 14|
|9, 14, 13, 13|---> |4, 6| possibles  |9, 10, 12, 14|
|10, 10, 13, 13|---> |2, 5| possibles  |3, 8|
|10, 14, 13, 13|---> |4, 6| possibles  |9, 10, 12, 14|
|14, 14, 13, 13|---> |4, 6| possibles  |9, 10, 12, 14|
|0, 0, 13, 14|---> |6, 6| possibles  |0, 3, 7, 9, 10, 12, 13, 14|
|0, 2, 13, 14|---> |8, 15| possibles  |2, 9, 10, 14|
|0, 5, 13, 14|---> |8, 15| possibles  |2, 9, 10, 14|
|0, 9, 13, 14|---> |6, 6| possibles  |0, 3, 7, 9, 10, 12, 13, 14|
|0, 10, 13, 14|---> |6, 6| possibles  |0, 3, 7, 9, 10, 12, 13, 14|
|0, 14, 13, 14|---> |6, 6| possibles  |0, 3, 7, 9, 10, 12, 13, 14|
|2, 2, 13, 14|---> |3, 15| possibles  |1, 2|
|2, 5, 13, 14|---> |3, 15| possibles  |1, 2|
|2, 9, 13, 14|---> |8, 15| possibles  |2, 9, 10, 14|
|2, 10, 13, 14|---> |8, 15| possibles  |2, 9, 10, 14|
|2, 14, 13, 14|---> |8, 15| possibles  |2, 9, 10, 14|
|5, 5, 13, 14|---> |3, 15| possibles  |1, 2|
|5, 9, 13, 14|---> |4, 6| possibles  |9, 10, 12, 14|
|5, 10, 13, 14|---> |4, 6| possibles  |9, 10, 12, 14|
|5, 14, 13, 14|---> |4, 6| possibles  |9, 10, 12, 14|
|9, 9, 13, 14|---> |4, 6| possibles  |9, 10, 12, 14|
|9, 10, 13, 14|---> |4, 6| possibles  |9, 10, 12, 14|
|9, 14, 13, 14|---> |4, 6| possibles  |9, 10, 12, 14|
|10, 10, 13, 14|---> |2, 6| possibles  |3, 10, 12|
|10, 14, 13, 14|---> |4, 6| possibles  |9, 10, 12, 14|
|14, 14, 13, 14|---> |4, 6| possibles  |9, 10, 12, 14|
|0, 0, 14, 14|---> |4, 6| possibles  |9, 10, 12, 14|
|0, 2, 14, 14|---> |4, 8| possibles  |5, 9, 10, 14|
|0, 5, 14, 14|---> |4, 8| possibles  |5, 9, 10, 14|
|0, 9, 14, 14|---> |4, 6| possibles  |9, 10, 12, 14|
|0, 10, 14, 14|---> |4, 6| possibles  |9, 10, 12, 14|
|0, 14, 14, 14|---> |4, 6| possibles  |9, 10, 12, 14|
|2, 2, 14, 14|---> |3, 4| possibles  |1, 5|
|2, 5, 14, 14|---> |3, 4| possibles  |1, 5|
|2, 9, 14, 14|---> |4, 8| possibles  |5, 9, 10, 14|
|2, 10, 14, 14|---> |4, 8| possibles  |5, 9, 10, 14|
|2, 14, 14, 14|---> |4, 8| possibles  |5, 9, 10, 14|
|3, 3, 14, 14|---> |2, 4| possibles  |10, 12|
|3, 9, 14, 14|---> |4, 6| possibles  |9, 10, 12, 14|
|3, 10, 14, 14|---> |2, 4| possibles  |10, 12|
|3, 13, 14, 14|---> |5, 6| possibles  |3, 7, 13|
|3, 14, 14, 14|---> |4, 6| possibles  |9, 10, 12, 14|
|5, 5, 14, 14|---> |3, 4| possibles  |1, 5|
|5, 9, 14, 14|---> |4, 4| possibles  |1, 5, 9, 10, 12, 14|
|5, 10, 14, 14|---> |4, 4| possibles  |1, 5, 9, 10, 12, 14|
|5, 14, 14, 14|---> |4, 4| possibles  |1, 5, 9, 10, 12, 14|
|9, 9, 14, 14|---> |4, 4| possibles  |1, 5, 9, 10, 12, 14|
|9, 9, 14, 14|---> |4, 4| possibles  |1, 5, 9, 10, 12, 14|
|9, 10, 14, 14|---> |4, 4| possibles  |1, 5, 9, 10, 12, 14|
|9, 10, 14, 14|---> |4, 4| possibles  |1, 5, 9, 10, 12, 14|
|9, 13, 14, 14|---> |4, 6| possibles  |9, 10, 12, 14|
|9, 14, 14, 14|---> |4, 4| possibles  |1, 5, 9, 10, 12, 14|
|9, 14, 14, 14|---> |4, 4| possibles  |1, 5, 9, 10, 12, 14|
|10, 10, 14, 14|---> |2, 4| possibles  |10, 12|
|10, 10, 14, 14|---> |2, 4| possibles  |10, 12|
|10, 13, 14, 14|---> |4, 6| possibles  |9, 10, 12, 14|
|10, 14, 14, 14|---> |4, 4| possibles  |1, 5, 9, 10, 12, 14|
|10, 14, 14, 14|---> |4, 4| possibles  |1, 5, 9, 10, 12, 14|
|13, 13, 14, 14|---> |5, 6| possibles  |3, 7, 13|
|13, 14, 14, 14|---> |4, 6| possibles  |9, 10, 12, 14|
|14, 14, 14, 14|---> |4, 4| possibles  |1, 5, 9, 10, 12, 14|
|14, 14, 14, 14|---> |4, 4| possibles  |1, 5, 9, 10, 12, 14|
+++++++++++++++++++++++++++++++++++++++
bad coloring on level 2  |2, 5, 0, 13|
bad coloring on level 2  |6, 10, 0, 13|
bad coloring on level 2  |9, 15, 0, 13|
bad coloring on level 2  |3, 15, 1, 3|
bad coloring on level 2  |6, 10, 1, 3|
bad coloring on level 2  |9, 15, 1, 3|
bad coloring on level 2  |10, 15, 1, 3|
bad coloring on level 2  |3, 15, 1, 13|
bad coloring on level 2  |6, 10, 1, 13|
bad coloring on level 2  |9, 15, 1, 13|
bad coloring on level 2  |10, 15, 1, 13|
bad coloring on level 2  |3, 15, 2, 3|
bad coloring on level 2  |6, 10, 2, 3|
bad coloring on level 2  |9, 15, 2, 3|
bad coloring on level 2  |10, 15, 2, 3|
bad coloring on level 2  |0, 13, 2, 5|
bad coloring on level 2  |12, 13, 2, 5|
bad coloring on level 2  |3, 15, 2, 10|
bad coloring on level 2  |3, 15, 2, 14|
bad coloring on level 2  |5, 14, 3, 4|
bad coloring on level 2  |6, 10, 3, 7|
bad coloring on level 2  |6, 10, 3, 13|
bad coloring on level 2  |6, 10, 3, 14|
bad coloring on level 2  |9, 15, 3, 14|
bad coloring on level 2  |1, 3, 3, 15|
bad coloring on level 2  |1, 13, 3, 15|
bad coloring on level 2  |2, 3, 3, 15|
bad coloring on level 2  |2, 10, 3, 15|
bad coloring on level 2  |2, 14, 3, 15|
bad coloring on level 2  |3, 4, 5, 14|
bad coloring on level 2  |0, 13, 6, 10|
bad coloring on level 2  |1, 3, 6, 10|
bad coloring on level 2  |1, 13, 6, 10|
bad coloring on level 2  |2, 3, 6, 10|
bad coloring on level 2  |3, 7, 6, 10|
bad coloring on level 2  |3, 13, 6, 10|
bad coloring on level 2  |3, 14, 6, 10|
bad coloring on level 2  |7, 9, 6, 10|
bad coloring on level 2  |7, 10, 6, 10|
bad coloring on level 2  |7, 13, 6, 10|
bad coloring on level 2  |7, 14, 6, 10|
bad coloring on level 2  |10, 13, 6, 10|
bad coloring on level 2  |12, 13, 6, 10|
bad coloring on level 2  |13, 14, 6, 10|
bad coloring on level 2  |6, 10, 7, 9|
bad coloring on level 2  |9, 15, 7, 9|
bad coloring on level 2  |6, 10, 7, 10|
bad coloring on level 2  |9, 15, 7, 10|
bad coloring on level 2  |6, 10, 7, 13|
bad coloring on level 2  |6, 10, 7, 14|
bad coloring on level 2  |9, 15, 7, 14|
bad coloring on level 2  |0, 13, 9, 15|
bad coloring on level 2  |1, 3, 9, 15|
bad coloring on level 2  |1, 13, 9, 15|
bad coloring on level 2  |2, 3, 9, 15|
bad coloring on level 2  |3, 14, 9, 15|
bad coloring on level 2  |7, 9, 9, 15|
bad coloring on level 2  |7, 10, 9, 15|
bad coloring on level 2  |7, 14, 9, 15|
bad coloring on level 2  |10, 13, 9, 15|
bad coloring on level 2  |12, 13, 9, 15|
bad coloring on level 2  |13, 14, 9, 15|
bad coloring on level 2  |6, 10, 10, 13|
bad coloring on level 2  |9, 15, 10, 13|
bad coloring on level 2  |1, 3, 10, 15|
bad coloring on level 2  |1, 13, 10, 15|
bad coloring on level 2  |2, 3, 10, 15|
bad coloring on level 2  |2, 5, 12, 13|
bad coloring on level 2  |6, 10, 12, 13|
bad coloring on level 2  |9, 15, 12, 13|
bad coloring on level 2  |6, 10, 13, 14|
bad coloring on level 2  |9, 15, 13, 14|

72 bad colorings on level 2
