Trying substitutions to: 0
with goodVertices 1, 2, 4, 5, 6, 7, 9, 11, 13, 14
bad color to improve: 1  6  with index 21
bad color to improve: 1  13  with index 28
bad color to improve: 6  13  with index 88
3 bad colorings on level 1
bad coloring on level 2  |5, 11, 0, 3|
bad coloring on level 2  |12, 15, 0, 3|
bad coloring on level 2  |3, 15, 0, 12|
bad coloring on level 2  |4, 9, 0, 12|
bad coloring on level 2  |3, 12, 0, 15|
bad coloring on level 2  |7, 14, 0, 15|
bad coloring on level 2  |5, 11, 3, 3|
bad coloring on level 2  |12, 15, 3, 3|
bad coloring on level 2  |5, 11, 3, 4|
bad coloring on level 2  |5, 12, 3, 4|
bad coloring on level 2  |12, 15, 3, 4|
bad coloring on level 2  |5, 11, 3, 7|
bad coloring on level 2  |5, 15, 3, 7|
bad coloring on level 2  |12, 15, 3, 7|
bad coloring on level 2  |5, 11, 3, 9|
bad coloring on level 2  |11, 12, 3, 9|
bad coloring on level 2  |12, 15, 3, 9|
bad coloring on level 2  |0, 15, 3, 12|
bad coloring on level 2  |3, 15, 3, 12|
bad coloring on level 2  |4, 9, 3, 12|
bad coloring on level 2  |4, 15, 3, 12|
bad coloring on level 2  |5, 11, 3, 12|
bad coloring on level 2  |5, 15, 3, 12|
bad coloring on level 2  |9, 15, 3, 12|
bad coloring on level 2  |11, 15, 3, 12|
bad coloring on level 2  |12, 15, 3, 12|
bad coloring on level 2  |15, 15, 3, 12|
bad coloring on level 2  |5, 11, 3, 14|
bad coloring on level 2  |11, 15, 3, 14|
bad coloring on level 2  |12, 15, 3, 14|
bad coloring on level 2  |0, 12, 3, 15|
bad coloring on level 2  |3, 12, 3, 15|
bad coloring on level 2  |5, 11, 3, 15|
bad coloring on level 2  |5, 12, 3, 15|
bad coloring on level 2  |7, 12, 3, 15|
bad coloring on level 2  |7, 14, 3, 15|
bad coloring on level 2  |11, 12, 3, 15|
bad coloring on level 2  |12, 12, 3, 15|
bad coloring on level 2  |12, 14, 3, 15|
bad coloring on level 2  |12, 15, 3, 15|
bad coloring on level 2  |0, 12, 4, 9|
bad coloring on level 2  |3, 12, 4, 9|
bad coloring on level 2  |5, 12, 4, 9|
bad coloring on level 2  |7, 12, 4, 9|
bad coloring on level 2  |11, 12, 4, 9|
bad coloring on level 2  |12, 12, 4, 9|
bad coloring on level 2  |12, 14, 4, 9|
bad coloring on level 2  |12, 15, 4, 9|
bad coloring on level 2  |3, 12, 4, 15|
bad coloring on level 2  |7, 14, 4, 15|
bad coloring on level 2  |12, 14, 4, 15|
bad coloring on level 2  |0, 3, 5, 11|
bad coloring on level 2  |3, 3, 5, 11|
bad coloring on level 2  |3, 4, 5, 11|
bad coloring on level 2  |3, 7, 5, 11|
bad coloring on level 2  |3, 9, 5, 11|
bad coloring on level 2  |3, 12, 5, 11|
bad coloring on level 2  |3, 14, 5, 11|
bad coloring on level 2  |3, 15, 5, 11|
bad coloring on level 2  |3, 4, 5, 12|
bad coloring on level 2  |3, 15, 5, 12|
bad coloring on level 2  |4, 9, 5, 12|
bad coloring on level 2  |3, 7, 5, 15|
bad coloring on level 2  |3, 12, 5, 15|
bad coloring on level 2  |7, 14, 5, 15|
bad coloring on level 2  |3, 15, 7, 12|
bad coloring on level 2  |4, 9, 7, 12|
bad coloring on level 2  |9, 15, 7, 12|
bad coloring on level 2  |0, 15, 7, 14|
bad coloring on level 2  |3, 15, 7, 14|
bad coloring on level 2  |4, 15, 7, 14|
bad coloring on level 2  |5, 15, 7, 14|
bad coloring on level 2  |9, 15, 7, 14|
bad coloring on level 2  |11, 15, 7, 14|
bad coloring on level 2  |12, 15, 7, 14|
bad coloring on level 2  |15, 15, 7, 14|
bad coloring on level 2  |3, 12, 9, 15|
bad coloring on level 2  |7, 12, 9, 15|
bad coloring on level 2  |7, 14, 9, 15|
bad coloring on level 2  |3, 9, 11, 12|
bad coloring on level 2  |3, 15, 11, 12|
bad coloring on level 2  |4, 9, 11, 12|
bad coloring on level 2  |3, 12, 11, 15|
bad coloring on level 2  |3, 14, 11, 15|
bad coloring on level 2  |7, 14, 11, 15|
bad coloring on level 2  |3, 15, 12, 12|
bad coloring on level 2  |4, 9, 12, 12|
bad coloring on level 2  |3, 15, 12, 14|
bad coloring on level 2  |4, 9, 12, 14|
bad coloring on level 2  |4, 15, 12, 14|
bad coloring on level 2  |0, 3, 12, 15|
bad coloring on level 2  |3, 3, 12, 15|
bad coloring on level 2  |3, 4, 12, 15|
bad coloring on level 2  |3, 7, 12, 15|
bad coloring on level 2  |3, 9, 12, 15|
bad coloring on level 2  |3, 12, 12, 15|
bad coloring on level 2  |3, 14, 12, 15|
bad coloring on level 2  |3, 15, 12, 15|
bad coloring on level 2  |4, 9, 12, 15|
bad coloring on level 2  |7, 14, 12, 15|
bad coloring on level 2  |3, 12, 15, 15|
bad coloring on level 2  |7, 14, 15, 15|

102 bad colorings on level 2
