Trying substitutions to: 13
with goodVertices 1, 2, 5, 6, 7, 8, 10, 11, 12, 14
bad color to improve: 5  11  with index 76
bad color to improve: 5  12  with index 77
bad color to improve: 11  12  with index 122
3 bad colorings on level 1
bad coloring on level 2  |3, 9, 2, 4|
bad coloring on level 2  |3, 10, 2, 4|
bad coloring on level 2  |10, 13, 2, 4|
bad coloring on level 2  |10, 14, 2, 4|
bad coloring on level 2  |3, 3, 2, 6|
bad coloring on level 2  |3, 4, 2, 6|
bad coloring on level 2  |3, 7, 2, 6|
bad coloring on level 2  |3, 8, 2, 6|
bad coloring on level 2  |3, 9, 2, 6|
bad coloring on level 2  |3, 10, 2, 6|
bad coloring on level 2  |3, 13, 2, 6|
bad coloring on level 2  |3, 14, 2, 6|
bad coloring on level 2  |8, 13, 2, 6|
bad coloring on level 2  |10, 13, 2, 6|
bad coloring on level 2  |3, 4, 2, 9|
bad coloring on level 2  |3, 8, 2, 9|
bad coloring on level 2  |7, 8, 2, 9|
bad coloring on level 2  |8, 13, 2, 9|
bad coloring on level 2  |2, 6, 3, 3|
bad coloring on level 2  |4, 9, 3, 3|
bad coloring on level 2  |6, 13, 3, 3|
bad coloring on level 2  |2, 6, 3, 4|
bad coloring on level 2  |2, 9, 3, 4|
bad coloring on level 2  |3, 9, 3, 4|
bad coloring on level 2  |4, 9, 3, 4|
bad coloring on level 2  |6, 9, 3, 4|
bad coloring on level 2  |6, 13, 3, 4|
bad coloring on level 2  |9, 9, 3, 4|
bad coloring on level 2  |9, 10, 3, 4|
bad coloring on level 2  |9, 13, 3, 4|
bad coloring on level 2  |9, 14, 3, 4|
bad coloring on level 2  |10, 13, 3, 4|
bad coloring on level 2  |10, 14, 3, 4|
bad coloring on level 2  |2, 6, 3, 7|
bad coloring on level 2  |4, 9, 3, 7|
bad coloring on level 2  |6, 9, 3, 7|
bad coloring on level 2  |6, 13, 3, 7|
bad coloring on level 2  |2, 6, 3, 8|
bad coloring on level 2  |2, 9, 3, 8|
bad coloring on level 2  |4, 9, 3, 8|
bad coloring on level 2  |6, 13, 3, 8|
bad coloring on level 2  |2, 4, 3, 9|
bad coloring on level 2  |2, 6, 3, 9|
bad coloring on level 2  |3, 4, 3, 9|
bad coloring on level 2  |4, 4, 3, 9|
bad coloring on level 2  |4, 6, 3, 9|
bad coloring on level 2  |4, 7, 3, 9|
bad coloring on level 2  |4, 8, 3, 9|
bad coloring on level 2  |4, 9, 3, 9|
bad coloring on level 2  |4, 13, 3, 9|
bad coloring on level 2  |6, 13, 3, 9|
bad coloring on level 2  |7, 8, 3, 9|
bad coloring on level 2  |8, 13, 3, 9|
bad coloring on level 2  |2, 4, 3, 10|
bad coloring on level 2  |2, 6, 3, 10|
bad coloring on level 2  |4, 9, 3, 10|
bad coloring on level 2  |6, 13, 3, 10|
bad coloring on level 2  |2, 6, 3, 13|
bad coloring on level 2  |4, 9, 3, 13|
bad coloring on level 2  |6, 13, 3, 13|
bad coloring on level 2  |2, 6, 3, 14|
bad coloring on level 2  |4, 6, 3, 14|
bad coloring on level 2  |4, 9, 3, 14|
bad coloring on level 2  |6, 13, 3, 14|
bad coloring on level 2  |3, 9, 4, 4|
bad coloring on level 2  |10, 13, 4, 4|
bad coloring on level 2  |10, 14, 4, 4|
bad coloring on level 2  |3, 9, 4, 6|
bad coloring on level 2  |3, 14, 4, 6|
bad coloring on level 2  |10, 13, 4, 6|
bad coloring on level 2  |10, 14, 4, 6|
bad coloring on level 2  |3, 9, 4, 7|
bad coloring on level 2  |9, 10, 4, 7|
bad coloring on level 2  |10, 13, 4, 7|
bad coloring on level 2  |10, 14, 4, 7|
bad coloring on level 2  |3, 9, 4, 8|
bad coloring on level 2  |9, 14, 4, 8|
bad coloring on level 2  |10, 13, 4, 8|
bad coloring on level 2  |10, 14, 4, 8|
bad coloring on level 2  |3, 3, 4, 9|
bad coloring on level 2  |3, 4, 4, 9|
bad coloring on level 2  |3, 7, 4, 9|
bad coloring on level 2  |3, 8, 4, 9|
bad coloring on level 2  |3, 9, 4, 9|
bad coloring on level 2  |3, 10, 4, 9|
bad coloring on level 2  |3, 13, 4, 9|
bad coloring on level 2  |3, 14, 4, 9|
bad coloring on level 2  |7, 8, 4, 9|
bad coloring on level 2  |8, 13, 4, 9|
bad coloring on level 2  |10, 13, 4, 9|
bad coloring on level 2  |10, 14, 4, 9|
bad coloring on level 2  |3, 9, 4, 13|
bad coloring on level 2  |10, 13, 4, 13|
bad coloring on level 2  |10, 14, 4, 13|
bad coloring on level 2  |3, 4, 6, 9|
bad coloring on level 2  |3, 7, 6, 9|
bad coloring on level 2  |7, 8, 6, 9|
bad coloring on level 2  |8, 13, 6, 9|
bad coloring on level 2  |3, 3, 6, 13|
bad coloring on level 2  |3, 4, 6, 13|
bad coloring on level 2  |3, 7, 6, 13|
bad coloring on level 2  |3, 8, 6, 13|
bad coloring on level 2  |3, 9, 6, 13|
bad coloring on level 2  |3, 10, 6, 13|
bad coloring on level 2  |3, 13, 6, 13|
bad coloring on level 2  |3, 14, 6, 13|
bad coloring on level 2  |7, 8, 6, 13|
bad coloring on level 2  |8, 13, 6, 13|
bad coloring on level 2  |10, 13, 6, 13|
bad coloring on level 2  |10, 14, 6, 13|
bad coloring on level 2  |2, 9, 7, 8|
bad coloring on level 2  |3, 9, 7, 8|
bad coloring on level 2  |4, 9, 7, 8|
bad coloring on level 2  |6, 9, 7, 8|
bad coloring on level 2  |6, 13, 7, 8|
bad coloring on level 2  |9, 9, 7, 8|
bad coloring on level 2  |9, 10, 7, 8|
bad coloring on level 2  |9, 13, 7, 8|
bad coloring on level 2  |9, 14, 7, 8|
bad coloring on level 2  |10, 13, 7, 8|
bad coloring on level 2  |2, 6, 8, 13|
bad coloring on level 2  |2, 9, 8, 13|
bad coloring on level 2  |3, 9, 8, 13|
bad coloring on level 2  |4, 9, 8, 13|
bad coloring on level 2  |6, 9, 8, 13|
bad coloring on level 2  |6, 13, 8, 13|
bad coloring on level 2  |9, 9, 8, 13|
bad coloring on level 2  |9, 10, 8, 13|
bad coloring on level 2  |9, 13, 8, 13|
bad coloring on level 2  |9, 14, 8, 13|
bad coloring on level 2  |10, 13, 8, 13|
bad coloring on level 2  |10, 14, 8, 13|
bad coloring on level 2  |3, 4, 9, 9|
bad coloring on level 2  |7, 8, 9, 9|
bad coloring on level 2  |8, 13, 9, 9|
bad coloring on level 2  |3, 4, 9, 10|
bad coloring on level 2  |4, 7, 9, 10|
bad coloring on level 2  |7, 8, 9, 10|
bad coloring on level 2  |8, 13, 9, 10|
bad coloring on level 2  |3, 4, 9, 13|
bad coloring on level 2  |7, 8, 9, 13|
bad coloring on level 2  |8, 13, 9, 13|
bad coloring on level 2  |3, 4, 9, 14|
bad coloring on level 2  |4, 8, 9, 14|
bad coloring on level 2  |7, 8, 9, 14|
bad coloring on level 2  |8, 13, 9, 14|
bad coloring on level 2  |2, 4, 10, 13|
bad coloring on level 2  |2, 6, 10, 13|
bad coloring on level 2  |3, 4, 10, 13|
bad coloring on level 2  |4, 4, 10, 13|
bad coloring on level 2  |4, 6, 10, 13|
bad coloring on level 2  |4, 7, 10, 13|
bad coloring on level 2  |4, 8, 10, 13|
bad coloring on level 2  |4, 9, 10, 13|
bad coloring on level 2  |4, 13, 10, 13|
bad coloring on level 2  |6, 13, 10, 13|
bad coloring on level 2  |7, 8, 10, 13|
bad coloring on level 2  |8, 13, 10, 13|
bad coloring on level 2  |2, 4, 10, 14|
bad coloring on level 2  |3, 4, 10, 14|
bad coloring on level 2  |4, 4, 10, 14|
bad coloring on level 2  |4, 6, 10, 14|
bad coloring on level 2  |4, 7, 10, 14|
bad coloring on level 2  |4, 8, 10, 14|
bad coloring on level 2  |4, 9, 10, 14|
bad coloring on level 2  |4, 13, 10, 14|
bad coloring on level 2  |6, 13, 10, 14|
bad coloring on level 2  |8, 13, 10, 14|

168 bad colorings on level 2
