Trying substitutions to: 4
with goodVertices 1, 2, 5, 6, 11, 12, 15
bad color to improve: 1  5  with index 20
bad color to improve: 1  12  with index 27
bad color to improve: 5  5  with index 70
bad color to improve: 5  9  with index 74
bad color to improve: 5  10  with index 75
bad color to improve: 5  12  with index 77
bad color to improve: 5  14  with index 79
7 bad colorings on level 1
bad coloring on level 2  |8, 13, 0, 0|
bad coloring on level 2  |8, 13, 0, 2|
bad coloring on level 2  |2, 9, 0, 3|
bad coloring on level 2  |2, 13, 0, 3|
bad coloring on level 2  |4, 13, 0, 3|
bad coloring on level 2  |6, 13, 0, 3|
bad coloring on level 2  |8, 13, 0, 3|
bad coloring on level 2  |8, 13, 0, 4|
bad coloring on level 2  |8, 13, 0, 6|
bad coloring on level 2  |8, 13, 0, 7|
bad coloring on level 2  |8, 13, 0, 8|
bad coloring on level 2  |8, 13, 0, 9|
bad coloring on level 2  |8, 13, 0, 11|
bad coloring on level 2  |8, 13, 0, 15|
bad coloring on level 2  |8, 13, 1, 1|
bad coloring on level 2  |8, 13, 1, 4|
bad coloring on level 2  |8, 13, 1, 6|
bad coloring on level 2  |8, 13, 1, 7|
bad coloring on level 2  |8, 13, 1, 8|
bad coloring on level 2  |8, 13, 1, 11|
bad coloring on level 2  |8, 13, 1, 12|
bad coloring on level 2  |8, 13, 1, 15|
bad coloring on level 2  |8, 13, 2, 2|
bad coloring on level 2  |8, 13, 2, 4|
bad coloring on level 2  |8, 13, 2, 6|
bad coloring on level 2  |8, 13, 2, 7|
bad coloring on level 2  |8, 13, 2, 8|
bad coloring on level 2  |0, 3, 2, 9|
bad coloring on level 2  |3, 4, 2, 9|
bad coloring on level 2  |3, 8, 2, 9|
bad coloring on level 2  |3, 15, 2, 9|
bad coloring on level 2  |8, 13, 2, 9|
bad coloring on level 2  |8, 13, 2, 11|
bad coloring on level 2  |0, 3, 2, 13|
bad coloring on level 2  |3, 4, 2, 13|
bad coloring on level 2  |3, 8, 2, 13|
bad coloring on level 2  |3, 15, 2, 13|
bad coloring on level 2  |8, 13, 2, 13|
bad coloring on level 2  |8, 13, 2, 15|
bad coloring on level 2  |8, 13, 3, 3|
bad coloring on level 2  |2, 9, 3, 4|
bad coloring on level 2  |2, 13, 3, 4|
bad coloring on level 2  |3, 7, 3, 4|
bad coloring on level 2  |3, 13, 3, 4|
bad coloring on level 2  |4, 13, 3, 4|
bad coloring on level 2  |6, 13, 3, 4|
bad coloring on level 2  |7, 13, 3, 4|
bad coloring on level 2  |8, 13, 3, 4|
bad coloring on level 2  |9, 13, 3, 4|
bad coloring on level 2  |13, 13, 3, 4|
bad coloring on level 2  |3, 4, 3, 7|
bad coloring on level 2  |8, 13, 3, 7|
bad coloring on level 2  |9, 15, 3, 7|
bad coloring on level 2  |2, 9, 3, 8|
bad coloring on level 2  |2, 13, 3, 8|
bad coloring on level 2  |4, 13, 3, 8|
bad coloring on level 2  |6, 13, 3, 8|
bad coloring on level 2  |8, 13, 3, 8|
bad coloring on level 2  |8, 13, 3, 9|
bad coloring on level 2  |3, 4, 3, 13|
bad coloring on level 2  |8, 13, 3, 13|
bad coloring on level 2  |9, 15, 3, 13|
bad coloring on level 2  |2, 9, 3, 15|
bad coloring on level 2  |2, 13, 3, 15|
bad coloring on level 2  |4, 13, 3, 15|
bad coloring on level 2  |6, 13, 3, 15|
bad coloring on level 2  |8, 13, 3, 15|
bad coloring on level 2  |8, 13, 4, 4|
bad coloring on level 2  |8, 13, 4, 6|
bad coloring on level 2  |8, 13, 4, 7|
bad coloring on level 2  |8, 13, 4, 8|
bad coloring on level 2  |8, 13, 4, 9|
bad coloring on level 2  |8, 13, 4, 11|
bad coloring on level 2  |8, 13, 4, 12|
bad coloring on level 2  |0, 3, 4, 13|
bad coloring on level 2  |3, 4, 4, 13|
bad coloring on level 2  |3, 8, 4, 13|
bad coloring on level 2  |3, 15, 4, 13|
bad coloring on level 2  |8, 13, 4, 13|
bad coloring on level 2  |8, 13, 4, 15|
bad coloring on level 2  |8, 13, 6, 6|
bad coloring on level 2  |8, 13, 6, 7|
bad coloring on level 2  |8, 13, 6, 8|
bad coloring on level 2  |8, 13, 6, 9|
bad coloring on level 2  |8, 13, 6, 11|
bad coloring on level 2  |8, 13, 6, 12|
bad coloring on level 2  |0, 3, 6, 13|
bad coloring on level 2  |3, 4, 6, 13|
bad coloring on level 2  |3, 8, 6, 13|
bad coloring on level 2  |3, 15, 6, 13|
bad coloring on level 2  |8, 13, 6, 13|
bad coloring on level 2  |8, 13, 6, 15|
bad coloring on level 2  |8, 13, 7, 7|
bad coloring on level 2  |8, 13, 7, 8|
bad coloring on level 2  |8, 13, 7, 11|
bad coloring on level 2  |8, 13, 7, 12|
bad coloring on level 2  |3, 4, 7, 13|
bad coloring on level 2  |8, 13, 7, 13|
bad coloring on level 2  |9, 15, 7, 13|
bad coloring on level 2  |8, 13, 7, 15|
bad coloring on level 2  |8, 13, 8, 8|
bad coloring on level 2  |8, 13, 8, 11|
bad coloring on level 2  |8, 13, 8, 12|
bad coloring on level 2  |0, 0, 8, 13|
bad coloring on level 2  |0, 2, 8, 13|
bad coloring on level 2  |0, 3, 8, 13|
bad coloring on level 2  |0, 4, 8, 13|
bad coloring on level 2  |0, 6, 8, 13|
bad coloring on level 2  |0, 7, 8, 13|
bad coloring on level 2  |0, 8, 8, 13|
bad coloring on level 2  |0, 9, 8, 13|
bad coloring on level 2  |0, 11, 8, 13|
bad coloring on level 2  |0, 15, 8, 13|
bad coloring on level 2  |1, 1, 8, 13|
bad coloring on level 2  |1, 4, 8, 13|
bad coloring on level 2  |1, 6, 8, 13|
bad coloring on level 2  |1, 7, 8, 13|
bad coloring on level 2  |1, 8, 8, 13|
bad coloring on level 2  |1, 11, 8, 13|
bad coloring on level 2  |1, 12, 8, 13|
bad coloring on level 2  |1, 15, 8, 13|
bad coloring on level 2  |2, 2, 8, 13|
bad coloring on level 2  |2, 4, 8, 13|
bad coloring on level 2  |2, 6, 8, 13|
bad coloring on level 2  |2, 7, 8, 13|
bad coloring on level 2  |2, 8, 8, 13|
bad coloring on level 2  |2, 9, 8, 13|
bad coloring on level 2  |2, 11, 8, 13|
bad coloring on level 2  |2, 13, 8, 13|
bad coloring on level 2  |2, 15, 8, 13|
bad coloring on level 2  |3, 3, 8, 13|
bad coloring on level 2  |3, 4, 8, 13|
bad coloring on level 2  |3, 7, 8, 13|
bad coloring on level 2  |3, 8, 8, 13|
bad coloring on level 2  |3, 9, 8, 13|
bad coloring on level 2  |3, 13, 8, 13|
bad coloring on level 2  |3, 15, 8, 13|
bad coloring on level 2  |4, 4, 8, 13|
bad coloring on level 2  |4, 6, 8, 13|
bad coloring on level 2  |4, 7, 8, 13|
bad coloring on level 2  |4, 8, 8, 13|
bad coloring on level 2  |4, 9, 8, 13|
bad coloring on level 2  |4, 11, 8, 13|
bad coloring on level 2  |4, 12, 8, 13|
bad coloring on level 2  |4, 13, 8, 13|
bad coloring on level 2  |4, 15, 8, 13|
bad coloring on level 2  |6, 6, 8, 13|
bad coloring on level 2  |6, 7, 8, 13|
bad coloring on level 2  |6, 8, 8, 13|
bad coloring on level 2  |6, 9, 8, 13|
bad coloring on level 2  |6, 11, 8, 13|
bad coloring on level 2  |6, 12, 8, 13|
bad coloring on level 2  |6, 13, 8, 13|
bad coloring on level 2  |6, 15, 8, 13|
bad coloring on level 2  |7, 7, 8, 13|
bad coloring on level 2  |7, 8, 8, 13|
bad coloring on level 2  |7, 11, 8, 13|
bad coloring on level 2  |7, 12, 8, 13|
bad coloring on level 2  |7, 13, 8, 13|
bad coloring on level 2  |7, 15, 8, 13|
bad coloring on level 2  |8, 8, 8, 13|
bad coloring on level 2  |8, 11, 8, 13|
bad coloring on level 2  |8, 12, 8, 13|
bad coloring on level 2  |8, 13, 8, 13|
bad coloring on level 2  |8, 15, 8, 13|
bad coloring on level 2  |9, 9, 8, 13|
bad coloring on level 2  |9, 13, 8, 13|
bad coloring on level 2  |9, 15, 8, 13|
bad coloring on level 2  |11, 11, 8, 13|
bad coloring on level 2  |11, 12, 8, 13|
bad coloring on level 2  |11, 15, 8, 13|
bad coloring on level 2  |12, 12, 8, 13|
bad coloring on level 2  |12, 15, 8, 13|
bad coloring on level 2  |13, 13, 8, 13|
bad coloring on level 2  |15, 15, 8, 13|
bad coloring on level 2  |8, 13, 8, 15|
bad coloring on level 2  |8, 13, 9, 9|
bad coloring on level 2  |3, 4, 9, 13|
bad coloring on level 2  |8, 13, 9, 13|
bad coloring on level 2  |3, 7, 9, 15|
bad coloring on level 2  |3, 13, 9, 15|
bad coloring on level 2  |7, 13, 9, 15|
bad coloring on level 2  |8, 13, 9, 15|
bad coloring on level 2  |8, 13, 11, 11|
bad coloring on level 2  |8, 13, 11, 12|
bad coloring on level 2  |8, 13, 11, 15|
bad coloring on level 2  |8, 13, 12, 12|
bad coloring on level 2  |8, 13, 12, 15|
bad coloring on level 2  |3, 4, 13, 13|
bad coloring on level 2  |8, 13, 13, 13|
bad coloring on level 2  |8, 13, 15, 15|

191 bad colorings on level 2
