Trying substitutions to: 10
with goodVertices 1, 2, 5, 6, 9, 11, 12, 14, 15
bad color to improve: 0  2  with index 2
bad color to improve: 0  11  with index 11
bad color to improve: 2  11  with index 40
3 bad colorings on level 1
bad coloring on level 2  |3, 3, 1, 6|
bad coloring on level 2  |3, 8, 1, 6|
bad coloring on level 2  |3, 9, 1, 6|
bad coloring on level 2  |3, 10, 1, 6|
bad coloring on level 2  |3, 12, 1, 6|
bad coloring on level 2  |3, 13, 1, 6|
bad coloring on level 2  |3, 14, 1, 6|
bad coloring on level 2  |3, 15, 1, 6|
bad coloring on level 2  |3, 9, 1, 8|
bad coloring on level 2  |3, 13, 1, 8|
bad coloring on level 2  |9, 14, 1, 8|
bad coloring on level 2  |3, 8, 1, 13|
bad coloring on level 2  |3, 15, 1, 13|
bad coloring on level 2  |12, 15, 1, 13|
bad coloring on level 2  |1, 6, 3, 3|
bad coloring on level 2  |8, 13, 3, 3|
bad coloring on level 2  |1, 6, 3, 8|
bad coloring on level 2  |1, 13, 3, 8|
bad coloring on level 2  |3, 13, 3, 8|
bad coloring on level 2  |6, 13, 3, 8|
bad coloring on level 2  |8, 13, 3, 8|
bad coloring on level 2  |9, 13, 3, 8|
bad coloring on level 2  |9, 14, 3, 8|
bad coloring on level 2  |10, 13, 3, 8|
bad coloring on level 2  |13, 13, 3, 8|
bad coloring on level 2  |13, 14, 3, 8|
bad coloring on level 2  |1, 6, 3, 9|
bad coloring on level 2  |1, 8, 3, 9|
bad coloring on level 2  |8, 13, 3, 9|
bad coloring on level 2  |1, 6, 3, 10|
bad coloring on level 2  |8, 13, 3, 10|
bad coloring on level 2  |1, 6, 3, 12|
bad coloring on level 2  |6, 13, 3, 12|
bad coloring on level 2  |8, 13, 3, 12|
bad coloring on level 2  |1, 6, 3, 13|
bad coloring on level 2  |1, 8, 3, 13|
bad coloring on level 2  |3, 8, 3, 13|
bad coloring on level 2  |6, 8, 3, 13|
bad coloring on level 2  |8, 8, 3, 13|
bad coloring on level 2  |8, 10, 3, 13|
bad coloring on level 2  |8, 12, 3, 13|
bad coloring on level 2  |8, 13, 3, 13|
bad coloring on level 2  |8, 15, 3, 13|
bad coloring on level 2  |12, 15, 3, 13|
bad coloring on level 2  |1, 6, 3, 14|
bad coloring on level 2  |6, 8, 3, 14|
bad coloring on level 2  |8, 13, 3, 14|
bad coloring on level 2  |1, 6, 3, 15|
bad coloring on level 2  |1, 13, 3, 15|
bad coloring on level 2  |8, 13, 3, 15|
bad coloring on level 2  |3, 13, 6, 8|
bad coloring on level 2  |3, 14, 6, 8|
bad coloring on level 2  |9, 14, 6, 8|
bad coloring on level 2  |3, 8, 6, 13|
bad coloring on level 2  |3, 12, 6, 13|
bad coloring on level 2  |12, 15, 6, 13|
bad coloring on level 2  |3, 13, 8, 8|
bad coloring on level 2  |9, 14, 8, 8|
bad coloring on level 2  |10, 13, 8, 8|
bad coloring on level 2  |3, 13, 8, 10|
bad coloring on level 2  |8, 13, 8, 10|
bad coloring on level 2  |9, 13, 8, 10|
bad coloring on level 2  |9, 14, 8, 10|
bad coloring on level 2  |10, 13, 8, 10|
bad coloring on level 2  |13, 13, 8, 10|
bad coloring on level 2  |13, 14, 8, 10|
bad coloring on level 2  |3, 13, 8, 12|
bad coloring on level 2  |9, 13, 8, 12|
bad coloring on level 2  |9, 14, 8, 12|
bad coloring on level 2  |10, 13, 8, 12|
bad coloring on level 2  |3, 3, 8, 13|
bad coloring on level 2  |3, 8, 8, 13|
bad coloring on level 2  |3, 9, 8, 13|
bad coloring on level 2  |3, 10, 8, 13|
bad coloring on level 2  |3, 12, 8, 13|
bad coloring on level 2  |3, 13, 8, 13|
bad coloring on level 2  |3, 14, 8, 13|
bad coloring on level 2  |3, 15, 8, 13|
bad coloring on level 2  |8, 10, 8, 13|
bad coloring on level 2  |9, 14, 8, 13|
bad coloring on level 2  |10, 13, 8, 13|
bad coloring on level 2  |12, 15, 8, 13|
bad coloring on level 2  |3, 13, 8, 15|
bad coloring on level 2  |9, 14, 8, 15|
bad coloring on level 2  |10, 13, 8, 15|
bad coloring on level 2  |13, 14, 8, 15|
bad coloring on level 2  |3, 8, 9, 13|
bad coloring on level 2  |8, 10, 9, 13|
bad coloring on level 2  |8, 12, 9, 13|
bad coloring on level 2  |12, 15, 9, 13|
bad coloring on level 2  |1, 8, 9, 14|
bad coloring on level 2  |3, 8, 9, 14|
bad coloring on level 2  |6, 8, 9, 14|
bad coloring on level 2  |8, 8, 9, 14|
bad coloring on level 2  |8, 10, 9, 14|
bad coloring on level 2  |8, 12, 9, 14|
bad coloring on level 2  |8, 13, 9, 14|
bad coloring on level 2  |8, 15, 9, 14|
bad coloring on level 2  |3, 8, 10, 13|
bad coloring on level 2  |8, 8, 10, 13|
bad coloring on level 2  |8, 10, 10, 13|
bad coloring on level 2  |8, 12, 10, 13|
bad coloring on level 2  |8, 13, 10, 13|
bad coloring on level 2  |8, 15, 10, 13|
bad coloring on level 2  |12, 15, 10, 13|
bad coloring on level 2  |1, 13, 12, 15|
bad coloring on level 2  |3, 13, 12, 15|
bad coloring on level 2  |6, 13, 12, 15|
bad coloring on level 2  |8, 13, 12, 15|
bad coloring on level 2  |9, 13, 12, 15|
bad coloring on level 2  |10, 13, 12, 15|
bad coloring on level 2  |13, 13, 12, 15|
bad coloring on level 2  |13, 14, 12, 15|
bad coloring on level 2  |3, 8, 13, 13|
bad coloring on level 2  |8, 10, 13, 13|
bad coloring on level 2  |12, 15, 13, 13|
bad coloring on level 2  |3, 8, 13, 14|
bad coloring on level 2  |8, 10, 13, 14|
bad coloring on level 2  |8, 15, 13, 14|
bad coloring on level 2  |12, 15, 13, 14|

120 bad colorings on level 2
