Trying substitutions to: 6
with goodVertices 1, 2, 5, 7, 8, 10, 11, 12, 13, 14
bad color to improve: 7  12  with index 96
bad color to improve: 7  14  with index 98
bad color to improve: 12  14  with index 128
3 bad colorings on level 1
bad coloring on level 2  |5, 10, 2, 4|
bad coloring on level 2  |6, 10, 2, 4|
bad coloring on level 2  |9, 15, 2, 4|
bad coloring on level 2  |10, 15, 2, 4|
bad coloring on level 2  |4, 15, 2, 9|
bad coloring on level 2  |6, 8, 2, 9|
bad coloring on level 2  |8, 11, 2, 9|
bad coloring on level 2  |8, 15, 2, 9|
bad coloring on level 2  |4, 15, 2, 13|
bad coloring on level 2  |5, 15, 2, 13|
bad coloring on level 2  |6, 8, 2, 13|
bad coloring on level 2  |6, 10, 2, 13|
bad coloring on level 2  |6, 15, 2, 13|
bad coloring on level 2  |8, 15, 2, 13|
bad coloring on level 2  |9, 15, 2, 13|
bad coloring on level 2  |10, 15, 2, 13|
bad coloring on level 2  |11, 15, 2, 13|
bad coloring on level 2  |15, 15, 2, 13|
bad coloring on level 2  |5, 10, 4, 4|
bad coloring on level 2  |6, 10, 4, 4|
bad coloring on level 2  |9, 15, 4, 4|
bad coloring on level 2  |5, 10, 4, 6|
bad coloring on level 2  |6, 10, 4, 6|
bad coloring on level 2  |9, 15, 4, 6|
bad coloring on level 2  |5, 9, 4, 8|
bad coloring on level 2  |5, 10, 4, 8|
bad coloring on level 2  |6, 10, 4, 8|
bad coloring on level 2  |9, 15, 4, 8|
bad coloring on level 2  |4, 15, 4, 9|
bad coloring on level 2  |5, 10, 4, 9|
bad coloring on level 2  |5, 15, 4, 9|
bad coloring on level 2  |6, 8, 4, 9|
bad coloring on level 2  |6, 10, 4, 9|
bad coloring on level 2  |6, 15, 4, 9|
bad coloring on level 2  |8, 11, 4, 9|
bad coloring on level 2  |8, 15, 4, 9|
bad coloring on level 2  |9, 15, 4, 9|
bad coloring on level 2  |10, 15, 4, 9|
bad coloring on level 2  |11, 15, 4, 9|
bad coloring on level 2  |15, 15, 4, 9|
bad coloring on level 2  |5, 10, 4, 11|
bad coloring on level 2  |6, 10, 4, 11|
bad coloring on level 2  |9, 10, 4, 11|
bad coloring on level 2  |9, 15, 4, 11|
bad coloring on level 2  |5, 10, 4, 13|
bad coloring on level 2  |5, 15, 4, 13|
bad coloring on level 2  |6, 10, 4, 13|
bad coloring on level 2  |9, 15, 4, 13|
bad coloring on level 2  |2, 9, 4, 15|
bad coloring on level 2  |2, 13, 4, 15|
bad coloring on level 2  |4, 9, 4, 15|
bad coloring on level 2  |5, 9, 4, 15|
bad coloring on level 2  |5, 10, 4, 15|
bad coloring on level 2  |6, 9, 4, 15|
bad coloring on level 2  |6, 10, 4, 15|
bad coloring on level 2  |6, 13, 4, 15|
bad coloring on level 2  |9, 9, 4, 15|
bad coloring on level 2  |9, 10, 4, 15|
bad coloring on level 2  |9, 13, 4, 15|
bad coloring on level 2  |9, 15, 4, 15|
bad coloring on level 2  |4, 8, 5, 9|
bad coloring on level 2  |4, 15, 5, 9|
bad coloring on level 2  |6, 8, 5, 9|
bad coloring on level 2  |8, 11, 5, 9|
bad coloring on level 2  |2, 4, 5, 10|
bad coloring on level 2  |4, 4, 5, 10|
bad coloring on level 2  |4, 6, 5, 10|
bad coloring on level 2  |4, 8, 5, 10|
bad coloring on level 2  |4, 9, 5, 10|
bad coloring on level 2  |4, 11, 5, 10|
bad coloring on level 2  |4, 13, 5, 10|
bad coloring on level 2  |4, 15, 5, 10|
bad coloring on level 2  |6, 8, 5, 10|
bad coloring on level 2  |6, 13, 5, 10|
bad coloring on level 2  |2, 13, 5, 15|
bad coloring on level 2  |4, 9, 5, 15|
bad coloring on level 2  |4, 13, 5, 15|
bad coloring on level 2  |6, 13, 5, 15|
bad coloring on level 2  |2, 9, 6, 8|
bad coloring on level 2  |2, 13, 6, 8|
bad coloring on level 2  |4, 9, 6, 8|
bad coloring on level 2  |5, 9, 6, 8|
bad coloring on level 2  |5, 10, 6, 8|
bad coloring on level 2  |6, 9, 6, 8|
bad coloring on level 2  |6, 10, 6, 8|
bad coloring on level 2  |6, 13, 6, 8|
bad coloring on level 2  |9, 9, 6, 8|
bad coloring on level 2  |9, 10, 6, 8|
bad coloring on level 2  |9, 13, 6, 8|
bad coloring on level 2  |9, 15, 6, 8|
bad coloring on level 2  |4, 15, 6, 9|
bad coloring on level 2  |6, 8, 6, 9|
bad coloring on level 2  |8, 11, 6, 9|
bad coloring on level 2  |2, 4, 6, 10|
bad coloring on level 2  |2, 13, 6, 10|
bad coloring on level 2  |4, 4, 6, 10|
bad coloring on level 2  |4, 6, 6, 10|
bad coloring on level 2  |4, 8, 6, 10|
bad coloring on level 2  |4, 9, 6, 10|
bad coloring on level 2  |4, 11, 6, 10|
bad coloring on level 2  |4, 13, 6, 10|
bad coloring on level 2  |4, 15, 6, 10|
bad coloring on level 2  |6, 8, 6, 10|
bad coloring on level 2  |6, 13, 6, 10|
bad coloring on level 2  |8, 11, 6, 10|
bad coloring on level 2  |4, 15, 6, 13|
bad coloring on level 2  |5, 10, 6, 13|
bad coloring on level 2  |5, 15, 6, 13|
bad coloring on level 2  |6, 8, 6, 13|
bad coloring on level 2  |6, 10, 6, 13|
bad coloring on level 2  |6, 15, 6, 13|
bad coloring on level 2  |8, 11, 6, 13|
bad coloring on level 2  |8, 15, 6, 13|
bad coloring on level 2  |9, 15, 6, 13|
bad coloring on level 2  |10, 15, 6, 13|
bad coloring on level 2  |11, 15, 6, 13|
bad coloring on level 2  |15, 15, 6, 13|
bad coloring on level 2  |2, 13, 6, 15|
bad coloring on level 2  |4, 9, 6, 15|
bad coloring on level 2  |6, 13, 6, 15|
bad coloring on level 2  |2, 9, 8, 11|
bad coloring on level 2  |4, 9, 8, 11|
bad coloring on level 2  |5, 9, 8, 11|
bad coloring on level 2  |6, 9, 8, 11|
bad coloring on level 2  |6, 10, 8, 11|
bad coloring on level 2  |6, 13, 8, 11|
bad coloring on level 2  |9, 9, 8, 11|
bad coloring on level 2  |9, 10, 8, 11|
bad coloring on level 2  |9, 13, 8, 11|
bad coloring on level 2  |9, 15, 8, 11|
bad coloring on level 2  |2, 9, 8, 15|
bad coloring on level 2  |2, 13, 8, 15|
bad coloring on level 2  |4, 9, 8, 15|
bad coloring on level 2  |6, 13, 8, 15|
bad coloring on level 2  |4, 15, 9, 9|
bad coloring on level 2  |6, 8, 9, 9|
bad coloring on level 2  |8, 11, 9, 9|
bad coloring on level 2  |4, 11, 9, 10|
bad coloring on level 2  |4, 15, 9, 10|
bad coloring on level 2  |6, 8, 9, 10|
bad coloring on level 2  |8, 11, 9, 10|
bad coloring on level 2  |4, 15, 9, 13|
bad coloring on level 2  |6, 8, 9, 13|
bad coloring on level 2  |8, 11, 9, 13|
bad coloring on level 2  |11, 15, 9, 13|
bad coloring on level 2  |2, 4, 9, 15|
bad coloring on level 2  |2, 13, 9, 15|
bad coloring on level 2  |4, 4, 9, 15|
bad coloring on level 2  |4, 6, 9, 15|
bad coloring on level 2  |4, 8, 9, 15|
bad coloring on level 2  |4, 9, 9, 15|
bad coloring on level 2  |4, 11, 9, 15|
bad coloring on level 2  |4, 13, 9, 15|
bad coloring on level 2  |4, 15, 9, 15|
bad coloring on level 2  |6, 8, 9, 15|
bad coloring on level 2  |6, 13, 9, 15|
bad coloring on level 2  |8, 11, 9, 15|
bad coloring on level 2  |2, 4, 10, 15|
bad coloring on level 2  |2, 13, 10, 15|
bad coloring on level 2  |4, 9, 10, 15|
bad coloring on level 2  |6, 13, 10, 15|
bad coloring on level 2  |2, 13, 11, 15|
bad coloring on level 2  |4, 9, 11, 15|
bad coloring on level 2  |6, 13, 11, 15|
bad coloring on level 2  |9, 13, 11, 15|
bad coloring on level 2  |2, 13, 15, 15|
bad coloring on level 2  |4, 9, 15, 15|
bad coloring on level 2  |6, 13, 15, 15|

168 bad colorings on level 2
