Trying substitutions to: 6
with goodVertices 1, 2, 4, 5, 7, 9, 11, 13, 14
bad color to improve: 0  7  with index 7
bad color to improve: 0  14  with index 14
bad color to improve: 7  14  with index 98
3 bad colorings on level 1
bad coloring on level 2  |5, 9, 1, 8|
bad coloring on level 2  |9, 15, 1, 8|
bad coloring on level 2  |10, 15, 1, 8|
bad coloring on level 2  |4, 11, 1, 10|
bad coloring on level 2  |4, 15, 1, 10|
bad coloring on level 2  |8, 15, 1, 10|
bad coloring on level 2  |4, 15, 1, 13|
bad coloring on level 2  |5, 15, 1, 13|
bad coloring on level 2  |6, 15, 1, 13|
bad coloring on level 2  |8, 15, 1, 13|
bad coloring on level 2  |9, 15, 1, 13|
bad coloring on level 2  |10, 15, 1, 13|
bad coloring on level 2  |11, 15, 1, 13|
bad coloring on level 2  |15, 15, 1, 13|
bad coloring on level 2  |5, 9, 4, 8|
bad coloring on level 2  |5, 10, 4, 8|
bad coloring on level 2  |6, 10, 4, 8|
bad coloring on level 2  |10, 15, 4, 8|
bad coloring on level 2  |1, 10, 4, 11|
bad coloring on level 2  |5, 10, 4, 11|
bad coloring on level 2  |6, 10, 4, 11|
bad coloring on level 2  |8, 10, 4, 11|
bad coloring on level 2  |9, 10, 4, 11|
bad coloring on level 2  |10, 10, 4, 11|
bad coloring on level 2  |10, 13, 4, 11|
bad coloring on level 2  |10, 15, 4, 11|
bad coloring on level 2  |1, 10, 4, 15|
bad coloring on level 2  |1, 13, 4, 15|
bad coloring on level 2  |8, 10, 4, 15|
bad coloring on level 2  |1, 8, 5, 9|
bad coloring on level 2  |4, 8, 5, 9|
bad coloring on level 2  |6, 8, 5, 9|
bad coloring on level 2  |8, 8, 5, 9|
bad coloring on level 2  |8, 10, 5, 9|
bad coloring on level 2  |8, 11, 5, 9|
bad coloring on level 2  |8, 13, 5, 9|
bad coloring on level 2  |8, 15, 5, 9|
bad coloring on level 2  |4, 8, 5, 10|
bad coloring on level 2  |4, 11, 5, 10|
bad coloring on level 2  |6, 8, 5, 10|
bad coloring on level 2  |8, 15, 5, 10|
bad coloring on level 2  |1, 13, 5, 15|
bad coloring on level 2  |8, 10, 5, 15|
bad coloring on level 2  |8, 13, 5, 15|
bad coloring on level 2  |5, 9, 6, 8|
bad coloring on level 2  |5, 10, 6, 8|
bad coloring on level 2  |6, 10, 6, 8|
bad coloring on level 2  |8, 10, 6, 8|
bad coloring on level 2  |9, 10, 6, 8|
bad coloring on level 2  |10, 10, 6, 8|
bad coloring on level 2  |10, 15, 6, 8|
bad coloring on level 2  |4, 8, 6, 10|
bad coloring on level 2  |4, 11, 6, 10|
bad coloring on level 2  |6, 8, 6, 10|
bad coloring on level 2  |8, 8, 6, 10|
bad coloring on level 2  |8, 10, 6, 10|
bad coloring on level 2  |8, 11, 6, 10|
bad coloring on level 2  |8, 15, 6, 10|
bad coloring on level 2  |1, 13, 6, 15|
bad coloring on level 2  |8, 10, 6, 15|
bad coloring on level 2  |5, 9, 8, 8|
bad coloring on level 2  |6, 10, 8, 8|
bad coloring on level 2  |10, 15, 8, 8|
bad coloring on level 2  |4, 11, 8, 10|
bad coloring on level 2  |4, 15, 8, 10|
bad coloring on level 2  |5, 9, 8, 10|
bad coloring on level 2  |5, 15, 8, 10|
bad coloring on level 2  |6, 8, 8, 10|
bad coloring on level 2  |6, 10, 8, 10|
bad coloring on level 2  |6, 15, 8, 10|
bad coloring on level 2  |8, 15, 8, 10|
bad coloring on level 2  |9, 15, 8, 10|
bad coloring on level 2  |10, 15, 8, 10|
bad coloring on level 2  |11, 15, 8, 10|
bad coloring on level 2  |15, 15, 8, 10|
bad coloring on level 2  |5, 9, 8, 11|
bad coloring on level 2  |6, 10, 8, 11|
bad coloring on level 2  |9, 10, 8, 11|
bad coloring on level 2  |10, 15, 8, 11|
bad coloring on level 2  |5, 9, 8, 13|
bad coloring on level 2  |5, 15, 8, 13|
bad coloring on level 2  |10, 15, 8, 13|
bad coloring on level 2  |1, 10, 8, 15|
bad coloring on level 2  |1, 13, 8, 15|
bad coloring on level 2  |5, 9, 8, 15|
bad coloring on level 2  |5, 10, 8, 15|
bad coloring on level 2  |6, 10, 8, 15|
bad coloring on level 2  |8, 10, 8, 15|
bad coloring on level 2  |9, 10, 8, 15|
bad coloring on level 2  |10, 10, 8, 15|
bad coloring on level 2  |10, 13, 8, 15|
bad coloring on level 2  |10, 15, 8, 15|
bad coloring on level 2  |4, 11, 9, 10|
bad coloring on level 2  |6, 8, 9, 10|
bad coloring on level 2  |8, 11, 9, 10|
bad coloring on level 2  |8, 15, 9, 10|
bad coloring on level 2  |1, 8, 9, 15|
bad coloring on level 2  |1, 13, 9, 15|
bad coloring on level 2  |8, 10, 9, 15|
bad coloring on level 2  |4, 11, 10, 10|
bad coloring on level 2  |6, 8, 10, 10|
bad coloring on level 2  |8, 15, 10, 10|
bad coloring on level 2  |4, 11, 10, 13|
bad coloring on level 2  |8, 15, 10, 13|
bad coloring on level 2  |11, 15, 10, 13|
bad coloring on level 2  |1, 8, 10, 15|
bad coloring on level 2  |1, 13, 10, 15|
bad coloring on level 2  |4, 8, 10, 15|
bad coloring on level 2  |4, 11, 10, 15|
bad coloring on level 2  |6, 8, 10, 15|
bad coloring on level 2  |8, 8, 10, 15|
bad coloring on level 2  |8, 10, 10, 15|
bad coloring on level 2  |8, 11, 10, 15|
bad coloring on level 2  |8, 13, 10, 15|
bad coloring on level 2  |8, 15, 10, 15|
bad coloring on level 2  |1, 13, 11, 15|
bad coloring on level 2  |8, 10, 11, 15|
bad coloring on level 2  |10, 13, 11, 15|
bad coloring on level 2  |1, 13, 15, 15|
bad coloring on level 2  |8, 10, 15, 15|

120 bad colorings on level 2
