Trying substitutions to: 4
with goodVertices 1, 2, 5, 6, 7, 9, 11, 13, 14
bad color to improve: 1  5  with index 20
bad color to improve: 1  10  with index 25
bad color to improve: 1  14  with index 29
bad color to improve: 5  14  with index 79
4 bad colorings on level 1
bad coloring on level 2  |6, 8, 0, 3|
bad coloring on level 2  |6, 11, 0, 3|
bad coloring on level 2  |8, 15, 0, 3|
bad coloring on level 2  |11, 15, 0, 3|
bad coloring on level 2  |3, 15, 0, 7|
bad coloring on level 2  |9, 15, 0, 7|
bad coloring on level 2  |3, 8, 0, 9|
bad coloring on level 2  |4, 8, 0, 9|
bad coloring on level 2  |6, 8, 0, 9|
bad coloring on level 2  |7, 8, 0, 9|
bad coloring on level 2  |8, 8, 0, 9|
bad coloring on level 2  |8, 11, 0, 9|
bad coloring on level 2  |8, 13, 0, 9|
bad coloring on level 2  |8, 15, 0, 9|
bad coloring on level 2  |3, 9, 0, 11|
bad coloring on level 2  |3, 15, 0, 11|
bad coloring on level 2  |3, 7, 0, 15|
bad coloring on level 2  |3, 8, 0, 15|
bad coloring on level 2  |7, 13, 0, 15|
bad coloring on level 2  |8, 13, 0, 15|
bad coloring on level 2  |3, 15, 2, 7|
bad coloring on level 2  |9, 15, 2, 7|
bad coloring on level 2  |3, 9, 2, 11|
bad coloring on level 2  |3, 15, 2, 11|
bad coloring on level 2  |6, 8, 3, 3|
bad coloring on level 2  |6, 11, 3, 3|
bad coloring on level 2  |8, 15, 3, 3|
bad coloring on level 2  |11, 15, 3, 3|
bad coloring on level 2  |6, 8, 3, 4|
bad coloring on level 2  |6, 11, 3, 4|
bad coloring on level 2  |8, 15, 3, 4|
bad coloring on level 2  |11, 15, 3, 4|
bad coloring on level 2  |0, 15, 3, 7|
bad coloring on level 2  |3, 15, 3, 7|
bad coloring on level 2  |4, 15, 3, 7|
bad coloring on level 2  |6, 8, 3, 7|
bad coloring on level 2  |6, 11, 3, 7|
bad coloring on level 2  |6, 15, 3, 7|
bad coloring on level 2  |8, 15, 3, 7|
bad coloring on level 2  |9, 15, 3, 7|
bad coloring on level 2  |11, 15, 3, 7|
bad coloring on level 2  |15, 15, 3, 7|
bad coloring on level 2  |0, 9, 3, 8|
bad coloring on level 2  |0, 15, 3, 8|
bad coloring on level 2  |3, 15, 3, 8|
bad coloring on level 2  |4, 15, 3, 8|
bad coloring on level 2  |6, 8, 3, 8|
bad coloring on level 2  |6, 11, 3, 8|
bad coloring on level 2  |6, 15, 3, 8|
bad coloring on level 2  |8, 15, 3, 8|
bad coloring on level 2  |9, 15, 3, 8|
bad coloring on level 2  |11, 15, 3, 8|
bad coloring on level 2  |15, 15, 3, 8|
bad coloring on level 2  |0, 11, 3, 9|
bad coloring on level 2  |2, 11, 3, 9|
bad coloring on level 2  |4, 11, 3, 9|
bad coloring on level 2  |6, 8, 3, 9|
bad coloring on level 2  |6, 11, 3, 9|
bad coloring on level 2  |7, 11, 3, 9|
bad coloring on level 2  |8, 11, 3, 9|
bad coloring on level 2  |8, 15, 3, 9|
bad coloring on level 2  |11, 11, 3, 9|
bad coloring on level 2  |11, 15, 3, 9|
bad coloring on level 2  |6, 8, 3, 13|
bad coloring on level 2  |6, 11, 3, 13|
bad coloring on level 2  |8, 15, 3, 13|
bad coloring on level 2  |11, 15, 3, 13|
bad coloring on level 2  |0, 7, 3, 15|
bad coloring on level 2  |0, 11, 3, 15|
bad coloring on level 2  |2, 7, 3, 15|
bad coloring on level 2  |2, 11, 3, 15|
bad coloring on level 2  |3, 7, 3, 15|
bad coloring on level 2  |3, 8, 3, 15|
bad coloring on level 2  |4, 7, 3, 15|
bad coloring on level 2  |4, 8, 3, 15|
bad coloring on level 2  |4, 11, 3, 15|
bad coloring on level 2  |6, 8, 3, 15|
bad coloring on level 2  |6, 11, 3, 15|
bad coloring on level 2  |7, 7, 3, 15|
bad coloring on level 2  |7, 8, 3, 15|
bad coloring on level 2  |7, 11, 3, 15|
bad coloring on level 2  |7, 13, 3, 15|
bad coloring on level 2  |8, 8, 3, 15|
bad coloring on level 2  |8, 11, 3, 15|
bad coloring on level 2  |8, 13, 3, 15|
bad coloring on level 2  |8, 15, 3, 15|
bad coloring on level 2  |11, 11, 3, 15|
bad coloring on level 2  |11, 15, 3, 15|
bad coloring on level 2  |3, 15, 4, 7|
bad coloring on level 2  |9, 15, 4, 7|
bad coloring on level 2  |0, 9, 4, 8|
bad coloring on level 2  |3, 15, 4, 8|
bad coloring on level 2  |3, 9, 4, 11|
bad coloring on level 2  |3, 15, 4, 11|
bad coloring on level 2  |3, 7, 4, 15|
bad coloring on level 2  |3, 8, 4, 15|
bad coloring on level 2  |7, 13, 4, 15|
bad coloring on level 2  |8, 13, 4, 15|
bad coloring on level 2  |0, 3, 6, 8|
bad coloring on level 2  |0, 9, 6, 8|
bad coloring on level 2  |3, 3, 6, 8|
bad coloring on level 2  |3, 4, 6, 8|
bad coloring on level 2  |3, 7, 6, 8|
bad coloring on level 2  |3, 8, 6, 8|
bad coloring on level 2  |3, 9, 6, 8|
bad coloring on level 2  |3, 13, 6, 8|
bad coloring on level 2  |3, 15, 6, 8|
bad coloring on level 2  |7, 13, 6, 8|
bad coloring on level 2  |8, 13, 6, 8|
bad coloring on level 2  |0, 3, 6, 11|
bad coloring on level 2  |3, 3, 6, 11|
bad coloring on level 2  |3, 4, 6, 11|
bad coloring on level 2  |3, 7, 6, 11|
bad coloring on level 2  |3, 8, 6, 11|
bad coloring on level 2  |3, 9, 6, 11|
bad coloring on level 2  |3, 13, 6, 11|
bad coloring on level 2  |3, 15, 6, 11|
bad coloring on level 2  |8, 13, 6, 11|
bad coloring on level 2  |3, 7, 6, 15|
bad coloring on level 2  |3, 8, 6, 15|
bad coloring on level 2  |7, 13, 6, 15|
bad coloring on level 2  |8, 13, 6, 15|
bad coloring on level 2  |3, 15, 7, 7|
bad coloring on level 2  |9, 15, 7, 7|
bad coloring on level 2  |0, 9, 7, 8|
bad coloring on level 2  |3, 15, 7, 8|
bad coloring on level 2  |9, 15, 7, 8|
bad coloring on level 2  |3, 9, 7, 11|
bad coloring on level 2  |3, 15, 7, 11|
bad coloring on level 2  |9, 15, 7, 11|
bad coloring on level 2  |0, 15, 7, 13|
bad coloring on level 2  |3, 15, 7, 13|
bad coloring on level 2  |4, 15, 7, 13|
bad coloring on level 2  |6, 8, 7, 13|
bad coloring on level 2  |6, 15, 7, 13|
bad coloring on level 2  |8, 15, 7, 13|
bad coloring on level 2  |9, 15, 7, 13|
bad coloring on level 2  |11, 15, 7, 13|
bad coloring on level 2  |15, 15, 7, 13|
bad coloring on level 2  |0, 9, 8, 8|
bad coloring on level 2  |3, 15, 8, 8|
bad coloring on level 2  |0, 9, 8, 11|
bad coloring on level 2  |3, 9, 8, 11|
bad coloring on level 2  |3, 15, 8, 11|
bad coloring on level 2  |0, 9, 8, 13|
bad coloring on level 2  |0, 15, 8, 13|
bad coloring on level 2  |3, 15, 8, 13|
bad coloring on level 2  |4, 15, 8, 13|
bad coloring on level 2  |6, 8, 8, 13|
bad coloring on level 2  |6, 11, 8, 13|
bad coloring on level 2  |6, 15, 8, 13|
bad coloring on level 2  |8, 15, 8, 13|
bad coloring on level 2  |9, 15, 8, 13|
bad coloring on level 2  |11, 15, 8, 13|
bad coloring on level 2  |15, 15, 8, 13|
bad coloring on level 2  |0, 3, 8, 15|
bad coloring on level 2  |0, 9, 8, 15|
bad coloring on level 2  |3, 3, 8, 15|
bad coloring on level 2  |3, 4, 8, 15|
bad coloring on level 2  |3, 7, 8, 15|
bad coloring on level 2  |3, 8, 8, 15|
bad coloring on level 2  |3, 9, 8, 15|
bad coloring on level 2  |3, 13, 8, 15|
bad coloring on level 2  |3, 15, 8, 15|
bad coloring on level 2  |7, 13, 8, 15|
bad coloring on level 2  |8, 13, 8, 15|
bad coloring on level 2  |0, 7, 9, 15|
bad coloring on level 2  |2, 7, 9, 15|
bad coloring on level 2  |3, 7, 9, 15|
bad coloring on level 2  |3, 8, 9, 15|
bad coloring on level 2  |4, 7, 9, 15|
bad coloring on level 2  |7, 7, 9, 15|
bad coloring on level 2  |7, 8, 9, 15|
bad coloring on level 2  |7, 11, 9, 15|
bad coloring on level 2  |7, 13, 9, 15|
bad coloring on level 2  |8, 13, 9, 15|
bad coloring on level 2  |3, 9, 11, 11|
bad coloring on level 2  |3, 15, 11, 11|
bad coloring on level 2  |0, 3, 11, 15|
bad coloring on level 2  |3, 3, 11, 15|
bad coloring on level 2  |3, 4, 11, 15|
bad coloring on level 2  |3, 7, 11, 15|
bad coloring on level 2  |3, 8, 11, 15|
bad coloring on level 2  |3, 9, 11, 15|
bad coloring on level 2  |3, 13, 11, 15|
bad coloring on level 2  |3, 15, 11, 15|
bad coloring on level 2  |7, 13, 11, 15|
bad coloring on level 2  |8, 13, 11, 15|
bad coloring on level 2  |3, 7, 15, 15|
bad coloring on level 2  |3, 8, 15, 15|
bad coloring on level 2  |7, 13, 15, 15|
bad coloring on level 2  |8, 13, 15, 15|

192 bad colorings on level 2
