Trying substitutions to: 10
with goodVertices 1, 2, 3, 4, 6, 7, 8, 9, 13, 14
bad color to improve: 2  4  with index 33
bad color to improve: 2  7  with index 36
bad color to improve: 4  7  with index 61
3 bad colorings on level 1
bad coloring on level 2  |3, 8, 1, 5|
bad coloring on level 2  |3, 15, 1, 5|
bad coloring on level 2  |8, 10, 1, 5|
bad coloring on level 2  |12, 15, 1, 5|
bad coloring on level 2  |3, 8, 1, 10|
bad coloring on level 2  |3, 15, 1, 10|
bad coloring on level 2  |5, 15, 1, 10|
bad coloring on level 2  |6, 9, 1, 10|
bad coloring on level 2  |6, 10, 1, 10|
bad coloring on level 2  |6, 15, 1, 10|
bad coloring on level 2  |8, 10, 1, 10|
bad coloring on level 2  |8, 15, 1, 10|
bad coloring on level 2  |9, 15, 1, 10|
bad coloring on level 2  |10, 15, 1, 10|
bad coloring on level 2  |12, 15, 1, 10|
bad coloring on level 2  |15, 15, 1, 10|
bad coloring on level 2  |5, 15, 1, 12|
bad coloring on level 2  |6, 9, 1, 12|
bad coloring on level 2  |6, 10, 1, 12|
bad coloring on level 2  |9, 15, 1, 12|
bad coloring on level 2  |3, 15, 1, 14|
bad coloring on level 2  |5, 15, 1, 14|
bad coloring on level 2  |6, 10, 1, 14|
bad coloring on level 2  |6, 15, 1, 14|
bad coloring on level 2  |8, 10, 1, 14|
bad coloring on level 2  |8, 15, 1, 14|
bad coloring on level 2  |9, 15, 1, 14|
bad coloring on level 2  |10, 15, 1, 14|
bad coloring on level 2  |12, 15, 1, 14|
bad coloring on level 2  |15, 15, 1, 14|
bad coloring on level 2  |1, 5, 3, 8|
bad coloring on level 2  |1, 10, 3, 8|
bad coloring on level 2  |5, 5, 3, 8|
bad coloring on level 2  |5, 6, 3, 8|
bad coloring on level 2  |5, 9, 3, 8|
bad coloring on level 2  |5, 10, 3, 8|
bad coloring on level 2  |5, 12, 3, 8|
bad coloring on level 2  |5, 14, 3, 8|
bad coloring on level 2  |5, 15, 3, 8|
bad coloring on level 2  |6, 10, 3, 8|
bad coloring on level 2  |5, 6, 3, 12|
bad coloring on level 2  |5, 15, 3, 12|
bad coloring on level 2  |6, 9, 3, 12|
bad coloring on level 2  |6, 10, 3, 12|
bad coloring on level 2  |1, 5, 3, 15|
bad coloring on level 2  |1, 10, 3, 15|
bad coloring on level 2  |1, 14, 3, 15|
bad coloring on level 2  |5, 12, 3, 15|
bad coloring on level 2  |3, 8, 5, 5|
bad coloring on level 2  |8, 10, 5, 5|
bad coloring on level 2  |12, 15, 5, 5|
bad coloring on level 2  |3, 8, 5, 6|
bad coloring on level 2  |3, 12, 5, 6|
bad coloring on level 2  |8, 10, 5, 6|
bad coloring on level 2  |12, 15, 5, 6|
bad coloring on level 2  |3, 8, 5, 9|
bad coloring on level 2  |8, 10, 5, 9|
bad coloring on level 2  |8, 12, 5, 9|
bad coloring on level 2  |12, 15, 5, 9|
bad coloring on level 2  |3, 8, 5, 10|
bad coloring on level 2  |8, 10, 5, 10|
bad coloring on level 2  |12, 15, 5, 10|
bad coloring on level 2  |3, 8, 5, 12|
bad coloring on level 2  |3, 15, 5, 12|
bad coloring on level 2  |5, 15, 5, 12|
bad coloring on level 2  |6, 9, 5, 12|
bad coloring on level 2  |6, 10, 5, 12|
bad coloring on level 2  |6, 15, 5, 12|
bad coloring on level 2  |8, 10, 5, 12|
bad coloring on level 2  |8, 15, 5, 12|
bad coloring on level 2  |9, 15, 5, 12|
bad coloring on level 2  |10, 15, 5, 12|
bad coloring on level 2  |12, 15, 5, 12|
bad coloring on level 2  |15, 15, 5, 12|
bad coloring on level 2  |3, 8, 5, 14|
bad coloring on level 2  |8, 10, 5, 14|
bad coloring on level 2  |8, 15, 5, 14|
bad coloring on level 2  |12, 15, 5, 14|
bad coloring on level 2  |1, 10, 5, 15|
bad coloring on level 2  |1, 12, 5, 15|
bad coloring on level 2  |1, 14, 5, 15|
bad coloring on level 2  |3, 8, 5, 15|
bad coloring on level 2  |3, 12, 5, 15|
bad coloring on level 2  |5, 12, 5, 15|
bad coloring on level 2  |8, 10, 5, 15|
bad coloring on level 2  |8, 12, 5, 15|
bad coloring on level 2  |10, 12, 5, 15|
bad coloring on level 2  |12, 12, 5, 15|
bad coloring on level 2  |12, 14, 5, 15|
bad coloring on level 2  |12, 15, 5, 15|
bad coloring on level 2  |1, 10, 6, 9|
bad coloring on level 2  |1, 12, 6, 9|
bad coloring on level 2  |3, 12, 6, 9|
bad coloring on level 2  |5, 12, 6, 9|
bad coloring on level 2  |8, 10, 6, 9|
bad coloring on level 2  |8, 12, 6, 9|
bad coloring on level 2  |10, 12, 6, 9|
bad coloring on level 2  |12, 12, 6, 9|
bad coloring on level 2  |12, 14, 6, 9|
bad coloring on level 2  |12, 15, 6, 9|
bad coloring on level 2  |1, 10, 6, 10|
bad coloring on level 2  |1, 12, 6, 10|
bad coloring on level 2  |1, 14, 6, 10|
bad coloring on level 2  |3, 8, 6, 10|
bad coloring on level 2  |3, 12, 6, 10|
bad coloring on level 2  |5, 12, 6, 10|
bad coloring on level 2  |8, 10, 6, 10|
bad coloring on level 2  |8, 12, 6, 10|
bad coloring on level 2  |10, 12, 6, 10|
bad coloring on level 2  |12, 12, 6, 10|
bad coloring on level 2  |12, 14, 6, 10|
bad coloring on level 2  |12, 15, 6, 10|
bad coloring on level 2  |1, 10, 6, 15|
bad coloring on level 2  |1, 14, 6, 15|
bad coloring on level 2  |5, 12, 6, 15|
bad coloring on level 2  |12, 14, 6, 15|
bad coloring on level 2  |1, 5, 8, 10|
bad coloring on level 2  |1, 10, 8, 10|
bad coloring on level 2  |1, 14, 8, 10|
bad coloring on level 2  |5, 5, 8, 10|
bad coloring on level 2  |5, 6, 8, 10|
bad coloring on level 2  |5, 9, 8, 10|
bad coloring on level 2  |5, 10, 8, 10|
bad coloring on level 2  |5, 12, 8, 10|
bad coloring on level 2  |5, 14, 8, 10|
bad coloring on level 2  |5, 15, 8, 10|
bad coloring on level 2  |6, 9, 8, 10|
bad coloring on level 2  |6, 10, 8, 10|
bad coloring on level 2  |5, 9, 8, 12|
bad coloring on level 2  |5, 15, 8, 12|
bad coloring on level 2  |6, 9, 8, 12|
bad coloring on level 2  |6, 10, 8, 12|
bad coloring on level 2  |1, 10, 8, 15|
bad coloring on level 2  |1, 14, 8, 15|
bad coloring on level 2  |5, 12, 8, 15|
bad coloring on level 2  |5, 14, 8, 15|
bad coloring on level 2  |1, 10, 9, 15|
bad coloring on level 2  |1, 12, 9, 15|
bad coloring on level 2  |1, 14, 9, 15|
bad coloring on level 2  |5, 12, 9, 15|
bad coloring on level 2  |5, 15, 10, 12|
bad coloring on level 2  |6, 9, 10, 12|
bad coloring on level 2  |6, 10, 10, 12|
bad coloring on level 2  |1, 10, 10, 15|
bad coloring on level 2  |1, 14, 10, 15|
bad coloring on level 2  |5, 12, 10, 15|
bad coloring on level 2  |5, 15, 12, 12|
bad coloring on level 2  |6, 9, 12, 12|
bad coloring on level 2  |6, 10, 12, 12|
bad coloring on level 2  |5, 15, 12, 14|
bad coloring on level 2  |6, 9, 12, 14|
bad coloring on level 2  |6, 10, 12, 14|
bad coloring on level 2  |6, 15, 12, 14|
bad coloring on level 2  |1, 5, 12, 15|
bad coloring on level 2  |1, 10, 12, 15|
bad coloring on level 2  |1, 14, 12, 15|
bad coloring on level 2  |5, 5, 12, 15|
bad coloring on level 2  |5, 6, 12, 15|
bad coloring on level 2  |5, 9, 12, 15|
bad coloring on level 2  |5, 10, 12, 15|
bad coloring on level 2  |5, 12, 12, 15|
bad coloring on level 2  |5, 14, 12, 15|
bad coloring on level 2  |5, 15, 12, 15|
bad coloring on level 2  |6, 9, 12, 15|
bad coloring on level 2  |6, 10, 12, 15|
bad coloring on level 2  |1, 10, 15, 15|
bad coloring on level 2  |1, 14, 15, 15|
bad coloring on level 2  |5, 12, 15, 15|

168 bad colorings on level 2
