Trying substitutions to: 10
with goodVertices 1, 2, 3, 5, 7, 9, 12, 13, 14
bad color to improve: 0  2  with index 2
bad color to improve: 0  7  with index 7
bad color to improve: 2  7  with index 36
3 bad colorings on level 1
bad coloring on level 2  |3, 12, 1, 6|
bad coloring on level 2  |3, 15, 1, 6|
bad coloring on level 2  |8, 15, 1, 6|
bad coloring on level 2  |5, 9, 1, 8|
bad coloring on level 2  |6, 15, 1, 8|
bad coloring on level 2  |9, 15, 1, 8|
bad coloring on level 2  |3, 15, 1, 13|
bad coloring on level 2  |5, 15, 1, 13|
bad coloring on level 2  |6, 15, 1, 13|
bad coloring on level 2  |8, 15, 1, 13|
bad coloring on level 2  |9, 15, 1, 13|
bad coloring on level 2  |10, 15, 1, 13|
bad coloring on level 2  |12, 15, 1, 13|
bad coloring on level 2  |15, 15, 1, 13|
bad coloring on level 2  |5, 6, 3, 8|
bad coloring on level 2  |5, 9, 3, 8|
bad coloring on level 2  |6, 10, 3, 8|
bad coloring on level 2  |6, 15, 3, 8|
bad coloring on level 2  |1, 6, 3, 12|
bad coloring on level 2  |5, 6, 3, 12|
bad coloring on level 2  |6, 6, 3, 12|
bad coloring on level 2  |6, 8, 3, 12|
bad coloring on level 2  |6, 9, 3, 12|
bad coloring on level 2  |6, 10, 3, 12|
bad coloring on level 2  |6, 13, 3, 12|
bad coloring on level 2  |6, 15, 3, 12|
bad coloring on level 2  |1, 6, 3, 15|
bad coloring on level 2  |1, 13, 3, 15|
bad coloring on level 2  |6, 8, 3, 15|
bad coloring on level 2  |3, 8, 5, 6|
bad coloring on level 2  |3, 12, 5, 6|
bad coloring on level 2  |8, 10, 5, 6|
bad coloring on level 2  |8, 15, 5, 6|
bad coloring on level 2  |1, 8, 5, 9|
bad coloring on level 2  |3, 8, 5, 9|
bad coloring on level 2  |6, 8, 5, 9|
bad coloring on level 2  |8, 8, 5, 9|
bad coloring on level 2  |8, 10, 5, 9|
bad coloring on level 2  |8, 12, 5, 9|
bad coloring on level 2  |8, 13, 5, 9|
bad coloring on level 2  |8, 15, 5, 9|
bad coloring on level 2  |1, 13, 5, 15|
bad coloring on level 2  |6, 8, 5, 15|
bad coloring on level 2  |8, 13, 5, 15|
bad coloring on level 2  |3, 12, 6, 6|
bad coloring on level 2  |8, 10, 6, 6|
bad coloring on level 2  |8, 15, 6, 6|
bad coloring on level 2  |3, 12, 6, 8|
bad coloring on level 2  |3, 15, 6, 8|
bad coloring on level 2  |5, 9, 6, 8|
bad coloring on level 2  |5, 15, 6, 8|
bad coloring on level 2  |6, 10, 6, 8|
bad coloring on level 2  |6, 15, 6, 8|
bad coloring on level 2  |8, 10, 6, 8|
bad coloring on level 2  |8, 15, 6, 8|
bad coloring on level 2  |9, 15, 6, 8|
bad coloring on level 2  |10, 15, 6, 8|
bad coloring on level 2  |12, 15, 6, 8|
bad coloring on level 2  |15, 15, 6, 8|
bad coloring on level 2  |3, 12, 6, 9|
bad coloring on level 2  |8, 10, 6, 9|
bad coloring on level 2  |8, 12, 6, 9|
bad coloring on level 2  |8, 15, 6, 9|
bad coloring on level 2  |3, 8, 6, 10|
bad coloring on level 2  |3, 12, 6, 10|
bad coloring on level 2  |6, 8, 6, 10|
bad coloring on level 2  |8, 8, 6, 10|
bad coloring on level 2  |8, 10, 6, 10|
bad coloring on level 2  |8, 12, 6, 10|
bad coloring on level 2  |8, 15, 6, 10|
bad coloring on level 2  |3, 12, 6, 13|
bad coloring on level 2  |8, 15, 6, 13|
bad coloring on level 2  |12, 15, 6, 13|
bad coloring on level 2  |1, 8, 6, 15|
bad coloring on level 2  |1, 13, 6, 15|
bad coloring on level 2  |3, 8, 6, 15|
bad coloring on level 2  |3, 12, 6, 15|
bad coloring on level 2  |6, 8, 6, 15|
bad coloring on level 2  |8, 8, 6, 15|
bad coloring on level 2  |8, 10, 6, 15|
bad coloring on level 2  |8, 12, 6, 15|
bad coloring on level 2  |8, 13, 6, 15|
bad coloring on level 2  |8, 15, 6, 15|
bad coloring on level 2  |5, 9, 8, 8|
bad coloring on level 2  |6, 10, 8, 8|
bad coloring on level 2  |6, 15, 8, 8|
bad coloring on level 2  |5, 6, 8, 10|
bad coloring on level 2  |5, 9, 8, 10|
bad coloring on level 2  |6, 6, 8, 10|
bad coloring on level 2  |6, 8, 8, 10|
bad coloring on level 2  |6, 9, 8, 10|
bad coloring on level 2  |6, 10, 8, 10|
bad coloring on level 2  |6, 15, 8, 10|
bad coloring on level 2  |5, 9, 8, 12|
bad coloring on level 2  |6, 9, 8, 12|
bad coloring on level 2  |6, 10, 8, 12|
bad coloring on level 2  |6, 15, 8, 12|
bad coloring on level 2  |5, 9, 8, 13|
bad coloring on level 2  |5, 15, 8, 13|
bad coloring on level 2  |6, 15, 8, 13|
bad coloring on level 2  |1, 6, 8, 15|
bad coloring on level 2  |1, 13, 8, 15|
bad coloring on level 2  |5, 6, 8, 15|
bad coloring on level 2  |5, 9, 8, 15|
bad coloring on level 2  |6, 6, 8, 15|
bad coloring on level 2  |6, 8, 8, 15|
bad coloring on level 2  |6, 9, 8, 15|
bad coloring on level 2  |6, 10, 8, 15|
bad coloring on level 2  |6, 13, 8, 15|
bad coloring on level 2  |6, 15, 8, 15|
bad coloring on level 2  |1, 8, 9, 15|
bad coloring on level 2  |1, 13, 9, 15|
bad coloring on level 2  |6, 8, 9, 15|
bad coloring on level 2  |1, 13, 10, 15|
bad coloring on level 2  |6, 8, 10, 15|
bad coloring on level 2  |1, 13, 12, 15|
bad coloring on level 2  |6, 8, 12, 15|
bad coloring on level 2  |6, 13, 12, 15|
bad coloring on level 2  |1, 13, 15, 15|
bad coloring on level 2  |6, 8, 15, 15|

120 bad colorings on level 2
