Trying substitutions to: 0
with goodVertices 1, 2, 4, 5, 6, 7, 8, 11, 12
bad color to improve: 1  6  with index 21
bad color to improve: 1  8  with index 23
bad color to improve: 1  13  with index 28
bad color to improve: 6  8  with index 83
4 bad colorings on level 1
bad coloring on level 2  |2, 5, 0, 3|
bad coloring on level 2  |5, 9, 0, 3|
bad coloring on level 2  |9, 14, 0, 3|
bad coloring on level 2  |3, 4, 0, 5|
bad coloring on level 2  |3, 9, 0, 5|
bad coloring on level 2  |3, 12, 0, 9|
bad coloring on level 2  |3, 14, 0, 9|
bad coloring on level 2  |7, 12, 0, 9|
bad coloring on level 2  |3, 9, 0, 12|
bad coloring on level 2  |4, 9, 0, 12|
bad coloring on level 2  |3, 9, 0, 14|
bad coloring on level 2  |4, 15, 0, 14|
bad coloring on level 2  |0, 3, 2, 5|
bad coloring on level 2  |3, 3, 2, 5|
bad coloring on level 2  |3, 4, 2, 5|
bad coloring on level 2  |3, 7, 2, 5|
bad coloring on level 2  |3, 9, 2, 5|
bad coloring on level 2  |3, 12, 2, 5|
bad coloring on level 2  |3, 14, 2, 5|
bad coloring on level 2  |3, 15, 2, 5|
bad coloring on level 2  |3, 12, 2, 9|
bad coloring on level 2  |3, 14, 2, 9|
bad coloring on level 2  |7, 12, 2, 9|
bad coloring on level 2  |3, 9, 2, 14|
bad coloring on level 2  |3, 15, 2, 14|
bad coloring on level 2  |4, 15, 2, 14|
bad coloring on level 2  |2, 5, 3, 3|
bad coloring on level 2  |5, 9, 3, 3|
bad coloring on level 2  |9, 14, 3, 3|
bad coloring on level 2  |0, 5, 3, 4|
bad coloring on level 2  |2, 5, 3, 4|
bad coloring on level 2  |5, 5, 3, 4|
bad coloring on level 2  |5, 9, 3, 4|
bad coloring on level 2  |5, 11, 3, 4|
bad coloring on level 2  |5, 12, 3, 4|
bad coloring on level 2  |5, 14, 3, 4|
bad coloring on level 2  |5, 15, 3, 4|
bad coloring on level 2  |9, 14, 3, 4|
bad coloring on level 2  |2, 5, 3, 7|
bad coloring on level 2  |5, 9, 3, 7|
bad coloring on level 2  |9, 14, 3, 7|
bad coloring on level 2  |0, 5, 3, 9|
bad coloring on level 2  |0, 12, 3, 9|
bad coloring on level 2  |0, 14, 3, 9|
bad coloring on level 2  |2, 5, 3, 9|
bad coloring on level 2  |2, 14, 3, 9|
bad coloring on level 2  |3, 12, 3, 9|
bad coloring on level 2  |3, 14, 3, 9|
bad coloring on level 2  |5, 5, 3, 9|
bad coloring on level 2  |5, 9, 3, 9|
bad coloring on level 2  |5, 11, 3, 9|
bad coloring on level 2  |5, 12, 3, 9|
bad coloring on level 2  |5, 14, 3, 9|
bad coloring on level 2  |5, 15, 3, 9|
bad coloring on level 2  |7, 12, 3, 9|
bad coloring on level 2  |7, 14, 3, 9|
bad coloring on level 2  |9, 14, 3, 9|
bad coloring on level 2  |11, 12, 3, 9|
bad coloring on level 2  |12, 12, 3, 9|
bad coloring on level 2  |12, 14, 3, 9|
bad coloring on level 2  |12, 15, 3, 9|
bad coloring on level 2  |14, 14, 3, 9|
bad coloring on level 2  |0, 9, 3, 12|
bad coloring on level 2  |2, 5, 3, 12|
bad coloring on level 2  |2, 9, 3, 12|
bad coloring on level 2  |3, 9, 3, 12|
bad coloring on level 2  |4, 9, 3, 12|
bad coloring on level 2  |5, 9, 3, 12|
bad coloring on level 2  |9, 9, 3, 12|
bad coloring on level 2  |9, 14, 3, 12|
bad coloring on level 2  |9, 15, 3, 12|
bad coloring on level 2  |0, 9, 3, 14|
bad coloring on level 2  |2, 5, 3, 14|
bad coloring on level 2  |2, 9, 3, 14|
bad coloring on level 2  |3, 9, 3, 14|
bad coloring on level 2  |4, 9, 3, 14|
bad coloring on level 2  |4, 15, 3, 14|
bad coloring on level 2  |5, 9, 3, 14|
bad coloring on level 2  |9, 9, 3, 14|
bad coloring on level 2  |9, 14, 3, 14|
bad coloring on level 2  |9, 15, 3, 14|
bad coloring on level 2  |2, 5, 3, 15|
bad coloring on level 2  |2, 14, 3, 15|
bad coloring on level 2  |5, 9, 3, 15|
bad coloring on level 2  |9, 14, 3, 15|
bad coloring on level 2  |0, 12, 4, 9|
bad coloring on level 2  |3, 12, 4, 9|
bad coloring on level 2  |3, 14, 4, 9|
bad coloring on level 2  |5, 12, 4, 9|
bad coloring on level 2  |7, 12, 4, 9|
bad coloring on level 2  |11, 12, 4, 9|
bad coloring on level 2  |12, 12, 4, 9|
bad coloring on level 2  |12, 14, 4, 9|
bad coloring on level 2  |12, 15, 4, 9|
bad coloring on level 2  |0, 14, 4, 15|
bad coloring on level 2  |2, 14, 4, 15|
bad coloring on level 2  |3, 14, 4, 15|
bad coloring on level 2  |5, 14, 4, 15|
bad coloring on level 2  |7, 14, 4, 15|
bad coloring on level 2  |9, 14, 4, 15|
bad coloring on level 2  |12, 14, 4, 15|
bad coloring on level 2  |14, 14, 4, 15|
bad coloring on level 2  |3, 4, 5, 5|
bad coloring on level 2  |3, 9, 5, 5|
bad coloring on level 2  |0, 3, 5, 9|
bad coloring on level 2  |3, 3, 5, 9|
bad coloring on level 2  |3, 4, 5, 9|
bad coloring on level 2  |3, 7, 5, 9|
bad coloring on level 2  |3, 9, 5, 9|
bad coloring on level 2  |3, 12, 5, 9|
bad coloring on level 2  |3, 14, 5, 9|
bad coloring on level 2  |3, 15, 5, 9|
bad coloring on level 2  |7, 12, 5, 9|
bad coloring on level 2  |3, 4, 5, 11|
bad coloring on level 2  |3, 9, 5, 11|
bad coloring on level 2  |3, 4, 5, 12|
bad coloring on level 2  |3, 9, 5, 12|
bad coloring on level 2  |4, 9, 5, 12|
bad coloring on level 2  |3, 4, 5, 14|
bad coloring on level 2  |3, 9, 5, 14|
bad coloring on level 2  |4, 15, 5, 14|
bad coloring on level 2  |3, 4, 5, 15|
bad coloring on level 2  |3, 9, 5, 15|
bad coloring on level 2  |0, 9, 7, 12|
bad coloring on level 2  |2, 9, 7, 12|
bad coloring on level 2  |3, 9, 7, 12|
bad coloring on level 2  |4, 9, 7, 12|
bad coloring on level 2  |5, 9, 7, 12|
bad coloring on level 2  |9, 9, 7, 12|
bad coloring on level 2  |9, 14, 7, 12|
bad coloring on level 2  |9, 15, 7, 12|
bad coloring on level 2  |3, 9, 7, 14|
bad coloring on level 2  |4, 15, 7, 14|
bad coloring on level 2  |9, 15, 7, 14|
bad coloring on level 2  |3, 12, 9, 9|
bad coloring on level 2  |3, 14, 9, 9|
bad coloring on level 2  |7, 12, 9, 9|
bad coloring on level 2  |0, 3, 9, 14|
bad coloring on level 2  |3, 3, 9, 14|
bad coloring on level 2  |3, 4, 9, 14|
bad coloring on level 2  |3, 7, 9, 14|
bad coloring on level 2  |3, 9, 9, 14|
bad coloring on level 2  |3, 12, 9, 14|
bad coloring on level 2  |3, 14, 9, 14|
bad coloring on level 2  |3, 15, 9, 14|
bad coloring on level 2  |4, 15, 9, 14|
bad coloring on level 2  |7, 12, 9, 14|
bad coloring on level 2  |3, 12, 9, 15|
bad coloring on level 2  |3, 14, 9, 15|
bad coloring on level 2  |7, 12, 9, 15|
bad coloring on level 2  |7, 14, 9, 15|
bad coloring on level 2  |3, 9, 11, 12|
bad coloring on level 2  |4, 9, 11, 12|
bad coloring on level 2  |3, 9, 12, 12|
bad coloring on level 2  |4, 9, 12, 12|
bad coloring on level 2  |3, 9, 12, 14|
bad coloring on level 2  |4, 9, 12, 14|
bad coloring on level 2  |4, 15, 12, 14|
bad coloring on level 2  |3, 9, 12, 15|
bad coloring on level 2  |4, 9, 12, 15|
bad coloring on level 2  |3, 9, 14, 14|
bad coloring on level 2  |4, 15, 14, 14|

162 bad colorings on level 2
