Trying substitutions to: 8
with goodVertices 1, 2, 3, 4, 6, 7, 9, 10, 13, 14
bad color to improve: 2  9  with index 38
bad color to improve: 2  14  with index 43
bad color to improve: 9  14  with index 113
3 bad colorings on level 1
bad coloring on level 2  |3, 15, 1, 7|
bad coloring on level 2  |4, 15, 1, 7|
bad coloring on level 2  |6, 8, 1, 7|
bad coloring on level 2  |6, 15, 1, 7|
bad coloring on level 2  |8, 10, 1, 7|
bad coloring on level 2  |8, 15, 1, 7|
bad coloring on level 2  |10, 15, 1, 7|
bad coloring on level 2  |11, 15, 1, 7|
bad coloring on level 2  |12, 15, 1, 7|
bad coloring on level 2  |15, 15, 1, 7|
bad coloring on level 2  |3, 10, 1, 8|
bad coloring on level 2  |3, 15, 1, 8|
bad coloring on level 2  |4, 6, 1, 8|
bad coloring on level 2  |4, 15, 1, 8|
bad coloring on level 2  |6, 8, 1, 8|
bad coloring on level 2  |6, 15, 1, 8|
bad coloring on level 2  |8, 10, 1, 8|
bad coloring on level 2  |8, 15, 1, 8|
bad coloring on level 2  |10, 15, 1, 8|
bad coloring on level 2  |11, 15, 1, 8|
bad coloring on level 2  |12, 15, 1, 8|
bad coloring on level 2  |15, 15, 1, 8|
bad coloring on level 2  |3, 10, 1, 11|
bad coloring on level 2  |3, 15, 1, 11|
bad coloring on level 2  |8, 10, 1, 11|
bad coloring on level 2  |12, 15, 1, 11|
bad coloring on level 2  |4, 6, 1, 12|
bad coloring on level 2  |4, 15, 1, 12|
bad coloring on level 2  |6, 8, 1, 12|
bad coloring on level 2  |11, 15, 1, 12|
bad coloring on level 2  |1, 8, 3, 10|
bad coloring on level 2  |1, 11, 3, 10|
bad coloring on level 2  |4, 11, 3, 10|
bad coloring on level 2  |6, 8, 3, 10|
bad coloring on level 2  |6, 11, 3, 10|
bad coloring on level 2  |7, 11, 3, 10|
bad coloring on level 2  |8, 11, 3, 10|
bad coloring on level 2  |11, 11, 3, 10|
bad coloring on level 2  |11, 12, 3, 10|
bad coloring on level 2  |11, 15, 3, 10|
bad coloring on level 2  |4, 6, 3, 12|
bad coloring on level 2  |6, 8, 3, 12|
bad coloring on level 2  |6, 11, 3, 12|
bad coloring on level 2  |11, 15, 3, 12|
bad coloring on level 2  |1, 7, 3, 15|
bad coloring on level 2  |1, 8, 3, 15|
bad coloring on level 2  |1, 11, 3, 15|
bad coloring on level 2  |11, 12, 3, 15|
bad coloring on level 2  |1, 8, 4, 6|
bad coloring on level 2  |1, 12, 4, 6|
bad coloring on level 2  |3, 12, 4, 6|
bad coloring on level 2  |7, 12, 4, 6|
bad coloring on level 2  |8, 10, 4, 6|
bad coloring on level 2  |8, 12, 4, 6|
bad coloring on level 2  |10, 12, 4, 6|
bad coloring on level 2  |11, 12, 4, 6|
bad coloring on level 2  |12, 12, 4, 6|
bad coloring on level 2  |12, 15, 4, 6|
bad coloring on level 2  |3, 10, 4, 11|
bad coloring on level 2  |8, 10, 4, 11|
bad coloring on level 2  |10, 12, 4, 11|
bad coloring on level 2  |12, 15, 4, 11|
bad coloring on level 2  |1, 7, 4, 15|
bad coloring on level 2  |1, 8, 4, 15|
bad coloring on level 2  |1, 12, 4, 15|
bad coloring on level 2  |11, 12, 4, 15|
bad coloring on level 2  |1, 7, 6, 8|
bad coloring on level 2  |1, 8, 6, 8|
bad coloring on level 2  |1, 12, 6, 8|
bad coloring on level 2  |3, 10, 6, 8|
bad coloring on level 2  |3, 12, 6, 8|
bad coloring on level 2  |7, 12, 6, 8|
bad coloring on level 2  |8, 10, 6, 8|
bad coloring on level 2  |8, 12, 6, 8|
bad coloring on level 2  |10, 12, 6, 8|
bad coloring on level 2  |11, 12, 6, 8|
bad coloring on level 2  |12, 12, 6, 8|
bad coloring on level 2  |12, 15, 6, 8|
bad coloring on level 2  |3, 10, 6, 11|
bad coloring on level 2  |3, 12, 6, 11|
bad coloring on level 2  |8, 10, 6, 11|
bad coloring on level 2  |12, 15, 6, 11|
bad coloring on level 2  |1, 7, 6, 15|
bad coloring on level 2  |1, 8, 6, 15|
bad coloring on level 2  |7, 12, 6, 15|
bad coloring on level 2  |11, 12, 6, 15|
bad coloring on level 2  |3, 10, 7, 11|
bad coloring on level 2  |8, 10, 7, 11|
bad coloring on level 2  |10, 15, 7, 11|
bad coloring on level 2  |12, 15, 7, 11|
bad coloring on level 2  |4, 6, 7, 12|
bad coloring on level 2  |6, 8, 7, 12|
bad coloring on level 2  |6, 15, 7, 12|
bad coloring on level 2  |11, 15, 7, 12|
bad coloring on level 2  |1, 7, 8, 10|
bad coloring on level 2  |1, 8, 8, 10|
bad coloring on level 2  |1, 11, 8, 10|
bad coloring on level 2  |4, 6, 8, 10|
bad coloring on level 2  |4, 11, 8, 10|
bad coloring on level 2  |6, 8, 8, 10|
bad coloring on level 2  |6, 11, 8, 10|
bad coloring on level 2  |7, 11, 8, 10|
bad coloring on level 2  |8, 11, 8, 10|
bad coloring on level 2  |11, 11, 8, 10|
bad coloring on level 2  |11, 12, 8, 10|
bad coloring on level 2  |11, 15, 8, 10|
bad coloring on level 2  |3, 10, 8, 11|
bad coloring on level 2  |8, 10, 8, 11|
bad coloring on level 2  |12, 15, 8, 11|
bad coloring on level 2  |4, 6, 8, 12|
bad coloring on level 2  |6, 8, 8, 12|
bad coloring on level 2  |11, 15, 8, 12|
bad coloring on level 2  |1, 7, 8, 15|
bad coloring on level 2  |1, 8, 8, 15|
bad coloring on level 2  |11, 12, 8, 15|
bad coloring on level 2  |4, 6, 10, 12|
bad coloring on level 2  |4, 11, 10, 12|
bad coloring on level 2  |6, 8, 10, 12|
bad coloring on level 2  |11, 15, 10, 12|
bad coloring on level 2  |1, 7, 10, 15|
bad coloring on level 2  |1, 8, 10, 15|
bad coloring on level 2  |7, 11, 10, 15|
bad coloring on level 2  |11, 12, 10, 15|
bad coloring on level 2  |3, 10, 11, 11|
bad coloring on level 2  |8, 10, 11, 11|
bad coloring on level 2  |12, 15, 11, 11|
bad coloring on level 2  |3, 10, 11, 12|
bad coloring on level 2  |3, 15, 11, 12|
bad coloring on level 2  |4, 6, 11, 12|
bad coloring on level 2  |4, 15, 11, 12|
bad coloring on level 2  |6, 8, 11, 12|
bad coloring on level 2  |6, 15, 11, 12|
bad coloring on level 2  |8, 10, 11, 12|
bad coloring on level 2  |8, 15, 11, 12|
bad coloring on level 2  |10, 15, 11, 12|
bad coloring on level 2  |11, 15, 11, 12|
bad coloring on level 2  |12, 15, 11, 12|
bad coloring on level 2  |15, 15, 11, 12|
bad coloring on level 2  |1, 7, 11, 15|
bad coloring on level 2  |1, 8, 11, 15|
bad coloring on level 2  |1, 12, 11, 15|
bad coloring on level 2  |3, 10, 11, 15|
bad coloring on level 2  |3, 12, 11, 15|
bad coloring on level 2  |7, 12, 11, 15|
bad coloring on level 2  |8, 10, 11, 15|
bad coloring on level 2  |8, 12, 11, 15|
bad coloring on level 2  |10, 12, 11, 15|
bad coloring on level 2  |11, 12, 11, 15|
bad coloring on level 2  |12, 12, 11, 15|
bad coloring on level 2  |12, 15, 11, 15|
bad coloring on level 2  |4, 6, 12, 12|
bad coloring on level 2  |6, 8, 12, 12|
bad coloring on level 2  |11, 15, 12, 12|
bad coloring on level 2  |1, 7, 12, 15|
bad coloring on level 2  |1, 8, 12, 15|
bad coloring on level 2  |1, 11, 12, 15|
bad coloring on level 2  |4, 6, 12, 15|
bad coloring on level 2  |4, 11, 12, 15|
bad coloring on level 2  |6, 8, 12, 15|
bad coloring on level 2  |6, 11, 12, 15|
bad coloring on level 2  |7, 11, 12, 15|
bad coloring on level 2  |8, 11, 12, 15|
bad coloring on level 2  |11, 11, 12, 15|
bad coloring on level 2  |11, 12, 12, 15|
bad coloring on level 2  |11, 15, 12, 15|
bad coloring on level 2  |1, 7, 15, 15|
bad coloring on level 2  |1, 8, 15, 15|
bad coloring on level 2  |11, 12, 15, 15|

168 bad colorings on level 2
