Trying substitutions to: 12
with goodVertices 1, 2, 5, 6, 9, 10, 11, 15
bad color to improve: 2  6  with index 35
bad color to improve: 2  9  with index 38
bad color to improve: 4  6  with index 60
bad color to improve: 6  6  with index 81
bad color to improve: 6  9  with index 84
bad color to improve: 6  13  with index 88
6 bad colorings on level 1
bad coloring on level 2  |3, 7, 0, 0|
bad coloring on level 2  |0, 7, 0, 3|
bad coloring on level 2  |1, 1, 0, 3|
bad coloring on level 2  |1, 5, 0, 3|
bad coloring on level 2  |1, 7, 0, 3|
bad coloring on level 2  |1, 8, 0, 3|
bad coloring on level 2  |1, 10, 0, 3|
bad coloring on level 2  |1, 11, 0, 3|
bad coloring on level 2  |1, 12, 0, 3|
bad coloring on level 2  |1, 14, 0, 3|
bad coloring on level 2  |3, 7, 0, 3|
bad coloring on level 2  |7, 7, 0, 3|
bad coloring on level 2  |7, 8, 0, 3|
bad coloring on level 2  |7, 11, 0, 3|
bad coloring on level 2  |7, 12, 0, 3|
bad coloring on level 2  |7, 14, 0, 3|
bad coloring on level 2  |12, 14, 0, 3|
bad coloring on level 2  |3, 7, 0, 5|
bad coloring on level 2  |0, 3, 0, 7|
bad coloring on level 2  |1, 10, 0, 7|
bad coloring on level 2  |3, 3, 0, 7|
bad coloring on level 2  |3, 7, 0, 7|
bad coloring on level 2  |3, 8, 0, 7|
bad coloring on level 2  |3, 10, 0, 7|
bad coloring on level 2  |3, 12, 0, 7|
bad coloring on level 2  |3, 14, 0, 7|
bad coloring on level 2  |3, 15, 0, 7|
bad coloring on level 2  |5, 10, 0, 7|
bad coloring on level 2  |8, 10, 0, 7|
bad coloring on level 2  |10, 10, 0, 7|
bad coloring on level 2  |10, 12, 0, 7|
bad coloring on level 2  |10, 14, 0, 7|
bad coloring on level 2  |10, 15, 0, 7|
bad coloring on level 2  |12, 14, 0, 7|
bad coloring on level 2  |3, 7, 0, 11|
bad coloring on level 2  |3, 14, 0, 11|
bad coloring on level 2  |3, 7, 0, 12|
bad coloring on level 2  |3, 14, 0, 12|
bad coloring on level 2  |7, 14, 0, 12|
bad coloring on level 2  |1, 8, 0, 14|
bad coloring on level 2  |3, 7, 0, 14|
bad coloring on level 2  |3, 8, 0, 14|
bad coloring on level 2  |3, 12, 0, 14|
bad coloring on level 2  |7, 8, 0, 14|
bad coloring on level 2  |7, 12, 0, 14|
bad coloring on level 2  |8, 8, 0, 14|
bad coloring on level 2  |8, 10, 0, 14|
bad coloring on level 2  |8, 11, 0, 14|
bad coloring on level 2  |8, 12, 0, 14|
bad coloring on level 2  |8, 15, 0, 14|
bad coloring on level 2  |3, 7, 0, 15|
bad coloring on level 2  |7, 14, 0, 15|
bad coloring on level 2  |0, 3, 1, 1|
bad coloring on level 2  |3, 7, 1, 1|
bad coloring on level 2  |0, 3, 1, 5|
bad coloring on level 2  |3, 7, 1, 5|
bad coloring on level 2  |0, 3, 1, 7|
bad coloring on level 2  |3, 3, 1, 7|
bad coloring on level 2  |3, 7, 1, 7|
bad coloring on level 2  |3, 8, 1, 7|
bad coloring on level 2  |3, 10, 1, 7|
bad coloring on level 2  |3, 12, 1, 7|
bad coloring on level 2  |3, 14, 1, 7|
bad coloring on level 2  |3, 15, 1, 7|
bad coloring on level 2  |8, 10, 1, 7|
bad coloring on level 2  |10, 15, 1, 7|
bad coloring on level 2  |0, 3, 1, 8|
bad coloring on level 2  |0, 14, 1, 8|
bad coloring on level 2  |3, 3, 1, 8|
bad coloring on level 2  |3, 7, 1, 8|
bad coloring on level 2  |3, 8, 1, 8|
bad coloring on level 2  |3, 10, 1, 8|
bad coloring on level 2  |3, 12, 1, 8|
bad coloring on level 2  |3, 14, 1, 8|
bad coloring on level 2  |3, 15, 1, 8|
bad coloring on level 2  |8, 10, 1, 8|
bad coloring on level 2  |10, 15, 1, 8|
bad coloring on level 2  |0, 3, 1, 10|
bad coloring on level 2  |0, 7, 1, 10|
bad coloring on level 2  |3, 7, 1, 10|
bad coloring on level 2  |0, 3, 1, 11|
bad coloring on level 2  |3, 3, 1, 11|
bad coloring on level 2  |3, 7, 1, 11|
bad coloring on level 2  |3, 8, 1, 11|
bad coloring on level 2  |3, 10, 1, 11|
bad coloring on level 2  |3, 12, 1, 11|
bad coloring on level 2  |3, 14, 1, 11|
bad coloring on level 2  |3, 15, 1, 11|
bad coloring on level 2  |8, 10, 1, 11|
bad coloring on level 2  |0, 3, 1, 12|
bad coloring on level 2  |3, 7, 1, 12|
bad coloring on level 2  |0, 3, 1, 14|
bad coloring on level 2  |3, 7, 1, 14|
bad coloring on level 2  |0, 7, 3, 3|
bad coloring on level 2  |1, 7, 3, 3|
bad coloring on level 2  |1, 8, 3, 3|
bad coloring on level 2  |1, 11, 3, 3|
bad coloring on level 2  |3, 7, 3, 3|
bad coloring on level 2  |7, 7, 3, 3|
bad coloring on level 2  |7, 8, 3, 3|
bad coloring on level 2  |7, 11, 3, 3|
bad coloring on level 2  |7, 12, 3, 3|
bad coloring on level 2  |7, 14, 3, 3|
bad coloring on level 2  |0, 0, 3, 7|
bad coloring on level 2  |0, 3, 3, 7|
bad coloring on level 2  |0, 5, 3, 7|
bad coloring on level 2  |0, 7, 3, 7|
bad coloring on level 2  |0, 11, 3, 7|
bad coloring on level 2  |0, 12, 3, 7|
bad coloring on level 2  |0, 14, 3, 7|
bad coloring on level 2  |0, 15, 3, 7|
bad coloring on level 2  |1, 1, 3, 7|
bad coloring on level 2  |1, 5, 3, 7|
bad coloring on level 2  |1, 7, 3, 7|
bad coloring on level 2  |1, 8, 3, 7|
bad coloring on level 2  |1, 10, 3, 7|
bad coloring on level 2  |1, 11, 3, 7|
bad coloring on level 2  |1, 12, 3, 7|
bad coloring on level 2  |1, 14, 3, 7|
bad coloring on level 2  |3, 3, 3, 7|
bad coloring on level 2  |3, 7, 3, 7|
bad coloring on level 2  |3, 8, 3, 7|
bad coloring on level 2  |3, 10, 3, 7|
bad coloring on level 2  |3, 12, 3, 7|
bad coloring on level 2  |3, 14, 3, 7|
bad coloring on level 2  |3, 15, 3, 7|
bad coloring on level 2  |5, 5, 3, 7|
bad coloring on level 2  |5, 10, 3, 7|
bad coloring on level 2  |5, 11, 3, 7|
bad coloring on level 2  |5, 12, 3, 7|
bad coloring on level 2  |5, 14, 3, 7|
bad coloring on level 2  |5, 15, 3, 7|
bad coloring on level 2  |7, 7, 3, 7|
bad coloring on level 2  |7, 8, 3, 7|
bad coloring on level 2  |7, 11, 3, 7|
bad coloring on level 2  |7, 12, 3, 7|
bad coloring on level 2  |7, 14, 3, 7|
bad coloring on level 2  |8, 8, 3, 7|
bad coloring on level 2  |8, 10, 3, 7|
bad coloring on level 2  |8, 11, 3, 7|
bad coloring on level 2  |8, 12, 3, 7|
bad coloring on level 2  |8, 15, 3, 7|
bad coloring on level 2  |10, 10, 3, 7|
bad coloring on level 2  |10, 12, 3, 7|
bad coloring on level 2  |10, 14, 3, 7|
bad coloring on level 2  |10, 15, 3, 7|
bad coloring on level 2  |11, 11, 3, 7|
bad coloring on level 2  |11, 12, 3, 7|
bad coloring on level 2  |11, 15, 3, 7|
bad coloring on level 2  |12, 12, 3, 7|
bad coloring on level 2  |12, 14, 3, 7|
bad coloring on level 2  |12, 15, 3, 7|
bad coloring on level 2  |14, 14, 3, 7|
bad coloring on level 2  |15, 15, 3, 7|
bad coloring on level 2  |0, 7, 3, 8|
bad coloring on level 2  |0, 14, 3, 8|
bad coloring on level 2  |1, 7, 3, 8|
bad coloring on level 2  |1, 8, 3, 8|
bad coloring on level 2  |1, 11, 3, 8|
bad coloring on level 2  |3, 7, 3, 8|
bad coloring on level 2  |7, 7, 3, 8|
bad coloring on level 2  |7, 8, 3, 8|
bad coloring on level 2  |7, 11, 3, 8|
bad coloring on level 2  |7, 12, 3, 8|
bad coloring on level 2  |7, 14, 3, 8|
bad coloring on level 2  |0, 7, 3, 10|
bad coloring on level 2  |1, 7, 3, 10|
bad coloring on level 2  |1, 8, 3, 10|
bad coloring on level 2  |1, 11, 3, 10|
bad coloring on level 2  |3, 7, 3, 10|
bad coloring on level 2  |7, 7, 3, 10|
bad coloring on level 2  |7, 8, 3, 10|
bad coloring on level 2  |7, 11, 3, 10|
bad coloring on level 2  |7, 12, 3, 10|
bad coloring on level 2  |7, 14, 3, 10|
bad coloring on level 2  |0, 7, 3, 12|
bad coloring on level 2  |0, 14, 3, 12|
bad coloring on level 2  |1, 7, 3, 12|
bad coloring on level 2  |1, 8, 3, 12|
bad coloring on level 2  |1, 11, 3, 12|
bad coloring on level 2  |3, 7, 3, 12|
bad coloring on level 2  |7, 7, 3, 12|
bad coloring on level 2  |7, 8, 3, 12|
bad coloring on level 2  |7, 11, 3, 12|
bad coloring on level 2  |7, 12, 3, 12|
bad coloring on level 2  |7, 14, 3, 12|
bad coloring on level 2  |0, 7, 3, 14|
bad coloring on level 2  |0, 11, 3, 14|
bad coloring on level 2  |0, 12, 3, 14|
bad coloring on level 2  |1, 7, 3, 14|
bad coloring on level 2  |1, 8, 3, 14|
bad coloring on level 2  |1, 11, 3, 14|
bad coloring on level 2  |3, 7, 3, 14|
bad coloring on level 2  |5, 11, 3, 14|
bad coloring on level 2  |7, 7, 3, 14|
bad coloring on level 2  |7, 8, 3, 14|
bad coloring on level 2  |7, 11, 3, 14|
bad coloring on level 2  |7, 12, 3, 14|
bad coloring on level 2  |7, 14, 3, 14|
bad coloring on level 2  |8, 11, 3, 14|
bad coloring on level 2  |11, 11, 3, 14|
bad coloring on level 2  |11, 12, 3, 14|
bad coloring on level 2  |11, 15, 3, 14|
bad coloring on level 2  |0, 7, 3, 15|
bad coloring on level 2  |1, 7, 3, 15|
bad coloring on level 2  |1, 8, 3, 15|
bad coloring on level 2  |1, 11, 3, 15|
bad coloring on level 2  |3, 7, 3, 15|
bad coloring on level 2  |7, 7, 3, 15|
bad coloring on level 2  |7, 8, 3, 15|
bad coloring on level 2  |7, 11, 3, 15|
bad coloring on level 2  |7, 12, 3, 15|
bad coloring on level 2  |7, 14, 3, 15|
bad coloring on level 2  |3, 7, 5, 5|
bad coloring on level 2  |0, 7, 5, 10|
bad coloring on level 2  |3, 7, 5, 10|
bad coloring on level 2  |3, 7, 5, 11|
bad coloring on level 2  |3, 14, 5, 11|
bad coloring on level 2  |3, 7, 5, 12|
bad coloring on level 2  |3, 7, 5, 14|
bad coloring on level 2  |3, 7, 5, 15|
bad coloring on level 2  |7, 14, 5, 15|
bad coloring on level 2  |0, 3, 7, 7|
bad coloring on level 2  |3, 3, 7, 7|
bad coloring on level 2  |3, 7, 7, 7|
bad coloring on level 2  |3, 8, 7, 7|
bad coloring on level 2  |3, 10, 7, 7|
bad coloring on level 2  |3, 12, 7, 7|
bad coloring on level 2  |3, 14, 7, 7|
bad coloring on level 2  |3, 15, 7, 7|
bad coloring on level 2  |8, 10, 7, 7|
bad coloring on level 2  |10, 15, 7, 7|
bad coloring on level 2  |0, 3, 7, 8|
bad coloring on level 2  |0, 14, 7, 8|
bad coloring on level 2  |3, 3, 7, 8|
bad coloring on level 2  |3, 7, 7, 8|
bad coloring on level 2  |3, 8, 7, 8|
bad coloring on level 2  |3, 10, 7, 8|
bad coloring on level 2  |3, 12, 7, 8|
bad coloring on level 2  |3, 14, 7, 8|
bad coloring on level 2  |3, 15, 7, 8|
bad coloring on level 2  |8, 10, 7, 8|
bad coloring on level 2  |10, 15, 7, 8|
bad coloring on level 2  |0, 3, 7, 11|
bad coloring on level 2  |3, 3, 7, 11|
bad coloring on level 2  |3, 7, 7, 11|
bad coloring on level 2  |3, 8, 7, 11|
bad coloring on level 2  |3, 10, 7, 11|
bad coloring on level 2  |3, 12, 7, 11|
bad coloring on level 2  |3, 14, 7, 11|
bad coloring on level 2  |3, 15, 7, 11|
bad coloring on level 2  |8, 10, 7, 11|
bad coloring on level 2  |10, 15, 7, 11|
bad coloring on level 2  |0, 3, 7, 12|
bad coloring on level 2  |0, 14, 7, 12|
bad coloring on level 2  |3, 3, 7, 12|
bad coloring on level 2  |3, 7, 7, 12|
bad coloring on level 2  |3, 8, 7, 12|
bad coloring on level 2  |3, 10, 7, 12|
bad coloring on level 2  |3, 12, 7, 12|
bad coloring on level 2  |3, 14, 7, 12|
bad coloring on level 2  |3, 15, 7, 12|
bad coloring on level 2  |8, 10, 7, 12|
bad coloring on level 2  |10, 15, 7, 12|
bad coloring on level 2  |0, 3, 7, 14|
bad coloring on level 2  |0, 12, 7, 14|
bad coloring on level 2  |0, 15, 7, 14|
bad coloring on level 2  |3, 3, 7, 14|
bad coloring on level 2  |3, 7, 7, 14|
bad coloring on level 2  |3, 8, 7, 14|
bad coloring on level 2  |3, 10, 7, 14|
bad coloring on level 2  |3, 12, 7, 14|
bad coloring on level 2  |3, 14, 7, 14|
bad coloring on level 2  |3, 15, 7, 14|
bad coloring on level 2  |5, 15, 7, 14|
bad coloring on level 2  |8, 10, 7, 14|
bad coloring on level 2  |8, 15, 7, 14|
bad coloring on level 2  |10, 15, 7, 14|
bad coloring on level 2  |11, 15, 7, 14|
bad coloring on level 2  |12, 15, 7, 14|
bad coloring on level 2  |15, 15, 7, 14|
bad coloring on level 2  |0, 14, 8, 8|
bad coloring on level 2  |3, 7, 8, 8|
bad coloring on level 2  |0, 7, 8, 10|
bad coloring on level 2  |0, 14, 8, 10|
bad coloring on level 2  |1, 7, 8, 10|
bad coloring on level 2  |1, 8, 8, 10|
bad coloring on level 2  |1, 11, 8, 10|
bad coloring on level 2  |3, 7, 8, 10|
bad coloring on level 2  |7, 7, 8, 10|
bad coloring on level 2  |7, 8, 8, 10|
bad coloring on level 2  |7, 11, 8, 10|
bad coloring on level 2  |7, 12, 8, 10|
bad coloring on level 2  |7, 14, 8, 10|
bad coloring on level 2  |0, 14, 8, 11|
bad coloring on level 2  |3, 7, 8, 11|
bad coloring on level 2  |3, 14, 8, 11|
bad coloring on level 2  |0, 14, 8, 12|
bad coloring on level 2  |3, 7, 8, 12|
bad coloring on level 2  |0, 14, 8, 15|
bad coloring on level 2  |3, 7, 8, 15|
bad coloring on level 2  |7, 14, 8, 15|
bad coloring on level 2  |0, 7, 10, 10|
bad coloring on level 2  |3, 7, 10, 10|
bad coloring on level 2  |0, 7, 10, 12|
bad coloring on level 2  |3, 7, 10, 12|
bad coloring on level 2  |0, 7, 10, 14|
bad coloring on level 2  |3, 7, 10, 14|
bad coloring on level 2  |0, 7, 10, 15|
bad coloring on level 2  |1, 7, 10, 15|
bad coloring on level 2  |1, 8, 10, 15|
bad coloring on level 2  |3, 7, 10, 15|
bad coloring on level 2  |7, 7, 10, 15|
bad coloring on level 2  |7, 8, 10, 15|
bad coloring on level 2  |7, 11, 10, 15|
bad coloring on level 2  |7, 12, 10, 15|
bad coloring on level 2  |7, 14, 10, 15|
bad coloring on level 2  |3, 7, 11, 11|
bad coloring on level 2  |3, 14, 11, 11|
bad coloring on level 2  |3, 7, 11, 12|
bad coloring on level 2  |3, 14, 11, 12|
bad coloring on level 2  |3, 7, 11, 15|
bad coloring on level 2  |3, 14, 11, 15|
bad coloring on level 2  |7, 14, 11, 15|
bad coloring on level 2  |3, 7, 12, 12|
bad coloring on level 2  |0, 3, 12, 14|
bad coloring on level 2  |0, 7, 12, 14|
bad coloring on level 2  |3, 7, 12, 14|
bad coloring on level 2  |3, 7, 12, 15|
bad coloring on level 2  |7, 14, 12, 15|
bad coloring on level 2  |3, 7, 14, 14|
bad coloring on level 2  |3, 7, 15, 15|
bad coloring on level 2  |7, 14, 15, 15|

333 bad colorings on level 2
