Trying substitutions to: 13
with goodVertices 1, 2, 3, 4, 7, 8, 11, 12, 14
bad color to improve: 0  11  with index 11
bad color to improve: 0  12  with index 12
bad color to improve: 11  12  with index 122
3 bad colorings on level 1
bad coloring on level 2  |3, 9, 1, 6|
bad coloring on level 2  |3, 14, 1, 6|
bad coloring on level 2  |9, 10, 1, 6|
bad coloring on level 2  |2, 9, 1, 8|
bad coloring on level 2  |3, 9, 1, 8|
bad coloring on level 2  |4, 9, 1, 8|
bad coloring on level 2  |6, 9, 1, 8|
bad coloring on level 2  |9, 9, 1, 8|
bad coloring on level 2  |9, 10, 1, 8|
bad coloring on level 2  |9, 13, 1, 8|
bad coloring on level 2  |9, 14, 1, 8|
bad coloring on level 2  |2, 4, 1, 10|
bad coloring on level 2  |4, 9, 1, 10|
bad coloring on level 2  |6, 9, 1, 10|
bad coloring on level 2  |1, 10, 2, 4|
bad coloring on level 2  |3, 10, 2, 4|
bad coloring on level 2  |6, 10, 2, 4|
bad coloring on level 2  |8, 10, 2, 4|
bad coloring on level 2  |9, 10, 2, 4|
bad coloring on level 2  |10, 10, 2, 4|
bad coloring on level 2  |10, 13, 2, 4|
bad coloring on level 2  |10, 14, 2, 4|
bad coloring on level 2  |3, 10, 2, 6|
bad coloring on level 2  |3, 14, 2, 6|
bad coloring on level 2  |9, 10, 2, 6|
bad coloring on level 2  |10, 13, 2, 6|
bad coloring on level 2  |1, 8, 2, 9|
bad coloring on level 2  |6, 10, 2, 9|
bad coloring on level 2  |8, 10, 2, 9|
bad coloring on level 2  |1, 6, 3, 9|
bad coloring on level 2  |1, 8, 3, 9|
bad coloring on level 2  |6, 10, 3, 9|
bad coloring on level 2  |2, 4, 3, 10|
bad coloring on level 2  |2, 6, 3, 10|
bad coloring on level 2  |6, 9, 3, 10|
bad coloring on level 2  |6, 13, 3, 10|
bad coloring on level 2  |1, 6, 3, 14|
bad coloring on level 2  |2, 6, 3, 14|
bad coloring on level 2  |4, 6, 3, 14|
bad coloring on level 2  |6, 6, 3, 14|
bad coloring on level 2  |6, 8, 3, 14|
bad coloring on level 2  |6, 9, 3, 14|
bad coloring on level 2  |6, 10, 3, 14|
bad coloring on level 2  |6, 13, 3, 14|
bad coloring on level 2  |3, 14, 4, 6|
bad coloring on level 2  |9, 10, 4, 6|
bad coloring on level 2  |10, 13, 4, 6|
bad coloring on level 2  |10, 14, 4, 6|
bad coloring on level 2  |1, 8, 4, 9|
bad coloring on level 2  |1, 10, 4, 9|
bad coloring on level 2  |6, 10, 4, 9|
bad coloring on level 2  |3, 14, 6, 6|
bad coloring on level 2  |9, 10, 6, 6|
bad coloring on level 2  |10, 13, 6, 6|
bad coloring on level 2  |3, 14, 6, 8|
bad coloring on level 2  |9, 10, 6, 8|
bad coloring on level 2  |9, 14, 6, 8|
bad coloring on level 2  |1, 8, 6, 9|
bad coloring on level 2  |1, 10, 6, 9|
bad coloring on level 2  |3, 10, 6, 9|
bad coloring on level 2  |3, 14, 6, 9|
bad coloring on level 2  |6, 10, 6, 9|
bad coloring on level 2  |8, 10, 6, 9|
bad coloring on level 2  |9, 10, 6, 9|
bad coloring on level 2  |10, 10, 6, 9|
bad coloring on level 2  |10, 13, 6, 9|
bad coloring on level 2  |10, 14, 6, 9|
bad coloring on level 2  |2, 4, 6, 10|
bad coloring on level 2  |2, 9, 6, 10|
bad coloring on level 2  |3, 9, 6, 10|
bad coloring on level 2  |3, 14, 6, 10|
bad coloring on level 2  |4, 9, 6, 10|
bad coloring on level 2  |6, 9, 6, 10|
bad coloring on level 2  |6, 13, 6, 10|
bad coloring on level 2  |9, 9, 6, 10|
bad coloring on level 2  |9, 10, 6, 10|
bad coloring on level 2  |9, 13, 6, 10|
bad coloring on level 2  |9, 14, 6, 10|
bad coloring on level 2  |10, 13, 6, 10|
bad coloring on level 2  |3, 10, 6, 13|
bad coloring on level 2  |3, 14, 6, 13|
bad coloring on level 2  |6, 10, 6, 13|
bad coloring on level 2  |9, 10, 6, 13|
bad coloring on level 2  |10, 10, 6, 13|
bad coloring on level 2  |10, 13, 6, 13|
bad coloring on level 2  |10, 14, 6, 13|
bad coloring on level 2  |2, 4, 8, 10|
bad coloring on level 2  |2, 9, 8, 10|
bad coloring on level 2  |6, 9, 8, 10|
bad coloring on level 2  |1, 8, 9, 9|
bad coloring on level 2  |6, 10, 9, 9|
bad coloring on level 2  |1, 6, 9, 10|
bad coloring on level 2  |1, 8, 9, 10|
bad coloring on level 2  |2, 4, 9, 10|
bad coloring on level 2  |2, 6, 9, 10|
bad coloring on level 2  |4, 6, 9, 10|
bad coloring on level 2  |6, 6, 9, 10|
bad coloring on level 2  |6, 8, 9, 10|
bad coloring on level 2  |6, 9, 9, 10|
bad coloring on level 2  |6, 10, 9, 10|
bad coloring on level 2  |6, 13, 9, 10|
bad coloring on level 2  |1, 8, 9, 13|
bad coloring on level 2  |6, 10, 9, 13|
bad coloring on level 2  |1, 8, 9, 14|
bad coloring on level 2  |6, 8, 9, 14|
bad coloring on level 2  |6, 10, 9, 14|
bad coloring on level 2  |2, 4, 10, 10|
bad coloring on level 2  |6, 9, 10, 10|
bad coloring on level 2  |6, 13, 10, 10|
bad coloring on level 2  |2, 4, 10, 13|
bad coloring on level 2  |2, 6, 10, 13|
bad coloring on level 2  |4, 6, 10, 13|
bad coloring on level 2  |6, 6, 10, 13|
bad coloring on level 2  |6, 9, 10, 13|
bad coloring on level 2  |6, 10, 10, 13|
bad coloring on level 2  |6, 13, 10, 13|
bad coloring on level 2  |2, 4, 10, 14|
bad coloring on level 2  |4, 6, 10, 14|
bad coloring on level 2  |6, 9, 10, 14|
bad coloring on level 2  |6, 13, 10, 14|

120 bad colorings on level 2
