Trying substitutions to: 8
with goodVertices 1, 2, 5, 6, 7, 10, 11, 12, 13, 14
bad color to improve: 2  5  with index 34
bad color to improve: 2  14  with index 43
bad color to improve: 5  14  with index 79
3 bad colorings on level 1
bad coloring on level 2  |4, 15, 3, 3|
bad coloring on level 2  |6, 8, 3, 3|
bad coloring on level 2  |6, 11, 3, 3|
bad coloring on level 2  |3, 15, 3, 4|
bad coloring on level 2  |4, 15, 3, 4|
bad coloring on level 2  |6, 8, 3, 4|
bad coloring on level 2  |6, 11, 3, 4|
bad coloring on level 2  |6, 15, 3, 4|
bad coloring on level 2  |8, 10, 3, 4|
bad coloring on level 2  |8, 15, 3, 4|
bad coloring on level 2  |10, 12, 3, 4|
bad coloring on level 2  |10, 15, 3, 4|
bad coloring on level 2  |11, 15, 3, 4|
bad coloring on level 2  |12, 15, 3, 4|
bad coloring on level 2  |15, 15, 3, 4|
bad coloring on level 2  |4, 15, 3, 7|
bad coloring on level 2  |6, 8, 3, 7|
bad coloring on level 2  |6, 11, 3, 7|
bad coloring on level 2  |6, 15, 3, 7|
bad coloring on level 2  |4, 15, 3, 8|
bad coloring on level 2  |6, 8, 3, 8|
bad coloring on level 2  |6, 11, 3, 8|
bad coloring on level 2  |4, 11, 3, 10|
bad coloring on level 2  |4, 15, 3, 10|
bad coloring on level 2  |6, 8, 3, 10|
bad coloring on level 2  |6, 11, 3, 10|
bad coloring on level 2  |4, 6, 3, 12|
bad coloring on level 2  |4, 15, 3, 12|
bad coloring on level 2  |6, 8, 3, 12|
bad coloring on level 2  |6, 11, 3, 12|
bad coloring on level 2  |4, 15, 3, 13|
bad coloring on level 2  |6, 8, 3, 13|
bad coloring on level 2  |6, 11, 3, 13|
bad coloring on level 2  |11, 15, 3, 13|
bad coloring on level 2  |3, 4, 3, 15|
bad coloring on level 2  |4, 4, 3, 15|
bad coloring on level 2  |4, 6, 3, 15|
bad coloring on level 2  |4, 7, 3, 15|
bad coloring on level 2  |4, 8, 3, 15|
bad coloring on level 2  |4, 11, 3, 15|
bad coloring on level 2  |4, 13, 3, 15|
bad coloring on level 2  |4, 15, 3, 15|
bad coloring on level 2  |6, 8, 3, 15|
bad coloring on level 2  |6, 11, 3, 15|
bad coloring on level 2  |7, 13, 3, 15|
bad coloring on level 2  |8, 13, 3, 15|
bad coloring on level 2  |3, 15, 4, 4|
bad coloring on level 2  |8, 10, 4, 4|
bad coloring on level 2  |10, 12, 4, 4|
bad coloring on level 2  |3, 12, 4, 6|
bad coloring on level 2  |3, 15, 4, 6|
bad coloring on level 2  |8, 10, 4, 6|
bad coloring on level 2  |10, 12, 4, 6|
bad coloring on level 2  |3, 15, 4, 7|
bad coloring on level 2  |8, 10, 4, 7|
bad coloring on level 2  |10, 12, 4, 7|
bad coloring on level 2  |10, 15, 4, 7|
bad coloring on level 2  |3, 15, 4, 8|
bad coloring on level 2  |8, 10, 4, 8|
bad coloring on level 2  |10, 12, 4, 8|
bad coloring on level 2  |3, 10, 4, 11|
bad coloring on level 2  |3, 15, 4, 11|
bad coloring on level 2  |8, 10, 4, 11|
bad coloring on level 2  |10, 12, 4, 11|
bad coloring on level 2  |3, 15, 4, 13|
bad coloring on level 2  |8, 10, 4, 13|
bad coloring on level 2  |10, 12, 4, 13|
bad coloring on level 2  |12, 15, 4, 13|
bad coloring on level 2  |3, 3, 4, 15|
bad coloring on level 2  |3, 4, 4, 15|
bad coloring on level 2  |3, 7, 4, 15|
bad coloring on level 2  |3, 8, 4, 15|
bad coloring on level 2  |3, 10, 4, 15|
bad coloring on level 2  |3, 12, 4, 15|
bad coloring on level 2  |3, 13, 4, 15|
bad coloring on level 2  |3, 15, 4, 15|
bad coloring on level 2  |7, 13, 4, 15|
bad coloring on level 2  |8, 10, 4, 15|
bad coloring on level 2  |8, 13, 4, 15|
bad coloring on level 2  |10, 12, 4, 15|
bad coloring on level 2  |3, 3, 6, 8|
bad coloring on level 2  |3, 4, 6, 8|
bad coloring on level 2  |3, 7, 6, 8|
bad coloring on level 2  |3, 8, 6, 8|
bad coloring on level 2  |3, 10, 6, 8|
bad coloring on level 2  |3, 12, 6, 8|
bad coloring on level 2  |3, 13, 6, 8|
bad coloring on level 2  |3, 15, 6, 8|
bad coloring on level 2  |7, 13, 6, 8|
bad coloring on level 2  |8, 10, 6, 8|
bad coloring on level 2  |8, 13, 6, 8|
bad coloring on level 2  |10, 12, 6, 8|
bad coloring on level 2  |3, 3, 6, 11|
bad coloring on level 2  |3, 4, 6, 11|
bad coloring on level 2  |3, 7, 6, 11|
bad coloring on level 2  |3, 8, 6, 11|
bad coloring on level 2  |3, 10, 6, 11|
bad coloring on level 2  |3, 12, 6, 11|
bad coloring on level 2  |3, 13, 6, 11|
bad coloring on level 2  |3, 15, 6, 11|
bad coloring on level 2  |8, 10, 6, 11|
bad coloring on level 2  |8, 13, 6, 11|
bad coloring on level 2  |3, 4, 6, 15|
bad coloring on level 2  |3, 7, 6, 15|
bad coloring on level 2  |7, 13, 6, 15|
bad coloring on level 2  |8, 13, 6, 15|
bad coloring on level 2  |3, 15, 7, 13|
bad coloring on level 2  |4, 15, 7, 13|
bad coloring on level 2  |6, 8, 7, 13|
bad coloring on level 2  |6, 15, 7, 13|
bad coloring on level 2  |8, 10, 7, 13|
bad coloring on level 2  |8, 15, 7, 13|
bad coloring on level 2  |10, 15, 7, 13|
bad coloring on level 2  |11, 15, 7, 13|
bad coloring on level 2  |12, 15, 7, 13|
bad coloring on level 2  |15, 15, 7, 13|
bad coloring on level 2  |3, 4, 8, 10|
bad coloring on level 2  |4, 4, 8, 10|
bad coloring on level 2  |4, 6, 8, 10|
bad coloring on level 2  |4, 7, 8, 10|
bad coloring on level 2  |4, 8, 8, 10|
bad coloring on level 2  |4, 11, 8, 10|
bad coloring on level 2  |4, 13, 8, 10|
bad coloring on level 2  |4, 15, 8, 10|
bad coloring on level 2  |6, 8, 8, 10|
bad coloring on level 2  |6, 11, 8, 10|
bad coloring on level 2  |7, 13, 8, 10|
bad coloring on level 2  |8, 13, 8, 10|
bad coloring on level 2  |3, 15, 8, 13|
bad coloring on level 2  |4, 15, 8, 13|
bad coloring on level 2  |6, 8, 8, 13|
bad coloring on level 2  |6, 11, 8, 13|
bad coloring on level 2  |6, 15, 8, 13|
bad coloring on level 2  |8, 10, 8, 13|
bad coloring on level 2  |8, 15, 8, 13|
bad coloring on level 2  |10, 12, 8, 13|
bad coloring on level 2  |10, 15, 8, 13|
bad coloring on level 2  |11, 15, 8, 13|
bad coloring on level 2  |12, 15, 8, 13|
bad coloring on level 2  |15, 15, 8, 13|
bad coloring on level 2  |3, 4, 8, 15|
bad coloring on level 2  |7, 13, 8, 15|
bad coloring on level 2  |8, 13, 8, 15|
bad coloring on level 2  |3, 4, 10, 12|
bad coloring on level 2  |4, 4, 10, 12|
bad coloring on level 2  |4, 6, 10, 12|
bad coloring on level 2  |4, 7, 10, 12|
bad coloring on level 2  |4, 8, 10, 12|
bad coloring on level 2  |4, 11, 10, 12|
bad coloring on level 2  |4, 13, 10, 12|
bad coloring on level 2  |4, 15, 10, 12|
bad coloring on level 2  |6, 8, 10, 12|
bad coloring on level 2  |8, 13, 10, 12|
bad coloring on level 2  |3, 4, 10, 15|
bad coloring on level 2  |4, 7, 10, 15|
bad coloring on level 2  |7, 13, 10, 15|
bad coloring on level 2  |8, 13, 10, 15|
bad coloring on level 2  |3, 4, 11, 15|
bad coloring on level 2  |3, 13, 11, 15|
bad coloring on level 2  |7, 13, 11, 15|
bad coloring on level 2  |8, 13, 11, 15|
bad coloring on level 2  |3, 4, 12, 15|
bad coloring on level 2  |4, 13, 12, 15|
bad coloring on level 2  |7, 13, 12, 15|
bad coloring on level 2  |8, 13, 12, 15|
bad coloring on level 2  |3, 4, 15, 15|
bad coloring on level 2  |7, 13, 15, 15|
bad coloring on level 2  |8, 13, 15, 15|

168 bad colorings on level 2
