Trying substitutions to: 3
with goodVertices 1, 2, 5, 9, 10, 12, 14
bad color to improve: 1  2  with index 17
bad color to improve: 1  5  with index 20
bad color to improve: 2  5  with index 34
bad color to improve: 5  5  with index 70
bad color to improve: 5  6  with index 71
bad color to improve: 5  11  with index 76
bad color to improve: 5  15  with index 80
7 bad colorings on level 1
bad coloring on level 2  |8, 13, 0, 0|
bad coloring on level 2  |8, 13, 0, 3|
bad coloring on level 2  |3, 8, 0, 4|
bad coloring on level 2  |8, 10, 0, 4|
bad coloring on level 2  |8, 12, 0, 4|
bad coloring on level 2  |8, 13, 0, 4|
bad coloring on level 2  |12, 15, 0, 4|
bad coloring on level 2  |8, 13, 0, 7|
bad coloring on level 2  |8, 13, 0, 9|
bad coloring on level 2  |8, 13, 0, 10|
bad coloring on level 2  |8, 13, 0, 12|
bad coloring on level 2  |8, 13, 0, 13|
bad coloring on level 2  |8, 13, 0, 14|
bad coloring on level 2  |8, 13, 0, 15|
bad coloring on level 2  |8, 13, 1, 1|
bad coloring on level 2  |8, 13, 1, 2|
bad coloring on level 2  |8, 13, 1, 3|
bad coloring on level 2  |8, 13, 1, 7|
bad coloring on level 2  |8, 13, 1, 9|
bad coloring on level 2  |8, 13, 1, 10|
bad coloring on level 2  |8, 13, 1, 13|
bad coloring on level 2  |8, 13, 1, 14|
bad coloring on level 2  |8, 13, 2, 2|
bad coloring on level 2  |8, 13, 2, 3|
bad coloring on level 2  |8, 13, 2, 7|
bad coloring on level 2  |8, 13, 2, 9|
bad coloring on level 2  |8, 13, 2, 10|
bad coloring on level 2  |8, 13, 2, 13|
bad coloring on level 2  |8, 13, 2, 14|
bad coloring on level 2  |8, 13, 3, 3|
bad coloring on level 2  |3, 8, 3, 4|
bad coloring on level 2  |4, 7, 3, 4|
bad coloring on level 2  |4, 8, 3, 4|
bad coloring on level 2  |7, 8, 3, 4|
bad coloring on level 2  |8, 8, 3, 4|
bad coloring on level 2  |8, 10, 3, 4|
bad coloring on level 2  |8, 12, 3, 4|
bad coloring on level 2  |8, 13, 3, 4|
bad coloring on level 2  |8, 15, 3, 4|
bad coloring on level 2  |12, 15, 3, 4|
bad coloring on level 2  |8, 13, 3, 7|
bad coloring on level 2  |0, 4, 3, 8|
bad coloring on level 2  |3, 4, 3, 8|
bad coloring on level 2  |4, 9, 3, 8|
bad coloring on level 2  |4, 13, 3, 8|
bad coloring on level 2  |8, 13, 3, 8|
bad coloring on level 2  |8, 13, 3, 9|
bad coloring on level 2  |8, 13, 3, 10|
bad coloring on level 2  |8, 13, 3, 12|
bad coloring on level 2  |8, 13, 3, 13|
bad coloring on level 2  |8, 13, 3, 14|
bad coloring on level 2  |8, 13, 3, 15|
bad coloring on level 2  |8, 13, 4, 4|
bad coloring on level 2  |3, 4, 4, 7|
bad coloring on level 2  |8, 13, 4, 7|
bad coloring on level 2  |9, 15, 4, 7|
bad coloring on level 2  |3, 4, 4, 8|
bad coloring on level 2  |8, 13, 4, 8|
bad coloring on level 2  |9, 15, 4, 8|
bad coloring on level 2  |3, 8, 4, 9|
bad coloring on level 2  |8, 10, 4, 9|
bad coloring on level 2  |8, 12, 4, 9|
bad coloring on level 2  |8, 13, 4, 9|
bad coloring on level 2  |12, 15, 4, 9|
bad coloring on level 2  |3, 8, 4, 13|
bad coloring on level 2  |8, 10, 4, 13|
bad coloring on level 2  |8, 12, 4, 13|
bad coloring on level 2  |8, 13, 4, 13|
bad coloring on level 2  |12, 15, 4, 13|
bad coloring on level 2  |8, 13, 4, 15|
bad coloring on level 2  |8, 13, 7, 7|
bad coloring on level 2  |3, 4, 7, 8|
bad coloring on level 2  |8, 13, 7, 8|
bad coloring on level 2  |9, 15, 7, 8|
bad coloring on level 2  |8, 13, 7, 9|
bad coloring on level 2  |8, 13, 7, 10|
bad coloring on level 2  |8, 13, 7, 12|
bad coloring on level 2  |8, 13, 7, 13|
bad coloring on level 2  |8, 13, 7, 14|
bad coloring on level 2  |3, 4, 8, 8|
bad coloring on level 2  |8, 13, 8, 8|
bad coloring on level 2  |0, 4, 8, 10|
bad coloring on level 2  |3, 4, 8, 10|
bad coloring on level 2  |4, 9, 8, 10|
bad coloring on level 2  |4, 13, 8, 10|
bad coloring on level 2  |8, 13, 8, 10|
bad coloring on level 2  |0, 4, 8, 12|
bad coloring on level 2  |3, 4, 8, 12|
bad coloring on level 2  |4, 9, 8, 12|
bad coloring on level 2  |4, 13, 8, 12|
bad coloring on level 2  |8, 13, 8, 12|
bad coloring on level 2  |0, 0, 8, 13|
bad coloring on level 2  |0, 3, 8, 13|
bad coloring on level 2  |0, 4, 8, 13|
bad coloring on level 2  |0, 7, 8, 13|
bad coloring on level 2  |0, 9, 8, 13|
bad coloring on level 2  |0, 10, 8, 13|
bad coloring on level 2  |0, 12, 8, 13|
bad coloring on level 2  |0, 13, 8, 13|
bad coloring on level 2  |0, 14, 8, 13|
bad coloring on level 2  |0, 15, 8, 13|
bad coloring on level 2  |1, 1, 8, 13|
bad coloring on level 2  |1, 2, 8, 13|
bad coloring on level 2  |1, 3, 8, 13|
bad coloring on level 2  |1, 7, 8, 13|
bad coloring on level 2  |1, 9, 8, 13|
bad coloring on level 2  |1, 10, 8, 13|
bad coloring on level 2  |1, 13, 8, 13|
bad coloring on level 2  |1, 14, 8, 13|
bad coloring on level 2  |2, 2, 8, 13|
bad coloring on level 2  |2, 3, 8, 13|
bad coloring on level 2  |2, 7, 8, 13|
bad coloring on level 2  |2, 9, 8, 13|
bad coloring on level 2  |2, 10, 8, 13|
bad coloring on level 2  |2, 13, 8, 13|
bad coloring on level 2  |2, 14, 8, 13|
bad coloring on level 2  |3, 3, 8, 13|
bad coloring on level 2  |3, 4, 8, 13|
bad coloring on level 2  |3, 7, 8, 13|
bad coloring on level 2  |3, 8, 8, 13|
bad coloring on level 2  |3, 9, 8, 13|
bad coloring on level 2  |3, 10, 8, 13|
bad coloring on level 2  |3, 12, 8, 13|
bad coloring on level 2  |3, 13, 8, 13|
bad coloring on level 2  |3, 14, 8, 13|
bad coloring on level 2  |3, 15, 8, 13|
bad coloring on level 2  |4, 4, 8, 13|
bad coloring on level 2  |4, 7, 8, 13|
bad coloring on level 2  |4, 8, 8, 13|
bad coloring on level 2  |4, 9, 8, 13|
bad coloring on level 2  |4, 13, 8, 13|
bad coloring on level 2  |4, 15, 8, 13|
bad coloring on level 2  |7, 7, 8, 13|
bad coloring on level 2  |7, 8, 8, 13|
bad coloring on level 2  |7, 9, 8, 13|
bad coloring on level 2  |7, 10, 8, 13|
bad coloring on level 2  |7, 12, 8, 13|
bad coloring on level 2  |7, 13, 8, 13|
bad coloring on level 2  |7, 14, 8, 13|
bad coloring on level 2  |8, 8, 8, 13|
bad coloring on level 2  |8, 10, 8, 13|
bad coloring on level 2  |8, 12, 8, 13|
bad coloring on level 2  |8, 13, 8, 13|
bad coloring on level 2  |8, 15, 8, 13|
bad coloring on level 2  |9, 9, 8, 13|
bad coloring on level 2  |9, 10, 8, 13|
bad coloring on level 2  |9, 12, 8, 13|
bad coloring on level 2  |9, 13, 8, 13|
bad coloring on level 2  |9, 14, 8, 13|
bad coloring on level 2  |9, 15, 8, 13|
bad coloring on level 2  |10, 10, 8, 13|
bad coloring on level 2  |10, 12, 8, 13|
bad coloring on level 2  |10, 13, 8, 13|
bad coloring on level 2  |10, 14, 8, 13|
bad coloring on level 2  |10, 15, 8, 13|
bad coloring on level 2  |12, 12, 8, 13|
bad coloring on level 2  |12, 13, 8, 13|
bad coloring on level 2  |12, 14, 8, 13|
bad coloring on level 2  |12, 15, 8, 13|
bad coloring on level 2  |13, 13, 8, 13|
bad coloring on level 2  |13, 14, 8, 13|
bad coloring on level 2  |14, 14, 8, 13|
bad coloring on level 2  |15, 15, 8, 13|
bad coloring on level 2  |3, 4, 8, 15|
bad coloring on level 2  |8, 13, 8, 15|
bad coloring on level 2  |8, 13, 9, 9|
bad coloring on level 2  |8, 13, 9, 10|
bad coloring on level 2  |8, 13, 9, 12|
bad coloring on level 2  |8, 13, 9, 13|
bad coloring on level 2  |8, 13, 9, 14|
bad coloring on level 2  |4, 7, 9, 15|
bad coloring on level 2  |4, 8, 9, 15|
bad coloring on level 2  |7, 8, 9, 15|
bad coloring on level 2  |8, 13, 9, 15|
bad coloring on level 2  |8, 13, 10, 10|
bad coloring on level 2  |8, 13, 10, 12|
bad coloring on level 2  |8, 13, 10, 13|
bad coloring on level 2  |8, 13, 10, 14|
bad coloring on level 2  |8, 13, 10, 15|
bad coloring on level 2  |8, 13, 12, 12|
bad coloring on level 2  |8, 13, 12, 13|
bad coloring on level 2  |8, 13, 12, 14|
bad coloring on level 2  |0, 4, 12, 15|
bad coloring on level 2  |3, 4, 12, 15|
bad coloring on level 2  |4, 9, 12, 15|
bad coloring on level 2  |4, 13, 12, 15|
bad coloring on level 2  |8, 13, 12, 15|
bad coloring on level 2  |8, 13, 13, 13|
bad coloring on level 2  |8, 13, 13, 14|
bad coloring on level 2  |8, 13, 14, 14|
bad coloring on level 2  |8, 13, 15, 15|

191 bad colorings on level 2
