Trying substitutions to: 8
with goodVertices 1, 2, 5, 6, 11, 12, 15
bad color to improve: 0  2  with index 2
bad color to improve: 0  5  with index 5
bad color to improve: 2  5  with index 34
bad color to improve: 5  5  with index 70
bad color to improve: 5  9  with index 74
bad color to improve: 5  10  with index 75
bad color to improve: 5  14  with index 79
7 bad colorings on level 1
bad coloring on level 2  |8, 13, 0, 0|
bad coloring on level 2  |8, 13, 0, 2|
bad coloring on level 2  |8, 13, 0, 4|
bad coloring on level 2  |8, 13, 0, 6|
bad coloring on level 2  |8, 13, 0, 7|
bad coloring on level 2  |8, 13, 0, 8|
bad coloring on level 2  |8, 13, 0, 11|
bad coloring on level 2  |8, 13, 0, 15|
bad coloring on level 2  |8, 13, 1, 1|
bad coloring on level 2  |8, 13, 1, 4|
bad coloring on level 2  |8, 13, 1, 6|
bad coloring on level 2  |8, 13, 1, 7|
bad coloring on level 2  |8, 13, 1, 8|
bad coloring on level 2  |3, 4, 1, 10|
bad coloring on level 2  |8, 13, 1, 11|
bad coloring on level 2  |8, 13, 1, 12|
bad coloring on level 2  |3, 4, 1, 13|
bad coloring on level 2  |3, 8, 1, 13|
bad coloring on level 2  |3, 12, 1, 13|
bad coloring on level 2  |3, 15, 1, 13|
bad coloring on level 2  |8, 13, 1, 15|
bad coloring on level 2  |8, 13, 2, 2|
bad coloring on level 2  |8, 13, 2, 4|
bad coloring on level 2  |8, 13, 2, 6|
bad coloring on level 2  |8, 13, 2, 7|
bad coloring on level 2  |8, 13, 2, 8|
bad coloring on level 2  |8, 13, 2, 11|
bad coloring on level 2  |8, 13, 2, 15|
bad coloring on level 2  |8, 13, 3, 3|
bad coloring on level 2  |1, 10, 3, 4|
bad coloring on level 2  |1, 13, 3, 4|
bad coloring on level 2  |3, 7, 3, 4|
bad coloring on level 2  |3, 13, 3, 4|
bad coloring on level 2  |4, 13, 3, 4|
bad coloring on level 2  |6, 13, 3, 4|
bad coloring on level 2  |7, 13, 3, 4|
bad coloring on level 2  |8, 13, 3, 4|
bad coloring on level 2  |10, 13, 3, 4|
bad coloring on level 2  |13, 13, 3, 4|
bad coloring on level 2  |3, 4, 3, 7|
bad coloring on level 2  |8, 13, 3, 7|
bad coloring on level 2  |1, 13, 3, 8|
bad coloring on level 2  |4, 13, 3, 8|
bad coloring on level 2  |6, 13, 3, 8|
bad coloring on level 2  |8, 13, 3, 8|
bad coloring on level 2  |8, 13, 3, 10|
bad coloring on level 2  |1, 13, 3, 12|
bad coloring on level 2  |4, 13, 3, 12|
bad coloring on level 2  |6, 13, 3, 12|
bad coloring on level 2  |8, 13, 3, 12|
bad coloring on level 2  |3, 4, 3, 13|
bad coloring on level 2  |8, 13, 3, 13|
bad coloring on level 2  |1, 13, 3, 15|
bad coloring on level 2  |4, 13, 3, 15|
bad coloring on level 2  |6, 13, 3, 15|
bad coloring on level 2  |8, 13, 3, 15|
bad coloring on level 2  |8, 13, 4, 4|
bad coloring on level 2  |8, 13, 4, 6|
bad coloring on level 2  |8, 13, 4, 7|
bad coloring on level 2  |8, 13, 4, 8|
bad coloring on level 2  |8, 13, 4, 11|
bad coloring on level 2  |8, 13, 4, 12|
bad coloring on level 2  |3, 4, 4, 13|
bad coloring on level 2  |3, 8, 4, 13|
bad coloring on level 2  |3, 12, 4, 13|
bad coloring on level 2  |3, 15, 4, 13|
bad coloring on level 2  |8, 10, 4, 13|
bad coloring on level 2  |8, 13, 4, 13|
bad coloring on level 2  |10, 12, 4, 13|
bad coloring on level 2  |8, 13, 4, 15|
bad coloring on level 2  |8, 13, 6, 6|
bad coloring on level 2  |8, 13, 6, 7|
bad coloring on level 2  |8, 13, 6, 8|
bad coloring on level 2  |8, 13, 6, 11|
bad coloring on level 2  |8, 13, 6, 12|
bad coloring on level 2  |3, 4, 6, 13|
bad coloring on level 2  |3, 8, 6, 13|
bad coloring on level 2  |3, 12, 6, 13|
bad coloring on level 2  |3, 15, 6, 13|
bad coloring on level 2  |8, 13, 6, 15|
bad coloring on level 2  |8, 13, 7, 7|
bad coloring on level 2  |8, 13, 7, 8|
bad coloring on level 2  |8, 13, 7, 11|
bad coloring on level 2  |8, 13, 7, 12|
bad coloring on level 2  |3, 4, 7, 13|
bad coloring on level 2  |8, 13, 7, 13|
bad coloring on level 2  |8, 13, 7, 15|
bad coloring on level 2  |8, 13, 8, 8|
bad coloring on level 2  |4, 13, 8, 10|
bad coloring on level 2  |8, 13, 8, 10|
bad coloring on level 2  |8, 13, 8, 11|
bad coloring on level 2  |8, 13, 8, 12|
bad coloring on level 2  |0, 0, 8, 13|
bad coloring on level 2  |0, 2, 8, 13|
bad coloring on level 2  |0, 4, 8, 13|
bad coloring on level 2  |0, 6, 8, 13|
bad coloring on level 2  |0, 7, 8, 13|
bad coloring on level 2  |0, 8, 8, 13|
bad coloring on level 2  |0, 11, 8, 13|
bad coloring on level 2  |0, 15, 8, 13|
bad coloring on level 2  |1, 1, 8, 13|
bad coloring on level 2  |1, 4, 8, 13|
bad coloring on level 2  |1, 6, 8, 13|
bad coloring on level 2  |1, 7, 8, 13|
bad coloring on level 2  |1, 8, 8, 13|
bad coloring on level 2  |1, 11, 8, 13|
bad coloring on level 2  |1, 12, 8, 13|
bad coloring on level 2  |1, 15, 8, 13|
bad coloring on level 2  |2, 2, 8, 13|
bad coloring on level 2  |2, 4, 8, 13|
bad coloring on level 2  |2, 6, 8, 13|
bad coloring on level 2  |2, 7, 8, 13|
bad coloring on level 2  |2, 8, 8, 13|
bad coloring on level 2  |2, 11, 8, 13|
bad coloring on level 2  |2, 15, 8, 13|
bad coloring on level 2  |3, 3, 8, 13|
bad coloring on level 2  |3, 4, 8, 13|
bad coloring on level 2  |3, 7, 8, 13|
bad coloring on level 2  |3, 8, 8, 13|
bad coloring on level 2  |3, 10, 8, 13|
bad coloring on level 2  |3, 12, 8, 13|
bad coloring on level 2  |3, 13, 8, 13|
bad coloring on level 2  |3, 15, 8, 13|
bad coloring on level 2  |4, 4, 8, 13|
bad coloring on level 2  |4, 6, 8, 13|
bad coloring on level 2  |4, 7, 8, 13|
bad coloring on level 2  |4, 8, 8, 13|
bad coloring on level 2  |4, 11, 8, 13|
bad coloring on level 2  |4, 12, 8, 13|
bad coloring on level 2  |4, 13, 8, 13|
bad coloring on level 2  |4, 15, 8, 13|
bad coloring on level 2  |6, 6, 8, 13|
bad coloring on level 2  |6, 7, 8, 13|
bad coloring on level 2  |6, 8, 8, 13|
bad coloring on level 2  |6, 11, 8, 13|
bad coloring on level 2  |6, 12, 8, 13|
bad coloring on level 2  |6, 15, 8, 13|
bad coloring on level 2  |7, 7, 8, 13|
bad coloring on level 2  |7, 8, 8, 13|
bad coloring on level 2  |7, 11, 8, 13|
bad coloring on level 2  |7, 12, 8, 13|
bad coloring on level 2  |7, 13, 8, 13|
bad coloring on level 2  |7, 15, 8, 13|
bad coloring on level 2  |8, 8, 8, 13|
bad coloring on level 2  |8, 10, 8, 13|
bad coloring on level 2  |8, 11, 8, 13|
bad coloring on level 2  |8, 12, 8, 13|
bad coloring on level 2  |8, 13, 8, 13|
bad coloring on level 2  |8, 15, 8, 13|
bad coloring on level 2  |10, 10, 8, 13|
bad coloring on level 2  |10, 12, 8, 13|
bad coloring on level 2  |10, 15, 8, 13|
bad coloring on level 2  |11, 11, 8, 13|
bad coloring on level 2  |11, 12, 8, 13|
bad coloring on level 2  |11, 15, 8, 13|
bad coloring on level 2  |12, 12, 8, 13|
bad coloring on level 2  |12, 15, 8, 13|
bad coloring on level 2  |13, 13, 8, 13|
bad coloring on level 2  |15, 15, 8, 13|
bad coloring on level 2  |8, 13, 8, 15|
bad coloring on level 2  |8, 13, 10, 10|
bad coloring on level 2  |4, 13, 10, 12|
bad coloring on level 2  |8, 13, 10, 12|
bad coloring on level 2  |3, 4, 10, 13|
bad coloring on level 2  |8, 13, 10, 15|
bad coloring on level 2  |8, 13, 11, 11|
bad coloring on level 2  |8, 13, 11, 12|
bad coloring on level 2  |8, 13, 11, 15|
bad coloring on level 2  |8, 13, 12, 12|
bad coloring on level 2  |8, 13, 12, 15|
bad coloring on level 2  |3, 4, 13, 13|
bad coloring on level 2  |8, 13, 13, 13|
bad coloring on level 2  |8, 13, 15, 15|

173 bad colorings on level 2
