Trying substitutions to: 3
with goodVertices 1, 2, 7, 8, 11, 12, 13, 14
bad color to improve: 1  1  with index 16
bad color to improve: 1  2  with index 17
bad color to improve: 1  5  with index 20
bad color to improve: 1  6  with index 21
bad color to improve: 1  11  with index 26
bad color to improve: 2  11  with index 40
6 bad colorings on level 1
bad coloring on level 2  |9, 15, 0, 0|
bad coloring on level 2  |4, 9, 0, 3|
bad coloring on level 2  |4, 15, 0, 3|
bad coloring on level 2  |9, 15, 0, 3|
bad coloring on level 2  |3, 9, 0, 4|
bad coloring on level 2  |3, 10, 0, 4|
bad coloring on level 2  |3, 15, 0, 4|
bad coloring on level 2  |8, 10, 0, 4|
bad coloring on level 2  |9, 10, 0, 4|
bad coloring on level 2  |9, 15, 0, 4|
bad coloring on level 2  |10, 10, 0, 4|
bad coloring on level 2  |10, 12, 0, 4|
bad coloring on level 2  |10, 13, 0, 4|
bad coloring on level 2  |10, 14, 0, 4|
bad coloring on level 2  |10, 15, 0, 4|
bad coloring on level 2  |9, 15, 0, 7|
bad coloring on level 2  |0, 15, 0, 9|
bad coloring on level 2  |3, 4, 0, 9|
bad coloring on level 2  |3, 8, 0, 9|
bad coloring on level 2  |3, 15, 0, 9|
bad coloring on level 2  |4, 8, 0, 9|
bad coloring on level 2  |4, 15, 0, 9|
bad coloring on level 2  |7, 8, 0, 9|
bad coloring on level 2  |8, 8, 0, 9|
bad coloring on level 2  |8, 10, 0, 9|
bad coloring on level 2  |8, 12, 0, 9|
bad coloring on level 2  |8, 13, 0, 9|
bad coloring on level 2  |8, 15, 0, 9|
bad coloring on level 2  |9, 15, 0, 9|
bad coloring on level 2  |10, 15, 0, 9|
bad coloring on level 2  |12, 15, 0, 9|
bad coloring on level 2  |15, 15, 0, 9|
bad coloring on level 2  |4, 9, 0, 12|
bad coloring on level 2  |9, 15, 0, 12|
bad coloring on level 2  |4, 15, 0, 14|
bad coloring on level 2  |9, 15, 0, 14|
bad coloring on level 2  |0, 9, 0, 15|
bad coloring on level 2  |3, 4, 0, 15|
bad coloring on level 2  |3, 9, 0, 15|
bad coloring on level 2  |3, 13, 0, 15|
bad coloring on level 2  |4, 9, 0, 15|
bad coloring on level 2  |4, 13, 0, 15|
bad coloring on level 2  |7, 13, 0, 15|
bad coloring on level 2  |8, 13, 0, 15|
bad coloring on level 2  |9, 9, 0, 15|
bad coloring on level 2  |9, 10, 0, 15|
bad coloring on level 2  |9, 13, 0, 15|
bad coloring on level 2  |9, 14, 0, 15|
bad coloring on level 2  |9, 15, 0, 15|
bad coloring on level 2  |10, 13, 0, 15|
bad coloring on level 2  |13, 13, 0, 15|
bad coloring on level 2  |13, 14, 0, 15|
bad coloring on level 2  |9, 15, 3, 3|
bad coloring on level 2  |0, 9, 3, 4|
bad coloring on level 2  |0, 15, 3, 4|
bad coloring on level 2  |9, 15, 3, 4|
bad coloring on level 2  |9, 15, 3, 7|
bad coloring on level 2  |0, 9, 3, 8|
bad coloring on level 2  |9, 15, 3, 8|
bad coloring on level 2  |0, 4, 3, 9|
bad coloring on level 2  |0, 15, 3, 9|
bad coloring on level 2  |3, 15, 3, 9|
bad coloring on level 2  |4, 15, 3, 9|
bad coloring on level 2  |8, 10, 3, 9|
bad coloring on level 2  |8, 12, 3, 9|
bad coloring on level 2  |8, 15, 3, 9|
bad coloring on level 2  |9, 15, 3, 9|
bad coloring on level 2  |10, 15, 3, 9|
bad coloring on level 2  |12, 15, 3, 9|
bad coloring on level 2  |15, 15, 3, 9|
bad coloring on level 2  |0, 4, 3, 10|
bad coloring on level 2  |9, 15, 3, 10|
bad coloring on level 2  |4, 9, 3, 12|
bad coloring on level 2  |9, 15, 3, 12|
bad coloring on level 2  |0, 15, 3, 13|
bad coloring on level 2  |9, 15, 3, 13|
bad coloring on level 2  |4, 15, 3, 14|
bad coloring on level 2  |9, 15, 3, 14|
bad coloring on level 2  |0, 4, 3, 15|
bad coloring on level 2  |0, 9, 3, 15|
bad coloring on level 2  |3, 9, 3, 15|
bad coloring on level 2  |4, 9, 3, 15|
bad coloring on level 2  |9, 9, 3, 15|
bad coloring on level 2  |9, 10, 3, 15|
bad coloring on level 2  |9, 13, 3, 15|
bad coloring on level 2  |9, 14, 3, 15|
bad coloring on level 2  |9, 15, 3, 15|
bad coloring on level 2  |10, 13, 3, 15|
bad coloring on level 2  |13, 14, 3, 15|
bad coloring on level 2  |9, 15, 4, 4|
bad coloring on level 2  |9, 15, 4, 7|
bad coloring on level 2  |0, 9, 4, 8|
bad coloring on level 2  |9, 15, 4, 8|
bad coloring on level 2  |0, 3, 4, 9|
bad coloring on level 2  |0, 12, 4, 9|
bad coloring on level 2  |0, 15, 4, 9|
bad coloring on level 2  |3, 12, 4, 9|
bad coloring on level 2  |3, 15, 4, 9|
bad coloring on level 2  |4, 15, 4, 9|
bad coloring on level 2  |7, 12, 4, 9|
bad coloring on level 2  |8, 10, 4, 9|
bad coloring on level 2  |8, 12, 4, 9|
bad coloring on level 2  |8, 15, 4, 9|
bad coloring on level 2  |9, 15, 4, 9|
bad coloring on level 2  |10, 12, 4, 9|
bad coloring on level 2  |10, 15, 4, 9|
bad coloring on level 2  |12, 12, 4, 9|
bad coloring on level 2  |12, 14, 4, 9|
bad coloring on level 2  |12, 15, 4, 9|
bad coloring on level 2  |15, 15, 4, 9|
bad coloring on level 2  |0, 15, 4, 13|
bad coloring on level 2  |9, 15, 4, 13|
bad coloring on level 2  |0, 3, 4, 15|
bad coloring on level 2  |0, 9, 4, 15|
bad coloring on level 2  |0, 14, 4, 15|
bad coloring on level 2  |3, 9, 4, 15|
bad coloring on level 2  |3, 14, 4, 15|
bad coloring on level 2  |4, 9, 4, 15|
bad coloring on level 2  |7, 14, 4, 15|
bad coloring on level 2  |9, 9, 4, 15|
bad coloring on level 2  |9, 10, 4, 15|
bad coloring on level 2  |9, 13, 4, 15|
bad coloring on level 2  |9, 14, 4, 15|
bad coloring on level 2  |9, 15, 4, 15|
bad coloring on level 2  |10, 13, 4, 15|
bad coloring on level 2  |10, 14, 4, 15|
bad coloring on level 2  |12, 14, 4, 15|
bad coloring on level 2  |13, 14, 4, 15|
bad coloring on level 2  |14, 14, 4, 15|
bad coloring on level 2  |9, 15, 7, 7|
bad coloring on level 2  |0, 9, 7, 8|
bad coloring on level 2  |9, 15, 7, 8|
bad coloring on level 2  |4, 9, 7, 12|
bad coloring on level 2  |9, 15, 7, 12|
bad coloring on level 2  |0, 15, 7, 13|
bad coloring on level 2  |9, 15, 7, 13|
bad coloring on level 2  |4, 15, 7, 14|
bad coloring on level 2  |9, 15, 7, 14|
bad coloring on level 2  |0, 9, 8, 8|
bad coloring on level 2  |9, 15, 8, 8|
bad coloring on level 2  |0, 4, 8, 10|
bad coloring on level 2  |0, 9, 8, 10|
bad coloring on level 2  |3, 9, 8, 10|
bad coloring on level 2  |4, 9, 8, 10|
bad coloring on level 2  |9, 9, 8, 10|
bad coloring on level 2  |9, 10, 8, 10|
bad coloring on level 2  |9, 13, 8, 10|
bad coloring on level 2  |9, 14, 8, 10|
bad coloring on level 2  |9, 15, 8, 10|
bad coloring on level 2  |10, 13, 8, 10|
bad coloring on level 2  |13, 14, 8, 10|
bad coloring on level 2  |0, 9, 8, 12|
bad coloring on level 2  |3, 9, 8, 12|
bad coloring on level 2  |4, 9, 8, 12|
bad coloring on level 2  |9, 9, 8, 12|
bad coloring on level 2  |9, 10, 8, 12|
bad coloring on level 2  |9, 13, 8, 12|
bad coloring on level 2  |9, 14, 8, 12|
bad coloring on level 2  |9, 15, 8, 12|
bad coloring on level 2  |10, 13, 8, 12|
bad coloring on level 2  |0, 9, 8, 13|
bad coloring on level 2  |0, 15, 8, 13|
bad coloring on level 2  |9, 15, 8, 13|
bad coloring on level 2  |0, 9, 8, 15|
bad coloring on level 2  |3, 9, 8, 15|
bad coloring on level 2  |4, 9, 8, 15|
bad coloring on level 2  |9, 9, 8, 15|
bad coloring on level 2  |9, 10, 8, 15|
bad coloring on level 2  |9, 13, 8, 15|
bad coloring on level 2  |9, 14, 8, 15|
bad coloring on level 2  |9, 15, 8, 15|
bad coloring on level 2  |10, 13, 8, 15|
bad coloring on level 2  |13, 14, 8, 15|
bad coloring on level 2  |0, 15, 9, 9|
bad coloring on level 2  |3, 15, 9, 9|
bad coloring on level 2  |4, 15, 9, 9|
bad coloring on level 2  |8, 10, 9, 9|
bad coloring on level 2  |8, 12, 9, 9|
bad coloring on level 2  |8, 15, 9, 9|
bad coloring on level 2  |9, 15, 9, 9|
bad coloring on level 2  |10, 15, 9, 9|
bad coloring on level 2  |12, 15, 9, 9|
bad coloring on level 2  |15, 15, 9, 9|
bad coloring on level 2  |0, 4, 9, 10|
bad coloring on level 2  |0, 15, 9, 10|
bad coloring on level 2  |3, 15, 9, 10|
bad coloring on level 2  |4, 15, 9, 10|
bad coloring on level 2  |8, 10, 9, 10|
bad coloring on level 2  |8, 12, 9, 10|
bad coloring on level 2  |8, 15, 9, 10|
bad coloring on level 2  |9, 15, 9, 10|
bad coloring on level 2  |10, 15, 9, 10|
bad coloring on level 2  |12, 15, 9, 10|
bad coloring on level 2  |15, 15, 9, 10|
bad coloring on level 2  |0, 15, 9, 13|
bad coloring on level 2  |3, 15, 9, 13|
bad coloring on level 2  |4, 15, 9, 13|
bad coloring on level 2  |8, 10, 9, 13|
bad coloring on level 2  |8, 12, 9, 13|
bad coloring on level 2  |8, 15, 9, 13|
bad coloring on level 2  |9, 15, 9, 13|
bad coloring on level 2  |10, 15, 9, 13|
bad coloring on level 2  |12, 15, 9, 13|
bad coloring on level 2  |15, 15, 9, 13|
bad coloring on level 2  |0, 15, 9, 14|
bad coloring on level 2  |3, 15, 9, 14|
bad coloring on level 2  |4, 15, 9, 14|
bad coloring on level 2  |8, 10, 9, 14|
bad coloring on level 2  |8, 12, 9, 14|
bad coloring on level 2  |8, 15, 9, 14|
bad coloring on level 2  |9, 15, 9, 14|
bad coloring on level 2  |10, 15, 9, 14|
bad coloring on level 2  |12, 15, 9, 14|
bad coloring on level 2  |15, 15, 9, 14|
bad coloring on level 2  |0, 0, 9, 15|
bad coloring on level 2  |0, 3, 9, 15|
bad coloring on level 2  |0, 4, 9, 15|
bad coloring on level 2  |0, 7, 9, 15|
bad coloring on level 2  |0, 9, 9, 15|
bad coloring on level 2  |0, 12, 9, 15|
bad coloring on level 2  |0, 14, 9, 15|
bad coloring on level 2  |0, 15, 9, 15|
bad coloring on level 2  |3, 3, 9, 15|
bad coloring on level 2  |3, 4, 9, 15|
bad coloring on level 2  |3, 7, 9, 15|
bad coloring on level 2  |3, 8, 9, 15|
bad coloring on level 2  |3, 9, 9, 15|
bad coloring on level 2  |3, 10, 9, 15|
bad coloring on level 2  |3, 12, 9, 15|
bad coloring on level 2  |3, 13, 9, 15|
bad coloring on level 2  |3, 14, 9, 15|
bad coloring on level 2  |3, 15, 9, 15|
bad coloring on level 2  |4, 4, 9, 15|
bad coloring on level 2  |4, 7, 9, 15|
bad coloring on level 2  |4, 8, 9, 15|
bad coloring on level 2  |4, 9, 9, 15|
bad coloring on level 2  |4, 13, 9, 15|
bad coloring on level 2  |4, 15, 9, 15|
bad coloring on level 2  |7, 7, 9, 15|
bad coloring on level 2  |7, 8, 9, 15|
bad coloring on level 2  |7, 12, 9, 15|
bad coloring on level 2  |7, 13, 9, 15|
bad coloring on level 2  |7, 14, 9, 15|
bad coloring on level 2  |8, 8, 9, 15|
bad coloring on level 2  |8, 10, 9, 15|
bad coloring on level 2  |8, 12, 9, 15|
bad coloring on level 2  |8, 13, 9, 15|
bad coloring on level 2  |8, 15, 9, 15|
bad coloring on level 2  |9, 9, 9, 15|
bad coloring on level 2  |9, 10, 9, 15|
bad coloring on level 2  |9, 13, 9, 15|
bad coloring on level 2  |9, 14, 9, 15|
bad coloring on level 2  |9, 15, 9, 15|
bad coloring on level 2  |10, 10, 9, 15|
bad coloring on level 2  |10, 12, 9, 15|
bad coloring on level 2  |10, 13, 9, 15|
bad coloring on level 2  |10, 14, 9, 15|
bad coloring on level 2  |10, 15, 9, 15|
bad coloring on level 2  |12, 12, 9, 15|
bad coloring on level 2  |12, 14, 9, 15|
bad coloring on level 2  |12, 15, 9, 15|
bad coloring on level 2  |13, 13, 9, 15|
bad coloring on level 2  |13, 14, 9, 15|
bad coloring on level 2  |14, 14, 9, 15|
bad coloring on level 2  |15, 15, 9, 15|
bad coloring on level 2  |0, 4, 10, 10|
bad coloring on level 2  |9, 15, 10, 10|
bad coloring on level 2  |0, 4, 10, 12|
bad coloring on level 2  |4, 9, 10, 12|
bad coloring on level 2  |9, 15, 10, 12|
bad coloring on level 2  |0, 4, 10, 13|
bad coloring on level 2  |0, 15, 10, 13|
bad coloring on level 2  |3, 15, 10, 13|
bad coloring on level 2  |4, 15, 10, 13|
bad coloring on level 2  |8, 10, 10, 13|
bad coloring on level 2  |8, 12, 10, 13|
bad coloring on level 2  |8, 15, 10, 13|
bad coloring on level 2  |9, 15, 10, 13|
bad coloring on level 2  |10, 15, 10, 13|
bad coloring on level 2  |12, 15, 10, 13|
bad coloring on level 2  |15, 15, 10, 13|
bad coloring on level 2  |0, 4, 10, 14|
bad coloring on level 2  |4, 15, 10, 14|
bad coloring on level 2  |9, 15, 10, 14|
bad coloring on level 2  |0, 4, 10, 15|
bad coloring on level 2  |0, 9, 10, 15|
bad coloring on level 2  |3, 9, 10, 15|
bad coloring on level 2  |4, 9, 10, 15|
bad coloring on level 2  |9, 9, 10, 15|
bad coloring on level 2  |9, 10, 10, 15|
bad coloring on level 2  |9, 13, 10, 15|
bad coloring on level 2  |9, 14, 10, 15|
bad coloring on level 2  |9, 15, 10, 15|
bad coloring on level 2  |10, 13, 10, 15|
bad coloring on level 2  |13, 14, 10, 15|
bad coloring on level 2  |4, 9, 12, 12|
bad coloring on level 2  |9, 15, 12, 12|
bad coloring on level 2  |4, 9, 12, 14|
bad coloring on level 2  |4, 15, 12, 14|
bad coloring on level 2  |9, 15, 12, 14|
bad coloring on level 2  |0, 9, 12, 15|
bad coloring on level 2  |3, 9, 12, 15|
bad coloring on level 2  |4, 9, 12, 15|
bad coloring on level 2  |9, 9, 12, 15|
bad coloring on level 2  |9, 10, 12, 15|
bad coloring on level 2  |9, 13, 12, 15|
bad coloring on level 2  |9, 14, 12, 15|
bad coloring on level 2  |9, 15, 12, 15|
bad coloring on level 2  |10, 13, 12, 15|
bad coloring on level 2  |13, 14, 12, 15|
bad coloring on level 2  |0, 15, 13, 13|
bad coloring on level 2  |9, 15, 13, 13|
bad coloring on level 2  |0, 15, 13, 14|
bad coloring on level 2  |3, 15, 13, 14|
bad coloring on level 2  |4, 15, 13, 14|
bad coloring on level 2  |8, 10, 13, 14|
bad coloring on level 2  |8, 15, 13, 14|
bad coloring on level 2  |9, 15, 13, 14|
bad coloring on level 2  |10, 15, 13, 14|
bad coloring on level 2  |12, 15, 13, 14|
bad coloring on level 2  |15, 15, 13, 14|
bad coloring on level 2  |4, 15, 14, 14|
bad coloring on level 2  |9, 15, 14, 14|
bad coloring on level 2  |0, 9, 15, 15|
bad coloring on level 2  |3, 9, 15, 15|
bad coloring on level 2  |4, 9, 15, 15|
bad coloring on level 2  |9, 9, 15, 15|
bad coloring on level 2  |9, 10, 15, 15|
bad coloring on level 2  |9, 13, 15, 15|
bad coloring on level 2  |9, 14, 15, 15|
bad coloring on level 2  |9, 15, 15, 15|
bad coloring on level 2  |10, 13, 15, 15|
bad coloring on level 2  |13, 14, 15, 15|

333 bad colorings on level 2
