Trying substitutions to: 15
with goodVertices 1, 2, 5, 6, 9, 10, 11, 12, 14
bad color to improve: 1  2  with index 17
bad color to improve: 1  13  with index 28
bad color to improve: 1  14  with index 29
bad color to improve: 2  14  with index 43
4 bad colorings on level 1
bad coloring on level 2  |4, 8, 0, 3|
bad coloring on level 2  |4, 11, 0, 3|
bad coloring on level 2  |6, 8, 0, 3|
bad coloring on level 2  |6, 11, 0, 3|
bad coloring on level 2  |3, 8, 0, 4|
bad coloring on level 2  |3, 12, 0, 4|
bad coloring on level 2  |8, 10, 0, 4|
bad coloring on level 2  |10, 12, 0, 4|
bad coloring on level 2  |3, 8, 0, 9|
bad coloring on level 2  |4, 8, 0, 9|
bad coloring on level 2  |6, 8, 0, 9|
bad coloring on level 2  |8, 8, 0, 9|
bad coloring on level 2  |8, 10, 0, 9|
bad coloring on level 2  |8, 11, 0, 9|
bad coloring on level 2  |8, 12, 0, 9|
bad coloring on level 2  |8, 15, 0, 9|
bad coloring on level 2  |3, 4, 0, 11|
bad coloring on level 2  |3, 9, 0, 11|
bad coloring on level 2  |3, 4, 0, 12|
bad coloring on level 2  |4, 9, 0, 12|
bad coloring on level 2  |4, 8, 3, 3|
bad coloring on level 2  |4, 11, 3, 3|
bad coloring on level 2  |6, 8, 3, 3|
bad coloring on level 2  |6, 11, 3, 3|
bad coloring on level 2  |0, 11, 3, 4|
bad coloring on level 2  |0, 12, 3, 4|
bad coloring on level 2  |3, 8, 3, 4|
bad coloring on level 2  |3, 12, 3, 4|
bad coloring on level 2  |4, 8, 3, 4|
bad coloring on level 2  |4, 11, 3, 4|
bad coloring on level 2  |5, 11, 3, 4|
bad coloring on level 2  |5, 12, 3, 4|
bad coloring on level 2  |6, 8, 3, 4|
bad coloring on level 2  |6, 11, 3, 4|
bad coloring on level 2  |8, 8, 3, 4|
bad coloring on level 2  |8, 10, 3, 4|
bad coloring on level 2  |8, 11, 3, 4|
bad coloring on level 2  |8, 12, 3, 4|
bad coloring on level 2  |8, 15, 3, 4|
bad coloring on level 2  |10, 12, 3, 4|
bad coloring on level 2  |11, 11, 3, 4|
bad coloring on level 2  |11, 12, 3, 4|
bad coloring on level 2  |11, 15, 3, 4|
bad coloring on level 2  |12, 12, 3, 4|
bad coloring on level 2  |12, 15, 3, 4|
bad coloring on level 2  |0, 4, 3, 8|
bad coloring on level 2  |0, 9, 3, 8|
bad coloring on level 2  |3, 4, 3, 8|
bad coloring on level 2  |4, 4, 3, 8|
bad coloring on level 2  |4, 6, 3, 8|
bad coloring on level 2  |4, 8, 3, 8|
bad coloring on level 2  |4, 9, 3, 8|
bad coloring on level 2  |4, 11, 3, 8|
bad coloring on level 2  |4, 15, 3, 8|
bad coloring on level 2  |6, 8, 3, 8|
bad coloring on level 2  |6, 11, 3, 8|
bad coloring on level 2  |0, 11, 3, 9|
bad coloring on level 2  |4, 8, 3, 9|
bad coloring on level 2  |4, 11, 3, 9|
bad coloring on level 2  |5, 11, 3, 9|
bad coloring on level 2  |6, 8, 3, 9|
bad coloring on level 2  |6, 11, 3, 9|
bad coloring on level 2  |8, 11, 3, 9|
bad coloring on level 2  |11, 11, 3, 9|
bad coloring on level 2  |11, 12, 3, 9|
bad coloring on level 2  |11, 15, 3, 9|
bad coloring on level 2  |4, 8, 3, 10|
bad coloring on level 2  |4, 11, 3, 10|
bad coloring on level 2  |6, 8, 3, 10|
bad coloring on level 2  |6, 11, 3, 10|
bad coloring on level 2  |0, 4, 3, 12|
bad coloring on level 2  |3, 4, 3, 12|
bad coloring on level 2  |4, 4, 3, 12|
bad coloring on level 2  |4, 6, 3, 12|
bad coloring on level 2  |4, 8, 3, 12|
bad coloring on level 2  |4, 9, 3, 12|
bad coloring on level 2  |4, 11, 3, 12|
bad coloring on level 2  |4, 15, 3, 12|
bad coloring on level 2  |6, 8, 3, 12|
bad coloring on level 2  |6, 11, 3, 12|
bad coloring on level 2  |4, 8, 3, 15|
bad coloring on level 2  |4, 11, 3, 15|
bad coloring on level 2  |6, 8, 3, 15|
bad coloring on level 2  |6, 11, 3, 15|
bad coloring on level 2  |3, 8, 4, 4|
bad coloring on level 2  |3, 12, 4, 4|
bad coloring on level 2  |8, 10, 4, 4|
bad coloring on level 2  |10, 12, 4, 4|
bad coloring on level 2  |3, 8, 4, 6|
bad coloring on level 2  |3, 12, 4, 6|
bad coloring on level 2  |8, 10, 4, 6|
bad coloring on level 2  |10, 12, 4, 6|
bad coloring on level 2  |0, 3, 4, 8|
bad coloring on level 2  |0, 9, 4, 8|
bad coloring on level 2  |3, 3, 4, 8|
bad coloring on level 2  |3, 4, 4, 8|
bad coloring on level 2  |3, 8, 4, 8|
bad coloring on level 2  |3, 9, 4, 8|
bad coloring on level 2  |3, 10, 4, 8|
bad coloring on level 2  |3, 12, 4, 8|
bad coloring on level 2  |3, 15, 4, 8|
bad coloring on level 2  |8, 10, 4, 8|
bad coloring on level 2  |10, 12, 4, 8|
bad coloring on level 2  |0, 12, 4, 9|
bad coloring on level 2  |3, 8, 4, 9|
bad coloring on level 2  |3, 12, 4, 9|
bad coloring on level 2  |5, 12, 4, 9|
bad coloring on level 2  |8, 10, 4, 9|
bad coloring on level 2  |8, 12, 4, 9|
bad coloring on level 2  |10, 12, 4, 9|
bad coloring on level 2  |11, 12, 4, 9|
bad coloring on level 2  |12, 12, 4, 9|
bad coloring on level 2  |12, 15, 4, 9|
bad coloring on level 2  |0, 3, 4, 11|
bad coloring on level 2  |3, 3, 4, 11|
bad coloring on level 2  |3, 4, 4, 11|
bad coloring on level 2  |3, 8, 4, 11|
bad coloring on level 2  |3, 9, 4, 11|
bad coloring on level 2  |3, 10, 4, 11|
bad coloring on level 2  |3, 12, 4, 11|
bad coloring on level 2  |3, 15, 4, 11|
bad coloring on level 2  |8, 10, 4, 11|
bad coloring on level 2  |10, 12, 4, 11|
bad coloring on level 2  |3, 8, 4, 15|
bad coloring on level 2  |3, 12, 4, 15|
bad coloring on level 2  |8, 10, 4, 15|
bad coloring on level 2  |10, 12, 4, 15|
bad coloring on level 2  |3, 4, 5, 11|
bad coloring on level 2  |3, 9, 5, 11|
bad coloring on level 2  |3, 4, 5, 12|
bad coloring on level 2  |4, 9, 5, 12|
bad coloring on level 2  |0, 3, 6, 8|
bad coloring on level 2  |0, 9, 6, 8|
bad coloring on level 2  |3, 3, 6, 8|
bad coloring on level 2  |3, 4, 6, 8|
bad coloring on level 2  |3, 8, 6, 8|
bad coloring on level 2  |3, 9, 6, 8|
bad coloring on level 2  |3, 10, 6, 8|
bad coloring on level 2  |3, 12, 6, 8|
bad coloring on level 2  |3, 15, 6, 8|
bad coloring on level 2  |8, 10, 6, 8|
bad coloring on level 2  |10, 12, 6, 8|
bad coloring on level 2  |0, 3, 6, 11|
bad coloring on level 2  |3, 3, 6, 11|
bad coloring on level 2  |3, 4, 6, 11|
bad coloring on level 2  |3, 8, 6, 11|
bad coloring on level 2  |3, 9, 6, 11|
bad coloring on level 2  |3, 10, 6, 11|
bad coloring on level 2  |3, 12, 6, 11|
bad coloring on level 2  |3, 15, 6, 11|
bad coloring on level 2  |8, 10, 6, 11|
bad coloring on level 2  |0, 9, 8, 8|
bad coloring on level 2  |3, 4, 8, 8|
bad coloring on level 2  |0, 4, 8, 10|
bad coloring on level 2  |0, 9, 8, 10|
bad coloring on level 2  |3, 4, 8, 10|
bad coloring on level 2  |4, 4, 8, 10|
bad coloring on level 2  |4, 6, 8, 10|
bad coloring on level 2  |4, 8, 8, 10|
bad coloring on level 2  |4, 9, 8, 10|
bad coloring on level 2  |4, 11, 8, 10|
bad coloring on level 2  |4, 15, 8, 10|
bad coloring on level 2  |6, 8, 8, 10|
bad coloring on level 2  |6, 11, 8, 10|
bad coloring on level 2  |0, 9, 8, 11|
bad coloring on level 2  |3, 4, 8, 11|
bad coloring on level 2  |3, 9, 8, 11|
bad coloring on level 2  |0, 9, 8, 12|
bad coloring on level 2  |3, 4, 8, 12|
bad coloring on level 2  |4, 9, 8, 12|
bad coloring on level 2  |0, 9, 8, 15|
bad coloring on level 2  |3, 4, 8, 15|
bad coloring on level 2  |0, 4, 10, 12|
bad coloring on level 2  |3, 4, 10, 12|
bad coloring on level 2  |4, 4, 10, 12|
bad coloring on level 2  |4, 6, 10, 12|
bad coloring on level 2  |4, 8, 10, 12|
bad coloring on level 2  |4, 9, 10, 12|
bad coloring on level 2  |4, 11, 10, 12|
bad coloring on level 2  |4, 15, 10, 12|
bad coloring on level 2  |6, 8, 10, 12|
bad coloring on level 2  |3, 4, 11, 11|
bad coloring on level 2  |3, 9, 11, 11|
bad coloring on level 2  |3, 4, 11, 12|
bad coloring on level 2  |3, 9, 11, 12|
bad coloring on level 2  |4, 9, 11, 12|
bad coloring on level 2  |3, 4, 11, 15|
bad coloring on level 2  |3, 9, 11, 15|
bad coloring on level 2  |3, 4, 12, 12|
bad coloring on level 2  |4, 9, 12, 12|
bad coloring on level 2  |3, 4, 12, 15|
bad coloring on level 2  |4, 9, 12, 15|

192 bad colorings on level 2
