Trying substitutions to: 13
with goodVertices 1, 3, 5, 6, 8, 9, 10, 12, 14, 15
bad color to improve: 5  12  with index 77
bad color to improve: 5  15  with index 80
bad color to improve: 12  15  with index 129
3 bad colorings on level 1
bad coloring on level 2  |3, 4, 1, 2|
bad coloring on level 2  |3, 8, 1, 2|
bad coloring on level 2  |4, 7, 1, 2|
bad coloring on level 2  |8, 13, 1, 2|
bad coloring on level 2  |2, 4, 1, 7|
bad coloring on level 2  |4, 9, 1, 7|
bad coloring on level 2  |6, 9, 1, 7|
bad coloring on level 2  |6, 13, 1, 7|
bad coloring on level 2  |2, 4, 1, 13|
bad coloring on level 2  |3, 4, 1, 13|
bad coloring on level 2  |3, 8, 1, 13|
bad coloring on level 2  |4, 4, 1, 13|
bad coloring on level 2  |4, 6, 1, 13|
bad coloring on level 2  |4, 7, 1, 13|
bad coloring on level 2  |4, 8, 1, 13|
bad coloring on level 2  |4, 9, 1, 13|
bad coloring on level 2  |4, 13, 1, 13|
bad coloring on level 2  |6, 9, 1, 13|
bad coloring on level 2  |6, 13, 1, 13|
bad coloring on level 2  |8, 13, 1, 13|
bad coloring on level 2  |2, 4, 1, 14|
bad coloring on level 2  |3, 4, 1, 14|
bad coloring on level 2  |4, 4, 1, 14|
bad coloring on level 2  |4, 6, 1, 14|
bad coloring on level 2  |4, 7, 1, 14|
bad coloring on level 2  |4, 8, 1, 14|
bad coloring on level 2  |4, 9, 1, 14|
bad coloring on level 2  |4, 13, 1, 14|
bad coloring on level 2  |6, 13, 1, 14|
bad coloring on level 2  |8, 13, 1, 14|
bad coloring on level 2  |3, 8, 2, 2|
bad coloring on level 2  |4, 7, 2, 2|
bad coloring on level 2  |8, 13, 2, 2|
bad coloring on level 2  |1, 7, 2, 4|
bad coloring on level 2  |1, 13, 2, 4|
bad coloring on level 2  |1, 14, 2, 4|
bad coloring on level 2  |2, 7, 2, 4|
bad coloring on level 2  |3, 7, 2, 4|
bad coloring on level 2  |3, 8, 2, 4|
bad coloring on level 2  |4, 7, 2, 4|
bad coloring on level 2  |7, 7, 2, 4|
bad coloring on level 2  |7, 8, 2, 4|
bad coloring on level 2  |7, 13, 2, 4|
bad coloring on level 2  |7, 14, 2, 4|
bad coloring on level 2  |8, 13, 2, 4|
bad coloring on level 2  |3, 7, 2, 6|
bad coloring on level 2  |3, 8, 2, 6|
bad coloring on level 2  |4, 7, 2, 6|
bad coloring on level 2  |8, 13, 2, 6|
bad coloring on level 2  |2, 4, 2, 7|
bad coloring on level 2  |3, 4, 2, 7|
bad coloring on level 2  |3, 8, 2, 7|
bad coloring on level 2  |4, 4, 2, 7|
bad coloring on level 2  |4, 6, 2, 7|
bad coloring on level 2  |4, 7, 2, 7|
bad coloring on level 2  |4, 8, 2, 7|
bad coloring on level 2  |4, 9, 2, 7|
bad coloring on level 2  |4, 13, 2, 7|
bad coloring on level 2  |6, 9, 2, 7|
bad coloring on level 2  |6, 13, 2, 7|
bad coloring on level 2  |8, 13, 2, 7|
bad coloring on level 2  |3, 8, 2, 9|
bad coloring on level 2  |4, 7, 2, 9|
bad coloring on level 2  |7, 8, 2, 9|
bad coloring on level 2  |8, 13, 2, 9|
bad coloring on level 2  |3, 8, 2, 13|
bad coloring on level 2  |4, 7, 2, 13|
bad coloring on level 2  |8, 13, 2, 13|
bad coloring on level 2  |3, 8, 2, 14|
bad coloring on level 2  |4, 7, 2, 14|
bad coloring on level 2  |4, 8, 2, 14|
bad coloring on level 2  |8, 13, 2, 14|
bad coloring on level 2  |1, 2, 3, 4|
bad coloring on level 2  |1, 13, 3, 4|
bad coloring on level 2  |1, 14, 3, 4|
bad coloring on level 2  |2, 7, 3, 4|
bad coloring on level 2  |2, 4, 3, 7|
bad coloring on level 2  |2, 6, 3, 7|
bad coloring on level 2  |6, 9, 3, 7|
bad coloring on level 2  |6, 13, 3, 7|
bad coloring on level 2  |1, 2, 3, 8|
bad coloring on level 2  |1, 13, 3, 8|
bad coloring on level 2  |2, 2, 3, 8|
bad coloring on level 2  |2, 4, 3, 8|
bad coloring on level 2  |2, 6, 3, 8|
bad coloring on level 2  |2, 7, 3, 8|
bad coloring on level 2  |2, 9, 3, 8|
bad coloring on level 2  |2, 13, 3, 8|
bad coloring on level 2  |2, 14, 3, 8|
bad coloring on level 2  |6, 13, 3, 8|
bad coloring on level 2  |1, 13, 4, 4|
bad coloring on level 2  |1, 14, 4, 4|
bad coloring on level 2  |2, 7, 4, 4|
bad coloring on level 2  |1, 13, 4, 6|
bad coloring on level 2  |1, 14, 4, 6|
bad coloring on level 2  |2, 7, 4, 6|
bad coloring on level 2  |7, 14, 4, 6|
bad coloring on level 2  |1, 2, 4, 7|
bad coloring on level 2  |1, 13, 4, 7|
bad coloring on level 2  |1, 14, 4, 7|
bad coloring on level 2  |2, 2, 4, 7|
bad coloring on level 2  |2, 4, 4, 7|
bad coloring on level 2  |2, 6, 4, 7|
bad coloring on level 2  |2, 7, 4, 7|
bad coloring on level 2  |2, 9, 4, 7|
bad coloring on level 2  |2, 13, 4, 7|
bad coloring on level 2  |2, 14, 4, 7|
bad coloring on level 2  |6, 9, 4, 7|
bad coloring on level 2  |6, 13, 4, 7|
bad coloring on level 2  |1, 13, 4, 8|
bad coloring on level 2  |1, 14, 4, 8|
bad coloring on level 2  |2, 7, 4, 8|
bad coloring on level 2  |2, 14, 4, 8|
bad coloring on level 2  |1, 7, 4, 9|
bad coloring on level 2  |1, 13, 4, 9|
bad coloring on level 2  |1, 14, 4, 9|
bad coloring on level 2  |2, 7, 4, 9|
bad coloring on level 2  |1, 13, 4, 13|
bad coloring on level 2  |1, 14, 4, 13|
bad coloring on level 2  |2, 7, 4, 13|
bad coloring on level 2  |1, 7, 6, 9|
bad coloring on level 2  |1, 13, 6, 9|
bad coloring on level 2  |2, 7, 6, 9|
bad coloring on level 2  |3, 7, 6, 9|
bad coloring on level 2  |4, 7, 6, 9|
bad coloring on level 2  |7, 7, 6, 9|
bad coloring on level 2  |7, 8, 6, 9|
bad coloring on level 2  |7, 13, 6, 9|
bad coloring on level 2  |7, 14, 6, 9|
bad coloring on level 2  |8, 13, 6, 9|
bad coloring on level 2  |1, 7, 6, 13|
bad coloring on level 2  |1, 13, 6, 13|
bad coloring on level 2  |1, 14, 6, 13|
bad coloring on level 2  |2, 7, 6, 13|
bad coloring on level 2  |3, 7, 6, 13|
bad coloring on level 2  |3, 8, 6, 13|
bad coloring on level 2  |4, 7, 6, 13|
bad coloring on level 2  |7, 7, 6, 13|
bad coloring on level 2  |7, 8, 6, 13|
bad coloring on level 2  |7, 13, 6, 13|
bad coloring on level 2  |7, 14, 6, 13|
bad coloring on level 2  |8, 13, 6, 13|
bad coloring on level 2  |2, 4, 7, 7|
bad coloring on level 2  |6, 9, 7, 7|
bad coloring on level 2  |6, 13, 7, 7|
bad coloring on level 2  |2, 4, 7, 8|
bad coloring on level 2  |2, 9, 7, 8|
bad coloring on level 2  |6, 9, 7, 8|
bad coloring on level 2  |6, 13, 7, 8|
bad coloring on level 2  |2, 4, 7, 13|
bad coloring on level 2  |6, 9, 7, 13|
bad coloring on level 2  |6, 13, 7, 13|
bad coloring on level 2  |2, 4, 7, 14|
bad coloring on level 2  |4, 6, 7, 14|
bad coloring on level 2  |6, 9, 7, 14|
bad coloring on level 2  |6, 13, 7, 14|
bad coloring on level 2  |1, 2, 8, 13|
bad coloring on level 2  |1, 13, 8, 13|
bad coloring on level 2  |1, 14, 8, 13|
bad coloring on level 2  |2, 2, 8, 13|
bad coloring on level 2  |2, 4, 8, 13|
bad coloring on level 2  |2, 6, 8, 13|
bad coloring on level 2  |2, 7, 8, 13|
bad coloring on level 2  |2, 9, 8, 13|
bad coloring on level 2  |2, 13, 8, 13|
bad coloring on level 2  |2, 14, 8, 13|
bad coloring on level 2  |6, 9, 8, 13|
bad coloring on level 2  |6, 13, 8, 13|

168 bad colorings on level 2
