Trying substitutions to: 6
with goodVertices 1, 3, 4, 7, 8, 10, 11, 12, 13, 15
bad color to improve: 3  7  with index 49
bad color to improve: 3  12  with index 54
bad color to improve: 7  12  with index 96
3 bad colorings on level 1
bad coloring on level 2  |5, 9, 1, 2|
bad coloring on level 2  |6, 10, 1, 2|
bad coloring on level 2  |9, 15, 1, 2|
bad coloring on level 2  |10, 15, 1, 2|
bad coloring on level 2  |2, 9, 1, 5|
bad coloring on level 2  |4, 9, 1, 5|
bad coloring on level 2  |4, 13, 1, 5|
bad coloring on level 2  |6, 13, 1, 5|
bad coloring on level 2  |2, 9, 1, 6|
bad coloring on level 2  |4, 9, 1, 6|
bad coloring on level 2  |4, 13, 1, 6|
bad coloring on level 2  |5, 9, 1, 6|
bad coloring on level 2  |6, 9, 1, 6|
bad coloring on level 2  |6, 10, 1, 6|
bad coloring on level 2  |6, 13, 1, 6|
bad coloring on level 2  |9, 9, 1, 6|
bad coloring on level 2  |9, 10, 1, 6|
bad coloring on level 2  |9, 13, 1, 6|
bad coloring on level 2  |9, 15, 1, 6|
bad coloring on level 2  |10, 15, 1, 6|
bad coloring on level 2  |2, 9, 1, 11|
bad coloring on level 2  |4, 9, 1, 11|
bad coloring on level 2  |5, 9, 1, 11|
bad coloring on level 2  |6, 9, 1, 11|
bad coloring on level 2  |6, 10, 1, 11|
bad coloring on level 2  |6, 13, 1, 11|
bad coloring on level 2  |9, 9, 1, 11|
bad coloring on level 2  |9, 10, 1, 11|
bad coloring on level 2  |9, 13, 1, 11|
bad coloring on level 2  |9, 15, 1, 11|
bad coloring on level 2  |5, 9, 2, 2|
bad coloring on level 2  |6, 10, 2, 2|
bad coloring on level 2  |10, 15, 2, 2|
bad coloring on level 2  |5, 9, 2, 4|
bad coloring on level 2  |5, 10, 2, 4|
bad coloring on level 2  |6, 10, 2, 4|
bad coloring on level 2  |10, 15, 2, 4|
bad coloring on level 2  |2, 9, 2, 5|
bad coloring on level 2  |4, 9, 2, 5|
bad coloring on level 2  |4, 13, 2, 5|
bad coloring on level 2  |5, 9, 2, 5|
bad coloring on level 2  |6, 9, 2, 5|
bad coloring on level 2  |6, 10, 2, 5|
bad coloring on level 2  |6, 13, 2, 5|
bad coloring on level 2  |9, 9, 2, 5|
bad coloring on level 2  |9, 10, 2, 5|
bad coloring on level 2  |9, 13, 2, 5|
bad coloring on level 2  |9, 15, 2, 5|
bad coloring on level 2  |10, 15, 2, 5|
bad coloring on level 2  |5, 9, 2, 6|
bad coloring on level 2  |6, 10, 2, 6|
bad coloring on level 2  |10, 15, 2, 6|
bad coloring on level 2  |1, 5, 2, 9|
bad coloring on level 2  |1, 6, 2, 9|
bad coloring on level 2  |1, 11, 2, 9|
bad coloring on level 2  |2, 5, 2, 9|
bad coloring on level 2  |5, 5, 2, 9|
bad coloring on level 2  |5, 6, 2, 9|
bad coloring on level 2  |5, 9, 2, 9|
bad coloring on level 2  |5, 10, 2, 9|
bad coloring on level 2  |5, 11, 2, 9|
bad coloring on level 2  |5, 15, 2, 9|
bad coloring on level 2  |6, 10, 2, 9|
bad coloring on level 2  |10, 15, 2, 9|
bad coloring on level 2  |5, 9, 2, 11|
bad coloring on level 2  |6, 10, 2, 11|
bad coloring on level 2  |9, 10, 2, 11|
bad coloring on level 2  |10, 15, 2, 11|
bad coloring on level 2  |5, 9, 2, 13|
bad coloring on level 2  |5, 15, 2, 13|
bad coloring on level 2  |6, 10, 2, 13|
bad coloring on level 2  |10, 15, 2, 13|
bad coloring on level 2  |1, 5, 4, 9|
bad coloring on level 2  |1, 6, 4, 9|
bad coloring on level 2  |1, 11, 4, 9|
bad coloring on level 2  |2, 5, 4, 9|
bad coloring on level 2  |1, 5, 4, 13|
bad coloring on level 2  |1, 6, 4, 13|
bad coloring on level 2  |2, 5, 4, 13|
bad coloring on level 2  |5, 5, 4, 13|
bad coloring on level 2  |5, 6, 4, 13|
bad coloring on level 2  |5, 9, 4, 13|
bad coloring on level 2  |5, 10, 4, 13|
bad coloring on level 2  |5, 11, 4, 13|
bad coloring on level 2  |5, 15, 4, 13|
bad coloring on level 2  |6, 10, 4, 13|
bad coloring on level 2  |2, 9, 5, 5|
bad coloring on level 2  |4, 13, 5, 5|
bad coloring on level 2  |6, 13, 5, 5|
bad coloring on level 2  |2, 9, 5, 6|
bad coloring on level 2  |4, 13, 5, 6|
bad coloring on level 2  |6, 13, 5, 6|
bad coloring on level 2  |1, 2, 5, 9|
bad coloring on level 2  |1, 6, 5, 9|
bad coloring on level 2  |1, 11, 5, 9|
bad coloring on level 2  |2, 2, 5, 9|
bad coloring on level 2  |2, 4, 5, 9|
bad coloring on level 2  |2, 5, 5, 9|
bad coloring on level 2  |2, 6, 5, 9|
bad coloring on level 2  |2, 9, 5, 9|
bad coloring on level 2  |2, 11, 5, 9|
bad coloring on level 2  |2, 13, 5, 9|
bad coloring on level 2  |4, 13, 5, 9|
bad coloring on level 2  |6, 13, 5, 9|
bad coloring on level 2  |2, 4, 5, 10|
bad coloring on level 2  |2, 9, 5, 10|
bad coloring on level 2  |4, 13, 5, 10|
bad coloring on level 2  |6, 13, 5, 10|
bad coloring on level 2  |2, 9, 5, 11|
bad coloring on level 2  |4, 13, 5, 11|
bad coloring on level 2  |6, 13, 5, 11|
bad coloring on level 2  |9, 13, 5, 11|
bad coloring on level 2  |2, 9, 5, 15|
bad coloring on level 2  |2, 13, 5, 15|
bad coloring on level 2  |4, 13, 5, 15|
bad coloring on level 2  |6, 13, 5, 15|
bad coloring on level 2  |1, 6, 6, 9|
bad coloring on level 2  |1, 11, 6, 9|
bad coloring on level 2  |2, 5, 6, 9|
bad coloring on level 2  |1, 2, 6, 10|
bad coloring on level 2  |1, 6, 6, 10|
bad coloring on level 2  |1, 11, 6, 10|
bad coloring on level 2  |2, 2, 6, 10|
bad coloring on level 2  |2, 4, 6, 10|
bad coloring on level 2  |2, 5, 6, 10|
bad coloring on level 2  |2, 6, 6, 10|
bad coloring on level 2  |2, 9, 6, 10|
bad coloring on level 2  |2, 11, 6, 10|
bad coloring on level 2  |2, 13, 6, 10|
bad coloring on level 2  |4, 13, 6, 10|
bad coloring on level 2  |6, 13, 6, 10|
bad coloring on level 2  |1, 5, 6, 13|
bad coloring on level 2  |1, 6, 6, 13|
bad coloring on level 2  |1, 11, 6, 13|
bad coloring on level 2  |2, 5, 6, 13|
bad coloring on level 2  |5, 5, 6, 13|
bad coloring on level 2  |5, 6, 6, 13|
bad coloring on level 2  |5, 9, 6, 13|
bad coloring on level 2  |5, 10, 6, 13|
bad coloring on level 2  |5, 11, 6, 13|
bad coloring on level 2  |5, 15, 6, 13|
bad coloring on level 2  |6, 10, 6, 13|
bad coloring on level 2  |10, 15, 6, 13|
bad coloring on level 2  |1, 6, 9, 9|
bad coloring on level 2  |1, 11, 9, 9|
bad coloring on level 2  |2, 5, 9, 9|
bad coloring on level 2  |1, 6, 9, 10|
bad coloring on level 2  |1, 11, 9, 10|
bad coloring on level 2  |2, 5, 9, 10|
bad coloring on level 2  |2, 11, 9, 10|
bad coloring on level 2  |1, 6, 9, 13|
bad coloring on level 2  |1, 11, 9, 13|
bad coloring on level 2  |2, 5, 9, 13|
bad coloring on level 2  |5, 11, 9, 13|
bad coloring on level 2  |1, 2, 9, 15|
bad coloring on level 2  |1, 6, 9, 15|
bad coloring on level 2  |1, 11, 9, 15|
bad coloring on level 2  |2, 5, 9, 15|
bad coloring on level 2  |1, 2, 10, 15|
bad coloring on level 2  |1, 6, 10, 15|
bad coloring on level 2  |2, 2, 10, 15|
bad coloring on level 2  |2, 4, 10, 15|
bad coloring on level 2  |2, 5, 10, 15|
bad coloring on level 2  |2, 6, 10, 15|
bad coloring on level 2  |2, 9, 10, 15|
bad coloring on level 2  |2, 11, 10, 15|
bad coloring on level 2  |2, 13, 10, 15|
bad coloring on level 2  |6, 13, 10, 15|

168 bad colorings on level 2
