Trying substitutions to: 11
with goodVertices 1, 3, 5, 7, 8, 10, 12, 14, 15
bad color to improve: 3  10  with index 52
bad color to improve: 3  14  with index 56
bad color to improve: 10  13  with index 118
bad color to improve: 10  14  with index 119
4 bad colorings on level 1
bad coloring on level 2  |4, 6, 0, 2|
bad coloring on level 2  |4, 15, 0, 2|
bad coloring on level 2  |6, 8, 0, 2|
bad coloring on level 2  |8, 15, 0, 2|
bad coloring on level 2  |1, 5, 0, 4|
bad coloring on level 2  |1, 6, 0, 4|
bad coloring on level 2  |2, 5, 0, 4|
bad coloring on level 2  |2, 6, 0, 4|
bad coloring on level 2  |2, 4, 0, 5|
bad coloring on level 2  |4, 7, 0, 5|
bad coloring on level 2  |1, 6, 0, 7|
bad coloring on level 2  |2, 6, 0, 7|
bad coloring on level 2  |4, 6, 0, 7|
bad coloring on level 2  |5, 6, 0, 7|
bad coloring on level 2  |6, 6, 0, 7|
bad coloring on level 2  |6, 8, 0, 7|
bad coloring on level 2  |6, 11, 0, 7|
bad coloring on level 2  |6, 15, 0, 7|
bad coloring on level 2  |2, 4, 0, 15|
bad coloring on level 2  |2, 7, 0, 15|
bad coloring on level 2  |4, 6, 1, 2|
bad coloring on level 2  |4, 15, 1, 2|
bad coloring on level 2  |6, 8, 1, 2|
bad coloring on level 2  |8, 15, 1, 2|
bad coloring on level 2  |0, 4, 1, 5|
bad coloring on level 2  |2, 4, 1, 5|
bad coloring on level 2  |4, 4, 1, 5|
bad coloring on level 2  |4, 6, 1, 5|
bad coloring on level 2  |4, 7, 1, 5|
bad coloring on level 2  |4, 8, 1, 5|
bad coloring on level 2  |4, 11, 1, 5|
bad coloring on level 2  |4, 15, 1, 5|
bad coloring on level 2  |6, 8, 1, 5|
bad coloring on level 2  |0, 4, 1, 6|
bad coloring on level 2  |0, 7, 1, 6|
bad coloring on level 2  |2, 4, 1, 6|
bad coloring on level 2  |4, 4, 1, 6|
bad coloring on level 2  |4, 6, 1, 6|
bad coloring on level 2  |4, 7, 1, 6|
bad coloring on level 2  |4, 8, 1, 6|
bad coloring on level 2  |4, 11, 1, 6|
bad coloring on level 2  |4, 15, 1, 6|
bad coloring on level 2  |6, 8, 1, 6|
bad coloring on level 2  |8, 15, 1, 6|
bad coloring on level 2  |4, 6, 2, 2|
bad coloring on level 2  |4, 15, 2, 2|
bad coloring on level 2  |6, 8, 2, 2|
bad coloring on level 2  |8, 15, 2, 2|
bad coloring on level 2  |0, 5, 2, 4|
bad coloring on level 2  |0, 15, 2, 4|
bad coloring on level 2  |1, 5, 2, 4|
bad coloring on level 2  |1, 6, 2, 4|
bad coloring on level 2  |2, 5, 2, 4|
bad coloring on level 2  |2, 6, 2, 4|
bad coloring on level 2  |4, 6, 2, 4|
bad coloring on level 2  |4, 15, 2, 4|
bad coloring on level 2  |5, 5, 2, 4|
bad coloring on level 2  |5, 6, 2, 4|
bad coloring on level 2  |5, 11, 2, 4|
bad coloring on level 2  |5, 12, 2, 4|
bad coloring on level 2  |5, 15, 2, 4|
bad coloring on level 2  |6, 6, 2, 4|
bad coloring on level 2  |6, 8, 2, 4|
bad coloring on level 2  |6, 11, 2, 4|
bad coloring on level 2  |6, 15, 2, 4|
bad coloring on level 2  |8, 15, 2, 4|
bad coloring on level 2  |11, 15, 2, 4|
bad coloring on level 2  |12, 15, 2, 4|
bad coloring on level 2  |15, 15, 2, 4|
bad coloring on level 2  |0, 4, 2, 5|
bad coloring on level 2  |2, 4, 2, 5|
bad coloring on level 2  |4, 4, 2, 5|
bad coloring on level 2  |4, 6, 2, 5|
bad coloring on level 2  |4, 7, 2, 5|
bad coloring on level 2  |4, 8, 2, 5|
bad coloring on level 2  |4, 11, 2, 5|
bad coloring on level 2  |4, 15, 2, 5|
bad coloring on level 2  |6, 8, 2, 5|
bad coloring on level 2  |8, 15, 2, 5|
bad coloring on level 2  |0, 4, 2, 6|
bad coloring on level 2  |0, 7, 2, 6|
bad coloring on level 2  |2, 4, 2, 6|
bad coloring on level 2  |4, 4, 2, 6|
bad coloring on level 2  |4, 6, 2, 6|
bad coloring on level 2  |4, 7, 2, 6|
bad coloring on level 2  |4, 8, 2, 6|
bad coloring on level 2  |4, 11, 2, 6|
bad coloring on level 2  |4, 15, 2, 6|
bad coloring on level 2  |6, 8, 2, 6|
bad coloring on level 2  |8, 15, 2, 6|
bad coloring on level 2  |0, 15, 2, 7|
bad coloring on level 2  |4, 6, 2, 7|
bad coloring on level 2  |4, 15, 2, 7|
bad coloring on level 2  |5, 15, 2, 7|
bad coloring on level 2  |6, 8, 2, 7|
bad coloring on level 2  |6, 15, 2, 7|
bad coloring on level 2  |8, 15, 2, 7|
bad coloring on level 2  |11, 15, 2, 7|
bad coloring on level 2  |12, 15, 2, 7|
bad coloring on level 2  |15, 15, 2, 7|
bad coloring on level 2  |4, 6, 2, 11|
bad coloring on level 2  |4, 15, 2, 11|
bad coloring on level 2  |6, 8, 2, 11|
bad coloring on level 2  |8, 15, 2, 11|
bad coloring on level 2  |1, 5, 4, 4|
bad coloring on level 2  |1, 6, 4, 4|
bad coloring on level 2  |2, 5, 4, 4|
bad coloring on level 2  |2, 6, 4, 4|
bad coloring on level 2  |0, 2, 4, 6|
bad coloring on level 2  |0, 7, 4, 6|
bad coloring on level 2  |1, 2, 4, 6|
bad coloring on level 2  |1, 5, 4, 6|
bad coloring on level 2  |1, 6, 4, 6|
bad coloring on level 2  |2, 2, 4, 6|
bad coloring on level 2  |2, 4, 4, 6|
bad coloring on level 2  |2, 5, 4, 6|
bad coloring on level 2  |2, 6, 4, 6|
bad coloring on level 2  |2, 7, 4, 6|
bad coloring on level 2  |2, 11, 4, 6|
bad coloring on level 2  |0, 5, 4, 7|
bad coloring on level 2  |1, 5, 4, 7|
bad coloring on level 2  |1, 6, 4, 7|
bad coloring on level 2  |2, 5, 4, 7|
bad coloring on level 2  |2, 6, 4, 7|
bad coloring on level 2  |5, 5, 4, 7|
bad coloring on level 2  |5, 6, 4, 7|
bad coloring on level 2  |5, 11, 4, 7|
bad coloring on level 2  |5, 12, 4, 7|
bad coloring on level 2  |5, 15, 4, 7|
bad coloring on level 2  |1, 5, 4, 8|
bad coloring on level 2  |1, 6, 4, 8|
bad coloring on level 2  |2, 5, 4, 8|
bad coloring on level 2  |2, 6, 4, 8|
bad coloring on level 2  |1, 5, 4, 11|
bad coloring on level 2  |1, 6, 4, 11|
bad coloring on level 2  |2, 5, 4, 11|
bad coloring on level 2  |2, 6, 4, 11|
bad coloring on level 2  |0, 2, 4, 15|
bad coloring on level 2  |1, 2, 4, 15|
bad coloring on level 2  |1, 5, 4, 15|
bad coloring on level 2  |1, 6, 4, 15|
bad coloring on level 2  |2, 2, 4, 15|
bad coloring on level 2  |2, 4, 4, 15|
bad coloring on level 2  |2, 5, 4, 15|
bad coloring on level 2  |2, 6, 4, 15|
bad coloring on level 2  |2, 7, 4, 15|
bad coloring on level 2  |2, 11, 4, 15|
bad coloring on level 2  |2, 4, 5, 5|
bad coloring on level 2  |4, 7, 5, 5|
bad coloring on level 2  |0, 7, 5, 6|
bad coloring on level 2  |2, 4, 5, 6|
bad coloring on level 2  |4, 7, 5, 6|
bad coloring on level 2  |2, 4, 5, 11|
bad coloring on level 2  |4, 7, 5, 11|
bad coloring on level 2  |2, 4, 5, 12|
bad coloring on level 2  |4, 7, 5, 12|
bad coloring on level 2  |2, 4, 5, 15|
bad coloring on level 2  |2, 7, 5, 15|
bad coloring on level 2  |4, 7, 5, 15|
bad coloring on level 2  |0, 7, 6, 6|
bad coloring on level 2  |2, 4, 6, 6|
bad coloring on level 2  |0, 2, 6, 8|
bad coloring on level 2  |0, 7, 6, 8|
bad coloring on level 2  |1, 2, 6, 8|
bad coloring on level 2  |1, 5, 6, 8|
bad coloring on level 2  |1, 6, 6, 8|
bad coloring on level 2  |2, 2, 6, 8|
bad coloring on level 2  |2, 4, 6, 8|
bad coloring on level 2  |2, 5, 6, 8|
bad coloring on level 2  |2, 6, 6, 8|
bad coloring on level 2  |2, 7, 6, 8|
bad coloring on level 2  |2, 11, 6, 8|
bad coloring on level 2  |0, 7, 6, 11|
bad coloring on level 2  |2, 4, 6, 11|
bad coloring on level 2  |0, 7, 6, 15|
bad coloring on level 2  |2, 4, 6, 15|
bad coloring on level 2  |2, 7, 6, 15|
bad coloring on level 2  |0, 2, 8, 15|
bad coloring on level 2  |1, 2, 8, 15|
bad coloring on level 2  |1, 6, 8, 15|
bad coloring on level 2  |2, 2, 8, 15|
bad coloring on level 2  |2, 4, 8, 15|
bad coloring on level 2  |2, 5, 8, 15|
bad coloring on level 2  |2, 6, 8, 15|
bad coloring on level 2  |2, 7, 8, 15|
bad coloring on level 2  |2, 11, 8, 15|
bad coloring on level 2  |2, 4, 11, 15|
bad coloring on level 2  |2, 7, 11, 15|
bad coloring on level 2  |2, 4, 12, 15|
bad coloring on level 2  |2, 7, 12, 15|
bad coloring on level 2  |2, 4, 15, 15|
bad coloring on level 2  |2, 7, 15, 15|

192 bad colorings on level 2
