Trying substitutions to: 15
with goodVertices 1, 3, 5, 7, 8, 10, 11, 12, 14
bad color to improve: 1  7  with index 22
bad color to improve: 1  13  with index 28
bad color to improve: 1  14  with index 29
bad color to improve: 7  14  with index 98
4 bad colorings on level 1
bad coloring on level 2  |4, 6, 0, 3|
bad coloring on level 2  |5, 6, 0, 3|
bad coloring on level 2  |6, 6, 0, 3|
bad coloring on level 2  |6, 8, 0, 3|
bad coloring on level 2  |6, 9, 0, 3|
bad coloring on level 2  |6, 10, 0, 3|
bad coloring on level 2  |6, 11, 0, 3|
bad coloring on level 2  |6, 15, 0, 3|
bad coloring on level 2  |5, 9, 0, 4|
bad coloring on level 2  |5, 10, 0, 4|
bad coloring on level 2  |6, 9, 0, 4|
bad coloring on level 2  |6, 10, 0, 4|
bad coloring on level 2  |3, 4, 0, 5|
bad coloring on level 2  |4, 9, 0, 5|
bad coloring on level 2  |4, 6, 0, 9|
bad coloring on level 2  |4, 11, 0, 9|
bad coloring on level 2  |6, 8, 0, 9|
bad coloring on level 2  |8, 11, 0, 9|
bad coloring on level 2  |3, 9, 0, 11|
bad coloring on level 2  |4, 9, 0, 11|
bad coloring on level 2  |0, 5, 3, 4|
bad coloring on level 2  |5, 5, 3, 4|
bad coloring on level 2  |5, 6, 3, 4|
bad coloring on level 2  |5, 9, 3, 4|
bad coloring on level 2  |5, 10, 3, 4|
bad coloring on level 2  |5, 11, 3, 4|
bad coloring on level 2  |5, 12, 3, 4|
bad coloring on level 2  |5, 15, 3, 4|
bad coloring on level 2  |6, 9, 3, 4|
bad coloring on level 2  |6, 10, 3, 4|
bad coloring on level 2  |0, 11, 3, 9|
bad coloring on level 2  |4, 6, 3, 9|
bad coloring on level 2  |4, 11, 3, 9|
bad coloring on level 2  |5, 11, 3, 9|
bad coloring on level 2  |6, 8, 3, 9|
bad coloring on level 2  |6, 11, 3, 9|
bad coloring on level 2  |8, 11, 3, 9|
bad coloring on level 2  |11, 11, 3, 9|
bad coloring on level 2  |11, 12, 3, 9|
bad coloring on level 2  |11, 15, 3, 9|
bad coloring on level 2  |5, 9, 4, 4|
bad coloring on level 2  |5, 10, 4, 4|
bad coloring on level 2  |6, 9, 4, 4|
bad coloring on level 2  |6, 10, 4, 4|
bad coloring on level 2  |0, 3, 4, 6|
bad coloring on level 2  |0, 9, 4, 6|
bad coloring on level 2  |3, 9, 4, 6|
bad coloring on level 2  |4, 9, 4, 6|
bad coloring on level 2  |5, 9, 4, 6|
bad coloring on level 2  |5, 10, 4, 6|
bad coloring on level 2  |6, 9, 4, 6|
bad coloring on level 2  |6, 10, 4, 6|
bad coloring on level 2  |9, 9, 4, 6|
bad coloring on level 2  |9, 10, 4, 6|
bad coloring on level 2  |9, 15, 4, 6|
bad coloring on level 2  |5, 9, 4, 8|
bad coloring on level 2  |5, 10, 4, 8|
bad coloring on level 2  |6, 9, 4, 8|
bad coloring on level 2  |6, 10, 4, 8|
bad coloring on level 2  |0, 5, 4, 9|
bad coloring on level 2  |0, 11, 4, 9|
bad coloring on level 2  |4, 6, 4, 9|
bad coloring on level 2  |4, 11, 4, 9|
bad coloring on level 2  |5, 5, 4, 9|
bad coloring on level 2  |5, 6, 4, 9|
bad coloring on level 2  |5, 9, 4, 9|
bad coloring on level 2  |5, 10, 4, 9|
bad coloring on level 2  |5, 11, 4, 9|
bad coloring on level 2  |5, 12, 4, 9|
bad coloring on level 2  |5, 15, 4, 9|
bad coloring on level 2  |6, 6, 4, 9|
bad coloring on level 2  |6, 8, 4, 9|
bad coloring on level 2  |6, 9, 4, 9|
bad coloring on level 2  |6, 10, 4, 9|
bad coloring on level 2  |6, 11, 4, 9|
bad coloring on level 2  |6, 15, 4, 9|
bad coloring on level 2  |8, 11, 4, 9|
bad coloring on level 2  |11, 11, 4, 9|
bad coloring on level 2  |11, 12, 4, 9|
bad coloring on level 2  |11, 15, 4, 9|
bad coloring on level 2  |0, 9, 4, 11|
bad coloring on level 2  |3, 9, 4, 11|
bad coloring on level 2  |4, 9, 4, 11|
bad coloring on level 2  |5, 9, 4, 11|
bad coloring on level 2  |5, 10, 4, 11|
bad coloring on level 2  |6, 9, 4, 11|
bad coloring on level 2  |6, 10, 4, 11|
bad coloring on level 2  |9, 9, 4, 11|
bad coloring on level 2  |9, 10, 4, 11|
bad coloring on level 2  |9, 15, 4, 11|
bad coloring on level 2  |5, 9, 4, 15|
bad coloring on level 2  |5, 10, 4, 15|
bad coloring on level 2  |6, 9, 4, 15|
bad coloring on level 2  |6, 10, 4, 15|
bad coloring on level 2  |3, 4, 5, 5|
bad coloring on level 2  |4, 9, 5, 5|
bad coloring on level 2  |0, 3, 5, 6|
bad coloring on level 2  |3, 4, 5, 6|
bad coloring on level 2  |4, 9, 5, 6|
bad coloring on level 2  |0, 4, 5, 9|
bad coloring on level 2  |3, 4, 5, 9|
bad coloring on level 2  |4, 4, 5, 9|
bad coloring on level 2  |4, 6, 5, 9|
bad coloring on level 2  |4, 8, 5, 9|
bad coloring on level 2  |4, 9, 5, 9|
bad coloring on level 2  |4, 11, 5, 9|
bad coloring on level 2  |4, 15, 5, 9|
bad coloring on level 2  |6, 8, 5, 9|
bad coloring on level 2  |8, 11, 5, 9|
bad coloring on level 2  |0, 4, 5, 10|
bad coloring on level 2  |3, 4, 5, 10|
bad coloring on level 2  |4, 4, 5, 10|
bad coloring on level 2  |4, 6, 5, 10|
bad coloring on level 2  |4, 8, 5, 10|
bad coloring on level 2  |4, 9, 5, 10|
bad coloring on level 2  |4, 11, 5, 10|
bad coloring on level 2  |4, 15, 5, 10|
bad coloring on level 2  |6, 8, 5, 10|
bad coloring on level 2  |3, 4, 5, 11|
bad coloring on level 2  |3, 9, 5, 11|
bad coloring on level 2  |4, 9, 5, 11|
bad coloring on level 2  |3, 4, 5, 12|
bad coloring on level 2  |4, 9, 5, 12|
bad coloring on level 2  |3, 4, 5, 15|
bad coloring on level 2  |4, 9, 5, 15|
bad coloring on level 2  |0, 3, 6, 6|
bad coloring on level 2  |4, 9, 6, 6|
bad coloring on level 2  |0, 3, 6, 8|
bad coloring on level 2  |0, 9, 6, 8|
bad coloring on level 2  |3, 9, 6, 8|
bad coloring on level 2  |4, 9, 6, 8|
bad coloring on level 2  |5, 9, 6, 8|
bad coloring on level 2  |5, 10, 6, 8|
bad coloring on level 2  |6, 9, 6, 8|
bad coloring on level 2  |6, 10, 6, 8|
bad coloring on level 2  |9, 9, 6, 8|
bad coloring on level 2  |9, 10, 6, 8|
bad coloring on level 2  |9, 15, 6, 8|
bad coloring on level 2  |0, 3, 6, 9|
bad coloring on level 2  |0, 4, 6, 9|
bad coloring on level 2  |3, 4, 6, 9|
bad coloring on level 2  |4, 4, 6, 9|
bad coloring on level 2  |4, 6, 6, 9|
bad coloring on level 2  |4, 8, 6, 9|
bad coloring on level 2  |4, 9, 6, 9|
bad coloring on level 2  |4, 11, 6, 9|
bad coloring on level 2  |4, 15, 6, 9|
bad coloring on level 2  |6, 8, 6, 9|
bad coloring on level 2  |8, 11, 6, 9|
bad coloring on level 2  |0, 3, 6, 10|
bad coloring on level 2  |0, 4, 6, 10|
bad coloring on level 2  |3, 4, 6, 10|
bad coloring on level 2  |4, 4, 6, 10|
bad coloring on level 2  |4, 6, 6, 10|
bad coloring on level 2  |4, 8, 6, 10|
bad coloring on level 2  |4, 9, 6, 10|
bad coloring on level 2  |4, 11, 6, 10|
bad coloring on level 2  |4, 15, 6, 10|
bad coloring on level 2  |6, 8, 6, 10|
bad coloring on level 2  |8, 11, 6, 10|
bad coloring on level 2  |0, 3, 6, 11|
bad coloring on level 2  |3, 9, 6, 11|
bad coloring on level 2  |4, 9, 6, 11|
bad coloring on level 2  |0, 3, 6, 15|
bad coloring on level 2  |4, 9, 6, 15|
bad coloring on level 2  |0, 9, 8, 11|
bad coloring on level 2  |3, 9, 8, 11|
bad coloring on level 2  |4, 9, 8, 11|
bad coloring on level 2  |5, 9, 8, 11|
bad coloring on level 2  |6, 9, 8, 11|
bad coloring on level 2  |6, 10, 8, 11|
bad coloring on level 2  |9, 9, 8, 11|
bad coloring on level 2  |9, 10, 8, 11|
bad coloring on level 2  |9, 15, 8, 11|
bad coloring on level 2  |4, 6, 9, 9|
bad coloring on level 2  |4, 11, 9, 9|
bad coloring on level 2  |6, 8, 9, 9|
bad coloring on level 2  |8, 11, 9, 9|
bad coloring on level 2  |4, 6, 9, 10|
bad coloring on level 2  |4, 11, 9, 10|
bad coloring on level 2  |6, 8, 9, 10|
bad coloring on level 2  |8, 11, 9, 10|
bad coloring on level 2  |4, 6, 9, 15|
bad coloring on level 2  |4, 11, 9, 15|
bad coloring on level 2  |6, 8, 9, 15|
bad coloring on level 2  |8, 11, 9, 15|
bad coloring on level 2  |3, 9, 11, 11|
bad coloring on level 2  |4, 9, 11, 11|
bad coloring on level 2  |3, 9, 11, 12|
bad coloring on level 2  |4, 9, 11, 12|
bad coloring on level 2  |3, 9, 11, 15|
bad coloring on level 2  |4, 9, 11, 15|

192 bad colorings on level 2
