Trying substitutions to: 8
with goodVertices 1, 3, 5, 6, 9, 10, 12, 13, 14, 15
bad color to improve: 5  9  with index 74
bad color to improve: 5  14  with index 79
bad color to improve: 9  14  with index 113
3 bad colorings on level 1
bad coloring on level 2  |4, 11, 1, 7|
bad coloring on level 2  |4, 15, 1, 7|
bad coloring on level 2  |6, 8, 1, 7|
bad coloring on level 2  |6, 15, 1, 7|
bad coloring on level 2  |3, 4, 1, 8|
bad coloring on level 2  |3, 13, 1, 8|
bad coloring on level 2  |4, 4, 1, 8|
bad coloring on level 2  |4, 6, 1, 8|
bad coloring on level 2  |4, 7, 1, 8|
bad coloring on level 2  |4, 8, 1, 8|
bad coloring on level 2  |4, 11, 1, 8|
bad coloring on level 2  |4, 13, 1, 8|
bad coloring on level 2  |4, 15, 1, 8|
bad coloring on level 2  |6, 8, 1, 8|
bad coloring on level 2  |6, 15, 1, 8|
bad coloring on level 2  |8, 13, 1, 8|
bad coloring on level 2  |3, 4, 1, 11|
bad coloring on level 2  |3, 13, 1, 11|
bad coloring on level 2  |4, 7, 1, 11|
bad coloring on level 2  |8, 13, 1, 11|
bad coloring on level 2  |3, 4, 1, 12|
bad coloring on level 2  |4, 4, 1, 12|
bad coloring on level 2  |4, 6, 1, 12|
bad coloring on level 2  |4, 7, 1, 12|
bad coloring on level 2  |4, 8, 1, 12|
bad coloring on level 2  |4, 11, 1, 12|
bad coloring on level 2  |4, 13, 1, 12|
bad coloring on level 2  |4, 15, 1, 12|
bad coloring on level 2  |6, 8, 1, 12|
bad coloring on level 2  |8, 13, 1, 12|
bad coloring on level 2  |1, 8, 3, 4|
bad coloring on level 2  |1, 11, 3, 4|
bad coloring on level 2  |1, 12, 3, 4|
bad coloring on level 2  |7, 11, 3, 4|
bad coloring on level 2  |4, 11, 3, 7|
bad coloring on level 2  |6, 8, 3, 7|
bad coloring on level 2  |6, 11, 3, 7|
bad coloring on level 2  |6, 15, 3, 7|
bad coloring on level 2  |1, 8, 3, 13|
bad coloring on level 2  |1, 11, 3, 13|
bad coloring on level 2  |4, 11, 3, 13|
bad coloring on level 2  |6, 8, 3, 13|
bad coloring on level 2  |6, 11, 3, 13|
bad coloring on level 2  |7, 11, 3, 13|
bad coloring on level 2  |8, 11, 3, 13|
bad coloring on level 2  |11, 11, 3, 13|
bad coloring on level 2  |11, 12, 3, 13|
bad coloring on level 2  |11, 15, 3, 13|
bad coloring on level 2  |1, 8, 4, 4|
bad coloring on level 2  |1, 12, 4, 4|
bad coloring on level 2  |7, 11, 4, 4|
bad coloring on level 2  |1, 8, 4, 6|
bad coloring on level 2  |1, 12, 4, 6|
bad coloring on level 2  |7, 11, 4, 6|
bad coloring on level 2  |7, 12, 4, 6|
bad coloring on level 2  |1, 8, 4, 7|
bad coloring on level 2  |1, 11, 4, 7|
bad coloring on level 2  |1, 12, 4, 7|
bad coloring on level 2  |4, 11, 4, 7|
bad coloring on level 2  |6, 8, 4, 7|
bad coloring on level 2  |6, 11, 4, 7|
bad coloring on level 2  |6, 15, 4, 7|
bad coloring on level 2  |7, 11, 4, 7|
bad coloring on level 2  |8, 11, 4, 7|
bad coloring on level 2  |11, 11, 4, 7|
bad coloring on level 2  |11, 12, 4, 7|
bad coloring on level 2  |11, 15, 4, 7|
bad coloring on level 2  |1, 8, 4, 8|
bad coloring on level 2  |1, 12, 4, 8|
bad coloring on level 2  |7, 11, 4, 8|
bad coloring on level 2  |1, 7, 4, 11|
bad coloring on level 2  |1, 8, 4, 11|
bad coloring on level 2  |1, 12, 4, 11|
bad coloring on level 2  |3, 7, 4, 11|
bad coloring on level 2  |3, 13, 4, 11|
bad coloring on level 2  |4, 7, 4, 11|
bad coloring on level 2  |7, 7, 4, 11|
bad coloring on level 2  |7, 8, 4, 11|
bad coloring on level 2  |7, 11, 4, 11|
bad coloring on level 2  |7, 12, 4, 11|
bad coloring on level 2  |7, 13, 4, 11|
bad coloring on level 2  |8, 13, 4, 11|
bad coloring on level 2  |1, 8, 4, 13|
bad coloring on level 2  |1, 12, 4, 13|
bad coloring on level 2  |7, 11, 4, 13|
bad coloring on level 2  |11, 12, 4, 13|
bad coloring on level 2  |1, 7, 4, 15|
bad coloring on level 2  |1, 8, 4, 15|
bad coloring on level 2  |1, 12, 4, 15|
bad coloring on level 2  |7, 11, 4, 15|
bad coloring on level 2  |1, 7, 6, 8|
bad coloring on level 2  |1, 8, 6, 8|
bad coloring on level 2  |1, 12, 6, 8|
bad coloring on level 2  |3, 7, 6, 8|
bad coloring on level 2  |3, 13, 6, 8|
bad coloring on level 2  |4, 7, 6, 8|
bad coloring on level 2  |7, 7, 6, 8|
bad coloring on level 2  |7, 8, 6, 8|
bad coloring on level 2  |7, 11, 6, 8|
bad coloring on level 2  |7, 12, 6, 8|
bad coloring on level 2  |7, 13, 6, 8|
bad coloring on level 2  |8, 13, 6, 8|
bad coloring on level 2  |3, 7, 6, 11|
bad coloring on level 2  |3, 13, 6, 11|
bad coloring on level 2  |4, 7, 6, 11|
bad coloring on level 2  |8, 13, 6, 11|
bad coloring on level 2  |1, 7, 6, 15|
bad coloring on level 2  |1, 8, 6, 15|
bad coloring on level 2  |3, 7, 6, 15|
bad coloring on level 2  |4, 7, 6, 15|
bad coloring on level 2  |7, 7, 6, 15|
bad coloring on level 2  |7, 8, 6, 15|
bad coloring on level 2  |7, 11, 6, 15|
bad coloring on level 2  |7, 12, 6, 15|
bad coloring on level 2  |7, 13, 6, 15|
bad coloring on level 2  |8, 13, 6, 15|
bad coloring on level 2  |4, 11, 7, 7|
bad coloring on level 2  |6, 8, 7, 7|
bad coloring on level 2  |6, 15, 7, 7|
bad coloring on level 2  |4, 11, 7, 8|
bad coloring on level 2  |6, 8, 7, 8|
bad coloring on level 2  |6, 15, 7, 8|
bad coloring on level 2  |3, 4, 7, 11|
bad coloring on level 2  |3, 13, 7, 11|
bad coloring on level 2  |4, 4, 7, 11|
bad coloring on level 2  |4, 6, 7, 11|
bad coloring on level 2  |4, 7, 7, 11|
bad coloring on level 2  |4, 8, 7, 11|
bad coloring on level 2  |4, 11, 7, 11|
bad coloring on level 2  |4, 13, 7, 11|
bad coloring on level 2  |4, 15, 7, 11|
bad coloring on level 2  |6, 8, 7, 11|
bad coloring on level 2  |6, 15, 7, 11|
bad coloring on level 2  |8, 13, 7, 11|
bad coloring on level 2  |4, 6, 7, 12|
bad coloring on level 2  |4, 11, 7, 12|
bad coloring on level 2  |6, 8, 7, 12|
bad coloring on level 2  |6, 15, 7, 12|
bad coloring on level 2  |4, 11, 7, 13|
bad coloring on level 2  |6, 8, 7, 13|
bad coloring on level 2  |6, 15, 7, 13|
bad coloring on level 2  |11, 15, 7, 13|
bad coloring on level 2  |3, 13, 8, 11|
bad coloring on level 2  |4, 7, 8, 11|
bad coloring on level 2  |8, 13, 8, 11|
bad coloring on level 2  |1, 8, 8, 13|
bad coloring on level 2  |1, 11, 8, 13|
bad coloring on level 2  |1, 12, 8, 13|
bad coloring on level 2  |4, 11, 8, 13|
bad coloring on level 2  |6, 8, 8, 13|
bad coloring on level 2  |6, 11, 8, 13|
bad coloring on level 2  |6, 15, 8, 13|
bad coloring on level 2  |7, 11, 8, 13|
bad coloring on level 2  |8, 11, 8, 13|
bad coloring on level 2  |11, 11, 8, 13|
bad coloring on level 2  |11, 12, 8, 13|
bad coloring on level 2  |11, 15, 8, 13|
bad coloring on level 2  |3, 13, 11, 11|
bad coloring on level 2  |4, 7, 11, 11|
bad coloring on level 2  |8, 13, 11, 11|
bad coloring on level 2  |3, 13, 11, 12|
bad coloring on level 2  |4, 7, 11, 12|
bad coloring on level 2  |4, 13, 11, 12|
bad coloring on level 2  |8, 13, 11, 12|
bad coloring on level 2  |3, 13, 11, 15|
bad coloring on level 2  |4, 7, 11, 15|
bad coloring on level 2  |7, 13, 11, 15|
bad coloring on level 2  |8, 13, 11, 15|

168 bad colorings on level 2
