Trying substitutions to: 10
with goodVertices 1, 3, 5, 7, 8, 11, 12, 14, 15
bad color to improve: 0  7  with index 7
bad color to improve: 0  11  with index 11
bad color to improve: 7  11  with index 95
3 bad colorings on level 1
bad coloring on level 2  |3, 9, 1, 6|
bad coloring on level 2  |3, 14, 1, 6|
bad coloring on level 2  |9, 13, 1, 6|
bad coloring on level 2  |3, 9, 1, 8|
bad coloring on level 2  |5, 9, 1, 8|
bad coloring on level 2  |6, 9, 1, 8|
bad coloring on level 2  |9, 9, 1, 8|
bad coloring on level 2  |9, 10, 1, 8|
bad coloring on level 2  |9, 13, 1, 8|
bad coloring on level 2  |9, 14, 1, 8|
bad coloring on level 2  |9, 15, 1, 8|
bad coloring on level 2  |5, 15, 1, 13|
bad coloring on level 2  |6, 9, 1, 13|
bad coloring on level 2  |9, 15, 1, 13|
bad coloring on level 2  |1, 6, 3, 9|
bad coloring on level 2  |1, 8, 3, 9|
bad coloring on level 2  |6, 13, 3, 9|
bad coloring on level 2  |5, 6, 3, 13|
bad coloring on level 2  |5, 15, 3, 13|
bad coloring on level 2  |6, 9, 3, 13|
bad coloring on level 2  |6, 10, 3, 13|
bad coloring on level 2  |1, 6, 3, 14|
bad coloring on level 2  |5, 6, 3, 14|
bad coloring on level 2  |6, 6, 3, 14|
bad coloring on level 2  |6, 8, 3, 14|
bad coloring on level 2  |6, 9, 3, 14|
bad coloring on level 2  |6, 10, 3, 14|
bad coloring on level 2  |6, 13, 3, 14|
bad coloring on level 2  |6, 15, 3, 14|
bad coloring on level 2  |3, 13, 5, 6|
bad coloring on level 2  |3, 14, 5, 6|
bad coloring on level 2  |9, 13, 5, 6|
bad coloring on level 2  |10, 13, 5, 6|
bad coloring on level 2  |1, 8, 5, 9|
bad coloring on level 2  |6, 13, 5, 9|
bad coloring on level 2  |8, 13, 5, 9|
bad coloring on level 2  |1, 13, 5, 15|
bad coloring on level 2  |3, 13, 5, 15|
bad coloring on level 2  |6, 13, 5, 15|
bad coloring on level 2  |8, 13, 5, 15|
bad coloring on level 2  |9, 13, 5, 15|
bad coloring on level 2  |10, 13, 5, 15|
bad coloring on level 2  |13, 13, 5, 15|
bad coloring on level 2  |13, 14, 5, 15|
bad coloring on level 2  |3, 14, 6, 6|
bad coloring on level 2  |9, 13, 6, 6|
bad coloring on level 2  |10, 13, 6, 6|
bad coloring on level 2  |3, 14, 6, 8|
bad coloring on level 2  |9, 13, 6, 8|
bad coloring on level 2  |9, 14, 6, 8|
bad coloring on level 2  |1, 8, 6, 9|
bad coloring on level 2  |1, 13, 6, 9|
bad coloring on level 2  |3, 13, 6, 9|
bad coloring on level 2  |3, 14, 6, 9|
bad coloring on level 2  |6, 13, 6, 9|
bad coloring on level 2  |8, 13, 6, 9|
bad coloring on level 2  |9, 13, 6, 9|
bad coloring on level 2  |10, 13, 6, 9|
bad coloring on level 2  |13, 13, 6, 9|
bad coloring on level 2  |13, 14, 6, 9|
bad coloring on level 2  |3, 13, 6, 10|
bad coloring on level 2  |3, 14, 6, 10|
bad coloring on level 2  |6, 13, 6, 10|
bad coloring on level 2  |9, 13, 6, 10|
bad coloring on level 2  |10, 13, 6, 10|
bad coloring on level 2  |13, 13, 6, 10|
bad coloring on level 2  |13, 14, 6, 10|
bad coloring on level 2  |3, 9, 6, 13|
bad coloring on level 2  |3, 14, 6, 13|
bad coloring on level 2  |5, 9, 6, 13|
bad coloring on level 2  |5, 15, 6, 13|
bad coloring on level 2  |6, 9, 6, 13|
bad coloring on level 2  |6, 10, 6, 13|
bad coloring on level 2  |9, 9, 6, 13|
bad coloring on level 2  |9, 10, 6, 13|
bad coloring on level 2  |9, 13, 6, 13|
bad coloring on level 2  |9, 14, 6, 13|
bad coloring on level 2  |9, 15, 6, 13|
bad coloring on level 2  |10, 13, 6, 13|
bad coloring on level 2  |3, 14, 6, 15|
bad coloring on level 2  |9, 13, 6, 15|
bad coloring on level 2  |10, 13, 6, 15|
bad coloring on level 2  |13, 14, 6, 15|
bad coloring on level 2  |5, 9, 8, 13|
bad coloring on level 2  |5, 15, 8, 13|
bad coloring on level 2  |6, 9, 8, 13|
bad coloring on level 2  |1, 8, 9, 9|
bad coloring on level 2  |6, 13, 9, 9|
bad coloring on level 2  |1, 8, 9, 10|
bad coloring on level 2  |6, 13, 9, 10|
bad coloring on level 2  |1, 6, 9, 13|
bad coloring on level 2  |1, 8, 9, 13|
bad coloring on level 2  |5, 6, 9, 13|
bad coloring on level 2  |5, 15, 9, 13|
bad coloring on level 2  |6, 6, 9, 13|
bad coloring on level 2  |6, 8, 9, 13|
bad coloring on level 2  |6, 9, 9, 13|
bad coloring on level 2  |6, 10, 9, 13|
bad coloring on level 2  |6, 13, 9, 13|
bad coloring on level 2  |6, 15, 9, 13|
bad coloring on level 2  |1, 8, 9, 14|
bad coloring on level 2  |6, 8, 9, 14|
bad coloring on level 2  |6, 13, 9, 14|
bad coloring on level 2  |1, 8, 9, 15|
bad coloring on level 2  |1, 13, 9, 15|
bad coloring on level 2  |6, 13, 9, 15|
bad coloring on level 2  |5, 6, 10, 13|
bad coloring on level 2  |5, 15, 10, 13|
bad coloring on level 2  |6, 6, 10, 13|
bad coloring on level 2  |6, 9, 10, 13|
bad coloring on level 2  |6, 10, 10, 13|
bad coloring on level 2  |6, 13, 10, 13|
bad coloring on level 2  |6, 15, 10, 13|
bad coloring on level 2  |5, 15, 13, 13|
bad coloring on level 2  |6, 9, 13, 13|
bad coloring on level 2  |6, 10, 13, 13|
bad coloring on level 2  |5, 15, 13, 14|
bad coloring on level 2  |6, 9, 13, 14|
bad coloring on level 2  |6, 10, 13, 14|
bad coloring on level 2  |6, 15, 13, 14|

120 bad colorings on level 2
