Trying substitutions to: 8
with goodVertices 1, 3, 5, 7, 10, 11, 12, 14, 15
bad color to improve: 0  5  with index 5
bad color to improve: 0  14  with index 14
bad color to improve: 5  14  with index 79
3 bad colorings on level 1
bad coloring on level 2  |3, 4, 1, 6|
bad coloring on level 2  |3, 7, 1, 6|
bad coloring on level 2  |4, 13, 1, 6|
bad coloring on level 2  |3, 4, 1, 10|
bad coloring on level 2  |4, 4, 1, 10|
bad coloring on level 2  |4, 6, 1, 10|
bad coloring on level 2  |4, 7, 1, 10|
bad coloring on level 2  |4, 8, 1, 10|
bad coloring on level 2  |4, 11, 1, 10|
bad coloring on level 2  |4, 13, 1, 10|
bad coloring on level 2  |4, 15, 1, 10|
bad coloring on level 2  |4, 6, 1, 13|
bad coloring on level 2  |4, 15, 1, 13|
bad coloring on level 2  |11, 15, 1, 13|
bad coloring on level 2  |1, 6, 3, 4|
bad coloring on level 2  |1, 10, 3, 4|
bad coloring on level 2  |6, 13, 3, 4|
bad coloring on level 2  |1, 6, 3, 7|
bad coloring on level 2  |4, 6, 3, 7|
bad coloring on level 2  |6, 6, 3, 7|
bad coloring on level 2  |6, 8, 3, 7|
bad coloring on level 2  |6, 10, 3, 7|
bad coloring on level 2  |6, 11, 3, 7|
bad coloring on level 2  |6, 13, 3, 7|
bad coloring on level 2  |6, 15, 3, 7|
bad coloring on level 2  |4, 6, 3, 13|
bad coloring on level 2  |6, 8, 3, 13|
bad coloring on level 2  |6, 11, 3, 13|
bad coloring on level 2  |11, 15, 3, 13|
bad coloring on level 2  |1, 10, 4, 4|
bad coloring on level 2  |6, 13, 4, 4|
bad coloring on level 2  |1, 10, 4, 6|
bad coloring on level 2  |1, 13, 4, 6|
bad coloring on level 2  |3, 7, 4, 6|
bad coloring on level 2  |3, 13, 4, 6|
bad coloring on level 2  |4, 13, 4, 6|
bad coloring on level 2  |6, 13, 4, 6|
bad coloring on level 2  |7, 13, 4, 6|
bad coloring on level 2  |8, 13, 4, 6|
bad coloring on level 2  |10, 13, 4, 6|
bad coloring on level 2  |13, 13, 4, 6|
bad coloring on level 2  |1, 10, 4, 7|
bad coloring on level 2  |6, 10, 4, 7|
bad coloring on level 2  |6, 13, 4, 7|
bad coloring on level 2  |1, 10, 4, 8|
bad coloring on level 2  |6, 13, 4, 8|
bad coloring on level 2  |1, 10, 4, 11|
bad coloring on level 2  |6, 13, 4, 11|
bad coloring on level 2  |10, 13, 4, 11|
bad coloring on level 2  |1, 6, 4, 13|
bad coloring on level 2  |1, 10, 4, 13|
bad coloring on level 2  |4, 6, 4, 13|
bad coloring on level 2  |6, 6, 4, 13|
bad coloring on level 2  |6, 8, 4, 13|
bad coloring on level 2  |6, 10, 4, 13|
bad coloring on level 2  |6, 11, 4, 13|
bad coloring on level 2  |6, 13, 4, 13|
bad coloring on level 2  |6, 15, 4, 13|
bad coloring on level 2  |11, 15, 4, 13|
bad coloring on level 2  |1, 10, 4, 15|
bad coloring on level 2  |1, 13, 4, 15|
bad coloring on level 2  |6, 13, 4, 15|
bad coloring on level 2  |3, 7, 6, 6|
bad coloring on level 2  |4, 13, 6, 6|
bad coloring on level 2  |8, 13, 6, 6|
bad coloring on level 2  |3, 7, 6, 8|
bad coloring on level 2  |3, 13, 6, 8|
bad coloring on level 2  |4, 13, 6, 8|
bad coloring on level 2  |6, 13, 6, 8|
bad coloring on level 2  |7, 13, 6, 8|
bad coloring on level 2  |8, 13, 6, 8|
bad coloring on level 2  |13, 13, 6, 8|
bad coloring on level 2  |3, 7, 6, 10|
bad coloring on level 2  |4, 7, 6, 10|
bad coloring on level 2  |4, 13, 6, 10|
bad coloring on level 2  |3, 7, 6, 11|
bad coloring on level 2  |3, 13, 6, 11|
bad coloring on level 2  |4, 13, 6, 11|
bad coloring on level 2  |8, 13, 6, 11|
bad coloring on level 2  |3, 4, 6, 13|
bad coloring on level 2  |3, 7, 6, 13|
bad coloring on level 2  |4, 4, 6, 13|
bad coloring on level 2  |4, 6, 6, 13|
bad coloring on level 2  |4, 7, 6, 13|
bad coloring on level 2  |4, 8, 6, 13|
bad coloring on level 2  |4, 11, 6, 13|
bad coloring on level 2  |4, 13, 6, 13|
bad coloring on level 2  |4, 15, 6, 13|
bad coloring on level 2  |6, 8, 6, 13|
bad coloring on level 2  |8, 13, 6, 13|
bad coloring on level 2  |11, 15, 6, 13|
bad coloring on level 2  |3, 7, 6, 15|
bad coloring on level 2  |4, 13, 6, 15|
bad coloring on level 2  |7, 13, 6, 15|
bad coloring on level 2  |8, 13, 6, 15|
bad coloring on level 2  |4, 6, 7, 13|
bad coloring on level 2  |6, 8, 7, 13|
bad coloring on level 2  |6, 15, 7, 13|
bad coloring on level 2  |11, 15, 7, 13|
bad coloring on level 2  |4, 6, 8, 13|
bad coloring on level 2  |6, 6, 8, 13|
bad coloring on level 2  |6, 8, 8, 13|
bad coloring on level 2  |6, 11, 8, 13|
bad coloring on level 2  |6, 13, 8, 13|
bad coloring on level 2  |6, 15, 8, 13|
bad coloring on level 2  |11, 15, 8, 13|
bad coloring on level 2  |4, 6, 10, 13|
bad coloring on level 2  |4, 11, 10, 13|
bad coloring on level 2  |11, 15, 10, 13|
bad coloring on level 2  |1, 13, 11, 15|
bad coloring on level 2  |3, 13, 11, 15|
bad coloring on level 2  |4, 13, 11, 15|
bad coloring on level 2  |6, 13, 11, 15|
bad coloring on level 2  |7, 13, 11, 15|
bad coloring on level 2  |8, 13, 11, 15|
bad coloring on level 2  |10, 13, 11, 15|
bad coloring on level 2  |13, 13, 11, 15|
bad coloring on level 2  |4, 6, 13, 13|
bad coloring on level 2  |6, 8, 13, 13|
bad coloring on level 2  |11, 15, 13, 13|

120 bad colorings on level 2
