Trying substitutions to: 9
with goodVertices 1, 3, 4, 5, 6, 7, 8, 10, 11, 12, 15
bad color to improve: 1  4  with index 19
bad color to improve: 1  8  with index 23
bad color to improve: 4  12  with index 66
bad color to improve: 6  12  with index 87
bad color to improve: 8  12  with index 104
bad color to improve: 11  12  with index 122
bad color to improve: 12  15  with index 129
7 bad colorings on level 1
bad coloring on level 2  |5, 14, 0, 4|
bad coloring on level 2  |6, 13, 0, 10|
bad coloring on level 2  |6, 13, 0, 13|
bad coloring on level 2  |6, 13, 0, 14|
bad coloring on level 2  |6, 13, 1, 3|
bad coloring on level 2  |6, 13, 1, 9|
bad coloring on level 2  |6, 13, 1, 10|
bad coloring on level 2  |6, 13, 1, 13|
bad coloring on level 2  |6, 13, 1, 14|
bad coloring on level 2  |6, 13, 2, 3|
bad coloring on level 2  |5, 14, 2, 4|
bad coloring on level 2  |6, 13, 2, 10|
bad coloring on level 2  |6, 13, 2, 14|
bad coloring on level 2  |5, 14, 3, 4|
bad coloring on level 2  |6, 13, 3, 10|
bad coloring on level 2  |6, 13, 3, 12|
bad coloring on level 2  |6, 13, 3, 14|
bad coloring on level 2  |5, 14, 4, 9|
bad coloring on level 2  |5, 14, 4, 13|
bad coloring on level 2  |0, 4, 5, 14|
bad coloring on level 2  |2, 4, 5, 14|
bad coloring on level 2  |3, 4, 5, 14|
bad coloring on level 2  |4, 9, 5, 14|
bad coloring on level 2  |4, 13, 5, 14|
bad coloring on level 2  |6, 13, 5, 14|
bad coloring on level 2  |0, 10, 6, 13|
bad coloring on level 2  |0, 13, 6, 13|
bad coloring on level 2  |0, 14, 6, 13|
bad coloring on level 2  |1, 3, 6, 13|
bad coloring on level 2  |1, 9, 6, 13|
bad coloring on level 2  |1, 10, 6, 13|
bad coloring on level 2  |1, 13, 6, 13|
bad coloring on level 2  |1, 14, 6, 13|
bad coloring on level 2  |2, 3, 6, 13|
bad coloring on level 2  |2, 10, 6, 13|
bad coloring on level 2  |2, 14, 6, 13|
bad coloring on level 2  |3, 10, 6, 13|
bad coloring on level 2  |3, 12, 6, 13|
bad coloring on level 2  |3, 14, 6, 13|
bad coloring on level 2  |5, 14, 6, 13|
bad coloring on level 2  |7, 9, 6, 13|
bad coloring on level 2  |7, 10, 6, 13|
bad coloring on level 2  |7, 14, 6, 13|
bad coloring on level 2  |9, 12, 6, 13|
bad coloring on level 2  |9, 14, 6, 13|
bad coloring on level 2  |10, 12, 6, 13|
bad coloring on level 2  |10, 13, 6, 13|
bad coloring on level 2  |10, 14, 6, 13|
bad coloring on level 2  |12, 13, 6, 13|
bad coloring on level 2  |12, 14, 6, 13|
bad coloring on level 2  |13, 14, 6, 13|
bad coloring on level 2  |14, 14, 6, 13|
bad coloring on level 2  |6, 13, 7, 9|
bad coloring on level 2  |6, 13, 7, 10|
bad coloring on level 2  |6, 13, 7, 14|
bad coloring on level 2  |6, 13, 9, 12|
bad coloring on level 2  |6, 13, 9, 14|
bad coloring on level 2  |6, 13, 10, 12|
bad coloring on level 2  |6, 13, 10, 13|
bad coloring on level 2  |6, 13, 10, 14|
bad coloring on level 2  |6, 13, 12, 13|
bad coloring on level 2  |6, 13, 12, 14|
bad coloring on level 2  |6, 13, 13, 14|
bad coloring on level 2  |6, 13, 14, 14|

64 bad colorings on level 2
