Trying substitutions to: 6
with goodVertices 1, 3, 5, 7, 8, 9, 10, 12, 13, 14, 15
bad color to improve: 0  13  with index 13
bad color to improve: 3  12  with index 54
bad color to improve: 9  12  with index 111
bad color to improve: 10  12  with index 117
bad color to improve: 12  13  with index 127
bad color to improve: 12  14  with index 128
6 bad colorings on level 1
bad coloring on level 2  |6, 13, 0, 6|
bad coloring on level 2  |6, 13, 0, 8|
bad coloring on level 2  |6, 13, 0, 11|
bad coloring on level 2  |6, 13, 1, 4|
bad coloring on level 2  |6, 13, 1, 6|
bad coloring on level 2  |6, 13, 1, 8|
bad coloring on level 2  |6, 13, 1, 11|
bad coloring on level 2  |6, 13, 1, 15|
bad coloring on level 2  |6, 13, 2, 8|
bad coloring on level 2  |6, 13, 2, 11|
bad coloring on level 2  |6, 13, 2, 15|
bad coloring on level 2  |6, 13, 4, 11|
bad coloring on level 2  |6, 13, 4, 12|
bad coloring on level 2  |5, 11, 4, 13|
bad coloring on level 2  |4, 13, 5, 11|
bad coloring on level 2  |6, 13, 5, 11|
bad coloring on level 2  |6, 13, 6, 7|
bad coloring on level 2  |6, 13, 6, 8|
bad coloring on level 2  |6, 13, 6, 11|
bad coloring on level 2  |6, 13, 6, 12|
bad coloring on level 2  |0, 6, 6, 13|
bad coloring on level 2  |0, 8, 6, 13|
bad coloring on level 2  |0, 11, 6, 13|
bad coloring on level 2  |1, 4, 6, 13|
bad coloring on level 2  |1, 6, 6, 13|
bad coloring on level 2  |1, 8, 6, 13|
bad coloring on level 2  |1, 11, 6, 13|
bad coloring on level 2  |1, 15, 6, 13|
bad coloring on level 2  |2, 8, 6, 13|
bad coloring on level 2  |2, 11, 6, 13|
bad coloring on level 2  |2, 15, 6, 13|
bad coloring on level 2  |4, 11, 6, 13|
bad coloring on level 2  |4, 12, 6, 13|
bad coloring on level 2  |5, 11, 6, 13|
bad coloring on level 2  |6, 7, 6, 13|
bad coloring on level 2  |6, 8, 6, 13|
bad coloring on level 2  |6, 11, 6, 13|
bad coloring on level 2  |6, 12, 6, 13|
bad coloring on level 2  |7, 11, 6, 13|
bad coloring on level 2  |7, 15, 6, 13|
bad coloring on level 2  |8, 11, 6, 13|
bad coloring on level 2  |8, 12, 6, 13|
bad coloring on level 2  |8, 15, 6, 13|
bad coloring on level 2  |11, 11, 6, 13|
bad coloring on level 2  |11, 12, 6, 13|
bad coloring on level 2  |11, 15, 6, 13|
bad coloring on level 2  |12, 15, 6, 13|
bad coloring on level 2  |6, 13, 7, 11|
bad coloring on level 2  |6, 13, 7, 15|
bad coloring on level 2  |6, 13, 8, 11|
bad coloring on level 2  |6, 13, 8, 12|
bad coloring on level 2  |6, 13, 8, 15|
bad coloring on level 2  |6, 13, 11, 11|
bad coloring on level 2  |6, 13, 11, 12|
bad coloring on level 2  |6, 13, 11, 15|
bad coloring on level 2  |6, 13, 12, 15|

56 bad colorings on level 2
