Trying substitutions to: 10
with goodVertices 1, 3, 4, 6, 7, 8, 11, 12, 13, 15
bad color to improve: 4  7  with index 61
bad color to improve: 4  11  with index 65
bad color to improve: 7  11  with index 95
3 bad colorings on level 1
bad coloring on level 2  |3, 9, 1, 5|
bad coloring on level 2  |3, 13, 1, 5|
bad coloring on level 2  |9, 14, 1, 5|
bad coloring on level 2  |10, 13, 1, 5|
bad coloring on level 2  |3, 9, 1, 10|
bad coloring on level 2  |3, 13, 1, 10|
bad coloring on level 2  |5, 9, 1, 10|
bad coloring on level 2  |6, 9, 1, 10|
bad coloring on level 2  |6, 10, 1, 10|
bad coloring on level 2  |6, 15, 1, 10|
bad coloring on level 2  |9, 9, 1, 10|
bad coloring on level 2  |9, 10, 1, 10|
bad coloring on level 2  |9, 13, 1, 10|
bad coloring on level 2  |9, 14, 1, 10|
bad coloring on level 2  |9, 15, 1, 10|
bad coloring on level 2  |10, 13, 1, 10|
bad coloring on level 2  |3, 9, 1, 12|
bad coloring on level 2  |5, 9, 1, 12|
bad coloring on level 2  |6, 9, 1, 12|
bad coloring on level 2  |6, 10, 1, 12|
bad coloring on level 2  |9, 9, 1, 12|
bad coloring on level 2  |9, 10, 1, 12|
bad coloring on level 2  |9, 13, 1, 12|
bad coloring on level 2  |9, 14, 1, 12|
bad coloring on level 2  |9, 15, 1, 12|
bad coloring on level 2  |10, 13, 1, 12|
bad coloring on level 2  |5, 9, 1, 14|
bad coloring on level 2  |6, 10, 1, 14|
bad coloring on level 2  |6, 15, 1, 14|
bad coloring on level 2  |9, 15, 1, 14|
bad coloring on level 2  |1, 5, 3, 9|
bad coloring on level 2  |1, 10, 3, 9|
bad coloring on level 2  |1, 12, 3, 9|
bad coloring on level 2  |5, 14, 3, 9|
bad coloring on level 2  |1, 5, 3, 13|
bad coloring on level 2  |1, 10, 3, 13|
bad coloring on level 2  |5, 5, 3, 13|
bad coloring on level 2  |5, 6, 3, 13|
bad coloring on level 2  |5, 9, 3, 13|
bad coloring on level 2  |5, 10, 3, 13|
bad coloring on level 2  |5, 12, 3, 13|
bad coloring on level 2  |5, 14, 3, 13|
bad coloring on level 2  |5, 15, 3, 13|
bad coloring on level 2  |6, 10, 3, 13|
bad coloring on level 2  |5, 6, 3, 14|
bad coloring on level 2  |5, 9, 3, 14|
bad coloring on level 2  |6, 10, 3, 14|
bad coloring on level 2  |6, 15, 3, 14|
bad coloring on level 2  |3, 13, 5, 5|
bad coloring on level 2  |9, 14, 5, 5|
bad coloring on level 2  |10, 13, 5, 5|
bad coloring on level 2  |3, 13, 5, 6|
bad coloring on level 2  |3, 14, 5, 6|
bad coloring on level 2  |9, 14, 5, 6|
bad coloring on level 2  |10, 13, 5, 6|
bad coloring on level 2  |1, 10, 5, 9|
bad coloring on level 2  |1, 12, 5, 9|
bad coloring on level 2  |1, 14, 5, 9|
bad coloring on level 2  |3, 13, 5, 9|
bad coloring on level 2  |3, 14, 5, 9|
bad coloring on level 2  |5, 14, 5, 9|
bad coloring on level 2  |9, 14, 5, 9|
bad coloring on level 2  |10, 13, 5, 9|
bad coloring on level 2  |10, 14, 5, 9|
bad coloring on level 2  |12, 14, 5, 9|
bad coloring on level 2  |13, 14, 5, 9|
bad coloring on level 2  |14, 14, 5, 9|
bad coloring on level 2  |3, 13, 5, 10|
bad coloring on level 2  |9, 14, 5, 10|
bad coloring on level 2  |10, 13, 5, 10|
bad coloring on level 2  |3, 13, 5, 12|
bad coloring on level 2  |9, 13, 5, 12|
bad coloring on level 2  |9, 14, 5, 12|
bad coloring on level 2  |10, 13, 5, 12|
bad coloring on level 2  |3, 9, 5, 14|
bad coloring on level 2  |3, 13, 5, 14|
bad coloring on level 2  |5, 9, 5, 14|
bad coloring on level 2  |6, 9, 5, 14|
bad coloring on level 2  |6, 10, 5, 14|
bad coloring on level 2  |6, 15, 5, 14|
bad coloring on level 2  |9, 9, 5, 14|
bad coloring on level 2  |9, 10, 5, 14|
bad coloring on level 2  |9, 13, 5, 14|
bad coloring on level 2  |9, 14, 5, 14|
bad coloring on level 2  |9, 15, 5, 14|
bad coloring on level 2  |10, 13, 5, 14|
bad coloring on level 2  |3, 13, 5, 15|
bad coloring on level 2  |9, 14, 5, 15|
bad coloring on level 2  |10, 13, 5, 15|
bad coloring on level 2  |13, 14, 5, 15|
bad coloring on level 2  |1, 10, 6, 9|
bad coloring on level 2  |1, 12, 6, 9|
bad coloring on level 2  |5, 14, 6, 9|
bad coloring on level 2  |12, 14, 6, 9|
bad coloring on level 2  |1, 10, 6, 10|
bad coloring on level 2  |1, 12, 6, 10|
bad coloring on level 2  |1, 14, 6, 10|
bad coloring on level 2  |3, 13, 6, 10|
bad coloring on level 2  |3, 14, 6, 10|
bad coloring on level 2  |5, 14, 6, 10|
bad coloring on level 2  |9, 14, 6, 10|
bad coloring on level 2  |10, 13, 6, 10|
bad coloring on level 2  |10, 14, 6, 10|
bad coloring on level 2  |12, 14, 6, 10|
bad coloring on level 2  |13, 14, 6, 10|
bad coloring on level 2  |14, 14, 6, 10|
bad coloring on level 2  |1, 10, 6, 15|
bad coloring on level 2  |1, 14, 6, 15|
bad coloring on level 2  |3, 14, 6, 15|
bad coloring on level 2  |5, 14, 6, 15|
bad coloring on level 2  |9, 14, 6, 15|
bad coloring on level 2  |10, 13, 6, 15|
bad coloring on level 2  |10, 14, 6, 15|
bad coloring on level 2  |12, 14, 6, 15|
bad coloring on level 2  |13, 14, 6, 15|
bad coloring on level 2  |14, 14, 6, 15|
bad coloring on level 2  |1, 10, 9, 9|
bad coloring on level 2  |1, 12, 9, 9|
bad coloring on level 2  |5, 14, 9, 9|
bad coloring on level 2  |1, 10, 9, 10|
bad coloring on level 2  |1, 12, 9, 10|
bad coloring on level 2  |5, 14, 9, 10|
bad coloring on level 2  |1, 10, 9, 13|
bad coloring on level 2  |1, 12, 9, 13|
bad coloring on level 2  |5, 12, 9, 13|
bad coloring on level 2  |5, 14, 9, 13|
bad coloring on level 2  |1, 5, 9, 14|
bad coloring on level 2  |1, 10, 9, 14|
bad coloring on level 2  |1, 12, 9, 14|
bad coloring on level 2  |5, 5, 9, 14|
bad coloring on level 2  |5, 6, 9, 14|
bad coloring on level 2  |5, 9, 9, 14|
bad coloring on level 2  |5, 10, 9, 14|
bad coloring on level 2  |5, 12, 9, 14|
bad coloring on level 2  |5, 14, 9, 14|
bad coloring on level 2  |5, 15, 9, 14|
bad coloring on level 2  |6, 10, 9, 14|
bad coloring on level 2  |6, 15, 9, 14|
bad coloring on level 2  |1, 10, 9, 15|
bad coloring on level 2  |1, 12, 9, 15|
bad coloring on level 2  |1, 14, 9, 15|
bad coloring on level 2  |5, 14, 9, 15|
bad coloring on level 2  |1, 5, 10, 13|
bad coloring on level 2  |1, 10, 10, 13|
bad coloring on level 2  |1, 12, 10, 13|
bad coloring on level 2  |5, 5, 10, 13|
bad coloring on level 2  |5, 6, 10, 13|
bad coloring on level 2  |5, 9, 10, 13|
bad coloring on level 2  |5, 10, 10, 13|
bad coloring on level 2  |5, 12, 10, 13|
bad coloring on level 2  |5, 14, 10, 13|
bad coloring on level 2  |5, 15, 10, 13|
bad coloring on level 2  |6, 10, 10, 13|
bad coloring on level 2  |6, 15, 10, 13|
bad coloring on level 2  |5, 9, 10, 14|
bad coloring on level 2  |6, 10, 10, 14|
bad coloring on level 2  |6, 15, 10, 14|
bad coloring on level 2  |5, 9, 12, 14|
bad coloring on level 2  |6, 9, 12, 14|
bad coloring on level 2  |6, 10, 12, 14|
bad coloring on level 2  |6, 15, 12, 14|
bad coloring on level 2  |5, 9, 13, 14|
bad coloring on level 2  |5, 15, 13, 14|
bad coloring on level 2  |6, 10, 13, 14|
bad coloring on level 2  |6, 15, 13, 14|
bad coloring on level 2  |5, 9, 14, 14|
bad coloring on level 2  |6, 10, 14, 14|
bad coloring on level 2  |6, 15, 14, 14|

168 bad colorings on level 2
