Trying substitutions to: 2
with goodVertices 1, 3, 4, 7, 8, 11, 12, 13, 14
bad color to improve: 3  8  with index 50
bad color to improve: 3  12  with index 54
bad color to improve: 8  10  with index 102
bad color to improve: 8  12  with index 104
4 bad colorings on level 1
bad coloring on level 2  |5, 9, 0, 4|
bad coloring on level 2  |5, 14, 0, 4|
bad coloring on level 2  |4, 9, 0, 5|
bad coloring on level 2  |4, 13, 0, 5|
bad coloring on level 2  |6, 9, 0, 5|
bad coloring on level 2  |6, 13, 0, 5|
bad coloring on level 2  |1, 6, 0, 9|
bad coloring on level 2  |1, 11, 0, 9|
bad coloring on level 2  |5, 6, 0, 9|
bad coloring on level 2  |5, 11, 0, 9|
bad coloring on level 2  |5, 9, 0, 11|
bad coloring on level 2  |9, 14, 0, 11|
bad coloring on level 2  |1, 6, 0, 14|
bad coloring on level 2  |2, 6, 0, 14|
bad coloring on level 2  |4, 6, 0, 14|
bad coloring on level 2  |5, 6, 0, 14|
bad coloring on level 2  |6, 6, 0, 14|
bad coloring on level 2  |6, 9, 0, 14|
bad coloring on level 2  |6, 11, 0, 14|
bad coloring on level 2  |6, 13, 0, 14|
bad coloring on level 2  |4, 9, 1, 5|
bad coloring on level 2  |4, 13, 1, 5|
bad coloring on level 2  |6, 9, 1, 5|
bad coloring on level 2  |6, 13, 1, 5|
bad coloring on level 2  |0, 9, 1, 6|
bad coloring on level 2  |0, 14, 1, 6|
bad coloring on level 2  |2, 9, 1, 6|
bad coloring on level 2  |4, 9, 1, 6|
bad coloring on level 2  |4, 13, 1, 6|
bad coloring on level 2  |5, 9, 1, 6|
bad coloring on level 2  |6, 9, 1, 6|
bad coloring on level 2  |6, 13, 1, 6|
bad coloring on level 2  |9, 9, 1, 6|
bad coloring on level 2  |9, 13, 1, 6|
bad coloring on level 2  |9, 14, 1, 6|
bad coloring on level 2  |0, 9, 1, 11|
bad coloring on level 2  |2, 9, 1, 11|
bad coloring on level 2  |4, 9, 1, 11|
bad coloring on level 2  |5, 9, 1, 11|
bad coloring on level 2  |6, 9, 1, 11|
bad coloring on level 2  |6, 13, 1, 11|
bad coloring on level 2  |9, 9, 1, 11|
bad coloring on level 2  |9, 13, 1, 11|
bad coloring on level 2  |9, 14, 1, 11|
bad coloring on level 2  |5, 9, 2, 4|
bad coloring on level 2  |5, 14, 2, 4|
bad coloring on level 2  |4, 9, 2, 5|
bad coloring on level 2  |4, 13, 2, 5|
bad coloring on level 2  |6, 9, 2, 5|
bad coloring on level 2  |6, 13, 2, 5|
bad coloring on level 2  |0, 14, 2, 6|
bad coloring on level 2  |5, 9, 2, 6|
bad coloring on level 2  |1, 6, 2, 9|
bad coloring on level 2  |1, 11, 2, 9|
bad coloring on level 2  |5, 6, 2, 9|
bad coloring on level 2  |5, 11, 2, 9|
bad coloring on level 2  |5, 9, 2, 11|
bad coloring on level 2  |9, 14, 2, 11|
bad coloring on level 2  |5, 9, 4, 4|
bad coloring on level 2  |5, 14, 4, 4|
bad coloring on level 2  |0, 14, 4, 6|
bad coloring on level 2  |5, 9, 4, 6|
bad coloring on level 2  |5, 14, 4, 6|
bad coloring on level 2  |5, 9, 4, 7|
bad coloring on level 2  |5, 14, 4, 7|
bad coloring on level 2  |0, 5, 4, 9|
bad coloring on level 2  |1, 5, 4, 9|
bad coloring on level 2  |1, 6, 4, 9|
bad coloring on level 2  |1, 11, 4, 9|
bad coloring on level 2  |2, 5, 4, 9|
bad coloring on level 2  |5, 5, 4, 9|
bad coloring on level 2  |5, 6, 4, 9|
bad coloring on level 2  |5, 9, 4, 9|
bad coloring on level 2  |5, 11, 4, 9|
bad coloring on level 2  |5, 14, 4, 9|
bad coloring on level 2  |5, 9, 4, 11|
bad coloring on level 2  |5, 14, 4, 11|
bad coloring on level 2  |9, 14, 4, 11|
bad coloring on level 2  |0, 5, 4, 13|
bad coloring on level 2  |1, 5, 4, 13|
bad coloring on level 2  |1, 6, 4, 13|
bad coloring on level 2  |2, 5, 4, 13|
bad coloring on level 2  |5, 5, 4, 13|
bad coloring on level 2  |5, 6, 4, 13|
bad coloring on level 2  |5, 9, 4, 13|
bad coloring on level 2  |5, 11, 4, 13|
bad coloring on level 2  |5, 14, 4, 13|
bad coloring on level 2  |4, 9, 5, 5|
bad coloring on level 2  |4, 13, 5, 5|
bad coloring on level 2  |6, 9, 5, 5|
bad coloring on level 2  |6, 13, 5, 5|
bad coloring on level 2  |0, 9, 5, 6|
bad coloring on level 2  |0, 14, 5, 6|
bad coloring on level 2  |2, 9, 5, 6|
bad coloring on level 2  |4, 9, 5, 6|
bad coloring on level 2  |4, 13, 5, 6|
bad coloring on level 2  |5, 9, 5, 6|
bad coloring on level 2  |6, 9, 5, 6|
bad coloring on level 2  |6, 13, 5, 6|
bad coloring on level 2  |9, 9, 5, 6|
bad coloring on level 2  |9, 13, 5, 6|
bad coloring on level 2  |9, 14, 5, 6|
bad coloring on level 2  |0, 4, 5, 9|
bad coloring on level 2  |0, 11, 5, 9|
bad coloring on level 2  |1, 6, 5, 9|
bad coloring on level 2  |1, 11, 5, 9|
bad coloring on level 2  |2, 4, 5, 9|
bad coloring on level 2  |2, 6, 5, 9|
bad coloring on level 2  |2, 11, 5, 9|
bad coloring on level 2  |4, 4, 5, 9|
bad coloring on level 2  |4, 6, 5, 9|
bad coloring on level 2  |4, 7, 5, 9|
bad coloring on level 2  |4, 9, 5, 9|
bad coloring on level 2  |4, 11, 5, 9|
bad coloring on level 2  |4, 13, 5, 9|
bad coloring on level 2  |5, 6, 5, 9|
bad coloring on level 2  |5, 11, 5, 9|
bad coloring on level 2  |6, 6, 5, 9|
bad coloring on level 2  |6, 9, 5, 9|
bad coloring on level 2  |6, 11, 5, 9|
bad coloring on level 2  |6, 13, 5, 9|
bad coloring on level 2  |7, 11, 5, 9|
bad coloring on level 2  |11, 11, 5, 9|
bad coloring on level 2  |0, 9, 5, 11|
bad coloring on level 2  |2, 9, 5, 11|
bad coloring on level 2  |4, 9, 5, 11|
bad coloring on level 2  |4, 13, 5, 11|
bad coloring on level 2  |5, 9, 5, 11|
bad coloring on level 2  |6, 9, 5, 11|
bad coloring on level 2  |6, 13, 5, 11|
bad coloring on level 2  |9, 9, 5, 11|
bad coloring on level 2  |9, 13, 5, 11|
bad coloring on level 2  |9, 14, 5, 11|
bad coloring on level 2  |0, 4, 5, 14|
bad coloring on level 2  |2, 4, 5, 14|
bad coloring on level 2  |4, 4, 5, 14|
bad coloring on level 2  |4, 6, 5, 14|
bad coloring on level 2  |4, 7, 5, 14|
bad coloring on level 2  |4, 9, 5, 14|
bad coloring on level 2  |4, 11, 5, 14|
bad coloring on level 2  |4, 13, 5, 14|
bad coloring on level 2  |6, 9, 5, 14|
bad coloring on level 2  |6, 13, 5, 14|
bad coloring on level 2  |0, 14, 6, 6|
bad coloring on level 2  |5, 9, 6, 6|
bad coloring on level 2  |0, 5, 6, 9|
bad coloring on level 2  |0, 14, 6, 9|
bad coloring on level 2  |1, 5, 6, 9|
bad coloring on level 2  |1, 6, 6, 9|
bad coloring on level 2  |1, 11, 6, 9|
bad coloring on level 2  |2, 5, 6, 9|
bad coloring on level 2  |5, 5, 6, 9|
bad coloring on level 2  |5, 6, 6, 9|
bad coloring on level 2  |5, 9, 6, 9|
bad coloring on level 2  |5, 11, 6, 9|
bad coloring on level 2  |5, 14, 6, 9|
bad coloring on level 2  |0, 14, 6, 11|
bad coloring on level 2  |5, 9, 6, 11|
bad coloring on level 2  |9, 14, 6, 11|
bad coloring on level 2  |0, 5, 6, 13|
bad coloring on level 2  |0, 14, 6, 13|
bad coloring on level 2  |1, 5, 6, 13|
bad coloring on level 2  |1, 6, 6, 13|
bad coloring on level 2  |1, 11, 6, 13|
bad coloring on level 2  |2, 5, 6, 13|
bad coloring on level 2  |5, 5, 6, 13|
bad coloring on level 2  |5, 6, 6, 13|
bad coloring on level 2  |5, 9, 6, 13|
bad coloring on level 2  |5, 11, 6, 13|
bad coloring on level 2  |5, 14, 6, 13|
bad coloring on level 2  |5, 9, 7, 11|
bad coloring on level 2  |9, 14, 7, 11|
bad coloring on level 2  |1, 6, 9, 9|
bad coloring on level 2  |1, 11, 9, 9|
bad coloring on level 2  |5, 6, 9, 9|
bad coloring on level 2  |5, 11, 9, 9|
bad coloring on level 2  |1, 6, 9, 13|
bad coloring on level 2  |1, 11, 9, 13|
bad coloring on level 2  |5, 6, 9, 13|
bad coloring on level 2  |5, 11, 9, 13|
bad coloring on level 2  |0, 11, 9, 14|
bad coloring on level 2  |1, 6, 9, 14|
bad coloring on level 2  |1, 11, 9, 14|
bad coloring on level 2  |2, 11, 9, 14|
bad coloring on level 2  |4, 11, 9, 14|
bad coloring on level 2  |5, 6, 9, 14|
bad coloring on level 2  |5, 11, 9, 14|
bad coloring on level 2  |6, 11, 9, 14|
bad coloring on level 2  |7, 11, 9, 14|
bad coloring on level 2  |11, 11, 9, 14|
bad coloring on level 2  |5, 9, 11, 11|
bad coloring on level 2  |9, 14, 11, 11|

192 bad colorings on level 2
