Trying substitutions to: 13
with goodVertices 1, 3, 4, 6, 7, 8, 10, 11, 12, 15
bad color to improve: 11  12  with index 122
bad color to improve: 11  15  with index 125
bad color to improve: 12  15  with index 129
3 bad colorings on level 1
bad coloring on level 2  |3, 9, 1, 2|
bad coloring on level 2  |3, 10, 1, 2|
bad coloring on level 2  |9, 14, 1, 2|
bad coloring on level 2  |10, 13, 1, 2|
bad coloring on level 2  |2, 9, 1, 7|
bad coloring on level 2  |3, 9, 1, 7|
bad coloring on level 2  |4, 9, 1, 7|
bad coloring on level 2  |6, 9, 1, 7|
bad coloring on level 2  |6, 13, 1, 7|
bad coloring on level 2  |9, 9, 1, 7|
bad coloring on level 2  |9, 10, 1, 7|
bad coloring on level 2  |9, 13, 1, 7|
bad coloring on level 2  |9, 14, 1, 7|
bad coloring on level 2  |10, 13, 1, 7|
bad coloring on level 2  |2, 9, 1, 13|
bad coloring on level 2  |3, 9, 1, 13|
bad coloring on level 2  |3, 10, 1, 13|
bad coloring on level 2  |4, 6, 1, 13|
bad coloring on level 2  |4, 9, 1, 13|
bad coloring on level 2  |6, 9, 1, 13|
bad coloring on level 2  |6, 13, 1, 13|
bad coloring on level 2  |9, 9, 1, 13|
bad coloring on level 2  |9, 10, 1, 13|
bad coloring on level 2  |9, 13, 1, 13|
bad coloring on level 2  |9, 14, 1, 13|
bad coloring on level 2  |10, 13, 1, 13|
bad coloring on level 2  |2, 9, 1, 14|
bad coloring on level 2  |4, 6, 1, 14|
bad coloring on level 2  |4, 9, 1, 14|
bad coloring on level 2  |6, 13, 1, 14|
bad coloring on level 2  |3, 10, 2, 2|
bad coloring on level 2  |9, 14, 2, 2|
bad coloring on level 2  |10, 13, 2, 2|
bad coloring on level 2  |3, 10, 2, 4|
bad coloring on level 2  |9, 14, 2, 4|
bad coloring on level 2  |10, 13, 2, 4|
bad coloring on level 2  |10, 14, 2, 4|
bad coloring on level 2  |3, 10, 2, 6|
bad coloring on level 2  |3, 14, 2, 6|
bad coloring on level 2  |9, 14, 2, 6|
bad coloring on level 2  |10, 13, 2, 6|
bad coloring on level 2  |3, 10, 2, 7|
bad coloring on level 2  |9, 10, 2, 7|
bad coloring on level 2  |9, 14, 2, 7|
bad coloring on level 2  |10, 13, 2, 7|
bad coloring on level 2  |1, 7, 2, 9|
bad coloring on level 2  |1, 13, 2, 9|
bad coloring on level 2  |1, 14, 2, 9|
bad coloring on level 2  |2, 14, 2, 9|
bad coloring on level 2  |3, 10, 2, 9|
bad coloring on level 2  |3, 14, 2, 9|
bad coloring on level 2  |7, 14, 2, 9|
bad coloring on level 2  |9, 14, 2, 9|
bad coloring on level 2  |10, 13, 2, 9|
bad coloring on level 2  |10, 14, 2, 9|
bad coloring on level 2  |13, 14, 2, 9|
bad coloring on level 2  |14, 14, 2, 9|
bad coloring on level 2  |3, 10, 2, 13|
bad coloring on level 2  |9, 14, 2, 13|
bad coloring on level 2  |10, 13, 2, 13|
bad coloring on level 2  |2, 9, 2, 14|
bad coloring on level 2  |3, 9, 2, 14|
bad coloring on level 2  |3, 10, 2, 14|
bad coloring on level 2  |4, 6, 2, 14|
bad coloring on level 2  |4, 9, 2, 14|
bad coloring on level 2  |6, 9, 2, 14|
bad coloring on level 2  |6, 13, 2, 14|
bad coloring on level 2  |9, 9, 2, 14|
bad coloring on level 2  |9, 10, 2, 14|
bad coloring on level 2  |9, 13, 2, 14|
bad coloring on level 2  |9, 14, 2, 14|
bad coloring on level 2  |10, 13, 2, 14|
bad coloring on level 2  |1, 2, 3, 9|
bad coloring on level 2  |1, 7, 3, 9|
bad coloring on level 2  |1, 13, 3, 9|
bad coloring on level 2  |2, 14, 3, 9|
bad coloring on level 2  |1, 2, 3, 10|
bad coloring on level 2  |1, 13, 3, 10|
bad coloring on level 2  |2, 2, 3, 10|
bad coloring on level 2  |2, 4, 3, 10|
bad coloring on level 2  |2, 6, 3, 10|
bad coloring on level 2  |2, 7, 3, 10|
bad coloring on level 2  |2, 9, 3, 10|
bad coloring on level 2  |2, 13, 3, 10|
bad coloring on level 2  |2, 14, 3, 10|
bad coloring on level 2  |6, 13, 3, 10|
bad coloring on level 2  |2, 6, 3, 14|
bad coloring on level 2  |2, 9, 3, 14|
bad coloring on level 2  |4, 6, 3, 14|
bad coloring on level 2  |6, 13, 3, 14|
bad coloring on level 2  |1, 13, 4, 6|
bad coloring on level 2  |1, 14, 4, 6|
bad coloring on level 2  |2, 14, 4, 6|
bad coloring on level 2  |3, 14, 4, 6|
bad coloring on level 2  |7, 14, 4, 6|
bad coloring on level 2  |9, 14, 4, 6|
bad coloring on level 2  |10, 13, 4, 6|
bad coloring on level 2  |10, 14, 4, 6|
bad coloring on level 2  |13, 14, 4, 6|
bad coloring on level 2  |14, 14, 4, 6|
bad coloring on level 2  |1, 7, 4, 9|
bad coloring on level 2  |1, 13, 4, 9|
bad coloring on level 2  |1, 14, 4, 9|
bad coloring on level 2  |2, 14, 4, 9|
bad coloring on level 2  |1, 7, 6, 9|
bad coloring on level 2  |1, 13, 6, 9|
bad coloring on level 2  |2, 14, 6, 9|
bad coloring on level 2  |7, 14, 6, 9|
bad coloring on level 2  |1, 7, 6, 13|
bad coloring on level 2  |1, 13, 6, 13|
bad coloring on level 2  |1, 14, 6, 13|
bad coloring on level 2  |2, 14, 6, 13|
bad coloring on level 2  |3, 10, 6, 13|
bad coloring on level 2  |3, 14, 6, 13|
bad coloring on level 2  |7, 14, 6, 13|
bad coloring on level 2  |9, 14, 6, 13|
bad coloring on level 2  |10, 13, 6, 13|
bad coloring on level 2  |10, 14, 6, 13|
bad coloring on level 2  |13, 14, 6, 13|
bad coloring on level 2  |14, 14, 6, 13|
bad coloring on level 2  |2, 9, 7, 14|
bad coloring on level 2  |4, 6, 7, 14|
bad coloring on level 2  |6, 9, 7, 14|
bad coloring on level 2  |6, 13, 7, 14|
bad coloring on level 2  |1, 7, 9, 9|
bad coloring on level 2  |1, 13, 9, 9|
bad coloring on level 2  |2, 14, 9, 9|
bad coloring on level 2  |1, 7, 9, 10|
bad coloring on level 2  |1, 13, 9, 10|
bad coloring on level 2  |2, 7, 9, 10|
bad coloring on level 2  |2, 14, 9, 10|
bad coloring on level 2  |1, 7, 9, 13|
bad coloring on level 2  |1, 13, 9, 13|
bad coloring on level 2  |2, 14, 9, 13|
bad coloring on level 2  |1, 2, 9, 14|
bad coloring on level 2  |1, 7, 9, 14|
bad coloring on level 2  |1, 13, 9, 14|
bad coloring on level 2  |2, 2, 9, 14|
bad coloring on level 2  |2, 4, 9, 14|
bad coloring on level 2  |2, 6, 9, 14|
bad coloring on level 2  |2, 7, 9, 14|
bad coloring on level 2  |2, 9, 9, 14|
bad coloring on level 2  |2, 13, 9, 14|
bad coloring on level 2  |2, 14, 9, 14|
bad coloring on level 2  |4, 6, 9, 14|
bad coloring on level 2  |6, 13, 9, 14|
bad coloring on level 2  |1, 2, 10, 13|
bad coloring on level 2  |1, 7, 10, 13|
bad coloring on level 2  |1, 13, 10, 13|
bad coloring on level 2  |2, 2, 10, 13|
bad coloring on level 2  |2, 4, 10, 13|
bad coloring on level 2  |2, 6, 10, 13|
bad coloring on level 2  |2, 7, 10, 13|
bad coloring on level 2  |2, 9, 10, 13|
bad coloring on level 2  |2, 13, 10, 13|
bad coloring on level 2  |2, 14, 10, 13|
bad coloring on level 2  |4, 6, 10, 13|
bad coloring on level 2  |6, 13, 10, 13|
bad coloring on level 2  |2, 4, 10, 14|
bad coloring on level 2  |2, 9, 10, 14|
bad coloring on level 2  |4, 6, 10, 14|
bad coloring on level 2  |6, 13, 10, 14|
bad coloring on level 2  |2, 9, 13, 14|
bad coloring on level 2  |4, 6, 13, 14|
bad coloring on level 2  |6, 13, 13, 14|
bad coloring on level 2  |2, 9, 14, 14|
bad coloring on level 2  |4, 6, 14, 14|
bad coloring on level 2  |6, 13, 14, 14|

168 bad colorings on level 2
