Trying substitutions to: 7
with goodVertices 1, 3, 5, 8, 10, 11, 12, 14, 15
bad color to improve: 5  10  with index 75
bad color to improve: 5  15  with index 80
bad color to improve: 6  10  with index 85
bad color to improve: 10  15  with index 120
4 bad colorings on level 1
bad coloring on level 2  |3, 4, 0, 2|
bad coloring on level 2  |3, 8, 0, 2|
bad coloring on level 2  |4, 13, 0, 2|
bad coloring on level 2  |8, 13, 0, 2|
bad coloring on level 2  |2, 4, 0, 3|
bad coloring on level 2  |2, 11, 0, 3|
bad coloring on level 2  |1, 13, 0, 4|
bad coloring on level 2  |1, 14, 0, 4|
bad coloring on level 2  |2, 13, 0, 4|
bad coloring on level 2  |2, 14, 0, 4|
bad coloring on level 2  |1, 13, 0, 11|
bad coloring on level 2  |2, 13, 0, 11|
bad coloring on level 2  |3, 13, 0, 11|
bad coloring on level 2  |4, 13, 0, 11|
bad coloring on level 2  |7, 13, 0, 11|
bad coloring on level 2  |8, 13, 0, 11|
bad coloring on level 2  |13, 13, 0, 11|
bad coloring on level 2  |13, 14, 0, 11|
bad coloring on level 2  |2, 4, 0, 14|
bad coloring on level 2  |4, 11, 0, 14|
bad coloring on level 2  |3, 4, 1, 2|
bad coloring on level 2  |3, 8, 1, 2|
bad coloring on level 2  |4, 13, 1, 2|
bad coloring on level 2  |8, 13, 1, 2|
bad coloring on level 2  |0, 4, 1, 13|
bad coloring on level 2  |0, 11, 1, 13|
bad coloring on level 2  |2, 4, 1, 13|
bad coloring on level 2  |3, 4, 1, 13|
bad coloring on level 2  |3, 8, 1, 13|
bad coloring on level 2  |4, 4, 1, 13|
bad coloring on level 2  |4, 7, 1, 13|
bad coloring on level 2  |4, 8, 1, 13|
bad coloring on level 2  |4, 11, 1, 13|
bad coloring on level 2  |4, 13, 1, 13|
bad coloring on level 2  |8, 13, 1, 13|
bad coloring on level 2  |0, 4, 1, 14|
bad coloring on level 2  |2, 4, 1, 14|
bad coloring on level 2  |3, 4, 1, 14|
bad coloring on level 2  |4, 4, 1, 14|
bad coloring on level 2  |4, 7, 1, 14|
bad coloring on level 2  |4, 8, 1, 14|
bad coloring on level 2  |4, 11, 1, 14|
bad coloring on level 2  |4, 13, 1, 14|
bad coloring on level 2  |8, 13, 1, 14|
bad coloring on level 2  |3, 4, 2, 2|
bad coloring on level 2  |3, 8, 2, 2|
bad coloring on level 2  |4, 13, 2, 2|
bad coloring on level 2  |8, 13, 2, 2|
bad coloring on level 2  |0, 3, 2, 4|
bad coloring on level 2  |0, 14, 2, 4|
bad coloring on level 2  |1, 13, 2, 4|
bad coloring on level 2  |1, 14, 2, 4|
bad coloring on level 2  |2, 13, 2, 4|
bad coloring on level 2  |2, 14, 2, 4|
bad coloring on level 2  |3, 3, 2, 4|
bad coloring on level 2  |3, 4, 2, 4|
bad coloring on level 2  |3, 7, 2, 4|
bad coloring on level 2  |3, 8, 2, 4|
bad coloring on level 2  |3, 12, 2, 4|
bad coloring on level 2  |3, 13, 2, 4|
bad coloring on level 2  |3, 14, 2, 4|
bad coloring on level 2  |4, 13, 2, 4|
bad coloring on level 2  |7, 13, 2, 4|
bad coloring on level 2  |7, 14, 2, 4|
bad coloring on level 2  |8, 13, 2, 4|
bad coloring on level 2  |12, 14, 2, 4|
bad coloring on level 2  |13, 13, 2, 4|
bad coloring on level 2  |13, 14, 2, 4|
bad coloring on level 2  |14, 14, 2, 4|
bad coloring on level 2  |3, 4, 2, 7|
bad coloring on level 2  |3, 8, 2, 7|
bad coloring on level 2  |4, 13, 2, 7|
bad coloring on level 2  |8, 13, 2, 7|
bad coloring on level 2  |0, 3, 2, 11|
bad coloring on level 2  |3, 3, 2, 11|
bad coloring on level 2  |3, 4, 2, 11|
bad coloring on level 2  |3, 7, 2, 11|
bad coloring on level 2  |3, 8, 2, 11|
bad coloring on level 2  |3, 12, 2, 11|
bad coloring on level 2  |3, 13, 2, 11|
bad coloring on level 2  |3, 14, 2, 11|
bad coloring on level 2  |4, 13, 2, 11|
bad coloring on level 2  |8, 13, 2, 11|
bad coloring on level 2  |0, 4, 2, 13|
bad coloring on level 2  |0, 11, 2, 13|
bad coloring on level 2  |2, 4, 2, 13|
bad coloring on level 2  |3, 4, 2, 13|
bad coloring on level 2  |3, 8, 2, 13|
bad coloring on level 2  |4, 4, 2, 13|
bad coloring on level 2  |4, 7, 2, 13|
bad coloring on level 2  |4, 8, 2, 13|
bad coloring on level 2  |4, 11, 2, 13|
bad coloring on level 2  |4, 13, 2, 13|
bad coloring on level 2  |8, 13, 2, 13|
bad coloring on level 2  |0, 4, 2, 14|
bad coloring on level 2  |2, 4, 2, 14|
bad coloring on level 2  |3, 4, 2, 14|
bad coloring on level 2  |3, 8, 2, 14|
bad coloring on level 2  |4, 4, 2, 14|
bad coloring on level 2  |4, 7, 2, 14|
bad coloring on level 2  |4, 8, 2, 14|
bad coloring on level 2  |4, 11, 2, 14|
bad coloring on level 2  |4, 13, 2, 14|
bad coloring on level 2  |8, 13, 2, 14|
bad coloring on level 2  |2, 4, 3, 3|
bad coloring on level 2  |2, 11, 3, 3|
bad coloring on level 2  |0, 2, 3, 4|
bad coloring on level 2  |1, 2, 3, 4|
bad coloring on level 2  |1, 13, 3, 4|
bad coloring on level 2  |1, 14, 3, 4|
bad coloring on level 2  |2, 2, 3, 4|
bad coloring on level 2  |2, 4, 3, 4|
bad coloring on level 2  |2, 7, 3, 4|
bad coloring on level 2  |2, 11, 3, 4|
bad coloring on level 2  |2, 13, 3, 4|
bad coloring on level 2  |2, 14, 3, 4|
bad coloring on level 2  |2, 4, 3, 7|
bad coloring on level 2  |2, 11, 3, 7|
bad coloring on level 2  |0, 2, 3, 8|
bad coloring on level 2  |1, 2, 3, 8|
bad coloring on level 2  |1, 13, 3, 8|
bad coloring on level 2  |2, 2, 3, 8|
bad coloring on level 2  |2, 4, 3, 8|
bad coloring on level 2  |2, 7, 3, 8|
bad coloring on level 2  |2, 11, 3, 8|
bad coloring on level 2  |2, 13, 3, 8|
bad coloring on level 2  |2, 14, 3, 8|
bad coloring on level 2  |2, 4, 3, 12|
bad coloring on level 2  |2, 11, 3, 12|
bad coloring on level 2  |0, 11, 3, 13|
bad coloring on level 2  |2, 4, 3, 13|
bad coloring on level 2  |2, 11, 3, 13|
bad coloring on level 2  |2, 4, 3, 14|
bad coloring on level 2  |2, 11, 3, 14|
bad coloring on level 2  |4, 11, 3, 14|
bad coloring on level 2  |1, 13, 4, 4|
bad coloring on level 2  |1, 14, 4, 4|
bad coloring on level 2  |2, 13, 4, 4|
bad coloring on level 2  |2, 14, 4, 4|
bad coloring on level 2  |1, 13, 4, 7|
bad coloring on level 2  |1, 14, 4, 7|
bad coloring on level 2  |2, 13, 4, 7|
bad coloring on level 2  |2, 14, 4, 7|
bad coloring on level 2  |1, 13, 4, 8|
bad coloring on level 2  |1, 14, 4, 8|
bad coloring on level 2  |2, 13, 4, 8|
bad coloring on level 2  |2, 14, 4, 8|
bad coloring on level 2  |0, 14, 4, 11|
bad coloring on level 2  |1, 13, 4, 11|
bad coloring on level 2  |1, 14, 4, 11|
bad coloring on level 2  |2, 13, 4, 11|
bad coloring on level 2  |2, 14, 4, 11|
bad coloring on level 2  |3, 14, 4, 11|
bad coloring on level 2  |7, 14, 4, 11|
bad coloring on level 2  |12, 14, 4, 11|
bad coloring on level 2  |13, 14, 4, 11|
bad coloring on level 2  |14, 14, 4, 11|
bad coloring on level 2  |0, 2, 4, 13|
bad coloring on level 2  |0, 11, 4, 13|
bad coloring on level 2  |1, 2, 4, 13|
bad coloring on level 2  |1, 13, 4, 13|
bad coloring on level 2  |1, 14, 4, 13|
bad coloring on level 2  |2, 2, 4, 13|
bad coloring on level 2  |2, 4, 4, 13|
bad coloring on level 2  |2, 7, 4, 13|
bad coloring on level 2  |2, 11, 4, 13|
bad coloring on level 2  |2, 13, 4, 13|
bad coloring on level 2  |2, 14, 4, 13|
bad coloring on level 2  |0, 11, 7, 13|
bad coloring on level 2  |2, 4, 7, 13|
bad coloring on level 2  |2, 4, 7, 14|
bad coloring on level 2  |4, 11, 7, 14|
bad coloring on level 2  |0, 2, 8, 13|
bad coloring on level 2  |0, 11, 8, 13|
bad coloring on level 2  |1, 2, 8, 13|
bad coloring on level 2  |1, 13, 8, 13|
bad coloring on level 2  |1, 14, 8, 13|
bad coloring on level 2  |2, 2, 8, 13|
bad coloring on level 2  |2, 4, 8, 13|
bad coloring on level 2  |2, 7, 8, 13|
bad coloring on level 2  |2, 11, 8, 13|
bad coloring on level 2  |2, 13, 8, 13|
bad coloring on level 2  |2, 14, 8, 13|
bad coloring on level 2  |2, 4, 12, 14|
bad coloring on level 2  |4, 11, 12, 14|
bad coloring on level 2  |0, 11, 13, 13|
bad coloring on level 2  |2, 4, 13, 13|
bad coloring on level 2  |0, 11, 13, 14|
bad coloring on level 2  |2, 4, 13, 14|
bad coloring on level 2  |4, 11, 13, 14|
bad coloring on level 2  |2, 4, 14, 14|
bad coloring on level 2  |4, 11, 14, 14|

192 bad colorings on level 2
