Trying substitutions to: 0
with goodVertices 1, 3, 5, 7, 8, 10, 11, 12, 14, 15
bad color to improve: 1  8  with index 23
bad color to improve: 1  10  with index 25
bad color to improve: 8  10  with index 102
3 bad colorings on level 1
bad coloring on level 2  |3, 15, 0, 2|
bad coloring on level 2  |4, 9, 0, 2|
bad coloring on level 2  |2, 9, 0, 4|
bad coloring on level 2  |5, 14, 0, 4|
bad coloring on level 2  |2, 4, 0, 9|
bad coloring on level 2  |7, 11, 0, 9|
bad coloring on level 2  |3, 15, 2, 2|
bad coloring on level 2  |4, 9, 2, 2|
bad coloring on level 2  |0, 9, 2, 4|
bad coloring on level 2  |2, 9, 2, 4|
bad coloring on level 2  |3, 9, 2, 4|
bad coloring on level 2  |3, 15, 2, 4|
bad coloring on level 2  |4, 9, 2, 4|
bad coloring on level 2  |5, 9, 2, 4|
bad coloring on level 2  |5, 14, 2, 4|
bad coloring on level 2  |9, 9, 2, 4|
bad coloring on level 2  |9, 14, 2, 4|
bad coloring on level 2  |9, 15, 2, 4|
bad coloring on level 2  |3, 4, 2, 5|
bad coloring on level 2  |3, 15, 2, 5|
bad coloring on level 2  |4, 9, 2, 5|
bad coloring on level 2  |3, 15, 2, 7|
bad coloring on level 2  |4, 9, 2, 7|
bad coloring on level 2  |9, 15, 2, 7|
bad coloring on level 2  |0, 4, 2, 9|
bad coloring on level 2  |2, 4, 2, 9|
bad coloring on level 2  |3, 4, 2, 9|
bad coloring on level 2  |3, 15, 2, 9|
bad coloring on level 2  |4, 4, 2, 9|
bad coloring on level 2  |4, 7, 2, 9|
bad coloring on level 2  |4, 9, 2, 9|
bad coloring on level 2  |4, 11, 2, 9|
bad coloring on level 2  |4, 15, 2, 9|
bad coloring on level 2  |7, 11, 2, 9|
bad coloring on level 2  |3, 9, 2, 11|
bad coloring on level 2  |3, 15, 2, 11|
bad coloring on level 2  |4, 9, 2, 11|
bad coloring on level 2  |3, 15, 2, 14|
bad coloring on level 2  |4, 9, 2, 14|
bad coloring on level 2  |4, 15, 2, 14|
bad coloring on level 2  |2, 5, 3, 4|
bad coloring on level 2  |2, 9, 3, 4|
bad coloring on level 2  |5, 14, 3, 4|
bad coloring on level 2  |2, 4, 3, 9|
bad coloring on level 2  |2, 11, 3, 9|
bad coloring on level 2  |7, 11, 3, 9|
bad coloring on level 2  |0, 2, 3, 15|
bad coloring on level 2  |2, 2, 3, 15|
bad coloring on level 2  |2, 4, 3, 15|
bad coloring on level 2  |2, 5, 3, 15|
bad coloring on level 2  |2, 7, 3, 15|
bad coloring on level 2  |2, 9, 3, 15|
bad coloring on level 2  |2, 11, 3, 15|
bad coloring on level 2  |2, 14, 3, 15|
bad coloring on level 2  |2, 9, 4, 4|
bad coloring on level 2  |5, 14, 4, 4|
bad coloring on level 2  |2, 9, 4, 7|
bad coloring on level 2  |5, 9, 4, 7|
bad coloring on level 2  |5, 14, 4, 7|
bad coloring on level 2  |0, 2, 4, 9|
bad coloring on level 2  |2, 2, 4, 9|
bad coloring on level 2  |2, 4, 4, 9|
bad coloring on level 2  |2, 5, 4, 9|
bad coloring on level 2  |2, 7, 4, 9|
bad coloring on level 2  |2, 9, 4, 9|
bad coloring on level 2  |2, 11, 4, 9|
bad coloring on level 2  |2, 14, 4, 9|
bad coloring on level 2  |5, 14, 4, 9|
bad coloring on level 2  |7, 11, 4, 9|
bad coloring on level 2  |2, 9, 4, 11|
bad coloring on level 2  |5, 14, 4, 11|
bad coloring on level 2  |9, 14, 4, 11|
bad coloring on level 2  |2, 9, 4, 15|
bad coloring on level 2  |2, 14, 4, 15|
bad coloring on level 2  |5, 14, 4, 15|
bad coloring on level 2  |2, 4, 5, 9|
bad coloring on level 2  |4, 7, 5, 9|
bad coloring on level 2  |7, 11, 5, 9|
bad coloring on level 2  |0, 4, 5, 14|
bad coloring on level 2  |2, 4, 5, 14|
bad coloring on level 2  |3, 4, 5, 14|
bad coloring on level 2  |4, 4, 5, 14|
bad coloring on level 2  |4, 7, 5, 14|
bad coloring on level 2  |4, 9, 5, 14|
bad coloring on level 2  |4, 11, 5, 14|
bad coloring on level 2  |4, 15, 5, 14|
bad coloring on level 2  |0, 9, 7, 11|
bad coloring on level 2  |2, 9, 7, 11|
bad coloring on level 2  |3, 9, 7, 11|
bad coloring on level 2  |4, 9, 7, 11|
bad coloring on level 2  |5, 9, 7, 11|
bad coloring on level 2  |9, 9, 7, 11|
bad coloring on level 2  |9, 14, 7, 11|
bad coloring on level 2  |9, 15, 7, 11|
bad coloring on level 2  |2, 4, 9, 9|
bad coloring on level 2  |7, 11, 9, 9|
bad coloring on level 2  |2, 4, 9, 14|
bad coloring on level 2  |4, 11, 9, 14|
bad coloring on level 2  |7, 11, 9, 14|
bad coloring on level 2  |2, 4, 9, 15|
bad coloring on level 2  |2, 7, 9, 15|
bad coloring on level 2  |7, 11, 9, 15|

102 bad colorings on level 2
