Trying substitutions to: 0
with goodVertices 1, 5, 7, 8, 10, 11, 12, 14
bad color to improve: 1  1  with index 16
bad color to improve: 1  6  with index 21
bad color to improve: 1  8  with index 23
bad color to improve: 1  10  with index 25
bad color to improve: 1  13  with index 28
bad color to improve: 8  10  with index 102
6 bad colorings on level 1
bad coloring on level 2  |4, 9, 0, 0|
bad coloring on level 2  |3, 15, 0, 2|
bad coloring on level 2  |4, 9, 0, 2|
bad coloring on level 2  |4, 9, 0, 3|
bad coloring on level 2  |4, 15, 0, 3|
bad coloring on level 2  |9, 15, 0, 3|
bad coloring on level 2  |0, 9, 0, 4|
bad coloring on level 2  |2, 9, 0, 4|
bad coloring on level 2  |3, 9, 0, 4|
bad coloring on level 2  |3, 15, 0, 4|
bad coloring on level 2  |4, 9, 0, 4|
bad coloring on level 2  |5, 9, 0, 4|
bad coloring on level 2  |5, 14, 0, 4|
bad coloring on level 2  |9, 9, 0, 4|
bad coloring on level 2  |9, 14, 0, 4|
bad coloring on level 2  |9, 15, 0, 4|
bad coloring on level 2  |3, 4, 0, 5|
bad coloring on level 2  |4, 9, 0, 5|
bad coloring on level 2  |4, 9, 0, 7|
bad coloring on level 2  |9, 15, 0, 7|
bad coloring on level 2  |0, 4, 0, 9|
bad coloring on level 2  |2, 4, 0, 9|
bad coloring on level 2  |3, 4, 0, 9|
bad coloring on level 2  |3, 15, 0, 9|
bad coloring on level 2  |4, 4, 0, 9|
bad coloring on level 2  |4, 7, 0, 9|
bad coloring on level 2  |4, 9, 0, 9|
bad coloring on level 2  |4, 11, 0, 9|
bad coloring on level 2  |4, 15, 0, 9|
bad coloring on level 2  |7, 11, 0, 9|
bad coloring on level 2  |3, 9, 0, 11|
bad coloring on level 2  |4, 9, 0, 11|
bad coloring on level 2  |4, 9, 0, 12|
bad coloring on level 2  |4, 9, 0, 14|
bad coloring on level 2  |4, 15, 0, 14|
bad coloring on level 2  |3, 4, 0, 15|
bad coloring on level 2  |3, 9, 0, 15|
bad coloring on level 2  |4, 9, 0, 15|
bad coloring on level 2  |3, 15, 2, 2|
bad coloring on level 2  |4, 9, 2, 2|
bad coloring on level 2  |0, 9, 2, 4|
bad coloring on level 2  |2, 9, 2, 4|
bad coloring on level 2  |3, 9, 2, 4|
bad coloring on level 2  |3, 15, 2, 4|
bad coloring on level 2  |4, 9, 2, 4|
bad coloring on level 2  |5, 9, 2, 4|
bad coloring on level 2  |5, 14, 2, 4|
bad coloring on level 2  |9, 9, 2, 4|
bad coloring on level 2  |9, 14, 2, 4|
bad coloring on level 2  |9, 15, 2, 4|
bad coloring on level 2  |3, 4, 2, 5|
bad coloring on level 2  |3, 15, 2, 5|
bad coloring on level 2  |4, 9, 2, 5|
bad coloring on level 2  |3, 15, 2, 7|
bad coloring on level 2  |4, 9, 2, 7|
bad coloring on level 2  |9, 15, 2, 7|
bad coloring on level 2  |0, 4, 2, 9|
bad coloring on level 2  |2, 4, 2, 9|
bad coloring on level 2  |3, 4, 2, 9|
bad coloring on level 2  |3, 15, 2, 9|
bad coloring on level 2  |4, 4, 2, 9|
bad coloring on level 2  |4, 7, 2, 9|
bad coloring on level 2  |4, 9, 2, 9|
bad coloring on level 2  |4, 11, 2, 9|
bad coloring on level 2  |4, 15, 2, 9|
bad coloring on level 2  |7, 11, 2, 9|
bad coloring on level 2  |3, 9, 2, 11|
bad coloring on level 2  |3, 15, 2, 11|
bad coloring on level 2  |4, 9, 2, 11|
bad coloring on level 2  |3, 15, 2, 14|
bad coloring on level 2  |4, 9, 2, 14|
bad coloring on level 2  |4, 15, 2, 14|
bad coloring on level 2  |4, 9, 3, 3|
bad coloring on level 2  |0, 5, 3, 4|
bad coloring on level 2  |0, 9, 3, 4|
bad coloring on level 2  |0, 15, 3, 4|
bad coloring on level 2  |2, 5, 3, 4|
bad coloring on level 2  |2, 9, 3, 4|
bad coloring on level 2  |3, 9, 3, 4|
bad coloring on level 2  |4, 9, 3, 4|
bad coloring on level 2  |5, 5, 3, 4|
bad coloring on level 2  |5, 9, 3, 4|
bad coloring on level 2  |5, 11, 3, 4|
bad coloring on level 2  |5, 12, 3, 4|
bad coloring on level 2  |5, 14, 3, 4|
bad coloring on level 2  |5, 15, 3, 4|
bad coloring on level 2  |9, 9, 3, 4|
bad coloring on level 2  |9, 14, 3, 4|
bad coloring on level 2  |9, 15, 3, 4|
bad coloring on level 2  |4, 9, 3, 7|
bad coloring on level 2  |9, 15, 3, 7|
bad coloring on level 2  |0, 4, 3, 9|
bad coloring on level 2  |0, 11, 3, 9|
bad coloring on level 2  |0, 15, 3, 9|
bad coloring on level 2  |2, 4, 3, 9|
bad coloring on level 2  |2, 11, 3, 9|
bad coloring on level 2  |3, 4, 3, 9|
bad coloring on level 2  |4, 4, 3, 9|
bad coloring on level 2  |4, 7, 3, 9|
bad coloring on level 2  |4, 9, 3, 9|
bad coloring on level 2  |4, 11, 3, 9|
bad coloring on level 2  |4, 15, 3, 9|
bad coloring on level 2  |5, 11, 3, 9|
bad coloring on level 2  |7, 11, 3, 9|
bad coloring on level 2  |11, 11, 3, 9|
bad coloring on level 2  |11, 12, 3, 9|
bad coloring on level 2  |11, 15, 3, 9|
bad coloring on level 2  |4, 9, 3, 12|
bad coloring on level 2  |4, 9, 3, 14|
bad coloring on level 2  |4, 15, 3, 14|
bad coloring on level 2  |0, 2, 3, 15|
bad coloring on level 2  |0, 4, 3, 15|
bad coloring on level 2  |0, 9, 3, 15|
bad coloring on level 2  |2, 2, 3, 15|
bad coloring on level 2  |2, 4, 3, 15|
bad coloring on level 2  |2, 5, 3, 15|
bad coloring on level 2  |2, 7, 3, 15|
bad coloring on level 2  |2, 9, 3, 15|
bad coloring on level 2  |2, 11, 3, 15|
bad coloring on level 2  |2, 14, 3, 15|
bad coloring on level 2  |4, 9, 3, 15|
bad coloring on level 2  |0, 9, 4, 4|
bad coloring on level 2  |2, 9, 4, 4|
bad coloring on level 2  |3, 9, 4, 4|
bad coloring on level 2  |4, 9, 4, 4|
bad coloring on level 2  |5, 9, 4, 4|
bad coloring on level 2  |5, 14, 4, 4|
bad coloring on level 2  |9, 9, 4, 4|
bad coloring on level 2  |9, 14, 4, 4|
bad coloring on level 2  |9, 15, 4, 4|
bad coloring on level 2  |0, 9, 4, 7|
bad coloring on level 2  |2, 9, 4, 7|
bad coloring on level 2  |3, 9, 4, 7|
bad coloring on level 2  |4, 9, 4, 7|
bad coloring on level 2  |5, 9, 4, 7|
bad coloring on level 2  |5, 14, 4, 7|
bad coloring on level 2  |9, 9, 4, 7|
bad coloring on level 2  |9, 14, 4, 7|
bad coloring on level 2  |9, 15, 4, 7|
bad coloring on level 2  |0, 0, 4, 9|
bad coloring on level 2  |0, 2, 4, 9|
bad coloring on level 2  |0, 3, 4, 9|
bad coloring on level 2  |0, 4, 4, 9|
bad coloring on level 2  |0, 5, 4, 9|
bad coloring on level 2  |0, 7, 4, 9|
bad coloring on level 2  |0, 9, 4, 9|
bad coloring on level 2  |0, 11, 4, 9|
bad coloring on level 2  |0, 12, 4, 9|
bad coloring on level 2  |0, 14, 4, 9|
bad coloring on level 2  |0, 15, 4, 9|
bad coloring on level 2  |2, 2, 4, 9|
bad coloring on level 2  |2, 4, 4, 9|
bad coloring on level 2  |2, 5, 4, 9|
bad coloring on level 2  |2, 7, 4, 9|
bad coloring on level 2  |2, 9, 4, 9|
bad coloring on level 2  |2, 11, 4, 9|
bad coloring on level 2  |2, 14, 4, 9|
bad coloring on level 2  |3, 3, 4, 9|
bad coloring on level 2  |3, 4, 4, 9|
bad coloring on level 2  |3, 7, 4, 9|
bad coloring on level 2  |3, 9, 4, 9|
bad coloring on level 2  |3, 12, 4, 9|
bad coloring on level 2  |3, 14, 4, 9|
bad coloring on level 2  |3, 15, 4, 9|
bad coloring on level 2  |4, 4, 4, 9|
bad coloring on level 2  |4, 7, 4, 9|
bad coloring on level 2  |4, 9, 4, 9|
bad coloring on level 2  |4, 11, 4, 9|
bad coloring on level 2  |4, 15, 4, 9|
bad coloring on level 2  |5, 5, 4, 9|
bad coloring on level 2  |5, 9, 4, 9|
bad coloring on level 2  |5, 11, 4, 9|
bad coloring on level 2  |5, 12, 4, 9|
bad coloring on level 2  |5, 14, 4, 9|
bad coloring on level 2  |5, 15, 4, 9|
bad coloring on level 2  |7, 7, 4, 9|
bad coloring on level 2  |7, 11, 4, 9|
bad coloring on level 2  |7, 12, 4, 9|
bad coloring on level 2  |7, 14, 4, 9|
bad coloring on level 2  |9, 9, 4, 9|
bad coloring on level 2  |9, 14, 4, 9|
bad coloring on level 2  |9, 15, 4, 9|
bad coloring on level 2  |11, 11, 4, 9|
bad coloring on level 2  |11, 12, 4, 9|
bad coloring on level 2  |11, 15, 4, 9|
bad coloring on level 2  |12, 12, 4, 9|
bad coloring on level 2  |12, 14, 4, 9|
bad coloring on level 2  |12, 15, 4, 9|
bad coloring on level 2  |14, 14, 4, 9|
bad coloring on level 2  |15, 15, 4, 9|
bad coloring on level 2  |0, 9, 4, 11|
bad coloring on level 2  |2, 9, 4, 11|
bad coloring on level 2  |3, 9, 4, 11|
bad coloring on level 2  |4, 9, 4, 11|
bad coloring on level 2  |5, 9, 4, 11|
bad coloring on level 2  |5, 14, 4, 11|
bad coloring on level 2  |9, 9, 4, 11|
bad coloring on level 2  |9, 14, 4, 11|
bad coloring on level 2  |9, 15, 4, 11|
bad coloring on level 2  |0, 3, 4, 15|
bad coloring on level 2  |0, 9, 4, 15|
bad coloring on level 2  |0, 14, 4, 15|
bad coloring on level 2  |2, 9, 4, 15|
bad coloring on level 2  |2, 14, 4, 15|
bad coloring on level 2  |3, 9, 4, 15|
bad coloring on level 2  |3, 14, 4, 15|
bad coloring on level 2  |4, 9, 4, 15|
bad coloring on level 2  |5, 9, 4, 15|
bad coloring on level 2  |5, 14, 4, 15|
bad coloring on level 2  |7, 14, 4, 15|
bad coloring on level 2  |9, 9, 4, 15|
bad coloring on level 2  |9, 14, 4, 15|
bad coloring on level 2  |9, 15, 4, 15|
bad coloring on level 2  |12, 14, 4, 15|
bad coloring on level 2  |14, 14, 4, 15|
bad coloring on level 2  |3, 4, 5, 5|
bad coloring on level 2  |4, 9, 5, 5|
bad coloring on level 2  |0, 4, 5, 9|
bad coloring on level 2  |2, 4, 5, 9|
bad coloring on level 2  |3, 4, 5, 9|
bad coloring on level 2  |4, 4, 5, 9|
bad coloring on level 2  |4, 7, 5, 9|
bad coloring on level 2  |4, 9, 5, 9|
bad coloring on level 2  |4, 11, 5, 9|
bad coloring on level 2  |4, 15, 5, 9|
bad coloring on level 2  |7, 11, 5, 9|
bad coloring on level 2  |3, 4, 5, 11|
bad coloring on level 2  |3, 9, 5, 11|
bad coloring on level 2  |4, 9, 5, 11|
bad coloring on level 2  |3, 4, 5, 12|
bad coloring on level 2  |4, 9, 5, 12|
bad coloring on level 2  |0, 4, 5, 14|
bad coloring on level 2  |2, 4, 5, 14|
bad coloring on level 2  |3, 4, 5, 14|
bad coloring on level 2  |4, 4, 5, 14|
bad coloring on level 2  |4, 7, 5, 14|
bad coloring on level 2  |4, 9, 5, 14|
bad coloring on level 2  |4, 11, 5, 14|
bad coloring on level 2  |4, 15, 5, 14|
bad coloring on level 2  |3, 4, 5, 15|
bad coloring on level 2  |4, 9, 5, 15|
bad coloring on level 2  |4, 9, 7, 7|
bad coloring on level 2  |9, 15, 7, 7|
bad coloring on level 2  |0, 9, 7, 11|
bad coloring on level 2  |2, 9, 7, 11|
bad coloring on level 2  |3, 9, 7, 11|
bad coloring on level 2  |4, 9, 7, 11|
bad coloring on level 2  |5, 9, 7, 11|
bad coloring on level 2  |9, 9, 7, 11|
bad coloring on level 2  |9, 14, 7, 11|
bad coloring on level 2  |9, 15, 7, 11|
bad coloring on level 2  |4, 9, 7, 12|
bad coloring on level 2  |9, 15, 7, 12|
bad coloring on level 2  |4, 9, 7, 14|
bad coloring on level 2  |4, 15, 7, 14|
bad coloring on level 2  |9, 15, 7, 14|
bad coloring on level 2  |0, 4, 9, 9|
bad coloring on level 2  |2, 4, 9, 9|
bad coloring on level 2  |3, 4, 9, 9|
bad coloring on level 2  |4, 4, 9, 9|
bad coloring on level 2  |4, 7, 9, 9|
bad coloring on level 2  |4, 9, 9, 9|
bad coloring on level 2  |4, 11, 9, 9|
bad coloring on level 2  |4, 15, 9, 9|
bad coloring on level 2  |7, 11, 9, 9|
bad coloring on level 2  |0, 4, 9, 14|
bad coloring on level 2  |2, 4, 9, 14|
bad coloring on level 2  |3, 4, 9, 14|
bad coloring on level 2  |4, 4, 9, 14|
bad coloring on level 2  |4, 7, 9, 14|
bad coloring on level 2  |4, 9, 9, 14|
bad coloring on level 2  |4, 11, 9, 14|
bad coloring on level 2  |4, 15, 9, 14|
bad coloring on level 2  |7, 11, 9, 14|
bad coloring on level 2  |0, 3, 9, 15|
bad coloring on level 2  |0, 4, 9, 15|
bad coloring on level 2  |0, 7, 9, 15|
bad coloring on level 2  |2, 4, 9, 15|
bad coloring on level 2  |2, 7, 9, 15|
bad coloring on level 2  |3, 4, 9, 15|
bad coloring on level 2  |3, 7, 9, 15|
bad coloring on level 2  |4, 4, 9, 15|
bad coloring on level 2  |4, 7, 9, 15|
bad coloring on level 2  |4, 9, 9, 15|
bad coloring on level 2  |4, 11, 9, 15|
bad coloring on level 2  |4, 15, 9, 15|
bad coloring on level 2  |7, 7, 9, 15|
bad coloring on level 2  |7, 11, 9, 15|
bad coloring on level 2  |7, 12, 9, 15|
bad coloring on level 2  |7, 14, 9, 15|
bad coloring on level 2  |3, 9, 11, 11|
bad coloring on level 2  |4, 9, 11, 11|
bad coloring on level 2  |3, 9, 11, 12|
bad coloring on level 2  |4, 9, 11, 12|
bad coloring on level 2  |3, 9, 11, 15|
bad coloring on level 2  |4, 9, 11, 15|
bad coloring on level 2  |4, 9, 12, 12|
bad coloring on level 2  |4, 9, 12, 14|
bad coloring on level 2  |4, 15, 12, 14|
bad coloring on level 2  |4, 9, 12, 15|
bad coloring on level 2  |4, 9, 14, 14|
bad coloring on level 2  |4, 15, 14, 14|
bad coloring on level 2  |4, 9, 15, 15|

303 bad colorings on level 2
