Trying substitutions to: 15
with goodVertices 2, 3, 4, 5, 7, 9, 11, 12, 14
bad color to improve: 1  13  with index 28
bad color to improve: 2  7  with index 36
bad color to improve: 2  14  with index 43
bad color to improve: 7  14  with index 98
4 bad colorings on level 1
bad coloring on level 2  |5, 11, 3, 4|
bad coloring on level 2  |5, 12, 3, 4|
bad coloring on level 2  |5, 6, 3, 8|
bad coloring on level 2  |5, 9, 3, 8|
bad coloring on level 2  |6, 10, 3, 8|
bad coloring on level 2  |5, 11, 3, 9|
bad coloring on level 2  |11, 12, 3, 9|
bad coloring on level 2  |4, 11, 3, 10|
bad coloring on level 2  |6, 8, 3, 10|
bad coloring on level 2  |6, 11, 3, 10|
bad coloring on level 2  |4, 6, 3, 12|
bad coloring on level 2  |5, 6, 3, 12|
bad coloring on level 2  |6, 6, 3, 12|
bad coloring on level 2  |6, 8, 3, 12|
bad coloring on level 2  |6, 9, 3, 12|
bad coloring on level 2  |6, 10, 3, 12|
bad coloring on level 2  |6, 11, 3, 12|
bad coloring on level 2  |6, 15, 3, 12|
bad coloring on level 2  |3, 12, 4, 6|
bad coloring on level 2  |8, 10, 4, 6|
bad coloring on level 2  |10, 12, 4, 6|
bad coloring on level 2  |5, 9, 4, 8|
bad coloring on level 2  |5, 10, 4, 8|
bad coloring on level 2  |6, 10, 4, 8|
bad coloring on level 2  |5, 12, 4, 9|
bad coloring on level 2  |11, 12, 4, 9|
bad coloring on level 2  |3, 10, 4, 11|
bad coloring on level 2  |5, 10, 4, 11|
bad coloring on level 2  |6, 10, 4, 11|
bad coloring on level 2  |8, 10, 4, 11|
bad coloring on level 2  |9, 10, 4, 11|
bad coloring on level 2  |10, 10, 4, 11|
bad coloring on level 2  |10, 12, 4, 11|
bad coloring on level 2  |10, 15, 4, 11|
bad coloring on level 2  |3, 8, 5, 6|
bad coloring on level 2  |3, 12, 5, 6|
bad coloring on level 2  |8, 10, 5, 6|
bad coloring on level 2  |3, 8, 5, 9|
bad coloring on level 2  |4, 8, 5, 9|
bad coloring on level 2  |6, 8, 5, 9|
bad coloring on level 2  |8, 8, 5, 9|
bad coloring on level 2  |8, 10, 5, 9|
bad coloring on level 2  |8, 11, 5, 9|
bad coloring on level 2  |8, 12, 5, 9|
bad coloring on level 2  |8, 15, 5, 9|
bad coloring on level 2  |4, 8, 5, 10|
bad coloring on level 2  |4, 11, 5, 10|
bad coloring on level 2  |6, 8, 5, 10|
bad coloring on level 2  |3, 4, 5, 11|
bad coloring on level 2  |3, 9, 5, 11|
bad coloring on level 2  |3, 4, 5, 12|
bad coloring on level 2  |4, 9, 5, 12|
bad coloring on level 2  |3, 12, 6, 6|
bad coloring on level 2  |8, 10, 6, 6|
bad coloring on level 2  |3, 10, 6, 8|
bad coloring on level 2  |3, 12, 6, 8|
bad coloring on level 2  |5, 9, 6, 8|
bad coloring on level 2  |5, 10, 6, 8|
bad coloring on level 2  |6, 10, 6, 8|
bad coloring on level 2  |8, 10, 6, 8|
bad coloring on level 2  |9, 10, 6, 8|
bad coloring on level 2  |10, 10, 6, 8|
bad coloring on level 2  |10, 12, 6, 8|
bad coloring on level 2  |10, 15, 6, 8|
bad coloring on level 2  |3, 12, 6, 9|
bad coloring on level 2  |8, 10, 6, 9|
bad coloring on level 2  |8, 12, 6, 9|
bad coloring on level 2  |3, 8, 6, 10|
bad coloring on level 2  |3, 12, 6, 10|
bad coloring on level 2  |4, 8, 6, 10|
bad coloring on level 2  |4, 11, 6, 10|
bad coloring on level 2  |6, 8, 6, 10|
bad coloring on level 2  |8, 8, 6, 10|
bad coloring on level 2  |8, 10, 6, 10|
bad coloring on level 2  |8, 11, 6, 10|
bad coloring on level 2  |8, 12, 6, 10|
bad coloring on level 2  |8, 15, 6, 10|
bad coloring on level 2  |3, 10, 6, 11|
bad coloring on level 2  |3, 12, 6, 11|
bad coloring on level 2  |8, 10, 6, 11|
bad coloring on level 2  |3, 12, 6, 15|
bad coloring on level 2  |8, 10, 6, 15|
bad coloring on level 2  |5, 9, 8, 8|
bad coloring on level 2  |6, 10, 8, 8|
bad coloring on level 2  |4, 6, 8, 10|
bad coloring on level 2  |4, 11, 8, 10|
bad coloring on level 2  |5, 6, 8, 10|
bad coloring on level 2  |5, 9, 8, 10|
bad coloring on level 2  |6, 6, 8, 10|
bad coloring on level 2  |6, 8, 8, 10|
bad coloring on level 2  |6, 9, 8, 10|
bad coloring on level 2  |6, 10, 8, 10|
bad coloring on level 2  |6, 11, 8, 10|
bad coloring on level 2  |6, 15, 8, 10|
bad coloring on level 2  |5, 9, 8, 11|
bad coloring on level 2  |6, 10, 8, 11|
bad coloring on level 2  |9, 10, 8, 11|
bad coloring on level 2  |5, 9, 8, 12|
bad coloring on level 2  |6, 9, 8, 12|
bad coloring on level 2  |6, 10, 8, 12|
bad coloring on level 2  |5, 9, 8, 15|
bad coloring on level 2  |6, 10, 8, 15|
bad coloring on level 2  |4, 11, 9, 10|
bad coloring on level 2  |6, 8, 9, 10|
bad coloring on level 2  |8, 11, 9, 10|
bad coloring on level 2  |4, 11, 10, 10|
bad coloring on level 2  |6, 8, 10, 10|
bad coloring on level 2  |4, 6, 10, 12|
bad coloring on level 2  |4, 11, 10, 12|
bad coloring on level 2  |6, 8, 10, 12|
bad coloring on level 2  |4, 11, 10, 15|
bad coloring on level 2  |6, 8, 10, 15|
bad coloring on level 2  |3, 9, 11, 12|
bad coloring on level 2  |4, 9, 11, 12|

114 bad colorings on level 2
