Trying substitutions to: 5
with goodVertices 2, 3, 4, 7, 9, 11, 12, 14, 15
bad color to improve: 3  4  with index 46
bad color to improve: 3  7  with index 49
bad color to improve: 4  7  with index 61
bad color to improve: 8  13  with index 105
4 bad colorings on level 1
bad coloring on level 2  |6, 10, 1, 1|
bad coloring on level 2  |9, 15, 1, 1|
bad coloring on level 2  |6, 10, 1, 2|
bad coloring on level 2  |9, 15, 1, 2|
bad coloring on level 2  |10, 15, 1, 2|
bad coloring on level 2  |6, 10, 1, 5|
bad coloring on level 2  |9, 15, 1, 5|
bad coloring on level 2  |1, 10, 1, 6|
bad coloring on level 2  |5, 10, 1, 6|
bad coloring on level 2  |6, 10, 1, 6|
bad coloring on level 2  |9, 10, 1, 6|
bad coloring on level 2  |9, 15, 1, 6|
bad coloring on level 2  |10, 10, 1, 6|
bad coloring on level 2  |10, 12, 1, 6|
bad coloring on level 2  |10, 14, 1, 6|
bad coloring on level 2  |10, 15, 1, 6|
bad coloring on level 2  |12, 14, 1, 6|
bad coloring on level 2  |1, 6, 1, 10|
bad coloring on level 2  |2, 6, 1, 10|
bad coloring on level 2  |2, 11, 1, 10|
bad coloring on level 2  |5, 6, 1, 10|
bad coloring on level 2  |6, 6, 1, 10|
bad coloring on level 2  |6, 9, 1, 10|
bad coloring on level 2  |6, 10, 1, 10|
bad coloring on level 2  |6, 11, 1, 10|
bad coloring on level 2  |6, 15, 1, 10|
bad coloring on level 2  |9, 15, 1, 10|
bad coloring on level 2  |6, 10, 1, 11|
bad coloring on level 2  |9, 10, 1, 11|
bad coloring on level 2  |9, 15, 1, 11|
bad coloring on level 2  |6, 9, 1, 12|
bad coloring on level 2  |6, 10, 1, 12|
bad coloring on level 2  |9, 15, 1, 12|
bad coloring on level 2  |6, 10, 1, 14|
bad coloring on level 2  |6, 15, 1, 14|
bad coloring on level 2  |9, 15, 1, 14|
bad coloring on level 2  |1, 10, 2, 6|
bad coloring on level 2  |10, 12, 2, 6|
bad coloring on level 2  |12, 14, 2, 6|
bad coloring on level 2  |11, 12, 2, 9|
bad coloring on level 2  |12, 15, 2, 9|
bad coloring on level 2  |1, 10, 2, 11|
bad coloring on level 2  |5, 10, 2, 11|
bad coloring on level 2  |6, 10, 2, 11|
bad coloring on level 2  |9, 10, 2, 11|
bad coloring on level 2  |10, 10, 2, 11|
bad coloring on level 2  |10, 12, 2, 11|
bad coloring on level 2  |10, 14, 2, 11|
bad coloring on level 2  |10, 15, 2, 11|
bad coloring on level 2  |11, 15, 2, 14|
bad coloring on level 2  |12, 15, 2, 14|
bad coloring on level 2  |1, 10, 5, 6|
bad coloring on level 2  |12, 14, 5, 6|
bad coloring on level 2  |1, 6, 5, 10|
bad coloring on level 2  |2, 11, 5, 10|
bad coloring on level 2  |1, 10, 6, 6|
bad coloring on level 2  |12, 14, 6, 6|
bad coloring on level 2  |1, 10, 6, 9|
bad coloring on level 2  |1, 12, 6, 9|
bad coloring on level 2  |12, 14, 6, 9|
bad coloring on level 2  |1, 1, 6, 10|
bad coloring on level 2  |1, 2, 6, 10|
bad coloring on level 2  |1, 5, 6, 10|
bad coloring on level 2  |1, 6, 6, 10|
bad coloring on level 2  |1, 10, 6, 10|
bad coloring on level 2  |1, 11, 6, 10|
bad coloring on level 2  |1, 12, 6, 10|
bad coloring on level 2  |1, 14, 6, 10|
bad coloring on level 2  |2, 11, 6, 10|
bad coloring on level 2  |12, 14, 6, 10|
bad coloring on level 2  |1, 10, 6, 11|
bad coloring on level 2  |10, 14, 6, 11|
bad coloring on level 2  |12, 14, 6, 11|
bad coloring on level 2  |1, 10, 6, 15|
bad coloring on level 2  |1, 14, 6, 15|
bad coloring on level 2  |12, 14, 6, 15|
bad coloring on level 2  |1, 6, 9, 10|
bad coloring on level 2  |1, 11, 9, 10|
bad coloring on level 2  |2, 11, 9, 10|
bad coloring on level 2  |11, 12, 9, 14|
bad coloring on level 2  |11, 15, 9, 14|
bad coloring on level 2  |1, 1, 9, 15|
bad coloring on level 2  |1, 2, 9, 15|
bad coloring on level 2  |1, 5, 9, 15|
bad coloring on level 2  |1, 6, 9, 15|
bad coloring on level 2  |1, 10, 9, 15|
bad coloring on level 2  |1, 11, 9, 15|
bad coloring on level 2  |1, 12, 9, 15|
bad coloring on level 2  |1, 14, 9, 15|
bad coloring on level 2  |1, 6, 10, 10|
bad coloring on level 2  |2, 11, 10, 10|
bad coloring on level 2  |1, 6, 10, 12|
bad coloring on level 2  |2, 6, 10, 12|
bad coloring on level 2  |2, 11, 10, 12|
bad coloring on level 2  |1, 6, 10, 14|
bad coloring on level 2  |2, 11, 10, 14|
bad coloring on level 2  |6, 11, 10, 14|
bad coloring on level 2  |1, 2, 10, 15|
bad coloring on level 2  |1, 6, 10, 15|
bad coloring on level 2  |2, 11, 10, 15|
bad coloring on level 2  |2, 9, 11, 12|
bad coloring on level 2  |9, 14, 11, 12|
bad coloring on level 2  |2, 14, 11, 15|
bad coloring on level 2  |9, 14, 11, 15|
bad coloring on level 2  |1, 6, 12, 14|
bad coloring on level 2  |2, 6, 12, 14|
bad coloring on level 2  |5, 6, 12, 14|
bad coloring on level 2  |6, 6, 12, 14|
bad coloring on level 2  |6, 9, 12, 14|
bad coloring on level 2  |6, 10, 12, 14|
bad coloring on level 2  |6, 11, 12, 14|
bad coloring on level 2  |6, 15, 12, 14|
bad coloring on level 2  |2, 9, 12, 15|
bad coloring on level 2  |2, 14, 12, 15|

114 bad colorings on level 2
