Trying substitutions to: 0
with goodVertices 2, 3, 4, 6, 8, 9, 11, 13, 15
bad color to improve: 6  8  with index 83
bad color to improve: 6  10  with index 85
bad color to improve: 6  13  with index 88
bad color to improve: 8  13  with index 105
4 bad colorings on level 1
bad coloring on level 2  |3, 12, 0, 2|
bad coloring on level 2  |12, 14, 0, 2|
bad coloring on level 2  |3, 7, 0, 5|
bad coloring on level 2  |12, 14, 0, 5|
bad coloring on level 2  |3, 14, 0, 11|
bad coloring on level 2  |12, 14, 0, 11|
bad coloring on level 2  |2, 9, 0, 12|
bad coloring on level 2  |2, 14, 0, 12|
bad coloring on level 2  |5, 14, 0, 12|
bad coloring on level 2  |5, 12, 0, 14|
bad coloring on level 2  |11, 12, 0, 14|
bad coloring on level 2  |11, 15, 0, 14|
bad coloring on level 2  |3, 12, 2, 2|
bad coloring on level 2  |12, 14, 2, 2|
bad coloring on level 2  |3, 12, 2, 4|
bad coloring on level 2  |12, 14, 2, 4|
bad coloring on level 2  |3, 7, 2, 5|
bad coloring on level 2  |3, 12, 2, 5|
bad coloring on level 2  |12, 14, 2, 5|
bad coloring on level 2  |3, 12, 2, 7|
bad coloring on level 2  |12, 14, 2, 7|
bad coloring on level 2  |0, 12, 2, 9|
bad coloring on level 2  |3, 12, 2, 9|
bad coloring on level 2  |5, 12, 2, 9|
bad coloring on level 2  |7, 12, 2, 9|
bad coloring on level 2  |11, 12, 2, 9|
bad coloring on level 2  |12, 12, 2, 9|
bad coloring on level 2  |12, 14, 2, 9|
bad coloring on level 2  |12, 15, 2, 9|
bad coloring on level 2  |3, 12, 2, 11|
bad coloring on level 2  |3, 14, 2, 11|
bad coloring on level 2  |12, 14, 2, 11|
bad coloring on level 2  |0, 12, 2, 14|
bad coloring on level 2  |3, 12, 2, 14|
bad coloring on level 2  |5, 12, 2, 14|
bad coloring on level 2  |7, 12, 2, 14|
bad coloring on level 2  |11, 12, 2, 14|
bad coloring on level 2  |11, 15, 2, 14|
bad coloring on level 2  |12, 12, 2, 14|
bad coloring on level 2  |12, 14, 2, 14|
bad coloring on level 2  |12, 15, 2, 14|
bad coloring on level 2  |0, 5, 3, 7|
bad coloring on level 2  |2, 5, 3, 7|
bad coloring on level 2  |5, 5, 3, 7|
bad coloring on level 2  |5, 9, 3, 7|
bad coloring on level 2  |5, 11, 3, 7|
bad coloring on level 2  |5, 12, 3, 7|
bad coloring on level 2  |5, 14, 3, 7|
bad coloring on level 2  |5, 15, 3, 7|
bad coloring on level 2  |0, 2, 3, 12|
bad coloring on level 2  |2, 2, 3, 12|
bad coloring on level 2  |2, 4, 3, 12|
bad coloring on level 2  |2, 5, 3, 12|
bad coloring on level 2  |2, 7, 3, 12|
bad coloring on level 2  |2, 9, 3, 12|
bad coloring on level 2  |2, 11, 3, 12|
bad coloring on level 2  |2, 14, 3, 12|
bad coloring on level 2  |5, 14, 3, 12|
bad coloring on level 2  |0, 11, 3, 14|
bad coloring on level 2  |2, 11, 3, 14|
bad coloring on level 2  |4, 11, 3, 14|
bad coloring on level 2  |5, 11, 3, 14|
bad coloring on level 2  |5, 12, 3, 14|
bad coloring on level 2  |7, 11, 3, 14|
bad coloring on level 2  |11, 11, 3, 14|
bad coloring on level 2  |11, 12, 3, 14|
bad coloring on level 2  |11, 15, 3, 14|
bad coloring on level 2  |3, 14, 4, 11|
bad coloring on level 2  |12, 14, 4, 11|
bad coloring on level 2  |3, 7, 5, 5|
bad coloring on level 2  |12, 14, 5, 5|
bad coloring on level 2  |3, 7, 5, 9|
bad coloring on level 2  |7, 12, 5, 9|
bad coloring on level 2  |12, 14, 5, 9|
bad coloring on level 2  |3, 7, 5, 11|
bad coloring on level 2  |3, 14, 5, 11|
bad coloring on level 2  |12, 14, 5, 11|
bad coloring on level 2  |0, 14, 5, 12|
bad coloring on level 2  |2, 9, 5, 12|
bad coloring on level 2  |2, 14, 5, 12|
bad coloring on level 2  |3, 7, 5, 12|
bad coloring on level 2  |3, 14, 5, 12|
bad coloring on level 2  |5, 14, 5, 12|
bad coloring on level 2  |7, 14, 5, 12|
bad coloring on level 2  |9, 14, 5, 12|
bad coloring on level 2  |12, 14, 5, 12|
bad coloring on level 2  |14, 14, 5, 12|
bad coloring on level 2  |0, 12, 5, 14|
bad coloring on level 2  |3, 7, 5, 14|
bad coloring on level 2  |3, 12, 5, 14|
bad coloring on level 2  |5, 12, 5, 14|
bad coloring on level 2  |7, 12, 5, 14|
bad coloring on level 2  |11, 12, 5, 14|
bad coloring on level 2  |11, 15, 5, 14|
bad coloring on level 2  |12, 12, 5, 14|
bad coloring on level 2  |12, 14, 5, 14|
bad coloring on level 2  |12, 15, 5, 14|
bad coloring on level 2  |3, 7, 5, 15|
bad coloring on level 2  |7, 14, 5, 15|
bad coloring on level 2  |12, 14, 5, 15|
bad coloring on level 2  |3, 14, 7, 11|
bad coloring on level 2  |12, 14, 7, 11|
bad coloring on level 2  |2, 9, 7, 12|
bad coloring on level 2  |2, 14, 7, 12|
bad coloring on level 2  |5, 9, 7, 12|
bad coloring on level 2  |5, 14, 7, 12|
bad coloring on level 2  |5, 12, 7, 14|
bad coloring on level 2  |5, 15, 7, 14|
bad coloring on level 2  |11, 12, 7, 14|
bad coloring on level 2  |11, 15, 7, 14|
bad coloring on level 2  |5, 12, 9, 14|
bad coloring on level 2  |11, 12, 9, 14|
bad coloring on level 2  |11, 15, 9, 14|
bad coloring on level 2  |3, 14, 11, 11|
bad coloring on level 2  |12, 14, 11, 11|
bad coloring on level 2  |0, 14, 11, 12|
bad coloring on level 2  |2, 9, 11, 12|
bad coloring on level 2  |2, 14, 11, 12|
bad coloring on level 2  |3, 14, 11, 12|
bad coloring on level 2  |5, 14, 11, 12|
bad coloring on level 2  |7, 14, 11, 12|
bad coloring on level 2  |9, 14, 11, 12|
bad coloring on level 2  |12, 14, 11, 12|
bad coloring on level 2  |14, 14, 11, 12|
bad coloring on level 2  |0, 14, 11, 15|
bad coloring on level 2  |2, 14, 11, 15|
bad coloring on level 2  |3, 14, 11, 15|
bad coloring on level 2  |5, 14, 11, 15|
bad coloring on level 2  |7, 14, 11, 15|
bad coloring on level 2  |9, 14, 11, 15|
bad coloring on level 2  |12, 14, 11, 15|
bad coloring on level 2  |14, 14, 11, 15|
bad coloring on level 2  |2, 9, 12, 12|
bad coloring on level 2  |2, 14, 12, 12|
bad coloring on level 2  |5, 14, 12, 12|
bad coloring on level 2  |0, 2, 12, 14|
bad coloring on level 2  |0, 5, 12, 14|
bad coloring on level 2  |0, 11, 12, 14|
bad coloring on level 2  |2, 2, 12, 14|
bad coloring on level 2  |2, 4, 12, 14|
bad coloring on level 2  |2, 5, 12, 14|
bad coloring on level 2  |2, 7, 12, 14|
bad coloring on level 2  |2, 9, 12, 14|
bad coloring on level 2  |2, 11, 12, 14|
bad coloring on level 2  |2, 14, 12, 14|
bad coloring on level 2  |4, 11, 12, 14|
bad coloring on level 2  |5, 5, 12, 14|
bad coloring on level 2  |5, 9, 12, 14|
bad coloring on level 2  |5, 11, 12, 14|
bad coloring on level 2  |5, 12, 12, 14|
bad coloring on level 2  |5, 14, 12, 14|
bad coloring on level 2  |5, 15, 12, 14|
bad coloring on level 2  |7, 11, 12, 14|
bad coloring on level 2  |11, 11, 12, 14|
bad coloring on level 2  |11, 12, 12, 14|
bad coloring on level 2  |11, 15, 12, 14|
bad coloring on level 2  |2, 9, 12, 15|
bad coloring on level 2  |2, 14, 12, 15|
bad coloring on level 2  |5, 14, 12, 15|
bad coloring on level 2  |5, 12, 14, 14|
bad coloring on level 2  |11, 12, 14, 14|
bad coloring on level 2  |11, 15, 14, 14|

162 bad colorings on level 2
