Trying substitutions to: 1
with goodVertices 2, 3, 4, 7, 8, 11, 12, 13, 14
bad color to improve: 0  3  with index 3
bad color to improve: 0  4  with index 4
bad color to improve: 3  4  with index 46
3 bad colorings on level 1
bad coloring on level 2  |6, 10, 1, 5|
bad coloring on level 2  |8, 13, 1, 5|
bad coloring on level 2  |1, 10, 1, 6|
bad coloring on level 2  |5, 10, 1, 6|
bad coloring on level 2  |6, 10, 1, 6|
bad coloring on level 2  |10, 10, 1, 6|
bad coloring on level 2  |10, 12, 1, 6|
bad coloring on level 2  |10, 14, 1, 6|
bad coloring on level 2  |12, 14, 1, 6|
bad coloring on level 2  |1, 6, 1, 10|
bad coloring on level 2  |2, 6, 1, 10|
bad coloring on level 2  |2, 11, 1, 10|
bad coloring on level 2  |5, 6, 1, 10|
bad coloring on level 2  |6, 6, 1, 10|
bad coloring on level 2  |6, 10, 1, 10|
bad coloring on level 2  |6, 11, 1, 10|
bad coloring on level 2  |6, 10, 2, 5|
bad coloring on level 2  |8, 10, 2, 5|
bad coloring on level 2  |8, 13, 2, 5|
bad coloring on level 2  |1, 10, 2, 6|
bad coloring on level 2  |5, 10, 2, 6|
bad coloring on level 2  |10, 12, 2, 6|
bad coloring on level 2  |12, 14, 2, 6|
bad coloring on level 2  |1, 10, 2, 11|
bad coloring on level 2  |5, 10, 2, 11|
bad coloring on level 2  |6, 10, 2, 11|
bad coloring on level 2  |8, 10, 2, 11|
bad coloring on level 2  |10, 10, 2, 11|
bad coloring on level 2  |10, 12, 2, 11|
bad coloring on level 2  |10, 13, 2, 11|
bad coloring on level 2  |10, 14, 2, 11|
bad coloring on level 2  |6, 10, 5, 5|
bad coloring on level 2  |8, 13, 5, 5|
bad coloring on level 2  |1, 10, 5, 6|
bad coloring on level 2  |5, 10, 5, 6|
bad coloring on level 2  |6, 10, 5, 6|
bad coloring on level 2  |8, 10, 5, 6|
bad coloring on level 2  |8, 13, 5, 6|
bad coloring on level 2  |10, 10, 5, 6|
bad coloring on level 2  |10, 12, 5, 6|
bad coloring on level 2  |10, 13, 5, 6|
bad coloring on level 2  |10, 14, 5, 6|
bad coloring on level 2  |12, 14, 5, 6|
bad coloring on level 2  |1, 6, 5, 10|
bad coloring on level 2  |2, 6, 5, 10|
bad coloring on level 2  |2, 11, 5, 10|
bad coloring on level 2  |5, 6, 5, 10|
bad coloring on level 2  |6, 6, 5, 10|
bad coloring on level 2  |6, 8, 5, 10|
bad coloring on level 2  |6, 10, 5, 10|
bad coloring on level 2  |6, 11, 5, 10|
bad coloring on level 2  |6, 13, 5, 10|
bad coloring on level 2  |8, 13, 5, 10|
bad coloring on level 2  |6, 10, 5, 11|
bad coloring on level 2  |8, 13, 5, 11|
bad coloring on level 2  |10, 13, 5, 11|
bad coloring on level 2  |6, 10, 5, 12|
bad coloring on level 2  |6, 13, 5, 12|
bad coloring on level 2  |8, 13, 5, 12|
bad coloring on level 2  |6, 8, 5, 14|
bad coloring on level 2  |6, 10, 5, 14|
bad coloring on level 2  |8, 13, 5, 14|
bad coloring on level 2  |1, 10, 6, 6|
bad coloring on level 2  |5, 10, 6, 6|
bad coloring on level 2  |12, 14, 6, 6|
bad coloring on level 2  |5, 10, 6, 8|
bad coloring on level 2  |5, 14, 6, 8|
bad coloring on level 2  |12, 14, 6, 8|
bad coloring on level 2  |1, 5, 6, 10|
bad coloring on level 2  |1, 6, 6, 10|
bad coloring on level 2  |1, 10, 6, 10|
bad coloring on level 2  |2, 5, 6, 10|
bad coloring on level 2  |2, 11, 6, 10|
bad coloring on level 2  |5, 5, 6, 10|
bad coloring on level 2  |5, 6, 6, 10|
bad coloring on level 2  |5, 10, 6, 10|
bad coloring on level 2  |5, 11, 6, 10|
bad coloring on level 2  |5, 12, 6, 10|
bad coloring on level 2  |5, 14, 6, 10|
bad coloring on level 2  |12, 14, 6, 10|
bad coloring on level 2  |1, 10, 6, 11|
bad coloring on level 2  |5, 10, 6, 11|
bad coloring on level 2  |10, 14, 6, 11|
bad coloring on level 2  |12, 14, 6, 11|
bad coloring on level 2  |5, 10, 6, 13|
bad coloring on level 2  |5, 12, 6, 13|
bad coloring on level 2  |12, 14, 6, 13|
bad coloring on level 2  |2, 5, 8, 10|
bad coloring on level 2  |2, 11, 8, 10|
bad coloring on level 2  |5, 6, 8, 10|
bad coloring on level 2  |1, 5, 8, 13|
bad coloring on level 2  |2, 5, 8, 13|
bad coloring on level 2  |5, 5, 8, 13|
bad coloring on level 2  |5, 6, 8, 13|
bad coloring on level 2  |5, 10, 8, 13|
bad coloring on level 2  |5, 11, 8, 13|
bad coloring on level 2  |5, 12, 8, 13|
bad coloring on level 2  |5, 14, 8, 13|
bad coloring on level 2  |1, 6, 10, 10|
bad coloring on level 2  |2, 11, 10, 10|
bad coloring on level 2  |5, 6, 10, 10|
bad coloring on level 2  |1, 6, 10, 12|
bad coloring on level 2  |2, 6, 10, 12|
bad coloring on level 2  |2, 11, 10, 12|
bad coloring on level 2  |5, 6, 10, 12|
bad coloring on level 2  |2, 11, 10, 13|
bad coloring on level 2  |5, 6, 10, 13|
bad coloring on level 2  |5, 11, 10, 13|
bad coloring on level 2  |1, 6, 10, 14|
bad coloring on level 2  |2, 11, 10, 14|
bad coloring on level 2  |5, 6, 10, 14|
bad coloring on level 2  |6, 11, 10, 14|
bad coloring on level 2  |1, 6, 12, 14|
bad coloring on level 2  |2, 6, 12, 14|
bad coloring on level 2  |5, 6, 12, 14|
bad coloring on level 2  |6, 6, 12, 14|
bad coloring on level 2  |6, 8, 12, 14|
bad coloring on level 2  |6, 10, 12, 14|
bad coloring on level 2  |6, 11, 12, 14|
bad coloring on level 2  |6, 13, 12, 14|

120 bad colorings on level 2
