Trying substitutions to: 13
with goodVertices 2, 3, 4, 5, 6, 9, 10, 14, 15
bad color to improve: 0  5  with index 5
bad color to improve: 0  15  with index 15
bad color to improve: 5  15  with index 80
3 bad colorings on level 1
bad coloring on level 2  |3, 4, 1, 1|
bad coloring on level 2  |7, 8, 1, 1|
bad coloring on level 2  |8, 13, 1, 1|
bad coloring on level 2  |3, 4, 1, 2|
bad coloring on level 2  |3, 8, 1, 2|
bad coloring on level 2  |7, 8, 1, 2|
bad coloring on level 2  |8, 13, 1, 2|
bad coloring on level 2  |3, 4, 1, 6|
bad coloring on level 2  |3, 7, 1, 6|
bad coloring on level 2  |7, 8, 1, 6|
bad coloring on level 2  |1, 8, 1, 7|
bad coloring on level 2  |3, 4, 1, 7|
bad coloring on level 2  |3, 8, 1, 7|
bad coloring on level 2  |4, 8, 1, 7|
bad coloring on level 2  |6, 8, 1, 7|
bad coloring on level 2  |6, 10, 1, 7|
bad coloring on level 2  |7, 8, 1, 7|
bad coloring on level 2  |8, 8, 1, 7|
bad coloring on level 2  |8, 10, 1, 7|
bad coloring on level 2  |8, 13, 1, 7|
bad coloring on level 2  |1, 7, 1, 8|
bad coloring on level 2  |1, 13, 1, 8|
bad coloring on level 2  |2, 7, 1, 8|
bad coloring on level 2  |2, 14, 1, 8|
bad coloring on level 2  |3, 4, 1, 8|
bad coloring on level 2  |3, 7, 1, 8|
bad coloring on level 2  |4, 7, 1, 8|
bad coloring on level 2  |7, 7, 1, 8|
bad coloring on level 2  |7, 8, 1, 8|
bad coloring on level 2  |7, 13, 1, 8|
bad coloring on level 2  |7, 14, 1, 8|
bad coloring on level 2  |8, 13, 1, 8|
bad coloring on level 2  |3, 4, 1, 10|
bad coloring on level 2  |4, 7, 1, 10|
bad coloring on level 2  |7, 8, 1, 10|
bad coloring on level 2  |1, 8, 1, 13|
bad coloring on level 2  |3, 4, 1, 13|
bad coloring on level 2  |3, 8, 1, 13|
bad coloring on level 2  |4, 8, 1, 13|
bad coloring on level 2  |7, 8, 1, 13|
bad coloring on level 2  |8, 8, 1, 13|
bad coloring on level 2  |8, 13, 1, 13|
bad coloring on level 2  |3, 4, 1, 14|
bad coloring on level 2  |4, 8, 1, 14|
bad coloring on level 2  |7, 8, 1, 14|
bad coloring on level 2  |8, 13, 1, 14|
bad coloring on level 2  |1, 8, 2, 7|
bad coloring on level 2  |6, 10, 2, 7|
bad coloring on level 2  |8, 10, 2, 7|
bad coloring on level 2  |1, 8, 2, 14|
bad coloring on level 2  |3, 8, 2, 14|
bad coloring on level 2  |4, 8, 2, 14|
bad coloring on level 2  |6, 8, 2, 14|
bad coloring on level 2  |7, 8, 2, 14|
bad coloring on level 2  |8, 8, 2, 14|
bad coloring on level 2  |8, 10, 2, 14|
bad coloring on level 2  |8, 13, 2, 14|
bad coloring on level 2  |1, 1, 3, 4|
bad coloring on level 2  |1, 2, 3, 4|
bad coloring on level 2  |1, 6, 3, 4|
bad coloring on level 2  |1, 7, 3, 4|
bad coloring on level 2  |1, 8, 3, 4|
bad coloring on level 2  |1, 10, 3, 4|
bad coloring on level 2  |1, 13, 3, 4|
bad coloring on level 2  |1, 14, 3, 4|
bad coloring on level 2  |1, 6, 3, 7|
bad coloring on level 2  |1, 8, 3, 7|
bad coloring on level 2  |6, 10, 3, 7|
bad coloring on level 2  |1, 2, 3, 8|
bad coloring on level 2  |1, 7, 3, 8|
bad coloring on level 2  |1, 13, 3, 8|
bad coloring on level 2  |2, 14, 3, 8|
bad coloring on level 2  |1, 8, 4, 7|
bad coloring on level 2  |1, 10, 4, 7|
bad coloring on level 2  |6, 10, 4, 7|
bad coloring on level 2  |1, 7, 4, 8|
bad coloring on level 2  |1, 13, 4, 8|
bad coloring on level 2  |1, 14, 4, 8|
bad coloring on level 2  |2, 14, 4, 8|
bad coloring on level 2  |1, 7, 6, 8|
bad coloring on level 2  |2, 14, 6, 8|
bad coloring on level 2  |7, 14, 6, 8|
bad coloring on level 2  |1, 7, 6, 10|
bad coloring on level 2  |2, 7, 6, 10|
bad coloring on level 2  |3, 7, 6, 10|
bad coloring on level 2  |4, 7, 6, 10|
bad coloring on level 2  |7, 7, 6, 10|
bad coloring on level 2  |7, 8, 6, 10|
bad coloring on level 2  |7, 13, 6, 10|
bad coloring on level 2  |7, 14, 6, 10|
bad coloring on level 2  |1, 8, 7, 7|
bad coloring on level 2  |6, 10, 7, 7|
bad coloring on level 2  |1, 1, 7, 8|
bad coloring on level 2  |1, 2, 7, 8|
bad coloring on level 2  |1, 6, 7, 8|
bad coloring on level 2  |1, 7, 7, 8|
bad coloring on level 2  |1, 8, 7, 8|
bad coloring on level 2  |1, 10, 7, 8|
bad coloring on level 2  |1, 13, 7, 8|
bad coloring on level 2  |1, 14, 7, 8|
bad coloring on level 2  |2, 14, 7, 8|
bad coloring on level 2  |6, 10, 7, 8|
bad coloring on level 2  |1, 8, 7, 13|
bad coloring on level 2  |6, 10, 7, 13|
bad coloring on level 2  |1, 8, 7, 14|
bad coloring on level 2  |6, 8, 7, 14|
bad coloring on level 2  |6, 10, 7, 14|
bad coloring on level 2  |1, 7, 8, 8|
bad coloring on level 2  |1, 13, 8, 8|
bad coloring on level 2  |2, 14, 8, 8|
bad coloring on level 2  |1, 7, 8, 10|
bad coloring on level 2  |2, 7, 8, 10|
bad coloring on level 2  |2, 14, 8, 10|
bad coloring on level 2  |1, 1, 8, 13|
bad coloring on level 2  |1, 2, 8, 13|
bad coloring on level 2  |1, 7, 8, 13|
bad coloring on level 2  |1, 8, 8, 13|
bad coloring on level 2  |1, 13, 8, 13|
bad coloring on level 2  |1, 14, 8, 13|
bad coloring on level 2  |2, 14, 8, 13|

120 bad colorings on level 2
