Trying substitutions to: 14
with goodVertices 2, 3, 4, 5, 7, 9, 11, 12, 15
bad color to improve: 4  11  with index 65
bad color to improve: 4  15  with index 69
bad color to improve: 6  8  with index 83
bad color to improve: 11  15  with index 125
4 bad colorings on level 1
bad coloring on level 2  |3, 9, 1, 1|
bad coloring on level 2  |10, 13, 1, 1|
bad coloring on level 2  |3, 9, 1, 2|
bad coloring on level 2  |3, 10, 1, 2|
bad coloring on level 2  |10, 13, 1, 2|
bad coloring on level 2  |3, 9, 1, 5|
bad coloring on level 2  |3, 13, 1, 5|
bad coloring on level 2  |10, 13, 1, 5|
bad coloring on level 2  |3, 9, 1, 7|
bad coloring on level 2  |9, 10, 1, 7|
bad coloring on level 2  |10, 13, 1, 7|
bad coloring on level 2  |1, 13, 1, 10|
bad coloring on level 2  |2, 7, 1, 10|
bad coloring on level 2  |2, 13, 1, 10|
bad coloring on level 2  |3, 9, 1, 10|
bad coloring on level 2  |3, 13, 1, 10|
bad coloring on level 2  |7, 13, 1, 10|
bad coloring on level 2  |9, 13, 1, 10|
bad coloring on level 2  |10, 13, 1, 10|
bad coloring on level 2  |13, 13, 1, 10|
bad coloring on level 2  |13, 14, 1, 10|
bad coloring on level 2  |3, 9, 1, 12|
bad coloring on level 2  |9, 13, 1, 12|
bad coloring on level 2  |10, 13, 1, 12|
bad coloring on level 2  |1, 10, 1, 13|
bad coloring on level 2  |3, 9, 1, 13|
bad coloring on level 2  |3, 10, 1, 13|
bad coloring on level 2  |5, 10, 1, 13|
bad coloring on level 2  |5, 12, 1, 13|
bad coloring on level 2  |9, 10, 1, 13|
bad coloring on level 2  |10, 10, 1, 13|
bad coloring on level 2  |10, 12, 1, 13|
bad coloring on level 2  |10, 13, 1, 13|
bad coloring on level 2  |10, 14, 1, 13|
bad coloring on level 2  |3, 9, 1, 14|
bad coloring on level 2  |10, 13, 1, 14|
bad coloring on level 2  |3, 7, 2, 5|
bad coloring on level 2  |3, 12, 2, 5|
bad coloring on level 2  |1, 10, 2, 7|
bad coloring on level 2  |3, 10, 2, 7|
bad coloring on level 2  |5, 10, 2, 7|
bad coloring on level 2  |9, 10, 2, 7|
bad coloring on level 2  |10, 10, 2, 7|
bad coloring on level 2  |10, 12, 2, 7|
bad coloring on level 2  |10, 13, 2, 7|
bad coloring on level 2  |10, 14, 2, 7|
bad coloring on level 2  |3, 12, 2, 9|
bad coloring on level 2  |7, 12, 2, 9|
bad coloring on level 2  |1, 10, 2, 13|
bad coloring on level 2  |5, 12, 2, 13|
bad coloring on level 2  |10, 12, 2, 13|
bad coloring on level 2  |2, 5, 3, 7|
bad coloring on level 2  |5, 9, 3, 7|
bad coloring on level 2  |1, 1, 3, 9|
bad coloring on level 2  |1, 2, 3, 9|
bad coloring on level 2  |1, 5, 3, 9|
bad coloring on level 2  |1, 7, 3, 9|
bad coloring on level 2  |1, 10, 3, 9|
bad coloring on level 2  |1, 12, 3, 9|
bad coloring on level 2  |1, 13, 3, 9|
bad coloring on level 2  |1, 14, 3, 9|
bad coloring on level 2  |1, 2, 3, 10|
bad coloring on level 2  |1, 13, 3, 10|
bad coloring on level 2  |2, 7, 3, 10|
bad coloring on level 2  |2, 5, 3, 12|
bad coloring on level 2  |2, 9, 3, 12|
bad coloring on level 2  |1, 5, 3, 13|
bad coloring on level 2  |1, 10, 3, 13|
bad coloring on level 2  |5, 12, 3, 13|
bad coloring on level 2  |3, 7, 5, 9|
bad coloring on level 2  |7, 12, 5, 9|
bad coloring on level 2  |1, 13, 5, 10|
bad coloring on level 2  |2, 7, 5, 10|
bad coloring on level 2  |7, 13, 5, 10|
bad coloring on level 2  |1, 13, 5, 12|
bad coloring on level 2  |2, 13, 5, 12|
bad coloring on level 2  |3, 13, 5, 12|
bad coloring on level 2  |7, 13, 5, 12|
bad coloring on level 2  |9, 13, 5, 12|
bad coloring on level 2  |10, 13, 5, 12|
bad coloring on level 2  |13, 13, 5, 12|
bad coloring on level 2  |13, 14, 5, 12|
bad coloring on level 2  |2, 9, 7, 12|
bad coloring on level 2  |5, 9, 7, 12|
bad coloring on level 2  |1, 10, 7, 13|
bad coloring on level 2  |5, 10, 7, 13|
bad coloring on level 2  |5, 12, 7, 13|
bad coloring on level 2  |1, 7, 9, 10|
bad coloring on level 2  |1, 13, 9, 10|
bad coloring on level 2  |2, 7, 9, 10|
bad coloring on level 2  |1, 10, 9, 13|
bad coloring on level 2  |1, 12, 9, 13|
bad coloring on level 2  |5, 12, 9, 13|
bad coloring on level 2  |1, 13, 10, 10|
bad coloring on level 2  |2, 7, 10, 10|
bad coloring on level 2  |1, 13, 10, 12|
bad coloring on level 2  |2, 7, 10, 12|
bad coloring on level 2  |2, 13, 10, 12|
bad coloring on level 2  |1, 1, 10, 13|
bad coloring on level 2  |1, 2, 10, 13|
bad coloring on level 2  |1, 5, 10, 13|
bad coloring on level 2  |1, 7, 10, 13|
bad coloring on level 2  |1, 10, 10, 13|
bad coloring on level 2  |1, 12, 10, 13|
bad coloring on level 2  |1, 13, 10, 13|
bad coloring on level 2  |1, 14, 10, 13|
bad coloring on level 2  |2, 7, 10, 13|
bad coloring on level 2  |5, 12, 10, 13|
bad coloring on level 2  |1, 13, 10, 14|
bad coloring on level 2  |2, 7, 10, 14|
bad coloring on level 2  |1, 10, 13, 13|
bad coloring on level 2  |5, 12, 13, 13|
bad coloring on level 2  |1, 10, 13, 14|
bad coloring on level 2  |5, 12, 13, 14|

114 bad colorings on level 2
