Trying substitutions to: 7
with goodVertices 2, 3, 4, 5, 6, 9, 10, 13, 15
bad color to improve: 6  9  with index 84
bad color to improve: 6  10  with index 85
bad color to improve: 9  15  with index 114
3 bad colorings on level 1
bad coloring on level 2  |0, 13, 0, 6|
bad coloring on level 2  |12, 13, 0, 6|
bad coloring on level 2  |0, 13, 0, 8|
bad coloring on level 2  |9, 12, 0, 8|
bad coloring on level 2  |12, 13, 0, 8|
bad coloring on level 2  |12, 14, 0, 8|
bad coloring on level 2  |1, 4, 0, 10|
bad coloring on level 2  |1, 8, 0, 10|
bad coloring on level 2  |4, 12, 0, 10|
bad coloring on level 2  |0, 13, 0, 11|
bad coloring on level 2  |12, 13, 0, 11|
bad coloring on level 2  |0, 6, 0, 13|
bad coloring on level 2  |0, 8, 0, 13|
bad coloring on level 2  |0, 11, 0, 13|
bad coloring on level 2  |1, 4, 0, 13|
bad coloring on level 2  |1, 6, 0, 13|
bad coloring on level 2  |1, 8, 0, 13|
bad coloring on level 2  |1, 11, 0, 13|
bad coloring on level 2  |1, 15, 0, 13|
bad coloring on level 2  |2, 8, 0, 13|
bad coloring on level 2  |2, 11, 0, 13|
bad coloring on level 2  |2, 15, 0, 13|
bad coloring on level 2  |4, 11, 0, 13|
bad coloring on level 2  |4, 12, 0, 13|
bad coloring on level 2  |6, 7, 0, 13|
bad coloring on level 2  |6, 8, 0, 13|
bad coloring on level 2  |6, 11, 0, 13|
bad coloring on level 2  |6, 12, 0, 13|
bad coloring on level 2  |7, 11, 0, 13|
bad coloring on level 2  |7, 15, 0, 13|
bad coloring on level 2  |8, 11, 0, 13|
bad coloring on level 2  |11, 11, 0, 13|
bad coloring on level 2  |11, 12, 0, 13|
bad coloring on level 2  |11, 15, 0, 13|
bad coloring on level 2  |1, 4, 0, 14|
bad coloring on level 2  |1, 8, 0, 14|
bad coloring on level 2  |4, 12, 0, 14|
bad coloring on level 2  |1, 4, 1, 3|
bad coloring on level 2  |1, 8, 1, 3|
bad coloring on level 2  |4, 12, 1, 3|
bad coloring on level 2  |6, 12, 1, 3|
bad coloring on level 2  |11, 12, 1, 3|
bad coloring on level 2  |0, 10, 1, 4|
bad coloring on level 2  |0, 13, 1, 4|
bad coloring on level 2  |0, 14, 1, 4|
bad coloring on level 2  |1, 3, 1, 4|
bad coloring on level 2  |1, 9, 1, 4|
bad coloring on level 2  |1, 10, 1, 4|
bad coloring on level 2  |1, 13, 1, 4|
bad coloring on level 2  |1, 14, 1, 4|
bad coloring on level 2  |2, 3, 1, 4|
bad coloring on level 2  |2, 10, 1, 4|
bad coloring on level 2  |2, 14, 1, 4|
bad coloring on level 2  |3, 14, 1, 4|
bad coloring on level 2  |7, 9, 1, 4|
bad coloring on level 2  |7, 10, 1, 4|
bad coloring on level 2  |7, 14, 1, 4|
bad coloring on level 2  |9, 12, 1, 4|
bad coloring on level 2  |9, 14, 1, 4|
bad coloring on level 2  |10, 13, 1, 4|
bad coloring on level 2  |10, 14, 1, 4|
bad coloring on level 2  |12, 13, 1, 4|
bad coloring on level 2  |12, 14, 1, 4|
bad coloring on level 2  |13, 14, 1, 4|
bad coloring on level 2  |14, 14, 1, 4|
bad coloring on level 2  |0, 13, 1, 6|
bad coloring on level 2  |12, 13, 1, 6|
bad coloring on level 2  |0, 10, 1, 8|
bad coloring on level 2  |0, 13, 1, 8|
bad coloring on level 2  |0, 14, 1, 8|
bad coloring on level 2  |1, 3, 1, 8|
bad coloring on level 2  |1, 9, 1, 8|
bad coloring on level 2  |1, 10, 1, 8|
bad coloring on level 2  |1, 13, 1, 8|
bad coloring on level 2  |1, 14, 1, 8|
bad coloring on level 2  |2, 3, 1, 8|
bad coloring on level 2  |2, 10, 1, 8|
bad coloring on level 2  |2, 14, 1, 8|
bad coloring on level 2  |3, 14, 1, 8|
bad coloring on level 2  |7, 9, 1, 8|
bad coloring on level 2  |7, 10, 1, 8|
bad coloring on level 2  |7, 14, 1, 8|
bad coloring on level 2  |9, 12, 1, 8|
bad coloring on level 2  |9, 14, 1, 8|
bad coloring on level 2  |10, 13, 1, 8|
bad coloring on level 2  |10, 14, 1, 8|
bad coloring on level 2  |12, 13, 1, 8|
bad coloring on level 2  |12, 14, 1, 8|
bad coloring on level 2  |13, 14, 1, 8|
bad coloring on level 2  |14, 14, 1, 8|
bad coloring on level 2  |1, 4, 1, 9|
bad coloring on level 2  |1, 8, 1, 9|
bad coloring on level 2  |4, 12, 1, 9|
bad coloring on level 2  |1, 4, 1, 10|
bad coloring on level 2  |1, 8, 1, 10|
bad coloring on level 2  |4, 12, 1, 10|
bad coloring on level 2  |0, 13, 1, 11|
bad coloring on level 2  |12, 13, 1, 11|
bad coloring on level 2  |1, 4, 1, 13|
bad coloring on level 2  |1, 8, 1, 13|
bad coloring on level 2  |4, 12, 1, 13|
bad coloring on level 2  |6, 12, 1, 13|
bad coloring on level 2  |11, 12, 1, 13|
bad coloring on level 2  |1, 4, 1, 14|
bad coloring on level 2  |1, 8, 1, 14|
bad coloring on level 2  |4, 12, 1, 14|
bad coloring on level 2  |0, 13, 1, 15|
bad coloring on level 2  |12, 13, 1, 15|
bad coloring on level 2  |1, 4, 2, 3|
bad coloring on level 2  |1, 8, 2, 3|
bad coloring on level 2  |4, 12, 2, 3|
bad coloring on level 2  |6, 12, 2, 3|
bad coloring on level 2  |11, 12, 2, 3|
bad coloring on level 2  |0, 13, 2, 8|
bad coloring on level 2  |9, 12, 2, 8|
bad coloring on level 2  |12, 13, 2, 8|
bad coloring on level 2  |12, 14, 2, 8|
bad coloring on level 2  |1, 4, 2, 10|
bad coloring on level 2  |1, 8, 2, 10|
bad coloring on level 2  |4, 12, 2, 10|
bad coloring on level 2  |0, 13, 2, 11|
bad coloring on level 2  |12, 13, 2, 11|
bad coloring on level 2  |1, 4, 2, 14|
bad coloring on level 2  |1, 8, 2, 14|
bad coloring on level 2  |4, 12, 2, 14|
bad coloring on level 2  |0, 13, 2, 15|
bad coloring on level 2  |12, 13, 2, 15|
bad coloring on level 2  |1, 4, 3, 14|
bad coloring on level 2  |1, 8, 3, 14|
bad coloring on level 2  |4, 12, 3, 14|
bad coloring on level 2  |6, 12, 3, 14|
bad coloring on level 2  |11, 12, 3, 14|
bad coloring on level 2  |0, 13, 4, 11|
bad coloring on level 2  |9, 12, 4, 11|
bad coloring on level 2  |12, 13, 4, 11|
bad coloring on level 2  |12, 14, 4, 11|
bad coloring on level 2  |0, 10, 4, 12|
bad coloring on level 2  |0, 13, 4, 12|
bad coloring on level 2  |0, 14, 4, 12|
bad coloring on level 2  |1, 3, 4, 12|
bad coloring on level 2  |1, 9, 4, 12|
bad coloring on level 2  |1, 10, 4, 12|
bad coloring on level 2  |1, 13, 4, 12|
bad coloring on level 2  |1, 14, 4, 12|
bad coloring on level 2  |2, 3, 4, 12|
bad coloring on level 2  |2, 10, 4, 12|
bad coloring on level 2  |2, 14, 4, 12|
bad coloring on level 2  |3, 14, 4, 12|
bad coloring on level 2  |7, 9, 4, 12|
bad coloring on level 2  |7, 10, 4, 12|
bad coloring on level 2  |7, 14, 4, 12|
bad coloring on level 2  |9, 12, 4, 12|
bad coloring on level 2  |9, 14, 4, 12|
bad coloring on level 2  |10, 13, 4, 12|
bad coloring on level 2  |10, 14, 4, 12|
bad coloring on level 2  |12, 13, 4, 12|
bad coloring on level 2  |12, 14, 4, 12|
bad coloring on level 2  |13, 14, 4, 12|
bad coloring on level 2  |14, 14, 4, 12|
bad coloring on level 2  |0, 13, 6, 7|
bad coloring on level 2  |9, 12, 6, 7|
bad coloring on level 2  |12, 13, 6, 7|
bad coloring on level 2  |12, 14, 6, 7|
bad coloring on level 2  |0, 13, 6, 8|
bad coloring on level 2  |9, 12, 6, 8|
bad coloring on level 2  |12, 13, 6, 8|
bad coloring on level 2  |12, 14, 6, 8|
bad coloring on level 2  |0, 13, 6, 11|
bad coloring on level 2  |12, 13, 6, 11|
bad coloring on level 2  |0, 13, 6, 12|
bad coloring on level 2  |1, 3, 6, 12|
bad coloring on level 2  |1, 13, 6, 12|
bad coloring on level 2  |2, 3, 6, 12|
bad coloring on level 2  |3, 14, 6, 12|
bad coloring on level 2  |7, 9, 6, 12|
bad coloring on level 2  |7, 10, 6, 12|
bad coloring on level 2  |7, 14, 6, 12|
bad coloring on level 2  |10, 13, 6, 12|
bad coloring on level 2  |12, 13, 6, 12|
bad coloring on level 2  |13, 14, 6, 12|
bad coloring on level 2  |1, 4, 7, 9|
bad coloring on level 2  |1, 8, 7, 9|
bad coloring on level 2  |4, 12, 7, 9|
bad coloring on level 2  |6, 12, 7, 9|
bad coloring on level 2  |11, 12, 7, 9|
bad coloring on level 2  |1, 4, 7, 10|
bad coloring on level 2  |1, 8, 7, 10|
bad coloring on level 2  |4, 12, 7, 10|
bad coloring on level 2  |6, 12, 7, 10|
bad coloring on level 2  |11, 12, 7, 10|
bad coloring on level 2  |0, 13, 7, 11|
bad coloring on level 2  |9, 12, 7, 11|
bad coloring on level 2  |12, 13, 7, 11|
bad coloring on level 2  |12, 14, 7, 11|
bad coloring on level 2  |1, 4, 7, 14|
bad coloring on level 2  |1, 8, 7, 14|
bad coloring on level 2  |4, 12, 7, 14|
bad coloring on level 2  |6, 12, 7, 14|
bad coloring on level 2  |11, 12, 7, 14|
bad coloring on level 2  |0, 13, 7, 15|
bad coloring on level 2  |9, 12, 7, 15|
bad coloring on level 2  |12, 13, 7, 15|
bad coloring on level 2  |12, 14, 7, 15|
bad coloring on level 2  |0, 13, 8, 11|
bad coloring on level 2  |9, 12, 8, 11|
bad coloring on level 2  |12, 13, 8, 11|
bad coloring on level 2  |12, 14, 8, 11|
bad coloring on level 2  |0, 8, 9, 12|
bad coloring on level 2  |1, 4, 9, 12|
bad coloring on level 2  |1, 8, 9, 12|
bad coloring on level 2  |2, 8, 9, 12|
bad coloring on level 2  |4, 11, 9, 12|
bad coloring on level 2  |4, 12, 9, 12|
bad coloring on level 2  |6, 7, 9, 12|
bad coloring on level 2  |6, 8, 9, 12|
bad coloring on level 2  |7, 11, 9, 12|
bad coloring on level 2  |7, 15, 9, 12|
bad coloring on level 2  |8, 11, 9, 12|
bad coloring on level 2  |1, 4, 9, 14|
bad coloring on level 2  |1, 8, 9, 14|
bad coloring on level 2  |4, 12, 9, 14|
bad coloring on level 2  |1, 4, 10, 13|
bad coloring on level 2  |1, 8, 10, 13|
bad coloring on level 2  |4, 12, 10, 13|
bad coloring on level 2  |6, 12, 10, 13|
bad coloring on level 2  |11, 12, 10, 13|
bad coloring on level 2  |1, 4, 10, 14|
bad coloring on level 2  |1, 8, 10, 14|
bad coloring on level 2  |4, 12, 10, 14|
bad coloring on level 2  |0, 13, 11, 11|
bad coloring on level 2  |12, 13, 11, 11|
bad coloring on level 2  |0, 13, 11, 12|
bad coloring on level 2  |1, 3, 11, 12|
bad coloring on level 2  |1, 13, 11, 12|
bad coloring on level 2  |2, 3, 11, 12|
bad coloring on level 2  |3, 14, 11, 12|
bad coloring on level 2  |7, 9, 11, 12|
bad coloring on level 2  |7, 10, 11, 12|
bad coloring on level 2  |7, 14, 11, 12|
bad coloring on level 2  |10, 13, 11, 12|
bad coloring on level 2  |12, 13, 11, 12|
bad coloring on level 2  |13, 14, 11, 12|
bad coloring on level 2  |0, 13, 11, 15|
bad coloring on level 2  |12, 13, 11, 15|
bad coloring on level 2  |0, 6, 12, 13|
bad coloring on level 2  |0, 8, 12, 13|
bad coloring on level 2  |0, 11, 12, 13|
bad coloring on level 2  |1, 4, 12, 13|
bad coloring on level 2  |1, 6, 12, 13|
bad coloring on level 2  |1, 8, 12, 13|
bad coloring on level 2  |1, 11, 12, 13|
bad coloring on level 2  |1, 15, 12, 13|
bad coloring on level 2  |2, 8, 12, 13|
bad coloring on level 2  |2, 11, 12, 13|
bad coloring on level 2  |2, 15, 12, 13|
bad coloring on level 2  |4, 11, 12, 13|
bad coloring on level 2  |4, 12, 12, 13|
bad coloring on level 2  |6, 7, 12, 13|
bad coloring on level 2  |6, 8, 12, 13|
bad coloring on level 2  |6, 11, 12, 13|
bad coloring on level 2  |6, 12, 12, 13|
bad coloring on level 2  |7, 11, 12, 13|
bad coloring on level 2  |7, 15, 12, 13|
bad coloring on level 2  |8, 11, 12, 13|
bad coloring on level 2  |11, 11, 12, 13|
bad coloring on level 2  |11, 12, 12, 13|
bad coloring on level 2  |11, 15, 12, 13|
bad coloring on level 2  |0, 8, 12, 14|
bad coloring on level 2  |1, 4, 12, 14|
bad coloring on level 2  |1, 8, 12, 14|
bad coloring on level 2  |2, 8, 12, 14|
bad coloring on level 2  |4, 11, 12, 14|
bad coloring on level 2  |4, 12, 12, 14|
bad coloring on level 2  |6, 7, 12, 14|
bad coloring on level 2  |6, 8, 12, 14|
bad coloring on level 2  |7, 11, 12, 14|
bad coloring on level 2  |7, 15, 12, 14|
bad coloring on level 2  |8, 11, 12, 14|
bad coloring on level 2  |1, 4, 13, 14|
bad coloring on level 2  |1, 8, 13, 14|
bad coloring on level 2  |4, 12, 13, 14|
bad coloring on level 2  |6, 12, 13, 14|
bad coloring on level 2  |11, 12, 13, 14|
bad coloring on level 2  |1, 4, 14, 14|
bad coloring on level 2  |1, 8, 14, 14|
bad coloring on level 2  |4, 12, 14, 14|

286 bad colorings on level 2
