Trying substitutions to: 1
with goodVertices 2, 3, 4, 6, 7, 8, 9, 10, 13, 14
bad color to improve: 3  4  with index 46
bad color to improve: 3  9  with index 51
bad color to improve: 4  9  with index 63
3 bad colorings on level 1
bad coloring on level 2  |1, 8, 1, 5|
bad coloring on level 2  |7, 8, 1, 5|
bad coloring on level 2  |11, 12, 1, 5|
bad coloring on level 2  |1, 8, 1, 6|
bad coloring on level 2  |1, 10, 1, 6|
bad coloring on level 2  |1, 12, 1, 6|
bad coloring on level 2  |5, 12, 1, 6|
bad coloring on level 2  |7, 8, 1, 6|
bad coloring on level 2  |7, 12, 1, 6|
bad coloring on level 2  |8, 12, 1, 6|
bad coloring on level 2  |10, 12, 1, 6|
bad coloring on level 2  |10, 14, 1, 6|
bad coloring on level 2  |11, 12, 1, 6|
bad coloring on level 2  |12, 12, 1, 6|
bad coloring on level 2  |12, 14, 1, 6|
bad coloring on level 2  |1, 5, 1, 8|
bad coloring on level 2  |1, 6, 1, 8|
bad coloring on level 2  |1, 10, 1, 8|
bad coloring on level 2  |2, 5, 1, 8|
bad coloring on level 2  |2, 6, 1, 8|
bad coloring on level 2  |5, 5, 1, 8|
bad coloring on level 2  |5, 6, 1, 8|
bad coloring on level 2  |5, 10, 1, 8|
bad coloring on level 2  |5, 11, 1, 8|
bad coloring on level 2  |5, 12, 1, 8|
bad coloring on level 2  |5, 14, 1, 8|
bad coloring on level 2  |10, 14, 1, 8|
bad coloring on level 2  |1, 6, 1, 10|
bad coloring on level 2  |1, 8, 1, 10|
bad coloring on level 2  |1, 11, 1, 10|
bad coloring on level 2  |2, 6, 1, 10|
bad coloring on level 2  |2, 11, 1, 10|
bad coloring on level 2  |5, 11, 1, 10|
bad coloring on level 2  |6, 11, 1, 10|
bad coloring on level 2  |7, 8, 1, 10|
bad coloring on level 2  |7, 11, 1, 10|
bad coloring on level 2  |8, 11, 1, 10|
bad coloring on level 2  |11, 11, 1, 10|
bad coloring on level 2  |11, 12, 1, 10|
bad coloring on level 2  |1, 10, 1, 11|
bad coloring on level 2  |5, 12, 1, 11|
bad coloring on level 2  |10, 14, 1, 11|
bad coloring on level 2  |1, 6, 1, 12|
bad coloring on level 2  |2, 6, 1, 12|
bad coloring on level 2  |5, 11, 1, 12|
bad coloring on level 2  |1, 8, 2, 5|
bad coloring on level 2  |7, 8, 2, 5|
bad coloring on level 2  |8, 12, 2, 5|
bad coloring on level 2  |11, 12, 2, 5|
bad coloring on level 2  |1, 8, 2, 6|
bad coloring on level 2  |1, 10, 2, 6|
bad coloring on level 2  |1, 12, 2, 6|
bad coloring on level 2  |5, 12, 2, 6|
bad coloring on level 2  |7, 12, 2, 6|
bad coloring on level 2  |8, 12, 2, 6|
bad coloring on level 2  |10, 12, 2, 6|
bad coloring on level 2  |11, 12, 2, 6|
bad coloring on level 2  |12, 12, 2, 6|
bad coloring on level 2  |12, 14, 2, 6|
bad coloring on level 2  |1, 10, 2, 11|
bad coloring on level 2  |5, 12, 2, 11|
bad coloring on level 2  |10, 12, 2, 11|
bad coloring on level 2  |10, 14, 2, 11|
bad coloring on level 2  |1, 8, 5, 5|
bad coloring on level 2  |7, 8, 5, 5|
bad coloring on level 2  |11, 12, 5, 5|
bad coloring on level 2  |1, 8, 5, 6|
bad coloring on level 2  |7, 8, 5, 6|
bad coloring on level 2  |7, 12, 5, 6|
bad coloring on level 2  |11, 12, 5, 6|
bad coloring on level 2  |1, 8, 5, 10|
bad coloring on level 2  |7, 8, 5, 10|
bad coloring on level 2  |7, 11, 5, 10|
bad coloring on level 2  |11, 12, 5, 10|
bad coloring on level 2  |1, 8, 5, 11|
bad coloring on level 2  |1, 10, 5, 11|
bad coloring on level 2  |1, 12, 5, 11|
bad coloring on level 2  |5, 12, 5, 11|
bad coloring on level 2  |7, 8, 5, 11|
bad coloring on level 2  |7, 12, 5, 11|
bad coloring on level 2  |8, 12, 5, 11|
bad coloring on level 2  |10, 12, 5, 11|
bad coloring on level 2  |10, 14, 5, 11|
bad coloring on level 2  |11, 12, 5, 11|
bad coloring on level 2  |12, 12, 5, 11|
bad coloring on level 2  |12, 14, 5, 11|
bad coloring on level 2  |1, 6, 5, 12|
bad coloring on level 2  |1, 8, 5, 12|
bad coloring on level 2  |1, 11, 5, 12|
bad coloring on level 2  |2, 6, 5, 12|
bad coloring on level 2  |2, 11, 5, 12|
bad coloring on level 2  |5, 11, 5, 12|
bad coloring on level 2  |6, 11, 5, 12|
bad coloring on level 2  |7, 8, 5, 12|
bad coloring on level 2  |7, 11, 5, 12|
bad coloring on level 2  |8, 11, 5, 12|
bad coloring on level 2  |11, 11, 5, 12|
bad coloring on level 2  |11, 12, 5, 12|
bad coloring on level 2  |1, 8, 5, 14|
bad coloring on level 2  |7, 8, 5, 14|
bad coloring on level 2  |8, 11, 5, 14|
bad coloring on level 2  |11, 12, 5, 14|
bad coloring on level 2  |1, 10, 6, 11|
bad coloring on level 2  |5, 12, 6, 11|
bad coloring on level 2  |10, 14, 6, 11|
bad coloring on level 2  |12, 14, 6, 11|
bad coloring on level 2  |1, 5, 7, 8|
bad coloring on level 2  |1, 6, 7, 8|
bad coloring on level 2  |1, 10, 7, 8|
bad coloring on level 2  |2, 5, 7, 8|
bad coloring on level 2  |5, 5, 7, 8|
bad coloring on level 2  |5, 6, 7, 8|
bad coloring on level 2  |5, 10, 7, 8|
bad coloring on level 2  |5, 11, 7, 8|
bad coloring on level 2  |5, 12, 7, 8|
bad coloring on level 2  |5, 14, 7, 8|
bad coloring on level 2  |1, 10, 7, 11|
bad coloring on level 2  |5, 10, 7, 11|
bad coloring on level 2  |5, 12, 7, 11|
bad coloring on level 2  |10, 14, 7, 11|
bad coloring on level 2  |1, 6, 7, 12|
bad coloring on level 2  |2, 6, 7, 12|
bad coloring on level 2  |5, 6, 7, 12|
bad coloring on level 2  |5, 11, 7, 12|
bad coloring on level 2  |1, 10, 8, 11|
bad coloring on level 2  |5, 12, 8, 11|
bad coloring on level 2  |5, 14, 8, 11|
bad coloring on level 2  |10, 14, 8, 11|
bad coloring on level 2  |1, 6, 8, 12|
bad coloring on level 2  |2, 5, 8, 12|
bad coloring on level 2  |2, 6, 8, 12|
bad coloring on level 2  |5, 11, 8, 12|
bad coloring on level 2  |1, 6, 10, 12|
bad coloring on level 2  |2, 6, 10, 12|
bad coloring on level 2  |2, 11, 10, 12|
bad coloring on level 2  |5, 11, 10, 12|
bad coloring on level 2  |1, 6, 10, 14|
bad coloring on level 2  |1, 8, 10, 14|
bad coloring on level 2  |1, 11, 10, 14|
bad coloring on level 2  |2, 11, 10, 14|
bad coloring on level 2  |5, 11, 10, 14|
bad coloring on level 2  |6, 11, 10, 14|
bad coloring on level 2  |7, 11, 10, 14|
bad coloring on level 2  |8, 11, 10, 14|
bad coloring on level 2  |11, 11, 10, 14|
bad coloring on level 2  |11, 12, 10, 14|
bad coloring on level 2  |1, 10, 11, 11|
bad coloring on level 2  |5, 12, 11, 11|
bad coloring on level 2  |10, 14, 11, 11|
bad coloring on level 2  |1, 5, 11, 12|
bad coloring on level 2  |1, 6, 11, 12|
bad coloring on level 2  |1, 10, 11, 12|
bad coloring on level 2  |2, 5, 11, 12|
bad coloring on level 2  |2, 6, 11, 12|
bad coloring on level 2  |5, 5, 11, 12|
bad coloring on level 2  |5, 6, 11, 12|
bad coloring on level 2  |5, 10, 11, 12|
bad coloring on level 2  |5, 11, 11, 12|
bad coloring on level 2  |5, 12, 11, 12|
bad coloring on level 2  |5, 14, 11, 12|
bad coloring on level 2  |10, 14, 11, 12|
bad coloring on level 2  |1, 6, 12, 12|
bad coloring on level 2  |2, 6, 12, 12|
bad coloring on level 2  |5, 11, 12, 12|
bad coloring on level 2  |1, 6, 12, 14|
bad coloring on level 2  |2, 6, 12, 14|
bad coloring on level 2  |5, 11, 12, 14|
bad coloring on level 2  |6, 11, 12, 14|

168 bad colorings on level 2
