Trying substitutions to: 6
with goodVertices 2, 3, 4, 5, 9, 10, 13, 14, 15
bad color to improve: 0  3  with index 3
bad color to improve: 0  14  with index 14
bad color to improve: 3  14  with index 56
3 bad colorings on level 1
bad coloring on level 2  |4, 15, 1, 1|
bad coloring on level 2  |6, 8, 1, 1|
bad coloring on level 2  |8, 11, 1, 1|
bad coloring on level 2  |4, 15, 1, 2|
bad coloring on level 2  |6, 8, 1, 2|
bad coloring on level 2  |8, 11, 1, 2|
bad coloring on level 2  |8, 15, 1, 2|
bad coloring on level 2  |4, 8, 1, 5|
bad coloring on level 2  |4, 15, 1, 5|
bad coloring on level 2  |6, 8, 1, 5|
bad coloring on level 2  |8, 11, 1, 5|
bad coloring on level 2  |1, 8, 1, 6|
bad coloring on level 2  |4, 8, 1, 6|
bad coloring on level 2  |4, 15, 1, 6|
bad coloring on level 2  |6, 8, 1, 6|
bad coloring on level 2  |8, 8, 1, 6|
bad coloring on level 2  |8, 11, 1, 6|
bad coloring on level 2  |8, 15, 1, 6|
bad coloring on level 2  |1, 6, 1, 8|
bad coloring on level 2  |1, 11, 1, 8|
bad coloring on level 2  |2, 5, 1, 8|
bad coloring on level 2  |2, 11, 1, 8|
bad coloring on level 2  |4, 11, 1, 8|
bad coloring on level 2  |4, 15, 1, 8|
bad coloring on level 2  |5, 11, 1, 8|
bad coloring on level 2  |6, 8, 1, 8|
bad coloring on level 2  |6, 11, 1, 8|
bad coloring on level 2  |8, 11, 1, 8|
bad coloring on level 2  |11, 11, 1, 8|
bad coloring on level 2  |11, 15, 1, 8|
bad coloring on level 2  |4, 11, 1, 10|
bad coloring on level 2  |4, 15, 1, 10|
bad coloring on level 2  |8, 11, 1, 10|
bad coloring on level 2  |1, 8, 1, 11|
bad coloring on level 2  |4, 8, 1, 11|
bad coloring on level 2  |4, 15, 1, 11|
bad coloring on level 2  |6, 8, 1, 11|
bad coloring on level 2  |8, 8, 1, 11|
bad coloring on level 2  |8, 10, 1, 11|
bad coloring on level 2  |8, 11, 1, 11|
bad coloring on level 2  |8, 13, 1, 11|
bad coloring on level 2  |8, 15, 1, 11|
bad coloring on level 2  |10, 13, 1, 11|
bad coloring on level 2  |4, 15, 1, 13|
bad coloring on level 2  |8, 11, 1, 13|
bad coloring on level 2  |11, 15, 1, 13|
bad coloring on level 2  |1, 8, 2, 5|
bad coloring on level 2  |4, 8, 2, 5|
bad coloring on level 2  |6, 8, 2, 5|
bad coloring on level 2  |8, 8, 2, 5|
bad coloring on level 2  |8, 10, 2, 5|
bad coloring on level 2  |8, 11, 2, 5|
bad coloring on level 2  |8, 13, 2, 5|
bad coloring on level 2  |8, 15, 2, 5|
bad coloring on level 2  |1, 8, 2, 11|
bad coloring on level 2  |8, 10, 2, 11|
bad coloring on level 2  |10, 13, 2, 11|
bad coloring on level 2  |1, 5, 4, 8|
bad coloring on level 2  |1, 6, 4, 8|
bad coloring on level 2  |1, 11, 4, 8|
bad coloring on level 2  |2, 5, 4, 8|
bad coloring on level 2  |1, 8, 4, 11|
bad coloring on level 2  |1, 10, 4, 11|
bad coloring on level 2  |10, 13, 4, 11|
bad coloring on level 2  |1, 1, 4, 15|
bad coloring on level 2  |1, 2, 4, 15|
bad coloring on level 2  |1, 5, 4, 15|
bad coloring on level 2  |1, 6, 4, 15|
bad coloring on level 2  |1, 8, 4, 15|
bad coloring on level 2  |1, 10, 4, 15|
bad coloring on level 2  |1, 11, 4, 15|
bad coloring on level 2  |1, 13, 4, 15|
bad coloring on level 2  |1, 8, 5, 11|
bad coloring on level 2  |8, 13, 5, 11|
bad coloring on level 2  |10, 13, 5, 11|
bad coloring on level 2  |1, 1, 6, 8|
bad coloring on level 2  |1, 2, 6, 8|
bad coloring on level 2  |1, 5, 6, 8|
bad coloring on level 2  |1, 6, 6, 8|
bad coloring on level 2  |1, 8, 6, 8|
bad coloring on level 2  |1, 11, 6, 8|
bad coloring on level 2  |2, 5, 6, 8|
bad coloring on level 2  |1, 8, 6, 11|
bad coloring on level 2  |10, 13, 6, 11|
bad coloring on level 2  |1, 6, 8, 8|
bad coloring on level 2  |1, 11, 8, 8|
bad coloring on level 2  |2, 5, 8, 8|
bad coloring on level 2  |1, 11, 8, 10|
bad coloring on level 2  |2, 5, 8, 10|
bad coloring on level 2  |2, 11, 8, 10|
bad coloring on level 2  |1, 1, 8, 11|
bad coloring on level 2  |1, 2, 8, 11|
bad coloring on level 2  |1, 5, 8, 11|
bad coloring on level 2  |1, 6, 8, 11|
bad coloring on level 2  |1, 8, 8, 11|
bad coloring on level 2  |1, 10, 8, 11|
bad coloring on level 2  |1, 11, 8, 11|
bad coloring on level 2  |1, 13, 8, 11|
bad coloring on level 2  |2, 5, 8, 11|
bad coloring on level 2  |10, 13, 8, 11|
bad coloring on level 2  |1, 11, 8, 13|
bad coloring on level 2  |2, 5, 8, 13|
bad coloring on level 2  |5, 11, 8, 13|
bad coloring on level 2  |1, 2, 8, 15|
bad coloring on level 2  |1, 6, 8, 15|
bad coloring on level 2  |1, 11, 8, 15|
bad coloring on level 2  |2, 5, 8, 15|
bad coloring on level 2  |1, 11, 10, 13|
bad coloring on level 2  |2, 11, 10, 13|
bad coloring on level 2  |4, 11, 10, 13|
bad coloring on level 2  |5, 11, 10, 13|
bad coloring on level 2  |6, 11, 10, 13|
bad coloring on level 2  |8, 11, 10, 13|
bad coloring on level 2  |11, 11, 10, 13|
bad coloring on level 2  |11, 15, 10, 13|
bad coloring on level 2  |1, 8, 11, 11|
bad coloring on level 2  |10, 13, 11, 11|
bad coloring on level 2  |1, 8, 11, 15|
bad coloring on level 2  |1, 13, 11, 15|
bad coloring on level 2  |10, 13, 11, 15|

120 bad colorings on level 2
