Trying substitutions to: 10
with goodVertices 2, 3, 4, 5, 6, 9, 13, 14, 15
bad color to improve: 0  2  with index 2
bad color to improve: 0  4  with index 4
bad color to improve: 2  4  with index 33
3 bad colorings on level 1
bad coloring on level 2  |3, 15, 1, 1|
bad coloring on level 2  |8, 10, 1, 1|
bad coloring on level 2  |8, 12, 1, 1|
bad coloring on level 2  |3, 8, 1, 5|
bad coloring on level 2  |3, 15, 1, 5|
bad coloring on level 2  |8, 10, 1, 5|
bad coloring on level 2  |8, 12, 1, 5|
bad coloring on level 2  |3, 12, 1, 6|
bad coloring on level 2  |3, 15, 1, 6|
bad coloring on level 2  |8, 12, 1, 6|
bad coloring on level 2  |1, 10, 1, 8|
bad coloring on level 2  |1, 12, 1, 8|
bad coloring on level 2  |3, 12, 1, 8|
bad coloring on level 2  |3, 15, 1, 8|
bad coloring on level 2  |5, 12, 1, 8|
bad coloring on level 2  |5, 14, 1, 8|
bad coloring on level 2  |8, 10, 1, 8|
bad coloring on level 2  |8, 12, 1, 8|
bad coloring on level 2  |10, 12, 1, 8|
bad coloring on level 2  |12, 12, 1, 8|
bad coloring on level 2  |12, 14, 1, 8|
bad coloring on level 2  |12, 15, 1, 8|
bad coloring on level 2  |1, 8, 1, 10|
bad coloring on level 2  |3, 8, 1, 10|
bad coloring on level 2  |3, 15, 1, 10|
bad coloring on level 2  |8, 8, 1, 10|
bad coloring on level 2  |8, 10, 1, 10|
bad coloring on level 2  |8, 12, 1, 10|
bad coloring on level 2  |8, 15, 1, 10|
bad coloring on level 2  |1, 8, 1, 12|
bad coloring on level 2  |3, 8, 1, 12|
bad coloring on level 2  |3, 15, 1, 12|
bad coloring on level 2  |6, 8, 1, 12|
bad coloring on level 2  |6, 13, 1, 12|
bad coloring on level 2  |8, 8, 1, 12|
bad coloring on level 2  |8, 10, 1, 12|
bad coloring on level 2  |8, 12, 1, 12|
bad coloring on level 2  |8, 13, 1, 12|
bad coloring on level 2  |8, 15, 1, 12|
bad coloring on level 2  |3, 15, 1, 13|
bad coloring on level 2  |8, 12, 1, 13|
bad coloring on level 2  |12, 15, 1, 13|
bad coloring on level 2  |3, 15, 1, 14|
bad coloring on level 2  |8, 10, 1, 14|
bad coloring on level 2  |8, 12, 1, 14|
bad coloring on level 2  |8, 15, 1, 14|
bad coloring on level 2  |1, 5, 3, 8|
bad coloring on level 2  |1, 10, 3, 8|
bad coloring on level 2  |1, 12, 3, 8|
bad coloring on level 2  |5, 14, 3, 8|
bad coloring on level 2  |1, 6, 3, 12|
bad coloring on level 2  |1, 8, 3, 12|
bad coloring on level 2  |6, 13, 3, 12|
bad coloring on level 2  |1, 1, 3, 15|
bad coloring on level 2  |1, 5, 3, 15|
bad coloring on level 2  |1, 6, 3, 15|
bad coloring on level 2  |1, 8, 3, 15|
bad coloring on level 2  |1, 10, 3, 15|
bad coloring on level 2  |1, 12, 3, 15|
bad coloring on level 2  |1, 13, 3, 15|
bad coloring on level 2  |1, 14, 3, 15|
bad coloring on level 2  |1, 8, 5, 12|
bad coloring on level 2  |6, 13, 5, 12|
bad coloring on level 2  |8, 13, 5, 12|
bad coloring on level 2  |1, 8, 5, 14|
bad coloring on level 2  |3, 8, 5, 14|
bad coloring on level 2  |6, 8, 5, 14|
bad coloring on level 2  |8, 8, 5, 14|
bad coloring on level 2  |8, 10, 5, 14|
bad coloring on level 2  |8, 12, 5, 14|
bad coloring on level 2  |8, 13, 5, 14|
bad coloring on level 2  |8, 15, 5, 14|
bad coloring on level 2  |1, 12, 6, 8|
bad coloring on level 2  |5, 14, 6, 8|
bad coloring on level 2  |12, 14, 6, 8|
bad coloring on level 2  |1, 12, 6, 13|
bad coloring on level 2  |3, 12, 6, 13|
bad coloring on level 2  |5, 12, 6, 13|
bad coloring on level 2  |8, 12, 6, 13|
bad coloring on level 2  |10, 12, 6, 13|
bad coloring on level 2  |12, 12, 6, 13|
bad coloring on level 2  |12, 14, 6, 13|
bad coloring on level 2  |12, 15, 6, 13|
bad coloring on level 2  |1, 10, 8, 8|
bad coloring on level 2  |1, 12, 8, 8|
bad coloring on level 2  |5, 14, 8, 8|
bad coloring on level 2  |1, 1, 8, 10|
bad coloring on level 2  |1, 5, 8, 10|
bad coloring on level 2  |1, 8, 8, 10|
bad coloring on level 2  |1, 10, 8, 10|
bad coloring on level 2  |1, 12, 8, 10|
bad coloring on level 2  |1, 14, 8, 10|
bad coloring on level 2  |5, 14, 8, 10|
bad coloring on level 2  |1, 1, 8, 12|
bad coloring on level 2  |1, 5, 8, 12|
bad coloring on level 2  |1, 6, 8, 12|
bad coloring on level 2  |1, 8, 8, 12|
bad coloring on level 2  |1, 10, 8, 12|
bad coloring on level 2  |1, 12, 8, 12|
bad coloring on level 2  |1, 13, 8, 12|
bad coloring on level 2  |1, 14, 8, 12|
bad coloring on level 2  |5, 14, 8, 12|
bad coloring on level 2  |6, 13, 8, 12|
bad coloring on level 2  |1, 12, 8, 13|
bad coloring on level 2  |5, 12, 8, 13|
bad coloring on level 2  |5, 14, 8, 13|
bad coloring on level 2  |1, 10, 8, 15|
bad coloring on level 2  |1, 12, 8, 15|
bad coloring on level 2  |1, 14, 8, 15|
bad coloring on level 2  |5, 14, 8, 15|
bad coloring on level 2  |1, 8, 10, 12|
bad coloring on level 2  |6, 13, 10, 12|
bad coloring on level 2  |1, 8, 12, 12|
bad coloring on level 2  |6, 13, 12, 12|
bad coloring on level 2  |1, 8, 12, 14|
bad coloring on level 2  |6, 8, 12, 14|
bad coloring on level 2  |6, 13, 12, 14|
bad coloring on level 2  |1, 8, 12, 15|
bad coloring on level 2  |1, 13, 12, 15|
bad coloring on level 2  |6, 13, 12, 15|

120 bad colorings on level 2
