Trying substitutions to: 9
with goodVertices 2, 3, 4, 5, 7, 11, 12, 14, 15
bad color to improve: 1  8  with index 23
bad color to improve: 7  11  with index 95
bad color to improve: 7  12  with index 96
bad color to improve: 11  12  with index 122
4 bad colorings on level 1
bad coloring on level 2  |3, 10, 2, 4|
bad coloring on level 2  |5, 10, 2, 4|
bad coloring on level 2  |6, 10, 2, 4|
bad coloring on level 2  |9, 10, 2, 4|
bad coloring on level 2  |10, 10, 2, 4|
bad coloring on level 2  |10, 13, 2, 4|
bad coloring on level 2  |10, 14, 2, 4|
bad coloring on level 2  |10, 15, 2, 4|
bad coloring on level 2  |3, 4, 2, 5|
bad coloring on level 2  |3, 15, 2, 5|
bad coloring on level 2  |3, 10, 2, 6|
bad coloring on level 2  |3, 14, 2, 6|
bad coloring on level 2  |10, 13, 2, 6|
bad coloring on level 2  |5, 15, 2, 13|
bad coloring on level 2  |6, 10, 2, 13|
bad coloring on level 2  |10, 15, 2, 13|
bad coloring on level 2  |3, 15, 2, 14|
bad coloring on level 2  |4, 15, 2, 14|
bad coloring on level 2  |2, 5, 3, 4|
bad coloring on level 2  |5, 14, 3, 4|
bad coloring on level 2  |2, 4, 3, 10|
bad coloring on level 2  |2, 6, 3, 10|
bad coloring on level 2  |6, 13, 3, 10|
bad coloring on level 2  |5, 6, 3, 13|
bad coloring on level 2  |5, 15, 3, 13|
bad coloring on level 2  |6, 10, 3, 13|
bad coloring on level 2  |2, 6, 3, 14|
bad coloring on level 2  |4, 6, 3, 14|
bad coloring on level 2  |5, 6, 3, 14|
bad coloring on level 2  |6, 6, 3, 14|
bad coloring on level 2  |6, 9, 3, 14|
bad coloring on level 2  |6, 10, 3, 14|
bad coloring on level 2  |6, 13, 3, 14|
bad coloring on level 2  |6, 15, 3, 14|
bad coloring on level 2  |2, 5, 3, 15|
bad coloring on level 2  |2, 14, 3, 15|
bad coloring on level 2  |3, 14, 4, 6|
bad coloring on level 2  |10, 13, 4, 6|
bad coloring on level 2  |10, 14, 4, 6|
bad coloring on level 2  |5, 10, 4, 13|
bad coloring on level 2  |5, 15, 4, 13|
bad coloring on level 2  |6, 10, 4, 13|
bad coloring on level 2  |2, 14, 4, 15|
bad coloring on level 2  |5, 14, 4, 15|
bad coloring on level 2  |3, 13, 5, 6|
bad coloring on level 2  |3, 14, 5, 6|
bad coloring on level 2  |10, 13, 5, 6|
bad coloring on level 2  |2, 4, 5, 10|
bad coloring on level 2  |4, 13, 5, 10|
bad coloring on level 2  |6, 13, 5, 10|
bad coloring on level 2  |3, 4, 5, 14|
bad coloring on level 2  |4, 15, 5, 14|
bad coloring on level 2  |2, 13, 5, 15|
bad coloring on level 2  |3, 13, 5, 15|
bad coloring on level 2  |4, 13, 5, 15|
bad coloring on level 2  |6, 13, 5, 15|
bad coloring on level 2  |9, 13, 5, 15|
bad coloring on level 2  |10, 13, 5, 15|
bad coloring on level 2  |13, 13, 5, 15|
bad coloring on level 2  |13, 14, 5, 15|
bad coloring on level 2  |3, 14, 6, 6|
bad coloring on level 2  |10, 13, 6, 6|
bad coloring on level 2  |3, 14, 6, 9|
bad coloring on level 2  |10, 13, 6, 9|
bad coloring on level 2  |2, 4, 6, 10|
bad coloring on level 2  |2, 13, 6, 10|
bad coloring on level 2  |3, 13, 6, 10|
bad coloring on level 2  |3, 14, 6, 10|
bad coloring on level 2  |4, 13, 6, 10|
bad coloring on level 2  |6, 13, 6, 10|
bad coloring on level 2  |9, 13, 6, 10|
bad coloring on level 2  |10, 13, 6, 10|
bad coloring on level 2  |13, 13, 6, 10|
bad coloring on level 2  |13, 14, 6, 10|
bad coloring on level 2  |3, 10, 6, 13|
bad coloring on level 2  |3, 14, 6, 13|
bad coloring on level 2  |5, 10, 6, 13|
bad coloring on level 2  |5, 15, 6, 13|
bad coloring on level 2  |6, 10, 6, 13|
bad coloring on level 2  |9, 10, 6, 13|
bad coloring on level 2  |10, 10, 6, 13|
bad coloring on level 2  |10, 13, 6, 13|
bad coloring on level 2  |10, 14, 6, 13|
bad coloring on level 2  |10, 15, 6, 13|
bad coloring on level 2  |3, 14, 6, 15|
bad coloring on level 2  |10, 13, 6, 15|
bad coloring on level 2  |13, 14, 6, 15|
bad coloring on level 2  |2, 4, 9, 10|
bad coloring on level 2  |6, 13, 9, 10|
bad coloring on level 2  |5, 15, 9, 13|
bad coloring on level 2  |6, 10, 9, 13|
bad coloring on level 2  |2, 4, 10, 10|
bad coloring on level 2  |6, 13, 10, 10|
bad coloring on level 2  |2, 4, 10, 13|
bad coloring on level 2  |2, 6, 10, 13|
bad coloring on level 2  |4, 6, 10, 13|
bad coloring on level 2  |5, 6, 10, 13|
bad coloring on level 2  |5, 15, 10, 13|
bad coloring on level 2  |6, 6, 10, 13|
bad coloring on level 2  |6, 9, 10, 13|
bad coloring on level 2  |6, 10, 10, 13|
bad coloring on level 2  |6, 13, 10, 13|
bad coloring on level 2  |6, 15, 10, 13|
bad coloring on level 2  |2, 4, 10, 14|
bad coloring on level 2  |4, 6, 10, 14|
bad coloring on level 2  |6, 13, 10, 14|
bad coloring on level 2  |2, 4, 10, 15|
bad coloring on level 2  |2, 13, 10, 15|
bad coloring on level 2  |6, 13, 10, 15|
bad coloring on level 2  |5, 15, 13, 13|
bad coloring on level 2  |6, 10, 13, 13|
bad coloring on level 2  |5, 15, 13, 14|
bad coloring on level 2  |6, 10, 13, 14|
bad coloring on level 2  |6, 15, 13, 14|

114 bad colorings on level 2
