Trying substitutions to: 8
with goodVertices 2, 3, 4, 6, 9, 10, 13, 14
bad color to improve: 0  9  with index 9
bad color to improve: 2  9  with index 38
bad color to improve: 2  14  with index 43
bad color to improve: 5  9  with index 74
bad color to improve: 9  9  with index 108
bad color to improve: 9  14  with index 113
6 bad colorings on level 1
bad coloring on level 2  |1, 8, 1, 1|
bad coloring on level 2  |11, 12, 1, 1|
bad coloring on level 2  |7, 12, 1, 6|
bad coloring on level 2  |11, 12, 1, 6|
bad coloring on level 2  |1, 8, 1, 7|
bad coloring on level 2  |3, 15, 1, 7|
bad coloring on level 2  |4, 15, 1, 7|
bad coloring on level 2  |6, 8, 1, 7|
bad coloring on level 2  |6, 15, 1, 7|
bad coloring on level 2  |8, 10, 1, 7|
bad coloring on level 2  |8, 11, 1, 7|
bad coloring on level 2  |8, 12, 1, 7|
bad coloring on level 2  |8, 15, 1, 7|
bad coloring on level 2  |10, 15, 1, 7|
bad coloring on level 2  |11, 12, 1, 7|
bad coloring on level 2  |11, 15, 1, 7|
bad coloring on level 2  |12, 15, 1, 7|
bad coloring on level 2  |15, 15, 1, 7|
bad coloring on level 2  |1, 1, 1, 8|
bad coloring on level 2  |1, 7, 1, 8|
bad coloring on level 2  |1, 8, 1, 8|
bad coloring on level 2  |1, 11, 1, 8|
bad coloring on level 2  |1, 12, 1, 8|
bad coloring on level 2  |3, 3, 1, 8|
bad coloring on level 2  |3, 4, 1, 8|
bad coloring on level 2  |3, 7, 1, 8|
bad coloring on level 2  |3, 8, 1, 8|
bad coloring on level 2  |3, 10, 1, 8|
bad coloring on level 2  |3, 12, 1, 8|
bad coloring on level 2  |3, 13, 1, 8|
bad coloring on level 2  |3, 15, 1, 8|
bad coloring on level 2  |4, 4, 1, 8|
bad coloring on level 2  |4, 6, 1, 8|
bad coloring on level 2  |4, 7, 1, 8|
bad coloring on level 2  |4, 8, 1, 8|
bad coloring on level 2  |4, 11, 1, 8|
bad coloring on level 2  |4, 13, 1, 8|
bad coloring on level 2  |4, 15, 1, 8|
bad coloring on level 2  |6, 6, 1, 8|
bad coloring on level 2  |6, 8, 1, 8|
bad coloring on level 2  |6, 11, 1, 8|
bad coloring on level 2  |6, 15, 1, 8|
bad coloring on level 2  |7, 7, 1, 8|
bad coloring on level 2  |7, 8, 1, 8|
bad coloring on level 2  |7, 11, 1, 8|
bad coloring on level 2  |7, 12, 1, 8|
bad coloring on level 2  |7, 13, 1, 8|
bad coloring on level 2  |8, 8, 1, 8|
bad coloring on level 2  |8, 10, 1, 8|
bad coloring on level 2  |8, 11, 1, 8|
bad coloring on level 2  |8, 12, 1, 8|
bad coloring on level 2  |8, 13, 1, 8|
bad coloring on level 2  |8, 15, 1, 8|
bad coloring on level 2  |10, 10, 1, 8|
bad coloring on level 2  |10, 12, 1, 8|
bad coloring on level 2  |10, 15, 1, 8|
bad coloring on level 2  |11, 11, 1, 8|
bad coloring on level 2  |11, 12, 1, 8|
bad coloring on level 2  |11, 15, 1, 8|
bad coloring on level 2  |12, 12, 1, 8|
bad coloring on level 2  |12, 15, 1, 8|
bad coloring on level 2  |13, 13, 1, 8|
bad coloring on level 2  |15, 15, 1, 8|
bad coloring on level 2  |7, 11, 1, 10|
bad coloring on level 2  |11, 12, 1, 10|
bad coloring on level 2  |1, 8, 1, 11|
bad coloring on level 2  |1, 12, 1, 11|
bad coloring on level 2  |3, 3, 1, 11|
bad coloring on level 2  |3, 4, 1, 11|
bad coloring on level 2  |3, 7, 1, 11|
bad coloring on level 2  |3, 8, 1, 11|
bad coloring on level 2  |3, 10, 1, 11|
bad coloring on level 2  |3, 12, 1, 11|
bad coloring on level 2  |3, 13, 1, 11|
bad coloring on level 2  |3, 15, 1, 11|
bad coloring on level 2  |7, 8, 1, 11|
bad coloring on level 2  |7, 12, 1, 11|
bad coloring on level 2  |8, 10, 1, 11|
bad coloring on level 2  |8, 12, 1, 11|
bad coloring on level 2  |8, 13, 1, 11|
bad coloring on level 2  |10, 12, 1, 11|
bad coloring on level 2  |11, 12, 1, 11|
bad coloring on level 2  |12, 12, 1, 11|
bad coloring on level 2  |12, 15, 1, 11|
bad coloring on level 2  |1, 8, 1, 12|
bad coloring on level 2  |1, 11, 1, 12|
bad coloring on level 2  |3, 4, 1, 12|
bad coloring on level 2  |4, 4, 1, 12|
bad coloring on level 2  |4, 6, 1, 12|
bad coloring on level 2  |4, 7, 1, 12|
bad coloring on level 2  |4, 8, 1, 12|
bad coloring on level 2  |4, 11, 1, 12|
bad coloring on level 2  |4, 13, 1, 12|
bad coloring on level 2  |4, 15, 1, 12|
bad coloring on level 2  |6, 8, 1, 12|
bad coloring on level 2  |6, 11, 1, 12|
bad coloring on level 2  |7, 8, 1, 12|
bad coloring on level 2  |7, 11, 1, 12|
bad coloring on level 2  |8, 11, 1, 12|
bad coloring on level 2  |8, 13, 1, 12|
bad coloring on level 2  |11, 11, 1, 12|
bad coloring on level 2  |11, 12, 1, 12|
bad coloring on level 2  |11, 15, 1, 12|
bad coloring on level 2  |11, 12, 1, 13|
bad coloring on level 2  |1, 8, 3, 3|
bad coloring on level 2  |1, 11, 3, 3|
bad coloring on level 2  |11, 12, 3, 3|
bad coloring on level 2  |1, 8, 3, 4|
bad coloring on level 2  |1, 11, 3, 4|
bad coloring on level 2  |1, 12, 3, 4|
bad coloring on level 2  |11, 12, 3, 4|
bad coloring on level 2  |1, 8, 3, 7|
bad coloring on level 2  |1, 11, 3, 7|
bad coloring on level 2  |11, 12, 3, 7|
bad coloring on level 2  |1, 8, 3, 8|
bad coloring on level 2  |1, 11, 3, 8|
bad coloring on level 2  |11, 12, 3, 8|
bad coloring on level 2  |1, 8, 3, 10|
bad coloring on level 2  |1, 11, 3, 10|
bad coloring on level 2  |4, 11, 3, 10|
bad coloring on level 2  |6, 8, 3, 10|
bad coloring on level 2  |6, 11, 3, 10|
bad coloring on level 2  |7, 11, 3, 10|
bad coloring on level 2  |8, 11, 3, 10|
bad coloring on level 2  |11, 11, 3, 10|
bad coloring on level 2  |11, 12, 3, 10|
bad coloring on level 2  |11, 15, 3, 10|
bad coloring on level 2  |1, 8, 3, 12|
bad coloring on level 2  |1, 11, 3, 12|
bad coloring on level 2  |4, 6, 3, 12|
bad coloring on level 2  |4, 11, 3, 12|
bad coloring on level 2  |6, 8, 3, 12|
bad coloring on level 2  |6, 11, 3, 12|
bad coloring on level 2  |7, 11, 3, 12|
bad coloring on level 2  |8, 11, 3, 12|
bad coloring on level 2  |11, 11, 3, 12|
bad coloring on level 2  |11, 12, 3, 12|
bad coloring on level 2  |11, 15, 3, 12|
bad coloring on level 2  |1, 8, 3, 13|
bad coloring on level 2  |1, 11, 3, 13|
bad coloring on level 2  |11, 12, 3, 13|
bad coloring on level 2  |1, 7, 3, 15|
bad coloring on level 2  |1, 8, 3, 15|
bad coloring on level 2  |1, 11, 3, 15|
bad coloring on level 2  |11, 12, 3, 15|
bad coloring on level 2  |1, 8, 4, 4|
bad coloring on level 2  |1, 12, 4, 4|
bad coloring on level 2  |11, 12, 4, 4|
bad coloring on level 2  |1, 8, 4, 6|
bad coloring on level 2  |1, 12, 4, 6|
bad coloring on level 2  |3, 12, 4, 6|
bad coloring on level 2  |7, 12, 4, 6|
bad coloring on level 2  |8, 10, 4, 6|
bad coloring on level 2  |8, 12, 4, 6|
bad coloring on level 2  |10, 12, 4, 6|
bad coloring on level 2  |11, 12, 4, 6|
bad coloring on level 2  |12, 12, 4, 6|
bad coloring on level 2  |12, 15, 4, 6|
bad coloring on level 2  |1, 8, 4, 7|
bad coloring on level 2  |1, 12, 4, 7|
bad coloring on level 2  |11, 12, 4, 7|
bad coloring on level 2  |1, 8, 4, 8|
bad coloring on level 2  |1, 12, 4, 8|
bad coloring on level 2  |11, 12, 4, 8|
bad coloring on level 2  |1, 8, 4, 11|
bad coloring on level 2  |1, 12, 4, 11|
bad coloring on level 2  |3, 10, 4, 11|
bad coloring on level 2  |3, 12, 4, 11|
bad coloring on level 2  |7, 12, 4, 11|
bad coloring on level 2  |8, 10, 4, 11|
bad coloring on level 2  |8, 12, 4, 11|
bad coloring on level 2  |10, 12, 4, 11|
bad coloring on level 2  |11, 12, 4, 11|
bad coloring on level 2  |12, 12, 4, 11|
bad coloring on level 2  |12, 15, 4, 11|
bad coloring on level 2  |1, 8, 4, 13|
bad coloring on level 2  |1, 12, 4, 13|
bad coloring on level 2  |11, 12, 4, 13|
bad coloring on level 2  |1, 7, 4, 15|
bad coloring on level 2  |1, 8, 4, 15|
bad coloring on level 2  |1, 12, 4, 15|
bad coloring on level 2  |11, 12, 4, 15|
bad coloring on level 2  |1, 8, 6, 6|
bad coloring on level 2  |7, 12, 6, 6|
bad coloring on level 2  |11, 12, 6, 6|
bad coloring on level 2  |1, 7, 6, 8|
bad coloring on level 2  |1, 8, 6, 8|
bad coloring on level 2  |1, 12, 6, 8|
bad coloring on level 2  |3, 10, 6, 8|
bad coloring on level 2  |3, 12, 6, 8|
bad coloring on level 2  |7, 12, 6, 8|
bad coloring on level 2  |8, 10, 6, 8|
bad coloring on level 2  |8, 12, 6, 8|
bad coloring on level 2  |10, 12, 6, 8|
bad coloring on level 2  |11, 12, 6, 8|
bad coloring on level 2  |12, 12, 6, 8|
bad coloring on level 2  |12, 15, 6, 8|
bad coloring on level 2  |7, 11, 6, 10|
bad coloring on level 2  |7, 12, 6, 10|
bad coloring on level 2  |11, 12, 6, 10|
bad coloring on level 2  |1, 8, 6, 11|
bad coloring on level 2  |1, 12, 6, 11|
bad coloring on level 2  |3, 10, 6, 11|
bad coloring on level 2  |3, 12, 6, 11|
bad coloring on level 2  |7, 12, 6, 11|
bad coloring on level 2  |8, 10, 6, 11|
bad coloring on level 2  |8, 12, 6, 11|
bad coloring on level 2  |10, 12, 6, 11|
bad coloring on level 2  |11, 12, 6, 11|
bad coloring on level 2  |12, 12, 6, 11|
bad coloring on level 2  |12, 15, 6, 11|
bad coloring on level 2  |7, 12, 6, 13|
bad coloring on level 2  |11, 12, 6, 13|
bad coloring on level 2  |1, 7, 6, 15|
bad coloring on level 2  |1, 8, 6, 15|
bad coloring on level 2  |7, 12, 6, 15|
bad coloring on level 2  |11, 12, 6, 15|
bad coloring on level 2  |1, 8, 7, 7|
bad coloring on level 2  |11, 12, 7, 7|
bad coloring on level 2  |1, 8, 7, 8|
bad coloring on level 2  |1, 11, 7, 8|
bad coloring on level 2  |1, 12, 7, 8|
bad coloring on level 2  |11, 12, 7, 8|
bad coloring on level 2  |1, 8, 7, 11|
bad coloring on level 2  |1, 10, 7, 11|
bad coloring on level 2  |1, 12, 7, 11|
bad coloring on level 2  |3, 10, 7, 11|
bad coloring on level 2  |3, 12, 7, 11|
bad coloring on level 2  |6, 10, 7, 11|
bad coloring on level 2  |7, 12, 7, 11|
bad coloring on level 2  |8, 10, 7, 11|
bad coloring on level 2  |8, 12, 7, 11|
bad coloring on level 2  |10, 10, 7, 11|
bad coloring on level 2  |10, 12, 7, 11|
bad coloring on level 2  |10, 13, 7, 11|
bad coloring on level 2  |10, 15, 7, 11|
bad coloring on level 2  |11, 12, 7, 11|
bad coloring on level 2  |12, 12, 7, 11|
bad coloring on level 2  |12, 15, 7, 11|
bad coloring on level 2  |1, 6, 7, 12|
bad coloring on level 2  |1, 8, 7, 12|
bad coloring on level 2  |1, 11, 7, 12|
bad coloring on level 2  |4, 6, 7, 12|
bad coloring on level 2  |4, 11, 7, 12|
bad coloring on level 2  |6, 6, 7, 12|
bad coloring on level 2  |6, 8, 7, 12|
bad coloring on level 2  |6, 10, 7, 12|
bad coloring on level 2  |6, 11, 7, 12|
bad coloring on level 2  |6, 13, 7, 12|
bad coloring on level 2  |6, 15, 7, 12|
bad coloring on level 2  |7, 11, 7, 12|
bad coloring on level 2  |8, 11, 7, 12|
bad coloring on level 2  |11, 11, 7, 12|
bad coloring on level 2  |11, 12, 7, 12|
bad coloring on level 2  |11, 15, 7, 12|
bad coloring on level 2  |1, 8, 7, 13|
bad coloring on level 2  |11, 12, 7, 13|
bad coloring on level 2  |1, 8, 8, 8|
bad coloring on level 2  |11, 12, 8, 8|
bad coloring on level 2  |1, 7, 8, 10|
bad coloring on level 2  |1, 8, 8, 10|
bad coloring on level 2  |1, 11, 8, 10|
bad coloring on level 2  |4, 6, 8, 10|
bad coloring on level 2  |4, 11, 8, 10|
bad coloring on level 2  |6, 8, 8, 10|
bad coloring on level 2  |6, 11, 8, 10|
bad coloring on level 2  |7, 11, 8, 10|
bad coloring on level 2  |8, 11, 8, 10|
bad coloring on level 2  |11, 11, 8, 10|
bad coloring on level 2  |11, 12, 8, 10|
bad coloring on level 2  |11, 15, 8, 10|
bad coloring on level 2  |1, 7, 8, 11|
bad coloring on level 2  |1, 8, 8, 11|
bad coloring on level 2  |1, 12, 8, 11|
bad coloring on level 2  |3, 10, 8, 11|
bad coloring on level 2  |3, 12, 8, 11|
bad coloring on level 2  |7, 12, 8, 11|
bad coloring on level 2  |8, 10, 8, 11|
bad coloring on level 2  |8, 12, 8, 11|
bad coloring on level 2  |10, 12, 8, 11|
bad coloring on level 2  |11, 12, 8, 11|
bad coloring on level 2  |12, 12, 8, 11|
bad coloring on level 2  |12, 15, 8, 11|
bad coloring on level 2  |1, 7, 8, 12|
bad coloring on level 2  |1, 8, 8, 12|
bad coloring on level 2  |1, 11, 8, 12|
bad coloring on level 2  |4, 6, 8, 12|
bad coloring on level 2  |4, 11, 8, 12|
bad coloring on level 2  |6, 8, 8, 12|
bad coloring on level 2  |6, 11, 8, 12|
bad coloring on level 2  |7, 11, 8, 12|
bad coloring on level 2  |8, 11, 8, 12|
bad coloring on level 2  |11, 11, 8, 12|
bad coloring on level 2  |11, 12, 8, 12|
bad coloring on level 2  |11, 15, 8, 12|
bad coloring on level 2  |1, 8, 8, 13|
bad coloring on level 2  |1, 11, 8, 13|
bad coloring on level 2  |1, 12, 8, 13|
bad coloring on level 2  |11, 12, 8, 13|
bad coloring on level 2  |1, 7, 8, 15|
bad coloring on level 2  |1, 8, 8, 15|
bad coloring on level 2  |11, 12, 8, 15|
bad coloring on level 2  |1, 8, 10, 10|
bad coloring on level 2  |7, 11, 10, 10|
bad coloring on level 2  |11, 12, 10, 10|
bad coloring on level 2  |1, 8, 10, 12|
bad coloring on level 2  |1, 11, 10, 12|
bad coloring on level 2  |4, 6, 10, 12|
bad coloring on level 2  |4, 11, 10, 12|
bad coloring on level 2  |6, 8, 10, 12|
bad coloring on level 2  |6, 11, 10, 12|
bad coloring on level 2  |7, 11, 10, 12|
bad coloring on level 2  |8, 11, 10, 12|
bad coloring on level 2  |11, 11, 10, 12|
bad coloring on level 2  |11, 12, 10, 12|
bad coloring on level 2  |11, 15, 10, 12|
bad coloring on level 2  |7, 11, 10, 13|
bad coloring on level 2  |11, 12, 10, 13|
bad coloring on level 2  |1, 7, 10, 15|
bad coloring on level 2  |1, 8, 10, 15|
bad coloring on level 2  |7, 11, 10, 15|
bad coloring on level 2  |11, 12, 10, 15|
bad coloring on level 2  |1, 8, 11, 11|
bad coloring on level 2  |1, 12, 11, 11|
bad coloring on level 2  |3, 10, 11, 11|
bad coloring on level 2  |3, 12, 11, 11|
bad coloring on level 2  |7, 12, 11, 11|
bad coloring on level 2  |8, 10, 11, 11|
bad coloring on level 2  |8, 12, 11, 11|
bad coloring on level 2  |10, 12, 11, 11|
bad coloring on level 2  |11, 12, 11, 11|
bad coloring on level 2  |12, 12, 11, 11|
bad coloring on level 2  |12, 15, 11, 11|
bad coloring on level 2  |1, 1, 11, 12|
bad coloring on level 2  |1, 6, 11, 12|
bad coloring on level 2  |1, 7, 11, 12|
bad coloring on level 2  |1, 8, 11, 12|
bad coloring on level 2  |1, 10, 11, 12|
bad coloring on level 2  |1, 11, 11, 12|
bad coloring on level 2  |1, 12, 11, 12|
bad coloring on level 2  |1, 13, 11, 12|
bad coloring on level 2  |3, 3, 11, 12|
bad coloring on level 2  |3, 4, 11, 12|
bad coloring on level 2  |3, 7, 11, 12|
bad coloring on level 2  |3, 8, 11, 12|
bad coloring on level 2  |3, 10, 11, 12|
bad coloring on level 2  |3, 12, 11, 12|
bad coloring on level 2  |3, 13, 11, 12|
bad coloring on level 2  |3, 15, 11, 12|
bad coloring on level 2  |4, 4, 11, 12|
bad coloring on level 2  |4, 6, 11, 12|
bad coloring on level 2  |4, 7, 11, 12|
bad coloring on level 2  |4, 8, 11, 12|
bad coloring on level 2  |4, 11, 11, 12|
bad coloring on level 2  |4, 13, 11, 12|
bad coloring on level 2  |4, 15, 11, 12|
bad coloring on level 2  |6, 6, 11, 12|
bad coloring on level 2  |6, 8, 11, 12|
bad coloring on level 2  |6, 10, 11, 12|
bad coloring on level 2  |6, 11, 11, 12|
bad coloring on level 2  |6, 13, 11, 12|
bad coloring on level 2  |6, 15, 11, 12|
bad coloring on level 2  |7, 7, 11, 12|
bad coloring on level 2  |7, 8, 11, 12|
bad coloring on level 2  |7, 11, 11, 12|
bad coloring on level 2  |7, 12, 11, 12|
bad coloring on level 2  |7, 13, 11, 12|
bad coloring on level 2  |8, 8, 11, 12|
bad coloring on level 2  |8, 10, 11, 12|
bad coloring on level 2  |8, 11, 11, 12|
bad coloring on level 2  |8, 12, 11, 12|
bad coloring on level 2  |8, 13, 11, 12|
bad coloring on level 2  |8, 15, 11, 12|
bad coloring on level 2  |10, 10, 11, 12|
bad coloring on level 2  |10, 12, 11, 12|
bad coloring on level 2  |10, 13, 11, 12|
bad coloring on level 2  |10, 15, 11, 12|
bad coloring on level 2  |11, 11, 11, 12|
bad coloring on level 2  |11, 12, 11, 12|
bad coloring on level 2  |11, 15, 11, 12|
bad coloring on level 2  |12, 12, 11, 12|
bad coloring on level 2  |12, 15, 11, 12|
bad coloring on level 2  |13, 13, 11, 12|
bad coloring on level 2  |15, 15, 11, 12|
bad coloring on level 2  |1, 7, 11, 15|
bad coloring on level 2  |1, 8, 11, 15|
bad coloring on level 2  |1, 12, 11, 15|
bad coloring on level 2  |3, 10, 11, 15|
bad coloring on level 2  |3, 12, 11, 15|
bad coloring on level 2  |7, 12, 11, 15|
bad coloring on level 2  |8, 10, 11, 15|
bad coloring on level 2  |8, 12, 11, 15|
bad coloring on level 2  |10, 12, 11, 15|
bad coloring on level 2  |11, 12, 11, 15|
bad coloring on level 2  |12, 12, 11, 15|
bad coloring on level 2  |12, 15, 11, 15|
bad coloring on level 2  |1, 8, 12, 12|
bad coloring on level 2  |1, 11, 12, 12|
bad coloring on level 2  |4, 6, 12, 12|
bad coloring on level 2  |4, 11, 12, 12|
bad coloring on level 2  |6, 8, 12, 12|
bad coloring on level 2  |6, 11, 12, 12|
bad coloring on level 2  |7, 11, 12, 12|
bad coloring on level 2  |8, 11, 12, 12|
bad coloring on level 2  |11, 11, 12, 12|
bad coloring on level 2  |11, 12, 12, 12|
bad coloring on level 2  |11, 15, 12, 12|
bad coloring on level 2  |1, 7, 12, 15|
bad coloring on level 2  |1, 8, 12, 15|
bad coloring on level 2  |1, 11, 12, 15|
bad coloring on level 2  |4, 6, 12, 15|
bad coloring on level 2  |4, 11, 12, 15|
bad coloring on level 2  |6, 8, 12, 15|
bad coloring on level 2  |6, 11, 12, 15|
bad coloring on level 2  |7, 11, 12, 15|
bad coloring on level 2  |8, 11, 12, 15|
bad coloring on level 2  |11, 11, 12, 15|
bad coloring on level 2  |11, 12, 12, 15|
bad coloring on level 2  |11, 15, 12, 15|
bad coloring on level 2  |1, 8, 13, 13|
bad coloring on level 2  |11, 12, 13, 13|
bad coloring on level 2  |1, 7, 15, 15|
bad coloring on level 2  |1, 8, 15, 15|
bad coloring on level 2  |11, 12, 15, 15|

424 bad colorings on level 2
