Trying substitutions to: 12
with goodVertices 2, 3, 4, 5, 7, 9, 11, 14, 15
bad color to improve: 2  4  with index 33
bad color to improve: 2  9  with index 38
bad color to improve: 4  9  with index 63
bad color to improve: 6  13  with index 88
4 bad colorings on level 1
bad coloring on level 2  |3, 15, 1, 1|
bad coloring on level 2  |8, 10, 1, 1|
bad coloring on level 2  |3, 8, 1, 5|
bad coloring on level 2  |3, 15, 1, 5|
bad coloring on level 2  |8, 10, 1, 5|
bad coloring on level 2  |3, 15, 1, 7|
bad coloring on level 2  |8, 10, 1, 7|
bad coloring on level 2  |10, 15, 1, 7|
bad coloring on level 2  |1, 10, 1, 8|
bad coloring on level 2  |3, 10, 1, 8|
bad coloring on level 2  |3, 15, 1, 8|
bad coloring on level 2  |5, 10, 1, 8|
bad coloring on level 2  |5, 14, 1, 8|
bad coloring on level 2  |8, 10, 1, 8|
bad coloring on level 2  |10, 10, 1, 8|
bad coloring on level 2  |10, 12, 1, 8|
bad coloring on level 2  |10, 14, 1, 8|
bad coloring on level 2  |10, 15, 1, 8|
bad coloring on level 2  |1, 8, 1, 10|
bad coloring on level 2  |3, 8, 1, 10|
bad coloring on level 2  |3, 15, 1, 10|
bad coloring on level 2  |7, 8, 1, 10|
bad coloring on level 2  |7, 11, 1, 10|
bad coloring on level 2  |8, 8, 1, 10|
bad coloring on level 2  |8, 10, 1, 10|
bad coloring on level 2  |8, 11, 1, 10|
bad coloring on level 2  |8, 12, 1, 10|
bad coloring on level 2  |8, 15, 1, 10|
bad coloring on level 2  |3, 10, 1, 11|
bad coloring on level 2  |3, 15, 1, 11|
bad coloring on level 2  |8, 10, 1, 11|
bad coloring on level 2  |3, 15, 1, 12|
bad coloring on level 2  |8, 10, 1, 12|
bad coloring on level 2  |3, 15, 1, 14|
bad coloring on level 2  |8, 10, 1, 14|
bad coloring on level 2  |8, 15, 1, 14|
bad coloring on level 2  |5, 11, 3, 7|
bad coloring on level 2  |5, 15, 3, 7|
bad coloring on level 2  |1, 5, 3, 8|
bad coloring on level 2  |1, 10, 3, 8|
bad coloring on level 2  |5, 14, 3, 8|
bad coloring on level 2  |1, 8, 3, 10|
bad coloring on level 2  |1, 11, 3, 10|
bad coloring on level 2  |7, 11, 3, 10|
bad coloring on level 2  |5, 11, 3, 14|
bad coloring on level 2  |11, 15, 3, 14|
bad coloring on level 2  |1, 1, 3, 15|
bad coloring on level 2  |1, 5, 3, 15|
bad coloring on level 2  |1, 7, 3, 15|
bad coloring on level 2  |1, 8, 3, 15|
bad coloring on level 2  |1, 10, 3, 15|
bad coloring on level 2  |1, 11, 3, 15|
bad coloring on level 2  |1, 12, 3, 15|
bad coloring on level 2  |1, 14, 3, 15|
bad coloring on level 2  |1, 8, 5, 10|
bad coloring on level 2  |7, 8, 5, 10|
bad coloring on level 2  |7, 11, 5, 10|
bad coloring on level 2  |3, 7, 5, 11|
bad coloring on level 2  |3, 14, 5, 11|
bad coloring on level 2  |1, 8, 5, 14|
bad coloring on level 2  |3, 8, 5, 14|
bad coloring on level 2  |7, 8, 5, 14|
bad coloring on level 2  |8, 8, 5, 14|
bad coloring on level 2  |8, 10, 5, 14|
bad coloring on level 2  |8, 11, 5, 14|
bad coloring on level 2  |8, 12, 5, 14|
bad coloring on level 2  |8, 15, 5, 14|
bad coloring on level 2  |3, 7, 5, 15|
bad coloring on level 2  |7, 14, 5, 15|
bad coloring on level 2  |1, 10, 7, 8|
bad coloring on level 2  |5, 10, 7, 8|
bad coloring on level 2  |5, 14, 7, 8|
bad coloring on level 2  |1, 10, 7, 11|
bad coloring on level 2  |3, 10, 7, 11|
bad coloring on level 2  |5, 10, 7, 11|
bad coloring on level 2  |8, 10, 7, 11|
bad coloring on level 2  |10, 10, 7, 11|
bad coloring on level 2  |10, 12, 7, 11|
bad coloring on level 2  |10, 14, 7, 11|
bad coloring on level 2  |10, 15, 7, 11|
bad coloring on level 2  |5, 15, 7, 14|
bad coloring on level 2  |11, 15, 7, 14|
bad coloring on level 2  |1, 10, 8, 8|
bad coloring on level 2  |5, 14, 8, 8|
bad coloring on level 2  |1, 1, 8, 10|
bad coloring on level 2  |1, 5, 8, 10|
bad coloring on level 2  |1, 7, 8, 10|
bad coloring on level 2  |1, 8, 8, 10|
bad coloring on level 2  |1, 10, 8, 10|
bad coloring on level 2  |1, 11, 8, 10|
bad coloring on level 2  |1, 12, 8, 10|
bad coloring on level 2  |1, 14, 8, 10|
bad coloring on level 2  |5, 14, 8, 10|
bad coloring on level 2  |7, 11, 8, 10|
bad coloring on level 2  |1, 10, 8, 11|
bad coloring on level 2  |5, 14, 8, 11|
bad coloring on level 2  |10, 14, 8, 11|
bad coloring on level 2  |1, 10, 8, 12|
bad coloring on level 2  |5, 14, 8, 12|
bad coloring on level 2  |1, 10, 8, 15|
bad coloring on level 2  |1, 14, 8, 15|
bad coloring on level 2  |5, 14, 8, 15|
bad coloring on level 2  |1, 8, 10, 10|
bad coloring on level 2  |7, 11, 10, 10|
bad coloring on level 2  |1, 8, 10, 12|
bad coloring on level 2  |7, 11, 10, 12|
bad coloring on level 2  |1, 8, 10, 14|
bad coloring on level 2  |7, 11, 10, 14|
bad coloring on level 2  |8, 11, 10, 14|
bad coloring on level 2  |1, 7, 10, 15|
bad coloring on level 2  |1, 8, 10, 15|
bad coloring on level 2  |7, 11, 10, 15|
bad coloring on level 2  |3, 14, 11, 15|
bad coloring on level 2  |7, 14, 11, 15|

114 bad colorings on level 2
