Trying substitutions to: 7
with goodVertices 2, 3, 4, 5, 9, 11, 12, 14, 15
bad color to improve: 5  9  with index 74
bad color to improve: 5  15  with index 80
bad color to improve: 6  10  with index 85
bad color to improve: 9  15  with index 114
4 bad colorings on level 1
bad coloring on level 2  |3, 4, 1, 1|
bad coloring on level 2  |8, 13, 1, 1|
bad coloring on level 2  |3, 4, 1, 2|
bad coloring on level 2  |3, 8, 1, 2|
bad coloring on level 2  |8, 13, 1, 2|
bad coloring on level 2  |3, 4, 1, 7|
bad coloring on level 2  |8, 13, 1, 7|
bad coloring on level 2  |1, 13, 1, 8|
bad coloring on level 2  |2, 13, 1, 8|
bad coloring on level 2  |2, 14, 1, 8|
bad coloring on level 2  |3, 4, 1, 8|
bad coloring on level 2  |3, 13, 1, 8|
bad coloring on level 2  |4, 13, 1, 8|
bad coloring on level 2  |7, 13, 1, 8|
bad coloring on level 2  |8, 13, 1, 8|
bad coloring on level 2  |13, 13, 1, 8|
bad coloring on level 2  |13, 14, 1, 8|
bad coloring on level 2  |3, 4, 1, 11|
bad coloring on level 2  |3, 13, 1, 11|
bad coloring on level 2  |8, 13, 1, 11|
bad coloring on level 2  |3, 4, 1, 12|
bad coloring on level 2  |4, 13, 1, 12|
bad coloring on level 2  |8, 13, 1, 12|
bad coloring on level 2  |1, 8, 1, 13|
bad coloring on level 2  |3, 4, 1, 13|
bad coloring on level 2  |3, 8, 1, 13|
bad coloring on level 2  |4, 8, 1, 13|
bad coloring on level 2  |7, 8, 1, 13|
bad coloring on level 2  |8, 8, 1, 13|
bad coloring on level 2  |8, 11, 1, 13|
bad coloring on level 2  |8, 12, 1, 13|
bad coloring on level 2  |8, 13, 1, 13|
bad coloring on level 2  |11, 12, 1, 13|
bad coloring on level 2  |3, 4, 1, 14|
bad coloring on level 2  |4, 8, 1, 14|
bad coloring on level 2  |8, 13, 1, 14|
bad coloring on level 2  |3, 12, 2, 4|
bad coloring on level 2  |12, 14, 2, 4|
bad coloring on level 2  |3, 12, 2, 11|
bad coloring on level 2  |3, 14, 2, 11|
bad coloring on level 2  |1, 8, 2, 13|
bad coloring on level 2  |8, 12, 2, 13|
bad coloring on level 2  |11, 12, 2, 13|
bad coloring on level 2  |1, 8, 2, 14|
bad coloring on level 2  |3, 8, 2, 14|
bad coloring on level 2  |4, 8, 2, 14|
bad coloring on level 2  |7, 8, 2, 14|
bad coloring on level 2  |8, 8, 2, 14|
bad coloring on level 2  |8, 11, 2, 14|
bad coloring on level 2  |8, 12, 2, 14|
bad coloring on level 2  |8, 13, 2, 14|
bad coloring on level 2  |1, 1, 3, 4|
bad coloring on level 2  |1, 2, 3, 4|
bad coloring on level 2  |1, 7, 3, 4|
bad coloring on level 2  |1, 8, 3, 4|
bad coloring on level 2  |1, 11, 3, 4|
bad coloring on level 2  |1, 12, 3, 4|
bad coloring on level 2  |1, 13, 3, 4|
bad coloring on level 2  |1, 14, 3, 4|
bad coloring on level 2  |1, 2, 3, 8|
bad coloring on level 2  |1, 13, 3, 8|
bad coloring on level 2  |2, 14, 3, 8|
bad coloring on level 2  |2, 4, 3, 12|
bad coloring on level 2  |2, 11, 3, 12|
bad coloring on level 2  |1, 8, 3, 13|
bad coloring on level 2  |1, 11, 3, 13|
bad coloring on level 2  |11, 12, 3, 13|
bad coloring on level 2  |2, 11, 3, 14|
bad coloring on level 2  |4, 11, 3, 14|
bad coloring on level 2  |1, 13, 4, 8|
bad coloring on level 2  |1, 14, 4, 8|
bad coloring on level 2  |2, 14, 4, 8|
bad coloring on level 2  |3, 14, 4, 11|
bad coloring on level 2  |12, 14, 4, 11|
bad coloring on level 2  |1, 8, 4, 13|
bad coloring on level 2  |1, 12, 4, 13|
bad coloring on level 2  |11, 12, 4, 13|
bad coloring on level 2  |1, 13, 7, 8|
bad coloring on level 2  |2, 14, 7, 8|
bad coloring on level 2  |1, 8, 7, 13|
bad coloring on level 2  |11, 12, 7, 13|
bad coloring on level 2  |1, 13, 8, 8|
bad coloring on level 2  |2, 14, 8, 8|
bad coloring on level 2  |1, 13, 8, 11|
bad coloring on level 2  |2, 14, 8, 11|
bad coloring on level 2  |13, 14, 8, 11|
bad coloring on level 2  |1, 13, 8, 12|
bad coloring on level 2  |2, 13, 8, 12|
bad coloring on level 2  |2, 14, 8, 12|
bad coloring on level 2  |1, 1, 8, 13|
bad coloring on level 2  |1, 2, 8, 13|
bad coloring on level 2  |1, 7, 8, 13|
bad coloring on level 2  |1, 8, 8, 13|
bad coloring on level 2  |1, 11, 8, 13|
bad coloring on level 2  |1, 12, 8, 13|
bad coloring on level 2  |1, 13, 8, 13|
bad coloring on level 2  |1, 14, 8, 13|
bad coloring on level 2  |2, 14, 8, 13|
bad coloring on level 2  |11, 12, 8, 13|
bad coloring on level 2  |1, 13, 11, 12|
bad coloring on level 2  |2, 13, 11, 12|
bad coloring on level 2  |3, 13, 11, 12|
bad coloring on level 2  |4, 13, 11, 12|
bad coloring on level 2  |7, 13, 11, 12|
bad coloring on level 2  |8, 13, 11, 12|
bad coloring on level 2  |13, 13, 11, 12|
bad coloring on level 2  |13, 14, 11, 12|
bad coloring on level 2  |2, 4, 12, 14|
bad coloring on level 2  |4, 11, 12, 14|
bad coloring on level 2  |1, 8, 13, 13|
bad coloring on level 2  |11, 12, 13, 13|
bad coloring on level 2  |1, 8, 13, 14|
bad coloring on level 2  |8, 11, 13, 14|
bad coloring on level 2  |11, 12, 13, 14|

114 bad colorings on level 2
