Trying substitutions to: 1
with goodVertices 2, 3, 5, 7, 9, 10, 12, 13, 14
bad color to improve: 0  3  with index 3
bad color to improve: 0  9  with index 9
bad color to improve: 3  9  with index 51
3 bad colorings on level 1
bad coloring on level 2  |1, 8, 1, 6|
bad coloring on level 2  |6, 8, 1, 6|
bad coloring on level 2  |7, 8, 1, 6|
bad coloring on level 2  |7, 12, 1, 6|
bad coloring on level 2  |8, 8, 1, 6|
bad coloring on level 2  |8, 11, 1, 6|
bad coloring on level 2  |8, 12, 1, 6|
bad coloring on level 2  |1, 6, 1, 8|
bad coloring on level 2  |2, 5, 1, 8|
bad coloring on level 2  |2, 6, 1, 8|
bad coloring on level 2  |5, 6, 1, 8|
bad coloring on level 2  |6, 6, 1, 8|
bad coloring on level 2  |6, 8, 1, 8|
bad coloring on level 2  |6, 11, 1, 8|
bad coloring on level 2  |6, 8, 1, 11|
bad coloring on level 2  |10, 13, 1, 11|
bad coloring on level 2  |1, 8, 2, 5|
bad coloring on level 2  |6, 8, 2, 5|
bad coloring on level 2  |7, 8, 2, 5|
bad coloring on level 2  |8, 8, 2, 5|
bad coloring on level 2  |8, 10, 2, 5|
bad coloring on level 2  |8, 11, 2, 5|
bad coloring on level 2  |8, 12, 2, 5|
bad coloring on level 2  |8, 13, 2, 5|
bad coloring on level 2  |1, 8, 2, 6|
bad coloring on level 2  |7, 12, 2, 6|
bad coloring on level 2  |8, 11, 2, 6|
bad coloring on level 2  |8, 12, 2, 6|
bad coloring on level 2  |6, 8, 2, 11|
bad coloring on level 2  |8, 10, 2, 11|
bad coloring on level 2  |10, 13, 2, 11|
bad coloring on level 2  |1, 8, 5, 6|
bad coloring on level 2  |7, 8, 5, 6|
bad coloring on level 2  |7, 12, 5, 6|
bad coloring on level 2  |8, 11, 5, 6|
bad coloring on level 2  |6, 8, 5, 11|
bad coloring on level 2  |8, 13, 5, 11|
bad coloring on level 2  |10, 13, 5, 11|
bad coloring on level 2  |1, 8, 6, 6|
bad coloring on level 2  |7, 12, 6, 6|
bad coloring on level 2  |8, 11, 6, 6|
bad coloring on level 2  |1, 6, 6, 8|
bad coloring on level 2  |1, 8, 6, 8|
bad coloring on level 2  |1, 11, 6, 8|
bad coloring on level 2  |2, 5, 6, 8|
bad coloring on level 2  |2, 11, 6, 8|
bad coloring on level 2  |5, 11, 6, 8|
bad coloring on level 2  |6, 11, 6, 8|
bad coloring on level 2  |7, 11, 6, 8|
bad coloring on level 2  |7, 12, 6, 8|
bad coloring on level 2  |8, 11, 6, 8|
bad coloring on level 2  |11, 11, 6, 8|
bad coloring on level 2  |11, 12, 6, 8|
bad coloring on level 2  |7, 11, 6, 10|
bad coloring on level 2  |7, 12, 6, 10|
bad coloring on level 2  |8, 11, 6, 10|
bad coloring on level 2  |1, 8, 6, 11|
bad coloring on level 2  |6, 8, 6, 11|
bad coloring on level 2  |7, 8, 6, 11|
bad coloring on level 2  |7, 12, 6, 11|
bad coloring on level 2  |8, 8, 6, 11|
bad coloring on level 2  |8, 10, 6, 11|
bad coloring on level 2  |8, 11, 6, 11|
bad coloring on level 2  |8, 12, 6, 11|
bad coloring on level 2  |8, 13, 6, 11|
bad coloring on level 2  |10, 13, 6, 11|
bad coloring on level 2  |7, 12, 6, 13|
bad coloring on level 2  |8, 11, 6, 13|
bad coloring on level 2  |11, 12, 6, 13|
bad coloring on level 2  |1, 6, 7, 8|
bad coloring on level 2  |2, 5, 7, 8|
bad coloring on level 2  |5, 6, 7, 8|
bad coloring on level 2  |6, 11, 7, 8|
bad coloring on level 2  |6, 8, 7, 11|
bad coloring on level 2  |6, 10, 7, 11|
bad coloring on level 2  |10, 13, 7, 11|
bad coloring on level 2  |1, 6, 7, 12|
bad coloring on level 2  |2, 6, 7, 12|
bad coloring on level 2  |5, 6, 7, 12|
bad coloring on level 2  |6, 6, 7, 12|
bad coloring on level 2  |6, 8, 7, 12|
bad coloring on level 2  |6, 10, 7, 12|
bad coloring on level 2  |6, 11, 7, 12|
bad coloring on level 2  |6, 13, 7, 12|
bad coloring on level 2  |1, 6, 8, 8|
bad coloring on level 2  |2, 5, 8, 8|
bad coloring on level 2  |6, 11, 8, 8|
bad coloring on level 2  |2, 5, 8, 10|
bad coloring on level 2  |2, 11, 8, 10|
bad coloring on level 2  |6, 11, 8, 10|
bad coloring on level 2  |1, 6, 8, 11|
bad coloring on level 2  |2, 5, 8, 11|
bad coloring on level 2  |2, 6, 8, 11|
bad coloring on level 2  |5, 6, 8, 11|
bad coloring on level 2  |6, 6, 8, 11|
bad coloring on level 2  |6, 8, 8, 11|
bad coloring on level 2  |6, 10, 8, 11|
bad coloring on level 2  |6, 11, 8, 11|
bad coloring on level 2  |6, 13, 8, 11|
bad coloring on level 2  |10, 13, 8, 11|
bad coloring on level 2  |1, 6, 8, 12|
bad coloring on level 2  |2, 5, 8, 12|
bad coloring on level 2  |2, 6, 8, 12|
bad coloring on level 2  |6, 11, 8, 12|
bad coloring on level 2  |2, 5, 8, 13|
bad coloring on level 2  |5, 11, 8, 13|
bad coloring on level 2  |6, 11, 8, 13|
bad coloring on level 2  |1, 11, 10, 13|
bad coloring on level 2  |2, 11, 10, 13|
bad coloring on level 2  |5, 11, 10, 13|
bad coloring on level 2  |6, 11, 10, 13|
bad coloring on level 2  |7, 11, 10, 13|
bad coloring on level 2  |8, 11, 10, 13|
bad coloring on level 2  |11, 11, 10, 13|
bad coloring on level 2  |11, 12, 10, 13|
bad coloring on level 2  |6, 8, 11, 11|
bad coloring on level 2  |10, 13, 11, 11|
bad coloring on level 2  |6, 8, 11, 12|
bad coloring on level 2  |6, 13, 11, 12|
bad coloring on level 2  |10, 13, 11, 12|

120 bad colorings on level 2
