Trying substitutions to: 15
with goodVertices 2, 3, 4, 6, 7, 8, 9, 11, 13
bad color to improve: 1  13  with index 28
bad color to improve: 2  7  with index 36
bad color to improve: 2  13  with index 42
bad color to improve: 7  13  with index 97
4 bad colorings on level 1
bad coloring on level 2  |5, 11, 0, 3|
bad coloring on level 2  |5, 12, 0, 3|
bad coloring on level 2  |3, 8, 0, 5|
bad coloring on level 2  |3, 12, 0, 5|
bad coloring on level 2  |8, 10, 0, 5|
bad coloring on level 2  |10, 12, 0, 5|
bad coloring on level 2  |5, 12, 0, 9|
bad coloring on level 2  |11, 12, 0, 9|
bad coloring on level 2  |3, 10, 0, 11|
bad coloring on level 2  |5, 10, 0, 11|
bad coloring on level 2  |6, 10, 0, 11|
bad coloring on level 2  |8, 10, 0, 11|
bad coloring on level 2  |9, 10, 0, 11|
bad coloring on level 2  |10, 10, 0, 11|
bad coloring on level 2  |10, 12, 0, 11|
bad coloring on level 2  |10, 15, 0, 11|
bad coloring on level 2  |5, 9, 0, 12|
bad coloring on level 2  |5, 10, 0, 12|
bad coloring on level 2  |6, 9, 0, 12|
bad coloring on level 2  |6, 10, 0, 12|
bad coloring on level 2  |5, 11, 3, 3|
bad coloring on level 2  |5, 12, 3, 3|
bad coloring on level 2  |5, 11, 3, 4|
bad coloring on level 2  |5, 12, 3, 4|
bad coloring on level 2  |0, 5, 3, 8|
bad coloring on level 2  |5, 5, 3, 8|
bad coloring on level 2  |5, 6, 3, 8|
bad coloring on level 2  |5, 9, 3, 8|
bad coloring on level 2  |5, 10, 3, 8|
bad coloring on level 2  |5, 11, 3, 8|
bad coloring on level 2  |5, 12, 3, 8|
bad coloring on level 2  |5, 15, 3, 8|
bad coloring on level 2  |6, 10, 3, 8|
bad coloring on level 2  |5, 11, 3, 9|
bad coloring on level 2  |5, 12, 3, 9|
bad coloring on level 2  |11, 12, 3, 9|
bad coloring on level 2  |0, 11, 3, 10|
bad coloring on level 2  |5, 11, 3, 10|
bad coloring on level 2  |5, 12, 3, 10|
bad coloring on level 2  |0, 5, 3, 12|
bad coloring on level 2  |5, 5, 3, 12|
bad coloring on level 2  |5, 6, 3, 12|
bad coloring on level 2  |5, 9, 3, 12|
bad coloring on level 2  |5, 10, 3, 12|
bad coloring on level 2  |5, 11, 3, 12|
bad coloring on level 2  |5, 12, 3, 12|
bad coloring on level 2  |5, 15, 3, 12|
bad coloring on level 2  |6, 9, 3, 12|
bad coloring on level 2  |6, 10, 3, 12|
bad coloring on level 2  |5, 11, 3, 15|
bad coloring on level 2  |5, 12, 3, 15|
bad coloring on level 2  |5, 12, 4, 9|
bad coloring on level 2  |11, 12, 4, 9|
bad coloring on level 2  |3, 8, 5, 5|
bad coloring on level 2  |3, 12, 5, 5|
bad coloring on level 2  |8, 10, 5, 5|
bad coloring on level 2  |10, 12, 5, 5|
bad coloring on level 2  |3, 8, 5, 6|
bad coloring on level 2  |3, 12, 5, 6|
bad coloring on level 2  |8, 10, 5, 6|
bad coloring on level 2  |10, 12, 5, 6|
bad coloring on level 2  |0, 12, 5, 9|
bad coloring on level 2  |3, 8, 5, 9|
bad coloring on level 2  |3, 12, 5, 9|
bad coloring on level 2  |5, 12, 5, 9|
bad coloring on level 2  |8, 10, 5, 9|
bad coloring on level 2  |8, 12, 5, 9|
bad coloring on level 2  |10, 12, 5, 9|
bad coloring on level 2  |11, 12, 5, 9|
bad coloring on level 2  |12, 12, 5, 9|
bad coloring on level 2  |12, 15, 5, 9|
bad coloring on level 2  |0, 11, 5, 10|
bad coloring on level 2  |0, 12, 5, 10|
bad coloring on level 2  |3, 8, 5, 10|
bad coloring on level 2  |3, 12, 5, 10|
bad coloring on level 2  |5, 12, 5, 10|
bad coloring on level 2  |8, 10, 5, 10|
bad coloring on level 2  |8, 12, 5, 10|
bad coloring on level 2  |10, 12, 5, 10|
bad coloring on level 2  |11, 12, 5, 10|
bad coloring on level 2  |12, 12, 5, 10|
bad coloring on level 2  |12, 15, 5, 10|
bad coloring on level 2  |0, 3, 5, 11|
bad coloring on level 2  |3, 3, 5, 11|
bad coloring on level 2  |3, 4, 5, 11|
bad coloring on level 2  |3, 8, 5, 11|
bad coloring on level 2  |3, 9, 5, 11|
bad coloring on level 2  |3, 10, 5, 11|
bad coloring on level 2  |3, 12, 5, 11|
bad coloring on level 2  |3, 15, 5, 11|
bad coloring on level 2  |8, 10, 5, 11|
bad coloring on level 2  |10, 12, 5, 11|
bad coloring on level 2  |0, 3, 5, 12|
bad coloring on level 2  |0, 9, 5, 12|
bad coloring on level 2  |3, 3, 5, 12|
bad coloring on level 2  |3, 4, 5, 12|
bad coloring on level 2  |3, 8, 5, 12|
bad coloring on level 2  |3, 9, 5, 12|
bad coloring on level 2  |3, 10, 5, 12|
bad coloring on level 2  |3, 12, 5, 12|
bad coloring on level 2  |3, 15, 5, 12|
bad coloring on level 2  |4, 9, 5, 12|
bad coloring on level 2  |5, 9, 5, 12|
bad coloring on level 2  |5, 10, 5, 12|
bad coloring on level 2  |6, 9, 5, 12|
bad coloring on level 2  |6, 10, 5, 12|
bad coloring on level 2  |8, 10, 5, 12|
bad coloring on level 2  |9, 9, 5, 12|
bad coloring on level 2  |9, 10, 5, 12|
bad coloring on level 2  |9, 15, 5, 12|
bad coloring on level 2  |10, 10, 5, 12|
bad coloring on level 2  |10, 12, 5, 12|
bad coloring on level 2  |10, 15, 5, 12|
bad coloring on level 2  |3, 8, 5, 15|
bad coloring on level 2  |3, 12, 5, 15|
bad coloring on level 2  |8, 10, 5, 15|
bad coloring on level 2  |10, 12, 5, 15|
bad coloring on level 2  |0, 12, 6, 9|
bad coloring on level 2  |3, 12, 6, 9|
bad coloring on level 2  |5, 12, 6, 9|
bad coloring on level 2  |8, 10, 6, 9|
bad coloring on level 2  |8, 12, 6, 9|
bad coloring on level 2  |10, 12, 6, 9|
bad coloring on level 2  |11, 12, 6, 9|
bad coloring on level 2  |12, 12, 6, 9|
bad coloring on level 2  |12, 15, 6, 9|
bad coloring on level 2  |0, 11, 6, 10|
bad coloring on level 2  |0, 12, 6, 10|
bad coloring on level 2  |3, 8, 6, 10|
bad coloring on level 2  |3, 12, 6, 10|
bad coloring on level 2  |5, 12, 6, 10|
bad coloring on level 2  |8, 10, 6, 10|
bad coloring on level 2  |8, 12, 6, 10|
bad coloring on level 2  |10, 12, 6, 10|
bad coloring on level 2  |11, 12, 6, 10|
bad coloring on level 2  |12, 12, 6, 10|
bad coloring on level 2  |12, 15, 6, 10|
bad coloring on level 2  |0, 5, 8, 10|
bad coloring on level 2  |0, 11, 8, 10|
bad coloring on level 2  |5, 5, 8, 10|
bad coloring on level 2  |5, 6, 8, 10|
bad coloring on level 2  |5, 9, 8, 10|
bad coloring on level 2  |5, 10, 8, 10|
bad coloring on level 2  |5, 11, 8, 10|
bad coloring on level 2  |5, 12, 8, 10|
bad coloring on level 2  |5, 15, 8, 10|
bad coloring on level 2  |6, 9, 8, 10|
bad coloring on level 2  |6, 10, 8, 10|
bad coloring on level 2  |5, 9, 8, 12|
bad coloring on level 2  |5, 10, 8, 12|
bad coloring on level 2  |6, 9, 8, 12|
bad coloring on level 2  |6, 10, 8, 12|
bad coloring on level 2  |5, 12, 9, 9|
bad coloring on level 2  |11, 12, 9, 9|
bad coloring on level 2  |0, 11, 9, 10|
bad coloring on level 2  |5, 12, 9, 10|
bad coloring on level 2  |11, 12, 9, 10|
bad coloring on level 2  |5, 12, 9, 15|
bad coloring on level 2  |11, 12, 9, 15|
bad coloring on level 2  |0, 11, 10, 10|
bad coloring on level 2  |5, 12, 10, 10|
bad coloring on level 2  |0, 5, 10, 12|
bad coloring on level 2  |0, 11, 10, 12|
bad coloring on level 2  |5, 5, 10, 12|
bad coloring on level 2  |5, 6, 10, 12|
bad coloring on level 2  |5, 9, 10, 12|
bad coloring on level 2  |5, 10, 10, 12|
bad coloring on level 2  |5, 11, 10, 12|
bad coloring on level 2  |5, 12, 10, 12|
bad coloring on level 2  |5, 15, 10, 12|
bad coloring on level 2  |6, 9, 10, 12|
bad coloring on level 2  |6, 10, 10, 12|
bad coloring on level 2  |0, 11, 10, 15|
bad coloring on level 2  |5, 12, 10, 15|
bad coloring on level 2  |0, 9, 11, 12|
bad coloring on level 2  |3, 9, 11, 12|
bad coloring on level 2  |4, 9, 11, 12|
bad coloring on level 2  |5, 9, 11, 12|
bad coloring on level 2  |5, 10, 11, 12|
bad coloring on level 2  |6, 9, 11, 12|
bad coloring on level 2  |6, 10, 11, 12|
bad coloring on level 2  |9, 9, 11, 12|
bad coloring on level 2  |9, 10, 11, 12|
bad coloring on level 2  |9, 15, 11, 12|
bad coloring on level 2  |5, 9, 12, 12|
bad coloring on level 2  |5, 10, 12, 12|
bad coloring on level 2  |6, 9, 12, 12|
bad coloring on level 2  |6, 10, 12, 12|
bad coloring on level 2  |5, 9, 12, 15|
bad coloring on level 2  |5, 10, 12, 15|
bad coloring on level 2  |6, 9, 12, 15|
bad coloring on level 2  |6, 10, 12, 15|

192 bad colorings on level 2
