Trying substitutions to: 13
with goodVertices 2, 3, 4, 6, 7, 8, 9, 11, 15
bad color to improve: 0  11  with index 11
bad color to improve: 0  15  with index 15
bad color to improve: 11  15  with index 125
3 bad colorings on level 1
bad coloring on level 2  |3, 9, 1, 1|
bad coloring on level 2  |10, 13, 1, 1|
bad coloring on level 2  |10, 14, 1, 1|
bad coloring on level 2  |3, 9, 1, 2|
bad coloring on level 2  |3, 10, 1, 2|
bad coloring on level 2  |10, 13, 1, 2|
bad coloring on level 2  |10, 14, 1, 2|
bad coloring on level 2  |3, 9, 1, 6|
bad coloring on level 2  |3, 14, 1, 6|
bad coloring on level 2  |10, 14, 1, 6|
bad coloring on level 2  |3, 9, 1, 7|
bad coloring on level 2  |9, 10, 1, 7|
bad coloring on level 2  |10, 13, 1, 7|
bad coloring on level 2  |10, 14, 1, 7|
bad coloring on level 2  |3, 9, 1, 8|
bad coloring on level 2  |9, 14, 1, 8|
bad coloring on level 2  |10, 14, 1, 8|
bad coloring on level 2  |1, 13, 1, 10|
bad coloring on level 2  |1, 14, 1, 10|
bad coloring on level 2  |2, 7, 1, 10|
bad coloring on level 2  |2, 14, 1, 10|
bad coloring on level 2  |3, 9, 1, 10|
bad coloring on level 2  |3, 14, 1, 10|
bad coloring on level 2  |7, 14, 1, 10|
bad coloring on level 2  |9, 14, 1, 10|
bad coloring on level 2  |10, 13, 1, 10|
bad coloring on level 2  |10, 14, 1, 10|
bad coloring on level 2  |13, 14, 1, 10|
bad coloring on level 2  |14, 14, 1, 10|
bad coloring on level 2  |1, 10, 1, 13|
bad coloring on level 2  |3, 9, 1, 13|
bad coloring on level 2  |3, 10, 1, 13|
bad coloring on level 2  |9, 10, 1, 13|
bad coloring on level 2  |10, 10, 1, 13|
bad coloring on level 2  |10, 13, 1, 13|
bad coloring on level 2  |10, 14, 1, 13|
bad coloring on level 2  |1, 10, 1, 14|
bad coloring on level 2  |3, 9, 1, 14|
bad coloring on level 2  |3, 10, 1, 14|
bad coloring on level 2  |6, 8, 1, 14|
bad coloring on level 2  |6, 10, 1, 14|
bad coloring on level 2  |8, 10, 1, 14|
bad coloring on level 2  |9, 10, 1, 14|
bad coloring on level 2  |10, 10, 1, 14|
bad coloring on level 2  |10, 13, 1, 14|
bad coloring on level 2  |10, 14, 1, 14|
bad coloring on level 2  |1, 10, 2, 7|
bad coloring on level 2  |3, 10, 2, 7|
bad coloring on level 2  |6, 10, 2, 7|
bad coloring on level 2  |8, 10, 2, 7|
bad coloring on level 2  |9, 10, 2, 7|
bad coloring on level 2  |10, 10, 2, 7|
bad coloring on level 2  |10, 13, 2, 7|
bad coloring on level 2  |10, 14, 2, 7|
bad coloring on level 2  |1, 10, 2, 14|
bad coloring on level 2  |6, 8, 2, 14|
bad coloring on level 2  |8, 10, 2, 14|
bad coloring on level 2  |1, 1, 3, 9|
bad coloring on level 2  |1, 2, 3, 9|
bad coloring on level 2  |1, 6, 3, 9|
bad coloring on level 2  |1, 7, 3, 9|
bad coloring on level 2  |1, 8, 3, 9|
bad coloring on level 2  |1, 10, 3, 9|
bad coloring on level 2  |1, 13, 3, 9|
bad coloring on level 2  |1, 14, 3, 9|
bad coloring on level 2  |1, 2, 3, 10|
bad coloring on level 2  |1, 13, 3, 10|
bad coloring on level 2  |1, 14, 3, 10|
bad coloring on level 2  |2, 7, 3, 10|
bad coloring on level 2  |1, 6, 3, 14|
bad coloring on level 2  |1, 10, 3, 14|
bad coloring on level 2  |6, 8, 3, 14|
bad coloring on level 2  |1, 14, 6, 8|
bad coloring on level 2  |2, 14, 6, 8|
bad coloring on level 2  |3, 14, 6, 8|
bad coloring on level 2  |7, 14, 6, 8|
bad coloring on level 2  |9, 14, 6, 8|
bad coloring on level 2  |10, 14, 6, 8|
bad coloring on level 2  |13, 14, 6, 8|
bad coloring on level 2  |14, 14, 6, 8|
bad coloring on level 2  |1, 14, 6, 10|
bad coloring on level 2  |2, 7, 6, 10|
bad coloring on level 2  |7, 14, 6, 10|
bad coloring on level 2  |1, 10, 7, 14|
bad coloring on level 2  |6, 8, 7, 14|
bad coloring on level 2  |6, 10, 7, 14|
bad coloring on level 2  |1, 14, 8, 10|
bad coloring on level 2  |2, 7, 8, 10|
bad coloring on level 2  |2, 14, 8, 10|
bad coloring on level 2  |1, 7, 9, 10|
bad coloring on level 2  |1, 13, 9, 10|
bad coloring on level 2  |1, 14, 9, 10|
bad coloring on level 2  |2, 7, 9, 10|
bad coloring on level 2  |1, 8, 9, 14|
bad coloring on level 2  |1, 10, 9, 14|
bad coloring on level 2  |6, 8, 9, 14|
bad coloring on level 2  |1, 13, 10, 10|
bad coloring on level 2  |1, 14, 10, 10|
bad coloring on level 2  |2, 7, 10, 10|
bad coloring on level 2  |1, 1, 10, 13|
bad coloring on level 2  |1, 2, 10, 13|
bad coloring on level 2  |1, 7, 10, 13|
bad coloring on level 2  |1, 10, 10, 13|
bad coloring on level 2  |1, 13, 10, 13|
bad coloring on level 2  |1, 14, 10, 13|
bad coloring on level 2  |2, 7, 10, 13|
bad coloring on level 2  |1, 1, 10, 14|
bad coloring on level 2  |1, 2, 10, 14|
bad coloring on level 2  |1, 6, 10, 14|
bad coloring on level 2  |1, 7, 10, 14|
bad coloring on level 2  |1, 8, 10, 14|
bad coloring on level 2  |1, 10, 10, 14|
bad coloring on level 2  |1, 13, 10, 14|
bad coloring on level 2  |1, 14, 10, 14|
bad coloring on level 2  |2, 7, 10, 14|
bad coloring on level 2  |6, 8, 10, 14|
bad coloring on level 2  |1, 10, 13, 14|
bad coloring on level 2  |6, 8, 13, 14|
bad coloring on level 2  |1, 10, 14, 14|
bad coloring on level 2  |6, 8, 14, 14|

120 bad colorings on level 2
