Trying substitutions to: 1
with goodVertices 2, 3, 4, 7, 8, 9, 13, 15
bad color to improve: 0  3  with index 3
bad color to improve: 0  4  with index 4
bad color to improve: 3  4  with index 46
bad color to improve: 4  9  with index 63
4 bad colorings on level 1
bad coloring on level 2  |5, 14, 1, 4|
bad coloring on level 2  |8, 13, 1, 5|
bad coloring on level 2  |5, 14, 1, 8|
bad coloring on level 2  |8, 13, 2, 5|
bad coloring on level 2  |5, 14, 4, 12|
bad coloring on level 2  |8, 13, 5, 5|
bad coloring on level 2  |8, 13, 5, 6|
bad coloring on level 2  |8, 13, 5, 9|
bad coloring on level 2  |8, 13, 5, 10|
bad coloring on level 2  |8, 13, 5, 11|
bad coloring on level 2  |9, 12, 5, 11|
bad coloring on level 2  |12, 14, 5, 11|
bad coloring on level 2  |8, 13, 5, 12|
bad coloring on level 2  |1, 4, 5, 14|
bad coloring on level 2  |1, 8, 5, 14|
bad coloring on level 2  |4, 12, 5, 14|
bad coloring on level 2  |6, 12, 5, 14|
bad coloring on level 2  |8, 10, 5, 14|
bad coloring on level 2  |8, 12, 5, 14|
bad coloring on level 2  |8, 13, 5, 14|
bad coloring on level 2  |11, 12, 5, 14|
bad coloring on level 2  |12, 15, 5, 14|
bad coloring on level 2  |8, 13, 5, 15|
bad coloring on level 2  |5, 14, 6, 12|
bad coloring on level 2  |5, 14, 8, 10|
bad coloring on level 2  |5, 14, 8, 12|
bad coloring on level 2  |1, 5, 8, 13|
bad coloring on level 2  |2, 5, 8, 13|
bad coloring on level 2  |5, 5, 8, 13|
bad coloring on level 2  |5, 6, 8, 13|
bad coloring on level 2  |5, 9, 8, 13|
bad coloring on level 2  |5, 10, 8, 13|
bad coloring on level 2  |5, 11, 8, 13|
bad coloring on level 2  |5, 12, 8, 13|
bad coloring on level 2  |5, 14, 8, 13|
bad coloring on level 2  |5, 15, 8, 13|
bad coloring on level 2  |5, 11, 9, 12|
bad coloring on level 2  |5, 14, 11, 12|
bad coloring on level 2  |5, 11, 12, 14|
bad coloring on level 2  |5, 14, 12, 15|

40 bad colorings on level 2
