Trying substitutions to: 7
with goodVertices 2, 3, 4, 5, 6, 8, 9, 10, 12, 15
bad color to improve: 6  10  with index 85
bad color to improve: 9  15  with index 114
2 bad colorings on level 1
bad coloring on level 2  |0, 13, 0, 8|
bad coloring on level 2  |9, 12, 0, 8|
bad coloring on level 2  |12, 13, 0, 8|
bad coloring on level 2  |12, 14, 0, 8|
bad coloring on level 2  |0, 8, 0, 13|
bad coloring on level 2  |2, 8, 0, 13|
bad coloring on level 2  |2, 11, 0, 13|
bad coloring on level 2  |2, 15, 0, 13|
bad coloring on level 2  |1, 4, 1, 3|
bad coloring on level 2  |1, 8, 1, 3|
bad coloring on level 2  |4, 12, 1, 3|
bad coloring on level 2  |6, 12, 1, 3|
bad coloring on level 2  |11, 12, 1, 3|
bad coloring on level 2  |1, 3, 1, 4|
bad coloring on level 2  |1, 13, 1, 4|
bad coloring on level 2  |2, 3, 1, 4|
bad coloring on level 2  |2, 10, 1, 4|
bad coloring on level 2  |2, 14, 1, 4|
bad coloring on level 2  |1, 3, 1, 8|
bad coloring on level 2  |1, 13, 1, 8|
bad coloring on level 2  |2, 3, 1, 8|
bad coloring on level 2  |2, 10, 1, 8|
bad coloring on level 2  |2, 14, 1, 8|
bad coloring on level 2  |1, 4, 1, 13|
bad coloring on level 2  |1, 8, 1, 13|
bad coloring on level 2  |4, 12, 1, 13|
bad coloring on level 2  |6, 12, 1, 13|
bad coloring on level 2  |11, 12, 1, 13|
bad coloring on level 2  |1, 4, 2, 3|
bad coloring on level 2  |1, 8, 2, 3|
bad coloring on level 2  |4, 12, 2, 3|
bad coloring on level 2  |6, 12, 2, 3|
bad coloring on level 2  |11, 12, 2, 3|
bad coloring on level 2  |0, 13, 2, 8|
bad coloring on level 2  |9, 12, 2, 8|
bad coloring on level 2  |12, 13, 2, 8|
bad coloring on level 2  |12, 14, 2, 8|
bad coloring on level 2  |1, 4, 2, 10|
bad coloring on level 2  |1, 8, 2, 10|
bad coloring on level 2  |4, 12, 2, 10|
bad coloring on level 2  |0, 13, 2, 11|
bad coloring on level 2  |12, 13, 2, 11|
bad coloring on level 2  |1, 4, 2, 14|
bad coloring on level 2  |1, 8, 2, 14|
bad coloring on level 2  |4, 12, 2, 14|
bad coloring on level 2  |0, 13, 2, 15|
bad coloring on level 2  |12, 13, 2, 15|
bad coloring on level 2  |1, 3, 4, 12|
bad coloring on level 2  |1, 13, 4, 12|
bad coloring on level 2  |2, 3, 4, 12|
bad coloring on level 2  |2, 10, 4, 12|
bad coloring on level 2  |2, 14, 4, 12|
bad coloring on level 2  |1, 3, 6, 12|
bad coloring on level 2  |1, 13, 6, 12|
bad coloring on level 2  |2, 3, 6, 12|
bad coloring on level 2  |0, 8, 9, 12|
bad coloring on level 2  |2, 8, 9, 12|
bad coloring on level 2  |1, 3, 11, 12|
bad coloring on level 2  |1, 13, 11, 12|
bad coloring on level 2  |2, 3, 11, 12|
bad coloring on level 2  |0, 8, 12, 13|
bad coloring on level 2  |2, 8, 12, 13|
bad coloring on level 2  |2, 11, 12, 13|
bad coloring on level 2  |2, 15, 12, 13|
bad coloring on level 2  |0, 8, 12, 14|
bad coloring on level 2  |2, 8, 12, 14|

66 bad colorings on level 2
