Trying substitutions to: 11
with goodVertices 2, 3, 4, 5, 9, 14, 15
bad color to improve: 3  9  with index 51
bad color to improve: 3  14  with index 56
bad color to improve: 9  9  with index 108
bad color to improve: 9  10  with index 109
bad color to improve: 9  13  with index 112
bad color to improve: 9  14  with index 113
bad color to improve: 10  13  with index 118
7 bad colorings on level 1
bad coloring on level 2  |1, 8, 0, 0|
bad coloring on level 2  |1, 8, 0, 2|
bad coloring on level 2  |8, 12, 0, 2|
bad coloring on level 2  |1, 8, 0, 4|
bad coloring on level 2  |1, 12, 0, 4|
bad coloring on level 2  |1, 8, 0, 5|
bad coloring on level 2  |7, 8, 0, 5|
bad coloring on level 2  |1, 8, 0, 7|
bad coloring on level 2  |5, 15, 0, 7|
bad coloring on level 2  |11, 12, 0, 7|
bad coloring on level 2  |1, 8, 0, 11|
bad coloring on level 2  |7, 12, 0, 11|
bad coloring on level 2  |1, 8, 0, 12|
bad coloring on level 2  |2, 4, 0, 12|
bad coloring on level 2  |7, 11, 0, 12|
bad coloring on level 2  |1, 7, 0, 15|
bad coloring on level 2  |1, 8, 0, 15|
bad coloring on level 2  |1, 8, 1, 1|
bad coloring on level 2  |4, 8, 1, 1|
bad coloring on level 2  |4, 15, 1, 1|
bad coloring on level 2  |6, 8, 1, 1|
bad coloring on level 2  |7, 8, 1, 1|
bad coloring on level 2  |8, 8, 1, 1|
bad coloring on level 2  |8, 11, 1, 1|
bad coloring on level 2  |8, 12, 1, 1|
bad coloring on level 2  |8, 15, 1, 1|
bad coloring on level 2  |1, 8, 1, 2|
bad coloring on level 2  |4, 8, 1, 2|
bad coloring on level 2  |4, 15, 1, 2|
bad coloring on level 2  |6, 8, 1, 2|
bad coloring on level 2  |7, 8, 1, 2|
bad coloring on level 2  |8, 8, 1, 2|
bad coloring on level 2  |8, 11, 1, 2|
bad coloring on level 2  |8, 12, 1, 2|
bad coloring on level 2  |8, 15, 1, 2|
bad coloring on level 2  |1, 8, 1, 5|
bad coloring on level 2  |4, 8, 1, 5|
bad coloring on level 2  |4, 15, 1, 5|
bad coloring on level 2  |6, 8, 1, 5|
bad coloring on level 2  |7, 8, 1, 5|
bad coloring on level 2  |8, 8, 1, 5|
bad coloring on level 2  |8, 11, 1, 5|
bad coloring on level 2  |8, 12, 1, 5|
bad coloring on level 2  |8, 15, 1, 5|
bad coloring on level 2  |1, 8, 1, 6|
bad coloring on level 2  |4, 8, 1, 6|
bad coloring on level 2  |4, 15, 1, 6|
bad coloring on level 2  |6, 8, 1, 6|
bad coloring on level 2  |7, 8, 1, 6|
bad coloring on level 2  |7, 12, 1, 6|
bad coloring on level 2  |8, 8, 1, 6|
bad coloring on level 2  |8, 11, 1, 6|
bad coloring on level 2  |8, 12, 1, 6|
bad coloring on level 2  |8, 15, 1, 6|
bad coloring on level 2  |0, 15, 1, 7|
bad coloring on level 2  |1, 8, 1, 7|
bad coloring on level 2  |4, 8, 1, 7|
bad coloring on level 2  |4, 15, 1, 7|
bad coloring on level 2  |5, 15, 1, 7|
bad coloring on level 2  |6, 8, 1, 7|
bad coloring on level 2  |6, 15, 1, 7|
bad coloring on level 2  |7, 8, 1, 7|
bad coloring on level 2  |8, 8, 1, 7|
bad coloring on level 2  |8, 11, 1, 7|
bad coloring on level 2  |8, 12, 1, 7|
bad coloring on level 2  |8, 15, 1, 7|
bad coloring on level 2  |11, 12, 1, 7|
bad coloring on level 2  |11, 15, 1, 7|
bad coloring on level 2  |12, 15, 1, 7|
bad coloring on level 2  |15, 15, 1, 7|
bad coloring on level 2  |0, 0, 1, 8|
bad coloring on level 2  |0, 2, 1, 8|
bad coloring on level 2  |0, 4, 1, 8|
bad coloring on level 2  |0, 5, 1, 8|
bad coloring on level 2  |0, 7, 1, 8|
bad coloring on level 2  |0, 11, 1, 8|
bad coloring on level 2  |0, 12, 1, 8|
bad coloring on level 2  |0, 15, 1, 8|
bad coloring on level 2  |1, 1, 1, 8|
bad coloring on level 2  |1, 2, 1, 8|
bad coloring on level 2  |1, 5, 1, 8|
bad coloring on level 2  |1, 6, 1, 8|
bad coloring on level 2  |1, 7, 1, 8|
bad coloring on level 2  |1, 8, 1, 8|
bad coloring on level 2  |1, 11, 1, 8|
bad coloring on level 2  |1, 12, 1, 8|
bad coloring on level 2  |2, 2, 1, 8|
bad coloring on level 2  |2, 4, 1, 8|
bad coloring on level 2  |2, 5, 1, 8|
bad coloring on level 2  |2, 6, 1, 8|
bad coloring on level 2  |2, 7, 1, 8|
bad coloring on level 2  |2, 11, 1, 8|
bad coloring on level 2  |4, 4, 1, 8|
bad coloring on level 2  |4, 6, 1, 8|
bad coloring on level 2  |4, 7, 1, 8|
bad coloring on level 2  |4, 8, 1, 8|
bad coloring on level 2  |4, 11, 1, 8|
bad coloring on level 2  |4, 15, 1, 8|
bad coloring on level 2  |5, 5, 1, 8|
bad coloring on level 2  |5, 6, 1, 8|
bad coloring on level 2  |5, 11, 1, 8|
bad coloring on level 2  |5, 12, 1, 8|
bad coloring on level 2  |5, 15, 1, 8|
bad coloring on level 2  |6, 6, 1, 8|
bad coloring on level 2  |6, 8, 1, 8|
bad coloring on level 2  |6, 11, 1, 8|
bad coloring on level 2  |6, 15, 1, 8|
bad coloring on level 2  |7, 7, 1, 8|
bad coloring on level 2  |7, 8, 1, 8|
bad coloring on level 2  |7, 11, 1, 8|
bad coloring on level 2  |7, 12, 1, 8|
bad coloring on level 2  |8, 8, 1, 8|
bad coloring on level 2  |8, 11, 1, 8|
bad coloring on level 2  |8, 12, 1, 8|
bad coloring on level 2  |8, 15, 1, 8|
bad coloring on level 2  |11, 11, 1, 8|
bad coloring on level 2  |11, 12, 1, 8|
bad coloring on level 2  |11, 15, 1, 8|
bad coloring on level 2  |12, 12, 1, 8|
bad coloring on level 2  |12, 15, 1, 8|
bad coloring on level 2  |15, 15, 1, 8|
bad coloring on level 2  |1, 8, 1, 11|
bad coloring on level 2  |4, 8, 1, 11|
bad coloring on level 2  |4, 15, 1, 11|
bad coloring on level 2  |6, 8, 1, 11|
bad coloring on level 2  |7, 8, 1, 11|
bad coloring on level 2  |7, 12, 1, 11|
bad coloring on level 2  |8, 8, 1, 11|
bad coloring on level 2  |8, 11, 1, 11|
bad coloring on level 2  |8, 12, 1, 11|
bad coloring on level 2  |8, 15, 1, 11|
bad coloring on level 2  |0, 4, 1, 12|
bad coloring on level 2  |1, 8, 1, 12|
bad coloring on level 2  |2, 4, 1, 12|
bad coloring on level 2  |4, 4, 1, 12|
bad coloring on level 2  |4, 6, 1, 12|
bad coloring on level 2  |4, 7, 1, 12|
bad coloring on level 2  |4, 8, 1, 12|
bad coloring on level 2  |4, 11, 1, 12|
bad coloring on level 2  |4, 15, 1, 12|
bad coloring on level 2  |6, 8, 1, 12|
bad coloring on level 2  |7, 8, 1, 12|
bad coloring on level 2  |7, 11, 1, 12|
bad coloring on level 2  |8, 8, 1, 12|
bad coloring on level 2  |8, 11, 1, 12|
bad coloring on level 2  |8, 12, 1, 12|
bad coloring on level 2  |8, 15, 1, 12|
bad coloring on level 2  |1, 8, 2, 2|
bad coloring on level 2  |8, 12, 2, 2|
bad coloring on level 2  |0, 12, 2, 4|
bad coloring on level 2  |1, 8, 2, 4|
bad coloring on level 2  |1, 12, 2, 4|
bad coloring on level 2  |5, 12, 2, 4|
bad coloring on level 2  |7, 12, 2, 4|
bad coloring on level 2  |8, 12, 2, 4|
bad coloring on level 2  |11, 12, 2, 4|
bad coloring on level 2  |12, 12, 2, 4|
bad coloring on level 2  |12, 15, 2, 4|
bad coloring on level 2  |1, 8, 2, 5|
bad coloring on level 2  |4, 8, 2, 5|
bad coloring on level 2  |6, 8, 2, 5|
bad coloring on level 2  |7, 8, 2, 5|
bad coloring on level 2  |8, 8, 2, 5|
bad coloring on level 2  |8, 11, 2, 5|
bad coloring on level 2  |8, 12, 2, 5|
bad coloring on level 2  |8, 15, 2, 5|
bad coloring on level 2  |1, 8, 2, 6|
bad coloring on level 2  |7, 12, 2, 6|
bad coloring on level 2  |8, 12, 2, 6|
bad coloring on level 2  |1, 8, 2, 7|
bad coloring on level 2  |5, 15, 2, 7|
bad coloring on level 2  |8, 12, 2, 7|
bad coloring on level 2  |11, 12, 2, 7|
bad coloring on level 2  |12, 15, 2, 7|
bad coloring on level 2  |1, 8, 2, 11|
bad coloring on level 2  |7, 12, 2, 11|
bad coloring on level 2  |8, 12, 2, 11|
bad coloring on level 2  |1, 8, 4, 4|
bad coloring on level 2  |1, 12, 4, 4|
bad coloring on level 2  |1, 8, 4, 6|
bad coloring on level 2  |1, 12, 4, 6|
bad coloring on level 2  |7, 12, 4, 6|
bad coloring on level 2  |1, 8, 4, 7|
bad coloring on level 2  |1, 12, 4, 7|
bad coloring on level 2  |5, 12, 4, 7|
bad coloring on level 2  |5, 15, 4, 7|
bad coloring on level 2  |11, 12, 4, 7|
bad coloring on level 2  |1, 1, 4, 8|
bad coloring on level 2  |1, 2, 4, 8|
bad coloring on level 2  |1, 5, 4, 8|
bad coloring on level 2  |1, 6, 4, 8|
bad coloring on level 2  |1, 7, 4, 8|
bad coloring on level 2  |1, 8, 4, 8|
bad coloring on level 2  |1, 11, 4, 8|
bad coloring on level 2  |1, 12, 4, 8|
bad coloring on level 2  |2, 5, 4, 8|
bad coloring on level 2  |1, 8, 4, 11|
bad coloring on level 2  |1, 12, 4, 11|
bad coloring on level 2  |7, 12, 4, 11|
bad coloring on level 2  |1, 1, 4, 15|
bad coloring on level 2  |1, 2, 4, 15|
bad coloring on level 2  |1, 5, 4, 15|
bad coloring on level 2  |1, 6, 4, 15|
bad coloring on level 2  |1, 7, 4, 15|
bad coloring on level 2  |1, 8, 4, 15|
bad coloring on level 2  |1, 11, 4, 15|
bad coloring on level 2  |1, 12, 4, 15|
bad coloring on level 2  |1, 8, 5, 5|
bad coloring on level 2  |7, 8, 5, 5|
bad coloring on level 2  |1, 8, 5, 6|
bad coloring on level 2  |7, 8, 5, 6|
bad coloring on level 2  |7, 12, 5, 6|
bad coloring on level 2  |1, 8, 5, 11|
bad coloring on level 2  |7, 8, 5, 11|
bad coloring on level 2  |7, 12, 5, 11|
bad coloring on level 2  |1, 8, 5, 12|
bad coloring on level 2  |2, 4, 5, 12|
bad coloring on level 2  |4, 7, 5, 12|
bad coloring on level 2  |7, 8, 5, 12|
bad coloring on level 2  |7, 11, 5, 12|
bad coloring on level 2  |0, 7, 5, 15|
bad coloring on level 2  |1, 7, 5, 15|
bad coloring on level 2  |1, 8, 5, 15|
bad coloring on level 2  |2, 7, 5, 15|
bad coloring on level 2  |4, 7, 5, 15|
bad coloring on level 2  |7, 7, 5, 15|
bad coloring on level 2  |7, 8, 5, 15|
bad coloring on level 2  |7, 11, 5, 15|
bad coloring on level 2  |7, 12, 5, 15|
bad coloring on level 2  |1, 8, 6, 6|
bad coloring on level 2  |7, 12, 6, 6|
bad coloring on level 2  |1, 1, 6, 8|
bad coloring on level 2  |1, 2, 6, 8|
bad coloring on level 2  |1, 5, 6, 8|
bad coloring on level 2  |1, 6, 6, 8|
bad coloring on level 2  |1, 7, 6, 8|
bad coloring on level 2  |1, 8, 6, 8|
bad coloring on level 2  |1, 11, 6, 8|
bad coloring on level 2  |1, 12, 6, 8|
bad coloring on level 2  |2, 5, 6, 8|
bad coloring on level 2  |7, 12, 6, 8|
bad coloring on level 2  |1, 8, 6, 11|
bad coloring on level 2  |7, 12, 6, 11|
bad coloring on level 2  |1, 7, 6, 15|
bad coloring on level 2  |1, 8, 6, 15|
bad coloring on level 2  |7, 12, 6, 15|
bad coloring on level 2  |1, 8, 7, 7|
bad coloring on level 2  |5, 15, 7, 7|
bad coloring on level 2  |11, 12, 7, 7|
bad coloring on level 2  |0, 5, 7, 8|
bad coloring on level 2  |1, 1, 7, 8|
bad coloring on level 2  |1, 2, 7, 8|
bad coloring on level 2  |1, 5, 7, 8|
bad coloring on level 2  |1, 6, 7, 8|
bad coloring on level 2  |1, 7, 7, 8|
bad coloring on level 2  |1, 8, 7, 8|
bad coloring on level 2  |1, 11, 7, 8|
bad coloring on level 2  |1, 12, 7, 8|
bad coloring on level 2  |2, 5, 7, 8|
bad coloring on level 2  |5, 5, 7, 8|
bad coloring on level 2  |5, 6, 7, 8|
bad coloring on level 2  |5, 11, 7, 8|
bad coloring on level 2  |5, 12, 7, 8|
bad coloring on level 2  |5, 15, 7, 8|
bad coloring on level 2  |11, 12, 7, 8|
bad coloring on level 2  |0, 12, 7, 11|
bad coloring on level 2  |1, 8, 7, 11|
bad coloring on level 2  |1, 12, 7, 11|
bad coloring on level 2  |5, 12, 7, 11|
bad coloring on level 2  |5, 15, 7, 11|
bad coloring on level 2  |7, 12, 7, 11|
bad coloring on level 2  |8, 12, 7, 11|
bad coloring on level 2  |11, 12, 7, 11|
bad coloring on level 2  |12, 12, 7, 11|
bad coloring on level 2  |12, 15, 7, 11|
bad coloring on level 2  |0, 11, 7, 12|
bad coloring on level 2  |1, 6, 7, 12|
bad coloring on level 2  |1, 8, 7, 12|
bad coloring on level 2  |1, 11, 7, 12|
bad coloring on level 2  |2, 4, 7, 12|
bad coloring on level 2  |2, 6, 7, 12|
bad coloring on level 2  |2, 11, 7, 12|
bad coloring on level 2  |4, 6, 7, 12|
bad coloring on level 2  |4, 11, 7, 12|
bad coloring on level 2  |5, 6, 7, 12|
bad coloring on level 2  |5, 11, 7, 12|
bad coloring on level 2  |5, 15, 7, 12|
bad coloring on level 2  |6, 6, 7, 12|
bad coloring on level 2  |6, 8, 7, 12|
bad coloring on level 2  |6, 11, 7, 12|
bad coloring on level 2  |6, 15, 7, 12|
bad coloring on level 2  |7, 11, 7, 12|
bad coloring on level 2  |8, 11, 7, 12|
bad coloring on level 2  |11, 11, 7, 12|
bad coloring on level 2  |11, 12, 7, 12|
bad coloring on level 2  |11, 15, 7, 12|
bad coloring on level 2  |1, 1, 8, 8|
bad coloring on level 2  |1, 2, 8, 8|
bad coloring on level 2  |1, 5, 8, 8|
bad coloring on level 2  |1, 6, 8, 8|
bad coloring on level 2  |1, 7, 8, 8|
bad coloring on level 2  |1, 8, 8, 8|
bad coloring on level 2  |1, 11, 8, 8|
bad coloring on level 2  |1, 12, 8, 8|
bad coloring on level 2  |2, 5, 8, 8|
bad coloring on level 2  |1, 1, 8, 11|
bad coloring on level 2  |1, 2, 8, 11|
bad coloring on level 2  |1, 5, 8, 11|
bad coloring on level 2  |1, 6, 8, 11|
bad coloring on level 2  |1, 7, 8, 11|
bad coloring on level 2  |1, 8, 8, 11|
bad coloring on level 2  |1, 11, 8, 11|
bad coloring on level 2  |1, 12, 8, 11|
bad coloring on level 2  |2, 5, 8, 11|
bad coloring on level 2  |7, 12, 8, 11|
bad coloring on level 2  |0, 2, 8, 12|
bad coloring on level 2  |1, 1, 8, 12|
bad coloring on level 2  |1, 2, 8, 12|
bad coloring on level 2  |1, 5, 8, 12|
bad coloring on level 2  |1, 6, 8, 12|
bad coloring on level 2  |1, 7, 8, 12|
bad coloring on level 2  |1, 8, 8, 12|
bad coloring on level 2  |1, 11, 8, 12|
bad coloring on level 2  |1, 12, 8, 12|
bad coloring on level 2  |2, 2, 8, 12|
bad coloring on level 2  |2, 4, 8, 12|
bad coloring on level 2  |2, 5, 8, 12|
bad coloring on level 2  |2, 6, 8, 12|
bad coloring on level 2  |2, 7, 8, 12|
bad coloring on level 2  |2, 11, 8, 12|
bad coloring on level 2  |7, 11, 8, 12|
bad coloring on level 2  |1, 1, 8, 15|
bad coloring on level 2  |1, 2, 8, 15|
bad coloring on level 2  |1, 5, 8, 15|
bad coloring on level 2  |1, 6, 8, 15|
bad coloring on level 2  |1, 7, 8, 15|
bad coloring on level 2  |1, 8, 8, 15|
bad coloring on level 2  |1, 11, 8, 15|
bad coloring on level 2  |1, 12, 8, 15|
bad coloring on level 2  |2, 5, 8, 15|
bad coloring on level 2  |1, 8, 11, 11|
bad coloring on level 2  |7, 12, 11, 11|
bad coloring on level 2  |0, 7, 11, 12|
bad coloring on level 2  |1, 7, 11, 12|
bad coloring on level 2  |1, 8, 11, 12|
bad coloring on level 2  |2, 4, 11, 12|
bad coloring on level 2  |2, 7, 11, 12|
bad coloring on level 2  |4, 7, 11, 12|
bad coloring on level 2  |7, 7, 11, 12|
bad coloring on level 2  |7, 8, 11, 12|
bad coloring on level 2  |7, 11, 11, 12|
bad coloring on level 2  |7, 12, 11, 12|
bad coloring on level 2  |1, 7, 11, 15|
bad coloring on level 2  |1, 8, 11, 15|
bad coloring on level 2  |7, 12, 11, 15|
bad coloring on level 2  |1, 8, 12, 12|
bad coloring on level 2  |2, 4, 12, 12|
bad coloring on level 2  |7, 11, 12, 12|
bad coloring on level 2  |1, 7, 12, 15|
bad coloring on level 2  |1, 8, 12, 15|
bad coloring on level 2  |2, 4, 12, 15|
bad coloring on level 2  |2, 7, 12, 15|
bad coloring on level 2  |7, 11, 12, 15|
bad coloring on level 2  |1, 7, 15, 15|
bad coloring on level 2  |1, 8, 15, 15|

365 bad colorings on level 2
