Trying substitutions to: 8
with goodVertices 2, 3, 4, 6, 7, 9, 11, 13, 15
bad color to improve: 0  2  with index 2
bad color to improve: 0  9  with index 9
bad color to improve: 2  9  with index 38
3 bad colorings on level 1
bad coloring on level 2  |3, 15, 1, 1|
bad coloring on level 2  |8, 10, 1, 1|
bad coloring on level 2  |10, 12, 1, 1|
bad coloring on level 2  |3, 12, 1, 6|
bad coloring on level 2  |3, 15, 1, 6|
bad coloring on level 2  |10, 12, 1, 6|
bad coloring on level 2  |3, 15, 1, 7|
bad coloring on level 2  |8, 10, 1, 7|
bad coloring on level 2  |10, 12, 1, 7|
bad coloring on level 2  |10, 15, 1, 7|
bad coloring on level 2  |1, 10, 1, 8|
bad coloring on level 2  |3, 10, 1, 8|
bad coloring on level 2  |3, 15, 1, 8|
bad coloring on level 2  |8, 10, 1, 8|
bad coloring on level 2  |10, 10, 1, 8|
bad coloring on level 2  |10, 12, 1, 8|
bad coloring on level 2  |10, 15, 1, 8|
bad coloring on level 2  |1, 8, 1, 10|
bad coloring on level 2  |1, 12, 1, 10|
bad coloring on level 2  |3, 12, 1, 10|
bad coloring on level 2  |3, 15, 1, 10|
bad coloring on level 2  |7, 11, 1, 10|
bad coloring on level 2  |7, 12, 1, 10|
bad coloring on level 2  |8, 10, 1, 10|
bad coloring on level 2  |8, 12, 1, 10|
bad coloring on level 2  |10, 12, 1, 10|
bad coloring on level 2  |11, 12, 1, 10|
bad coloring on level 2  |12, 12, 1, 10|
bad coloring on level 2  |12, 15, 1, 10|
bad coloring on level 2  |3, 10, 1, 11|
bad coloring on level 2  |3, 15, 1, 11|
bad coloring on level 2  |8, 10, 1, 11|
bad coloring on level 2  |10, 12, 1, 11|
bad coloring on level 2  |1, 10, 1, 12|
bad coloring on level 2  |3, 10, 1, 12|
bad coloring on level 2  |3, 15, 1, 12|
bad coloring on level 2  |6, 10, 1, 12|
bad coloring on level 2  |6, 13, 1, 12|
bad coloring on level 2  |8, 10, 1, 12|
bad coloring on level 2  |10, 10, 1, 12|
bad coloring on level 2  |10, 12, 1, 12|
bad coloring on level 2  |10, 13, 1, 12|
bad coloring on level 2  |10, 15, 1, 12|
bad coloring on level 2  |3, 15, 1, 13|
bad coloring on level 2  |10, 12, 1, 13|
bad coloring on level 2  |12, 15, 1, 13|
bad coloring on level 2  |1, 8, 3, 10|
bad coloring on level 2  |1, 11, 3, 10|
bad coloring on level 2  |1, 12, 3, 10|
bad coloring on level 2  |7, 11, 3, 10|
bad coloring on level 2  |1, 6, 3, 12|
bad coloring on level 2  |1, 10, 3, 12|
bad coloring on level 2  |6, 13, 3, 12|
bad coloring on level 2  |1, 1, 3, 15|
bad coloring on level 2  |1, 6, 3, 15|
bad coloring on level 2  |1, 7, 3, 15|
bad coloring on level 2  |1, 8, 3, 15|
bad coloring on level 2  |1, 10, 3, 15|
bad coloring on level 2  |1, 11, 3, 15|
bad coloring on level 2  |1, 12, 3, 15|
bad coloring on level 2  |1, 13, 3, 15|
bad coloring on level 2  |1, 12, 6, 10|
bad coloring on level 2  |7, 11, 6, 10|
bad coloring on level 2  |7, 12, 6, 10|
bad coloring on level 2  |1, 12, 6, 13|
bad coloring on level 2  |3, 12, 6, 13|
bad coloring on level 2  |7, 12, 6, 13|
bad coloring on level 2  |8, 12, 6, 13|
bad coloring on level 2  |10, 12, 6, 13|
bad coloring on level 2  |11, 12, 6, 13|
bad coloring on level 2  |12, 12, 6, 13|
bad coloring on level 2  |12, 15, 6, 13|
bad coloring on level 2  |1, 10, 7, 11|
bad coloring on level 2  |3, 10, 7, 11|
bad coloring on level 2  |6, 10, 7, 11|
bad coloring on level 2  |8, 10, 7, 11|
bad coloring on level 2  |10, 10, 7, 11|
bad coloring on level 2  |10, 12, 7, 11|
bad coloring on level 2  |10, 13, 7, 11|
bad coloring on level 2  |10, 15, 7, 11|
bad coloring on level 2  |1, 10, 7, 12|
bad coloring on level 2  |6, 10, 7, 12|
bad coloring on level 2  |6, 13, 7, 12|
bad coloring on level 2  |1, 1, 8, 10|
bad coloring on level 2  |1, 7, 8, 10|
bad coloring on level 2  |1, 8, 8, 10|
bad coloring on level 2  |1, 10, 8, 10|
bad coloring on level 2  |1, 11, 8, 10|
bad coloring on level 2  |1, 12, 8, 10|
bad coloring on level 2  |7, 11, 8, 10|
bad coloring on level 2  |1, 10, 8, 12|
bad coloring on level 2  |6, 13, 8, 12|
bad coloring on level 2  |1, 8, 10, 10|
bad coloring on level 2  |1, 12, 10, 10|
bad coloring on level 2  |7, 11, 10, 10|
bad coloring on level 2  |1, 1, 10, 12|
bad coloring on level 2  |1, 6, 10, 12|
bad coloring on level 2  |1, 7, 10, 12|
bad coloring on level 2  |1, 8, 10, 12|
bad coloring on level 2  |1, 10, 10, 12|
bad coloring on level 2  |1, 11, 10, 12|
bad coloring on level 2  |1, 12, 10, 12|
bad coloring on level 2  |1, 13, 10, 12|
bad coloring on level 2  |6, 13, 10, 12|
bad coloring on level 2  |7, 11, 10, 12|
bad coloring on level 2  |1, 12, 10, 13|
bad coloring on level 2  |7, 11, 10, 13|
bad coloring on level 2  |11, 12, 10, 13|
bad coloring on level 2  |1, 7, 10, 15|
bad coloring on level 2  |1, 8, 10, 15|
bad coloring on level 2  |1, 12, 10, 15|
bad coloring on level 2  |7, 11, 10, 15|
bad coloring on level 2  |1, 10, 11, 12|
bad coloring on level 2  |6, 13, 11, 12|
bad coloring on level 2  |10, 13, 11, 12|
bad coloring on level 2  |1, 10, 12, 12|
bad coloring on level 2  |6, 13, 12, 12|
bad coloring on level 2  |1, 10, 12, 15|
bad coloring on level 2  |1, 13, 12, 15|
bad coloring on level 2  |6, 13, 12, 15|

120 bad colorings on level 2
