Trying substitutions to: 8
with goodVertices 2, 3, 4, 6, 9, 13, 15
bad color to improve: 0  2  with index 2
1 bad colorings on level 1
Solved config  |0, 2| descendents: 
|1, 6, 8, 10, 13 |---| 3, 8, 10, 12, 15|
|3, 3, 1, 1|---> |1, 3| possibles  |15|
|3, 8, 1, 1|---> |2, 3| possibles  |15|
|3, 10, 1, 1|---> |2, 3| possibles  |15|
|3, 12, 1, 1|---> |2, 3| possibles  |15|
|3, 15, 1, 1|---> |1, 3| possibles  |15|
|8, 8, 1, 1|---> |2, 3| possibles  |15|
|8, 10, 1, 1|---> |2, 3| possibles  |15|
|8, 12, 1, 1|---> |2, 3| possibles  |15|
|8, 15, 1, 1|---> |2, 3| possibles  |15|
|10, 10, 1, 1|---> |2, 3| possibles  |15|
|10, 12, 1, 1|---> |2, 3| possibles  |15|
|10, 15, 1, 1|---> |2, 3| possibles  |15|
|12, 12, 1, 1|---> |2, 3| possibles  |15|
|12, 15, 1, 1|---> |2, 3| possibles  |15|
|15, 15, 1, 1|---> |1, 3| possibles  |15|
|3, 3, 1, 6|---> |1, 3| possibles  |15|
|3, 8, 1, 6|---> |2, 3| possibles  |15|
|3, 10, 1, 6|---> |2, 3| possibles  |15|
|3, 12, 1, 6|---> |2, 3| possibles  |15|
|3, 15, 1, 6|---> |1, 3| possibles  |15|
|8, 8, 1, 6|---> |2, 3| possibles  |15|
|8, 10, 1, 6|---> |2, 3| possibles  |15|
|8, 12, 1, 6|---> |2, 3| possibles  |15|
|8, 15, 1, 6|---> |2, 3| possibles  |15|
|10, 10, 1, 6|---> |2, 3| possibles  |15|
|10, 12, 1, 6|---> |2, 3| possibles  |15|
|10, 15, 1, 6|---> |2, 3| possibles  |15|
|12, 12, 1, 6|---> |2, 3| possibles  |15|
|12, 15, 1, 6|---> |2, 3| possibles  |15|
|15, 15, 1, 6|---> |1, 3| possibles  |15|
|3, 3, 1, 8|---> |1, 9| possibles  |4, 15|
|3, 8, 1, 8|---> |2, 9| possibles  |8, 12, 15|
|3, 10, 1, 8|---> |2, 9| possibles  |8, 12, 15|
|3, 12, 1, 8|---> |2, 9| possibles  |8, 12, 15|
|3, 15, 1, 8|---> |1, 9| possibles  |4, 15|
|8, 8, 1, 8|---> |2, 9| possibles  |8, 12, 15|
|8, 10, 1, 8|---> |2, 9| possibles  |8, 12, 15|
|8, 12, 1, 8|---> |2, 9| possibles  |8, 12, 15|
|8, 15, 1, 8|---> |2, 9| possibles  |8, 12, 15|
|10, 10, 1, 8|---> |2, 9| possibles  |8, 12, 15|
|10, 12, 1, 8|---> |2, 9| possibles  |8, 12, 15|
|10, 15, 1, 8|---> |2, 9| possibles  |8, 12, 15|
|12, 12, 1, 8|---> |2, 9| possibles  |8, 12, 15|
|12, 15, 1, 8|---> |2, 9| possibles  |8, 12, 15|
|15, 15, 1, 8|---> |1, 9| possibles  |4, 15|
|3, 3, 1, 10|---> |1, 4| possibles  |9|
|3, 8, 1, 10|---> |2, 15| possibles  |3, 10|
|3, 10, 1, 10|---> |2, 15| possibles  |3, 10|
|3, 12, 1, 10|---> |2, 15| possibles  |3, 10|
|3, 15, 1, 10|---> |1, 4| possibles  |9|
|8, 8, 1, 10|---> |2, 15| possibles  |3, 10|
|8, 10, 1, 10|---> |2, 15| possibles  |3, 10|
|8, 12, 1, 10|---> |2, 15| possibles  |3, 10|
|8, 15, 1, 10|---> |2, 15| possibles  |3, 10|
|10, 10, 1, 10|---> |2, 15| possibles  |3, 10|
|10, 12, 1, 10|---> |2, 15| possibles  |3, 10|
|10, 15, 1, 10|---> |2, 15| possibles  |3, 10|
|12, 12, 1, 10|---> |2, 15| possibles  |3, 10|
|12, 15, 1, 10|---> |2, 15| possibles  |3, 10|
|15, 15, 1, 10|---> |1, 4| possibles  |9|
|3, 3, 1, 13|---> |1, 15| possibles  |3, 9|
|3, 8, 1, 13|---> |2, 15| possibles  |3, 10|
|3, 10, 1, 13|---> |2, 15| possibles  |3, 10|
|3, 12, 1, 13|---> |2, 15| possibles  |3, 10|
|3, 15, 1, 13|---> |1, 15| possibles  |3, 9|
|8, 8, 1, 13|---> |2, 15| possibles  |3, 10|
|8, 10, 1, 13|---> |2, 15| possibles  |3, 10|
|8, 12, 1, 13|---> |2, 15| possibles  |3, 10|
|8, 15, 1, 13|---> |2, 15| possibles  |3, 10|
|10, 10, 1, 13|---> |2, 15| possibles  |3, 10|
|10, 12, 1, 13|---> |2, 15| possibles  |3, 10|
|10, 15, 1, 13|---> |2, 15| possibles  |3, 10|
|12, 12, 1, 13|---> |2, 15| possibles  |3, 10|
|12, 15, 1, 13|---> |2, 15| possibles  |3, 10|
|15, 15, 1, 13|---> |1, 15| possibles  |3, 9|
|1, 1, 3, 3|---> |1, 3| possibles  |15|
|1, 6, 3, 3|---> |1, 3| possibles  |15|
|1, 8, 3, 3|---> |1, 9| possibles  |4, 15|
|1, 10, 3, 3|---> |1, 4| possibles  |9|
|1, 13, 3, 3|---> |1, 15| possibles  |3, 9|
|6, 6, 3, 3|---> |1, 3| possibles  |15|
|6, 8, 3, 3|---> |1, 9| possibles  |4, 15|
|6, 10, 3, 3|---> |1, 7| possibles  |9, 15|
|6, 13, 3, 3|---> |1, 12| possibles  |4, 9|
|8, 8, 3, 3|---> |1, 2| possibles  |3, 15|
|8, 10, 3, 3|---> |1, 2| possibles  |3, 15|
|8, 13, 3, 3|---> |1, 5| possibles  |3, 4|
|10, 10, 3, 3|---> |1, 2| possibles  |3, 15|
|10, 13, 3, 3|---> |1, 6| possibles  |0, 3, 9|
|13, 13, 3, 3|---> |1, 5| possibles  |3, 4|
|1, 1, 3, 8|---> |2, 3| possibles  |15|
|1, 6, 3, 8|---> |2, 3| possibles  |15|
|1, 8, 3, 8|---> |2, 9| possibles  |8, 12, 15|
|1, 10, 3, 8|---> |2, 15| possibles  |3, 10|
|1, 13, 3, 8|---> |2, 15| possibles  |3, 10|
|6, 6, 3, 8|---> |2, 3| possibles  |15|
|6, 8, 3, 8|---> |2, 9| possibles  |8, 12, 15|
|6, 10, 3, 8|---> |2, 7| possibles  |10, 15|
|6, 13, 3, 8|---> |5, 12| possibles  |4, 13|
|8, 8, 3, 8|---> |2, 2| possibles  |3, 8, 10, 12, 15|
|8, 10, 3, 8|---> |2, 2| possibles  |3, 8, 10, 12, 15|
|8, 13, 3, 8|---> |2, 5| possibles  |3, 8|
|10, 10, 3, 8|---> |2, 2| possibles  |3, 8, 10, 12, 15|
|10, 13, 3, 8|---> |2, 6| possibles  |3, 10, 12|
|13, 13, 3, 8|---> |2, 5| possibles  |3, 8|
|1, 1, 3, 10|---> |2, 3| possibles  |15|
|1, 6, 3, 10|---> |2, 3| possibles  |15|
|1, 8, 3, 10|---> |2, 9| possibles  |8, 12, 15|
|1, 10, 3, 10|---> |4, 6| possibles  |9, 10, 12, 14|
|1, 13, 3, 10|---> |2, 15| possibles  |3, 10|
|6, 6, 3, 10|---> |2, 3| possibles  |15|
|6, 8, 3, 10|---> |2, 9| possibles  |8, 12, 15|
|6, 10, 3, 10|---> |2, 7| possibles  |10, 15|
|6, 13, 3, 10|---> |6, 12| possibles  |9, 13|
|8, 8, 3, 10|---> |2, 2| possibles  |3, 8, 10, 12, 15|
|8, 10, 3, 10|---> |2, 2| possibles  |3, 8, 10, 12, 15|
|8, 13, 3, 10|---> |2, 5| possibles  |3, 8|
|10, 10, 3, 10|---> |2, 2| possibles  |3, 8, 10, 12, 15|
|10, 13, 3, 10|---> |2, 6| possibles  |3, 10, 12|
|13, 13, 3, 10|---> |2, 5| possibles  |3, 8|
|1, 1, 3, 12|---> |2, 3| possibles  |15|
|1, 6, 3, 12|---> |2, 3| possibles  |15|
|1, 8, 3, 12|---> |2, 9| possibles  |8, 12, 15|
|1, 10, 3, 12|---> |4, 6| possibles  |9, 10, 12, 14|
|1, 13, 3, 12|---> |2, 15| possibles  |3, 10|
|6, 6, 3, 12|---> |2, 3| possibles  |15|
|6, 8, 3, 12|---> |2, 9| possibles  |8, 12, 15|
|6, 10, 3, 12|---> |2, 7| possibles  |10, 15|
|6, 13, 3, 12|---> |6, 12| possibles  |9, 13|
|8, 8, 3, 12|---> |2, 2| possibles  |3, 8, 10, 12, 15|
|8, 10, 3, 12|---> |2, 2| possibles  |3, 8, 10, 12, 15|
|8, 13, 3, 12|---> |2, 5| possibles  |3, 8|
|10, 10, 3, 12|---> |2, 2| possibles  |3, 8, 10, 12, 15|
|10, 13, 3, 12|---> |2, 6| possibles  |3, 10, 12|
|13, 13, 3, 12|---> |2, 5| possibles  |3, 8|
|1, 1, 3, 15|---> |1, 3| possibles  |15|
|1, 6, 3, 15|---> |1, 3| possibles  |15|
|1, 8, 3, 15|---> |1, 9| possibles  |4, 15|
|1, 10, 3, 15|---> |1, 4| possibles  |9|
|1, 13, 3, 15|---> |1, 15| possibles  |3, 9|
|6, 6, 3, 15|---> |1, 3| possibles  |15|
|6, 8, 3, 15|---> |1, 9| possibles  |4, 15|
|6, 10, 3, 15|---> |1, 7| possibles  |9, 15|
|6, 13, 3, 15|---> |1, 12| possibles  |4, 9|
|8, 8, 3, 15|---> |1, 2| possibles  |3, 15|
|8, 10, 3, 15|---> |1, 2| possibles  |3, 15|
|8, 13, 3, 15|---> |1, 5| possibles  |3, 4|
|10, 10, 3, 15|---> |1, 2| possibles  |3, 15|
|10, 13, 3, 15|---> |1, 6| possibles  |0, 3, 9|
|13, 13, 3, 15|---> |1, 5| possibles  |3, 4|
|3, 3, 6, 6|---> |1, 3| possibles  |15|
|3, 8, 6, 6|---> |2, 3| possibles  |15|
|3, 10, 6, 6|---> |2, 3| possibles  |15|
|3, 12, 6, 6|---> |2, 3| possibles  |15|
|3, 15, 6, 6|---> |1, 3| possibles  |15|
|8, 8, 6, 6|---> |2, 3| possibles  |15|
|8, 10, 6, 6|---> |2, 3| possibles  |15|
|8, 12, 6, 6|---> |2, 3| possibles  |15|
|8, 15, 6, 6|---> |2, 3| possibles  |15|
|10, 10, 6, 6|---> |2, 3| possibles  |15|
|10, 12, 6, 6|---> |2, 3| possibles  |15|
|10, 15, 6, 6|---> |2, 3| possibles  |15|
|12, 12, 6, 6|---> |2, 3| possibles  |15|
|12, 15, 6, 6|---> |2, 3| possibles  |15|
|15, 15, 6, 6|---> |1, 3| possibles  |15|
|3, 3, 6, 8|---> |1, 9| possibles  |4, 15|
|3, 8, 6, 8|---> |2, 9| possibles  |8, 12, 15|
|3, 10, 6, 8|---> |2, 9| possibles  |8, 12, 15|
|3, 12, 6, 8|---> |2, 9| possibles  |8, 12, 15|
|3, 15, 6, 8|---> |1, 9| possibles  |4, 15|
|8, 8, 6, 8|---> |2, 9| possibles  |8, 12, 15|
|8, 10, 6, 8|---> |2, 9| possibles  |8, 12, 15|
|8, 12, 6, 8|---> |2, 9| possibles  |8, 12, 15|
|8, 15, 6, 8|---> |2, 9| possibles  |8, 12, 15|
|10, 10, 6, 8|---> |2, 9| possibles  |8, 12, 15|
|10, 12, 6, 8|---> |2, 9| possibles  |8, 12, 15|
|10, 15, 6, 8|---> |2, 9| possibles  |8, 12, 15|
|12, 12, 6, 8|---> |2, 9| possibles  |8, 12, 15|
|12, 15, 6, 8|---> |2, 9| possibles  |8, 12, 15|
|15, 15, 6, 8|---> |1, 9| possibles  |4, 15|
|3, 3, 6, 10|---> |1, 7| possibles  |9, 15|
|3, 8, 6, 10|---> |2, 7| possibles  |10, 15|
|3, 10, 6, 10|---> |2, 7| possibles  |10, 15|
|3, 12, 6, 10|---> |2, 7| possibles  |10, 15|
|3, 15, 6, 10|---> |1, 7| possibles  |9, 15|
|8, 8, 6, 10|---> |2, 7| possibles  |10, 15|
|8, 10, 6, 10|---> |2, 7| possibles  |10, 15|
|8, 12, 6, 10|---> |2, 7| possibles  |10, 15|
|8, 15, 6, 10|---> |2, 7| possibles  |10, 15|
|10, 10, 6, 10|---> |2, 7| possibles  |10, 15|
|10, 12, 6, 10|---> |2, 7| possibles  |10, 15|
|10, 15, 6, 10|---> |2, 7| possibles  |10, 15|
|12, 12, 6, 10|---> |2, 7| possibles  |10, 15|
|12, 15, 6, 10|---> |2, 7| possibles  |10, 15|
|15, 15, 6, 10|---> |1, 7| possibles  |9, 15|
|3, 3, 6, 13|---> |1, 12| possibles  |4, 9|
|3, 8, 6, 13|---> |5, 12| possibles  |4, 13|
|3, 10, 6, 13|---> |6, 12| possibles  |9, 13|
|3, 12, 6, 13|---> |6, 12| possibles  |9, 13|
|3, 15, 6, 13|---> |1, 12| possibles  |4, 9|
|8, 8, 6, 13|---> |5, 12| possibles  |4, 13|
|8, 10, 6, 13|---> |0, 12| possibles  |6, 13|
|8, 12, 6, 13|---> |9, 12| possibles  |4, 6|
|8, 15, 6, 13|---> |9, 12| possibles  |4, 6|
|10, 10, 6, 13|---> |4, 12| possibles  |9|
|10, 12, 6, 13|---> |4, 12| possibles  |9|
|10, 15, 6, 13|---> |7, 12| possibles  |6, 9|
|12, 12, 6, 13|---> |4, 12| possibles  |9|
|12, 15, 6, 13|---> |9, 12| possibles  |4, 6|
|15, 15, 6, 13|---> |1, 12| possibles  |4, 9|
|1, 1, 8, 8|---> |2, 3| possibles  |15|
|1, 6, 8, 8|---> |2, 3| possibles  |15|
|1, 8, 8, 8|---> |2, 9| possibles  |8, 12, 15|
|1, 10, 8, 8|---> |2, 15| possibles  |3, 10|
|1, 13, 8, 8|---> |2, 15| possibles  |3, 10|
|3, 3, 8, 8|---> |1, 2| possibles  |3, 15|
|3, 8, 8, 8|---> |2, 2| possibles  |3, 8, 10, 12, 15|
|3, 10, 8, 8|---> |2, 2| possibles  |3, 8, 10, 12, 15|
|3, 12, 8, 8|---> |2, 2| possibles  |3, 8, 10, 12, 15|
|3, 15, 8, 8|---> |1, 2| possibles  |3, 15|
|6, 6, 8, 8|---> |2, 3| possibles  |15|
|6, 8, 8, 8|---> |2, 9| possibles  |8, 12, 15|
|6, 10, 8, 8|---> |2, 7| possibles  |10, 15|
|6, 13, 8, 8|---> |5, 12| possibles  |4, 13|
|8, 8, 8, 8|---> |2, 2| possibles  |3, 8, 10, 12, 15|
|8, 8, 8, 8|---> |2, 2| possibles  |3, 8, 10, 12, 15|
|8, 10, 8, 8|---> |2, 2| possibles  |3, 8, 10, 12, 15|
|8, 10, 8, 8|---> |2, 2| possibles  |3, 8, 10, 12, 15|
|8, 12, 8, 8|---> |2, 2| possibles  |3, 8, 10, 12, 15|
|8, 13, 8, 8|---> |2, 5| possibles  |3, 8|
|8, 15, 8, 8|---> |2, 2| possibles  |3, 8, 10, 12, 15|
|10, 10, 8, 8|---> |2, 2| possibles  |3, 8, 10, 12, 15|
|10, 10, 8, 8|---> |2, 2| possibles  |3, 8, 10, 12, 15|
|10, 12, 8, 8|---> |2, 2| possibles  |3, 8, 10, 12, 15|
|10, 13, 8, 8|---> |2, 6| possibles  |3, 10, 12|
|10, 15, 8, 8|---> |2, 2| possibles  |3, 8, 10, 12, 15|
|12, 12, 8, 8|---> |2, 2| possibles  |3, 8, 10, 12, 15|
|12, 15, 8, 8|---> |2, 2| possibles  |3, 8, 10, 12, 15|
|13, 13, 8, 8|---> |2, 5| possibles  |3, 8|
|15, 15, 8, 8|---> |1, 2| possibles  |3, 15|
|1, 1, 8, 10|---> |2, 3| possibles  |15|
|1, 6, 8, 10|---> |2, 3| possibles  |15|
|1, 8, 8, 10|---> |2, 9| possibles  |8, 12, 15|
|1, 10, 8, 10|---> |2, 15| possibles  |3, 10|
|1, 13, 8, 10|---> |2, 15| possibles  |3, 10|
|3, 3, 8, 10|---> |1, 2| possibles  |3, 15|
|3, 8, 8, 10|---> |2, 2| possibles  |3, 8, 10, 12, 15|
|3, 10, 8, 10|---> |2, 2| possibles  |3, 8, 10, 12, 15|
|3, 12, 8, 10|---> |2, 2| possibles  |3, 8, 10, 12, 15|
|3, 15, 8, 10|---> |1, 2| possibles  |3, 15|
|6, 6, 8, 10|---> |2, 3| possibles  |15|
|6, 8, 8, 10|---> |2, 9| possibles  |8, 12, 15|
|6, 10, 8, 10|---> |2, 7| possibles  |10, 15|
|6, 13, 8, 10|---> |0, 12| possibles  |6, 13|
|8, 8, 8, 10|---> |2, 2| possibles  |3, 8, 10, 12, 15|
|8, 8, 8, 10|---> |2, 2| possibles  |3, 8, 10, 12, 15|
|8, 10, 8, 10|---> |2, 2| possibles  |3, 8, 10, 12, 15|
|8, 10, 8, 10|---> |2, 2| possibles  |3, 8, 10, 12, 15|
|8, 12, 8, 10|---> |2, 2| possibles  |3, 8, 10, 12, 15|
|8, 13, 8, 10|---> |2, 5| possibles  |3, 8|
|8, 15, 8, 10|---> |2, 2| possibles  |3, 8, 10, 12, 15|
|10, 10, 8, 10|---> |2, 2| possibles  |3, 8, 10, 12, 15|
|10, 10, 8, 10|---> |2, 2| possibles  |3, 8, 10, 12, 15|
|10, 12, 8, 10|---> |2, 2| possibles  |3, 8, 10, 12, 15|
|10, 13, 8, 10|---> |2, 6| possibles  |3, 10, 12|
|10, 15, 8, 10|---> |2, 2| possibles  |3, 8, 10, 12, 15|
|12, 12, 8, 10|---> |2, 2| possibles  |3, 8, 10, 12, 15|
|12, 15, 8, 10|---> |2, 2| possibles  |3, 8, 10, 12, 15|
|13, 13, 8, 10|---> |2, 5| possibles  |3, 8|
|15, 15, 8, 10|---> |1, 2| possibles  |3, 15|
|1, 1, 8, 12|---> |2, 3| possibles  |15|
|1, 6, 8, 12|---> |2, 3| possibles  |15|
|1, 8, 8, 12|---> |2, 9| possibles  |8, 12, 15|
|1, 10, 8, 12|---> |2, 15| possibles  |3, 10|
|1, 13, 8, 12|---> |2, 15| possibles  |3, 10|
|6, 6, 8, 12|---> |2, 3| possibles  |15|
|6, 8, 8, 12|---> |2, 9| possibles  |8, 12, 15|
|6, 10, 8, 12|---> |2, 7| possibles  |10, 15|
|6, 13, 8, 12|---> |9, 12| possibles  |4, 6|
|8, 8, 8, 12|---> |2, 2| possibles  |3, 8, 10, 12, 15|
|8, 10, 8, 12|---> |2, 2| possibles  |3, 8, 10, 12, 15|
|8, 13, 8, 12|---> |2, 5| possibles  |3, 8|
|10, 10, 8, 12|---> |2, 2| possibles  |3, 8, 10, 12, 15|
|10, 13, 8, 12|---> |2, 6| possibles  |3, 10, 12|
|13, 13, 8, 12|---> |2, 5| possibles  |3, 8|
|3, 3, 8, 13|---> |1, 5| possibles  |3, 4|
|3, 8, 8, 13|---> |2, 5| possibles  |3, 8|
|3, 10, 8, 13|---> |2, 5| possibles  |3, 8|
|3, 12, 8, 13|---> |2, 5| possibles  |3, 8|
|3, 15, 8, 13|---> |1, 5| possibles  |3, 4|
|8, 8, 8, 13|---> |2, 5| possibles  |3, 8|
|8, 10, 8, 13|---> |2, 5| possibles  |3, 8|
|8, 12, 8, 13|---> |2, 5| possibles  |3, 8|
|8, 15, 8, 13|---> |2, 5| possibles  |3, 8|
|10, 10, 8, 13|---> |2, 5| possibles  |3, 8|
|10, 12, 8, 13|---> |2, 5| possibles  |3, 8|
|10, 15, 8, 13|---> |2, 5| possibles  |3, 8|
|12, 12, 8, 13|---> |2, 5| possibles  |3, 8|
|12, 15, 8, 13|---> |2, 5| possibles  |3, 8|
|15, 15, 8, 13|---> |1, 5| possibles  |3, 4|
|1, 1, 8, 15|---> |2, 3| possibles  |15|
|1, 6, 8, 15|---> |2, 3| possibles  |15|
|1, 8, 8, 15|---> |2, 9| possibles  |8, 12, 15|
|1, 10, 8, 15|---> |2, 15| possibles  |3, 10|
|1, 13, 8, 15|---> |2, 15| possibles  |3, 10|
|6, 6, 8, 15|---> |2, 3| possibles  |15|
|6, 8, 8, 15|---> |2, 9| possibles  |8, 12, 15|
|6, 10, 8, 15|---> |2, 7| possibles  |10, 15|
|6, 13, 8, 15|---> |9, 12| possibles  |4, 6|
|8, 8, 8, 15|---> |2, 2| possibles  |3, 8, 10, 12, 15|
|8, 10, 8, 15|---> |2, 2| possibles  |3, 8, 10, 12, 15|
|8, 13, 8, 15|---> |2, 5| possibles  |3, 8|
|10, 10, 8, 15|---> |2, 2| possibles  |3, 8, 10, 12, 15|
|10, 13, 8, 15|---> |2, 6| possibles  |3, 10, 12|
|13, 13, 8, 15|---> |2, 5| possibles  |3, 8|
|1, 1, 10, 10|---> |2, 3| possibles  |15|
|1, 6, 10, 10|---> |2, 3| possibles  |15|
|1, 8, 10, 10|---> |2, 9| possibles  |8, 12, 15|
|1, 10, 10, 10|---> |4, 4| possibles  |1, 5, 9, 10, 12, 14|
|1, 13, 10, 10|---> |2, 15| possibles  |3, 10|
|3, 3, 10, 10|---> |1, 2| possibles  |3, 15|
|3, 8, 10, 10|---> |2, 2| possibles  |3, 8, 10, 12, 15|
|3, 10, 10, 10|---> |2, 2| possibles  |3, 8, 10, 12, 15|
|3, 12, 10, 10|---> |2, 2| possibles  |3, 8, 10, 12, 15|
|3, 15, 10, 10|---> |1, 2| possibles  |3, 15|
|6, 6, 10, 10|---> |2, 3| possibles  |15|
|6, 8, 10, 10|---> |2, 9| possibles  |8, 12, 15|
|6, 10, 10, 10|---> |2, 7| possibles  |10, 15|
|6, 13, 10, 10|---> |4, 12| possibles  |9|
|8, 8, 10, 10|---> |2, 2| possibles  |3, 8, 10, 12, 15|
|8, 8, 10, 10|---> |2, 2| possibles  |3, 8, 10, 12, 15|
|8, 10, 10, 10|---> |2, 2| possibles  |3, 8, 10, 12, 15|
|8, 10, 10, 10|---> |2, 2| possibles  |3, 8, 10, 12, 15|
|8, 12, 10, 10|---> |2, 2| possibles  |3, 8, 10, 12, 15|
|8, 13, 10, 10|---> |2, 5| possibles  |3, 8|
|8, 15, 10, 10|---> |2, 2| possibles  |3, 8, 10, 12, 15|
|10, 10, 10, 10|---> |2, 2| possibles  |3, 8, 10, 12, 15|
|10, 10, 10, 10|---> |2, 2| possibles  |3, 8, 10, 12, 15|
|10, 12, 10, 10|---> |2, 2| possibles  |3, 8, 10, 12, 15|
|10, 13, 10, 10|---> |2, 6| possibles  |3, 10, 12|
|10, 15, 10, 10|---> |2, 2| possibles  |3, 8, 10, 12, 15|
|12, 12, 10, 10|---> |2, 2| possibles  |3, 8, 10, 12, 15|
|12, 15, 10, 10|---> |2, 2| possibles  |3, 8, 10, 12, 15|
|13, 13, 10, 10|---> |2, 5| possibles  |3, 8|
|15, 15, 10, 10|---> |1, 2| possibles  |3, 15|
|1, 1, 10, 12|---> |2, 3| possibles  |15|
|1, 6, 10, 12|---> |2, 3| possibles  |15|
|1, 8, 10, 12|---> |2, 9| possibles  |8, 12, 15|
|1, 10, 10, 12|---> |4, 4| possibles  |1, 5, 9, 10, 12, 14|
|1, 13, 10, 12|---> |2, 15| possibles  |3, 10|
|6, 6, 10, 12|---> |2, 3| possibles  |15|
|6, 8, 10, 12|---> |2, 9| possibles  |8, 12, 15|
|6, 10, 10, 12|---> |2, 7| possibles  |10, 15|
|6, 13, 10, 12|---> |4, 12| possibles  |9|
|8, 8, 10, 12|---> |2, 2| possibles  |3, 8, 10, 12, 15|
|8, 10, 10, 12|---> |2, 2| possibles  |3, 8, 10, 12, 15|
|8, 13, 10, 12|---> |2, 5| possibles  |3, 8|
|10, 10, 10, 12|---> |2, 2| possibles  |3, 8, 10, 12, 15|
|10, 13, 10, 12|---> |2, 6| possibles  |3, 10, 12|
|13, 13, 10, 12|---> |2, 5| possibles  |3, 8|
|3, 3, 10, 13|---> |1, 6| possibles  |0, 3, 9|
|3, 8, 10, 13|---> |2, 6| possibles  |3, 10, 12|
|3, 10, 10, 13|---> |2, 6| possibles  |3, 10, 12|
|3, 12, 10, 13|---> |2, 6| possibles  |3, 10, 12|
|3, 15, 10, 13|---> |1, 6| possibles  |0, 3, 9|
|8, 8, 10, 13|---> |2, 6| possibles  |3, 10, 12|
|8, 10, 10, 13|---> |2, 6| possibles  |3, 10, 12|
|8, 12, 10, 13|---> |2, 6| possibles  |3, 10, 12|
|8, 15, 10, 13|---> |2, 6| possibles  |3, 10, 12|
|10, 10, 10, 13|---> |2, 6| possibles  |3, 10, 12|
|10, 12, 10, 13|---> |2, 6| possibles  |3, 10, 12|
|10, 15, 10, 13|---> |2, 6| possibles  |3, 10, 12|
|12, 12, 10, 13|---> |2, 6| possibles  |3, 10, 12|
|12, 15, 10, 13|---> |2, 6| possibles  |3, 10, 12|
|15, 15, 10, 13|---> |1, 6| possibles  |0, 3, 9|
|1, 1, 10, 15|---> |2, 3| possibles  |15|
|1, 6, 10, 15|---> |2, 3| possibles  |15|
|1, 8, 10, 15|---> |2, 9| possibles  |8, 12, 15|
|1, 10, 10, 15|---> |4, 7| possibles  |5, 9, 10|
|1, 13, 10, 15|---> |2, 15| possibles  |3, 10|
|6, 6, 10, 15|---> |2, 3| possibles  |15|
|6, 8, 10, 15|---> |2, 9| possibles  |8, 12, 15|
|6, 10, 10, 15|---> |2, 7| possibles  |10, 15|
|6, 13, 10, 15|---> |7, 12| possibles  |6, 9|
|8, 8, 10, 15|---> |2, 2| possibles  |3, 8, 10, 12, 15|
|8, 10, 10, 15|---> |2, 2| possibles  |3, 8, 10, 12, 15|
|8, 13, 10, 15|---> |2, 5| possibles  |3, 8|
|10, 10, 10, 15|---> |2, 2| possibles  |3, 8, 10, 12, 15|
|10, 13, 10, 15|---> |2, 6| possibles  |3, 10, 12|
|13, 13, 10, 15|---> |2, 5| possibles  |3, 8|
|1, 1, 12, 12|---> |2, 3| possibles  |15|
|1, 6, 12, 12|---> |2, 3| possibles  |15|
|1, 8, 12, 12|---> |2, 9| possibles  |8, 12, 15|
|1, 10, 12, 12|---> |4, 4| possibles  |1, 5, 9, 10, 12, 14|
|1, 13, 12, 12|---> |2, 15| possibles  |3, 10|
|6, 6, 12, 12|---> |2, 3| possibles  |15|
|6, 8, 12, 12|---> |2, 9| possibles  |8, 12, 15|
|6, 10, 12, 12|---> |2, 7| possibles  |10, 15|
|6, 13, 12, 12|---> |4, 12| possibles  |9|
|8, 8, 12, 12|---> |2, 2| possibles  |3, 8, 10, 12, 15|
|8, 10, 12, 12|---> |2, 2| possibles  |3, 8, 10, 12, 15|
|8, 13, 12, 12|---> |2, 5| possibles  |3, 8|
|10, 10, 12, 12|---> |2, 2| possibles  |3, 8, 10, 12, 15|
|10, 13, 12, 12|---> |2, 6| possibles  |3, 10, 12|
|13, 13, 12, 12|---> |2, 5| possibles  |3, 8|
|1, 1, 12, 15|---> |2, 3| possibles  |15|
|1, 6, 12, 15|---> |2, 3| possibles  |15|
|1, 8, 12, 15|---> |2, 9| possibles  |8, 12, 15|
|1, 10, 12, 15|---> |2, 15| possibles  |3, 10|
|1, 13, 12, 15|---> |2, 15| possibles  |3, 10|
|6, 6, 12, 15|---> |2, 3| possibles  |15|
|6, 8, 12, 15|---> |2, 9| possibles  |8, 12, 15|
|6, 10, 12, 15|---> |2, 7| possibles  |10, 15|
|6, 13, 12, 15|---> |9, 12| possibles  |4, 6|
|8, 8, 12, 15|---> |2, 2| possibles  |3, 8, 10, 12, 15|
|8, 10, 12, 15|---> |2, 2| possibles  |3, 8, 10, 12, 15|
|8, 13, 12, 15|---> |2, 5| possibles  |3, 8|
|10, 10, 12, 15|---> |2, 2| possibles  |3, 8, 10, 12, 15|
|10, 13, 12, 15|---> |2, 6| possibles  |3, 10, 12|
|13, 13, 12, 15|---> |2, 5| possibles  |3, 8|
|3, 3, 13, 13|---> |1, 5| possibles  |3, 4|
|3, 8, 13, 13|---> |2, 5| possibles  |3, 8|
|3, 10, 13, 13|---> |2, 5| possibles  |3, 8|
|3, 12, 13, 13|---> |2, 5| possibles  |3, 8|
|3, 15, 13, 13|---> |1, 5| possibles  |3, 4|
|8, 8, 13, 13|---> |2, 5| possibles  |3, 8|
|8, 10, 13, 13|---> |2, 5| possibles  |3, 8|
|8, 12, 13, 13|---> |2, 5| possibles  |3, 8|
|8, 15, 13, 13|---> |2, 5| possibles  |3, 8|
|10, 10, 13, 13|---> |2, 5| possibles  |3, 8|
|10, 12, 13, 13|---> |2, 5| possibles  |3, 8|
|10, 15, 13, 13|---> |2, 5| possibles  |3, 8|
|12, 12, 13, 13|---> |2, 5| possibles  |3, 8|
|12, 15, 13, 13|---> |2, 5| possibles  |3, 8|
|15, 15, 13, 13|---> |1, 5| possibles  |3, 4|
|1, 1, 15, 15|---> |1, 3| possibles  |15|
|1, 6, 15, 15|---> |1, 3| possibles  |15|
|1, 8, 15, 15|---> |1, 9| possibles  |4, 15|
|1, 10, 15, 15|---> |1, 4| possibles  |9|
|1, 13, 15, 15|---> |1, 15| possibles  |3, 9|
|6, 6, 15, 15|---> |1, 3| possibles  |15|
|6, 8, 15, 15|---> |1, 9| possibles  |4, 15|
|6, 10, 15, 15|---> |1, 7| possibles  |9, 15|
|6, 13, 15, 15|---> |1, 12| possibles  |4, 9|
|8, 8, 15, 15|---> |1, 2| possibles  |3, 15|
|8, 10, 15, 15|---> |1, 2| possibles  |3, 15|
|8, 13, 15, 15|---> |1, 5| possibles  |3, 4|
|10, 10, 15, 15|---> |1, 2| possibles  |3, 15|
|10, 13, 15, 15|---> |1, 6| possibles  |0, 3, 9|
|13, 13, 15, 15|---> |1, 5| possibles  |3, 4|
+++++++++++++++++++++++++++++++++++++++

0 bad colorings on level 2
