Trying substitutions to: 7
with goodVertices 2, 3, 4, 6, 8, 9, 11, 13, 15
bad color to improve: 6  9  with index 84
bad color to improve: 6  10  with index 85
bad color to improve: 6  15  with index 90
bad color to improve: 9  15  with index 114
4 bad colorings on level 1
bad coloring on level 2  |3, 12, 0, 2|
bad coloring on level 2  |12, 14, 0, 2|
bad coloring on level 2  |1, 1, 0, 3|
bad coloring on level 2  |1, 2, 0, 3|
bad coloring on level 2  |1, 7, 0, 3|
bad coloring on level 2  |1, 8, 0, 3|
bad coloring on level 2  |1, 11, 0, 3|
bad coloring on level 2  |1, 12, 0, 3|
bad coloring on level 2  |1, 13, 0, 3|
bad coloring on level 2  |1, 14, 0, 3|
bad coloring on level 2  |3, 14, 0, 11|
bad coloring on level 2  |12, 14, 0, 11|
bad coloring on level 2  |1, 13, 0, 12|
bad coloring on level 2  |1, 14, 0, 12|
bad coloring on level 2  |2, 13, 0, 12|
bad coloring on level 2  |2, 14, 0, 12|
bad coloring on level 2  |1, 8, 0, 14|
bad coloring on level 2  |1, 12, 0, 14|
bad coloring on level 2  |8, 11, 0, 14|
bad coloring on level 2  |11, 12, 0, 14|
bad coloring on level 2  |0, 3, 1, 1|
bad coloring on level 2  |12, 14, 1, 1|
bad coloring on level 2  |0, 3, 1, 2|
bad coloring on level 2  |3, 12, 1, 2|
bad coloring on level 2  |12, 14, 1, 2|
bad coloring on level 2  |0, 3, 1, 7|
bad coloring on level 2  |12, 14, 1, 7|
bad coloring on level 2  |0, 3, 1, 8|
bad coloring on level 2  |0, 14, 1, 8|
bad coloring on level 2  |1, 13, 1, 8|
bad coloring on level 2  |1, 14, 1, 8|
bad coloring on level 2  |2, 13, 1, 8|
bad coloring on level 2  |2, 14, 1, 8|
bad coloring on level 2  |3, 14, 1, 8|
bad coloring on level 2  |7, 14, 1, 8|
bad coloring on level 2  |12, 14, 1, 8|
bad coloring on level 2  |13, 14, 1, 8|
bad coloring on level 2  |14, 14, 1, 8|
bad coloring on level 2  |0, 3, 1, 11|
bad coloring on level 2  |3, 14, 1, 11|
bad coloring on level 2  |12, 14, 1, 11|
bad coloring on level 2  |0, 3, 1, 12|
bad coloring on level 2  |0, 14, 1, 12|
bad coloring on level 2  |1, 13, 1, 12|
bad coloring on level 2  |1, 14, 1, 12|
bad coloring on level 2  |2, 13, 1, 12|
bad coloring on level 2  |2, 14, 1, 12|
bad coloring on level 2  |3, 14, 1, 12|
bad coloring on level 2  |7, 14, 1, 12|
bad coloring on level 2  |12, 14, 1, 12|
bad coloring on level 2  |13, 14, 1, 12|
bad coloring on level 2  |14, 14, 1, 12|
bad coloring on level 2  |0, 3, 1, 13|
bad coloring on level 2  |0, 12, 1, 13|
bad coloring on level 2  |1, 8, 1, 13|
bad coloring on level 2  |1, 12, 1, 13|
bad coloring on level 2  |3, 12, 1, 13|
bad coloring on level 2  |7, 12, 1, 13|
bad coloring on level 2  |8, 11, 1, 13|
bad coloring on level 2  |8, 12, 1, 13|
bad coloring on level 2  |11, 12, 1, 13|
bad coloring on level 2  |12, 12, 1, 13|
bad coloring on level 2  |12, 14, 1, 13|
bad coloring on level 2  |0, 3, 1, 14|
bad coloring on level 2  |0, 12, 1, 14|
bad coloring on level 2  |1, 8, 1, 14|
bad coloring on level 2  |1, 12, 1, 14|
bad coloring on level 2  |3, 12, 1, 14|
bad coloring on level 2  |7, 12, 1, 14|
bad coloring on level 2  |8, 11, 1, 14|
bad coloring on level 2  |8, 12, 1, 14|
bad coloring on level 2  |11, 12, 1, 14|
bad coloring on level 2  |12, 12, 1, 14|
bad coloring on level 2  |12, 14, 1, 14|
bad coloring on level 2  |3, 12, 2, 2|
bad coloring on level 2  |12, 14, 2, 2|
bad coloring on level 2  |3, 12, 2, 4|
bad coloring on level 2  |12, 14, 2, 4|
bad coloring on level 2  |3, 12, 2, 7|
bad coloring on level 2  |12, 14, 2, 7|
bad coloring on level 2  |3, 12, 2, 11|
bad coloring on level 2  |3, 14, 2, 11|
bad coloring on level 2  |12, 14, 2, 11|
bad coloring on level 2  |0, 12, 2, 13|
bad coloring on level 2  |1, 8, 2, 13|
bad coloring on level 2  |1, 12, 2, 13|
bad coloring on level 2  |3, 12, 2, 13|
bad coloring on level 2  |7, 12, 2, 13|
bad coloring on level 2  |8, 12, 2, 13|
bad coloring on level 2  |11, 12, 2, 13|
bad coloring on level 2  |12, 12, 2, 13|
bad coloring on level 2  |12, 14, 2, 13|
bad coloring on level 2  |0, 12, 2, 14|
bad coloring on level 2  |1, 8, 2, 14|
bad coloring on level 2  |1, 12, 2, 14|
bad coloring on level 2  |3, 12, 2, 14|
bad coloring on level 2  |7, 12, 2, 14|
bad coloring on level 2  |8, 11, 2, 14|
bad coloring on level 2  |8, 12, 2, 14|
bad coloring on level 2  |11, 12, 2, 14|
bad coloring on level 2  |12, 12, 2, 14|
bad coloring on level 2  |12, 14, 2, 14|
bad coloring on level 2  |0, 2, 3, 12|
bad coloring on level 2  |1, 2, 3, 12|
bad coloring on level 2  |1, 13, 3, 12|
bad coloring on level 2  |1, 14, 3, 12|
bad coloring on level 2  |2, 2, 3, 12|
bad coloring on level 2  |2, 4, 3, 12|
bad coloring on level 2  |2, 7, 3, 12|
bad coloring on level 2  |2, 11, 3, 12|
bad coloring on level 2  |2, 13, 3, 12|
bad coloring on level 2  |2, 14, 3, 12|
bad coloring on level 2  |0, 11, 3, 14|
bad coloring on level 2  |1, 8, 3, 14|
bad coloring on level 2  |1, 11, 3, 14|
bad coloring on level 2  |1, 12, 3, 14|
bad coloring on level 2  |2, 11, 3, 14|
bad coloring on level 2  |4, 11, 3, 14|
bad coloring on level 2  |7, 11, 3, 14|
bad coloring on level 2  |8, 11, 3, 14|
bad coloring on level 2  |11, 11, 3, 14|
bad coloring on level 2  |11, 12, 3, 14|
bad coloring on level 2  |3, 14, 4, 11|
bad coloring on level 2  |12, 14, 4, 11|
bad coloring on level 2  |3, 14, 7, 11|
bad coloring on level 2  |12, 14, 7, 11|
bad coloring on level 2  |1, 13, 7, 12|
bad coloring on level 2  |1, 14, 7, 12|
bad coloring on level 2  |2, 13, 7, 12|
bad coloring on level 2  |2, 14, 7, 12|
bad coloring on level 2  |1, 8, 7, 14|
bad coloring on level 2  |1, 12, 7, 14|
bad coloring on level 2  |8, 11, 7, 14|
bad coloring on level 2  |11, 12, 7, 14|
bad coloring on level 2  |0, 14, 8, 11|
bad coloring on level 2  |1, 13, 8, 11|
bad coloring on level 2  |1, 14, 8, 11|
bad coloring on level 2  |2, 14, 8, 11|
bad coloring on level 2  |3, 14, 8, 11|
bad coloring on level 2  |7, 14, 8, 11|
bad coloring on level 2  |12, 14, 8, 11|
bad coloring on level 2  |13, 14, 8, 11|
bad coloring on level 2  |14, 14, 8, 11|
bad coloring on level 2  |1, 13, 8, 12|
bad coloring on level 2  |1, 14, 8, 12|
bad coloring on level 2  |2, 13, 8, 12|
bad coloring on level 2  |2, 14, 8, 12|
bad coloring on level 2  |3, 14, 11, 11|
bad coloring on level 2  |12, 14, 11, 11|
bad coloring on level 2  |0, 14, 11, 12|
bad coloring on level 2  |1, 13, 11, 12|
bad coloring on level 2  |1, 14, 11, 12|
bad coloring on level 2  |2, 13, 11, 12|
bad coloring on level 2  |2, 14, 11, 12|
bad coloring on level 2  |3, 14, 11, 12|
bad coloring on level 2  |7, 14, 11, 12|
bad coloring on level 2  |12, 14, 11, 12|
bad coloring on level 2  |13, 14, 11, 12|
bad coloring on level 2  |14, 14, 11, 12|
bad coloring on level 2  |1, 13, 12, 12|
bad coloring on level 2  |1, 14, 12, 12|
bad coloring on level 2  |2, 13, 12, 12|
bad coloring on level 2  |2, 14, 12, 12|
bad coloring on level 2  |0, 2, 12, 14|
bad coloring on level 2  |0, 11, 12, 14|
bad coloring on level 2  |1, 1, 12, 14|
bad coloring on level 2  |1, 2, 12, 14|
bad coloring on level 2  |1, 7, 12, 14|
bad coloring on level 2  |1, 8, 12, 14|
bad coloring on level 2  |1, 11, 12, 14|
bad coloring on level 2  |1, 12, 12, 14|
bad coloring on level 2  |1, 13, 12, 14|
bad coloring on level 2  |1, 14, 12, 14|
bad coloring on level 2  |2, 2, 12, 14|
bad coloring on level 2  |2, 4, 12, 14|
bad coloring on level 2  |2, 7, 12, 14|
bad coloring on level 2  |2, 11, 12, 14|
bad coloring on level 2  |2, 13, 12, 14|
bad coloring on level 2  |2, 14, 12, 14|
bad coloring on level 2  |4, 11, 12, 14|
bad coloring on level 2  |7, 11, 12, 14|
bad coloring on level 2  |8, 11, 12, 14|
bad coloring on level 2  |11, 11, 12, 14|
bad coloring on level 2  |11, 12, 12, 14|
bad coloring on level 2  |1, 8, 13, 14|
bad coloring on level 2  |1, 12, 13, 14|
bad coloring on level 2  |8, 11, 13, 14|
bad coloring on level 2  |11, 12, 13, 14|
bad coloring on level 2  |1, 8, 14, 14|
bad coloring on level 2  |1, 12, 14, 14|
bad coloring on level 2  |8, 11, 14, 14|
bad coloring on level 2  |11, 12, 14, 14|

192 bad colorings on level 2
