Trying substitutions to: 6
with goodVertices 2, 3, 4, 7, 8, 9, 11, 13, 15
bad color to improve: 0  3  with index 3
bad color to improve: 0  7  with index 7
bad color to improve: 3  7  with index 49
3 bad colorings on level 1
bad coloring on level 2  |5, 10, 1, 1|
bad coloring on level 2  |6, 10, 1, 1|
bad coloring on level 2  |9, 15, 1, 1|
bad coloring on level 2  |5, 10, 1, 2|
bad coloring on level 2  |6, 10, 1, 2|
bad coloring on level 2  |9, 15, 1, 2|
bad coloring on level 2  |10, 15, 1, 2|
bad coloring on level 2  |1, 10, 1, 5|
bad coloring on level 2  |5, 10, 1, 5|
bad coloring on level 2  |6, 10, 1, 5|
bad coloring on level 2  |8, 10, 1, 5|
bad coloring on level 2  |8, 13, 1, 5|
bad coloring on level 2  |9, 10, 1, 5|
bad coloring on level 2  |9, 15, 1, 5|
bad coloring on level 2  |10, 10, 1, 5|
bad coloring on level 2  |10, 13, 1, 5|
bad coloring on level 2  |10, 15, 1, 5|
bad coloring on level 2  |1, 10, 1, 6|
bad coloring on level 2  |5, 10, 1, 6|
bad coloring on level 2  |6, 10, 1, 6|
bad coloring on level 2  |9, 10, 1, 6|
bad coloring on level 2  |9, 15, 1, 6|
bad coloring on level 2  |10, 10, 1, 6|
bad coloring on level 2  |10, 15, 1, 6|
bad coloring on level 2  |5, 9, 1, 8|
bad coloring on level 2  |5, 10, 1, 8|
bad coloring on level 2  |9, 15, 1, 8|
bad coloring on level 2  |1, 5, 1, 10|
bad coloring on level 2  |1, 6, 1, 10|
bad coloring on level 2  |2, 5, 1, 10|
bad coloring on level 2  |2, 11, 1, 10|
bad coloring on level 2  |5, 5, 1, 10|
bad coloring on level 2  |5, 6, 1, 10|
bad coloring on level 2  |5, 9, 1, 10|
bad coloring on level 2  |5, 10, 1, 10|
bad coloring on level 2  |5, 11, 1, 10|
bad coloring on level 2  |5, 15, 1, 10|
bad coloring on level 2  |6, 10, 1, 10|
bad coloring on level 2  |9, 15, 1, 10|
bad coloring on level 2  |5, 10, 1, 11|
bad coloring on level 2  |6, 10, 1, 11|
bad coloring on level 2  |9, 10, 1, 11|
bad coloring on level 2  |9, 15, 1, 11|
bad coloring on level 2  |5, 10, 1, 13|
bad coloring on level 2  |5, 15, 1, 13|
bad coloring on level 2  |9, 15, 1, 13|
bad coloring on level 2  |1, 10, 2, 5|
bad coloring on level 2  |8, 10, 2, 5|
bad coloring on level 2  |8, 13, 2, 5|
bad coloring on level 2  |1, 10, 2, 11|
bad coloring on level 2  |5, 10, 2, 11|
bad coloring on level 2  |6, 10, 2, 11|
bad coloring on level 2  |8, 10, 2, 11|
bad coloring on level 2  |9, 10, 2, 11|
bad coloring on level 2  |10, 10, 2, 11|
bad coloring on level 2  |10, 13, 2, 11|
bad coloring on level 2  |10, 15, 2, 11|
bad coloring on level 2  |1, 10, 5, 5|
bad coloring on level 2  |8, 13, 5, 5|
bad coloring on level 2  |1, 10, 5, 6|
bad coloring on level 2  |8, 13, 5, 6|
bad coloring on level 2  |1, 8, 5, 9|
bad coloring on level 2  |1, 10, 5, 9|
bad coloring on level 2  |8, 13, 5, 9|
bad coloring on level 2  |1, 1, 5, 10|
bad coloring on level 2  |1, 2, 5, 10|
bad coloring on level 2  |1, 5, 5, 10|
bad coloring on level 2  |1, 6, 5, 10|
bad coloring on level 2  |1, 8, 5, 10|
bad coloring on level 2  |1, 10, 5, 10|
bad coloring on level 2  |1, 11, 5, 10|
bad coloring on level 2  |1, 13, 5, 10|
bad coloring on level 2  |2, 11, 5, 10|
bad coloring on level 2  |8, 13, 5, 10|
bad coloring on level 2  |1, 10, 5, 11|
bad coloring on level 2  |8, 13, 5, 11|
bad coloring on level 2  |10, 13, 5, 11|
bad coloring on level 2  |1, 10, 5, 15|
bad coloring on level 2  |1, 13, 5, 15|
bad coloring on level 2  |8, 13, 5, 15|
bad coloring on level 2  |1, 1, 6, 10|
bad coloring on level 2  |1, 2, 6, 10|
bad coloring on level 2  |1, 5, 6, 10|
bad coloring on level 2  |1, 6, 6, 10|
bad coloring on level 2  |1, 10, 6, 10|
bad coloring on level 2  |1, 11, 6, 10|
bad coloring on level 2  |2, 11, 6, 10|
bad coloring on level 2  |1, 5, 8, 10|
bad coloring on level 2  |2, 5, 8, 10|
bad coloring on level 2  |2, 11, 8, 10|
bad coloring on level 2  |1, 5, 8, 13|
bad coloring on level 2  |2, 5, 8, 13|
bad coloring on level 2  |5, 5, 8, 13|
bad coloring on level 2  |5, 6, 8, 13|
bad coloring on level 2  |5, 9, 8, 13|
bad coloring on level 2  |5, 10, 8, 13|
bad coloring on level 2  |5, 11, 8, 13|
bad coloring on level 2  |5, 15, 8, 13|
bad coloring on level 2  |1, 5, 9, 10|
bad coloring on level 2  |1, 6, 9, 10|
bad coloring on level 2  |1, 11, 9, 10|
bad coloring on level 2  |2, 11, 9, 10|
bad coloring on level 2  |1, 1, 9, 15|
bad coloring on level 2  |1, 2, 9, 15|
bad coloring on level 2  |1, 5, 9, 15|
bad coloring on level 2  |1, 6, 9, 15|
bad coloring on level 2  |1, 8, 9, 15|
bad coloring on level 2  |1, 10, 9, 15|
bad coloring on level 2  |1, 11, 9, 15|
bad coloring on level 2  |1, 13, 9, 15|
bad coloring on level 2  |1, 5, 10, 10|
bad coloring on level 2  |1, 6, 10, 10|
bad coloring on level 2  |2, 11, 10, 10|
bad coloring on level 2  |1, 5, 10, 13|
bad coloring on level 2  |2, 11, 10, 13|
bad coloring on level 2  |5, 11, 10, 13|
bad coloring on level 2  |1, 2, 10, 15|
bad coloring on level 2  |1, 5, 10, 15|
bad coloring on level 2  |1, 6, 10, 15|
bad coloring on level 2  |2, 11, 10, 15|

120 bad colorings on level 2
