Trying substitutions to: 4
with goodVertices 2, 3, 5, 7, 9, 11, 12, 14, 15
bad color to improve: 1  10  with index 25
bad color to improve: 5  12  with index 77
bad color to improve: 5  14  with index 79
bad color to improve: 12  14  with index 128
4 bad colorings on level 1
bad coloring on level 2  |3, 7, 2, 6|
bad coloring on level 2  |3, 8, 2, 6|
bad coloring on level 2  |8, 13, 2, 6|
bad coloring on level 2  |3, 15, 2, 7|
bad coloring on level 2  |9, 15, 2, 7|
bad coloring on level 2  |3, 8, 2, 9|
bad coloring on level 2  |4, 8, 2, 9|
bad coloring on level 2  |6, 8, 2, 9|
bad coloring on level 2  |7, 8, 2, 9|
bad coloring on level 2  |8, 8, 2, 9|
bad coloring on level 2  |8, 11, 2, 9|
bad coloring on level 2  |8, 13, 2, 9|
bad coloring on level 2  |8, 15, 2, 9|
bad coloring on level 2  |3, 9, 2, 11|
bad coloring on level 2  |3, 15, 2, 11|
bad coloring on level 2  |6, 8, 2, 13|
bad coloring on level 2  |8, 15, 2, 13|
bad coloring on level 2  |11, 15, 2, 13|
bad coloring on level 2  |2, 6, 3, 7|
bad coloring on level 2  |4, 6, 3, 7|
bad coloring on level 2  |6, 6, 3, 7|
bad coloring on level 2  |6, 8, 3, 7|
bad coloring on level 2  |6, 9, 3, 7|
bad coloring on level 2  |6, 11, 3, 7|
bad coloring on level 2  |6, 13, 3, 7|
bad coloring on level 2  |6, 15, 3, 7|
bad coloring on level 2  |2, 6, 3, 8|
bad coloring on level 2  |2, 9, 3, 8|
bad coloring on level 2  |6, 13, 3, 8|
bad coloring on level 2  |2, 11, 3, 9|
bad coloring on level 2  |7, 11, 3, 9|
bad coloring on level 2  |6, 8, 3, 13|
bad coloring on level 2  |6, 11, 3, 13|
bad coloring on level 2  |11, 15, 3, 13|
bad coloring on level 2  |2, 7, 3, 15|
bad coloring on level 2  |2, 11, 3, 15|
bad coloring on level 2  |3, 7, 4, 6|
bad coloring on level 2  |8, 13, 4, 6|
bad coloring on level 2  |2, 9, 4, 8|
bad coloring on level 2  |6, 13, 4, 8|
bad coloring on level 2  |6, 8, 4, 13|
bad coloring on level 2  |11, 15, 4, 13|
bad coloring on level 2  |3, 7, 6, 6|
bad coloring on level 2  |8, 13, 6, 6|
bad coloring on level 2  |2, 9, 6, 8|
bad coloring on level 2  |2, 13, 6, 8|
bad coloring on level 2  |3, 7, 6, 8|
bad coloring on level 2  |3, 13, 6, 8|
bad coloring on level 2  |4, 13, 6, 8|
bad coloring on level 2  |6, 13, 6, 8|
bad coloring on level 2  |7, 13, 6, 8|
bad coloring on level 2  |8, 13, 6, 8|
bad coloring on level 2  |9, 13, 6, 8|
bad coloring on level 2  |13, 13, 6, 8|
bad coloring on level 2  |3, 7, 6, 9|
bad coloring on level 2  |7, 8, 6, 9|
bad coloring on level 2  |8, 13, 6, 9|
bad coloring on level 2  |3, 7, 6, 11|
bad coloring on level 2  |3, 13, 6, 11|
bad coloring on level 2  |8, 13, 6, 11|
bad coloring on level 2  |3, 7, 6, 13|
bad coloring on level 2  |3, 8, 6, 13|
bad coloring on level 2  |4, 8, 6, 13|
bad coloring on level 2  |6, 8, 6, 13|
bad coloring on level 2  |7, 8, 6, 13|
bad coloring on level 2  |8, 8, 6, 13|
bad coloring on level 2  |8, 11, 6, 13|
bad coloring on level 2  |8, 13, 6, 13|
bad coloring on level 2  |8, 15, 6, 13|
bad coloring on level 2  |11, 15, 6, 13|
bad coloring on level 2  |3, 7, 6, 15|
bad coloring on level 2  |7, 13, 6, 15|
bad coloring on level 2  |8, 13, 6, 15|
bad coloring on level 2  |2, 9, 7, 8|
bad coloring on level 2  |6, 9, 7, 8|
bad coloring on level 2  |6, 13, 7, 8|
bad coloring on level 2  |3, 9, 7, 11|
bad coloring on level 2  |9, 15, 7, 11|
bad coloring on level 2  |6, 8, 7, 13|
bad coloring on level 2  |6, 15, 7, 13|
bad coloring on level 2  |11, 15, 7, 13|
bad coloring on level 2  |2, 9, 8, 8|
bad coloring on level 2  |6, 13, 8, 8|
bad coloring on level 2  |2, 9, 8, 11|
bad coloring on level 2  |6, 13, 8, 11|
bad coloring on level 2  |9, 13, 8, 11|
bad coloring on level 2  |2, 6, 8, 13|
bad coloring on level 2  |2, 9, 8, 13|
bad coloring on level 2  |4, 6, 8, 13|
bad coloring on level 2  |6, 6, 8, 13|
bad coloring on level 2  |6, 8, 8, 13|
bad coloring on level 2  |6, 9, 8, 13|
bad coloring on level 2  |6, 11, 8, 13|
bad coloring on level 2  |6, 13, 8, 13|
bad coloring on level 2  |6, 15, 8, 13|
bad coloring on level 2  |11, 15, 8, 13|
bad coloring on level 2  |2, 9, 8, 15|
bad coloring on level 2  |2, 13, 8, 15|
bad coloring on level 2  |6, 13, 8, 15|
bad coloring on level 2  |6, 8, 9, 13|
bad coloring on level 2  |8, 11, 9, 13|
bad coloring on level 2  |11, 15, 9, 13|
bad coloring on level 2  |2, 7, 9, 15|
bad coloring on level 2  |7, 11, 9, 15|
bad coloring on level 2  |2, 13, 11, 15|
bad coloring on level 2  |3, 13, 11, 15|
bad coloring on level 2  |4, 13, 11, 15|
bad coloring on level 2  |6, 13, 11, 15|
bad coloring on level 2  |7, 13, 11, 15|
bad coloring on level 2  |8, 13, 11, 15|
bad coloring on level 2  |9, 13, 11, 15|
bad coloring on level 2  |13, 13, 11, 15|
bad coloring on level 2  |6, 8, 13, 13|
bad coloring on level 2  |11, 15, 13, 13|

114 bad colorings on level 2
