Trying substitutions to: 3
with goodVertices 2, 4, 6, 7, 8, 9, 11, 13, 15
bad color to improve: 1  6  with index 21
bad color to improve: 2  6  with index 35
bad color to improve: 2  11  with index 40
bad color to improve: 6  11  with index 86
4 bad colorings on level 1
bad coloring on level 2  |3, 10, 0, 7|
bad coloring on level 2  |8, 10, 0, 7|
bad coloring on level 2  |9, 10, 0, 7|
bad coloring on level 2  |10, 10, 0, 7|
bad coloring on level 2  |10, 12, 0, 7|
bad coloring on level 2  |10, 13, 0, 7|
bad coloring on level 2  |10, 14, 0, 7|
bad coloring on level 2  |10, 15, 0, 7|
bad coloring on level 2  |7, 12, 0, 9|
bad coloring on level 2  |12, 14, 0, 9|
bad coloring on level 2  |9, 13, 0, 12|
bad coloring on level 2  |9, 14, 0, 12|
bad coloring on level 2  |10, 13, 0, 12|
bad coloring on level 2  |10, 14, 0, 12|
bad coloring on level 2  |8, 10, 0, 14|
bad coloring on level 2  |8, 15, 0, 14|
bad coloring on level 2  |10, 12, 0, 14|
bad coloring on level 2  |12, 15, 0, 14|
bad coloring on level 2  |7, 14, 0, 15|
bad coloring on level 2  |12, 14, 0, 15|
bad coloring on level 2  |7, 12, 3, 9|
bad coloring on level 2  |12, 14, 3, 9|
bad coloring on level 2  |0, 7, 3, 10|
bad coloring on level 2  |12, 14, 3, 10|
bad coloring on level 2  |9, 13, 3, 12|
bad coloring on level 2  |9, 14, 3, 12|
bad coloring on level 2  |10, 13, 3, 12|
bad coloring on level 2  |10, 14, 3, 12|
bad coloring on level 2  |8, 10, 3, 14|
bad coloring on level 2  |8, 15, 3, 14|
bad coloring on level 2  |10, 12, 3, 14|
bad coloring on level 2  |12, 15, 3, 14|
bad coloring on level 2  |7, 14, 3, 15|
bad coloring on level 2  |12, 14, 3, 15|
bad coloring on level 2  |7, 12, 4, 9|
bad coloring on level 2  |12, 14, 4, 9|
bad coloring on level 2  |7, 14, 4, 15|
bad coloring on level 2  |12, 14, 4, 15|
bad coloring on level 2  |0, 9, 7, 12|
bad coloring on level 2  |3, 9, 7, 12|
bad coloring on level 2  |4, 9, 7, 12|
bad coloring on level 2  |9, 9, 7, 12|
bad coloring on level 2  |9, 10, 7, 12|
bad coloring on level 2  |9, 13, 7, 12|
bad coloring on level 2  |9, 14, 7, 12|
bad coloring on level 2  |9, 15, 7, 12|
bad coloring on level 2  |10, 13, 7, 12|
bad coloring on level 2  |10, 14, 7, 12|
bad coloring on level 2  |0, 15, 7, 14|
bad coloring on level 2  |3, 15, 7, 14|
bad coloring on level 2  |4, 15, 7, 14|
bad coloring on level 2  |8, 10, 7, 14|
bad coloring on level 2  |8, 15, 7, 14|
bad coloring on level 2  |9, 15, 7, 14|
bad coloring on level 2  |10, 12, 7, 14|
bad coloring on level 2  |10, 15, 7, 14|
bad coloring on level 2  |12, 15, 7, 14|
bad coloring on level 2  |15, 15, 7, 14|
bad coloring on level 2  |0, 7, 8, 10|
bad coloring on level 2  |0, 14, 8, 10|
bad coloring on level 2  |3, 14, 8, 10|
bad coloring on level 2  |7, 14, 8, 10|
bad coloring on level 2  |9, 13, 8, 10|
bad coloring on level 2  |9, 14, 8, 10|
bad coloring on level 2  |10, 13, 8, 10|
bad coloring on level 2  |10, 14, 8, 10|
bad coloring on level 2  |12, 14, 8, 10|
bad coloring on level 2  |13, 14, 8, 10|
bad coloring on level 2  |14, 14, 8, 10|
bad coloring on level 2  |9, 13, 8, 12|
bad coloring on level 2  |9, 14, 8, 12|
bad coloring on level 2  |10, 13, 8, 12|
bad coloring on level 2  |10, 14, 8, 12|
bad coloring on level 2  |0, 14, 8, 15|
bad coloring on level 2  |3, 14, 8, 15|
bad coloring on level 2  |7, 14, 8, 15|
bad coloring on level 2  |9, 14, 8, 15|
bad coloring on level 2  |10, 13, 8, 15|
bad coloring on level 2  |10, 14, 8, 15|
bad coloring on level 2  |12, 14, 8, 15|
bad coloring on level 2  |13, 14, 8, 15|
bad coloring on level 2  |14, 14, 8, 15|
bad coloring on level 2  |7, 12, 9, 9|
bad coloring on level 2  |12, 14, 9, 9|
bad coloring on level 2  |0, 7, 9, 10|
bad coloring on level 2  |7, 12, 9, 10|
bad coloring on level 2  |12, 14, 9, 10|
bad coloring on level 2  |0, 12, 9, 13|
bad coloring on level 2  |3, 12, 9, 13|
bad coloring on level 2  |7, 12, 9, 13|
bad coloring on level 2  |8, 10, 9, 13|
bad coloring on level 2  |8, 12, 9, 13|
bad coloring on level 2  |10, 12, 9, 13|
bad coloring on level 2  |12, 12, 9, 13|
bad coloring on level 2  |12, 14, 9, 13|
bad coloring on level 2  |12, 15, 9, 13|
bad coloring on level 2  |0, 12, 9, 14|
bad coloring on level 2  |3, 12, 9, 14|
bad coloring on level 2  |7, 12, 9, 14|
bad coloring on level 2  |8, 10, 9, 14|
bad coloring on level 2  |8, 12, 9, 14|
bad coloring on level 2  |8, 15, 9, 14|
bad coloring on level 2  |10, 12, 9, 14|
bad coloring on level 2  |12, 12, 9, 14|
bad coloring on level 2  |12, 14, 9, 14|
bad coloring on level 2  |12, 15, 9, 14|
bad coloring on level 2  |7, 12, 9, 15|
bad coloring on level 2  |7, 14, 9, 15|
bad coloring on level 2  |12, 14, 9, 15|
bad coloring on level 2  |0, 7, 10, 10|
bad coloring on level 2  |12, 14, 10, 10|
bad coloring on level 2  |0, 7, 10, 12|
bad coloring on level 2  |0, 14, 10, 12|
bad coloring on level 2  |3, 14, 10, 12|
bad coloring on level 2  |7, 14, 10, 12|
bad coloring on level 2  |9, 13, 10, 12|
bad coloring on level 2  |9, 14, 10, 12|
bad coloring on level 2  |10, 13, 10, 12|
bad coloring on level 2  |10, 14, 10, 12|
bad coloring on level 2  |12, 14, 10, 12|
bad coloring on level 2  |13, 14, 10, 12|
bad coloring on level 2  |14, 14, 10, 12|
bad coloring on level 2  |0, 7, 10, 13|
bad coloring on level 2  |0, 12, 10, 13|
bad coloring on level 2  |3, 12, 10, 13|
bad coloring on level 2  |7, 12, 10, 13|
bad coloring on level 2  |8, 10, 10, 13|
bad coloring on level 2  |8, 12, 10, 13|
bad coloring on level 2  |8, 15, 10, 13|
bad coloring on level 2  |10, 12, 10, 13|
bad coloring on level 2  |12, 12, 10, 13|
bad coloring on level 2  |12, 14, 10, 13|
bad coloring on level 2  |12, 15, 10, 13|
bad coloring on level 2  |0, 7, 10, 14|
bad coloring on level 2  |0, 12, 10, 14|
bad coloring on level 2  |3, 12, 10, 14|
bad coloring on level 2  |7, 12, 10, 14|
bad coloring on level 2  |8, 10, 10, 14|
bad coloring on level 2  |8, 12, 10, 14|
bad coloring on level 2  |8, 15, 10, 14|
bad coloring on level 2  |10, 12, 10, 14|
bad coloring on level 2  |12, 12, 10, 14|
bad coloring on level 2  |12, 14, 10, 14|
bad coloring on level 2  |12, 15, 10, 14|
bad coloring on level 2  |0, 7, 10, 15|
bad coloring on level 2  |7, 14, 10, 15|
bad coloring on level 2  |12, 14, 10, 15|
bad coloring on level 2  |9, 13, 12, 12|
bad coloring on level 2  |9, 14, 12, 12|
bad coloring on level 2  |10, 13, 12, 12|
bad coloring on level 2  |10, 14, 12, 12|
bad coloring on level 2  |0, 9, 12, 14|
bad coloring on level 2  |0, 15, 12, 14|
bad coloring on level 2  |3, 9, 12, 14|
bad coloring on level 2  |3, 10, 12, 14|
bad coloring on level 2  |3, 15, 12, 14|
bad coloring on level 2  |4, 9, 12, 14|
bad coloring on level 2  |4, 15, 12, 14|
bad coloring on level 2  |8, 10, 12, 14|
bad coloring on level 2  |8, 15, 12, 14|
bad coloring on level 2  |9, 9, 12, 14|
bad coloring on level 2  |9, 10, 12, 14|
bad coloring on level 2  |9, 13, 12, 14|
bad coloring on level 2  |9, 14, 12, 14|
bad coloring on level 2  |9, 15, 12, 14|
bad coloring on level 2  |10, 10, 12, 14|
bad coloring on level 2  |10, 12, 12, 14|
bad coloring on level 2  |10, 13, 12, 14|
bad coloring on level 2  |10, 14, 12, 14|
bad coloring on level 2  |10, 15, 12, 14|
bad coloring on level 2  |12, 15, 12, 14|
bad coloring on level 2  |15, 15, 12, 14|
bad coloring on level 2  |0, 14, 12, 15|
bad coloring on level 2  |3, 14, 12, 15|
bad coloring on level 2  |7, 14, 12, 15|
bad coloring on level 2  |9, 13, 12, 15|
bad coloring on level 2  |9, 14, 12, 15|
bad coloring on level 2  |10, 13, 12, 15|
bad coloring on level 2  |10, 14, 12, 15|
bad coloring on level 2  |12, 14, 12, 15|
bad coloring on level 2  |13, 14, 12, 15|
bad coloring on level 2  |14, 14, 12, 15|
bad coloring on level 2  |8, 10, 13, 14|
bad coloring on level 2  |8, 15, 13, 14|
bad coloring on level 2  |10, 12, 13, 14|
bad coloring on level 2  |12, 15, 13, 14|
bad coloring on level 2  |8, 10, 14, 14|
bad coloring on level 2  |8, 15, 14, 14|
bad coloring on level 2  |10, 12, 14, 14|
bad coloring on level 2  |12, 15, 14, 14|
bad coloring on level 2  |7, 14, 15, 15|
bad coloring on level 2  |12, 14, 15, 15|

192 bad colorings on level 2
