Trying substitutions to: 3
with goodVertices 2, 4, 5, 6, 9, 10, 13, 14, 15
bad color to improve: 1  6  with index 21
bad color to improve: 2  5  with index 34
bad color to improve: 2  6  with index 35
bad color to improve: 5  6  with index 71
4 bad colorings on level 1
bad coloring on level 2  |7, 12, 0, 4|
bad coloring on level 2  |12, 14, 0, 4|
bad coloring on level 2  |8, 10, 0, 7|
bad coloring on level 2  |8, 12, 0, 7|
bad coloring on level 2  |10, 15, 0, 7|
bad coloring on level 2  |12, 15, 0, 7|
bad coloring on level 2  |4, 7, 0, 12|
bad coloring on level 2  |4, 13, 0, 12|
bad coloring on level 2  |7, 8, 0, 12|
bad coloring on level 2  |8, 13, 0, 12|
bad coloring on level 2  |3, 8, 0, 14|
bad coloring on level 2  |4, 8, 0, 14|
bad coloring on level 2  |7, 8, 0, 14|
bad coloring on level 2  |8, 8, 0, 14|
bad coloring on level 2  |8, 10, 0, 14|
bad coloring on level 2  |8, 12, 0, 14|
bad coloring on level 2  |8, 13, 0, 14|
bad coloring on level 2  |8, 15, 0, 14|
bad coloring on level 2  |7, 12, 0, 15|
bad coloring on level 2  |7, 14, 0, 15|
bad coloring on level 2  |7, 12, 3, 4|
bad coloring on level 2  |12, 14, 3, 4|
bad coloring on level 2  |8, 10, 3, 7|
bad coloring on level 2  |8, 12, 3, 7|
bad coloring on level 2  |10, 15, 3, 7|
bad coloring on level 2  |12, 15, 3, 7|
bad coloring on level 2  |0, 14, 3, 8|
bad coloring on level 2  |7, 12, 3, 8|
bad coloring on level 2  |4, 7, 3, 12|
bad coloring on level 2  |4, 13, 3, 12|
bad coloring on level 2  |7, 8, 3, 12|
bad coloring on level 2  |8, 13, 3, 12|
bad coloring on level 2  |7, 12, 3, 15|
bad coloring on level 2  |7, 14, 3, 15|
bad coloring on level 2  |7, 12, 4, 4|
bad coloring on level 2  |12, 14, 4, 4|
bad coloring on level 2  |0, 12, 4, 7|
bad coloring on level 2  |3, 12, 4, 7|
bad coloring on level 2  |7, 12, 4, 7|
bad coloring on level 2  |8, 10, 4, 7|
bad coloring on level 2  |8, 12, 4, 7|
bad coloring on level 2  |10, 12, 4, 7|
bad coloring on level 2  |10, 15, 4, 7|
bad coloring on level 2  |12, 12, 4, 7|
bad coloring on level 2  |12, 14, 4, 7|
bad coloring on level 2  |12, 15, 4, 7|
bad coloring on level 2  |0, 14, 4, 8|
bad coloring on level 2  |7, 12, 4, 8|
bad coloring on level 2  |12, 14, 4, 8|
bad coloring on level 2  |7, 12, 4, 9|
bad coloring on level 2  |12, 14, 4, 9|
bad coloring on level 2  |0, 12, 4, 13|
bad coloring on level 2  |3, 12, 4, 13|
bad coloring on level 2  |7, 12, 4, 13|
bad coloring on level 2  |8, 10, 4, 13|
bad coloring on level 2  |8, 12, 4, 13|
bad coloring on level 2  |10, 12, 4, 13|
bad coloring on level 2  |12, 12, 4, 13|
bad coloring on level 2  |12, 14, 4, 13|
bad coloring on level 2  |12, 15, 4, 13|
bad coloring on level 2  |7, 12, 4, 15|
bad coloring on level 2  |7, 14, 4, 15|
bad coloring on level 2  |12, 14, 4, 15|
bad coloring on level 2  |8, 10, 7, 7|
bad coloring on level 2  |8, 12, 7, 7|
bad coloring on level 2  |10, 15, 7, 7|
bad coloring on level 2  |12, 15, 7, 7|
bad coloring on level 2  |0, 12, 7, 8|
bad coloring on level 2  |0, 14, 7, 8|
bad coloring on level 2  |3, 12, 7, 8|
bad coloring on level 2  |7, 12, 7, 8|
bad coloring on level 2  |8, 10, 7, 8|
bad coloring on level 2  |8, 12, 7, 8|
bad coloring on level 2  |10, 12, 7, 8|
bad coloring on level 2  |10, 15, 7, 8|
bad coloring on level 2  |12, 12, 7, 8|
bad coloring on level 2  |12, 14, 7, 8|
bad coloring on level 2  |12, 15, 7, 8|
bad coloring on level 2  |0, 4, 7, 12|
bad coloring on level 2  |0, 15, 7, 12|
bad coloring on level 2  |3, 4, 7, 12|
bad coloring on level 2  |3, 8, 7, 12|
bad coloring on level 2  |3, 15, 7, 12|
bad coloring on level 2  |4, 4, 7, 12|
bad coloring on level 2  |4, 7, 7, 12|
bad coloring on level 2  |4, 8, 7, 12|
bad coloring on level 2  |4, 9, 7, 12|
bad coloring on level 2  |4, 13, 7, 12|
bad coloring on level 2  |4, 15, 7, 12|
bad coloring on level 2  |7, 8, 7, 12|
bad coloring on level 2  |8, 8, 7, 12|
bad coloring on level 2  |8, 10, 7, 12|
bad coloring on level 2  |8, 12, 7, 12|
bad coloring on level 2  |8, 13, 7, 12|
bad coloring on level 2  |8, 15, 7, 12|
bad coloring on level 2  |9, 15, 7, 12|
bad coloring on level 2  |10, 15, 7, 12|
bad coloring on level 2  |12, 15, 7, 12|
bad coloring on level 2  |15, 15, 7, 12|
bad coloring on level 2  |8, 10, 7, 13|
bad coloring on level 2  |8, 12, 7, 13|
bad coloring on level 2  |10, 15, 7, 13|
bad coloring on level 2  |12, 15, 7, 13|
bad coloring on level 2  |0, 15, 7, 14|
bad coloring on level 2  |3, 15, 7, 14|
bad coloring on level 2  |4, 15, 7, 14|
bad coloring on level 2  |8, 10, 7, 14|
bad coloring on level 2  |8, 12, 7, 14|
bad coloring on level 2  |8, 15, 7, 14|
bad coloring on level 2  |9, 15, 7, 14|
bad coloring on level 2  |10, 15, 7, 14|
bad coloring on level 2  |12, 15, 7, 14|
bad coloring on level 2  |15, 15, 7, 14|
bad coloring on level 2  |0, 14, 8, 8|
bad coloring on level 2  |7, 12, 8, 8|
bad coloring on level 2  |0, 7, 8, 10|
bad coloring on level 2  |0, 14, 8, 10|
bad coloring on level 2  |3, 7, 8, 10|
bad coloring on level 2  |4, 7, 8, 10|
bad coloring on level 2  |4, 13, 8, 10|
bad coloring on level 2  |7, 7, 8, 10|
bad coloring on level 2  |7, 8, 8, 10|
bad coloring on level 2  |7, 12, 8, 10|
bad coloring on level 2  |7, 13, 8, 10|
bad coloring on level 2  |7, 14, 8, 10|
bad coloring on level 2  |8, 13, 8, 10|
bad coloring on level 2  |0, 7, 8, 12|
bad coloring on level 2  |0, 14, 8, 12|
bad coloring on level 2  |3, 7, 8, 12|
bad coloring on level 2  |4, 7, 8, 12|
bad coloring on level 2  |4, 13, 8, 12|
bad coloring on level 2  |7, 7, 8, 12|
bad coloring on level 2  |7, 8, 8, 12|
bad coloring on level 2  |7, 12, 8, 12|
bad coloring on level 2  |7, 13, 8, 12|
bad coloring on level 2  |7, 14, 8, 12|
bad coloring on level 2  |8, 13, 8, 12|
bad coloring on level 2  |0, 12, 8, 13|
bad coloring on level 2  |0, 14, 8, 13|
bad coloring on level 2  |3, 12, 8, 13|
bad coloring on level 2  |7, 12, 8, 13|
bad coloring on level 2  |8, 10, 8, 13|
bad coloring on level 2  |8, 12, 8, 13|
bad coloring on level 2  |10, 12, 8, 13|
bad coloring on level 2  |10, 15, 8, 13|
bad coloring on level 2  |12, 12, 8, 13|
bad coloring on level 2  |12, 14, 8, 13|
bad coloring on level 2  |12, 15, 8, 13|
bad coloring on level 2  |0, 14, 8, 15|
bad coloring on level 2  |7, 12, 8, 15|
bad coloring on level 2  |7, 14, 8, 15|
bad coloring on level 2  |7, 12, 9, 15|
bad coloring on level 2  |7, 14, 9, 15|
bad coloring on level 2  |4, 7, 10, 12|
bad coloring on level 2  |4, 13, 10, 12|
bad coloring on level 2  |7, 8, 10, 12|
bad coloring on level 2  |8, 13, 10, 12|
bad coloring on level 2  |0, 7, 10, 15|
bad coloring on level 2  |3, 7, 10, 15|
bad coloring on level 2  |4, 7, 10, 15|
bad coloring on level 2  |7, 7, 10, 15|
bad coloring on level 2  |7, 8, 10, 15|
bad coloring on level 2  |7, 12, 10, 15|
bad coloring on level 2  |7, 13, 10, 15|
bad coloring on level 2  |7, 14, 10, 15|
bad coloring on level 2  |8, 13, 10, 15|
bad coloring on level 2  |4, 7, 12, 12|
bad coloring on level 2  |4, 13, 12, 12|
bad coloring on level 2  |7, 8, 12, 12|
bad coloring on level 2  |8, 13, 12, 12|
bad coloring on level 2  |0, 4, 12, 14|
bad coloring on level 2  |3, 4, 12, 14|
bad coloring on level 2  |4, 4, 12, 14|
bad coloring on level 2  |4, 7, 12, 14|
bad coloring on level 2  |4, 8, 12, 14|
bad coloring on level 2  |4, 9, 12, 14|
bad coloring on level 2  |4, 13, 12, 14|
bad coloring on level 2  |4, 15, 12, 14|
bad coloring on level 2  |7, 8, 12, 14|
bad coloring on level 2  |8, 13, 12, 14|
bad coloring on level 2  |0, 7, 12, 15|
bad coloring on level 2  |3, 7, 12, 15|
bad coloring on level 2  |4, 7, 12, 15|
bad coloring on level 2  |4, 13, 12, 15|
bad coloring on level 2  |7, 7, 12, 15|
bad coloring on level 2  |7, 8, 12, 15|
bad coloring on level 2  |7, 12, 12, 15|
bad coloring on level 2  |7, 13, 12, 15|
bad coloring on level 2  |7, 14, 12, 15|
bad coloring on level 2  |8, 13, 12, 15|
bad coloring on level 2  |7, 12, 15, 15|
bad coloring on level 2  |7, 14, 15, 15|

192 bad colorings on level 2
