Trying substitutions to: 13
with goodVertices 2, 4, 6, 7, 8, 11, 15
bad color to improve: 0  11  with index 11
bad color to improve: 0  15  with index 15
bad color to improve: 5  11  with index 76
bad color to improve: 11  11  with index 121
bad color to improve: 11  12  with index 122
bad color to improve: 11  15  with index 125
6 bad colorings on level 1
bad coloring on level 2  |3, 9, 1, 1|
bad coloring on level 2  |10, 13, 1, 1|
bad coloring on level 2  |10, 14, 1, 1|
bad coloring on level 2  |3, 9, 1, 2|
bad coloring on level 2  |3, 10, 1, 2|
bad coloring on level 2  |10, 13, 1, 2|
bad coloring on level 2  |10, 14, 1, 2|
bad coloring on level 2  |3, 9, 1, 6|
bad coloring on level 2  |3, 14, 1, 6|
bad coloring on level 2  |10, 14, 1, 6|
bad coloring on level 2  |3, 9, 1, 7|
bad coloring on level 2  |9, 10, 1, 7|
bad coloring on level 2  |10, 13, 1, 7|
bad coloring on level 2  |10, 14, 1, 7|
bad coloring on level 2  |3, 9, 1, 8|
bad coloring on level 2  |9, 14, 1, 8|
bad coloring on level 2  |10, 14, 1, 8|
bad coloring on level 2  |1, 13, 1, 10|
bad coloring on level 2  |1, 14, 1, 10|
bad coloring on level 2  |2, 7, 1, 10|
bad coloring on level 2  |2, 14, 1, 10|
bad coloring on level 2  |3, 9, 1, 10|
bad coloring on level 2  |3, 14, 1, 10|
bad coloring on level 2  |7, 14, 1, 10|
bad coloring on level 2  |9, 14, 1, 10|
bad coloring on level 2  |10, 13, 1, 10|
bad coloring on level 2  |10, 14, 1, 10|
bad coloring on level 2  |13, 14, 1, 10|
bad coloring on level 2  |14, 14, 1, 10|
bad coloring on level 2  |1, 10, 1, 13|
bad coloring on level 2  |3, 9, 1, 13|
bad coloring on level 2  |3, 10, 1, 13|
bad coloring on level 2  |9, 10, 1, 13|
bad coloring on level 2  |10, 10, 1, 13|
bad coloring on level 2  |10, 13, 1, 13|
bad coloring on level 2  |10, 14, 1, 13|
bad coloring on level 2  |1, 10, 1, 14|
bad coloring on level 2  |3, 9, 1, 14|
bad coloring on level 2  |3, 10, 1, 14|
bad coloring on level 2  |6, 8, 1, 14|
bad coloring on level 2  |6, 10, 1, 14|
bad coloring on level 2  |8, 10, 1, 14|
bad coloring on level 2  |9, 10, 1, 14|
bad coloring on level 2  |10, 10, 1, 14|
bad coloring on level 2  |10, 13, 1, 14|
bad coloring on level 2  |10, 14, 1, 14|
bad coloring on level 2  |3, 10, 2, 2|
bad coloring on level 2  |10, 13, 2, 2|
bad coloring on level 2  |10, 14, 2, 2|
bad coloring on level 2  |3, 10, 2, 4|
bad coloring on level 2  |10, 13, 2, 4|
bad coloring on level 2  |10, 14, 2, 4|
bad coloring on level 2  |3, 10, 2, 6|
bad coloring on level 2  |3, 14, 2, 6|
bad coloring on level 2  |10, 13, 2, 6|
bad coloring on level 2  |10, 14, 2, 6|
bad coloring on level 2  |1, 10, 2, 7|
bad coloring on level 2  |3, 10, 2, 7|
bad coloring on level 2  |6, 10, 2, 7|
bad coloring on level 2  |8, 10, 2, 7|
bad coloring on level 2  |9, 10, 2, 7|
bad coloring on level 2  |10, 10, 2, 7|
bad coloring on level 2  |10, 13, 2, 7|
bad coloring on level 2  |10, 14, 2, 7|
bad coloring on level 2  |3, 10, 2, 9|
bad coloring on level 2  |3, 14, 2, 9|
bad coloring on level 2  |10, 13, 2, 9|
bad coloring on level 2  |10, 14, 2, 9|
bad coloring on level 2  |3, 10, 2, 13|
bad coloring on level 2  |10, 13, 2, 13|
bad coloring on level 2  |10, 14, 2, 13|
bad coloring on level 2  |1, 10, 2, 14|
bad coloring on level 2  |3, 9, 2, 14|
bad coloring on level 2  |3, 10, 2, 14|
bad coloring on level 2  |6, 8, 2, 14|
bad coloring on level 2  |6, 10, 2, 14|
bad coloring on level 2  |8, 10, 2, 14|
bad coloring on level 2  |9, 10, 2, 14|
bad coloring on level 2  |10, 10, 2, 14|
bad coloring on level 2  |10, 13, 2, 14|
bad coloring on level 2  |10, 14, 2, 14|
bad coloring on level 2  |9, 14, 3, 3|
bad coloring on level 2  |10, 13, 3, 3|
bad coloring on level 2  |10, 14, 3, 3|
bad coloring on level 2  |9, 14, 3, 4|
bad coloring on level 2  |10, 13, 3, 4|
bad coloring on level 2  |10, 14, 3, 4|
bad coloring on level 2  |9, 10, 3, 7|
bad coloring on level 2  |9, 14, 3, 7|
bad coloring on level 2  |10, 13, 3, 7|
bad coloring on level 2  |10, 14, 3, 7|
bad coloring on level 2  |9, 14, 3, 8|
bad coloring on level 2  |10, 13, 3, 8|
bad coloring on level 2  |10, 14, 3, 8|
bad coloring on level 2  |1, 1, 3, 9|
bad coloring on level 2  |1, 2, 3, 9|
bad coloring on level 2  |1, 6, 3, 9|
bad coloring on level 2  |1, 7, 3, 9|
bad coloring on level 2  |1, 8, 3, 9|
bad coloring on level 2  |1, 10, 3, 9|
bad coloring on level 2  |1, 13, 3, 9|
bad coloring on level 2  |1, 14, 3, 9|
bad coloring on level 2  |2, 14, 3, 9|
bad coloring on level 2  |3, 14, 3, 9|
bad coloring on level 2  |7, 14, 3, 9|
bad coloring on level 2  |9, 14, 3, 9|
bad coloring on level 2  |10, 13, 3, 9|
bad coloring on level 2  |10, 14, 3, 9|
bad coloring on level 2  |13, 14, 3, 9|
bad coloring on level 2  |14, 14, 3, 9|
bad coloring on level 2  |1, 2, 3, 10|
bad coloring on level 2  |1, 13, 3, 10|
bad coloring on level 2  |1, 14, 3, 10|
bad coloring on level 2  |2, 2, 3, 10|
bad coloring on level 2  |2, 4, 3, 10|
bad coloring on level 2  |2, 6, 3, 10|
bad coloring on level 2  |2, 7, 3, 10|
bad coloring on level 2  |2, 9, 3, 10|
bad coloring on level 2  |2, 13, 3, 10|
bad coloring on level 2  |2, 14, 3, 10|
bad coloring on level 2  |3, 14, 3, 10|
bad coloring on level 2  |6, 13, 3, 10|
bad coloring on level 2  |7, 14, 3, 10|
bad coloring on level 2  |9, 13, 3, 10|
bad coloring on level 2  |9, 14, 3, 10|
bad coloring on level 2  |10, 13, 3, 10|
bad coloring on level 2  |10, 14, 3, 10|
bad coloring on level 2  |13, 14, 3, 10|
bad coloring on level 2  |14, 14, 3, 10|
bad coloring on level 2  |9, 10, 3, 13|
bad coloring on level 2  |9, 14, 3, 13|
bad coloring on level 2  |10, 13, 3, 13|
bad coloring on level 2  |10, 14, 3, 13|
bad coloring on level 2  |1, 6, 3, 14|
bad coloring on level 2  |1, 10, 3, 14|
bad coloring on level 2  |2, 6, 3, 14|
bad coloring on level 2  |2, 9, 3, 14|
bad coloring on level 2  |3, 9, 3, 14|
bad coloring on level 2  |3, 10, 3, 14|
bad coloring on level 2  |4, 6, 3, 14|
bad coloring on level 2  |4, 9, 3, 14|
bad coloring on level 2  |6, 6, 3, 14|
bad coloring on level 2  |6, 8, 3, 14|
bad coloring on level 2  |6, 9, 3, 14|
bad coloring on level 2  |6, 10, 3, 14|
bad coloring on level 2  |6, 13, 3, 14|
bad coloring on level 2  |8, 10, 3, 14|
bad coloring on level 2  |9, 9, 3, 14|
bad coloring on level 2  |9, 10, 3, 14|
bad coloring on level 2  |9, 13, 3, 14|
bad coloring on level 2  |9, 14, 3, 14|
bad coloring on level 2  |10, 10, 3, 14|
bad coloring on level 2  |10, 13, 3, 14|
bad coloring on level 2  |10, 14, 3, 14|
bad coloring on level 2  |10, 13, 4, 4|
bad coloring on level 2  |10, 14, 4, 4|
bad coloring on level 2  |3, 14, 4, 6|
bad coloring on level 2  |10, 13, 4, 6|
bad coloring on level 2  |10, 14, 4, 6|
bad coloring on level 2  |9, 10, 4, 7|
bad coloring on level 2  |10, 13, 4, 7|
bad coloring on level 2  |10, 14, 4, 7|
bad coloring on level 2  |9, 14, 4, 8|
bad coloring on level 2  |10, 13, 4, 8|
bad coloring on level 2  |10, 14, 4, 8|
bad coloring on level 2  |3, 14, 4, 9|
bad coloring on level 2  |10, 13, 4, 9|
bad coloring on level 2  |10, 14, 4, 9|
bad coloring on level 2  |10, 13, 4, 13|
bad coloring on level 2  |10, 14, 4, 13|
bad coloring on level 2  |3, 14, 6, 6|
bad coloring on level 2  |10, 13, 6, 6|
bad coloring on level 2  |10, 14, 6, 6|
bad coloring on level 2  |1, 14, 6, 8|
bad coloring on level 2  |2, 14, 6, 8|
bad coloring on level 2  |3, 14, 6, 8|
bad coloring on level 2  |7, 14, 6, 8|
bad coloring on level 2  |9, 14, 6, 8|
bad coloring on level 2  |10, 14, 6, 8|
bad coloring on level 2  |13, 14, 6, 8|
bad coloring on level 2  |14, 14, 6, 8|
bad coloring on level 2  |3, 14, 6, 9|
bad coloring on level 2  |10, 13, 6, 9|
bad coloring on level 2  |10, 14, 6, 9|
bad coloring on level 2  |1, 14, 6, 10|
bad coloring on level 2  |2, 7, 6, 10|
bad coloring on level 2  |2, 14, 6, 10|
bad coloring on level 2  |3, 14, 6, 10|
bad coloring on level 2  |7, 14, 6, 10|
bad coloring on level 2  |9, 14, 6, 10|
bad coloring on level 2  |10, 14, 6, 10|
bad coloring on level 2  |13, 14, 6, 10|
bad coloring on level 2  |14, 14, 6, 10|
bad coloring on level 2  |3, 10, 6, 13|
bad coloring on level 2  |3, 14, 6, 13|
bad coloring on level 2  |10, 13, 6, 13|
bad coloring on level 2  |10, 14, 6, 13|
bad coloring on level 2  |9, 10, 7, 7|
bad coloring on level 2  |10, 13, 7, 7|
bad coloring on level 2  |10, 14, 7, 7|
bad coloring on level 2  |9, 10, 7, 8|
bad coloring on level 2  |9, 14, 7, 8|
bad coloring on level 2  |10, 13, 7, 8|
bad coloring on level 2  |10, 14, 7, 8|
bad coloring on level 2  |9, 10, 7, 13|
bad coloring on level 2  |10, 13, 7, 13|
bad coloring on level 2  |10, 14, 7, 13|
bad coloring on level 2  |1, 10, 7, 14|
bad coloring on level 2  |3, 9, 7, 14|
bad coloring on level 2  |3, 10, 7, 14|
bad coloring on level 2  |6, 8, 7, 14|
bad coloring on level 2  |6, 10, 7, 14|
bad coloring on level 2  |8, 10, 7, 14|
bad coloring on level 2  |9, 10, 7, 14|
bad coloring on level 2  |10, 10, 7, 14|
bad coloring on level 2  |10, 13, 7, 14|
bad coloring on level 2  |10, 14, 7, 14|
bad coloring on level 2  |9, 14, 8, 8|
bad coloring on level 2  |10, 13, 8, 8|
bad coloring on level 2  |10, 14, 8, 8|
bad coloring on level 2  |1, 14, 8, 10|
bad coloring on level 2  |2, 7, 8, 10|
bad coloring on level 2  |2, 14, 8, 10|
bad coloring on level 2  |3, 14, 8, 10|
bad coloring on level 2  |7, 14, 8, 10|
bad coloring on level 2  |9, 14, 8, 10|
bad coloring on level 2  |10, 14, 8, 10|
bad coloring on level 2  |13, 14, 8, 10|
bad coloring on level 2  |14, 14, 8, 10|
bad coloring on level 2  |9, 10, 8, 13|
bad coloring on level 2  |9, 14, 8, 13|
bad coloring on level 2  |10, 13, 8, 13|
bad coloring on level 2  |10, 14, 8, 13|
bad coloring on level 2  |3, 14, 9, 9|
bad coloring on level 2  |10, 13, 9, 9|
bad coloring on level 2  |10, 14, 9, 9|
bad coloring on level 2  |1, 7, 9, 10|
bad coloring on level 2  |1, 13, 9, 10|
bad coloring on level 2  |1, 14, 9, 10|
bad coloring on level 2  |2, 7, 9, 10|
bad coloring on level 2  |2, 14, 9, 10|
bad coloring on level 2  |3, 7, 9, 10|
bad coloring on level 2  |3, 13, 9, 10|
bad coloring on level 2  |3, 14, 9, 10|
bad coloring on level 2  |4, 7, 9, 10|
bad coloring on level 2  |7, 7, 9, 10|
bad coloring on level 2  |7, 8, 9, 10|
bad coloring on level 2  |7, 13, 9, 10|
bad coloring on level 2  |7, 14, 9, 10|
bad coloring on level 2  |8, 13, 9, 10|
bad coloring on level 2  |9, 14, 9, 10|
bad coloring on level 2  |10, 13, 9, 10|
bad coloring on level 2  |10, 14, 9, 10|
bad coloring on level 2  |13, 14, 9, 10|
bad coloring on level 2  |14, 14, 9, 10|
bad coloring on level 2  |3, 10, 9, 13|
bad coloring on level 2  |3, 14, 9, 13|
bad coloring on level 2  |10, 13, 9, 13|
bad coloring on level 2  |10, 14, 9, 13|
bad coloring on level 2  |1, 8, 9, 14|
bad coloring on level 2  |1, 10, 9, 14|
bad coloring on level 2  |3, 3, 9, 14|
bad coloring on level 2  |3, 4, 9, 14|
bad coloring on level 2  |3, 7, 9, 14|
bad coloring on level 2  |3, 8, 9, 14|
bad coloring on level 2  |3, 9, 9, 14|
bad coloring on level 2  |3, 10, 9, 14|
bad coloring on level 2  |3, 13, 9, 14|
bad coloring on level 2  |3, 14, 9, 14|
bad coloring on level 2  |4, 8, 9, 14|
bad coloring on level 2  |6, 8, 9, 14|
bad coloring on level 2  |6, 10, 9, 14|
bad coloring on level 2  |7, 8, 9, 14|
bad coloring on level 2  |8, 8, 9, 14|
bad coloring on level 2  |8, 10, 9, 14|
bad coloring on level 2  |8, 13, 9, 14|
bad coloring on level 2  |9, 10, 9, 14|
bad coloring on level 2  |10, 10, 9, 14|
bad coloring on level 2  |10, 13, 9, 14|
bad coloring on level 2  |10, 14, 9, 14|
bad coloring on level 2  |1, 13, 10, 10|
bad coloring on level 2  |1, 14, 10, 10|
bad coloring on level 2  |2, 7, 10, 10|
bad coloring on level 2  |2, 14, 10, 10|
bad coloring on level 2  |3, 14, 10, 10|
bad coloring on level 2  |7, 14, 10, 10|
bad coloring on level 2  |9, 14, 10, 10|
bad coloring on level 2  |10, 13, 10, 10|
bad coloring on level 2  |10, 14, 10, 10|
bad coloring on level 2  |13, 14, 10, 10|
bad coloring on level 2  |14, 14, 10, 10|
bad coloring on level 2  |1, 1, 10, 13|
bad coloring on level 2  |1, 2, 10, 13|
bad coloring on level 2  |1, 7, 10, 13|
bad coloring on level 2  |1, 10, 10, 13|
bad coloring on level 2  |1, 13, 10, 13|
bad coloring on level 2  |1, 14, 10, 13|
bad coloring on level 2  |2, 2, 10, 13|
bad coloring on level 2  |2, 4, 10, 13|
bad coloring on level 2  |2, 6, 10, 13|
bad coloring on level 2  |2, 7, 10, 13|
bad coloring on level 2  |2, 9, 10, 13|
bad coloring on level 2  |2, 13, 10, 13|
bad coloring on level 2  |2, 14, 10, 13|
bad coloring on level 2  |3, 3, 10, 13|
bad coloring on level 2  |3, 4, 10, 13|
bad coloring on level 2  |3, 7, 10, 13|
bad coloring on level 2  |3, 8, 10, 13|
bad coloring on level 2  |3, 9, 10, 13|
bad coloring on level 2  |3, 10, 10, 13|
bad coloring on level 2  |3, 13, 10, 13|
bad coloring on level 2  |3, 14, 10, 13|
bad coloring on level 2  |4, 4, 10, 13|
bad coloring on level 2  |4, 6, 10, 13|
bad coloring on level 2  |4, 7, 10, 13|
bad coloring on level 2  |4, 8, 10, 13|
bad coloring on level 2  |4, 9, 10, 13|
bad coloring on level 2  |4, 13, 10, 13|
bad coloring on level 2  |6, 6, 10, 13|
bad coloring on level 2  |6, 9, 10, 13|
bad coloring on level 2  |6, 13, 10, 13|
bad coloring on level 2  |7, 7, 10, 13|
bad coloring on level 2  |7, 8, 10, 13|
bad coloring on level 2  |7, 13, 10, 13|
bad coloring on level 2  |7, 14, 10, 13|
bad coloring on level 2  |8, 8, 10, 13|
bad coloring on level 2  |8, 13, 10, 13|
bad coloring on level 2  |9, 9, 10, 13|
bad coloring on level 2  |9, 10, 10, 13|
bad coloring on level 2  |9, 13, 10, 13|
bad coloring on level 2  |9, 14, 10, 13|
bad coloring on level 2  |10, 10, 10, 13|
bad coloring on level 2  |10, 13, 10, 13|
bad coloring on level 2  |10, 14, 10, 13|
bad coloring on level 2  |13, 13, 10, 13|
bad coloring on level 2  |13, 14, 10, 13|
bad coloring on level 2  |14, 14, 10, 13|
bad coloring on level 2  |1, 1, 10, 14|
bad coloring on level 2  |1, 2, 10, 14|
bad coloring on level 2  |1, 6, 10, 14|
bad coloring on level 2  |1, 7, 10, 14|
bad coloring on level 2  |1, 8, 10, 14|
bad coloring on level 2  |1, 10, 10, 14|
bad coloring on level 2  |1, 13, 10, 14|
bad coloring on level 2  |1, 14, 10, 14|
bad coloring on level 2  |2, 2, 10, 14|
bad coloring on level 2  |2, 4, 10, 14|
bad coloring on level 2  |2, 6, 10, 14|
bad coloring on level 2  |2, 7, 10, 14|
bad coloring on level 2  |2, 9, 10, 14|
bad coloring on level 2  |2, 13, 10, 14|
bad coloring on level 2  |2, 14, 10, 14|
bad coloring on level 2  |3, 3, 10, 14|
bad coloring on level 2  |3, 4, 10, 14|
bad coloring on level 2  |3, 7, 10, 14|
bad coloring on level 2  |3, 8, 10, 14|
bad coloring on level 2  |3, 9, 10, 14|
bad coloring on level 2  |3, 10, 10, 14|
bad coloring on level 2  |3, 13, 10, 14|
bad coloring on level 2  |3, 14, 10, 14|
bad coloring on level 2  |4, 4, 10, 14|
bad coloring on level 2  |4, 6, 10, 14|
bad coloring on level 2  |4, 7, 10, 14|
bad coloring on level 2  |4, 8, 10, 14|
bad coloring on level 2  |4, 9, 10, 14|
bad coloring on level 2  |4, 13, 10, 14|
bad coloring on level 2  |6, 6, 10, 14|
bad coloring on level 2  |6, 8, 10, 14|
bad coloring on level 2  |6, 9, 10, 14|
bad coloring on level 2  |6, 10, 10, 14|
bad coloring on level 2  |6, 13, 10, 14|
bad coloring on level 2  |7, 7, 10, 14|
bad coloring on level 2  |7, 8, 10, 14|
bad coloring on level 2  |7, 13, 10, 14|
bad coloring on level 2  |7, 14, 10, 14|
bad coloring on level 2  |8, 8, 10, 14|
bad coloring on level 2  |8, 10, 10, 14|
bad coloring on level 2  |8, 13, 10, 14|
bad coloring on level 2  |9, 9, 10, 14|
bad coloring on level 2  |9, 10, 10, 14|
bad coloring on level 2  |9, 13, 10, 14|
bad coloring on level 2  |9, 14, 10, 14|
bad coloring on level 2  |10, 10, 10, 14|
bad coloring on level 2  |10, 13, 10, 14|
bad coloring on level 2  |10, 14, 10, 14|
bad coloring on level 2  |13, 13, 10, 14|
bad coloring on level 2  |13, 14, 10, 14|
bad coloring on level 2  |14, 14, 10, 14|
bad coloring on level 2  |10, 13, 13, 13|
bad coloring on level 2  |10, 14, 13, 13|
bad coloring on level 2  |1, 10, 13, 14|
bad coloring on level 2  |3, 9, 13, 14|
bad coloring on level 2  |3, 10, 13, 14|
bad coloring on level 2  |6, 8, 13, 14|
bad coloring on level 2  |6, 10, 13, 14|
bad coloring on level 2  |8, 10, 13, 14|
bad coloring on level 2  |9, 10, 13, 14|
bad coloring on level 2  |10, 10, 13, 14|
bad coloring on level 2  |10, 13, 13, 14|
bad coloring on level 2  |10, 14, 13, 14|
bad coloring on level 2  |1, 10, 14, 14|
bad coloring on level 2  |3, 9, 14, 14|
bad coloring on level 2  |3, 10, 14, 14|
bad coloring on level 2  |6, 8, 14, 14|
bad coloring on level 2  |6, 10, 14, 14|
bad coloring on level 2  |8, 10, 14, 14|
bad coloring on level 2  |9, 10, 14, 14|
bad coloring on level 2  |10, 10, 14, 14|
bad coloring on level 2  |10, 13, 14, 14|
bad coloring on level 2  |10, 14, 14, 14|

410 bad colorings on level 2
