Trying substitutions to: 3
with goodVertices 2, 4, 5, 7, 9, 11, 12, 14, 15
bad color to improve: 1  6  with index 21
bad color to improve: 2  5  with index 34
bad color to improve: 2  11  with index 40
bad color to improve: 5  11  with index 76
4 bad colorings on level 1
bad coloring on level 2  |9, 14, 3, 8|
bad coloring on level 2  |10, 13, 3, 8|
bad coloring on level 2  |4, 7, 3, 10|
bad coloring on level 2  |8, 13, 3, 10|
bad coloring on level 2  |8, 10, 3, 13|
bad coloring on level 2  |12, 15, 3, 13|
bad coloring on level 2  |3, 10, 4, 7|
bad coloring on level 2  |8, 10, 4, 7|
bad coloring on level 2  |9, 10, 4, 7|
bad coloring on level 2  |10, 10, 4, 7|
bad coloring on level 2  |10, 12, 4, 7|
bad coloring on level 2  |10, 13, 4, 7|
bad coloring on level 2  |10, 14, 4, 7|
bad coloring on level 2  |10, 15, 4, 7|
bad coloring on level 2  |9, 14, 4, 8|
bad coloring on level 2  |10, 13, 4, 8|
bad coloring on level 2  |10, 14, 4, 8|
bad coloring on level 2  |7, 12, 4, 9|
bad coloring on level 2  |12, 14, 4, 9|
bad coloring on level 2  |8, 10, 4, 13|
bad coloring on level 2  |10, 12, 4, 13|
bad coloring on level 2  |12, 15, 4, 13|
bad coloring on level 2  |7, 14, 4, 15|
bad coloring on level 2  |12, 14, 4, 15|
bad coloring on level 2  |9, 10, 7, 8|
bad coloring on level 2  |9, 14, 7, 8|
bad coloring on level 2  |10, 13, 7, 8|
bad coloring on level 2  |4, 9, 7, 12|
bad coloring on level 2  |9, 15, 7, 12|
bad coloring on level 2  |8, 10, 7, 13|
bad coloring on level 2  |10, 15, 7, 13|
bad coloring on level 2  |12, 15, 7, 13|
bad coloring on level 2  |4, 15, 7, 14|
bad coloring on level 2  |9, 15, 7, 14|
bad coloring on level 2  |9, 14, 8, 8|
bad coloring on level 2  |10, 13, 8, 8|
bad coloring on level 2  |3, 13, 8, 10|
bad coloring on level 2  |4, 7, 8, 10|
bad coloring on level 2  |4, 13, 8, 10|
bad coloring on level 2  |7, 13, 8, 10|
bad coloring on level 2  |8, 13, 8, 10|
bad coloring on level 2  |9, 13, 8, 10|
bad coloring on level 2  |9, 14, 8, 10|
bad coloring on level 2  |10, 13, 8, 10|
bad coloring on level 2  |13, 13, 8, 10|
bad coloring on level 2  |13, 14, 8, 10|
bad coloring on level 2  |9, 13, 8, 12|
bad coloring on level 2  |9, 14, 8, 12|
bad coloring on level 2  |10, 13, 8, 12|
bad coloring on level 2  |3, 10, 8, 13|
bad coloring on level 2  |8, 10, 8, 13|
bad coloring on level 2  |9, 10, 8, 13|
bad coloring on level 2  |9, 14, 8, 13|
bad coloring on level 2  |10, 10, 8, 13|
bad coloring on level 2  |10, 12, 8, 13|
bad coloring on level 2  |10, 13, 8, 13|
bad coloring on level 2  |10, 14, 8, 13|
bad coloring on level 2  |10, 15, 8, 13|
bad coloring on level 2  |12, 15, 8, 13|
bad coloring on level 2  |9, 14, 8, 15|
bad coloring on level 2  |10, 13, 8, 15|
bad coloring on level 2  |13, 14, 8, 15|
bad coloring on level 2  |4, 7, 9, 10|
bad coloring on level 2  |7, 8, 9, 10|
bad coloring on level 2  |8, 13, 9, 10|
bad coloring on level 2  |8, 10, 9, 13|
bad coloring on level 2  |8, 12, 9, 13|
bad coloring on level 2  |12, 15, 9, 13|
bad coloring on level 2  |3, 8, 9, 14|
bad coloring on level 2  |4, 8, 9, 14|
bad coloring on level 2  |7, 8, 9, 14|
bad coloring on level 2  |8, 8, 9, 14|
bad coloring on level 2  |8, 10, 9, 14|
bad coloring on level 2  |8, 12, 9, 14|
bad coloring on level 2  |8, 13, 9, 14|
bad coloring on level 2  |8, 15, 9, 14|
bad coloring on level 2  |7, 12, 9, 15|
bad coloring on level 2  |7, 14, 9, 15|
bad coloring on level 2  |4, 7, 10, 10|
bad coloring on level 2  |8, 13, 10, 10|
bad coloring on level 2  |4, 7, 10, 12|
bad coloring on level 2  |4, 13, 10, 12|
bad coloring on level 2  |8, 13, 10, 12|
bad coloring on level 2  |3, 8, 10, 13|
bad coloring on level 2  |4, 7, 10, 13|
bad coloring on level 2  |4, 8, 10, 13|
bad coloring on level 2  |7, 8, 10, 13|
bad coloring on level 2  |8, 8, 10, 13|
bad coloring on level 2  |8, 10, 10, 13|
bad coloring on level 2  |8, 12, 10, 13|
bad coloring on level 2  |8, 13, 10, 13|
bad coloring on level 2  |8, 15, 10, 13|
bad coloring on level 2  |12, 15, 10, 13|
bad coloring on level 2  |4, 7, 10, 14|
bad coloring on level 2  |4, 8, 10, 14|
bad coloring on level 2  |8, 13, 10, 14|
bad coloring on level 2  |4, 7, 10, 15|
bad coloring on level 2  |7, 13, 10, 15|
bad coloring on level 2  |8, 13, 10, 15|
bad coloring on level 2  |4, 9, 12, 14|
bad coloring on level 2  |4, 15, 12, 14|
bad coloring on level 2  |3, 13, 12, 15|
bad coloring on level 2  |4, 13, 12, 15|
bad coloring on level 2  |7, 13, 12, 15|
bad coloring on level 2  |8, 13, 12, 15|
bad coloring on level 2  |9, 13, 12, 15|
bad coloring on level 2  |10, 13, 12, 15|
bad coloring on level 2  |13, 13, 12, 15|
bad coloring on level 2  |13, 14, 12, 15|
bad coloring on level 2  |8, 10, 13, 13|
bad coloring on level 2  |12, 15, 13, 13|
bad coloring on level 2  |8, 10, 13, 14|
bad coloring on level 2  |8, 15, 13, 14|
bad coloring on level 2  |12, 15, 13, 14|

114 bad colorings on level 2
