Trying substitutions to: 1
with goodVertices 2, 4, 5, 6, 7, 9, 11, 13, 14
bad color to improve: 0  4  with index 4
bad color to improve: 0  9  with index 9
bad color to improve: 4  9  with index 63
3 bad colorings on level 1
bad coloring on level 2  |1, 10, 1, 8|
bad coloring on level 2  |5, 10, 1, 8|
bad coloring on level 2  |5, 14, 1, 8|
bad coloring on level 2  |8, 10, 1, 8|
bad coloring on level 2  |10, 10, 1, 8|
bad coloring on level 2  |10, 12, 1, 8|
bad coloring on level 2  |10, 14, 1, 8|
bad coloring on level 2  |1, 8, 1, 10|
bad coloring on level 2  |7, 8, 1, 10|
bad coloring on level 2  |7, 11, 1, 10|
bad coloring on level 2  |8, 8, 1, 10|
bad coloring on level 2  |8, 10, 1, 10|
bad coloring on level 2  |8, 11, 1, 10|
bad coloring on level 2  |8, 12, 1, 10|
bad coloring on level 2  |6, 13, 1, 12|
bad coloring on level 2  |8, 10, 1, 12|
bad coloring on level 2  |1, 8, 5, 10|
bad coloring on level 2  |7, 8, 5, 10|
bad coloring on level 2  |7, 11, 5, 10|
bad coloring on level 2  |8, 12, 5, 10|
bad coloring on level 2  |6, 13, 5, 12|
bad coloring on level 2  |8, 10, 5, 12|
bad coloring on level 2  |8, 13, 5, 12|
bad coloring on level 2  |1, 8, 5, 14|
bad coloring on level 2  |6, 8, 5, 14|
bad coloring on level 2  |7, 8, 5, 14|
bad coloring on level 2  |8, 8, 5, 14|
bad coloring on level 2  |8, 10, 5, 14|
bad coloring on level 2  |8, 11, 5, 14|
bad coloring on level 2  |8, 12, 5, 14|
bad coloring on level 2  |8, 13, 5, 14|
bad coloring on level 2  |5, 14, 6, 8|
bad coloring on level 2  |10, 12, 6, 8|
bad coloring on level 2  |12, 14, 6, 8|
bad coloring on level 2  |7, 11, 6, 10|
bad coloring on level 2  |7, 12, 6, 10|
bad coloring on level 2  |8, 12, 6, 10|
bad coloring on level 2  |1, 12, 6, 13|
bad coloring on level 2  |5, 12, 6, 13|
bad coloring on level 2  |7, 12, 6, 13|
bad coloring on level 2  |8, 12, 6, 13|
bad coloring on level 2  |10, 12, 6, 13|
bad coloring on level 2  |11, 12, 6, 13|
bad coloring on level 2  |12, 12, 6, 13|
bad coloring on level 2  |12, 14, 6, 13|
bad coloring on level 2  |1, 10, 7, 8|
bad coloring on level 2  |5, 10, 7, 8|
bad coloring on level 2  |5, 14, 7, 8|
bad coloring on level 2  |10, 12, 7, 8|
bad coloring on level 2  |1, 10, 7, 11|
bad coloring on level 2  |5, 10, 7, 11|
bad coloring on level 2  |6, 10, 7, 11|
bad coloring on level 2  |8, 10, 7, 11|
bad coloring on level 2  |10, 10, 7, 11|
bad coloring on level 2  |10, 12, 7, 11|
bad coloring on level 2  |10, 13, 7, 11|
bad coloring on level 2  |10, 14, 7, 11|
bad coloring on level 2  |6, 10, 7, 12|
bad coloring on level 2  |6, 13, 7, 12|
bad coloring on level 2  |8, 10, 7, 12|
bad coloring on level 2  |1, 10, 8, 8|
bad coloring on level 2  |5, 14, 8, 8|
bad coloring on level 2  |10, 12, 8, 8|
bad coloring on level 2  |1, 8, 8, 10|
bad coloring on level 2  |1, 10, 8, 10|
bad coloring on level 2  |1, 12, 8, 10|
bad coloring on level 2  |5, 12, 8, 10|
bad coloring on level 2  |5, 14, 8, 10|
bad coloring on level 2  |7, 11, 8, 10|
bad coloring on level 2  |7, 12, 8, 10|
bad coloring on level 2  |8, 12, 8, 10|
bad coloring on level 2  |10, 12, 8, 10|
bad coloring on level 2  |11, 12, 8, 10|
bad coloring on level 2  |12, 12, 8, 10|
bad coloring on level 2  |12, 14, 8, 10|
bad coloring on level 2  |1, 10, 8, 11|
bad coloring on level 2  |5, 14, 8, 11|
bad coloring on level 2  |10, 12, 8, 11|
bad coloring on level 2  |10, 14, 8, 11|
bad coloring on level 2  |1, 10, 8, 12|
bad coloring on level 2  |5, 10, 8, 12|
bad coloring on level 2  |5, 14, 8, 12|
bad coloring on level 2  |6, 10, 8, 12|
bad coloring on level 2  |6, 13, 8, 12|
bad coloring on level 2  |8, 10, 8, 12|
bad coloring on level 2  |10, 10, 8, 12|
bad coloring on level 2  |10, 12, 8, 12|
bad coloring on level 2  |10, 13, 8, 12|
bad coloring on level 2  |10, 14, 8, 12|
bad coloring on level 2  |5, 12, 8, 13|
bad coloring on level 2  |5, 14, 8, 13|
bad coloring on level 2  |10, 12, 8, 13|
bad coloring on level 2  |1, 8, 10, 10|
bad coloring on level 2  |7, 11, 10, 10|
bad coloring on level 2  |8, 12, 10, 10|
bad coloring on level 2  |1, 8, 10, 12|
bad coloring on level 2  |6, 8, 10, 12|
bad coloring on level 2  |6, 13, 10, 12|
bad coloring on level 2  |7, 8, 10, 12|
bad coloring on level 2  |7, 11, 10, 12|
bad coloring on level 2  |8, 8, 10, 12|
bad coloring on level 2  |8, 10, 10, 12|
bad coloring on level 2  |8, 11, 10, 12|
bad coloring on level 2  |8, 12, 10, 12|
bad coloring on level 2  |8, 13, 10, 12|
bad coloring on level 2  |7, 11, 10, 13|
bad coloring on level 2  |8, 12, 10, 13|
bad coloring on level 2  |11, 12, 10, 13|
bad coloring on level 2  |1, 8, 10, 14|
bad coloring on level 2  |7, 11, 10, 14|
bad coloring on level 2  |8, 11, 10, 14|
bad coloring on level 2  |8, 12, 10, 14|
bad coloring on level 2  |6, 13, 11, 12|
bad coloring on level 2  |8, 10, 11, 12|
bad coloring on level 2  |10, 13, 11, 12|
bad coloring on level 2  |6, 13, 12, 12|
bad coloring on level 2  |8, 10, 12, 12|
bad coloring on level 2  |6, 8, 12, 14|
bad coloring on level 2  |6, 13, 12, 14|
bad coloring on level 2  |8, 10, 12, 14|

120 bad colorings on level 2
