Trying substitutions to: 1
with goodVertices 2, 4, 5, 6, 7, 8, 11, 12, 15
bad color to improve: 0  4  with index 4
bad color to improve: 0  15  with index 15
bad color to improve: 4  15  with index 69
3 bad colorings on level 1
bad coloring on level 2  |1, 13, 1, 10|
bad coloring on level 2  |2, 7, 1, 10|
bad coloring on level 2  |2, 13, 1, 10|
bad coloring on level 2  |7, 13, 1, 10|
bad coloring on level 2  |10, 13, 1, 10|
bad coloring on level 2  |13, 13, 1, 10|
bad coloring on level 2  |13, 14, 1, 10|
bad coloring on level 2  |1, 10, 1, 13|
bad coloring on level 2  |5, 10, 1, 13|
bad coloring on level 2  |5, 12, 1, 13|
bad coloring on level 2  |10, 10, 1, 13|
bad coloring on level 2  |10, 12, 1, 13|
bad coloring on level 2  |10, 13, 1, 13|
bad coloring on level 2  |10, 14, 1, 13|
bad coloring on level 2  |6, 8, 1, 14|
bad coloring on level 2  |10, 13, 1, 14|
bad coloring on level 2  |1, 10, 2, 7|
bad coloring on level 2  |5, 10, 2, 7|
bad coloring on level 2  |6, 10, 2, 7|
bad coloring on level 2  |8, 10, 2, 7|
bad coloring on level 2  |10, 10, 2, 7|
bad coloring on level 2  |10, 12, 2, 7|
bad coloring on level 2  |10, 13, 2, 7|
bad coloring on level 2  |10, 14, 2, 7|
bad coloring on level 2  |1, 10, 2, 13|
bad coloring on level 2  |5, 12, 2, 13|
bad coloring on level 2  |10, 12, 2, 13|
bad coloring on level 2  |10, 14, 2, 13|
bad coloring on level 2  |6, 8, 2, 14|
bad coloring on level 2  |8, 10, 2, 14|
bad coloring on level 2  |10, 13, 2, 14|
bad coloring on level 2  |1, 13, 5, 10|
bad coloring on level 2  |2, 7, 5, 10|
bad coloring on level 2  |7, 13, 5, 10|
bad coloring on level 2  |13, 14, 5, 10|
bad coloring on level 2  |1, 13, 5, 12|
bad coloring on level 2  |2, 13, 5, 12|
bad coloring on level 2  |6, 13, 5, 12|
bad coloring on level 2  |7, 13, 5, 12|
bad coloring on level 2  |8, 13, 5, 12|
bad coloring on level 2  |10, 13, 5, 12|
bad coloring on level 2  |13, 13, 5, 12|
bad coloring on level 2  |13, 14, 5, 12|
bad coloring on level 2  |6, 8, 5, 14|
bad coloring on level 2  |8, 13, 5, 14|
bad coloring on level 2  |10, 13, 5, 14|
bad coloring on level 2  |1, 14, 6, 8|
bad coloring on level 2  |2, 14, 6, 8|
bad coloring on level 2  |5, 14, 6, 8|
bad coloring on level 2  |7, 14, 6, 8|
bad coloring on level 2  |10, 14, 6, 8|
bad coloring on level 2  |12, 14, 6, 8|
bad coloring on level 2  |13, 14, 6, 8|
bad coloring on level 2  |14, 14, 6, 8|
bad coloring on level 2  |2, 7, 6, 10|
bad coloring on level 2  |7, 14, 6, 10|
bad coloring on level 2  |13, 14, 6, 10|
bad coloring on level 2  |5, 12, 6, 13|
bad coloring on level 2  |10, 14, 6, 13|
bad coloring on level 2  |12, 14, 6, 13|
bad coloring on level 2  |1, 10, 7, 13|
bad coloring on level 2  |5, 10, 7, 13|
bad coloring on level 2  |5, 12, 7, 13|
bad coloring on level 2  |10, 14, 7, 13|
bad coloring on level 2  |6, 8, 7, 14|
bad coloring on level 2  |6, 10, 7, 14|
bad coloring on level 2  |10, 13, 7, 14|
bad coloring on level 2  |2, 7, 8, 10|
bad coloring on level 2  |2, 14, 8, 10|
bad coloring on level 2  |13, 14, 8, 10|
bad coloring on level 2  |5, 12, 8, 13|
bad coloring on level 2  |5, 14, 8, 13|
bad coloring on level 2  |10, 14, 8, 13|
bad coloring on level 2  |1, 13, 10, 10|
bad coloring on level 2  |2, 7, 10, 10|
bad coloring on level 2  |13, 14, 10, 10|
bad coloring on level 2  |1, 13, 10, 12|
bad coloring on level 2  |2, 7, 10, 12|
bad coloring on level 2  |2, 13, 10, 12|
bad coloring on level 2  |13, 14, 10, 12|
bad coloring on level 2  |1, 10, 10, 13|
bad coloring on level 2  |1, 13, 10, 13|
bad coloring on level 2  |1, 14, 10, 13|
bad coloring on level 2  |2, 7, 10, 13|
bad coloring on level 2  |2, 14, 10, 13|
bad coloring on level 2  |5, 12, 10, 13|
bad coloring on level 2  |5, 14, 10, 13|
bad coloring on level 2  |7, 14, 10, 13|
bad coloring on level 2  |10, 14, 10, 13|
bad coloring on level 2  |12, 14, 10, 13|
bad coloring on level 2  |13, 14, 10, 13|
bad coloring on level 2  |14, 14, 10, 13|
bad coloring on level 2  |1, 13, 10, 14|
bad coloring on level 2  |2, 7, 10, 14|
bad coloring on level 2  |2, 13, 10, 14|
bad coloring on level 2  |6, 8, 10, 14|
bad coloring on level 2  |6, 13, 10, 14|
bad coloring on level 2  |7, 13, 10, 14|
bad coloring on level 2  |8, 13, 10, 14|
bad coloring on level 2  |10, 13, 10, 14|
bad coloring on level 2  |13, 13, 10, 14|
bad coloring on level 2  |13, 14, 10, 14|
bad coloring on level 2  |6, 8, 12, 14|
bad coloring on level 2  |6, 13, 12, 14|
bad coloring on level 2  |10, 13, 12, 14|
bad coloring on level 2  |1, 10, 13, 13|
bad coloring on level 2  |5, 12, 13, 13|
bad coloring on level 2  |10, 14, 13, 13|
bad coloring on level 2  |1, 10, 13, 14|
bad coloring on level 2  |5, 10, 13, 14|
bad coloring on level 2  |5, 12, 13, 14|
bad coloring on level 2  |6, 8, 13, 14|
bad coloring on level 2  |6, 10, 13, 14|
bad coloring on level 2  |8, 10, 13, 14|
bad coloring on level 2  |10, 10, 13, 14|
bad coloring on level 2  |10, 12, 13, 14|
bad coloring on level 2  |10, 13, 13, 14|
bad coloring on level 2  |10, 14, 13, 14|
bad coloring on level 2  |6, 8, 14, 14|
bad coloring on level 2  |10, 13, 14, 14|

120 bad colorings on level 2
