Trying substitutions to: 0
with goodVertices 2, 4, 5, 6, 8, 9, 10, 13, 15
bad color to improve: 6  10  with index 85
bad color to improve: 6  13  with index 88
2 bad colorings on level 1
bad coloring on level 2  |0, 13, 0, 6|
bad coloring on level 2  |12, 13, 0, 6|
bad coloring on level 2  |0, 13, 0, 8|
bad coloring on level 2  |9, 12, 0, 8|
bad coloring on level 2  |12, 13, 0, 8|
bad coloring on level 2  |12, 14, 0, 8|
bad coloring on level 2  |0, 13, 0, 11|
bad coloring on level 2  |12, 13, 0, 11|
bad coloring on level 2  |0, 6, 0, 13|
bad coloring on level 2  |0, 8, 0, 13|
bad coloring on level 2  |0, 11, 0, 13|
bad coloring on level 2  |2, 8, 0, 13|
bad coloring on level 2  |2, 11, 0, 13|
bad coloring on level 2  |2, 15, 0, 13|
bad coloring on level 2  |4, 11, 0, 13|
bad coloring on level 2  |5, 11, 0, 13|
bad coloring on level 2  |6, 7, 0, 13|
bad coloring on level 2  |6, 11, 0, 13|
bad coloring on level 2  |6, 12, 0, 13|
bad coloring on level 2  |7, 11, 0, 13|
bad coloring on level 2  |7, 15, 0, 13|
bad coloring on level 2  |8, 11, 0, 13|
bad coloring on level 2  |11, 11, 0, 13|
bad coloring on level 2  |11, 12, 0, 13|
bad coloring on level 2  |11, 15, 0, 13|
bad coloring on level 2  |0, 13, 2, 8|
bad coloring on level 2  |9, 12, 2, 8|
bad coloring on level 2  |12, 13, 2, 8|
bad coloring on level 2  |12, 14, 2, 8|
bad coloring on level 2  |0, 13, 2, 11|
bad coloring on level 2  |12, 13, 2, 11|
bad coloring on level 2  |0, 13, 2, 15|
bad coloring on level 2  |12, 13, 2, 15|
bad coloring on level 2  |6, 12, 3, 14|
bad coloring on level 2  |11, 12, 3, 14|
bad coloring on level 2  |0, 13, 4, 11|
bad coloring on level 2  |9, 12, 4, 11|
bad coloring on level 2  |12, 13, 4, 11|
bad coloring on level 2  |12, 14, 4, 11|
bad coloring on level 2  |0, 13, 5, 11|
bad coloring on level 2  |12, 13, 5, 11|
bad coloring on level 2  |0, 13, 6, 7|
bad coloring on level 2  |9, 12, 6, 7|
bad coloring on level 2  |12, 13, 6, 7|
bad coloring on level 2  |12, 14, 6, 7|
bad coloring on level 2  |0, 13, 6, 11|
bad coloring on level 2  |12, 13, 6, 11|
bad coloring on level 2  |0, 13, 6, 12|
bad coloring on level 2  |3, 14, 6, 12|
bad coloring on level 2  |7, 9, 6, 12|
bad coloring on level 2  |7, 10, 6, 12|
bad coloring on level 2  |7, 14, 6, 12|
bad coloring on level 2  |12, 13, 6, 12|
bad coloring on level 2  |13, 14, 6, 12|
bad coloring on level 2  |6, 12, 7, 9|
bad coloring on level 2  |11, 12, 7, 9|
bad coloring on level 2  |6, 12, 7, 10|
bad coloring on level 2  |11, 12, 7, 10|
bad coloring on level 2  |0, 13, 7, 11|
bad coloring on level 2  |9, 12, 7, 11|
bad coloring on level 2  |12, 13, 7, 11|
bad coloring on level 2  |12, 14, 7, 11|
bad coloring on level 2  |6, 12, 7, 14|
bad coloring on level 2  |11, 12, 7, 14|
bad coloring on level 2  |0, 13, 7, 15|
bad coloring on level 2  |9, 12, 7, 15|
bad coloring on level 2  |12, 13, 7, 15|
bad coloring on level 2  |12, 14, 7, 15|
bad coloring on level 2  |0, 13, 8, 11|
bad coloring on level 2  |9, 12, 8, 11|
bad coloring on level 2  |12, 13, 8, 11|
bad coloring on level 2  |12, 14, 8, 11|
bad coloring on level 2  |0, 8, 9, 12|
bad coloring on level 2  |2, 8, 9, 12|
bad coloring on level 2  |4, 11, 9, 12|
bad coloring on level 2  |6, 7, 9, 12|
bad coloring on level 2  |7, 11, 9, 12|
bad coloring on level 2  |7, 15, 9, 12|
bad coloring on level 2  |8, 11, 9, 12|
bad coloring on level 2  |0, 13, 11, 11|
bad coloring on level 2  |12, 13, 11, 11|
bad coloring on level 2  |0, 13, 11, 12|
bad coloring on level 2  |3, 14, 11, 12|
bad coloring on level 2  |7, 9, 11, 12|
bad coloring on level 2  |7, 10, 11, 12|
bad coloring on level 2  |7, 14, 11, 12|
bad coloring on level 2  |12, 13, 11, 12|
bad coloring on level 2  |13, 14, 11, 12|
bad coloring on level 2  |0, 13, 11, 15|
bad coloring on level 2  |12, 13, 11, 15|
bad coloring on level 2  |0, 6, 12, 13|
bad coloring on level 2  |0, 8, 12, 13|
bad coloring on level 2  |0, 11, 12, 13|
bad coloring on level 2  |2, 8, 12, 13|
bad coloring on level 2  |2, 11, 12, 13|
bad coloring on level 2  |2, 15, 12, 13|
bad coloring on level 2  |4, 11, 12, 13|
bad coloring on level 2  |5, 11, 12, 13|
bad coloring on level 2  |6, 7, 12, 13|
bad coloring on level 2  |6, 11, 12, 13|
bad coloring on level 2  |6, 12, 12, 13|
bad coloring on level 2  |7, 11, 12, 13|
bad coloring on level 2  |7, 15, 12, 13|
bad coloring on level 2  |8, 11, 12, 13|
bad coloring on level 2  |11, 11, 12, 13|
bad coloring on level 2  |11, 12, 12, 13|
bad coloring on level 2  |11, 15, 12, 13|
bad coloring on level 2  |0, 8, 12, 14|
bad coloring on level 2  |2, 8, 12, 14|
bad coloring on level 2  |4, 11, 12, 14|
bad coloring on level 2  |6, 7, 12, 14|
bad coloring on level 2  |7, 11, 12, 14|
bad coloring on level 2  |7, 15, 12, 14|
bad coloring on level 2  |8, 11, 12, 14|
bad coloring on level 2  |6, 12, 13, 14|
bad coloring on level 2  |11, 12, 13, 14|

116 bad colorings on level 2
