Trying substitutions to: 0
with goodVertices 2, 4, 6, 7, 8, 9, 11, 13, 15
bad color to improve: 1  6  with index 21
bad color to improve: 6  8  with index 83
bad color to improve: 6  13  with index 88
bad color to improve: 8  13  with index 105
4 bad colorings on level 1
bad coloring on level 2  |3, 7, 0, 5|
bad coloring on level 2  |12, 14, 0, 5|
bad coloring on level 2  |7, 12, 0, 9|
bad coloring on level 2  |12, 14, 0, 9|
bad coloring on level 2  |2, 9, 0, 12|
bad coloring on level 2  |5, 14, 0, 12|
bad coloring on level 2  |9, 14, 0, 12|
bad coloring on level 2  |5, 12, 0, 14|
bad coloring on level 2  |11, 15, 0, 14|
bad coloring on level 2  |12, 15, 0, 14|
bad coloring on level 2  |7, 14, 0, 15|
bad coloring on level 2  |12, 14, 0, 15|
bad coloring on level 2  |3, 7, 2, 5|
bad coloring on level 2  |3, 12, 2, 5|
bad coloring on level 2  |12, 14, 2, 5|
bad coloring on level 2  |0, 12, 2, 9|
bad coloring on level 2  |3, 12, 2, 9|
bad coloring on level 2  |5, 12, 2, 9|
bad coloring on level 2  |7, 12, 2, 9|
bad coloring on level 2  |11, 12, 2, 9|
bad coloring on level 2  |12, 12, 2, 9|
bad coloring on level 2  |12, 14, 2, 9|
bad coloring on level 2  |12, 15, 2, 9|
bad coloring on level 2  |5, 12, 2, 14|
bad coloring on level 2  |11, 15, 2, 14|
bad coloring on level 2  |12, 15, 2, 14|
bad coloring on level 2  |0, 5, 3, 7|
bad coloring on level 2  |2, 5, 3, 7|
bad coloring on level 2  |5, 5, 3, 7|
bad coloring on level 2  |5, 9, 3, 7|
bad coloring on level 2  |5, 11, 3, 7|
bad coloring on level 2  |5, 12, 3, 7|
bad coloring on level 2  |5, 14, 3, 7|
bad coloring on level 2  |5, 15, 3, 7|
bad coloring on level 2  |7, 12, 3, 9|
bad coloring on level 2  |12, 14, 3, 9|
bad coloring on level 2  |2, 5, 3, 12|
bad coloring on level 2  |2, 9, 3, 12|
bad coloring on level 2  |5, 14, 3, 12|
bad coloring on level 2  |9, 14, 3, 12|
bad coloring on level 2  |5, 11, 3, 14|
bad coloring on level 2  |5, 12, 3, 14|
bad coloring on level 2  |11, 15, 3, 14|
bad coloring on level 2  |12, 15, 3, 14|
bad coloring on level 2  |7, 14, 3, 15|
bad coloring on level 2  |12, 14, 3, 15|
bad coloring on level 2  |7, 12, 4, 9|
bad coloring on level 2  |12, 14, 4, 9|
bad coloring on level 2  |7, 14, 4, 15|
bad coloring on level 2  |12, 14, 4, 15|
bad coloring on level 2  |3, 7, 5, 5|
bad coloring on level 2  |12, 14, 5, 5|
bad coloring on level 2  |3, 7, 5, 9|
bad coloring on level 2  |7, 12, 5, 9|
bad coloring on level 2  |12, 14, 5, 9|
bad coloring on level 2  |3, 7, 5, 11|
bad coloring on level 2  |3, 14, 5, 11|
bad coloring on level 2  |12, 14, 5, 11|
bad coloring on level 2  |0, 14, 5, 12|
bad coloring on level 2  |2, 9, 5, 12|
bad coloring on level 2  |2, 14, 5, 12|
bad coloring on level 2  |3, 7, 5, 12|
bad coloring on level 2  |3, 14, 5, 12|
bad coloring on level 2  |5, 14, 5, 12|
bad coloring on level 2  |7, 14, 5, 12|
bad coloring on level 2  |9, 14, 5, 12|
bad coloring on level 2  |12, 14, 5, 12|
bad coloring on level 2  |14, 14, 5, 12|
bad coloring on level 2  |0, 12, 5, 14|
bad coloring on level 2  |3, 7, 5, 14|
bad coloring on level 2  |3, 12, 5, 14|
bad coloring on level 2  |5, 12, 5, 14|
bad coloring on level 2  |7, 12, 5, 14|
bad coloring on level 2  |11, 12, 5, 14|
bad coloring on level 2  |11, 15, 5, 14|
bad coloring on level 2  |12, 12, 5, 14|
bad coloring on level 2  |12, 14, 5, 14|
bad coloring on level 2  |12, 15, 5, 14|
bad coloring on level 2  |3, 7, 5, 15|
bad coloring on level 2  |7, 14, 5, 15|
bad coloring on level 2  |12, 14, 5, 15|
bad coloring on level 2  |0, 9, 7, 12|
bad coloring on level 2  |2, 9, 7, 12|
bad coloring on level 2  |3, 9, 7, 12|
bad coloring on level 2  |4, 9, 7, 12|
bad coloring on level 2  |5, 9, 7, 12|
bad coloring on level 2  |5, 14, 7, 12|
bad coloring on level 2  |9, 9, 7, 12|
bad coloring on level 2  |9, 14, 7, 12|
bad coloring on level 2  |9, 15, 7, 12|
bad coloring on level 2  |0, 15, 7, 14|
bad coloring on level 2  |3, 15, 7, 14|
bad coloring on level 2  |4, 15, 7, 14|
bad coloring on level 2  |5, 12, 7, 14|
bad coloring on level 2  |5, 15, 7, 14|
bad coloring on level 2  |9, 15, 7, 14|
bad coloring on level 2  |11, 15, 7, 14|
bad coloring on level 2  |12, 15, 7, 14|
bad coloring on level 2  |15, 15, 7, 14|
bad coloring on level 2  |7, 12, 9, 9|
bad coloring on level 2  |12, 14, 9, 9|
bad coloring on level 2  |0, 12, 9, 14|
bad coloring on level 2  |3, 12, 9, 14|
bad coloring on level 2  |5, 12, 9, 14|
bad coloring on level 2  |7, 12, 9, 14|
bad coloring on level 2  |11, 12, 9, 14|
bad coloring on level 2  |11, 15, 9, 14|
bad coloring on level 2  |12, 12, 9, 14|
bad coloring on level 2  |12, 14, 9, 14|
bad coloring on level 2  |12, 15, 9, 14|
bad coloring on level 2  |7, 12, 9, 15|
bad coloring on level 2  |7, 14, 9, 15|
bad coloring on level 2  |12, 14, 9, 15|
bad coloring on level 2  |2, 9, 11, 12|
bad coloring on level 2  |5, 14, 11, 12|
bad coloring on level 2  |9, 14, 11, 12|
bad coloring on level 2  |0, 14, 11, 15|
bad coloring on level 2  |2, 14, 11, 15|
bad coloring on level 2  |3, 14, 11, 15|
bad coloring on level 2  |5, 14, 11, 15|
bad coloring on level 2  |7, 14, 11, 15|
bad coloring on level 2  |9, 14, 11, 15|
bad coloring on level 2  |12, 14, 11, 15|
bad coloring on level 2  |14, 14, 11, 15|
bad coloring on level 2  |2, 9, 12, 12|
bad coloring on level 2  |5, 14, 12, 12|
bad coloring on level 2  |9, 14, 12, 12|
bad coloring on level 2  |0, 5, 12, 14|
bad coloring on level 2  |0, 9, 12, 14|
bad coloring on level 2  |0, 15, 12, 14|
bad coloring on level 2  |2, 5, 12, 14|
bad coloring on level 2  |2, 9, 12, 14|
bad coloring on level 2  |3, 9, 12, 14|
bad coloring on level 2  |3, 15, 12, 14|
bad coloring on level 2  |4, 9, 12, 14|
bad coloring on level 2  |4, 15, 12, 14|
bad coloring on level 2  |5, 5, 12, 14|
bad coloring on level 2  |5, 9, 12, 14|
bad coloring on level 2  |5, 11, 12, 14|
bad coloring on level 2  |5, 12, 12, 14|
bad coloring on level 2  |5, 14, 12, 14|
bad coloring on level 2  |5, 15, 12, 14|
bad coloring on level 2  |9, 9, 12, 14|
bad coloring on level 2  |9, 14, 12, 14|
bad coloring on level 2  |9, 15, 12, 14|
bad coloring on level 2  |11, 15, 12, 14|
bad coloring on level 2  |12, 15, 12, 14|
bad coloring on level 2  |15, 15, 12, 14|
bad coloring on level 2  |0, 14, 12, 15|
bad coloring on level 2  |2, 9, 12, 15|
bad coloring on level 2  |2, 14, 12, 15|
bad coloring on level 2  |3, 14, 12, 15|
bad coloring on level 2  |5, 14, 12, 15|
bad coloring on level 2  |7, 14, 12, 15|
bad coloring on level 2  |9, 14, 12, 15|
bad coloring on level 2  |12, 14, 12, 15|
bad coloring on level 2  |14, 14, 12, 15|
bad coloring on level 2  |5, 12, 14, 14|
bad coloring on level 2  |11, 15, 14, 14|
bad coloring on level 2  |12, 15, 14, 14|
bad coloring on level 2  |7, 14, 15, 15|
bad coloring on level 2  |12, 14, 15, 15|

162 bad colorings on level 2
