Trying substitutions to: 1
with goodVertices 2, 5, 6, 9, 10, 11, 12, 14, 15
bad color to improve: 0  9  with index 9
bad color to improve: 0  15  with index 15
bad color to improve: 9  15  with index 114
3 bad colorings on level 1
bad coloring on level 2  |6, 10, 1, 7|
bad coloring on level 2  |8, 13, 1, 7|
bad coloring on level 2  |1, 13, 1, 8|
bad coloring on level 2  |2, 13, 1, 8|
bad coloring on level 2  |2, 14, 1, 8|
bad coloring on level 2  |7, 13, 1, 8|
bad coloring on level 2  |8, 13, 1, 8|
bad coloring on level 2  |13, 13, 1, 8|
bad coloring on level 2  |13, 14, 1, 8|
bad coloring on level 2  |1, 8, 1, 13|
bad coloring on level 2  |7, 8, 1, 13|
bad coloring on level 2  |8, 8, 1, 13|
bad coloring on level 2  |8, 11, 1, 13|
bad coloring on level 2  |8, 12, 1, 13|
bad coloring on level 2  |8, 13, 1, 13|
bad coloring on level 2  |11, 12, 1, 13|
bad coloring on level 2  |6, 10, 2, 7|
bad coloring on level 2  |8, 10, 2, 7|
bad coloring on level 2  |8, 13, 2, 7|
bad coloring on level 2  |1, 8, 2, 13|
bad coloring on level 2  |7, 8, 2, 13|
bad coloring on level 2  |8, 12, 2, 13|
bad coloring on level 2  |11, 12, 2, 13|
bad coloring on level 2  |1, 8, 2, 14|
bad coloring on level 2  |6, 8, 2, 14|
bad coloring on level 2  |7, 8, 2, 14|
bad coloring on level 2  |8, 8, 2, 14|
bad coloring on level 2  |8, 10, 2, 14|
bad coloring on level 2  |8, 11, 2, 14|
bad coloring on level 2  |8, 12, 2, 14|
bad coloring on level 2  |8, 13, 2, 14|
bad coloring on level 2  |2, 14, 6, 8|
bad coloring on level 2  |7, 13, 6, 8|
bad coloring on level 2  |7, 14, 6, 8|
bad coloring on level 2  |1, 7, 6, 10|
bad coloring on level 2  |2, 7, 6, 10|
bad coloring on level 2  |7, 7, 6, 10|
bad coloring on level 2  |7, 8, 6, 10|
bad coloring on level 2  |7, 11, 6, 10|
bad coloring on level 2  |7, 12, 6, 10|
bad coloring on level 2  |7, 13, 6, 10|
bad coloring on level 2  |7, 14, 6, 10|
bad coloring on level 2  |7, 8, 6, 13|
bad coloring on level 2  |7, 12, 6, 13|
bad coloring on level 2  |11, 12, 6, 13|
bad coloring on level 2  |6, 10, 7, 7|
bad coloring on level 2  |8, 13, 7, 7|
bad coloring on level 2  |1, 13, 7, 8|
bad coloring on level 2  |2, 13, 7, 8|
bad coloring on level 2  |2, 14, 7, 8|
bad coloring on level 2  |6, 10, 7, 8|
bad coloring on level 2  |6, 13, 7, 8|
bad coloring on level 2  |7, 13, 7, 8|
bad coloring on level 2  |8, 13, 7, 8|
bad coloring on level 2  |10, 13, 7, 8|
bad coloring on level 2  |13, 13, 7, 8|
bad coloring on level 2  |13, 14, 7, 8|
bad coloring on level 2  |6, 10, 7, 11|
bad coloring on level 2  |8, 13, 7, 11|
bad coloring on level 2  |10, 13, 7, 11|
bad coloring on level 2  |6, 10, 7, 12|
bad coloring on level 2  |6, 13, 7, 12|
bad coloring on level 2  |8, 13, 7, 12|
bad coloring on level 2  |1, 8, 7, 13|
bad coloring on level 2  |6, 8, 7, 13|
bad coloring on level 2  |6, 10, 7, 13|
bad coloring on level 2  |7, 8, 7, 13|
bad coloring on level 2  |8, 8, 7, 13|
bad coloring on level 2  |8, 10, 7, 13|
bad coloring on level 2  |8, 11, 7, 13|
bad coloring on level 2  |8, 12, 7, 13|
bad coloring on level 2  |8, 13, 7, 13|
bad coloring on level 2  |11, 12, 7, 13|
bad coloring on level 2  |6, 8, 7, 14|
bad coloring on level 2  |6, 10, 7, 14|
bad coloring on level 2  |8, 13, 7, 14|
bad coloring on level 2  |1, 13, 8, 8|
bad coloring on level 2  |2, 14, 8, 8|
bad coloring on level 2  |7, 13, 8, 8|
bad coloring on level 2  |2, 7, 8, 10|
bad coloring on level 2  |2, 14, 8, 10|
bad coloring on level 2  |7, 13, 8, 10|
bad coloring on level 2  |1, 13, 8, 11|
bad coloring on level 2  |2, 14, 8, 11|
bad coloring on level 2  |7, 13, 8, 11|
bad coloring on level 2  |13, 14, 8, 11|
bad coloring on level 2  |1, 13, 8, 12|
bad coloring on level 2  |2, 13, 8, 12|
bad coloring on level 2  |2, 14, 8, 12|
bad coloring on level 2  |7, 13, 8, 12|
bad coloring on level 2  |1, 7, 8, 13|
bad coloring on level 2  |1, 8, 8, 13|
bad coloring on level 2  |1, 13, 8, 13|
bad coloring on level 2  |2, 7, 8, 13|
bad coloring on level 2  |2, 14, 8, 13|
bad coloring on level 2  |7, 7, 8, 13|
bad coloring on level 2  |7, 8, 8, 13|
bad coloring on level 2  |7, 11, 8, 13|
bad coloring on level 2  |7, 12, 8, 13|
bad coloring on level 2  |7, 13, 8, 13|
bad coloring on level 2  |7, 14, 8, 13|
bad coloring on level 2  |11, 12, 8, 13|
bad coloring on level 2  |7, 8, 10, 13|
bad coloring on level 2  |7, 11, 10, 13|
bad coloring on level 2  |11, 12, 10, 13|
bad coloring on level 2  |1, 13, 11, 12|
bad coloring on level 2  |2, 13, 11, 12|
bad coloring on level 2  |6, 13, 11, 12|
bad coloring on level 2  |7, 13, 11, 12|
bad coloring on level 2  |8, 13, 11, 12|
bad coloring on level 2  |10, 13, 11, 12|
bad coloring on level 2  |13, 13, 11, 12|
bad coloring on level 2  |13, 14, 11, 12|
bad coloring on level 2  |1, 8, 13, 13|
bad coloring on level 2  |7, 8, 13, 13|
bad coloring on level 2  |11, 12, 13, 13|
bad coloring on level 2  |1, 8, 13, 14|
bad coloring on level 2  |7, 8, 13, 14|
bad coloring on level 2  |8, 11, 13, 14|
bad coloring on level 2  |11, 12, 13, 14|

120 bad colorings on level 2
