Trying substitutions to: 6
with goodVertices 3, 4, 7, 8, 10, 12, 13, 15
bad color to improve: 0  3  with index 3
bad color to improve: 0  13  with index 13
bad color to improve: 3  12  with index 54
bad color to improve: 7  12  with index 96
bad color to improve: 12  13  with index 127
5 bad colorings on level 1
bad coloring on level 2  |4, 13, 0, 5|
bad coloring on level 2  |6, 13, 0, 5|
bad coloring on level 2  |4, 13, 1, 5|
bad coloring on level 2  |6, 13, 1, 5|
bad coloring on level 2  |5, 11, 1, 13|
bad coloring on level 2  |4, 13, 2, 5|
bad coloring on level 2  |6, 13, 2, 5|
bad coloring on level 2  |5, 11, 2, 9|
bad coloring on level 2  |5, 11, 2, 13|
bad coloring on level 2  |0, 5, 4, 13|
bad coloring on level 2  |1, 5, 4, 13|
bad coloring on level 2  |2, 5, 4, 13|
bad coloring on level 2  |5, 5, 4, 13|
bad coloring on level 2  |5, 6, 4, 13|
bad coloring on level 2  |5, 9, 4, 13|
bad coloring on level 2  |5, 10, 4, 13|
bad coloring on level 2  |5, 11, 4, 13|
bad coloring on level 2  |5, 12, 4, 13|
bad coloring on level 2  |5, 15, 4, 13|
bad coloring on level 2  |6, 10, 4, 13|
bad coloring on level 2  |4, 13, 5, 5|
bad coloring on level 2  |6, 13, 5, 5|
bad coloring on level 2  |4, 13, 5, 6|
bad coloring on level 2  |6, 13, 5, 6|
bad coloring on level 2  |4, 13, 5, 9|
bad coloring on level 2  |6, 13, 5, 9|
bad coloring on level 2  |4, 13, 5, 10|
bad coloring on level 2  |6, 13, 5, 10|
bad coloring on level 2  |1, 13, 5, 11|
bad coloring on level 2  |2, 9, 5, 11|
bad coloring on level 2  |2, 13, 5, 11|
bad coloring on level 2  |4, 13, 5, 11|
bad coloring on level 2  |6, 13, 5, 11|
bad coloring on level 2  |8, 13, 5, 11|
bad coloring on level 2  |4, 13, 5, 12|
bad coloring on level 2  |6, 13, 5, 12|
bad coloring on level 2  |4, 13, 5, 15|
bad coloring on level 2  |6, 13, 5, 15|
bad coloring on level 2  |4, 13, 6, 10|
bad coloring on level 2  |6, 13, 6, 10|
bad coloring on level 2  |0, 5, 6, 13|
bad coloring on level 2  |1, 5, 6, 13|
bad coloring on level 2  |2, 5, 6, 13|
bad coloring on level 2  |5, 5, 6, 13|
bad coloring on level 2  |5, 6, 6, 13|
bad coloring on level 2  |5, 9, 6, 13|
bad coloring on level 2  |5, 10, 6, 13|
bad coloring on level 2  |5, 11, 6, 13|
bad coloring on level 2  |5, 12, 6, 13|
bad coloring on level 2  |5, 15, 6, 13|
bad coloring on level 2  |6, 10, 6, 13|
bad coloring on level 2  |10, 15, 6, 13|
bad coloring on level 2  |5, 11, 8, 13|
bad coloring on level 2  |6, 13, 10, 15|

54 bad colorings on level 2
