Trying substitutions to: 12
with goodVertices 3, 4, 7, 8, 9, 13, 15
bad color to improve: 2  4  with index 33
bad color to improve: 4  9  with index 63
bad color to improve: 4  13  with index 67
bad color to improve: 6  13  with index 88
4 bad colorings on level 1
bad coloring on level 2  |5, 14, 0, 6|
bad coloring on level 2  |5, 11, 0, 10|
bad coloring on level 2  |5, 14, 0, 11|
bad coloring on level 2  |5, 11, 0, 13|
bad coloring on level 2  |5, 11, 0, 14|
bad coloring on level 2  |5, 14, 1, 4|
bad coloring on level 2  |5, 14, 1, 6|
bad coloring on level 2  |5, 14, 1, 8|
bad coloring on level 2  |5, 11, 1, 9|
bad coloring on level 2  |5, 11, 1, 10|
bad coloring on level 2  |5, 14, 1, 11|
bad coloring on level 2  |5, 11, 1, 14|
bad coloring on level 2  |5, 14, 1, 15|
bad coloring on level 2  |5, 11, 3, 7|
bad coloring on level 2  |5, 14, 3, 8|
bad coloring on level 2  |5, 11, 3, 13|
bad coloring on level 2  |5, 11, 3, 14|
bad coloring on level 2  |5, 14, 4, 7|
bad coloring on level 2  |5, 14, 4, 8|
bad coloring on level 2  |5, 14, 4, 11|
bad coloring on level 2  |5, 14, 4, 12|
bad coloring on level 2  |0, 10, 5, 11|
bad coloring on level 2  |0, 13, 5, 11|
bad coloring on level 2  |0, 14, 5, 11|
bad coloring on level 2  |1, 9, 5, 11|
bad coloring on level 2  |1, 10, 5, 11|
bad coloring on level 2  |1, 14, 5, 11|
bad coloring on level 2  |3, 7, 5, 11|
bad coloring on level 2  |3, 13, 5, 11|
bad coloring on level 2  |3, 14, 5, 11|
bad coloring on level 2  |5, 14, 5, 11|
bad coloring on level 2  |7, 9, 5, 11|
bad coloring on level 2  |7, 10, 5, 11|
bad coloring on level 2  |7, 13, 5, 11|
bad coloring on level 2  |7, 14, 5, 11|
bad coloring on level 2  |9, 12, 5, 11|
bad coloring on level 2  |9, 13, 5, 11|
bad coloring on level 2  |9, 14, 5, 11|
bad coloring on level 2  |10, 13, 5, 11|
bad coloring on level 2  |10, 14, 5, 11|
bad coloring on level 2  |12, 13, 5, 11|
bad coloring on level 2  |12, 14, 5, 11|
bad coloring on level 2  |13, 13, 5, 11|
bad coloring on level 2  |13, 14, 5, 11|
bad coloring on level 2  |14, 14, 5, 11|
bad coloring on level 2  |0, 6, 5, 14|
bad coloring on level 2  |0, 11, 5, 14|
bad coloring on level 2  |1, 4, 5, 14|
bad coloring on level 2  |1, 6, 5, 14|
bad coloring on level 2  |1, 8, 5, 14|
bad coloring on level 2  |1, 11, 5, 14|
bad coloring on level 2  |1, 15, 5, 14|
bad coloring on level 2  |3, 8, 5, 14|
bad coloring on level 2  |4, 7, 5, 14|
bad coloring on level 2  |4, 8, 5, 14|
bad coloring on level 2  |4, 11, 5, 14|
bad coloring on level 2  |4, 12, 5, 14|
bad coloring on level 2  |5, 11, 5, 14|
bad coloring on level 2  |6, 7, 5, 14|
bad coloring on level 2  |6, 8, 5, 14|
bad coloring on level 2  |6, 11, 5, 14|
bad coloring on level 2  |6, 12, 5, 14|
bad coloring on level 2  |7, 8, 5, 14|
bad coloring on level 2  |7, 11, 5, 14|
bad coloring on level 2  |7, 15, 5, 14|
bad coloring on level 2  |8, 8, 5, 14|
bad coloring on level 2  |8, 10, 5, 14|
bad coloring on level 2  |8, 11, 5, 14|
bad coloring on level 2  |8, 12, 5, 14|
bad coloring on level 2  |8, 15, 5, 14|
bad coloring on level 2  |11, 11, 5, 14|
bad coloring on level 2  |11, 12, 5, 14|
bad coloring on level 2  |11, 15, 5, 14|
bad coloring on level 2  |12, 15, 5, 14|
bad coloring on level 2  |5, 14, 6, 7|
bad coloring on level 2  |5, 14, 6, 8|
bad coloring on level 2  |5, 14, 6, 11|
bad coloring on level 2  |5, 14, 6, 12|
bad coloring on level 2  |5, 14, 7, 8|
bad coloring on level 2  |5, 11, 7, 9|
bad coloring on level 2  |5, 11, 7, 10|
bad coloring on level 2  |5, 14, 7, 11|
bad coloring on level 2  |5, 11, 7, 13|
bad coloring on level 2  |5, 11, 7, 14|
bad coloring on level 2  |5, 14, 7, 15|
bad coloring on level 2  |5, 14, 8, 8|
bad coloring on level 2  |5, 14, 8, 10|
bad coloring on level 2  |5, 14, 8, 11|
bad coloring on level 2  |5, 14, 8, 12|
bad coloring on level 2  |5, 14, 8, 15|
bad coloring on level 2  |5, 11, 9, 12|
bad coloring on level 2  |5, 11, 9, 13|
bad coloring on level 2  |5, 11, 9, 14|
bad coloring on level 2  |5, 11, 10, 13|
bad coloring on level 2  |5, 11, 10, 14|
bad coloring on level 2  |5, 14, 11, 11|
bad coloring on level 2  |5, 14, 11, 12|
bad coloring on level 2  |5, 14, 11, 15|
bad coloring on level 2  |5, 11, 12, 13|
bad coloring on level 2  |5, 11, 12, 14|
bad coloring on level 2  |5, 14, 12, 15|
bad coloring on level 2  |5, 11, 13, 13|
bad coloring on level 2  |5, 11, 13, 14|
bad coloring on level 2  |5, 11, 14, 14|

104 bad colorings on level 2
