Trying substitutions to: 13
with goodVertices 3, 4, 7, 8, 9, 10, 12, 14, 15
bad color to improve: 0  12  with index 12
bad color to improve: 0  15  with index 15
bad color to improve: 12  15  with index 129
3 bad colorings on level 1
bad coloring on level 2  |2, 6, 1, 1|
bad coloring on level 2  |4, 9, 1, 1|
bad coloring on level 2  |6, 13, 1, 1|
bad coloring on level 2  |1, 6, 1, 2|
bad coloring on level 2  |2, 6, 1, 2|
bad coloring on level 2  |4, 6, 1, 2|
bad coloring on level 2  |4, 9, 1, 2|
bad coloring on level 2  |6, 6, 1, 2|
bad coloring on level 2  |6, 8, 1, 2|
bad coloring on level 2  |6, 9, 1, 2|
bad coloring on level 2  |6, 10, 1, 2|
bad coloring on level 2  |6, 13, 1, 2|
bad coloring on level 2  |8, 10, 1, 2|
bad coloring on level 2  |1, 2, 1, 6|
bad coloring on level 2  |1, 13, 1, 6|
bad coloring on level 2  |2, 2, 1, 6|
bad coloring on level 2  |2, 4, 1, 6|
bad coloring on level 2  |2, 6, 1, 6|
bad coloring on level 2  |2, 7, 1, 6|
bad coloring on level 2  |2, 9, 1, 6|
bad coloring on level 2  |2, 13, 1, 6|
bad coloring on level 2  |2, 14, 1, 6|
bad coloring on level 2  |4, 9, 1, 6|
bad coloring on level 2  |6, 13, 1, 6|
bad coloring on level 2  |7, 14, 1, 6|
bad coloring on level 2  |2, 6, 1, 7|
bad coloring on level 2  |4, 9, 1, 7|
bad coloring on level 2  |6, 9, 1, 7|
bad coloring on level 2  |6, 13, 1, 7|
bad coloring on level 2  |2, 6, 1, 8|
bad coloring on level 2  |2, 9, 1, 8|
bad coloring on level 2  |4, 9, 1, 8|
bad coloring on level 2  |2, 4, 1, 10|
bad coloring on level 2  |2, 6, 1, 10|
bad coloring on level 2  |4, 9, 1, 10|
bad coloring on level 2  |1, 6, 1, 13|
bad coloring on level 2  |2, 6, 1, 13|
bad coloring on level 2  |4, 6, 1, 13|
bad coloring on level 2  |4, 9, 1, 13|
bad coloring on level 2  |6, 6, 1, 13|
bad coloring on level 2  |6, 9, 1, 13|
bad coloring on level 2  |6, 13, 1, 13|
bad coloring on level 2  |2, 6, 1, 14|
bad coloring on level 2  |4, 6, 1, 14|
bad coloring on level 2  |4, 9, 1, 14|
bad coloring on level 2  |6, 13, 1, 14|
bad coloring on level 2  |1, 6, 2, 2|
bad coloring on level 2  |8, 10, 2, 2|
bad coloring on level 2  |1, 6, 2, 4|
bad coloring on level 2  |1, 10, 2, 4|
bad coloring on level 2  |8, 10, 2, 4|
bad coloring on level 2  |1, 1, 2, 6|
bad coloring on level 2  |1, 2, 2, 6|
bad coloring on level 2  |1, 6, 2, 6|
bad coloring on level 2  |1, 7, 2, 6|
bad coloring on level 2  |1, 8, 2, 6|
bad coloring on level 2  |1, 10, 2, 6|
bad coloring on level 2  |1, 13, 2, 6|
bad coloring on level 2  |1, 14, 2, 6|
bad coloring on level 2  |7, 14, 2, 6|
bad coloring on level 2  |8, 10, 2, 6|
bad coloring on level 2  |1, 6, 2, 7|
bad coloring on level 2  |6, 10, 2, 7|
bad coloring on level 2  |8, 10, 2, 7|
bad coloring on level 2  |1, 6, 2, 9|
bad coloring on level 2  |1, 8, 2, 9|
bad coloring on level 2  |8, 10, 2, 9|
bad coloring on level 2  |1, 6, 2, 13|
bad coloring on level 2  |8, 10, 2, 13|
bad coloring on level 2  |1, 6, 2, 14|
bad coloring on level 2  |6, 8, 2, 14|
bad coloring on level 2  |8, 10, 2, 14|
bad coloring on level 2  |1, 2, 4, 6|
bad coloring on level 2  |1, 13, 4, 6|
bad coloring on level 2  |1, 14, 4, 6|
bad coloring on level 2  |7, 14, 4, 6|
bad coloring on level 2  |1, 1, 4, 9|
bad coloring on level 2  |1, 2, 4, 9|
bad coloring on level 2  |1, 6, 4, 9|
bad coloring on level 2  |1, 7, 4, 9|
bad coloring on level 2  |1, 8, 4, 9|
bad coloring on level 2  |1, 10, 4, 9|
bad coloring on level 2  |1, 13, 4, 9|
bad coloring on level 2  |1, 14, 4, 9|
bad coloring on level 2  |1, 2, 6, 6|
bad coloring on level 2  |1, 13, 6, 6|
bad coloring on level 2  |7, 14, 6, 6|
bad coloring on level 2  |1, 2, 6, 8|
bad coloring on level 2  |2, 14, 6, 8|
bad coloring on level 2  |7, 14, 6, 8|
bad coloring on level 2  |1, 2, 6, 9|
bad coloring on level 2  |1, 7, 6, 9|
bad coloring on level 2  |1, 13, 6, 9|
bad coloring on level 2  |7, 14, 6, 9|
bad coloring on level 2  |1, 2, 6, 10|
bad coloring on level 2  |2, 7, 6, 10|
bad coloring on level 2  |7, 14, 6, 10|
bad coloring on level 2  |1, 1, 6, 13|
bad coloring on level 2  |1, 2, 6, 13|
bad coloring on level 2  |1, 6, 6, 13|
bad coloring on level 2  |1, 7, 6, 13|
bad coloring on level 2  |1, 13, 6, 13|
bad coloring on level 2  |1, 14, 6, 13|
bad coloring on level 2  |7, 14, 6, 13|
bad coloring on level 2  |1, 6, 7, 14|
bad coloring on level 2  |2, 6, 7, 14|
bad coloring on level 2  |4, 6, 7, 14|
bad coloring on level 2  |6, 6, 7, 14|
bad coloring on level 2  |6, 8, 7, 14|
bad coloring on level 2  |6, 9, 7, 14|
bad coloring on level 2  |6, 10, 7, 14|
bad coloring on level 2  |6, 13, 7, 14|
bad coloring on level 2  |1, 2, 8, 10|
bad coloring on level 2  |2, 2, 8, 10|
bad coloring on level 2  |2, 4, 8, 10|
bad coloring on level 2  |2, 6, 8, 10|
bad coloring on level 2  |2, 7, 8, 10|
bad coloring on level 2  |2, 9, 8, 10|
bad coloring on level 2  |2, 13, 8, 10|
bad coloring on level 2  |2, 14, 8, 10|

120 bad colorings on level 2
