Trying substitutions to: 0
with goodVertices 3, 4, 7, 8, 9, 10, 12, 13, 14
bad color to improve: 1  13  with index 28
bad color to improve: 8  10  with index 102
bad color to improve: 8  13  with index 105
bad color to improve: 10  13  with index 118
4 bad colorings on level 1
bad coloring on level 2  |5, 11, 0, 2|
bad coloring on level 2  |12, 15, 0, 2|
bad coloring on level 2  |5, 11, 0, 4|
bad coloring on level 2  |5, 12, 0, 4|
bad coloring on level 2  |2, 11, 0, 5|
bad coloring on level 2  |4, 7, 0, 5|
bad coloring on level 2  |4, 11, 0, 5|
bad coloring on level 2  |5, 11, 0, 9|
bad coloring on level 2  |11, 12, 0, 9|
bad coloring on level 2  |2, 5, 0, 11|
bad coloring on level 2  |5, 9, 0, 11|
bad coloring on level 2  |9, 14, 0, 11|
bad coloring on level 2  |5, 11, 2, 2|
bad coloring on level 2  |12, 15, 2, 2|
bad coloring on level 2  |5, 11, 2, 4|
bad coloring on level 2  |5, 12, 2, 4|
bad coloring on level 2  |12, 15, 2, 4|
bad coloring on level 2  |0, 11, 2, 5|
bad coloring on level 2  |2, 11, 2, 5|
bad coloring on level 2  |4, 7, 2, 5|
bad coloring on level 2  |4, 11, 2, 5|
bad coloring on level 2  |5, 11, 2, 5|
bad coloring on level 2  |7, 11, 2, 5|
bad coloring on level 2  |11, 11, 2, 5|
bad coloring on level 2  |11, 12, 2, 5|
bad coloring on level 2  |11, 15, 2, 5|
bad coloring on level 2  |12, 15, 2, 5|
bad coloring on level 2  |5, 11, 2, 7|
bad coloring on level 2  |5, 15, 2, 7|
bad coloring on level 2  |12, 15, 2, 7|
bad coloring on level 2  |5, 11, 2, 9|
bad coloring on level 2  |11, 12, 2, 9|
bad coloring on level 2  |12, 15, 2, 9|
bad coloring on level 2  |0, 5, 2, 11|
bad coloring on level 2  |2, 5, 2, 11|
bad coloring on level 2  |5, 5, 2, 11|
bad coloring on level 2  |5, 9, 2, 11|
bad coloring on level 2  |5, 11, 2, 11|
bad coloring on level 2  |5, 12, 2, 11|
bad coloring on level 2  |5, 14, 2, 11|
bad coloring on level 2  |5, 15, 2, 11|
bad coloring on level 2  |9, 14, 2, 11|
bad coloring on level 2  |12, 15, 2, 11|
bad coloring on level 2  |5, 11, 2, 14|
bad coloring on level 2  |11, 15, 2, 14|
bad coloring on level 2  |12, 15, 2, 14|
bad coloring on level 2  |5, 11, 3, 4|
bad coloring on level 2  |5, 12, 3, 4|
bad coloring on level 2  |5, 11, 3, 9|
bad coloring on level 2  |11, 12, 3, 9|
bad coloring on level 2  |5, 11, 4, 4|
bad coloring on level 2  |5, 12, 4, 4|
bad coloring on level 2  |0, 5, 4, 7|
bad coloring on level 2  |2, 5, 4, 7|
bad coloring on level 2  |5, 5, 4, 7|
bad coloring on level 2  |5, 9, 4, 7|
bad coloring on level 2  |5, 11, 4, 7|
bad coloring on level 2  |5, 12, 4, 7|
bad coloring on level 2  |5, 14, 4, 7|
bad coloring on level 2  |5, 15, 4, 7|
bad coloring on level 2  |5, 11, 4, 9|
bad coloring on level 2  |5, 12, 4, 9|
bad coloring on level 2  |11, 12, 4, 9|
bad coloring on level 2  |0, 5, 4, 11|
bad coloring on level 2  |2, 5, 4, 11|
bad coloring on level 2  |5, 5, 4, 11|
bad coloring on level 2  |5, 9, 4, 11|
bad coloring on level 2  |5, 11, 4, 11|
bad coloring on level 2  |5, 12, 4, 11|
bad coloring on level 2  |5, 14, 4, 11|
bad coloring on level 2  |5, 15, 4, 11|
bad coloring on level 2  |9, 14, 4, 11|
bad coloring on level 2  |5, 11, 4, 15|
bad coloring on level 2  |5, 12, 4, 15|
bad coloring on level 2  |2, 11, 5, 5|
bad coloring on level 2  |4, 7, 5, 5|
bad coloring on level 2  |4, 11, 5, 5|
bad coloring on level 2  |0, 11, 5, 9|
bad coloring on level 2  |2, 11, 5, 9|
bad coloring on level 2  |4, 7, 5, 9|
bad coloring on level 2  |4, 11, 5, 9|
bad coloring on level 2  |5, 11, 5, 9|
bad coloring on level 2  |7, 11, 5, 9|
bad coloring on level 2  |11, 11, 5, 9|
bad coloring on level 2  |11, 12, 5, 9|
bad coloring on level 2  |11, 15, 5, 9|
bad coloring on level 2  |0, 2, 5, 11|
bad coloring on level 2  |0, 4, 5, 11|
bad coloring on level 2  |0, 9, 5, 11|
bad coloring on level 2  |2, 2, 5, 11|
bad coloring on level 2  |2, 4, 5, 11|
bad coloring on level 2  |2, 5, 5, 11|
bad coloring on level 2  |2, 7, 5, 11|
bad coloring on level 2  |2, 9, 5, 11|
bad coloring on level 2  |2, 11, 5, 11|
bad coloring on level 2  |2, 14, 5, 11|
bad coloring on level 2  |3, 4, 5, 11|
bad coloring on level 2  |3, 9, 5, 11|
bad coloring on level 2  |4, 4, 5, 11|
bad coloring on level 2  |4, 7, 5, 11|
bad coloring on level 2  |4, 9, 5, 11|
bad coloring on level 2  |4, 11, 5, 11|
bad coloring on level 2  |4, 15, 5, 11|
bad coloring on level 2  |5, 9, 5, 11|
bad coloring on level 2  |9, 9, 5, 11|
bad coloring on level 2  |9, 14, 5, 11|
bad coloring on level 2  |9, 15, 5, 11|
bad coloring on level 2  |0, 4, 5, 12|
bad coloring on level 2  |2, 4, 5, 12|
bad coloring on level 2  |2, 11, 5, 12|
bad coloring on level 2  |3, 4, 5, 12|
bad coloring on level 2  |4, 4, 5, 12|
bad coloring on level 2  |4, 7, 5, 12|
bad coloring on level 2  |4, 9, 5, 12|
bad coloring on level 2  |4, 11, 5, 12|
bad coloring on level 2  |4, 15, 5, 12|
bad coloring on level 2  |2, 11, 5, 14|
bad coloring on level 2  |4, 7, 5, 14|
bad coloring on level 2  |4, 11, 5, 14|
bad coloring on level 2  |2, 7, 5, 15|
bad coloring on level 2  |2, 11, 5, 15|
bad coloring on level 2  |4, 7, 5, 15|
bad coloring on level 2  |4, 11, 5, 15|
bad coloring on level 2  |2, 5, 7, 11|
bad coloring on level 2  |5, 9, 7, 11|
bad coloring on level 2  |9, 14, 7, 11|
bad coloring on level 2  |5, 11, 9, 9|
bad coloring on level 2  |11, 12, 9, 9|
bad coloring on level 2  |0, 11, 9, 14|
bad coloring on level 2  |2, 11, 9, 14|
bad coloring on level 2  |4, 11, 9, 14|
bad coloring on level 2  |5, 11, 9, 14|
bad coloring on level 2  |7, 11, 9, 14|
bad coloring on level 2  |11, 11, 9, 14|
bad coloring on level 2  |11, 12, 9, 14|
bad coloring on level 2  |11, 15, 9, 14|
bad coloring on level 2  |5, 11, 9, 15|
bad coloring on level 2  |11, 12, 9, 15|
bad coloring on level 2  |2, 5, 11, 11|
bad coloring on level 2  |5, 9, 11, 11|
bad coloring on level 2  |9, 14, 11, 11|
bad coloring on level 2  |0, 9, 11, 12|
bad coloring on level 2  |2, 5, 11, 12|
bad coloring on level 2  |2, 9, 11, 12|
bad coloring on level 2  |3, 9, 11, 12|
bad coloring on level 2  |4, 9, 11, 12|
bad coloring on level 2  |5, 9, 11, 12|
bad coloring on level 2  |9, 9, 11, 12|
bad coloring on level 2  |9, 14, 11, 12|
bad coloring on level 2  |9, 15, 11, 12|
bad coloring on level 2  |2, 5, 11, 15|
bad coloring on level 2  |2, 14, 11, 15|
bad coloring on level 2  |5, 9, 11, 15|
bad coloring on level 2  |9, 14, 11, 15|
bad coloring on level 2  |0, 2, 12, 15|
bad coloring on level 2  |2, 2, 12, 15|
bad coloring on level 2  |2, 4, 12, 15|
bad coloring on level 2  |2, 5, 12, 15|
bad coloring on level 2  |2, 7, 12, 15|
bad coloring on level 2  |2, 9, 12, 15|
bad coloring on level 2  |2, 11, 12, 15|
bad coloring on level 2  |2, 14, 12, 15|

162 bad colorings on level 2
