Trying substitutions to: 1
with goodVertices 3, 4, 7, 8, 10, 12, 13, 15
bad color to improve: 0  3  with index 3
bad color to improve: 3  4  with index 46
bad color to improve: 3  15  with index 57
3 bad colorings on level 1
bad coloring on level 2  |5, 11, 1, 3|
bad coloring on level 2  |5, 11, 1, 13|
bad coloring on level 2  |5, 11, 2, 3|
bad coloring on level 2  |5, 14, 2, 6|
bad coloring on level 2  |5, 11, 2, 9|
bad coloring on level 2  |5, 11, 2, 10|
bad coloring on level 2  |5, 14, 2, 11|
bad coloring on level 2  |5, 11, 2, 13|
bad coloring on level 2  |5, 11, 2, 14|
bad coloring on level 2  |5, 14, 2, 15|
bad coloring on level 2  |1, 3, 5, 11|
bad coloring on level 2  |1, 13, 5, 11|
bad coloring on level 2  |2, 3, 5, 11|
bad coloring on level 2  |2, 9, 5, 11|
bad coloring on level 2  |2, 10, 5, 11|
bad coloring on level 2  |2, 13, 5, 11|
bad coloring on level 2  |2, 14, 5, 11|
bad coloring on level 2  |6, 13, 5, 11|
bad coloring on level 2  |8, 13, 5, 11|
bad coloring on level 2  |2, 6, 5, 14|
bad coloring on level 2  |2, 11, 5, 14|
bad coloring on level 2  |2, 15, 5, 14|
bad coloring on level 2  |5, 11, 6, 13|
bad coloring on level 2  |5, 11, 8, 13|

24 bad colorings on level 2
