Trying substitutions to: 10
with goodVertices 3, 4, 7, 8, 9, 12, 13, 14, 15
bad color to improve: 0  4  with index 4
bad color to improve: 0  7  with index 7
bad color to improve: 4  7  with index 61
3 bad colorings on level 1
bad coloring on level 2  |5, 6, 1, 1|
bad coloring on level 2  |6, 10, 1, 1|
bad coloring on level 2  |9, 15, 1, 1|
bad coloring on level 2  |1, 6, 1, 5|
bad coloring on level 2  |5, 6, 1, 5|
bad coloring on level 2  |6, 6, 1, 5|
bad coloring on level 2  |6, 8, 1, 5|
bad coloring on level 2  |6, 9, 1, 5|
bad coloring on level 2  |6, 10, 1, 5|
bad coloring on level 2  |6, 13, 1, 5|
bad coloring on level 2  |6, 15, 1, 5|
bad coloring on level 2  |8, 13, 1, 5|
bad coloring on level 2  |9, 15, 1, 5|
bad coloring on level 2  |1, 5, 1, 6|
bad coloring on level 2  |1, 10, 1, 6|
bad coloring on level 2  |5, 5, 1, 6|
bad coloring on level 2  |5, 6, 1, 6|
bad coloring on level 2  |5, 9, 1, 6|
bad coloring on level 2  |5, 10, 1, 6|
bad coloring on level 2  |5, 12, 1, 6|
bad coloring on level 2  |5, 14, 1, 6|
bad coloring on level 2  |5, 15, 1, 6|
bad coloring on level 2  |6, 10, 1, 6|
bad coloring on level 2  |9, 15, 1, 6|
bad coloring on level 2  |12, 14, 1, 6|
bad coloring on level 2  |5, 6, 1, 8|
bad coloring on level 2  |5, 9, 1, 8|
bad coloring on level 2  |9, 15, 1, 8|
bad coloring on level 2  |1, 6, 1, 10|
bad coloring on level 2  |5, 6, 1, 10|
bad coloring on level 2  |6, 6, 1, 10|
bad coloring on level 2  |6, 9, 1, 10|
bad coloring on level 2  |6, 10, 1, 10|
bad coloring on level 2  |6, 15, 1, 10|
bad coloring on level 2  |9, 15, 1, 10|
bad coloring on level 2  |5, 6, 1, 12|
bad coloring on level 2  |6, 9, 1, 12|
bad coloring on level 2  |6, 10, 1, 12|
bad coloring on level 2  |9, 15, 1, 12|
bad coloring on level 2  |5, 6, 1, 13|
bad coloring on level 2  |5, 15, 1, 13|
bad coloring on level 2  |9, 15, 1, 13|
bad coloring on level 2  |5, 6, 1, 14|
bad coloring on level 2  |6, 10, 1, 14|
bad coloring on level 2  |6, 15, 1, 14|
bad coloring on level 2  |9, 15, 1, 14|
bad coloring on level 2  |1, 6, 5, 5|
bad coloring on level 2  |8, 13, 5, 5|
bad coloring on level 2  |1, 1, 5, 6|
bad coloring on level 2  |1, 5, 5, 6|
bad coloring on level 2  |1, 6, 5, 6|
bad coloring on level 2  |1, 8, 5, 6|
bad coloring on level 2  |1, 10, 5, 6|
bad coloring on level 2  |1, 12, 5, 6|
bad coloring on level 2  |1, 13, 5, 6|
bad coloring on level 2  |1, 14, 5, 6|
bad coloring on level 2  |8, 13, 5, 6|
bad coloring on level 2  |12, 14, 5, 6|
bad coloring on level 2  |1, 6, 5, 9|
bad coloring on level 2  |1, 8, 5, 9|
bad coloring on level 2  |8, 13, 5, 9|
bad coloring on level 2  |1, 6, 5, 10|
bad coloring on level 2  |8, 13, 5, 10|
bad coloring on level 2  |1, 6, 5, 12|
bad coloring on level 2  |6, 13, 5, 12|
bad coloring on level 2  |8, 13, 5, 12|
bad coloring on level 2  |1, 6, 5, 14|
bad coloring on level 2  |6, 8, 5, 14|
bad coloring on level 2  |8, 13, 5, 14|
bad coloring on level 2  |1, 6, 5, 15|
bad coloring on level 2  |1, 13, 5, 15|
bad coloring on level 2  |8, 13, 5, 15|
bad coloring on level 2  |1, 5, 6, 6|
bad coloring on level 2  |1, 10, 6, 6|
bad coloring on level 2  |12, 14, 6, 6|
bad coloring on level 2  |1, 5, 6, 8|
bad coloring on level 2  |5, 14, 6, 8|
bad coloring on level 2  |12, 14, 6, 8|
bad coloring on level 2  |1, 5, 6, 9|
bad coloring on level 2  |1, 10, 6, 9|
bad coloring on level 2  |1, 12, 6, 9|
bad coloring on level 2  |12, 14, 6, 9|
bad coloring on level 2  |1, 1, 6, 10|
bad coloring on level 2  |1, 5, 6, 10|
bad coloring on level 2  |1, 6, 6, 10|
bad coloring on level 2  |1, 10, 6, 10|
bad coloring on level 2  |1, 12, 6, 10|
bad coloring on level 2  |1, 14, 6, 10|
bad coloring on level 2  |12, 14, 6, 10|
bad coloring on level 2  |1, 5, 6, 13|
bad coloring on level 2  |5, 12, 6, 13|
bad coloring on level 2  |12, 14, 6, 13|
bad coloring on level 2  |1, 5, 6, 15|
bad coloring on level 2  |1, 10, 6, 15|
bad coloring on level 2  |1, 14, 6, 15|
bad coloring on level 2  |12, 14, 6, 15|
bad coloring on level 2  |1, 5, 8, 13|
bad coloring on level 2  |5, 5, 8, 13|
bad coloring on level 2  |5, 6, 8, 13|
bad coloring on level 2  |5, 9, 8, 13|
bad coloring on level 2  |5, 10, 8, 13|
bad coloring on level 2  |5, 12, 8, 13|
bad coloring on level 2  |5, 14, 8, 13|
bad coloring on level 2  |5, 15, 8, 13|
bad coloring on level 2  |1, 1, 9, 15|
bad coloring on level 2  |1, 5, 9, 15|
bad coloring on level 2  |1, 6, 9, 15|
bad coloring on level 2  |1, 8, 9, 15|
bad coloring on level 2  |1, 10, 9, 15|
bad coloring on level 2  |1, 12, 9, 15|
bad coloring on level 2  |1, 13, 9, 15|
bad coloring on level 2  |1, 14, 9, 15|
bad coloring on level 2  |1, 6, 12, 14|
bad coloring on level 2  |5, 6, 12, 14|
bad coloring on level 2  |6, 6, 12, 14|
bad coloring on level 2  |6, 8, 12, 14|
bad coloring on level 2  |6, 9, 12, 14|
bad coloring on level 2  |6, 10, 12, 14|
bad coloring on level 2  |6, 13, 12, 14|
bad coloring on level 2  |6, 15, 12, 14|

120 bad colorings on level 2
