Trying substitutions to: 1
with goodVertices 3, 4, 8, 9, 10, 12, 15
bad color to improve: 0  3  with index 3
bad color to improve: 3  4  with index 46
bad color to improve: 3  15  with index 57
bad color to improve: 9  15  with index 114
4 bad colorings on level 1
bad coloring on level 2  |1, 4, 1, 3|
bad coloring on level 2  |1, 6, 1, 3|
bad coloring on level 2  |1, 8, 1, 3|
bad coloring on level 2  |1, 11, 1, 3|
bad coloring on level 2  |1, 15, 1, 3|
bad coloring on level 2  |2, 11, 1, 3|
bad coloring on level 2  |2, 15, 1, 3|
bad coloring on level 2  |4, 11, 1, 3|
bad coloring on level 2  |4, 12, 1, 3|
bad coloring on level 2  |5, 11, 1, 3|
bad coloring on level 2  |6, 7, 1, 3|
bad coloring on level 2  |6, 8, 1, 3|
bad coloring on level 2  |6, 11, 1, 3|
bad coloring on level 2  |6, 12, 1, 3|
bad coloring on level 2  |7, 11, 1, 3|
bad coloring on level 2  |7, 15, 1, 3|
bad coloring on level 2  |8, 11, 1, 3|
bad coloring on level 2  |11, 11, 1, 3|
bad coloring on level 2  |11, 12, 1, 3|
bad coloring on level 2  |11, 15, 1, 3|
bad coloring on level 2  |1, 3, 1, 4|
bad coloring on level 2  |1, 13, 1, 4|
bad coloring on level 2  |2, 3, 1, 4|
bad coloring on level 2  |2, 10, 1, 4|
bad coloring on level 2  |2, 14, 1, 4|
bad coloring on level 2  |1, 3, 1, 6|
bad coloring on level 2  |1, 13, 1, 6|
bad coloring on level 2  |2, 3, 1, 6|
bad coloring on level 2  |2, 10, 1, 6|
bad coloring on level 2  |2, 14, 1, 6|
bad coloring on level 2  |1, 3, 1, 8|
bad coloring on level 2  |1, 13, 1, 8|
bad coloring on level 2  |2, 3, 1, 8|
bad coloring on level 2  |2, 10, 1, 8|
bad coloring on level 2  |2, 14, 1, 8|
bad coloring on level 2  |2, 11, 1, 9|
bad coloring on level 2  |2, 15, 1, 9|
bad coloring on level 2  |2, 11, 1, 10|
bad coloring on level 2  |2, 15, 1, 10|
bad coloring on level 2  |1, 3, 1, 11|
bad coloring on level 2  |1, 13, 1, 11|
bad coloring on level 2  |2, 3, 1, 11|
bad coloring on level 2  |2, 10, 1, 11|
bad coloring on level 2  |2, 14, 1, 11|
bad coloring on level 2  |1, 4, 1, 13|
bad coloring on level 2  |1, 6, 1, 13|
bad coloring on level 2  |1, 8, 1, 13|
bad coloring on level 2  |1, 11, 1, 13|
bad coloring on level 2  |1, 15, 1, 13|
bad coloring on level 2  |2, 11, 1, 13|
bad coloring on level 2  |2, 15, 1, 13|
bad coloring on level 2  |4, 11, 1, 13|
bad coloring on level 2  |4, 12, 1, 13|
bad coloring on level 2  |5, 11, 1, 13|
bad coloring on level 2  |6, 7, 1, 13|
bad coloring on level 2  |6, 8, 1, 13|
bad coloring on level 2  |6, 11, 1, 13|
bad coloring on level 2  |6, 12, 1, 13|
bad coloring on level 2  |7, 11, 1, 13|
bad coloring on level 2  |7, 15, 1, 13|
bad coloring on level 2  |8, 11, 1, 13|
bad coloring on level 2  |11, 11, 1, 13|
bad coloring on level 2  |11, 12, 1, 13|
bad coloring on level 2  |11, 15, 1, 13|
bad coloring on level 2  |2, 11, 1, 14|
bad coloring on level 2  |2, 15, 1, 14|
bad coloring on level 2  |1, 3, 1, 15|
bad coloring on level 2  |1, 13, 1, 15|
bad coloring on level 2  |2, 3, 1, 15|
bad coloring on level 2  |2, 10, 1, 15|
bad coloring on level 2  |2, 14, 1, 15|
bad coloring on level 2  |1, 4, 2, 3|
bad coloring on level 2  |1, 6, 2, 3|
bad coloring on level 2  |1, 8, 2, 3|
bad coloring on level 2  |1, 11, 2, 3|
bad coloring on level 2  |1, 15, 2, 3|
bad coloring on level 2  |2, 11, 2, 3|
bad coloring on level 2  |2, 15, 2, 3|
bad coloring on level 2  |4, 11, 2, 3|
bad coloring on level 2  |4, 12, 2, 3|
bad coloring on level 2  |5, 11, 2, 3|
bad coloring on level 2  |6, 7, 2, 3|
bad coloring on level 2  |6, 8, 2, 3|
bad coloring on level 2  |6, 11, 2, 3|
bad coloring on level 2  |6, 12, 2, 3|
bad coloring on level 2  |7, 11, 2, 3|
bad coloring on level 2  |7, 15, 2, 3|
bad coloring on level 2  |8, 11, 2, 3|
bad coloring on level 2  |11, 11, 2, 3|
bad coloring on level 2  |11, 12, 2, 3|
bad coloring on level 2  |11, 15, 2, 3|
bad coloring on level 2  |5, 11, 2, 9|
bad coloring on level 2  |1, 4, 2, 10|
bad coloring on level 2  |1, 6, 2, 10|
bad coloring on level 2  |1, 8, 2, 10|
bad coloring on level 2  |1, 11, 2, 10|
bad coloring on level 2  |1, 15, 2, 10|
bad coloring on level 2  |2, 11, 2, 10|
bad coloring on level 2  |2, 15, 2, 10|
bad coloring on level 2  |4, 11, 2, 10|
bad coloring on level 2  |4, 12, 2, 10|
bad coloring on level 2  |5, 11, 2, 10|
bad coloring on level 2  |6, 7, 2, 10|
bad coloring on level 2  |6, 8, 2, 10|
bad coloring on level 2  |6, 11, 2, 10|
bad coloring on level 2  |6, 12, 2, 10|
bad coloring on level 2  |7, 11, 2, 10|
bad coloring on level 2  |7, 15, 2, 10|
bad coloring on level 2  |8, 11, 2, 10|
bad coloring on level 2  |11, 11, 2, 10|
bad coloring on level 2  |11, 12, 2, 10|
bad coloring on level 2  |11, 15, 2, 10|
bad coloring on level 2  |1, 3, 2, 11|
bad coloring on level 2  |1, 9, 2, 11|
bad coloring on level 2  |1, 10, 2, 11|
bad coloring on level 2  |1, 13, 2, 11|
bad coloring on level 2  |1, 14, 2, 11|
bad coloring on level 2  |2, 3, 2, 11|
bad coloring on level 2  |2, 10, 2, 11|
bad coloring on level 2  |2, 14, 2, 11|
bad coloring on level 2  |3, 14, 2, 11|
bad coloring on level 2  |5, 14, 2, 11|
bad coloring on level 2  |7, 9, 2, 11|
bad coloring on level 2  |7, 10, 2, 11|
bad coloring on level 2  |7, 14, 2, 11|
bad coloring on level 2  |9, 12, 2, 11|
bad coloring on level 2  |9, 14, 2, 11|
bad coloring on level 2  |10, 13, 2, 11|
bad coloring on level 2  |10, 14, 2, 11|
bad coloring on level 2  |12, 14, 2, 11|
bad coloring on level 2  |13, 14, 2, 11|
bad coloring on level 2  |14, 14, 2, 11|
bad coloring on level 2  |5, 11, 2, 13|
bad coloring on level 2  |1, 4, 2, 14|
bad coloring on level 2  |1, 6, 2, 14|
bad coloring on level 2  |1, 8, 2, 14|
bad coloring on level 2  |1, 11, 2, 14|
bad coloring on level 2  |1, 15, 2, 14|
bad coloring on level 2  |2, 11, 2, 14|
bad coloring on level 2  |2, 15, 2, 14|
bad coloring on level 2  |4, 11, 2, 14|
bad coloring on level 2  |4, 12, 2, 14|
bad coloring on level 2  |5, 11, 2, 14|
bad coloring on level 2  |6, 7, 2, 14|
bad coloring on level 2  |6, 8, 2, 14|
bad coloring on level 2  |6, 11, 2, 14|
bad coloring on level 2  |6, 12, 2, 14|
bad coloring on level 2  |7, 11, 2, 14|
bad coloring on level 2  |7, 15, 2, 14|
bad coloring on level 2  |8, 11, 2, 14|
bad coloring on level 2  |11, 11, 2, 14|
bad coloring on level 2  |11, 12, 2, 14|
bad coloring on level 2  |11, 15, 2, 14|
bad coloring on level 2  |1, 3, 2, 15|
bad coloring on level 2  |1, 9, 2, 15|
bad coloring on level 2  |1, 10, 2, 15|
bad coloring on level 2  |1, 13, 2, 15|
bad coloring on level 2  |1, 14, 2, 15|
bad coloring on level 2  |2, 3, 2, 15|
bad coloring on level 2  |2, 10, 2, 15|
bad coloring on level 2  |2, 14, 2, 15|
bad coloring on level 2  |3, 14, 2, 15|
bad coloring on level 2  |5, 14, 2, 15|
bad coloring on level 2  |7, 9, 2, 15|
bad coloring on level 2  |7, 10, 2, 15|
bad coloring on level 2  |7, 14, 2, 15|
bad coloring on level 2  |9, 12, 2, 15|
bad coloring on level 2  |9, 14, 2, 15|
bad coloring on level 2  |10, 13, 2, 15|
bad coloring on level 2  |10, 14, 2, 15|
bad coloring on level 2  |12, 14, 2, 15|
bad coloring on level 2  |13, 14, 2, 15|
bad coloring on level 2  |14, 14, 2, 15|
bad coloring on level 2  |2, 11, 3, 14|
bad coloring on level 2  |2, 15, 3, 14|
bad coloring on level 2  |1, 3, 4, 11|
bad coloring on level 2  |1, 13, 4, 11|
bad coloring on level 2  |2, 3, 4, 11|
bad coloring on level 2  |2, 10, 4, 11|
bad coloring on level 2  |2, 14, 4, 11|
bad coloring on level 2  |1, 3, 4, 12|
bad coloring on level 2  |1, 13, 4, 12|
bad coloring on level 2  |2, 3, 4, 12|
bad coloring on level 2  |2, 10, 4, 12|
bad coloring on level 2  |2, 14, 4, 12|
bad coloring on level 2  |1, 3, 5, 11|
bad coloring on level 2  |1, 13, 5, 11|
bad coloring on level 2  |2, 3, 5, 11|
bad coloring on level 2  |2, 9, 5, 11|
bad coloring on level 2  |2, 10, 5, 11|
bad coloring on level 2  |2, 13, 5, 11|
bad coloring on level 2  |2, 14, 5, 11|
bad coloring on level 2  |6, 13, 5, 11|
bad coloring on level 2  |8, 13, 5, 11|
bad coloring on level 2  |2, 11, 5, 14|
bad coloring on level 2  |2, 15, 5, 14|
bad coloring on level 2  |1, 3, 6, 7|
bad coloring on level 2  |1, 13, 6, 7|
bad coloring on level 2  |2, 3, 6, 7|
bad coloring on level 2  |2, 10, 6, 7|
bad coloring on level 2  |2, 14, 6, 7|
bad coloring on level 2  |1, 3, 6, 8|
bad coloring on level 2  |1, 13, 6, 8|
bad coloring on level 2  |2, 3, 6, 8|
bad coloring on level 2  |2, 10, 6, 8|
bad coloring on level 2  |2, 14, 6, 8|
bad coloring on level 2  |1, 3, 6, 11|
bad coloring on level 2  |1, 13, 6, 11|
bad coloring on level 2  |2, 3, 6, 11|
bad coloring on level 2  |2, 10, 6, 11|
bad coloring on level 2  |2, 14, 6, 11|
bad coloring on level 2  |1, 3, 6, 12|
bad coloring on level 2  |1, 13, 6, 12|
bad coloring on level 2  |2, 3, 6, 12|
bad coloring on level 2  |2, 10, 6, 12|
bad coloring on level 2  |2, 14, 6, 12|
bad coloring on level 2  |5, 11, 6, 13|
bad coloring on level 2  |2, 11, 7, 9|
bad coloring on level 2  |2, 15, 7, 9|
bad coloring on level 2  |2, 11, 7, 10|
bad coloring on level 2  |2, 15, 7, 10|
bad coloring on level 2  |1, 3, 7, 11|
bad coloring on level 2  |1, 13, 7, 11|
bad coloring on level 2  |2, 3, 7, 11|
bad coloring on level 2  |2, 10, 7, 11|
bad coloring on level 2  |2, 14, 7, 11|
bad coloring on level 2  |2, 11, 7, 14|
bad coloring on level 2  |2, 15, 7, 14|
bad coloring on level 2  |1, 3, 7, 15|
bad coloring on level 2  |1, 13, 7, 15|
bad coloring on level 2  |2, 3, 7, 15|
bad coloring on level 2  |2, 10, 7, 15|
bad coloring on level 2  |2, 14, 7, 15|
bad coloring on level 2  |1, 3, 8, 11|
bad coloring on level 2  |1, 13, 8, 11|
bad coloring on level 2  |2, 3, 8, 11|
bad coloring on level 2  |2, 10, 8, 11|
bad coloring on level 2  |2, 14, 8, 11|
bad coloring on level 2  |5, 11, 8, 13|
bad coloring on level 2  |2, 11, 9, 12|
bad coloring on level 2  |2, 15, 9, 12|
bad coloring on level 2  |2, 11, 9, 14|
bad coloring on level 2  |2, 15, 9, 14|
bad coloring on level 2  |2, 11, 10, 13|
bad coloring on level 2  |2, 15, 10, 13|
bad coloring on level 2  |2, 11, 10, 14|
bad coloring on level 2  |2, 15, 10, 14|
bad coloring on level 2  |1, 3, 11, 11|
bad coloring on level 2  |1, 13, 11, 11|
bad coloring on level 2  |2, 3, 11, 11|
bad coloring on level 2  |2, 10, 11, 11|
bad coloring on level 2  |2, 14, 11, 11|
bad coloring on level 2  |1, 3, 11, 12|
bad coloring on level 2  |1, 13, 11, 12|
bad coloring on level 2  |2, 3, 11, 12|
bad coloring on level 2  |2, 10, 11, 12|
bad coloring on level 2  |2, 14, 11, 12|
bad coloring on level 2  |1, 3, 11, 15|
bad coloring on level 2  |1, 13, 11, 15|
bad coloring on level 2  |2, 3, 11, 15|
bad coloring on level 2  |2, 10, 11, 15|
bad coloring on level 2  |2, 14, 11, 15|
bad coloring on level 2  |2, 11, 12, 14|
bad coloring on level 2  |2, 15, 12, 14|
bad coloring on level 2  |2, 11, 13, 14|
bad coloring on level 2  |2, 15, 13, 14|
bad coloring on level 2  |2, 11, 14, 14|
bad coloring on level 2  |2, 15, 14, 14|

268 bad colorings on level 2
