Trying substitutions to: 6
with goodVertices 3, 4, 7, 8, 9, 10, 13, 14
bad color to improve: 0  3  with index 3
bad color to improve: 3  3  with index 45
bad color to improve: 3  7  with index 49
bad color to improve: 3  12  with index 54
bad color to improve: 3  14  with index 56
bad color to improve: 7  14  with index 98
6 bad colorings on level 1
bad coloring on level 2  |1, 6, 1, 1|
bad coloring on level 2  |5, 11, 1, 1|
bad coloring on level 2  |1, 6, 1, 2|
bad coloring on level 2  |4, 15, 1, 2|
bad coloring on level 2  |5, 6, 1, 2|
bad coloring on level 2  |5, 11, 1, 2|
bad coloring on level 2  |5, 15, 1, 2|
bad coloring on level 2  |6, 8, 1, 2|
bad coloring on level 2  |6, 10, 1, 2|
bad coloring on level 2  |6, 11, 1, 2|
bad coloring on level 2  |6, 15, 1, 2|
bad coloring on level 2  |8, 15, 1, 2|
bad coloring on level 2  |9, 15, 1, 2|
bad coloring on level 2  |10, 15, 1, 2|
bad coloring on level 2  |11, 15, 1, 2|
bad coloring on level 2  |15, 15, 1, 2|
bad coloring on level 2  |1, 6, 1, 5|
bad coloring on level 2  |1, 11, 1, 5|
bad coloring on level 2  |2, 4, 1, 5|
bad coloring on level 2  |2, 6, 1, 5|
bad coloring on level 2  |2, 11, 1, 5|
bad coloring on level 2  |4, 4, 1, 5|
bad coloring on level 2  |4, 6, 1, 5|
bad coloring on level 2  |4, 8, 1, 5|
bad coloring on level 2  |4, 9, 1, 5|
bad coloring on level 2  |4, 11, 1, 5|
bad coloring on level 2  |4, 13, 1, 5|
bad coloring on level 2  |4, 15, 1, 5|
bad coloring on level 2  |5, 11, 1, 5|
bad coloring on level 2  |6, 8, 1, 5|
bad coloring on level 2  |6, 11, 1, 5|
bad coloring on level 2  |6, 13, 1, 5|
bad coloring on level 2  |8, 11, 1, 5|
bad coloring on level 2  |11, 11, 1, 5|
bad coloring on level 2  |11, 15, 1, 5|
bad coloring on level 2  |1, 1, 1, 6|
bad coloring on level 2  |1, 2, 1, 6|
bad coloring on level 2  |1, 5, 1, 6|
bad coloring on level 2  |1, 6, 1, 6|
bad coloring on level 2  |1, 11, 1, 6|
bad coloring on level 2  |2, 2, 1, 6|
bad coloring on level 2  |2, 4, 1, 6|
bad coloring on level 2  |2, 5, 1, 6|
bad coloring on level 2  |2, 6, 1, 6|
bad coloring on level 2  |2, 9, 1, 6|
bad coloring on level 2  |2, 11, 1, 6|
bad coloring on level 2  |2, 13, 1, 6|
bad coloring on level 2  |4, 4, 1, 6|
bad coloring on level 2  |4, 6, 1, 6|
bad coloring on level 2  |4, 8, 1, 6|
bad coloring on level 2  |4, 9, 1, 6|
bad coloring on level 2  |4, 11, 1, 6|
bad coloring on level 2  |4, 13, 1, 6|
bad coloring on level 2  |4, 15, 1, 6|
bad coloring on level 2  |5, 5, 1, 6|
bad coloring on level 2  |5, 6, 1, 6|
bad coloring on level 2  |5, 9, 1, 6|
bad coloring on level 2  |5, 10, 1, 6|
bad coloring on level 2  |5, 11, 1, 6|
bad coloring on level 2  |5, 15, 1, 6|
bad coloring on level 2  |6, 6, 1, 6|
bad coloring on level 2  |6, 8, 1, 6|
bad coloring on level 2  |6, 9, 1, 6|
bad coloring on level 2  |6, 10, 1, 6|
bad coloring on level 2  |6, 11, 1, 6|
bad coloring on level 2  |6, 13, 1, 6|
bad coloring on level 2  |6, 15, 1, 6|
bad coloring on level 2  |8, 8, 1, 6|
bad coloring on level 2  |8, 11, 1, 6|
bad coloring on level 2  |8, 15, 1, 6|
bad coloring on level 2  |9, 9, 1, 6|
bad coloring on level 2  |9, 10, 1, 6|
bad coloring on level 2  |9, 13, 1, 6|
bad coloring on level 2  |9, 15, 1, 6|
bad coloring on level 2  |10, 10, 1, 6|
bad coloring on level 2  |10, 15, 1, 6|
bad coloring on level 2  |11, 11, 1, 6|
bad coloring on level 2  |11, 15, 1, 6|
bad coloring on level 2  |13, 13, 1, 6|
bad coloring on level 2  |15, 15, 1, 6|
bad coloring on level 2  |2, 5, 1, 8|
bad coloring on level 2  |5, 11, 1, 8|
bad coloring on level 2  |2, 11, 1, 10|
bad coloring on level 2  |5, 11, 1, 10|
bad coloring on level 2  |1, 5, 1, 11|
bad coloring on level 2  |1, 6, 1, 11|
bad coloring on level 2  |2, 5, 1, 11|
bad coloring on level 2  |2, 6, 1, 11|
bad coloring on level 2  |2, 9, 1, 11|
bad coloring on level 2  |4, 9, 1, 11|
bad coloring on level 2  |5, 5, 1, 11|
bad coloring on level 2  |5, 6, 1, 11|
bad coloring on level 2  |5, 9, 1, 11|
bad coloring on level 2  |5, 10, 1, 11|
bad coloring on level 2  |5, 11, 1, 11|
bad coloring on level 2  |5, 15, 1, 11|
bad coloring on level 2  |6, 9, 1, 11|
bad coloring on level 2  |6, 10, 1, 11|
bad coloring on level 2  |6, 13, 1, 11|
bad coloring on level 2  |9, 9, 1, 11|
bad coloring on level 2  |9, 10, 1, 11|
bad coloring on level 2  |9, 13, 1, 11|
bad coloring on level 2  |9, 15, 1, 11|
bad coloring on level 2  |5, 11, 1, 13|
bad coloring on level 2  |1, 6, 2, 2|
bad coloring on level 2  |5, 11, 2, 2|
bad coloring on level 2  |1, 5, 2, 4|
bad coloring on level 2  |1, 6, 2, 4|
bad coloring on level 2  |5, 11, 2, 4|
bad coloring on level 2  |1, 6, 2, 5|
bad coloring on level 2  |1, 8, 2, 5|
bad coloring on level 2  |1, 11, 2, 5|
bad coloring on level 2  |2, 11, 2, 5|
bad coloring on level 2  |4, 8, 2, 5|
bad coloring on level 2  |4, 11, 2, 5|
bad coloring on level 2  |5, 11, 2, 5|
bad coloring on level 2  |6, 8, 2, 5|
bad coloring on level 2  |6, 11, 2, 5|
bad coloring on level 2  |8, 8, 2, 5|
bad coloring on level 2  |8, 10, 2, 5|
bad coloring on level 2  |8, 11, 2, 5|
bad coloring on level 2  |8, 13, 2, 5|
bad coloring on level 2  |8, 15, 2, 5|
bad coloring on level 2  |11, 11, 2, 5|
bad coloring on level 2  |11, 15, 2, 5|
bad coloring on level 2  |1, 5, 2, 6|
bad coloring on level 2  |1, 6, 2, 6|
bad coloring on level 2  |1, 11, 2, 6|
bad coloring on level 2  |5, 11, 2, 6|
bad coloring on level 2  |1, 6, 2, 9|
bad coloring on level 2  |1, 11, 2, 9|
bad coloring on level 2  |5, 11, 2, 9|
bad coloring on level 2  |1, 5, 2, 11|
bad coloring on level 2  |1, 6, 2, 11|
bad coloring on level 2  |1, 10, 2, 11|
bad coloring on level 2  |2, 5, 2, 11|
bad coloring on level 2  |5, 5, 2, 11|
bad coloring on level 2  |5, 6, 2, 11|
bad coloring on level 2  |5, 9, 2, 11|
bad coloring on level 2  |5, 10, 2, 11|
bad coloring on level 2  |5, 11, 2, 11|
bad coloring on level 2  |5, 15, 2, 11|
bad coloring on level 2  |6, 10, 2, 11|
bad coloring on level 2  |8, 10, 2, 11|
bad coloring on level 2  |9, 10, 2, 11|
bad coloring on level 2  |10, 10, 2, 11|
bad coloring on level 2  |10, 13, 2, 11|
bad coloring on level 2  |10, 15, 2, 11|
bad coloring on level 2  |1, 6, 2, 13|
bad coloring on level 2  |5, 11, 2, 13|
bad coloring on level 2  |1, 5, 4, 4|
bad coloring on level 2  |1, 6, 4, 4|
bad coloring on level 2  |5, 11, 4, 4|
bad coloring on level 2  |1, 5, 4, 6|
bad coloring on level 2  |1, 6, 4, 6|
bad coloring on level 2  |5, 11, 4, 6|
bad coloring on level 2  |1, 5, 4, 8|
bad coloring on level 2  |1, 6, 4, 8|
bad coloring on level 2  |2, 5, 4, 8|
bad coloring on level 2  |5, 5, 4, 8|
bad coloring on level 2  |5, 6, 4, 8|
bad coloring on level 2  |5, 9, 4, 8|
bad coloring on level 2  |5, 10, 4, 8|
bad coloring on level 2  |5, 11, 4, 8|
bad coloring on level 2  |5, 15, 4, 8|
bad coloring on level 2  |6, 10, 4, 8|
bad coloring on level 2  |1, 5, 4, 9|
bad coloring on level 2  |1, 6, 4, 9|
bad coloring on level 2  |1, 11, 4, 9|
bad coloring on level 2  |5, 11, 4, 9|
bad coloring on level 2  |1, 5, 4, 11|
bad coloring on level 2  |1, 6, 4, 11|
bad coloring on level 2  |2, 5, 4, 11|
bad coloring on level 2  |5, 5, 4, 11|
bad coloring on level 2  |5, 6, 4, 11|
bad coloring on level 2  |5, 9, 4, 11|
bad coloring on level 2  |5, 10, 4, 11|
bad coloring on level 2  |5, 11, 4, 11|
bad coloring on level 2  |5, 15, 4, 11|
bad coloring on level 2  |6, 10, 4, 11|
bad coloring on level 2  |9, 10, 4, 11|
bad coloring on level 2  |1, 5, 4, 13|
bad coloring on level 2  |1, 6, 4, 13|
bad coloring on level 2  |5, 11, 4, 13|
bad coloring on level 2  |1, 2, 4, 15|
bad coloring on level 2  |1, 5, 4, 15|
bad coloring on level 2  |1, 6, 4, 15|
bad coloring on level 2  |5, 11, 4, 15|
bad coloring on level 2  |1, 6, 5, 5|
bad coloring on level 2  |1, 11, 5, 5|
bad coloring on level 2  |2, 11, 5, 5|
bad coloring on level 2  |4, 8, 5, 5|
bad coloring on level 2  |4, 11, 5, 5|
bad coloring on level 2  |5, 11, 5, 5|
bad coloring on level 2  |6, 8, 5, 5|
bad coloring on level 2  |6, 11, 5, 5|
bad coloring on level 2  |8, 11, 5, 5|
bad coloring on level 2  |11, 11, 5, 5|
bad coloring on level 2  |11, 15, 5, 5|
bad coloring on level 2  |1, 2, 5, 6|
bad coloring on level 2  |1, 6, 5, 6|
bad coloring on level 2  |1, 11, 5, 6|
bad coloring on level 2  |2, 11, 5, 6|
bad coloring on level 2  |4, 8, 5, 6|
bad coloring on level 2  |4, 11, 5, 6|
bad coloring on level 2  |5, 11, 5, 6|
bad coloring on level 2  |6, 8, 5, 6|
bad coloring on level 2  |6, 11, 5, 6|
bad coloring on level 2  |8, 11, 5, 6|
bad coloring on level 2  |11, 11, 5, 6|
bad coloring on level 2  |11, 15, 5, 6|
bad coloring on level 2  |1, 6, 5, 9|
bad coloring on level 2  |1, 11, 5, 9|
bad coloring on level 2  |2, 11, 5, 9|
bad coloring on level 2  |4, 8, 5, 9|
bad coloring on level 2  |4, 11, 5, 9|
bad coloring on level 2  |5, 11, 5, 9|
bad coloring on level 2  |6, 8, 5, 9|
bad coloring on level 2  |6, 11, 5, 9|
bad coloring on level 2  |8, 11, 5, 9|
bad coloring on level 2  |11, 11, 5, 9|
bad coloring on level 2  |11, 15, 5, 9|
bad coloring on level 2  |1, 6, 5, 10|
bad coloring on level 2  |1, 11, 5, 10|
bad coloring on level 2  |2, 11, 5, 10|
bad coloring on level 2  |4, 8, 5, 10|
bad coloring on level 2  |4, 11, 5, 10|
bad coloring on level 2  |5, 11, 5, 10|
bad coloring on level 2  |6, 8, 5, 10|
bad coloring on level 2  |6, 11, 5, 10|
bad coloring on level 2  |8, 11, 5, 10|
bad coloring on level 2  |11, 11, 5, 10|
bad coloring on level 2  |11, 15, 5, 10|
bad coloring on level 2  |1, 1, 5, 11|
bad coloring on level 2  |1, 2, 5, 11|
bad coloring on level 2  |1, 5, 5, 11|
bad coloring on level 2  |1, 6, 5, 11|
bad coloring on level 2  |1, 8, 5, 11|
bad coloring on level 2  |1, 10, 5, 11|
bad coloring on level 2  |1, 11, 5, 11|
bad coloring on level 2  |1, 13, 5, 11|
bad coloring on level 2  |2, 2, 5, 11|
bad coloring on level 2  |2, 4, 5, 11|
bad coloring on level 2  |2, 5, 5, 11|
bad coloring on level 2  |2, 6, 5, 11|
bad coloring on level 2  |2, 9, 5, 11|
bad coloring on level 2  |2, 11, 5, 11|
bad coloring on level 2  |2, 13, 5, 11|
bad coloring on level 2  |4, 4, 5, 11|
bad coloring on level 2  |4, 6, 5, 11|
bad coloring on level 2  |4, 8, 5, 11|
bad coloring on level 2  |4, 9, 5, 11|
bad coloring on level 2  |4, 11, 5, 11|
bad coloring on level 2  |4, 13, 5, 11|
bad coloring on level 2  |4, 15, 5, 11|
bad coloring on level 2  |5, 5, 5, 11|
bad coloring on level 2  |5, 6, 5, 11|
bad coloring on level 2  |5, 9, 5, 11|
bad coloring on level 2  |5, 10, 5, 11|
bad coloring on level 2  |5, 11, 5, 11|
bad coloring on level 2  |5, 15, 5, 11|
bad coloring on level 2  |6, 6, 5, 11|
bad coloring on level 2  |6, 8, 5, 11|
bad coloring on level 2  |6, 9, 5, 11|
bad coloring on level 2  |6, 10, 5, 11|
bad coloring on level 2  |6, 11, 5, 11|
bad coloring on level 2  |6, 13, 5, 11|
bad coloring on level 2  |6, 15, 5, 11|
bad coloring on level 2  |8, 8, 5, 11|
bad coloring on level 2  |8, 10, 5, 11|
bad coloring on level 2  |8, 11, 5, 11|
bad coloring on level 2  |8, 13, 5, 11|
bad coloring on level 2  |8, 15, 5, 11|
bad coloring on level 2  |9, 9, 5, 11|
bad coloring on level 2  |9, 10, 5, 11|
bad coloring on level 2  |9, 13, 5, 11|
bad coloring on level 2  |9, 15, 5, 11|
bad coloring on level 2  |10, 10, 5, 11|
bad coloring on level 2  |10, 13, 5, 11|
bad coloring on level 2  |10, 15, 5, 11|
bad coloring on level 2  |11, 11, 5, 11|
bad coloring on level 2  |11, 15, 5, 11|
bad coloring on level 2  |13, 13, 5, 11|
bad coloring on level 2  |15, 15, 5, 11|
bad coloring on level 2  |1, 2, 5, 15|
bad coloring on level 2  |1, 6, 5, 15|
bad coloring on level 2  |1, 11, 5, 15|
bad coloring on level 2  |2, 11, 5, 15|
bad coloring on level 2  |4, 8, 5, 15|
bad coloring on level 2  |4, 11, 5, 15|
bad coloring on level 2  |5, 11, 5, 15|
bad coloring on level 2  |6, 8, 5, 15|
bad coloring on level 2  |6, 11, 5, 15|
bad coloring on level 2  |8, 11, 5, 15|
bad coloring on level 2  |11, 11, 5, 15|
bad coloring on level 2  |11, 15, 5, 15|
bad coloring on level 2  |1, 6, 6, 6|
bad coloring on level 2  |5, 11, 6, 6|
bad coloring on level 2  |1, 2, 6, 8|
bad coloring on level 2  |1, 5, 6, 8|
bad coloring on level 2  |1, 6, 6, 8|
bad coloring on level 2  |2, 5, 6, 8|
bad coloring on level 2  |5, 5, 6, 8|
bad coloring on level 2  |5, 6, 6, 8|
bad coloring on level 2  |5, 9, 6, 8|
bad coloring on level 2  |5, 10, 6, 8|
bad coloring on level 2  |5, 11, 6, 8|
bad coloring on level 2  |5, 15, 6, 8|
bad coloring on level 2  |6, 10, 6, 8|
bad coloring on level 2  |9, 10, 6, 8|
bad coloring on level 2  |1, 6, 6, 9|
bad coloring on level 2  |1, 11, 6, 9|
bad coloring on level 2  |5, 11, 6, 9|
bad coloring on level 2  |1, 2, 6, 10|
bad coloring on level 2  |1, 6, 6, 10|
bad coloring on level 2  |1, 11, 6, 10|
bad coloring on level 2  |2, 11, 6, 10|
bad coloring on level 2  |4, 8, 6, 10|
bad coloring on level 2  |4, 11, 6, 10|
bad coloring on level 2  |5, 11, 6, 10|
bad coloring on level 2  |6, 8, 6, 10|
bad coloring on level 2  |6, 11, 6, 10|
bad coloring on level 2  |8, 11, 6, 10|
bad coloring on level 2  |11, 11, 6, 10|
bad coloring on level 2  |11, 15, 6, 10|
bad coloring on level 2  |1, 2, 6, 11|
bad coloring on level 2  |1, 5, 6, 11|
bad coloring on level 2  |1, 6, 6, 11|
bad coloring on level 2  |2, 5, 6, 11|
bad coloring on level 2  |5, 5, 6, 11|
bad coloring on level 2  |5, 6, 6, 11|
bad coloring on level 2  |5, 9, 6, 11|
bad coloring on level 2  |5, 10, 6, 11|
bad coloring on level 2  |5, 11, 6, 11|
bad coloring on level 2  |5, 15, 6, 11|
bad coloring on level 2  |6, 10, 6, 11|
bad coloring on level 2  |9, 10, 6, 11|
bad coloring on level 2  |1, 5, 6, 13|
bad coloring on level 2  |1, 6, 6, 13|
bad coloring on level 2  |1, 11, 6, 13|
bad coloring on level 2  |5, 11, 6, 13|
bad coloring on level 2  |1, 2, 6, 15|
bad coloring on level 2  |1, 6, 6, 15|
bad coloring on level 2  |5, 11, 6, 15|
bad coloring on level 2  |1, 6, 8, 8|
bad coloring on level 2  |2, 5, 8, 8|
bad coloring on level 2  |5, 11, 8, 8|
bad coloring on level 2  |2, 5, 8, 10|
bad coloring on level 2  |2, 11, 8, 10|
bad coloring on level 2  |5, 11, 8, 10|
bad coloring on level 2  |1, 5, 8, 11|
bad coloring on level 2  |1, 6, 8, 11|
bad coloring on level 2  |2, 5, 8, 11|
bad coloring on level 2  |5, 5, 8, 11|
bad coloring on level 2  |5, 6, 8, 11|
bad coloring on level 2  |5, 9, 8, 11|
bad coloring on level 2  |5, 10, 8, 11|
bad coloring on level 2  |5, 11, 8, 11|
bad coloring on level 2  |5, 15, 8, 11|
bad coloring on level 2  |6, 10, 8, 11|
bad coloring on level 2  |9, 10, 8, 11|
bad coloring on level 2  |2, 5, 8, 13|
bad coloring on level 2  |5, 11, 8, 13|
bad coloring on level 2  |1, 2, 8, 15|
bad coloring on level 2  |1, 6, 8, 15|
bad coloring on level 2  |2, 5, 8, 15|
bad coloring on level 2  |5, 11, 8, 15|
bad coloring on level 2  |1, 6, 9, 9|
bad coloring on level 2  |1, 11, 9, 9|
bad coloring on level 2  |5, 11, 9, 9|
bad coloring on level 2  |1, 6, 9, 10|
bad coloring on level 2  |1, 11, 9, 10|
bad coloring on level 2  |2, 11, 9, 10|
bad coloring on level 2  |4, 11, 9, 10|
bad coloring on level 2  |5, 11, 9, 10|
bad coloring on level 2  |6, 8, 9, 10|
bad coloring on level 2  |6, 11, 9, 10|
bad coloring on level 2  |8, 11, 9, 10|
bad coloring on level 2  |11, 11, 9, 10|
bad coloring on level 2  |11, 15, 9, 10|
bad coloring on level 2  |1, 6, 9, 13|
bad coloring on level 2  |1, 11, 9, 13|
bad coloring on level 2  |5, 11, 9, 13|
bad coloring on level 2  |1, 2, 9, 15|
bad coloring on level 2  |1, 6, 9, 15|
bad coloring on level 2  |1, 11, 9, 15|
bad coloring on level 2  |5, 11, 9, 15|
bad coloring on level 2  |1, 6, 10, 10|
bad coloring on level 2  |2, 11, 10, 10|
bad coloring on level 2  |5, 11, 10, 10|
bad coloring on level 2  |2, 11, 10, 13|
bad coloring on level 2  |5, 11, 10, 13|
bad coloring on level 2  |1, 2, 10, 15|
bad coloring on level 2  |1, 6, 10, 15|
bad coloring on level 2  |2, 11, 10, 15|
bad coloring on level 2  |5, 11, 10, 15|
bad coloring on level 2  |1, 5, 11, 11|
bad coloring on level 2  |1, 6, 11, 11|
bad coloring on level 2  |2, 5, 11, 11|
bad coloring on level 2  |5, 5, 11, 11|
bad coloring on level 2  |5, 6, 11, 11|
bad coloring on level 2  |5, 9, 11, 11|
bad coloring on level 2  |5, 10, 11, 11|
bad coloring on level 2  |5, 11, 11, 11|
bad coloring on level 2  |5, 15, 11, 11|
bad coloring on level 2  |6, 10, 11, 11|
bad coloring on level 2  |9, 10, 11, 11|
bad coloring on level 2  |1, 2, 11, 15|
bad coloring on level 2  |1, 5, 11, 15|
bad coloring on level 2  |1, 6, 11, 15|
bad coloring on level 2  |2, 5, 11, 15|
bad coloring on level 2  |5, 5, 11, 15|
bad coloring on level 2  |5, 6, 11, 15|
bad coloring on level 2  |5, 9, 11, 15|
bad coloring on level 2  |5, 10, 11, 15|
bad coloring on level 2  |5, 11, 11, 15|
bad coloring on level 2  |5, 15, 11, 15|
bad coloring on level 2  |6, 10, 11, 15|
bad coloring on level 2  |9, 10, 11, 15|
bad coloring on level 2  |1, 6, 13, 13|
bad coloring on level 2  |5, 11, 13, 13|
bad coloring on level 2  |1, 2, 15, 15|
bad coloring on level 2  |1, 6, 15, 15|
bad coloring on level 2  |5, 11, 15, 15|

424 bad colorings on level 2
