Trying substitutions to: 0
with goodVertices 3, 4, 5, 6, 9, 10, 13, 14, 15
bad color to improve: 6  10  with index 85
bad color to improve: 6  13  with index 88
bad color to improve: 8  10  with index 102
bad color to improve: 10  13  with index 118
4 bad colorings on level 1
bad coloring on level 2  |4, 7, 0, 5|
bad coloring on level 2  |7, 11, 0, 5|
bad coloring on level 2  |5, 11, 0, 7|
bad coloring on level 2  |5, 15, 0, 7|
bad coloring on level 2  |11, 12, 0, 7|
bad coloring on level 2  |3, 14, 0, 11|
bad coloring on level 2  |7, 12, 0, 11|
bad coloring on level 2  |7, 14, 0, 11|
bad coloring on level 2  |2, 4, 0, 12|
bad coloring on level 2  |7, 11, 0, 12|
bad coloring on level 2  |4, 11, 0, 14|
bad coloring on level 2  |7, 11, 0, 14|
bad coloring on level 2  |0, 12, 2, 4|
bad coloring on level 2  |3, 12, 2, 4|
bad coloring on level 2  |5, 12, 2, 4|
bad coloring on level 2  |7, 12, 2, 4|
bad coloring on level 2  |11, 12, 2, 4|
bad coloring on level 2  |12, 12, 2, 4|
bad coloring on level 2  |12, 14, 2, 4|
bad coloring on level 2  |12, 15, 2, 4|
bad coloring on level 2  |4, 7, 2, 5|
bad coloring on level 2  |7, 11, 2, 5|
bad coloring on level 2  |5, 11, 2, 7|
bad coloring on level 2  |5, 15, 2, 7|
bad coloring on level 2  |11, 12, 2, 7|
bad coloring on level 2  |12, 15, 2, 7|
bad coloring on level 2  |3, 12, 2, 11|
bad coloring on level 2  |3, 14, 2, 11|
bad coloring on level 2  |7, 12, 2, 11|
bad coloring on level 2  |7, 14, 2, 11|
bad coloring on level 2  |4, 11, 2, 14|
bad coloring on level 2  |7, 11, 2, 14|
bad coloring on level 2  |5, 11, 3, 7|
bad coloring on level 2  |5, 15, 3, 7|
bad coloring on level 2  |11, 12, 3, 7|
bad coloring on level 2  |2, 4, 3, 12|
bad coloring on level 2  |2, 11, 3, 12|
bad coloring on level 2  |7, 11, 3, 12|
bad coloring on level 2  |0, 11, 3, 14|
bad coloring on level 2  |2, 11, 3, 14|
bad coloring on level 2  |4, 11, 3, 14|
bad coloring on level 2  |5, 11, 3, 14|
bad coloring on level 2  |7, 11, 3, 14|
bad coloring on level 2  |11, 11, 3, 14|
bad coloring on level 2  |11, 12, 3, 14|
bad coloring on level 2  |11, 15, 3, 14|
bad coloring on level 2  |0, 5, 4, 7|
bad coloring on level 2  |2, 5, 4, 7|
bad coloring on level 2  |5, 5, 4, 7|
bad coloring on level 2  |5, 9, 4, 7|
bad coloring on level 2  |5, 11, 4, 7|
bad coloring on level 2  |5, 12, 4, 7|
bad coloring on level 2  |5, 14, 4, 7|
bad coloring on level 2  |5, 15, 4, 7|
bad coloring on level 2  |11, 12, 4, 7|
bad coloring on level 2  |0, 14, 4, 11|
bad coloring on level 2  |2, 14, 4, 11|
bad coloring on level 2  |3, 14, 4, 11|
bad coloring on level 2  |5, 14, 4, 11|
bad coloring on level 2  |7, 12, 4, 11|
bad coloring on level 2  |7, 14, 4, 11|
bad coloring on level 2  |9, 14, 4, 11|
bad coloring on level 2  |12, 14, 4, 11|
bad coloring on level 2  |14, 14, 4, 11|
bad coloring on level 2  |4, 7, 5, 5|
bad coloring on level 2  |7, 11, 5, 5|
bad coloring on level 2  |4, 7, 5, 9|
bad coloring on level 2  |7, 11, 5, 9|
bad coloring on level 2  |0, 7, 5, 11|
bad coloring on level 2  |2, 7, 5, 11|
bad coloring on level 2  |3, 7, 5, 11|
bad coloring on level 2  |3, 14, 5, 11|
bad coloring on level 2  |4, 7, 5, 11|
bad coloring on level 2  |7, 7, 5, 11|
bad coloring on level 2  |7, 11, 5, 11|
bad coloring on level 2  |7, 12, 5, 11|
bad coloring on level 2  |7, 14, 5, 11|
bad coloring on level 2  |2, 4, 5, 12|
bad coloring on level 2  |4, 7, 5, 12|
bad coloring on level 2  |7, 11, 5, 12|
bad coloring on level 2  |4, 7, 5, 14|
bad coloring on level 2  |4, 11, 5, 14|
bad coloring on level 2  |7, 11, 5, 14|
bad coloring on level 2  |0, 7, 5, 15|
bad coloring on level 2  |2, 7, 5, 15|
bad coloring on level 2  |3, 7, 5, 15|
bad coloring on level 2  |4, 7, 5, 15|
bad coloring on level 2  |7, 7, 5, 15|
bad coloring on level 2  |7, 11, 5, 15|
bad coloring on level 2  |7, 12, 5, 15|
bad coloring on level 2  |7, 14, 5, 15|
bad coloring on level 2  |5, 11, 7, 7|
bad coloring on level 2  |5, 15, 7, 7|
bad coloring on level 2  |11, 12, 7, 7|
bad coloring on level 2  |0, 5, 7, 11|
bad coloring on level 2  |0, 12, 7, 11|
bad coloring on level 2  |0, 14, 7, 11|
bad coloring on level 2  |2, 5, 7, 11|
bad coloring on level 2  |2, 14, 7, 11|
bad coloring on level 2  |3, 12, 7, 11|
bad coloring on level 2  |3, 14, 7, 11|
bad coloring on level 2  |5, 5, 7, 11|
bad coloring on level 2  |5, 9, 7, 11|
bad coloring on level 2  |5, 11, 7, 11|
bad coloring on level 2  |5, 12, 7, 11|
bad coloring on level 2  |5, 14, 7, 11|
bad coloring on level 2  |5, 15, 7, 11|
bad coloring on level 2  |7, 12, 7, 11|
bad coloring on level 2  |7, 14, 7, 11|
bad coloring on level 2  |9, 14, 7, 11|
bad coloring on level 2  |11, 12, 7, 11|
bad coloring on level 2  |12, 12, 7, 11|
bad coloring on level 2  |12, 14, 7, 11|
bad coloring on level 2  |12, 15, 7, 11|
bad coloring on level 2  |14, 14, 7, 11|
bad coloring on level 2  |0, 11, 7, 12|
bad coloring on level 2  |2, 4, 7, 12|
bad coloring on level 2  |2, 11, 7, 12|
bad coloring on level 2  |4, 11, 7, 12|
bad coloring on level 2  |5, 11, 7, 12|
bad coloring on level 2  |5, 15, 7, 12|
bad coloring on level 2  |7, 11, 7, 12|
bad coloring on level 2  |11, 11, 7, 12|
bad coloring on level 2  |11, 12, 7, 12|
bad coloring on level 2  |11, 15, 7, 12|
bad coloring on level 2  |0, 11, 7, 14|
bad coloring on level 2  |2, 11, 7, 14|
bad coloring on level 2  |4, 11, 7, 14|
bad coloring on level 2  |5, 11, 7, 14|
bad coloring on level 2  |5, 15, 7, 14|
bad coloring on level 2  |7, 11, 7, 14|
bad coloring on level 2  |11, 11, 7, 14|
bad coloring on level 2  |11, 12, 7, 14|
bad coloring on level 2  |11, 15, 7, 14|
bad coloring on level 2  |4, 11, 9, 14|
bad coloring on level 2  |7, 11, 9, 14|
bad coloring on level 2  |3, 14, 11, 11|
bad coloring on level 2  |7, 12, 11, 11|
bad coloring on level 2  |7, 14, 11, 11|
bad coloring on level 2  |0, 7, 11, 12|
bad coloring on level 2  |2, 4, 11, 12|
bad coloring on level 2  |2, 7, 11, 12|
bad coloring on level 2  |3, 7, 11, 12|
bad coloring on level 2  |3, 14, 11, 12|
bad coloring on level 2  |4, 7, 11, 12|
bad coloring on level 2  |7, 7, 11, 12|
bad coloring on level 2  |7, 11, 11, 12|
bad coloring on level 2  |7, 12, 11, 12|
bad coloring on level 2  |7, 14, 11, 12|
bad coloring on level 2  |3, 14, 11, 15|
bad coloring on level 2  |7, 12, 11, 15|
bad coloring on level 2  |7, 14, 11, 15|
bad coloring on level 2  |2, 4, 12, 12|
bad coloring on level 2  |7, 11, 12, 12|
bad coloring on level 2  |2, 4, 12, 14|
bad coloring on level 2  |4, 11, 12, 14|
bad coloring on level 2  |7, 11, 12, 14|
bad coloring on level 2  |2, 4, 12, 15|
bad coloring on level 2  |2, 7, 12, 15|
bad coloring on level 2  |7, 11, 12, 15|
bad coloring on level 2  |4, 11, 14, 14|
bad coloring on level 2  |7, 11, 14, 14|

162 bad colorings on level 2
