Trying substitutions to: 8
with goodVertices 3, 4, 5, 6, 9, 10, 11, 12, 15
bad color to improve: 0  5  with index 5
bad color to improve: 0  9  with index 9
bad color to improve: 5  9  with index 74
3 bad colorings on level 1
bad coloring on level 2  |3, 4, 1, 1|
bad coloring on level 2  |7, 13, 1, 1|
bad coloring on level 2  |8, 13, 1, 1|
bad coloring on level 2  |3, 4, 1, 6|
bad coloring on level 2  |3, 7, 1, 6|
bad coloring on level 2  |7, 13, 1, 6|
bad coloring on level 2  |1, 13, 1, 7|
bad coloring on level 2  |3, 4, 1, 7|
bad coloring on level 2  |3, 13, 1, 7|
bad coloring on level 2  |4, 13, 1, 7|
bad coloring on level 2  |6, 10, 1, 7|
bad coloring on level 2  |6, 13, 1, 7|
bad coloring on level 2  |7, 13, 1, 7|
bad coloring on level 2  |8, 13, 1, 7|
bad coloring on level 2  |10, 13, 1, 7|
bad coloring on level 2  |13, 13, 1, 7|
bad coloring on level 2  |1, 13, 1, 8|
bad coloring on level 2  |3, 4, 1, 8|
bad coloring on level 2  |3, 13, 1, 8|
bad coloring on level 2  |4, 13, 1, 8|
bad coloring on level 2  |7, 13, 1, 8|
bad coloring on level 2  |8, 13, 1, 8|
bad coloring on level 2  |13, 13, 1, 8|
bad coloring on level 2  |3, 4, 1, 10|
bad coloring on level 2  |4, 7, 1, 10|
bad coloring on level 2  |7, 13, 1, 10|
bad coloring on level 2  |3, 4, 1, 11|
bad coloring on level 2  |3, 13, 1, 11|
bad coloring on level 2  |7, 13, 1, 11|
bad coloring on level 2  |8, 13, 1, 11|
bad coloring on level 2  |3, 4, 1, 12|
bad coloring on level 2  |4, 13, 1, 12|
bad coloring on level 2  |7, 13, 1, 12|
bad coloring on level 2  |8, 13, 1, 12|
bad coloring on level 2  |1, 7, 1, 13|
bad coloring on level 2  |1, 8, 1, 13|
bad coloring on level 2  |3, 4, 1, 13|
bad coloring on level 2  |3, 7, 1, 13|
bad coloring on level 2  |4, 7, 1, 13|
bad coloring on level 2  |7, 7, 1, 13|
bad coloring on level 2  |7, 8, 1, 13|
bad coloring on level 2  |7, 11, 1, 13|
bad coloring on level 2  |7, 12, 1, 13|
bad coloring on level 2  |7, 13, 1, 13|
bad coloring on level 2  |8, 13, 1, 13|
bad coloring on level 2  |11, 12, 1, 13|
bad coloring on level 2  |1, 1, 3, 4|
bad coloring on level 2  |1, 6, 3, 4|
bad coloring on level 2  |1, 7, 3, 4|
bad coloring on level 2  |1, 8, 3, 4|
bad coloring on level 2  |1, 10, 3, 4|
bad coloring on level 2  |1, 11, 3, 4|
bad coloring on level 2  |1, 12, 3, 4|
bad coloring on level 2  |1, 13, 3, 4|
bad coloring on level 2  |1, 6, 3, 7|
bad coloring on level 2  |1, 13, 3, 7|
bad coloring on level 2  |6, 10, 3, 7|
bad coloring on level 2  |1, 7, 3, 13|
bad coloring on level 2  |1, 8, 3, 13|
bad coloring on level 2  |1, 11, 3, 13|
bad coloring on level 2  |11, 12, 3, 13|
bad coloring on level 2  |1, 10, 4, 7|
bad coloring on level 2  |1, 13, 4, 7|
bad coloring on level 2  |6, 10, 4, 7|
bad coloring on level 2  |1, 7, 4, 13|
bad coloring on level 2  |1, 8, 4, 13|
bad coloring on level 2  |1, 12, 4, 13|
bad coloring on level 2  |11, 12, 4, 13|
bad coloring on level 2  |1, 7, 6, 10|
bad coloring on level 2  |3, 7, 6, 10|
bad coloring on level 2  |4, 7, 6, 10|
bad coloring on level 2  |7, 7, 6, 10|
bad coloring on level 2  |7, 8, 6, 10|
bad coloring on level 2  |7, 11, 6, 10|
bad coloring on level 2  |7, 12, 6, 10|
bad coloring on level 2  |7, 13, 6, 10|
bad coloring on level 2  |1, 7, 6, 13|
bad coloring on level 2  |7, 12, 6, 13|
bad coloring on level 2  |11, 12, 6, 13|
bad coloring on level 2  |1, 13, 7, 7|
bad coloring on level 2  |6, 10, 7, 7|
bad coloring on level 2  |1, 13, 7, 8|
bad coloring on level 2  |6, 10, 7, 8|
bad coloring on level 2  |1, 13, 7, 11|
bad coloring on level 2  |6, 10, 7, 11|
bad coloring on level 2  |10, 13, 7, 11|
bad coloring on level 2  |1, 13, 7, 12|
bad coloring on level 2  |6, 10, 7, 12|
bad coloring on level 2  |6, 13, 7, 12|
bad coloring on level 2  |1, 1, 7, 13|
bad coloring on level 2  |1, 6, 7, 13|
bad coloring on level 2  |1, 7, 7, 13|
bad coloring on level 2  |1, 8, 7, 13|
bad coloring on level 2  |1, 10, 7, 13|
bad coloring on level 2  |1, 11, 7, 13|
bad coloring on level 2  |1, 12, 7, 13|
bad coloring on level 2  |1, 13, 7, 13|
bad coloring on level 2  |6, 10, 7, 13|
bad coloring on level 2  |11, 12, 7, 13|
bad coloring on level 2  |1, 1, 8, 13|
bad coloring on level 2  |1, 7, 8, 13|
bad coloring on level 2  |1, 8, 8, 13|
bad coloring on level 2  |1, 11, 8, 13|
bad coloring on level 2  |1, 12, 8, 13|
bad coloring on level 2  |1, 13, 8, 13|
bad coloring on level 2  |11, 12, 8, 13|
bad coloring on level 2  |1, 7, 10, 13|
bad coloring on level 2  |7, 11, 10, 13|
bad coloring on level 2  |11, 12, 10, 13|
bad coloring on level 2  |1, 13, 11, 12|
bad coloring on level 2  |3, 13, 11, 12|
bad coloring on level 2  |4, 13, 11, 12|
bad coloring on level 2  |6, 13, 11, 12|
bad coloring on level 2  |7, 13, 11, 12|
bad coloring on level 2  |8, 13, 11, 12|
bad coloring on level 2  |10, 13, 11, 12|
bad coloring on level 2  |13, 13, 11, 12|
bad coloring on level 2  |1, 7, 13, 13|
bad coloring on level 2  |1, 8, 13, 13|
bad coloring on level 2  |11, 12, 13, 13|

120 bad colorings on level 2
