Trying substitutions to: 14
with goodVertices 3, 4, 7, 8, 10, 12, 13, 15
bad color to improve: 4  8  with index 62
bad color to improve: 4  15  with index 69
bad color to improve: 6  8  with index 83
bad color to improve: 8  8  with index 100
bad color to improve: 8  11  with index 103
bad color to improve: 8  15  with index 107
6 bad colorings on level 1
bad coloring on level 2  |2, 5, 0, 0|
bad coloring on level 2  |0, 5, 0, 2|
bad coloring on level 2  |1, 5, 0, 2|
bad coloring on level 2  |1, 10, 0, 2|
bad coloring on level 2  |2, 5, 0, 2|
bad coloring on level 2  |3, 10, 0, 2|
bad coloring on level 2  |5, 5, 0, 2|
bad coloring on level 2  |5, 9, 0, 2|
bad coloring on level 2  |5, 10, 0, 2|
bad coloring on level 2  |5, 12, 0, 2|
bad coloring on level 2  |5, 14, 0, 2|
bad coloring on level 2  |9, 10, 0, 2|
bad coloring on level 2  |9, 14, 0, 2|
bad coloring on level 2  |10, 10, 0, 2|
bad coloring on level 2  |10, 12, 0, 2|
bad coloring on level 2  |10, 13, 0, 2|
bad coloring on level 2  |10, 14, 0, 2|
bad coloring on level 2  |2, 5, 0, 3|
bad coloring on level 2  |0, 2, 0, 5|
bad coloring on level 2  |1, 2, 0, 5|
bad coloring on level 2  |1, 13, 0, 5|
bad coloring on level 2  |2, 2, 0, 5|
bad coloring on level 2  |2, 5, 0, 5|
bad coloring on level 2  |2, 7, 0, 5|
bad coloring on level 2  |2, 9, 0, 5|
bad coloring on level 2  |2, 13, 0, 5|
bad coloring on level 2  |2, 14, 0, 5|
bad coloring on level 2  |3, 13, 0, 5|
bad coloring on level 2  |7, 13, 0, 5|
bad coloring on level 2  |9, 13, 0, 5|
bad coloring on level 2  |9, 14, 0, 5|
bad coloring on level 2  |10, 13, 0, 5|
bad coloring on level 2  |13, 13, 0, 5|
bad coloring on level 2  |13, 14, 0, 5|
bad coloring on level 2  |2, 5, 0, 7|
bad coloring on level 2  |5, 9, 0, 7|
bad coloring on level 2  |1, 1, 0, 9|
bad coloring on level 2  |1, 2, 0, 9|
bad coloring on level 2  |1, 5, 0, 9|
bad coloring on level 2  |1, 7, 0, 9|
bad coloring on level 2  |1, 10, 0, 9|
bad coloring on level 2  |1, 12, 0, 9|
bad coloring on level 2  |1, 13, 0, 9|
bad coloring on level 2  |1, 14, 0, 9|
bad coloring on level 2  |2, 5, 0, 9|
bad coloring on level 2  |2, 14, 0, 9|
bad coloring on level 2  |5, 14, 0, 9|
bad coloring on level 2  |2, 5, 0, 12|
bad coloring on level 2  |2, 9, 0, 12|
bad coloring on level 2  |2, 5, 0, 14|
bad coloring on level 2  |2, 9, 0, 14|
bad coloring on level 2  |5, 9, 0, 14|
bad coloring on level 2  |0, 9, 1, 1|
bad coloring on level 2  |2, 5, 1, 1|
bad coloring on level 2  |0, 5, 1, 2|
bad coloring on level 2  |0, 9, 1, 2|
bad coloring on level 2  |1, 5, 1, 2|
bad coloring on level 2  |1, 10, 1, 2|
bad coloring on level 2  |2, 5, 1, 2|
bad coloring on level 2  |5, 5, 1, 2|
bad coloring on level 2  |5, 9, 1, 2|
bad coloring on level 2  |5, 10, 1, 2|
bad coloring on level 2  |5, 12, 1, 2|
bad coloring on level 2  |5, 14, 1, 2|
bad coloring on level 2  |10, 12, 1, 2|
bad coloring on level 2  |0, 2, 1, 5|
bad coloring on level 2  |0, 9, 1, 5|
bad coloring on level 2  |1, 2, 1, 5|
bad coloring on level 2  |1, 13, 1, 5|
bad coloring on level 2  |2, 2, 1, 5|
bad coloring on level 2  |2, 5, 1, 5|
bad coloring on level 2  |2, 7, 1, 5|
bad coloring on level 2  |2, 9, 1, 5|
bad coloring on level 2  |2, 13, 1, 5|
bad coloring on level 2  |2, 14, 1, 5|
bad coloring on level 2  |7, 13, 1, 5|
bad coloring on level 2  |0, 9, 1, 7|
bad coloring on level 2  |2, 5, 1, 7|
bad coloring on level 2  |5, 9, 1, 7|
bad coloring on level 2  |0, 2, 1, 10|
bad coloring on level 2  |0, 9, 1, 10|
bad coloring on level 2  |1, 2, 1, 10|
bad coloring on level 2  |1, 13, 1, 10|
bad coloring on level 2  |2, 2, 1, 10|
bad coloring on level 2  |2, 5, 1, 10|
bad coloring on level 2  |2, 7, 1, 10|
bad coloring on level 2  |2, 9, 1, 10|
bad coloring on level 2  |2, 13, 1, 10|
bad coloring on level 2  |2, 14, 1, 10|
bad coloring on level 2  |7, 13, 1, 10|
bad coloring on level 2  |0, 9, 1, 12|
bad coloring on level 2  |2, 5, 1, 12|
bad coloring on level 2  |2, 9, 1, 12|
bad coloring on level 2  |0, 5, 1, 13|
bad coloring on level 2  |0, 9, 1, 13|
bad coloring on level 2  |1, 5, 1, 13|
bad coloring on level 2  |1, 10, 1, 13|
bad coloring on level 2  |2, 5, 1, 13|
bad coloring on level 2  |5, 5, 1, 13|
bad coloring on level 2  |5, 9, 1, 13|
bad coloring on level 2  |5, 10, 1, 13|
bad coloring on level 2  |5, 12, 1, 13|
bad coloring on level 2  |5, 14, 1, 13|
bad coloring on level 2  |10, 12, 1, 13|
bad coloring on level 2  |0, 9, 1, 14|
bad coloring on level 2  |2, 5, 1, 14|
bad coloring on level 2  |0, 5, 2, 2|
bad coloring on level 2  |1, 5, 2, 2|
bad coloring on level 2  |1, 10, 2, 2|
bad coloring on level 2  |2, 5, 2, 2|
bad coloring on level 2  |5, 5, 2, 2|
bad coloring on level 2  |5, 9, 2, 2|
bad coloring on level 2  |5, 10, 2, 2|
bad coloring on level 2  |5, 12, 2, 2|
bad coloring on level 2  |5, 14, 2, 2|
bad coloring on level 2  |10, 12, 2, 2|
bad coloring on level 2  |0, 0, 2, 5|
bad coloring on level 2  |0, 2, 2, 5|
bad coloring on level 2  |0, 3, 2, 5|
bad coloring on level 2  |0, 5, 2, 5|
bad coloring on level 2  |0, 7, 2, 5|
bad coloring on level 2  |0, 9, 2, 5|
bad coloring on level 2  |0, 12, 2, 5|
bad coloring on level 2  |0, 14, 2, 5|
bad coloring on level 2  |1, 1, 2, 5|
bad coloring on level 2  |1, 2, 2, 5|
bad coloring on level 2  |1, 5, 2, 5|
bad coloring on level 2  |1, 7, 2, 5|
bad coloring on level 2  |1, 10, 2, 5|
bad coloring on level 2  |1, 12, 2, 5|
bad coloring on level 2  |1, 13, 2, 5|
bad coloring on level 2  |1, 14, 2, 5|
bad coloring on level 2  |2, 2, 2, 5|
bad coloring on level 2  |2, 5, 2, 5|
bad coloring on level 2  |2, 7, 2, 5|
bad coloring on level 2  |2, 9, 2, 5|
bad coloring on level 2  |2, 13, 2, 5|
bad coloring on level 2  |2, 14, 2, 5|
bad coloring on level 2  |3, 3, 2, 5|
bad coloring on level 2  |3, 7, 2, 5|
bad coloring on level 2  |3, 9, 2, 5|
bad coloring on level 2  |3, 10, 2, 5|
bad coloring on level 2  |3, 12, 2, 5|
bad coloring on level 2  |3, 13, 2, 5|
bad coloring on level 2  |3, 14, 2, 5|
bad coloring on level 2  |5, 5, 2, 5|
bad coloring on level 2  |5, 9, 2, 5|
bad coloring on level 2  |5, 10, 2, 5|
bad coloring on level 2  |5, 12, 2, 5|
bad coloring on level 2  |5, 14, 2, 5|
bad coloring on level 2  |7, 7, 2, 5|
bad coloring on level 2  |7, 12, 2, 5|
bad coloring on level 2  |7, 13, 2, 5|
bad coloring on level 2  |7, 14, 2, 5|
bad coloring on level 2  |9, 9, 2, 5|
bad coloring on level 2  |9, 10, 2, 5|
bad coloring on level 2  |9, 13, 2, 5|
bad coloring on level 2  |9, 14, 2, 5|
bad coloring on level 2  |10, 10, 2, 5|
bad coloring on level 2  |10, 12, 2, 5|
bad coloring on level 2  |10, 13, 2, 5|
bad coloring on level 2  |10, 14, 2, 5|
bad coloring on level 2  |12, 12, 2, 5|
bad coloring on level 2  |12, 14, 2, 5|
bad coloring on level 2  |13, 13, 2, 5|
bad coloring on level 2  |13, 14, 2, 5|
bad coloring on level 2  |14, 14, 2, 5|
bad coloring on level 2  |0, 5, 2, 7|
bad coloring on level 2  |1, 5, 2, 7|
bad coloring on level 2  |1, 10, 2, 7|
bad coloring on level 2  |2, 5, 2, 7|
bad coloring on level 2  |5, 5, 2, 7|
bad coloring on level 2  |5, 9, 2, 7|
bad coloring on level 2  |5, 10, 2, 7|
bad coloring on level 2  |5, 12, 2, 7|
bad coloring on level 2  |5, 14, 2, 7|
bad coloring on level 2  |10, 12, 2, 7|
bad coloring on level 2  |0, 5, 2, 9|
bad coloring on level 2  |0, 12, 2, 9|
bad coloring on level 2  |0, 14, 2, 9|
bad coloring on level 2  |1, 5, 2, 9|
bad coloring on level 2  |1, 10, 2, 9|
bad coloring on level 2  |1, 12, 2, 9|
bad coloring on level 2  |2, 5, 2, 9|
bad coloring on level 2  |3, 12, 2, 9|
bad coloring on level 2  |5, 5, 2, 9|
bad coloring on level 2  |5, 9, 2, 9|
bad coloring on level 2  |5, 10, 2, 9|
bad coloring on level 2  |5, 12, 2, 9|
bad coloring on level 2  |5, 14, 2, 9|
bad coloring on level 2  |7, 12, 2, 9|
bad coloring on level 2  |10, 12, 2, 9|
bad coloring on level 2  |12, 12, 2, 9|
bad coloring on level 2  |12, 14, 2, 9|
bad coloring on level 2  |0, 5, 2, 13|
bad coloring on level 2  |1, 5, 2, 13|
bad coloring on level 2  |1, 10, 2, 13|
bad coloring on level 2  |2, 5, 2, 13|
bad coloring on level 2  |5, 5, 2, 13|
bad coloring on level 2  |5, 9, 2, 13|
bad coloring on level 2  |5, 10, 2, 13|
bad coloring on level 2  |5, 12, 2, 13|
bad coloring on level 2  |5, 14, 2, 13|
bad coloring on level 2  |10, 12, 2, 13|
bad coloring on level 2  |0, 5, 2, 14|
bad coloring on level 2  |0, 9, 2, 14|
bad coloring on level 2  |1, 5, 2, 14|
bad coloring on level 2  |1, 10, 2, 14|
bad coloring on level 2  |2, 5, 2, 14|
bad coloring on level 2  |5, 5, 2, 14|
bad coloring on level 2  |5, 9, 2, 14|
bad coloring on level 2  |5, 10, 2, 14|
bad coloring on level 2  |5, 12, 2, 14|
bad coloring on level 2  |5, 14, 2, 14|
bad coloring on level 2  |10, 12, 2, 14|
bad coloring on level 2  |2, 5, 3, 3|
bad coloring on level 2  |2, 5, 3, 7|
bad coloring on level 2  |5, 9, 3, 7|
bad coloring on level 2  |2, 5, 3, 9|
bad coloring on level 2  |0, 2, 3, 10|
bad coloring on level 2  |2, 5, 3, 10|
bad coloring on level 2  |2, 5, 3, 12|
bad coloring on level 2  |2, 9, 3, 12|
bad coloring on level 2  |0, 5, 3, 13|
bad coloring on level 2  |2, 5, 3, 13|
bad coloring on level 2  |2, 5, 3, 14|
bad coloring on level 2  |0, 2, 5, 5|
bad coloring on level 2  |1, 2, 5, 5|
bad coloring on level 2  |1, 13, 5, 5|
bad coloring on level 2  |2, 2, 5, 5|
bad coloring on level 2  |2, 5, 5, 5|
bad coloring on level 2  |2, 7, 5, 5|
bad coloring on level 2  |2, 9, 5, 5|
bad coloring on level 2  |2, 13, 5, 5|
bad coloring on level 2  |2, 14, 5, 5|
bad coloring on level 2  |7, 13, 5, 5|
bad coloring on level 2  |0, 2, 5, 9|
bad coloring on level 2  |0, 7, 5, 9|
bad coloring on level 2  |0, 14, 5, 9|
bad coloring on level 2  |1, 2, 5, 9|
bad coloring on level 2  |1, 7, 5, 9|
bad coloring on level 2  |1, 13, 5, 9|
bad coloring on level 2  |2, 2, 5, 9|
bad coloring on level 2  |2, 5, 5, 9|
bad coloring on level 2  |2, 7, 5, 9|
bad coloring on level 2  |2, 9, 5, 9|
bad coloring on level 2  |2, 13, 5, 9|
bad coloring on level 2  |2, 14, 5, 9|
bad coloring on level 2  |3, 7, 5, 9|
bad coloring on level 2  |7, 7, 5, 9|
bad coloring on level 2  |7, 12, 5, 9|
bad coloring on level 2  |7, 13, 5, 9|
bad coloring on level 2  |7, 14, 5, 9|
bad coloring on level 2  |0, 2, 5, 10|
bad coloring on level 2  |1, 2, 5, 10|
bad coloring on level 2  |1, 13, 5, 10|
bad coloring on level 2  |2, 2, 5, 10|
bad coloring on level 2  |2, 5, 5, 10|
bad coloring on level 2  |2, 7, 5, 10|
bad coloring on level 2  |2, 9, 5, 10|
bad coloring on level 2  |2, 13, 5, 10|
bad coloring on level 2  |2, 14, 5, 10|
bad coloring on level 2  |7, 13, 5, 10|
bad coloring on level 2  |0, 2, 5, 12|
bad coloring on level 2  |1, 2, 5, 12|
bad coloring on level 2  |1, 13, 5, 12|
bad coloring on level 2  |2, 2, 5, 12|
bad coloring on level 2  |2, 5, 5, 12|
bad coloring on level 2  |2, 7, 5, 12|
bad coloring on level 2  |2, 9, 5, 12|
bad coloring on level 2  |2, 13, 5, 12|
bad coloring on level 2  |2, 14, 5, 12|
bad coloring on level 2  |7, 13, 5, 12|
bad coloring on level 2  |0, 2, 5, 14|
bad coloring on level 2  |0, 9, 5, 14|
bad coloring on level 2  |1, 2, 5, 14|
bad coloring on level 2  |1, 13, 5, 14|
bad coloring on level 2  |2, 2, 5, 14|
bad coloring on level 2  |2, 5, 5, 14|
bad coloring on level 2  |2, 7, 5, 14|
bad coloring on level 2  |2, 9, 5, 14|
bad coloring on level 2  |2, 13, 5, 14|
bad coloring on level 2  |2, 14, 5, 14|
bad coloring on level 2  |7, 13, 5, 14|
bad coloring on level 2  |2, 5, 7, 7|
bad coloring on level 2  |5, 9, 7, 7|
bad coloring on level 2  |2, 5, 7, 12|
bad coloring on level 2  |2, 9, 7, 12|
bad coloring on level 2  |5, 9, 7, 12|
bad coloring on level 2  |0, 5, 7, 13|
bad coloring on level 2  |1, 5, 7, 13|
bad coloring on level 2  |1, 10, 7, 13|
bad coloring on level 2  |2, 5, 7, 13|
bad coloring on level 2  |5, 5, 7, 13|
bad coloring on level 2  |5, 9, 7, 13|
bad coloring on level 2  |5, 10, 7, 13|
bad coloring on level 2  |5, 12, 7, 13|
bad coloring on level 2  |5, 14, 7, 13|
bad coloring on level 2  |2, 5, 7, 14|
bad coloring on level 2  |5, 9, 7, 14|
bad coloring on level 2  |2, 5, 9, 9|
bad coloring on level 2  |0, 2, 9, 10|
bad coloring on level 2  |2, 5, 9, 10|
bad coloring on level 2  |0, 5, 9, 13|
bad coloring on level 2  |2, 5, 9, 13|
bad coloring on level 2  |0, 2, 9, 14|
bad coloring on level 2  |0, 5, 9, 14|
bad coloring on level 2  |2, 5, 9, 14|
bad coloring on level 2  |0, 2, 10, 10|
bad coloring on level 2  |2, 5, 10, 10|
bad coloring on level 2  |0, 2, 10, 12|
bad coloring on level 2  |1, 2, 10, 12|
bad coloring on level 2  |1, 13, 10, 12|
bad coloring on level 2  |2, 2, 10, 12|
bad coloring on level 2  |2, 5, 10, 12|
bad coloring on level 2  |2, 7, 10, 12|
bad coloring on level 2  |2, 9, 10, 12|
bad coloring on level 2  |2, 13, 10, 12|
bad coloring on level 2  |2, 14, 10, 12|
bad coloring on level 2  |0, 2, 10, 13|
bad coloring on level 2  |0, 5, 10, 13|
bad coloring on level 2  |2, 5, 10, 13|
bad coloring on level 2  |0, 2, 10, 14|
bad coloring on level 2  |2, 5, 10, 14|
bad coloring on level 2  |2, 5, 12, 12|
bad coloring on level 2  |2, 9, 12, 12|
bad coloring on level 2  |2, 5, 12, 14|
bad coloring on level 2  |2, 9, 12, 14|
bad coloring on level 2  |0, 5, 13, 13|
bad coloring on level 2  |2, 5, 13, 13|
bad coloring on level 2  |0, 5, 13, 14|
bad coloring on level 2  |2, 5, 13, 14|
bad coloring on level 2  |2, 5, 14, 14|

333 bad colorings on level 2
