Trying substitutions to: 5
with goodVertices 3, 4, 6, 8, 9, 10, 11, 12, 15
bad color to improve: 3  4  with index 46
bad color to improve: 3  8  with index 50
bad color to improve: 4  8  with index 62
bad color to improve: 8  13  with index 105
4 bad colorings on level 1
bad coloring on level 2  |1, 10, 0, 2|
bad coloring on level 2  |1, 14, 0, 2|
bad coloring on level 2  |10, 12, 0, 2|
bad coloring on level 2  |12, 14, 0, 2|
bad coloring on level 2  |1, 1, 0, 9|
bad coloring on level 2  |1, 2, 0, 9|
bad coloring on level 2  |1, 5, 0, 9|
bad coloring on level 2  |1, 6, 0, 9|
bad coloring on level 2  |1, 10, 0, 9|
bad coloring on level 2  |1, 11, 0, 9|
bad coloring on level 2  |1, 12, 0, 9|
bad coloring on level 2  |1, 14, 0, 9|
bad coloring on level 2  |2, 14, 0, 11|
bad coloring on level 2  |9, 14, 0, 11|
bad coloring on level 2  |2, 9, 0, 12|
bad coloring on level 2  |2, 14, 0, 12|
bad coloring on level 2  |1, 2, 0, 14|
bad coloring on level 2  |1, 6, 0, 14|
bad coloring on level 2  |2, 11, 0, 14|
bad coloring on level 2  |6, 11, 0, 14|
bad coloring on level 2  |0, 9, 1, 1|
bad coloring on level 2  |2, 14, 1, 1|
bad coloring on level 2  |0, 9, 1, 2|
bad coloring on level 2  |0, 14, 1, 2|
bad coloring on level 2  |1, 10, 1, 2|
bad coloring on level 2  |1, 14, 1, 2|
bad coloring on level 2  |2, 14, 1, 2|
bad coloring on level 2  |5, 14, 1, 2|
bad coloring on level 2  |9, 14, 1, 2|
bad coloring on level 2  |10, 12, 1, 2|
bad coloring on level 2  |10, 14, 1, 2|
bad coloring on level 2  |12, 14, 1, 2|
bad coloring on level 2  |14, 14, 1, 2|
bad coloring on level 2  |0, 9, 1, 5|
bad coloring on level 2  |2, 14, 1, 5|
bad coloring on level 2  |0, 9, 1, 6|
bad coloring on level 2  |0, 14, 1, 6|
bad coloring on level 2  |1, 10, 1, 6|
bad coloring on level 2  |1, 14, 1, 6|
bad coloring on level 2  |2, 14, 1, 6|
bad coloring on level 2  |5, 14, 1, 6|
bad coloring on level 2  |9, 14, 1, 6|
bad coloring on level 2  |10, 12, 1, 6|
bad coloring on level 2  |10, 14, 1, 6|
bad coloring on level 2  |12, 14, 1, 6|
bad coloring on level 2  |14, 14, 1, 6|
bad coloring on level 2  |0, 2, 1, 10|
bad coloring on level 2  |0, 9, 1, 10|
bad coloring on level 2  |1, 2, 1, 10|
bad coloring on level 2  |1, 6, 1, 10|
bad coloring on level 2  |2, 2, 1, 10|
bad coloring on level 2  |2, 5, 1, 10|
bad coloring on level 2  |2, 6, 1, 10|
bad coloring on level 2  |2, 9, 1, 10|
bad coloring on level 2  |2, 11, 1, 10|
bad coloring on level 2  |2, 14, 1, 10|
bad coloring on level 2  |6, 11, 1, 10|
bad coloring on level 2  |0, 9, 1, 11|
bad coloring on level 2  |2, 14, 1, 11|
bad coloring on level 2  |9, 14, 1, 11|
bad coloring on level 2  |0, 9, 1, 12|
bad coloring on level 2  |2, 9, 1, 12|
bad coloring on level 2  |2, 14, 1, 12|
bad coloring on level 2  |0, 2, 1, 14|
bad coloring on level 2  |0, 9, 1, 14|
bad coloring on level 2  |1, 2, 1, 14|
bad coloring on level 2  |1, 6, 1, 14|
bad coloring on level 2  |2, 2, 1, 14|
bad coloring on level 2  |2, 5, 1, 14|
bad coloring on level 2  |2, 6, 1, 14|
bad coloring on level 2  |2, 9, 1, 14|
bad coloring on level 2  |2, 11, 1, 14|
bad coloring on level 2  |2, 14, 1, 14|
bad coloring on level 2  |6, 11, 1, 14|
bad coloring on level 2  |1, 10, 2, 2|
bad coloring on level 2  |1, 14, 2, 2|
bad coloring on level 2  |10, 12, 2, 2|
bad coloring on level 2  |12, 14, 2, 2|
bad coloring on level 2  |1, 10, 2, 5|
bad coloring on level 2  |1, 14, 2, 5|
bad coloring on level 2  |10, 12, 2, 5|
bad coloring on level 2  |12, 14, 2, 5|
bad coloring on level 2  |1, 10, 2, 6|
bad coloring on level 2  |1, 14, 2, 6|
bad coloring on level 2  |10, 12, 2, 6|
bad coloring on level 2  |12, 14, 2, 6|
bad coloring on level 2  |0, 12, 2, 9|
bad coloring on level 2  |1, 10, 2, 9|
bad coloring on level 2  |1, 12, 2, 9|
bad coloring on level 2  |1, 14, 2, 9|
bad coloring on level 2  |5, 12, 2, 9|
bad coloring on level 2  |10, 12, 2, 9|
bad coloring on level 2  |11, 12, 2, 9|
bad coloring on level 2  |12, 12, 2, 9|
bad coloring on level 2  |12, 14, 2, 9|
bad coloring on level 2  |12, 15, 2, 9|
bad coloring on level 2  |0, 14, 2, 11|
bad coloring on level 2  |1, 10, 2, 11|
bad coloring on level 2  |1, 14, 2, 11|
bad coloring on level 2  |2, 14, 2, 11|
bad coloring on level 2  |5, 14, 2, 11|
bad coloring on level 2  |9, 14, 2, 11|
bad coloring on level 2  |10, 12, 2, 11|
bad coloring on level 2  |10, 14, 2, 11|
bad coloring on level 2  |12, 14, 2, 11|
bad coloring on level 2  |14, 14, 2, 11|
bad coloring on level 2  |0, 11, 2, 14|
bad coloring on level 2  |0, 12, 2, 14|
bad coloring on level 2  |1, 1, 2, 14|
bad coloring on level 2  |1, 2, 2, 14|
bad coloring on level 2  |1, 5, 2, 14|
bad coloring on level 2  |1, 6, 2, 14|
bad coloring on level 2  |1, 10, 2, 14|
bad coloring on level 2  |1, 11, 2, 14|
bad coloring on level 2  |1, 12, 2, 14|
bad coloring on level 2  |1, 14, 2, 14|
bad coloring on level 2  |2, 11, 2, 14|
bad coloring on level 2  |5, 11, 2, 14|
bad coloring on level 2  |5, 12, 2, 14|
bad coloring on level 2  |6, 11, 2, 14|
bad coloring on level 2  |10, 12, 2, 14|
bad coloring on level 2  |11, 11, 2, 14|
bad coloring on level 2  |11, 12, 2, 14|
bad coloring on level 2  |11, 15, 2, 14|
bad coloring on level 2  |12, 12, 2, 14|
bad coloring on level 2  |12, 14, 2, 14|
bad coloring on level 2  |12, 15, 2, 14|
bad coloring on level 2  |2, 14, 5, 11|
bad coloring on level 2  |9, 14, 5, 11|
bad coloring on level 2  |2, 9, 5, 12|
bad coloring on level 2  |2, 14, 5, 12|
bad coloring on level 2  |1, 2, 5, 14|
bad coloring on level 2  |1, 6, 5, 14|
bad coloring on level 2  |2, 11, 5, 14|
bad coloring on level 2  |6, 11, 5, 14|
bad coloring on level 2  |0, 14, 6, 11|
bad coloring on level 2  |1, 10, 6, 11|
bad coloring on level 2  |1, 14, 6, 11|
bad coloring on level 2  |2, 14, 6, 11|
bad coloring on level 2  |5, 14, 6, 11|
bad coloring on level 2  |9, 14, 6, 11|
bad coloring on level 2  |10, 14, 6, 11|
bad coloring on level 2  |12, 14, 6, 11|
bad coloring on level 2  |14, 14, 6, 11|
bad coloring on level 2  |0, 11, 9, 14|
bad coloring on level 2  |1, 2, 9, 14|
bad coloring on level 2  |1, 6, 9, 14|
bad coloring on level 2  |1, 11, 9, 14|
bad coloring on level 2  |2, 11, 9, 14|
bad coloring on level 2  |5, 11, 9, 14|
bad coloring on level 2  |6, 11, 9, 14|
bad coloring on level 2  |11, 11, 9, 14|
bad coloring on level 2  |11, 12, 9, 14|
bad coloring on level 2  |11, 15, 9, 14|
bad coloring on level 2  |0, 2, 10, 12|
bad coloring on level 2  |1, 2, 10, 12|
bad coloring on level 2  |1, 6, 10, 12|
bad coloring on level 2  |2, 2, 10, 12|
bad coloring on level 2  |2, 5, 10, 12|
bad coloring on level 2  |2, 6, 10, 12|
bad coloring on level 2  |2, 9, 10, 12|
bad coloring on level 2  |2, 11, 10, 12|
bad coloring on level 2  |2, 14, 10, 12|
bad coloring on level 2  |1, 2, 10, 14|
bad coloring on level 2  |1, 6, 10, 14|
bad coloring on level 2  |2, 11, 10, 14|
bad coloring on level 2  |6, 11, 10, 14|
bad coloring on level 2  |2, 14, 11, 11|
bad coloring on level 2  |9, 14, 11, 11|
bad coloring on level 2  |2, 9, 11, 12|
bad coloring on level 2  |2, 14, 11, 12|
bad coloring on level 2  |9, 14, 11, 12|
bad coloring on level 2  |2, 14, 11, 15|
bad coloring on level 2  |9, 14, 11, 15|
bad coloring on level 2  |2, 9, 12, 12|
bad coloring on level 2  |2, 14, 12, 12|
bad coloring on level 2  |0, 2, 12, 14|
bad coloring on level 2  |1, 2, 12, 14|
bad coloring on level 2  |1, 6, 12, 14|
bad coloring on level 2  |2, 2, 12, 14|
bad coloring on level 2  |2, 5, 12, 14|
bad coloring on level 2  |2, 6, 12, 14|
bad coloring on level 2  |2, 9, 12, 14|
bad coloring on level 2  |2, 11, 12, 14|
bad coloring on level 2  |2, 14, 12, 14|
bad coloring on level 2  |6, 11, 12, 14|
bad coloring on level 2  |2, 9, 12, 15|
bad coloring on level 2  |2, 14, 12, 15|
bad coloring on level 2  |1, 2, 14, 14|
bad coloring on level 2  |1, 6, 14, 14|
bad coloring on level 2  |2, 11, 14, 14|
bad coloring on level 2  |6, 11, 14, 14|

192 bad colorings on level 2
