Trying substitutions to: 10
with goodVertices 3, 4, 7, 8, 9, 13, 15
bad color to improve: 0  4  with index 4
bad color to improve: 0  7  with index 7
bad color to improve: 2  4  with index 33
bad color to improve: 4  4  with index 58
bad color to improve: 4  7  with index 61
bad color to improve: 4  11  with index 65
6 bad colorings on level 1
bad coloring on level 2  |1, 5, 1, 1|
bad coloring on level 2  |1, 10, 1, 1|
bad coloring on level 2  |5, 5, 1, 1|
bad coloring on level 2  |5, 6, 1, 1|
bad coloring on level 2  |5, 9, 1, 1|
bad coloring on level 2  |5, 10, 1, 1|
bad coloring on level 2  |5, 12, 1, 1|
bad coloring on level 2  |5, 14, 1, 1|
bad coloring on level 2  |5, 15, 1, 1|
bad coloring on level 2  |6, 10, 1, 1|
bad coloring on level 2  |9, 15, 1, 1|
bad coloring on level 2  |1, 1, 1, 5|
bad coloring on level 2  |1, 5, 1, 5|
bad coloring on level 2  |1, 6, 1, 5|
bad coloring on level 2  |1, 8, 1, 5|
bad coloring on level 2  |1, 10, 1, 5|
bad coloring on level 2  |1, 12, 1, 5|
bad coloring on level 2  |1, 13, 1, 5|
bad coloring on level 2  |1, 14, 1, 5|
bad coloring on level 2  |3, 3, 1, 5|
bad coloring on level 2  |3, 8, 1, 5|
bad coloring on level 2  |3, 9, 1, 5|
bad coloring on level 2  |3, 10, 1, 5|
bad coloring on level 2  |3, 12, 1, 5|
bad coloring on level 2  |3, 13, 1, 5|
bad coloring on level 2  |3, 14, 1, 5|
bad coloring on level 2  |3, 15, 1, 5|
bad coloring on level 2  |5, 5, 1, 5|
bad coloring on level 2  |5, 6, 1, 5|
bad coloring on level 2  |5, 9, 1, 5|
bad coloring on level 2  |5, 10, 1, 5|
bad coloring on level 2  |5, 12, 1, 5|
bad coloring on level 2  |5, 14, 1, 5|
bad coloring on level 2  |5, 15, 1, 5|
bad coloring on level 2  |6, 6, 1, 5|
bad coloring on level 2  |6, 8, 1, 5|
bad coloring on level 2  |6, 9, 1, 5|
bad coloring on level 2  |6, 10, 1, 5|
bad coloring on level 2  |6, 13, 1, 5|
bad coloring on level 2  |6, 15, 1, 5|
bad coloring on level 2  |8, 8, 1, 5|
bad coloring on level 2  |8, 10, 1, 5|
bad coloring on level 2  |8, 12, 1, 5|
bad coloring on level 2  |8, 13, 1, 5|
bad coloring on level 2  |8, 15, 1, 5|
bad coloring on level 2  |9, 9, 1, 5|
bad coloring on level 2  |9, 10, 1, 5|
bad coloring on level 2  |9, 13, 1, 5|
bad coloring on level 2  |9, 14, 1, 5|
bad coloring on level 2  |9, 15, 1, 5|
bad coloring on level 2  |10, 10, 1, 5|
bad coloring on level 2  |10, 12, 1, 5|
bad coloring on level 2  |10, 13, 1, 5|
bad coloring on level 2  |10, 14, 1, 5|
bad coloring on level 2  |10, 15, 1, 5|
bad coloring on level 2  |12, 12, 1, 5|
bad coloring on level 2  |12, 14, 1, 5|
bad coloring on level 2  |12, 15, 1, 5|
bad coloring on level 2  |13, 13, 1, 5|
bad coloring on level 2  |13, 14, 1, 5|
bad coloring on level 2  |14, 14, 1, 5|
bad coloring on level 2  |15, 15, 1, 5|
bad coloring on level 2  |1, 5, 1, 6|
bad coloring on level 2  |1, 10, 1, 6|
bad coloring on level 2  |5, 5, 1, 6|
bad coloring on level 2  |5, 6, 1, 6|
bad coloring on level 2  |5, 9, 1, 6|
bad coloring on level 2  |5, 10, 1, 6|
bad coloring on level 2  |5, 12, 1, 6|
bad coloring on level 2  |5, 14, 1, 6|
bad coloring on level 2  |5, 15, 1, 6|
bad coloring on level 2  |6, 10, 1, 6|
bad coloring on level 2  |9, 15, 1, 6|
bad coloring on level 2  |12, 14, 1, 6|
bad coloring on level 2  |1, 5, 1, 8|
bad coloring on level 2  |5, 5, 1, 8|
bad coloring on level 2  |5, 6, 1, 8|
bad coloring on level 2  |5, 9, 1, 8|
bad coloring on level 2  |5, 10, 1, 8|
bad coloring on level 2  |5, 12, 1, 8|
bad coloring on level 2  |5, 14, 1, 8|
bad coloring on level 2  |5, 15, 1, 8|
bad coloring on level 2  |9, 15, 1, 8|
bad coloring on level 2  |1, 1, 1, 10|
bad coloring on level 2  |1, 5, 1, 10|
bad coloring on level 2  |1, 6, 1, 10|
bad coloring on level 2  |1, 10, 1, 10|
bad coloring on level 2  |1, 12, 1, 10|
bad coloring on level 2  |1, 14, 1, 10|
bad coloring on level 2  |3, 3, 1, 10|
bad coloring on level 2  |3, 8, 1, 10|
bad coloring on level 2  |3, 9, 1, 10|
bad coloring on level 2  |3, 10, 1, 10|
bad coloring on level 2  |3, 12, 1, 10|
bad coloring on level 2  |3, 13, 1, 10|
bad coloring on level 2  |3, 14, 1, 10|
bad coloring on level 2  |3, 15, 1, 10|
bad coloring on level 2  |5, 5, 1, 10|
bad coloring on level 2  |5, 6, 1, 10|
bad coloring on level 2  |5, 9, 1, 10|
bad coloring on level 2  |5, 10, 1, 10|
bad coloring on level 2  |5, 12, 1, 10|
bad coloring on level 2  |5, 14, 1, 10|
bad coloring on level 2  |5, 15, 1, 10|
bad coloring on level 2  |6, 6, 1, 10|
bad coloring on level 2  |6, 9, 1, 10|
bad coloring on level 2  |6, 10, 1, 10|
bad coloring on level 2  |6, 15, 1, 10|
bad coloring on level 2  |8, 8, 1, 10|
bad coloring on level 2  |8, 10, 1, 10|
bad coloring on level 2  |8, 12, 1, 10|
bad coloring on level 2  |8, 15, 1, 10|
bad coloring on level 2  |9, 9, 1, 10|
bad coloring on level 2  |9, 10, 1, 10|
bad coloring on level 2  |9, 13, 1, 10|
bad coloring on level 2  |9, 14, 1, 10|
bad coloring on level 2  |9, 15, 1, 10|
bad coloring on level 2  |10, 10, 1, 10|
bad coloring on level 2  |10, 12, 1, 10|
bad coloring on level 2  |10, 13, 1, 10|
bad coloring on level 2  |10, 14, 1, 10|
bad coloring on level 2  |10, 15, 1, 10|
bad coloring on level 2  |12, 12, 1, 10|
bad coloring on level 2  |12, 14, 1, 10|
bad coloring on level 2  |12, 15, 1, 10|
bad coloring on level 2  |13, 13, 1, 10|
bad coloring on level 2  |13, 14, 1, 10|
bad coloring on level 2  |14, 14, 1, 10|
bad coloring on level 2  |15, 15, 1, 10|
bad coloring on level 2  |1, 5, 1, 12|
bad coloring on level 2  |1, 10, 1, 12|
bad coloring on level 2  |3, 9, 1, 12|
bad coloring on level 2  |5, 5, 1, 12|
bad coloring on level 2  |5, 6, 1, 12|
bad coloring on level 2  |5, 9, 1, 12|
bad coloring on level 2  |5, 10, 1, 12|
bad coloring on level 2  |5, 12, 1, 12|
bad coloring on level 2  |5, 14, 1, 12|
bad coloring on level 2  |5, 15, 1, 12|
bad coloring on level 2  |6, 9, 1, 12|
bad coloring on level 2  |6, 10, 1, 12|
bad coloring on level 2  |9, 9, 1, 12|
bad coloring on level 2  |9, 10, 1, 12|
bad coloring on level 2  |9, 13, 1, 12|
bad coloring on level 2  |9, 14, 1, 12|
bad coloring on level 2  |9, 15, 1, 12|
bad coloring on level 2  |10, 13, 1, 12|
bad coloring on level 2  |10, 14, 1, 12|
bad coloring on level 2  |1, 5, 1, 13|
bad coloring on level 2  |5, 5, 1, 13|
bad coloring on level 2  |5, 6, 1, 13|
bad coloring on level 2  |5, 9, 1, 13|
bad coloring on level 2  |5, 10, 1, 13|
bad coloring on level 2  |5, 12, 1, 13|
bad coloring on level 2  |5, 14, 1, 13|
bad coloring on level 2  |5, 15, 1, 13|
bad coloring on level 2  |9, 15, 1, 13|
bad coloring on level 2  |1, 5, 1, 14|
bad coloring on level 2  |1, 10, 1, 14|
bad coloring on level 2  |3, 15, 1, 14|
bad coloring on level 2  |5, 5, 1, 14|
bad coloring on level 2  |5, 6, 1, 14|
bad coloring on level 2  |5, 9, 1, 14|
bad coloring on level 2  |5, 10, 1, 14|
bad coloring on level 2  |5, 12, 1, 14|
bad coloring on level 2  |5, 14, 1, 14|
bad coloring on level 2  |5, 15, 1, 14|
bad coloring on level 2  |6, 10, 1, 14|
bad coloring on level 2  |6, 15, 1, 14|
bad coloring on level 2  |8, 10, 1, 14|
bad coloring on level 2  |8, 15, 1, 14|
bad coloring on level 2  |9, 15, 1, 14|
bad coloring on level 2  |10, 12, 1, 14|
bad coloring on level 2  |10, 15, 1, 14|
bad coloring on level 2  |12, 15, 1, 14|
bad coloring on level 2  |15, 15, 1, 14|
bad coloring on level 2  |1, 5, 3, 3|
bad coloring on level 2  |1, 10, 3, 3|
bad coloring on level 2  |1, 5, 3, 8|
bad coloring on level 2  |1, 10, 3, 8|
bad coloring on level 2  |5, 14, 3, 8|
bad coloring on level 2  |1, 5, 3, 9|
bad coloring on level 2  |1, 10, 3, 9|
bad coloring on level 2  |1, 12, 3, 9|
bad coloring on level 2  |1, 5, 3, 10|
bad coloring on level 2  |1, 10, 3, 10|
bad coloring on level 2  |1, 5, 3, 12|
bad coloring on level 2  |1, 10, 3, 12|
bad coloring on level 2  |5, 14, 3, 12|
bad coloring on level 2  |1, 5, 3, 13|
bad coloring on level 2  |1, 10, 3, 13|
bad coloring on level 2  |5, 12, 3, 13|
bad coloring on level 2  |1, 5, 3, 14|
bad coloring on level 2  |1, 10, 3, 14|
bad coloring on level 2  |5, 12, 3, 14|
bad coloring on level 2  |1, 5, 3, 15|
bad coloring on level 2  |1, 10, 3, 15|
bad coloring on level 2  |1, 14, 3, 15|
bad coloring on level 2  |1, 1, 5, 5|
bad coloring on level 2  |1, 5, 5, 5|
bad coloring on level 2  |1, 6, 5, 5|
bad coloring on level 2  |1, 8, 5, 5|
bad coloring on level 2  |1, 10, 5, 5|
bad coloring on level 2  |1, 12, 5, 5|
bad coloring on level 2  |1, 13, 5, 5|
bad coloring on level 2  |1, 14, 5, 5|
bad coloring on level 2  |8, 13, 5, 5|
bad coloring on level 2  |12, 14, 5, 5|
bad coloring on level 2  |1, 1, 5, 6|
bad coloring on level 2  |1, 5, 5, 6|
bad coloring on level 2  |1, 6, 5, 6|
bad coloring on level 2  |1, 8, 5, 6|
bad coloring on level 2  |1, 10, 5, 6|
bad coloring on level 2  |1, 12, 5, 6|
bad coloring on level 2  |1, 13, 5, 6|
bad coloring on level 2  |1, 14, 5, 6|
bad coloring on level 2  |8, 13, 5, 6|
bad coloring on level 2  |12, 14, 5, 6|
bad coloring on level 2  |1, 1, 5, 9|
bad coloring on level 2  |1, 5, 5, 9|
bad coloring on level 2  |1, 6, 5, 9|
bad coloring on level 2  |1, 8, 5, 9|
bad coloring on level 2  |1, 10, 5, 9|
bad coloring on level 2  |1, 12, 5, 9|
bad coloring on level 2  |1, 13, 5, 9|
bad coloring on level 2  |1, 14, 5, 9|
bad coloring on level 2  |8, 13, 5, 9|
bad coloring on level 2  |12, 14, 5, 9|
bad coloring on level 2  |1, 1, 5, 10|
bad coloring on level 2  |1, 5, 5, 10|
bad coloring on level 2  |1, 6, 5, 10|
bad coloring on level 2  |1, 8, 5, 10|
bad coloring on level 2  |1, 10, 5, 10|
bad coloring on level 2  |1, 12, 5, 10|
bad coloring on level 2  |1, 13, 5, 10|
bad coloring on level 2  |1, 14, 5, 10|
bad coloring on level 2  |8, 13, 5, 10|
bad coloring on level 2  |12, 14, 5, 10|
bad coloring on level 2  |1, 1, 5, 12|
bad coloring on level 2  |1, 5, 5, 12|
bad coloring on level 2  |1, 6, 5, 12|
bad coloring on level 2  |1, 8, 5, 12|
bad coloring on level 2  |1, 10, 5, 12|
bad coloring on level 2  |1, 12, 5, 12|
bad coloring on level 2  |1, 13, 5, 12|
bad coloring on level 2  |1, 14, 5, 12|
bad coloring on level 2  |3, 13, 5, 12|
bad coloring on level 2  |3, 14, 5, 12|
bad coloring on level 2  |5, 14, 5, 12|
bad coloring on level 2  |6, 13, 5, 12|
bad coloring on level 2  |8, 13, 5, 12|
bad coloring on level 2  |9, 13, 5, 12|
bad coloring on level 2  |9, 14, 5, 12|
bad coloring on level 2  |10, 13, 5, 12|
bad coloring on level 2  |10, 14, 5, 12|
bad coloring on level 2  |12, 14, 5, 12|
bad coloring on level 2  |13, 13, 5, 12|
bad coloring on level 2  |13, 14, 5, 12|
bad coloring on level 2  |14, 14, 5, 12|
bad coloring on level 2  |1, 1, 5, 14|
bad coloring on level 2  |1, 5, 5, 14|
bad coloring on level 2  |1, 6, 5, 14|
bad coloring on level 2  |1, 8, 5, 14|
bad coloring on level 2  |1, 10, 5, 14|
bad coloring on level 2  |1, 12, 5, 14|
bad coloring on level 2  |1, 13, 5, 14|
bad coloring on level 2  |1, 14, 5, 14|
bad coloring on level 2  |3, 8, 5, 14|
bad coloring on level 2  |3, 12, 5, 14|
bad coloring on level 2  |5, 12, 5, 14|
bad coloring on level 2  |6, 8, 5, 14|
bad coloring on level 2  |8, 8, 5, 14|
bad coloring on level 2  |8, 10, 5, 14|
bad coloring on level 2  |8, 12, 5, 14|
bad coloring on level 2  |8, 13, 5, 14|
bad coloring on level 2  |8, 15, 5, 14|
bad coloring on level 2  |10, 12, 5, 14|
bad coloring on level 2  |12, 12, 5, 14|
bad coloring on level 2  |12, 14, 5, 14|
bad coloring on level 2  |12, 15, 5, 14|
bad coloring on level 2  |1, 1, 5, 15|
bad coloring on level 2  |1, 5, 5, 15|
bad coloring on level 2  |1, 6, 5, 15|
bad coloring on level 2  |1, 8, 5, 15|
bad coloring on level 2  |1, 10, 5, 15|
bad coloring on level 2  |1, 12, 5, 15|
bad coloring on level 2  |1, 13, 5, 15|
bad coloring on level 2  |1, 14, 5, 15|
bad coloring on level 2  |8, 13, 5, 15|
bad coloring on level 2  |12, 14, 5, 15|
bad coloring on level 2  |1, 5, 6, 6|
bad coloring on level 2  |1, 10, 6, 6|
bad coloring on level 2  |12, 14, 6, 6|
bad coloring on level 2  |1, 5, 6, 8|
bad coloring on level 2  |5, 14, 6, 8|
bad coloring on level 2  |12, 14, 6, 8|
bad coloring on level 2  |1, 5, 6, 9|
bad coloring on level 2  |1, 10, 6, 9|
bad coloring on level 2  |1, 12, 6, 9|
bad coloring on level 2  |12, 14, 6, 9|
bad coloring on level 2  |1, 1, 6, 10|
bad coloring on level 2  |1, 5, 6, 10|
bad coloring on level 2  |1, 6, 6, 10|
bad coloring on level 2  |1, 10, 6, 10|
bad coloring on level 2  |1, 12, 6, 10|
bad coloring on level 2  |1, 14, 6, 10|
bad coloring on level 2  |12, 14, 6, 10|
bad coloring on level 2  |1, 5, 6, 13|
bad coloring on level 2  |5, 12, 6, 13|
bad coloring on level 2  |12, 14, 6, 13|
bad coloring on level 2  |1, 5, 6, 15|
bad coloring on level 2  |1, 10, 6, 15|
bad coloring on level 2  |1, 14, 6, 15|
bad coloring on level 2  |12, 14, 6, 15|
bad coloring on level 2  |1, 5, 8, 8|
bad coloring on level 2  |1, 10, 8, 8|
bad coloring on level 2  |5, 14, 8, 8|
bad coloring on level 2  |1, 5, 8, 10|
bad coloring on level 2  |1, 10, 8, 10|
bad coloring on level 2  |1, 14, 8, 10|
bad coloring on level 2  |5, 14, 8, 10|
bad coloring on level 2  |1, 5, 8, 12|
bad coloring on level 2  |1, 10, 8, 12|
bad coloring on level 2  |5, 14, 8, 12|
bad coloring on level 2  |1, 5, 8, 13|
bad coloring on level 2  |5, 5, 8, 13|
bad coloring on level 2  |5, 6, 8, 13|
bad coloring on level 2  |5, 9, 8, 13|
bad coloring on level 2  |5, 10, 8, 13|
bad coloring on level 2  |5, 12, 8, 13|
bad coloring on level 2  |5, 14, 8, 13|
bad coloring on level 2  |5, 15, 8, 13|
bad coloring on level 2  |1, 5, 8, 15|
bad coloring on level 2  |1, 10, 8, 15|
bad coloring on level 2  |1, 14, 8, 15|
bad coloring on level 2  |5, 14, 8, 15|
bad coloring on level 2  |1, 5, 9, 9|
bad coloring on level 2  |1, 10, 9, 9|
bad coloring on level 2  |1, 12, 9, 9|
bad coloring on level 2  |1, 5, 9, 10|
bad coloring on level 2  |1, 10, 9, 10|
bad coloring on level 2  |1, 12, 9, 10|
bad coloring on level 2  |1, 5, 9, 13|
bad coloring on level 2  |1, 10, 9, 13|
bad coloring on level 2  |1, 12, 9, 13|
bad coloring on level 2  |5, 12, 9, 13|
bad coloring on level 2  |1, 5, 9, 14|
bad coloring on level 2  |1, 10, 9, 14|
bad coloring on level 2  |1, 12, 9, 14|
bad coloring on level 2  |5, 12, 9, 14|
bad coloring on level 2  |1, 1, 9, 15|
bad coloring on level 2  |1, 5, 9, 15|
bad coloring on level 2  |1, 6, 9, 15|
bad coloring on level 2  |1, 8, 9, 15|
bad coloring on level 2  |1, 10, 9, 15|
bad coloring on level 2  |1, 12, 9, 15|
bad coloring on level 2  |1, 13, 9, 15|
bad coloring on level 2  |1, 14, 9, 15|
bad coloring on level 2  |1, 5, 10, 10|
bad coloring on level 2  |1, 10, 10, 10|
bad coloring on level 2  |1, 5, 10, 12|
bad coloring on level 2  |1, 10, 10, 12|
bad coloring on level 2  |1, 14, 10, 12|
bad coloring on level 2  |5, 14, 10, 12|
bad coloring on level 2  |1, 5, 10, 13|
bad coloring on level 2  |1, 10, 10, 13|
bad coloring on level 2  |1, 12, 10, 13|
bad coloring on level 2  |5, 12, 10, 13|
bad coloring on level 2  |1, 5, 10, 14|
bad coloring on level 2  |1, 10, 10, 14|
bad coloring on level 2  |1, 12, 10, 14|
bad coloring on level 2  |5, 12, 10, 14|
bad coloring on level 2  |1, 5, 10, 15|
bad coloring on level 2  |1, 10, 10, 15|
bad coloring on level 2  |1, 14, 10, 15|
bad coloring on level 2  |1, 5, 12, 12|
bad coloring on level 2  |1, 10, 12, 12|
bad coloring on level 2  |5, 14, 12, 12|
bad coloring on level 2  |1, 5, 12, 14|
bad coloring on level 2  |1, 6, 12, 14|
bad coloring on level 2  |1, 10, 12, 14|
bad coloring on level 2  |5, 5, 12, 14|
bad coloring on level 2  |5, 6, 12, 14|
bad coloring on level 2  |5, 9, 12, 14|
bad coloring on level 2  |5, 10, 12, 14|
bad coloring on level 2  |5, 12, 12, 14|
bad coloring on level 2  |5, 14, 12, 14|
bad coloring on level 2  |5, 15, 12, 14|
bad coloring on level 2  |6, 6, 12, 14|
bad coloring on level 2  |6, 8, 12, 14|
bad coloring on level 2  |6, 9, 12, 14|
bad coloring on level 2  |6, 10, 12, 14|
bad coloring on level 2  |6, 13, 12, 14|
bad coloring on level 2  |6, 15, 12, 14|
bad coloring on level 2  |1, 5, 12, 15|
bad coloring on level 2  |1, 10, 12, 15|
bad coloring on level 2  |1, 14, 12, 15|
bad coloring on level 2  |5, 14, 12, 15|
bad coloring on level 2  |1, 5, 13, 13|
bad coloring on level 2  |1, 10, 13, 13|
bad coloring on level 2  |5, 12, 13, 13|
bad coloring on level 2  |1, 5, 13, 14|
bad coloring on level 2  |1, 10, 13, 14|
bad coloring on level 2  |5, 12, 13, 14|
bad coloring on level 2  |1, 5, 14, 14|
bad coloring on level 2  |1, 10, 14, 14|
bad coloring on level 2  |5, 12, 14, 14|
bad coloring on level 2  |1, 5, 15, 15|
bad coloring on level 2  |1, 10, 15, 15|
bad coloring on level 2  |1, 14, 15, 15|

410 bad colorings on level 2
