Trying substitutions to: 6
with goodVertices 3, 4, 5, 8, 9, 10, 11, 12, 15
bad color to improve: 0  3  with index 3
bad color to improve: 0  12  with index 12
bad color to improve: 3  12  with index 54
3 bad colorings on level 1
bad coloring on level 2  |2, 13, 1, 1|
bad coloring on level 2  |4, 9, 1, 1|
bad coloring on level 2  |6, 13, 1, 1|
bad coloring on level 2  |1, 13, 1, 2|
bad coloring on level 2  |2, 13, 1, 2|
bad coloring on level 2  |4, 9, 1, 2|
bad coloring on level 2  |4, 13, 1, 2|
bad coloring on level 2  |6, 13, 1, 2|
bad coloring on level 2  |8, 10, 1, 2|
bad coloring on level 2  |8, 13, 1, 2|
bad coloring on level 2  |9, 13, 1, 2|
bad coloring on level 2  |10, 13, 1, 2|
bad coloring on level 2  |13, 13, 1, 2|
bad coloring on level 2  |2, 13, 1, 5|
bad coloring on level 2  |4, 9, 1, 5|
bad coloring on level 2  |4, 13, 1, 5|
bad coloring on level 2  |6, 13, 1, 5|
bad coloring on level 2  |1, 13, 1, 6|
bad coloring on level 2  |2, 13, 1, 6|
bad coloring on level 2  |4, 9, 1, 6|
bad coloring on level 2  |4, 13, 1, 6|
bad coloring on level 2  |6, 13, 1, 6|
bad coloring on level 2  |9, 13, 1, 6|
bad coloring on level 2  |13, 13, 1, 6|
bad coloring on level 2  |2, 9, 1, 8|
bad coloring on level 2  |2, 13, 1, 8|
bad coloring on level 2  |4, 9, 1, 8|
bad coloring on level 2  |2, 4, 1, 10|
bad coloring on level 2  |2, 13, 1, 10|
bad coloring on level 2  |4, 9, 1, 10|
bad coloring on level 2  |2, 13, 1, 11|
bad coloring on level 2  |4, 9, 1, 11|
bad coloring on level 2  |6, 13, 1, 11|
bad coloring on level 2  |9, 13, 1, 11|
bad coloring on level 2  |1, 2, 1, 13|
bad coloring on level 2  |1, 6, 1, 13|
bad coloring on level 2  |2, 2, 1, 13|
bad coloring on level 2  |2, 4, 1, 13|
bad coloring on level 2  |2, 5, 1, 13|
bad coloring on level 2  |2, 6, 1, 13|
bad coloring on level 2  |2, 9, 1, 13|
bad coloring on level 2  |2, 11, 1, 13|
bad coloring on level 2  |2, 13, 1, 13|
bad coloring on level 2  |4, 9, 1, 13|
bad coloring on level 2  |5, 11, 1, 13|
bad coloring on level 2  |6, 13, 1, 13|
bad coloring on level 2  |1, 13, 2, 2|
bad coloring on level 2  |8, 10, 2, 2|
bad coloring on level 2  |1, 10, 2, 4|
bad coloring on level 2  |1, 13, 2, 4|
bad coloring on level 2  |8, 10, 2, 4|
bad coloring on level 2  |1, 13, 2, 5|
bad coloring on level 2  |8, 10, 2, 5|
bad coloring on level 2  |8, 13, 2, 5|
bad coloring on level 2  |1, 13, 2, 6|
bad coloring on level 2  |8, 10, 2, 6|
bad coloring on level 2  |1, 8, 2, 9|
bad coloring on level 2  |1, 13, 2, 9|
bad coloring on level 2  |8, 10, 2, 9|
bad coloring on level 2  |1, 13, 2, 11|
bad coloring on level 2  |8, 10, 2, 11|
bad coloring on level 2  |10, 13, 2, 11|
bad coloring on level 2  |1, 1, 2, 13|
bad coloring on level 2  |1, 2, 2, 13|
bad coloring on level 2  |1, 5, 2, 13|
bad coloring on level 2  |1, 6, 2, 13|
bad coloring on level 2  |1, 8, 2, 13|
bad coloring on level 2  |1, 10, 2, 13|
bad coloring on level 2  |1, 11, 2, 13|
bad coloring on level 2  |1, 13, 2, 13|
bad coloring on level 2  |5, 11, 2, 13|
bad coloring on level 2  |8, 10, 2, 13|
bad coloring on level 2  |1, 1, 4, 9|
bad coloring on level 2  |1, 2, 4, 9|
bad coloring on level 2  |1, 5, 4, 9|
bad coloring on level 2  |1, 6, 4, 9|
bad coloring on level 2  |1, 8, 4, 9|
bad coloring on level 2  |1, 10, 4, 9|
bad coloring on level 2  |1, 11, 4, 9|
bad coloring on level 2  |1, 13, 4, 9|
bad coloring on level 2  |1, 2, 4, 13|
bad coloring on level 2  |1, 5, 4, 13|
bad coloring on level 2  |1, 6, 4, 13|
bad coloring on level 2  |5, 11, 4, 13|
bad coloring on level 2  |1, 13, 5, 11|
bad coloring on level 2  |2, 13, 5, 11|
bad coloring on level 2  |4, 13, 5, 11|
bad coloring on level 2  |6, 13, 5, 11|
bad coloring on level 2  |8, 13, 5, 11|
bad coloring on level 2  |9, 13, 5, 11|
bad coloring on level 2  |10, 13, 5, 11|
bad coloring on level 2  |13, 13, 5, 11|
bad coloring on level 2  |1, 1, 6, 13|
bad coloring on level 2  |1, 2, 6, 13|
bad coloring on level 2  |1, 5, 6, 13|
bad coloring on level 2  |1, 6, 6, 13|
bad coloring on level 2  |1, 11, 6, 13|
bad coloring on level 2  |1, 13, 6, 13|
bad coloring on level 2  |5, 11, 6, 13|
bad coloring on level 2  |1, 2, 8, 10|
bad coloring on level 2  |2, 2, 8, 10|
bad coloring on level 2  |2, 4, 8, 10|
bad coloring on level 2  |2, 5, 8, 10|
bad coloring on level 2  |2, 6, 8, 10|
bad coloring on level 2  |2, 9, 8, 10|
bad coloring on level 2  |2, 11, 8, 10|
bad coloring on level 2  |2, 13, 8, 10|
bad coloring on level 2  |1, 2, 8, 13|
bad coloring on level 2  |2, 5, 8, 13|
bad coloring on level 2  |5, 11, 8, 13|
bad coloring on level 2  |1, 2, 9, 13|
bad coloring on level 2  |1, 6, 9, 13|
bad coloring on level 2  |1, 11, 9, 13|
bad coloring on level 2  |5, 11, 9, 13|
bad coloring on level 2  |1, 2, 10, 13|
bad coloring on level 2  |2, 11, 10, 13|
bad coloring on level 2  |5, 11, 10, 13|
bad coloring on level 2  |1, 2, 13, 13|
bad coloring on level 2  |1, 6, 13, 13|
bad coloring on level 2  |5, 11, 13, 13|

120 bad colorings on level 2
