Trying substitutions to: 8
with goodVertices 3, 4, 7, 9, 10, 12, 13, 14, 15
bad color to improve: 0  9  with index 9
bad color to improve: 0  14  with index 14
bad color to improve: 9  14  with index 113
3 bad colorings on level 1
bad coloring on level 2  |4, 15, 1, 1|
bad coloring on level 2  |6, 8, 1, 1|
bad coloring on level 2  |6, 11, 1, 1|
bad coloring on level 2  |1, 8, 1, 6|
bad coloring on level 2  |1, 11, 1, 6|
bad coloring on level 2  |4, 11, 1, 6|
bad coloring on level 2  |4, 15, 1, 6|
bad coloring on level 2  |6, 8, 1, 6|
bad coloring on level 2  |6, 11, 1, 6|
bad coloring on level 2  |7, 11, 1, 6|
bad coloring on level 2  |7, 12, 1, 6|
bad coloring on level 2  |8, 11, 1, 6|
bad coloring on level 2  |11, 11, 1, 6|
bad coloring on level 2  |11, 12, 1, 6|
bad coloring on level 2  |11, 15, 1, 6|
bad coloring on level 2  |4, 15, 1, 7|
bad coloring on level 2  |6, 8, 1, 7|
bad coloring on level 2  |6, 11, 1, 7|
bad coloring on level 2  |6, 15, 1, 7|
bad coloring on level 2  |1, 6, 1, 8|
bad coloring on level 2  |4, 6, 1, 8|
bad coloring on level 2  |4, 15, 1, 8|
bad coloring on level 2  |6, 6, 1, 8|
bad coloring on level 2  |6, 8, 1, 8|
bad coloring on level 2  |6, 11, 1, 8|
bad coloring on level 2  |6, 15, 1, 8|
bad coloring on level 2  |4, 11, 1, 10|
bad coloring on level 2  |4, 15, 1, 10|
bad coloring on level 2  |6, 11, 1, 10|
bad coloring on level 2  |1, 6, 1, 11|
bad coloring on level 2  |4, 6, 1, 11|
bad coloring on level 2  |4, 15, 1, 11|
bad coloring on level 2  |6, 6, 1, 11|
bad coloring on level 2  |6, 8, 1, 11|
bad coloring on level 2  |6, 10, 1, 11|
bad coloring on level 2  |6, 11, 1, 11|
bad coloring on level 2  |6, 13, 1, 11|
bad coloring on level 2  |6, 15, 1, 11|
bad coloring on level 2  |10, 13, 1, 11|
bad coloring on level 2  |4, 6, 1, 12|
bad coloring on level 2  |4, 15, 1, 12|
bad coloring on level 2  |6, 8, 1, 12|
bad coloring on level 2  |6, 11, 1, 12|
bad coloring on level 2  |4, 15, 1, 13|
bad coloring on level 2  |6, 11, 1, 13|
bad coloring on level 2  |11, 15, 1, 13|
bad coloring on level 2  |1, 8, 4, 6|
bad coloring on level 2  |1, 11, 4, 6|
bad coloring on level 2  |1, 12, 4, 6|
bad coloring on level 2  |7, 12, 4, 6|
bad coloring on level 2  |1, 6, 4, 11|
bad coloring on level 2  |1, 10, 4, 11|
bad coloring on level 2  |10, 13, 4, 11|
bad coloring on level 2  |1, 1, 4, 15|
bad coloring on level 2  |1, 6, 4, 15|
bad coloring on level 2  |1, 7, 4, 15|
bad coloring on level 2  |1, 8, 4, 15|
bad coloring on level 2  |1, 10, 4, 15|
bad coloring on level 2  |1, 11, 4, 15|
bad coloring on level 2  |1, 12, 4, 15|
bad coloring on level 2  |1, 13, 4, 15|
bad coloring on level 2  |1, 8, 6, 6|
bad coloring on level 2  |1, 11, 6, 6|
bad coloring on level 2  |7, 12, 6, 6|
bad coloring on level 2  |1, 1, 6, 8|
bad coloring on level 2  |1, 6, 6, 8|
bad coloring on level 2  |1, 7, 6, 8|
bad coloring on level 2  |1, 8, 6, 8|
bad coloring on level 2  |1, 11, 6, 8|
bad coloring on level 2  |1, 12, 6, 8|
bad coloring on level 2  |7, 12, 6, 8|
bad coloring on level 2  |1, 11, 6, 10|
bad coloring on level 2  |7, 11, 6, 10|
bad coloring on level 2  |7, 12, 6, 10|
bad coloring on level 2  |1, 1, 6, 11|
bad coloring on level 2  |1, 6, 6, 11|
bad coloring on level 2  |1, 7, 6, 11|
bad coloring on level 2  |1, 8, 6, 11|
bad coloring on level 2  |1, 10, 6, 11|
bad coloring on level 2  |1, 11, 6, 11|
bad coloring on level 2  |1, 12, 6, 11|
bad coloring on level 2  |1, 13, 6, 11|
bad coloring on level 2  |7, 12, 6, 11|
bad coloring on level 2  |10, 13, 6, 11|
bad coloring on level 2  |1, 11, 6, 13|
bad coloring on level 2  |7, 12, 6, 13|
bad coloring on level 2  |11, 12, 6, 13|
bad coloring on level 2  |1, 7, 6, 15|
bad coloring on level 2  |1, 8, 6, 15|
bad coloring on level 2  |1, 11, 6, 15|
bad coloring on level 2  |7, 12, 6, 15|
bad coloring on level 2  |1, 6, 7, 11|
bad coloring on level 2  |6, 10, 7, 11|
bad coloring on level 2  |10, 13, 7, 11|
bad coloring on level 2  |1, 6, 7, 12|
bad coloring on level 2  |4, 6, 7, 12|
bad coloring on level 2  |6, 6, 7, 12|
bad coloring on level 2  |6, 8, 7, 12|
bad coloring on level 2  |6, 10, 7, 12|
bad coloring on level 2  |6, 11, 7, 12|
bad coloring on level 2  |6, 13, 7, 12|
bad coloring on level 2  |6, 15, 7, 12|
bad coloring on level 2  |1, 6, 8, 11|
bad coloring on level 2  |10, 13, 8, 11|
bad coloring on level 2  |1, 11, 10, 13|
bad coloring on level 2  |4, 11, 10, 13|
bad coloring on level 2  |6, 11, 10, 13|
bad coloring on level 2  |7, 11, 10, 13|
bad coloring on level 2  |8, 11, 10, 13|
bad coloring on level 2  |11, 11, 10, 13|
bad coloring on level 2  |11, 12, 10, 13|
bad coloring on level 2  |11, 15, 10, 13|
bad coloring on level 2  |1, 6, 11, 11|
bad coloring on level 2  |10, 13, 11, 11|
bad coloring on level 2  |1, 6, 11, 12|
bad coloring on level 2  |6, 13, 11, 12|
bad coloring on level 2  |10, 13, 11, 12|
bad coloring on level 2  |1, 6, 11, 15|
bad coloring on level 2  |1, 13, 11, 15|
bad coloring on level 2  |10, 13, 11, 15|

120 bad colorings on level 2
