Trying substitutions to: 10
with goodVertices 3, 4, 5, 6, 8, 9, 11, 12, 15
bad color to improve: 0  4  with index 4
bad color to improve: 0  11  with index 11
bad color to improve: 4  11  with index 65
3 bad colorings on level 1
bad coloring on level 2  |3, 9, 1, 1|
bad coloring on level 2  |10, 13, 1, 1|
bad coloring on level 2  |13, 14, 1, 1|
bad coloring on level 2  |3, 9, 1, 5|
bad coloring on level 2  |3, 13, 1, 5|
bad coloring on level 2  |10, 13, 1, 5|
bad coloring on level 2  |13, 14, 1, 5|
bad coloring on level 2  |3, 9, 1, 6|
bad coloring on level 2  |3, 14, 1, 6|
bad coloring on level 2  |13, 14, 1, 6|
bad coloring on level 2  |3, 9, 1, 8|
bad coloring on level 2  |9, 14, 1, 8|
bad coloring on level 2  |13, 14, 1, 8|
bad coloring on level 2  |1, 13, 1, 10|
bad coloring on level 2  |3, 9, 1, 10|
bad coloring on level 2  |3, 13, 1, 10|
bad coloring on level 2  |9, 13, 1, 10|
bad coloring on level 2  |10, 13, 1, 10|
bad coloring on level 2  |13, 13, 1, 10|
bad coloring on level 2  |13, 14, 1, 10|
bad coloring on level 2  |3, 9, 1, 12|
bad coloring on level 2  |9, 13, 1, 12|
bad coloring on level 2  |10, 13, 1, 12|
bad coloring on level 2  |13, 14, 1, 12|
bad coloring on level 2  |1, 10, 1, 13|
bad coloring on level 2  |1, 14, 1, 13|
bad coloring on level 2  |3, 9, 1, 13|
bad coloring on level 2  |3, 14, 1, 13|
bad coloring on level 2  |5, 12, 1, 13|
bad coloring on level 2  |5, 14, 1, 13|
bad coloring on level 2  |9, 14, 1, 13|
bad coloring on level 2  |10, 13, 1, 13|
bad coloring on level 2  |10, 14, 1, 13|
bad coloring on level 2  |12, 14, 1, 13|
bad coloring on level 2  |13, 14, 1, 13|
bad coloring on level 2  |14, 14, 1, 13|
bad coloring on level 2  |1, 13, 1, 14|
bad coloring on level 2  |3, 9, 1, 14|
bad coloring on level 2  |3, 13, 1, 14|
bad coloring on level 2  |6, 8, 1, 14|
bad coloring on level 2  |6, 13, 1, 14|
bad coloring on level 2  |8, 13, 1, 14|
bad coloring on level 2  |9, 13, 1, 14|
bad coloring on level 2  |10, 13, 1, 14|
bad coloring on level 2  |13, 13, 1, 14|
bad coloring on level 2  |13, 14, 1, 14|
bad coloring on level 2  |1, 1, 3, 9|
bad coloring on level 2  |1, 5, 3, 9|
bad coloring on level 2  |1, 6, 3, 9|
bad coloring on level 2  |1, 8, 3, 9|
bad coloring on level 2  |1, 10, 3, 9|
bad coloring on level 2  |1, 12, 3, 9|
bad coloring on level 2  |1, 13, 3, 9|
bad coloring on level 2  |1, 14, 3, 9|
bad coloring on level 2  |1, 5, 3, 13|
bad coloring on level 2  |1, 10, 3, 13|
bad coloring on level 2  |1, 14, 3, 13|
bad coloring on level 2  |5, 12, 3, 13|
bad coloring on level 2  |1, 6, 3, 14|
bad coloring on level 2  |1, 13, 3, 14|
bad coloring on level 2  |6, 8, 3, 14|
bad coloring on level 2  |1, 13, 5, 12|
bad coloring on level 2  |3, 13, 5, 12|
bad coloring on level 2  |6, 13, 5, 12|
bad coloring on level 2  |8, 13, 5, 12|
bad coloring on level 2  |9, 13, 5, 12|
bad coloring on level 2  |10, 13, 5, 12|
bad coloring on level 2  |13, 13, 5, 12|
bad coloring on level 2  |13, 14, 5, 12|
bad coloring on level 2  |1, 13, 5, 14|
bad coloring on level 2  |6, 8, 5, 14|
bad coloring on level 2  |8, 13, 5, 14|
bad coloring on level 2  |1, 14, 6, 8|
bad coloring on level 2  |3, 14, 6, 8|
bad coloring on level 2  |5, 14, 6, 8|
bad coloring on level 2  |9, 14, 6, 8|
bad coloring on level 2  |10, 14, 6, 8|
bad coloring on level 2  |12, 14, 6, 8|
bad coloring on level 2  |13, 14, 6, 8|
bad coloring on level 2  |14, 14, 6, 8|
bad coloring on level 2  |1, 14, 6, 13|
bad coloring on level 2  |5, 12, 6, 13|
bad coloring on level 2  |12, 14, 6, 13|
bad coloring on level 2  |1, 14, 8, 13|
bad coloring on level 2  |5, 12, 8, 13|
bad coloring on level 2  |5, 14, 8, 13|
bad coloring on level 2  |1, 10, 9, 13|
bad coloring on level 2  |1, 12, 9, 13|
bad coloring on level 2  |1, 14, 9, 13|
bad coloring on level 2  |5, 12, 9, 13|
bad coloring on level 2  |1, 8, 9, 14|
bad coloring on level 2  |1, 13, 9, 14|
bad coloring on level 2  |6, 8, 9, 14|
bad coloring on level 2  |1, 1, 10, 13|
bad coloring on level 2  |1, 5, 10, 13|
bad coloring on level 2  |1, 10, 10, 13|
bad coloring on level 2  |1, 12, 10, 13|
bad coloring on level 2  |1, 13, 10, 13|
bad coloring on level 2  |1, 14, 10, 13|
bad coloring on level 2  |5, 12, 10, 13|
bad coloring on level 2  |1, 13, 10, 14|
bad coloring on level 2  |6, 8, 10, 14|
bad coloring on level 2  |1, 13, 12, 14|
bad coloring on level 2  |6, 8, 12, 14|
bad coloring on level 2  |6, 13, 12, 14|
bad coloring on level 2  |1, 10, 13, 13|
bad coloring on level 2  |1, 14, 13, 13|
bad coloring on level 2  |5, 12, 13, 13|
bad coloring on level 2  |1, 1, 13, 14|
bad coloring on level 2  |1, 5, 13, 14|
bad coloring on level 2  |1, 6, 13, 14|
bad coloring on level 2  |1, 8, 13, 14|
bad coloring on level 2  |1, 10, 13, 14|
bad coloring on level 2  |1, 12, 13, 14|
bad coloring on level 2  |1, 13, 13, 14|
bad coloring on level 2  |1, 14, 13, 14|
bad coloring on level 2  |5, 12, 13, 14|
bad coloring on level 2  |6, 8, 13, 14|
bad coloring on level 2  |1, 13, 14, 14|
bad coloring on level 2  |6, 8, 14, 14|

120 bad colorings on level 2
