Trying substitutions to: 9
with goodVertices 3, 4, 7, 8, 10, 12, 13, 14, 15
bad color to improve: 1  8  with index 23
bad color to improve: 7  8  with index 92
bad color to improve: 7  12  with index 96
bad color to improve: 8  12  with index 104
4 bad colorings on level 1
bad coloring on level 2  |5, 6, 0, 2|
bad coloring on level 2  |5, 15, 0, 2|
bad coloring on level 2  |6, 10, 0, 2|
bad coloring on level 2  |10, 15, 0, 2|
bad coloring on level 2  |2, 5, 0, 4|
bad coloring on level 2  |5, 14, 0, 4|
bad coloring on level 2  |2, 4, 0, 5|
bad coloring on level 2  |2, 6, 0, 5|
bad coloring on level 2  |4, 13, 0, 5|
bad coloring on level 2  |6, 13, 0, 5|
bad coloring on level 2  |2, 6, 0, 14|
bad coloring on level 2  |4, 6, 0, 14|
bad coloring on level 2  |5, 6, 0, 14|
bad coloring on level 2  |6, 6, 0, 14|
bad coloring on level 2  |6, 9, 0, 14|
bad coloring on level 2  |6, 10, 0, 14|
bad coloring on level 2  |6, 13, 0, 14|
bad coloring on level 2  |6, 15, 0, 14|
bad coloring on level 2  |2, 5, 0, 15|
bad coloring on level 2  |2, 14, 0, 15|
bad coloring on level 2  |5, 6, 2, 2|
bad coloring on level 2  |5, 15, 2, 2|
bad coloring on level 2  |6, 10, 2, 2|
bad coloring on level 2  |10, 15, 2, 2|
bad coloring on level 2  |0, 5, 2, 4|
bad coloring on level 2  |2, 5, 2, 4|
bad coloring on level 2  |5, 5, 2, 4|
bad coloring on level 2  |5, 6, 2, 4|
bad coloring on level 2  |5, 9, 2, 4|
bad coloring on level 2  |5, 10, 2, 4|
bad coloring on level 2  |5, 14, 2, 4|
bad coloring on level 2  |5, 15, 2, 4|
bad coloring on level 2  |6, 10, 2, 4|
bad coloring on level 2  |10, 15, 2, 4|
bad coloring on level 2  |0, 4, 2, 5|
bad coloring on level 2  |0, 15, 2, 5|
bad coloring on level 2  |2, 4, 2, 5|
bad coloring on level 2  |2, 6, 2, 5|
bad coloring on level 2  |3, 4, 2, 5|
bad coloring on level 2  |3, 15, 2, 5|
bad coloring on level 2  |4, 4, 2, 5|
bad coloring on level 2  |4, 6, 2, 5|
bad coloring on level 2  |4, 9, 2, 5|
bad coloring on level 2  |4, 13, 2, 5|
bad coloring on level 2  |4, 15, 2, 5|
bad coloring on level 2  |5, 6, 2, 5|
bad coloring on level 2  |5, 15, 2, 5|
bad coloring on level 2  |6, 6, 2, 5|
bad coloring on level 2  |6, 9, 2, 5|
bad coloring on level 2  |6, 10, 2, 5|
bad coloring on level 2  |6, 13, 2, 5|
bad coloring on level 2  |6, 15, 2, 5|
bad coloring on level 2  |9, 15, 2, 5|
bad coloring on level 2  |10, 15, 2, 5|
bad coloring on level 2  |15, 15, 2, 5|
bad coloring on level 2  |0, 5, 2, 6|
bad coloring on level 2  |0, 14, 2, 6|
bad coloring on level 2  |2, 5, 2, 6|
bad coloring on level 2  |5, 5, 2, 6|
bad coloring on level 2  |5, 6, 2, 6|
bad coloring on level 2  |5, 9, 2, 6|
bad coloring on level 2  |5, 10, 2, 6|
bad coloring on level 2  |5, 14, 2, 6|
bad coloring on level 2  |5, 15, 2, 6|
bad coloring on level 2  |6, 10, 2, 6|
bad coloring on level 2  |10, 15, 2, 6|
bad coloring on level 2  |5, 6, 2, 9|
bad coloring on level 2  |5, 15, 2, 9|
bad coloring on level 2  |6, 10, 2, 9|
bad coloring on level 2  |10, 15, 2, 9|
bad coloring on level 2  |5, 6, 2, 13|
bad coloring on level 2  |5, 15, 2, 13|
bad coloring on level 2  |6, 10, 2, 13|
bad coloring on level 2  |10, 15, 2, 13|
bad coloring on level 2  |0, 15, 2, 14|
bad coloring on level 2  |3, 15, 2, 14|
bad coloring on level 2  |4, 15, 2, 14|
bad coloring on level 2  |5, 6, 2, 14|
bad coloring on level 2  |5, 15, 2, 14|
bad coloring on level 2  |6, 10, 2, 14|
bad coloring on level 2  |6, 15, 2, 14|
bad coloring on level 2  |9, 15, 2, 14|
bad coloring on level 2  |10, 15, 2, 14|
bad coloring on level 2  |15, 15, 2, 14|
bad coloring on level 2  |2, 5, 3, 4|
bad coloring on level 2  |5, 14, 3, 4|
bad coloring on level 2  |2, 5, 3, 15|
bad coloring on level 2  |2, 14, 3, 15|
bad coloring on level 2  |2, 5, 4, 4|
bad coloring on level 2  |5, 14, 4, 4|
bad coloring on level 2  |0, 14, 4, 6|
bad coloring on level 2  |2, 5, 4, 6|
bad coloring on level 2  |5, 14, 4, 6|
bad coloring on level 2  |2, 5, 4, 9|
bad coloring on level 2  |5, 14, 4, 9|
bad coloring on level 2  |0, 5, 4, 13|
bad coloring on level 2  |2, 5, 4, 13|
bad coloring on level 2  |5, 5, 4, 13|
bad coloring on level 2  |5, 6, 4, 13|
bad coloring on level 2  |5, 9, 4, 13|
bad coloring on level 2  |5, 10, 4, 13|
bad coloring on level 2  |5, 14, 4, 13|
bad coloring on level 2  |5, 15, 4, 13|
bad coloring on level 2  |6, 10, 4, 13|
bad coloring on level 2  |2, 5, 4, 15|
bad coloring on level 2  |2, 14, 4, 15|
bad coloring on level 2  |5, 14, 4, 15|
bad coloring on level 2  |2, 4, 5, 5|
bad coloring on level 2  |2, 6, 5, 5|
bad coloring on level 2  |4, 13, 5, 5|
bad coloring on level 2  |6, 13, 5, 5|
bad coloring on level 2  |0, 2, 5, 6|
bad coloring on level 2  |0, 14, 5, 6|
bad coloring on level 2  |2, 2, 5, 6|
bad coloring on level 2  |2, 4, 5, 6|
bad coloring on level 2  |2, 5, 5, 6|
bad coloring on level 2  |2, 6, 5, 6|
bad coloring on level 2  |2, 9, 5, 6|
bad coloring on level 2  |2, 13, 5, 6|
bad coloring on level 2  |2, 14, 5, 6|
bad coloring on level 2  |4, 13, 5, 6|
bad coloring on level 2  |6, 13, 5, 6|
bad coloring on level 2  |2, 4, 5, 9|
bad coloring on level 2  |2, 6, 5, 9|
bad coloring on level 2  |4, 13, 5, 9|
bad coloring on level 2  |6, 13, 5, 9|
bad coloring on level 2  |2, 4, 5, 10|
bad coloring on level 2  |2, 6, 5, 10|
bad coloring on level 2  |4, 13, 5, 10|
bad coloring on level 2  |6, 13, 5, 10|
bad coloring on level 2  |0, 4, 5, 14|
bad coloring on level 2  |2, 4, 5, 14|
bad coloring on level 2  |2, 6, 5, 14|
bad coloring on level 2  |3, 4, 5, 14|
bad coloring on level 2  |4, 4, 5, 14|
bad coloring on level 2  |4, 6, 5, 14|
bad coloring on level 2  |4, 9, 5, 14|
bad coloring on level 2  |4, 13, 5, 14|
bad coloring on level 2  |4, 15, 5, 14|
bad coloring on level 2  |6, 13, 5, 14|
bad coloring on level 2  |0, 2, 5, 15|
bad coloring on level 2  |2, 2, 5, 15|
bad coloring on level 2  |2, 4, 5, 15|
bad coloring on level 2  |2, 5, 5, 15|
bad coloring on level 2  |2, 6, 5, 15|
bad coloring on level 2  |2, 9, 5, 15|
bad coloring on level 2  |2, 13, 5, 15|
bad coloring on level 2  |2, 14, 5, 15|
bad coloring on level 2  |4, 13, 5, 15|
bad coloring on level 2  |6, 13, 5, 15|
bad coloring on level 2  |0, 14, 6, 6|
bad coloring on level 2  |2, 5, 6, 6|
bad coloring on level 2  |0, 14, 6, 9|
bad coloring on level 2  |2, 5, 6, 9|
bad coloring on level 2  |0, 2, 6, 10|
bad coloring on level 2  |0, 14, 6, 10|
bad coloring on level 2  |2, 2, 6, 10|
bad coloring on level 2  |2, 4, 6, 10|
bad coloring on level 2  |2, 5, 6, 10|
bad coloring on level 2  |2, 6, 6, 10|
bad coloring on level 2  |2, 9, 6, 10|
bad coloring on level 2  |2, 13, 6, 10|
bad coloring on level 2  |2, 14, 6, 10|
bad coloring on level 2  |4, 13, 6, 10|
bad coloring on level 2  |6, 13, 6, 10|
bad coloring on level 2  |0, 5, 6, 13|
bad coloring on level 2  |0, 14, 6, 13|
bad coloring on level 2  |2, 5, 6, 13|
bad coloring on level 2  |5, 5, 6, 13|
bad coloring on level 2  |5, 6, 6, 13|
bad coloring on level 2  |5, 9, 6, 13|
bad coloring on level 2  |5, 10, 6, 13|
bad coloring on level 2  |5, 14, 6, 13|
bad coloring on level 2  |5, 15, 6, 13|
bad coloring on level 2  |6, 10, 6, 13|
bad coloring on level 2  |10, 15, 6, 13|
bad coloring on level 2  |0, 14, 6, 15|
bad coloring on level 2  |2, 5, 6, 15|
bad coloring on level 2  |2, 14, 6, 15|
bad coloring on level 2  |2, 5, 9, 15|
bad coloring on level 2  |2, 14, 9, 15|
bad coloring on level 2  |0, 2, 10, 15|
bad coloring on level 2  |2, 2, 10, 15|
bad coloring on level 2  |2, 4, 10, 15|
bad coloring on level 2  |2, 5, 10, 15|
bad coloring on level 2  |2, 6, 10, 15|
bad coloring on level 2  |2, 9, 10, 15|
bad coloring on level 2  |2, 13, 10, 15|
bad coloring on level 2  |2, 14, 10, 15|
bad coloring on level 2  |6, 13, 10, 15|
bad coloring on level 2  |2, 5, 15, 15|
bad coloring on level 2  |2, 14, 15, 15|

192 bad colorings on level 2
