Trying substitutions to: 1
with goodVertices 3, 4, 7, 8, 9, 13, 15
bad color to improve: 0  3  with index 3
bad color to improve: 0  4  with index 4
bad color to improve: 3  4  with index 46
bad color to improve: 3  15  with index 57
bad color to improve: 4  9  with index 63
5 bad colorings on level 1
bad coloring on level 2  |5, 11, 1, 3|
bad coloring on level 2  |5, 14, 1, 4|
bad coloring on level 2  |8, 13, 1, 5|
bad coloring on level 2  |5, 14, 1, 6|
bad coloring on level 2  |5, 14, 1, 8|
bad coloring on level 2  |5, 11, 1, 9|
bad coloring on level 2  |5, 11, 1, 10|
bad coloring on level 2  |5, 14, 1, 11|
bad coloring on level 2  |5, 11, 1, 13|
bad coloring on level 2  |5, 11, 1, 14|
bad coloring on level 2  |5, 14, 1, 15|
bad coloring on level 2  |5, 11, 2, 3|
bad coloring on level 2  |8, 13, 2, 5|
bad coloring on level 2  |5, 11, 2, 9|
bad coloring on level 2  |5, 11, 2, 10|
bad coloring on level 2  |5, 14, 2, 11|
bad coloring on level 2  |5, 11, 2, 13|
bad coloring on level 2  |5, 11, 2, 14|
bad coloring on level 2  |5, 14, 2, 15|
bad coloring on level 2  |5, 11, 3, 7|
bad coloring on level 2  |5, 11, 3, 13|
bad coloring on level 2  |5, 11, 3, 14|
bad coloring on level 2  |5, 14, 4, 7|
bad coloring on level 2  |5, 14, 4, 8|
bad coloring on level 2  |5, 14, 4, 11|
bad coloring on level 2  |5, 14, 4, 12|
bad coloring on level 2  |8, 13, 5, 5|
bad coloring on level 2  |8, 13, 5, 6|
bad coloring on level 2  |8, 13, 5, 9|
bad coloring on level 2  |8, 13, 5, 10|
bad coloring on level 2  |1, 3, 5, 11|
bad coloring on level 2  |1, 9, 5, 11|
bad coloring on level 2  |1, 10, 5, 11|
bad coloring on level 2  |1, 13, 5, 11|
bad coloring on level 2  |1, 14, 5, 11|
bad coloring on level 2  |2, 3, 5, 11|
bad coloring on level 2  |2, 9, 5, 11|
bad coloring on level 2  |2, 10, 5, 11|
bad coloring on level 2  |2, 13, 5, 11|
bad coloring on level 2  |2, 14, 5, 11|
bad coloring on level 2  |3, 7, 5, 11|
bad coloring on level 2  |3, 13, 5, 11|
bad coloring on level 2  |3, 14, 5, 11|
bad coloring on level 2  |5, 14, 5, 11|
bad coloring on level 2  |6, 13, 5, 11|
bad coloring on level 2  |7, 9, 5, 11|
bad coloring on level 2  |7, 10, 5, 11|
bad coloring on level 2  |7, 13, 5, 11|
bad coloring on level 2  |7, 14, 5, 11|
bad coloring on level 2  |8, 13, 5, 11|
bad coloring on level 2  |9, 12, 5, 11|
bad coloring on level 2  |9, 13, 5, 11|
bad coloring on level 2  |9, 14, 5, 11|
bad coloring on level 2  |10, 13, 5, 11|
bad coloring on level 2  |10, 14, 5, 11|
bad coloring on level 2  |12, 14, 5, 11|
bad coloring on level 2  |13, 13, 5, 11|
bad coloring on level 2  |13, 14, 5, 11|
bad coloring on level 2  |14, 14, 5, 11|
bad coloring on level 2  |8, 13, 5, 12|
bad coloring on level 2  |1, 4, 5, 14|
bad coloring on level 2  |1, 6, 5, 14|
bad coloring on level 2  |1, 8, 5, 14|
bad coloring on level 2  |1, 11, 5, 14|
bad coloring on level 2  |1, 15, 5, 14|
bad coloring on level 2  |2, 11, 5, 14|
bad coloring on level 2  |2, 15, 5, 14|
bad coloring on level 2  |4, 7, 5, 14|
bad coloring on level 2  |4, 8, 5, 14|
bad coloring on level 2  |4, 11, 5, 14|
bad coloring on level 2  |4, 12, 5, 14|
bad coloring on level 2  |5, 11, 5, 14|
bad coloring on level 2  |6, 7, 5, 14|
bad coloring on level 2  |6, 8, 5, 14|
bad coloring on level 2  |6, 11, 5, 14|
bad coloring on level 2  |6, 12, 5, 14|
bad coloring on level 2  |7, 8, 5, 14|
bad coloring on level 2  |7, 11, 5, 14|
bad coloring on level 2  |7, 15, 5, 14|
bad coloring on level 2  |8, 8, 5, 14|
bad coloring on level 2  |8, 10, 5, 14|
bad coloring on level 2  |8, 11, 5, 14|
bad coloring on level 2  |8, 12, 5, 14|
bad coloring on level 2  |8, 13, 5, 14|
bad coloring on level 2  |8, 15, 5, 14|
bad coloring on level 2  |11, 11, 5, 14|
bad coloring on level 2  |11, 12, 5, 14|
bad coloring on level 2  |11, 15, 5, 14|
bad coloring on level 2  |12, 15, 5, 14|
bad coloring on level 2  |8, 13, 5, 15|
bad coloring on level 2  |5, 14, 6, 7|
bad coloring on level 2  |5, 14, 6, 8|
bad coloring on level 2  |5, 14, 6, 11|
bad coloring on level 2  |5, 14, 6, 12|
bad coloring on level 2  |5, 11, 6, 13|
bad coloring on level 2  |5, 14, 7, 8|
bad coloring on level 2  |5, 11, 7, 9|
bad coloring on level 2  |5, 11, 7, 10|
bad coloring on level 2  |5, 14, 7, 11|
bad coloring on level 2  |5, 11, 7, 13|
bad coloring on level 2  |5, 11, 7, 14|
bad coloring on level 2  |5, 14, 7, 15|
bad coloring on level 2  |5, 14, 8, 8|
bad coloring on level 2  |5, 14, 8, 10|
bad coloring on level 2  |5, 14, 8, 11|
bad coloring on level 2  |5, 14, 8, 12|
bad coloring on level 2  |1, 5, 8, 13|
bad coloring on level 2  |2, 5, 8, 13|
bad coloring on level 2  |5, 5, 8, 13|
bad coloring on level 2  |5, 6, 8, 13|
bad coloring on level 2  |5, 9, 8, 13|
bad coloring on level 2  |5, 10, 8, 13|
bad coloring on level 2  |5, 11, 8, 13|
bad coloring on level 2  |5, 12, 8, 13|
bad coloring on level 2  |5, 14, 8, 13|
bad coloring on level 2  |5, 15, 8, 13|
bad coloring on level 2  |5, 14, 8, 15|
bad coloring on level 2  |5, 11, 9, 12|
bad coloring on level 2  |5, 11, 9, 13|
bad coloring on level 2  |5, 11, 9, 14|
bad coloring on level 2  |5, 11, 10, 13|
bad coloring on level 2  |5, 11, 10, 14|
bad coloring on level 2  |5, 14, 11, 11|
bad coloring on level 2  |5, 14, 11, 12|
bad coloring on level 2  |5, 14, 11, 15|
bad coloring on level 2  |5, 11, 12, 14|
bad coloring on level 2  |5, 14, 12, 15|
bad coloring on level 2  |5, 11, 13, 13|
bad coloring on level 2  |5, 11, 13, 14|
bad coloring on level 2  |5, 11, 14, 14|

130 bad colorings on level 2
