Trying substitutions to: 2
with goodVertices 3, 4, 5, 6, 9, 10, 13, 14, 15
bad color to improve: 3  10  with index 52
bad color to improve: 3  15  with index 57
bad color to improve: 8  10  with index 102
bad color to improve: 10  15  with index 120
4 bad colorings on level 1
bad coloring on level 2  |1, 1, 0, 4|
bad coloring on level 2  |1, 2, 0, 4|
bad coloring on level 2  |1, 5, 0, 4|
bad coloring on level 2  |1, 6, 0, 4|
bad coloring on level 2  |1, 7, 0, 4|
bad coloring on level 2  |1, 11, 0, 4|
bad coloring on level 2  |1, 13, 0, 4|
bad coloring on level 2  |1, 14, 0, 4|
bad coloring on level 2  |4, 7, 0, 5|
bad coloring on level 2  |7, 11, 0, 5|
bad coloring on level 2  |1, 6, 0, 7|
bad coloring on level 2  |1, 11, 0, 7|
bad coloring on level 2  |5, 6, 0, 7|
bad coloring on level 2  |5, 11, 0, 7|
bad coloring on level 2  |1, 7, 0, 11|
bad coloring on level 2  |1, 13, 0, 11|
bad coloring on level 2  |7, 14, 0, 11|
bad coloring on level 2  |13, 14, 0, 11|
bad coloring on level 2  |4, 11, 0, 14|
bad coloring on level 2  |7, 11, 0, 14|
bad coloring on level 2  |0, 4, 1, 1|
bad coloring on level 2  |7, 11, 1, 1|
bad coloring on level 2  |0, 4, 1, 2|
bad coloring on level 2  |7, 11, 1, 2|
bad coloring on level 2  |0, 4, 1, 5|
bad coloring on level 2  |4, 7, 1, 5|
bad coloring on level 2  |7, 11, 1, 5|
bad coloring on level 2  |0, 4, 1, 6|
bad coloring on level 2  |0, 7, 1, 6|
bad coloring on level 2  |1, 7, 1, 6|
bad coloring on level 2  |1, 13, 1, 6|
bad coloring on level 2  |2, 7, 1, 6|
bad coloring on level 2  |4, 7, 1, 6|
bad coloring on level 2  |7, 7, 1, 6|
bad coloring on level 2  |7, 11, 1, 6|
bad coloring on level 2  |7, 13, 1, 6|
bad coloring on level 2  |7, 14, 1, 6|
bad coloring on level 2  |13, 14, 1, 6|
bad coloring on level 2  |0, 4, 1, 7|
bad coloring on level 2  |0, 11, 1, 7|
bad coloring on level 2  |1, 6, 1, 7|
bad coloring on level 2  |1, 11, 1, 7|
bad coloring on level 2  |2, 11, 1, 7|
bad coloring on level 2  |4, 11, 1, 7|
bad coloring on level 2  |5, 6, 1, 7|
bad coloring on level 2  |5, 11, 1, 7|
bad coloring on level 2  |6, 11, 1, 7|
bad coloring on level 2  |7, 11, 1, 7|
bad coloring on level 2  |11, 11, 1, 7|
bad coloring on level 2  |0, 4, 1, 11|
bad coloring on level 2  |0, 7, 1, 11|
bad coloring on level 2  |1, 7, 1, 11|
bad coloring on level 2  |1, 13, 1, 11|
bad coloring on level 2  |2, 7, 1, 11|
bad coloring on level 2  |4, 7, 1, 11|
bad coloring on level 2  |7, 7, 1, 11|
bad coloring on level 2  |7, 11, 1, 11|
bad coloring on level 2  |7, 13, 1, 11|
bad coloring on level 2  |7, 14, 1, 11|
bad coloring on level 2  |13, 14, 1, 11|
bad coloring on level 2  |0, 4, 1, 13|
bad coloring on level 2  |0, 11, 1, 13|
bad coloring on level 2  |1, 6, 1, 13|
bad coloring on level 2  |1, 11, 1, 13|
bad coloring on level 2  |2, 11, 1, 13|
bad coloring on level 2  |4, 11, 1, 13|
bad coloring on level 2  |5, 6, 1, 13|
bad coloring on level 2  |5, 11, 1, 13|
bad coloring on level 2  |6, 11, 1, 13|
bad coloring on level 2  |7, 11, 1, 13|
bad coloring on level 2  |11, 11, 1, 13|
bad coloring on level 2  |0, 4, 1, 14|
bad coloring on level 2  |4, 11, 1, 14|
bad coloring on level 2  |7, 11, 1, 14|
bad coloring on level 2  |4, 7, 2, 5|
bad coloring on level 2  |7, 11, 2, 5|
bad coloring on level 2  |1, 6, 2, 7|
bad coloring on level 2  |1, 11, 2, 7|
bad coloring on level 2  |5, 6, 2, 7|
bad coloring on level 2  |5, 11, 2, 7|
bad coloring on level 2  |1, 7, 2, 11|
bad coloring on level 2  |1, 13, 2, 11|
bad coloring on level 2  |7, 14, 2, 11|
bad coloring on level 2  |13, 14, 2, 11|
bad coloring on level 2  |4, 11, 2, 14|
bad coloring on level 2  |7, 11, 2, 14|
bad coloring on level 2  |0, 5, 4, 7|
bad coloring on level 2  |1, 5, 4, 7|
bad coloring on level 2  |1, 6, 4, 7|
bad coloring on level 2  |1, 11, 4, 7|
bad coloring on level 2  |2, 5, 4, 7|
bad coloring on level 2  |5, 5, 4, 7|
bad coloring on level 2  |5, 6, 4, 7|
bad coloring on level 2  |5, 9, 4, 7|
bad coloring on level 2  |5, 11, 4, 7|
bad coloring on level 2  |5, 14, 4, 7|
bad coloring on level 2  |0, 14, 4, 11|
bad coloring on level 2  |1, 7, 4, 11|
bad coloring on level 2  |1, 13, 4, 11|
bad coloring on level 2  |1, 14, 4, 11|
bad coloring on level 2  |2, 14, 4, 11|
bad coloring on level 2  |5, 14, 4, 11|
bad coloring on level 2  |7, 14, 4, 11|
bad coloring on level 2  |9, 14, 4, 11|
bad coloring on level 2  |13, 14, 4, 11|
bad coloring on level 2  |14, 14, 4, 11|
bad coloring on level 2  |4, 7, 5, 5|
bad coloring on level 2  |7, 11, 5, 5|
bad coloring on level 2  |0, 7, 5, 6|
bad coloring on level 2  |1, 7, 5, 6|
bad coloring on level 2  |1, 13, 5, 6|
bad coloring on level 2  |2, 7, 5, 6|
bad coloring on level 2  |4, 7, 5, 6|
bad coloring on level 2  |7, 7, 5, 6|
bad coloring on level 2  |7, 11, 5, 6|
bad coloring on level 2  |7, 13, 5, 6|
bad coloring on level 2  |7, 14, 5, 6|
bad coloring on level 2  |4, 7, 5, 9|
bad coloring on level 2  |7, 11, 5, 9|
bad coloring on level 2  |0, 7, 5, 11|
bad coloring on level 2  |1, 7, 5, 11|
bad coloring on level 2  |1, 13, 5, 11|
bad coloring on level 2  |2, 7, 5, 11|
bad coloring on level 2  |4, 7, 5, 11|
bad coloring on level 2  |7, 7, 5, 11|
bad coloring on level 2  |7, 11, 5, 11|
bad coloring on level 2  |7, 13, 5, 11|
bad coloring on level 2  |7, 14, 5, 11|
bad coloring on level 2  |13, 14, 5, 11|
bad coloring on level 2  |4, 7, 5, 14|
bad coloring on level 2  |4, 11, 5, 14|
bad coloring on level 2  |7, 11, 5, 14|
bad coloring on level 2  |1, 7, 6, 11|
bad coloring on level 2  |1, 13, 6, 11|
bad coloring on level 2  |7, 14, 6, 11|
bad coloring on level 2  |13, 14, 6, 11|
bad coloring on level 2  |1, 6, 7, 7|
bad coloring on level 2  |1, 11, 7, 7|
bad coloring on level 2  |5, 6, 7, 7|
bad coloring on level 2  |5, 11, 7, 7|
bad coloring on level 2  |0, 5, 7, 11|
bad coloring on level 2  |0, 14, 7, 11|
bad coloring on level 2  |1, 1, 7, 11|
bad coloring on level 2  |1, 2, 7, 11|
bad coloring on level 2  |1, 5, 7, 11|
bad coloring on level 2  |1, 6, 7, 11|
bad coloring on level 2  |1, 7, 7, 11|
bad coloring on level 2  |1, 11, 7, 11|
bad coloring on level 2  |1, 13, 7, 11|
bad coloring on level 2  |1, 14, 7, 11|
bad coloring on level 2  |2, 5, 7, 11|
bad coloring on level 2  |2, 14, 7, 11|
bad coloring on level 2  |5, 5, 7, 11|
bad coloring on level 2  |5, 6, 7, 11|
bad coloring on level 2  |5, 9, 7, 11|
bad coloring on level 2  |5, 11, 7, 11|
bad coloring on level 2  |5, 14, 7, 11|
bad coloring on level 2  |7, 14, 7, 11|
bad coloring on level 2  |9, 14, 7, 11|
bad coloring on level 2  |13, 14, 7, 11|
bad coloring on level 2  |14, 14, 7, 11|
bad coloring on level 2  |1, 6, 7, 13|
bad coloring on level 2  |1, 11, 7, 13|
bad coloring on level 2  |5, 6, 7, 13|
bad coloring on level 2  |5, 11, 7, 13|
bad coloring on level 2  |0, 11, 7, 14|
bad coloring on level 2  |1, 6, 7, 14|
bad coloring on level 2  |1, 11, 7, 14|
bad coloring on level 2  |2, 11, 7, 14|
bad coloring on level 2  |4, 11, 7, 14|
bad coloring on level 2  |5, 6, 7, 14|
bad coloring on level 2  |5, 11, 7, 14|
bad coloring on level 2  |6, 11, 7, 14|
bad coloring on level 2  |7, 11, 7, 14|
bad coloring on level 2  |11, 11, 7, 14|
bad coloring on level 2  |4, 11, 9, 14|
bad coloring on level 2  |7, 11, 9, 14|
bad coloring on level 2  |1, 7, 11, 11|
bad coloring on level 2  |1, 13, 11, 11|
bad coloring on level 2  |7, 14, 11, 11|
bad coloring on level 2  |13, 14, 11, 11|
bad coloring on level 2  |0, 11, 13, 14|
bad coloring on level 2  |1, 6, 13, 14|
bad coloring on level 2  |1, 11, 13, 14|
bad coloring on level 2  |2, 11, 13, 14|
bad coloring on level 2  |4, 11, 13, 14|
bad coloring on level 2  |5, 11, 13, 14|
bad coloring on level 2  |6, 11, 13, 14|
bad coloring on level 2  |7, 11, 13, 14|
bad coloring on level 2  |11, 11, 13, 14|
bad coloring on level 2  |4, 11, 14, 14|
bad coloring on level 2  |7, 11, 14, 14|

192 bad colorings on level 2
