Trying substitutions to: 12
with goodVertices 3, 4, 7, 8, 9, 10, 13, 14, 15
bad color to improve: 4  9  with index 63
bad color to improve: 4  13  with index 67
bad color to improve: 6  13  with index 88
bad color to improve: 9  13  with index 112
4 bad colorings on level 1
bad coloring on level 2  |1, 8, 0, 5|
bad coloring on level 2  |1, 11, 0, 5|
bad coloring on level 2  |7, 8, 0, 5|
bad coloring on level 2  |7, 11, 0, 5|
bad coloring on level 2  |5, 11, 0, 7|
bad coloring on level 2  |5, 15, 0, 7|
bad coloring on level 2  |1, 5, 0, 11|
bad coloring on level 2  |1, 10, 0, 11|
bad coloring on level 2  |5, 14, 0, 11|
bad coloring on level 2  |10, 14, 0, 11|
bad coloring on level 2  |5, 11, 0, 14|
bad coloring on level 2  |11, 15, 0, 14|
bad coloring on level 2  |1, 1, 0, 15|
bad coloring on level 2  |1, 5, 0, 15|
bad coloring on level 2  |1, 7, 0, 15|
bad coloring on level 2  |1, 8, 0, 15|
bad coloring on level 2  |1, 10, 0, 15|
bad coloring on level 2  |1, 11, 0, 15|
bad coloring on level 2  |1, 12, 0, 15|
bad coloring on level 2  |1, 14, 0, 15|
bad coloring on level 2  |0, 15, 1, 1|
bad coloring on level 2  |5, 11, 1, 1|
bad coloring on level 2  |0, 11, 1, 5|
bad coloring on level 2  |0, 15, 1, 5|
bad coloring on level 2  |1, 8, 1, 5|
bad coloring on level 2  |1, 11, 1, 5|
bad coloring on level 2  |5, 11, 1, 5|
bad coloring on level 2  |7, 8, 1, 5|
bad coloring on level 2  |7, 11, 1, 5|
bad coloring on level 2  |8, 11, 1, 5|
bad coloring on level 2  |11, 11, 1, 5|
bad coloring on level 2  |11, 12, 1, 5|
bad coloring on level 2  |11, 15, 1, 5|
bad coloring on level 2  |0, 15, 1, 7|
bad coloring on level 2  |5, 11, 1, 7|
bad coloring on level 2  |5, 15, 1, 7|
bad coloring on level 2  |0, 5, 1, 8|
bad coloring on level 2  |0, 15, 1, 8|
bad coloring on level 2  |1, 5, 1, 8|
bad coloring on level 2  |1, 10, 1, 8|
bad coloring on level 2  |5, 5, 1, 8|
bad coloring on level 2  |5, 10, 1, 8|
bad coloring on level 2  |5, 11, 1, 8|
bad coloring on level 2  |5, 12, 1, 8|
bad coloring on level 2  |5, 14, 1, 8|
bad coloring on level 2  |5, 15, 1, 8|
bad coloring on level 2  |10, 14, 1, 8|
bad coloring on level 2  |0, 11, 1, 10|
bad coloring on level 2  |0, 15, 1, 10|
bad coloring on level 2  |1, 8, 1, 10|
bad coloring on level 2  |1, 11, 1, 10|
bad coloring on level 2  |5, 11, 1, 10|
bad coloring on level 2  |7, 8, 1, 10|
bad coloring on level 2  |7, 11, 1, 10|
bad coloring on level 2  |8, 11, 1, 10|
bad coloring on level 2  |11, 11, 1, 10|
bad coloring on level 2  |11, 12, 1, 10|
bad coloring on level 2  |11, 15, 1, 10|
bad coloring on level 2  |0, 5, 1, 11|
bad coloring on level 2  |0, 15, 1, 11|
bad coloring on level 2  |1, 5, 1, 11|
bad coloring on level 2  |1, 10, 1, 11|
bad coloring on level 2  |5, 5, 1, 11|
bad coloring on level 2  |5, 10, 1, 11|
bad coloring on level 2  |5, 11, 1, 11|
bad coloring on level 2  |5, 12, 1, 11|
bad coloring on level 2  |5, 14, 1, 11|
bad coloring on level 2  |5, 15, 1, 11|
bad coloring on level 2  |10, 14, 1, 11|
bad coloring on level 2  |0, 15, 1, 12|
bad coloring on level 2  |5, 11, 1, 12|
bad coloring on level 2  |0, 15, 1, 14|
bad coloring on level 2  |5, 11, 1, 14|
bad coloring on level 2  |11, 15, 1, 14|
bad coloring on level 2  |5, 11, 3, 7|
bad coloring on level 2  |5, 15, 3, 7|
bad coloring on level 2  |5, 11, 3, 14|
bad coloring on level 2  |11, 15, 3, 14|
bad coloring on level 2  |1, 8, 5, 5|
bad coloring on level 2  |1, 11, 5, 5|
bad coloring on level 2  |7, 8, 5, 5|
bad coloring on level 2  |7, 11, 5, 5|
bad coloring on level 2  |1, 8, 5, 10|
bad coloring on level 2  |1, 11, 5, 10|
bad coloring on level 2  |7, 8, 5, 10|
bad coloring on level 2  |7, 11, 5, 10|
bad coloring on level 2  |0, 7, 5, 11|
bad coloring on level 2  |0, 14, 5, 11|
bad coloring on level 2  |1, 1, 5, 11|
bad coloring on level 2  |1, 5, 5, 11|
bad coloring on level 2  |1, 7, 5, 11|
bad coloring on level 2  |1, 8, 5, 11|
bad coloring on level 2  |1, 10, 5, 11|
bad coloring on level 2  |1, 11, 5, 11|
bad coloring on level 2  |1, 12, 5, 11|
bad coloring on level 2  |1, 14, 5, 11|
bad coloring on level 2  |3, 7, 5, 11|
bad coloring on level 2  |3, 14, 5, 11|
bad coloring on level 2  |5, 14, 5, 11|
bad coloring on level 2  |7, 7, 5, 11|
bad coloring on level 2  |7, 8, 5, 11|
bad coloring on level 2  |7, 11, 5, 11|
bad coloring on level 2  |7, 12, 5, 11|
bad coloring on level 2  |7, 14, 5, 11|
bad coloring on level 2  |10, 14, 5, 11|
bad coloring on level 2  |12, 14, 5, 11|
bad coloring on level 2  |14, 14, 5, 11|
bad coloring on level 2  |1, 8, 5, 12|
bad coloring on level 2  |1, 11, 5, 12|
bad coloring on level 2  |7, 8, 5, 12|
bad coloring on level 2  |7, 11, 5, 12|
bad coloring on level 2  |0, 11, 5, 14|
bad coloring on level 2  |1, 8, 5, 14|
bad coloring on level 2  |1, 11, 5, 14|
bad coloring on level 2  |5, 11, 5, 14|
bad coloring on level 2  |7, 8, 5, 14|
bad coloring on level 2  |7, 11, 5, 14|
bad coloring on level 2  |8, 11, 5, 14|
bad coloring on level 2  |11, 11, 5, 14|
bad coloring on level 2  |11, 12, 5, 14|
bad coloring on level 2  |11, 15, 5, 14|
bad coloring on level 2  |0, 7, 5, 15|
bad coloring on level 2  |1, 7, 5, 15|
bad coloring on level 2  |1, 8, 5, 15|
bad coloring on level 2  |1, 11, 5, 15|
bad coloring on level 2  |3, 7, 5, 15|
bad coloring on level 2  |7, 7, 5, 15|
bad coloring on level 2  |7, 8, 5, 15|
bad coloring on level 2  |7, 11, 5, 15|
bad coloring on level 2  |7, 12, 5, 15|
bad coloring on level 2  |7, 14, 5, 15|
bad coloring on level 2  |5, 11, 7, 7|
bad coloring on level 2  |5, 15, 7, 7|
bad coloring on level 2  |0, 5, 7, 8|
bad coloring on level 2  |1, 5, 7, 8|
bad coloring on level 2  |1, 10, 7, 8|
bad coloring on level 2  |5, 5, 7, 8|
bad coloring on level 2  |5, 10, 7, 8|
bad coloring on level 2  |5, 11, 7, 8|
bad coloring on level 2  |5, 12, 7, 8|
bad coloring on level 2  |5, 14, 7, 8|
bad coloring on level 2  |5, 15, 7, 8|
bad coloring on level 2  |0, 5, 7, 11|
bad coloring on level 2  |1, 5, 7, 11|
bad coloring on level 2  |1, 10, 7, 11|
bad coloring on level 2  |5, 5, 7, 11|
bad coloring on level 2  |5, 10, 7, 11|
bad coloring on level 2  |5, 11, 7, 11|
bad coloring on level 2  |5, 12, 7, 11|
bad coloring on level 2  |5, 14, 7, 11|
bad coloring on level 2  |5, 15, 7, 11|
bad coloring on level 2  |10, 14, 7, 11|
bad coloring on level 2  |5, 11, 7, 12|
bad coloring on level 2  |5, 15, 7, 12|
bad coloring on level 2  |5, 11, 7, 14|
bad coloring on level 2  |5, 15, 7, 14|
bad coloring on level 2  |11, 15, 7, 14|
bad coloring on level 2  |1, 5, 8, 11|
bad coloring on level 2  |1, 10, 8, 11|
bad coloring on level 2  |5, 14, 8, 11|
bad coloring on level 2  |10, 14, 8, 11|
bad coloring on level 2  |0, 11, 10, 14|
bad coloring on level 2  |1, 8, 10, 14|
bad coloring on level 2  |1, 11, 10, 14|
bad coloring on level 2  |5, 11, 10, 14|
bad coloring on level 2  |7, 11, 10, 14|
bad coloring on level 2  |8, 11, 10, 14|
bad coloring on level 2  |11, 11, 10, 14|
bad coloring on level 2  |11, 12, 10, 14|
bad coloring on level 2  |11, 15, 10, 14|
bad coloring on level 2  |1, 5, 11, 11|
bad coloring on level 2  |1, 10, 11, 11|
bad coloring on level 2  |5, 14, 11, 11|
bad coloring on level 2  |10, 14, 11, 11|
bad coloring on level 2  |1, 5, 11, 12|
bad coloring on level 2  |1, 10, 11, 12|
bad coloring on level 2  |5, 14, 11, 12|
bad coloring on level 2  |10, 14, 11, 12|
bad coloring on level 2  |0, 14, 11, 15|
bad coloring on level 2  |1, 5, 11, 15|
bad coloring on level 2  |1, 10, 11, 15|
bad coloring on level 2  |1, 14, 11, 15|
bad coloring on level 2  |3, 14, 11, 15|
bad coloring on level 2  |5, 14, 11, 15|
bad coloring on level 2  |7, 14, 11, 15|
bad coloring on level 2  |10, 14, 11, 15|
bad coloring on level 2  |12, 14, 11, 15|
bad coloring on level 2  |14, 14, 11, 15|
bad coloring on level 2  |5, 11, 12, 14|
bad coloring on level 2  |11, 15, 12, 14|
bad coloring on level 2  |5, 11, 14, 14|
bad coloring on level 2  |11, 15, 14, 14|

192 bad colorings on level 2
