Trying substitutions to: 1
with goodVertices 3, 4, 6, 7, 8, 10, 11, 12, 13, 15
bad color to improve: 3  4  with index 46
bad color to improve: 3  15  with index 57
bad color to improve: 4  15  with index 69
3 bad colorings on level 1
bad coloring on level 2  |1, 10, 1, 2|
bad coloring on level 2  |5, 14, 1, 2|
bad coloring on level 2  |10, 12, 1, 2|
bad coloring on level 2  |1, 13, 1, 5|
bad coloring on level 2  |2, 14, 1, 5|
bad coloring on level 2  |7, 13, 1, 5|
bad coloring on level 2  |1, 10, 1, 6|
bad coloring on level 2  |1, 13, 1, 6|
bad coloring on level 2  |1, 14, 1, 6|
bad coloring on level 2  |2, 14, 1, 6|
bad coloring on level 2  |5, 14, 1, 6|
bad coloring on level 2  |7, 13, 1, 6|
bad coloring on level 2  |7, 14, 1, 6|
bad coloring on level 2  |10, 12, 1, 6|
bad coloring on level 2  |10, 14, 1, 6|
bad coloring on level 2  |12, 14, 1, 6|
bad coloring on level 2  |13, 14, 1, 6|
bad coloring on level 2  |14, 14, 1, 6|
bad coloring on level 2  |1, 2, 1, 10|
bad coloring on level 2  |1, 6, 1, 10|
bad coloring on level 2  |1, 13, 1, 10|
bad coloring on level 2  |2, 2, 1, 10|
bad coloring on level 2  |2, 5, 1, 10|
bad coloring on level 2  |2, 6, 1, 10|
bad coloring on level 2  |2, 7, 1, 10|
bad coloring on level 2  |2, 11, 1, 10|
bad coloring on level 2  |2, 13, 1, 10|
bad coloring on level 2  |2, 14, 1, 10|
bad coloring on level 2  |6, 11, 1, 10|
bad coloring on level 2  |7, 13, 1, 10|
bad coloring on level 2  |1, 5, 1, 13|
bad coloring on level 2  |1, 6, 1, 13|
bad coloring on level 2  |1, 10, 1, 13|
bad coloring on level 2  |2, 5, 1, 13|
bad coloring on level 2  |5, 5, 1, 13|
bad coloring on level 2  |5, 6, 1, 13|
bad coloring on level 2  |5, 10, 1, 13|
bad coloring on level 2  |5, 11, 1, 13|
bad coloring on level 2  |5, 12, 1, 13|
bad coloring on level 2  |5, 14, 1, 13|
bad coloring on level 2  |6, 11, 1, 13|
bad coloring on level 2  |10, 12, 1, 13|
bad coloring on level 2  |1, 6, 1, 14|
bad coloring on level 2  |2, 5, 1, 14|
bad coloring on level 2  |6, 11, 1, 14|
bad coloring on level 2  |1, 10, 2, 2|
bad coloring on level 2  |5, 14, 2, 2|
bad coloring on level 2  |10, 12, 2, 2|
bad coloring on level 2  |1, 10, 2, 5|
bad coloring on level 2  |1, 13, 2, 5|
bad coloring on level 2  |1, 14, 2, 5|
bad coloring on level 2  |2, 14, 2, 5|
bad coloring on level 2  |5, 14, 2, 5|
bad coloring on level 2  |7, 13, 2, 5|
bad coloring on level 2  |7, 14, 2, 5|
bad coloring on level 2  |10, 12, 2, 5|
bad coloring on level 2  |10, 14, 2, 5|
bad coloring on level 2  |12, 14, 2, 5|
bad coloring on level 2  |13, 14, 2, 5|
bad coloring on level 2  |14, 14, 2, 5|
bad coloring on level 2  |1, 10, 2, 6|
bad coloring on level 2  |5, 14, 2, 6|
bad coloring on level 2  |10, 12, 2, 6|
bad coloring on level 2  |12, 14, 2, 6|
bad coloring on level 2  |1, 10, 2, 7|
bad coloring on level 2  |5, 10, 2, 7|
bad coloring on level 2  |5, 14, 2, 7|
bad coloring on level 2  |10, 12, 2, 7|
bad coloring on level 2  |1, 10, 2, 11|
bad coloring on level 2  |5, 14, 2, 11|
bad coloring on level 2  |10, 12, 2, 11|
bad coloring on level 2  |10, 14, 2, 11|
bad coloring on level 2  |1, 10, 2, 13|
bad coloring on level 2  |5, 12, 2, 13|
bad coloring on level 2  |5, 14, 2, 13|
bad coloring on level 2  |10, 12, 2, 13|
bad coloring on level 2  |1, 5, 2, 14|
bad coloring on level 2  |1, 6, 2, 14|
bad coloring on level 2  |1, 10, 2, 14|
bad coloring on level 2  |2, 5, 2, 14|
bad coloring on level 2  |5, 5, 2, 14|
bad coloring on level 2  |5, 6, 2, 14|
bad coloring on level 2  |5, 10, 2, 14|
bad coloring on level 2  |5, 11, 2, 14|
bad coloring on level 2  |5, 12, 2, 14|
bad coloring on level 2  |5, 14, 2, 14|
bad coloring on level 2  |6, 11, 2, 14|
bad coloring on level 2  |10, 12, 2, 14|
bad coloring on level 2  |1, 13, 5, 5|
bad coloring on level 2  |2, 14, 5, 5|
bad coloring on level 2  |7, 13, 5, 5|
bad coloring on level 2  |1, 13, 5, 6|
bad coloring on level 2  |2, 14, 5, 6|
bad coloring on level 2  |7, 13, 5, 6|
bad coloring on level 2  |7, 14, 5, 6|
bad coloring on level 2  |1, 13, 5, 10|
bad coloring on level 2  |2, 7, 5, 10|
bad coloring on level 2  |2, 14, 5, 10|
bad coloring on level 2  |7, 13, 5, 10|
bad coloring on level 2  |1, 13, 5, 11|
bad coloring on level 2  |2, 14, 5, 11|
bad coloring on level 2  |7, 13, 5, 11|
bad coloring on level 2  |13, 14, 5, 11|
bad coloring on level 2  |1, 13, 5, 12|
bad coloring on level 2  |2, 13, 5, 12|
bad coloring on level 2  |2, 14, 5, 12|
bad coloring on level 2  |7, 13, 5, 12|
bad coloring on level 2  |1, 2, 5, 14|
bad coloring on level 2  |1, 6, 5, 14|
bad coloring on level 2  |1, 13, 5, 14|
bad coloring on level 2  |2, 2, 5, 14|
bad coloring on level 2  |2, 5, 5, 14|
bad coloring on level 2  |2, 6, 5, 14|
bad coloring on level 2  |2, 7, 5, 14|
bad coloring on level 2  |2, 11, 5, 14|
bad coloring on level 2  |2, 13, 5, 14|
bad coloring on level 2  |2, 14, 5, 14|
bad coloring on level 2  |6, 11, 5, 14|
bad coloring on level 2  |7, 13, 5, 14|
bad coloring on level 2  |1, 10, 6, 11|
bad coloring on level 2  |1, 13, 6, 11|
bad coloring on level 2  |1, 14, 6, 11|
bad coloring on level 2  |2, 14, 6, 11|
bad coloring on level 2  |5, 14, 6, 11|
bad coloring on level 2  |7, 14, 6, 11|
bad coloring on level 2  |10, 14, 6, 11|
bad coloring on level 2  |12, 14, 6, 11|
bad coloring on level 2  |13, 14, 6, 11|
bad coloring on level 2  |14, 14, 6, 11|
bad coloring on level 2  |1, 5, 7, 13|
bad coloring on level 2  |1, 6, 7, 13|
bad coloring on level 2  |1, 10, 7, 13|
bad coloring on level 2  |2, 5, 7, 13|
bad coloring on level 2  |5, 5, 7, 13|
bad coloring on level 2  |5, 6, 7, 13|
bad coloring on level 2  |5, 10, 7, 13|
bad coloring on level 2  |5, 11, 7, 13|
bad coloring on level 2  |5, 12, 7, 13|
bad coloring on level 2  |5, 14, 7, 13|
bad coloring on level 2  |1, 6, 7, 14|
bad coloring on level 2  |2, 5, 7, 14|
bad coloring on level 2  |5, 6, 7, 14|
bad coloring on level 2  |6, 11, 7, 14|
bad coloring on level 2  |1, 2, 10, 12|
bad coloring on level 2  |1, 6, 10, 12|
bad coloring on level 2  |1, 13, 10, 12|
bad coloring on level 2  |2, 2, 10, 12|
bad coloring on level 2  |2, 5, 10, 12|
bad coloring on level 2  |2, 6, 10, 12|
bad coloring on level 2  |2, 7, 10, 12|
bad coloring on level 2  |2, 11, 10, 12|
bad coloring on level 2  |2, 13, 10, 12|
bad coloring on level 2  |2, 14, 10, 12|
bad coloring on level 2  |1, 6, 10, 14|
bad coloring on level 2  |2, 5, 10, 14|
bad coloring on level 2  |2, 11, 10, 14|
bad coloring on level 2  |6, 11, 10, 14|
bad coloring on level 2  |1, 6, 12, 14|
bad coloring on level 2  |2, 5, 12, 14|
bad coloring on level 2  |2, 6, 12, 14|
bad coloring on level 2  |6, 11, 12, 14|
bad coloring on level 2  |1, 6, 13, 14|
bad coloring on level 2  |2, 5, 13, 14|
bad coloring on level 2  |5, 11, 13, 14|
bad coloring on level 2  |6, 11, 13, 14|
bad coloring on level 2  |1, 6, 14, 14|
bad coloring on level 2  |2, 5, 14, 14|
bad coloring on level 2  |6, 11, 14, 14|

168 bad colorings on level 2
