Trying substitutions to: 0
with goodVertices 3, 5, 6, 8, 9, 10, 11, 12, 15
bad color to improve: 1  10  with index 25
bad color to improve: 6  8  with index 83
bad color to improve: 6  10  with index 85
bad color to improve: 8  10  with index 102
4 bad colorings on level 1
bad coloring on level 2  |3, 7, 0, 2|
bad coloring on level 2  |3, 12, 0, 2|
bad coloring on level 2  |7, 14, 0, 2|
bad coloring on level 2  |2, 7, 0, 3|
bad coloring on level 2  |2, 11, 0, 3|
bad coloring on level 2  |2, 9, 0, 7|
bad coloring on level 2  |2, 14, 0, 7|
bad coloring on level 2  |5, 9, 0, 7|
bad coloring on level 2  |2, 7, 0, 9|
bad coloring on level 2  |7, 11, 0, 9|
bad coloring on level 2  |2, 7, 0, 14|
bad coloring on level 2  |4, 11, 0, 14|
bad coloring on level 2  |3, 7, 2, 2|
bad coloring on level 2  |3, 12, 2, 2|
bad coloring on level 2  |7, 14, 2, 2|
bad coloring on level 2  |3, 7, 2, 4|
bad coloring on level 2  |3, 12, 2, 4|
bad coloring on level 2  |7, 14, 2, 4|
bad coloring on level 2  |12, 14, 2, 4|
bad coloring on level 2  |3, 7, 2, 5|
bad coloring on level 2  |3, 12, 2, 5|
bad coloring on level 2  |7, 14, 2, 5|
bad coloring on level 2  |0, 3, 2, 7|
bad coloring on level 2  |0, 9, 2, 7|
bad coloring on level 2  |0, 14, 2, 7|
bad coloring on level 2  |2, 9, 2, 7|
bad coloring on level 2  |2, 14, 2, 7|
bad coloring on level 2  |3, 3, 2, 7|
bad coloring on level 2  |3, 4, 2, 7|
bad coloring on level 2  |3, 7, 2, 7|
bad coloring on level 2  |3, 9, 2, 7|
bad coloring on level 2  |3, 12, 2, 7|
bad coloring on level 2  |3, 14, 2, 7|
bad coloring on level 2  |3, 15, 2, 7|
bad coloring on level 2  |4, 9, 2, 7|
bad coloring on level 2  |5, 9, 2, 7|
bad coloring on level 2  |5, 14, 2, 7|
bad coloring on level 2  |7, 14, 2, 7|
bad coloring on level 2  |9, 9, 2, 7|
bad coloring on level 2  |9, 14, 2, 7|
bad coloring on level 2  |9, 15, 2, 7|
bad coloring on level 2  |12, 14, 2, 7|
bad coloring on level 2  |14, 14, 2, 7|
bad coloring on level 2  |0, 7, 2, 9|
bad coloring on level 2  |2, 7, 2, 9|
bad coloring on level 2  |3, 7, 2, 9|
bad coloring on level 2  |3, 12, 2, 9|
bad coloring on level 2  |4, 7, 2, 9|
bad coloring on level 2  |7, 7, 2, 9|
bad coloring on level 2  |7, 11, 2, 9|
bad coloring on level 2  |7, 12, 2, 9|
bad coloring on level 2  |7, 14, 2, 9|
bad coloring on level 2  |0, 3, 2, 11|
bad coloring on level 2  |3, 3, 2, 11|
bad coloring on level 2  |3, 4, 2, 11|
bad coloring on level 2  |3, 7, 2, 11|
bad coloring on level 2  |3, 9, 2, 11|
bad coloring on level 2  |3, 12, 2, 11|
bad coloring on level 2  |3, 14, 2, 11|
bad coloring on level 2  |3, 15, 2, 11|
bad coloring on level 2  |7, 14, 2, 11|
bad coloring on level 2  |0, 7, 2, 14|
bad coloring on level 2  |2, 7, 2, 14|
bad coloring on level 2  |3, 7, 2, 14|
bad coloring on level 2  |3, 12, 2, 14|
bad coloring on level 2  |4, 7, 2, 14|
bad coloring on level 2  |4, 11, 2, 14|
bad coloring on level 2  |7, 7, 2, 14|
bad coloring on level 2  |7, 11, 2, 14|
bad coloring on level 2  |7, 12, 2, 14|
bad coloring on level 2  |7, 14, 2, 14|
bad coloring on level 2  |2, 7, 3, 3|
bad coloring on level 2  |2, 11, 3, 3|
bad coloring on level 2  |2, 7, 3, 4|
bad coloring on level 2  |2, 11, 3, 4|
bad coloring on level 2  |0, 2, 3, 7|
bad coloring on level 2  |2, 2, 3, 7|
bad coloring on level 2  |2, 4, 3, 7|
bad coloring on level 2  |2, 5, 3, 7|
bad coloring on level 2  |2, 7, 3, 7|
bad coloring on level 2  |2, 9, 3, 7|
bad coloring on level 2  |2, 11, 3, 7|
bad coloring on level 2  |2, 14, 3, 7|
bad coloring on level 2  |5, 9, 3, 7|
bad coloring on level 2  |2, 7, 3, 9|
bad coloring on level 2  |2, 11, 3, 9|
bad coloring on level 2  |7, 11, 3, 9|
bad coloring on level 2  |0, 2, 3, 12|
bad coloring on level 2  |2, 2, 3, 12|
bad coloring on level 2  |2, 4, 3, 12|
bad coloring on level 2  |2, 5, 3, 12|
bad coloring on level 2  |2, 7, 3, 12|
bad coloring on level 2  |2, 9, 3, 12|
bad coloring on level 2  |2, 11, 3, 12|
bad coloring on level 2  |2, 14, 3, 12|
bad coloring on level 2  |2, 7, 3, 14|
bad coloring on level 2  |2, 11, 3, 14|
bad coloring on level 2  |4, 11, 3, 14|
bad coloring on level 2  |2, 7, 3, 15|
bad coloring on level 2  |2, 11, 3, 15|
bad coloring on level 2  |2, 9, 4, 7|
bad coloring on level 2  |2, 14, 4, 7|
bad coloring on level 2  |5, 9, 4, 7|
bad coloring on level 2  |5, 14, 4, 7|
bad coloring on level 2  |2, 7, 4, 9|
bad coloring on level 2  |7, 11, 4, 9|
bad coloring on level 2  |0, 14, 4, 11|
bad coloring on level 2  |2, 14, 4, 11|
bad coloring on level 2  |3, 14, 4, 11|
bad coloring on level 2  |5, 14, 4, 11|
bad coloring on level 2  |7, 14, 4, 11|
bad coloring on level 2  |9, 14, 4, 11|
bad coloring on level 2  |12, 14, 4, 11|
bad coloring on level 2  |14, 14, 4, 11|
bad coloring on level 2  |0, 7, 5, 9|
bad coloring on level 2  |2, 7, 5, 9|
bad coloring on level 2  |3, 7, 5, 9|
bad coloring on level 2  |4, 7, 5, 9|
bad coloring on level 2  |7, 7, 5, 9|
bad coloring on level 2  |7, 11, 5, 9|
bad coloring on level 2  |7, 12, 5, 9|
bad coloring on level 2  |7, 14, 5, 9|
bad coloring on level 2  |2, 7, 5, 14|
bad coloring on level 2  |4, 7, 5, 14|
bad coloring on level 2  |4, 11, 5, 14|
bad coloring on level 2  |2, 9, 7, 7|
bad coloring on level 2  |2, 14, 7, 7|
bad coloring on level 2  |5, 9, 7, 7|
bad coloring on level 2  |0, 9, 7, 11|
bad coloring on level 2  |2, 9, 7, 11|
bad coloring on level 2  |2, 14, 7, 11|
bad coloring on level 2  |3, 9, 7, 11|
bad coloring on level 2  |4, 9, 7, 11|
bad coloring on level 2  |5, 9, 7, 11|
bad coloring on level 2  |9, 9, 7, 11|
bad coloring on level 2  |9, 14, 7, 11|
bad coloring on level 2  |9, 15, 7, 11|
bad coloring on level 2  |2, 9, 7, 12|
bad coloring on level 2  |2, 14, 7, 12|
bad coloring on level 2  |5, 9, 7, 12|
bad coloring on level 2  |0, 2, 7, 14|
bad coloring on level 2  |2, 2, 7, 14|
bad coloring on level 2  |2, 4, 7, 14|
bad coloring on level 2  |2, 5, 7, 14|
bad coloring on level 2  |2, 7, 7, 14|
bad coloring on level 2  |2, 9, 7, 14|
bad coloring on level 2  |2, 11, 7, 14|
bad coloring on level 2  |2, 14, 7, 14|
bad coloring on level 2  |4, 11, 7, 14|
bad coloring on level 2  |5, 9, 7, 14|
bad coloring on level 2  |2, 7, 9, 9|
bad coloring on level 2  |7, 11, 9, 9|
bad coloring on level 2  |2, 7, 9, 14|
bad coloring on level 2  |4, 11, 9, 14|
bad coloring on level 2  |7, 11, 9, 14|
bad coloring on level 2  |2, 7, 9, 15|
bad coloring on level 2  |7, 11, 9, 15|
bad coloring on level 2  |2, 4, 12, 14|
bad coloring on level 2  |2, 7, 12, 14|
bad coloring on level 2  |4, 11, 12, 14|
bad coloring on level 2  |2, 7, 14, 14|
bad coloring on level 2  |4, 11, 14, 14|

162 bad colorings on level 2
