Trying substitutions to: 1
with goodVertices 3, 5, 6, 8, 9, 10, 12, 13, 14, 15
bad color to improve: 3  9  with index 51
bad color to improve: 3  15  with index 57
bad color to improve: 9  15  with index 114
3 bad colorings on level 1
bad coloring on level 2  |1, 8, 1, 2|
bad coloring on level 2  |7, 11, 1, 2|
bad coloring on level 2  |8, 12, 1, 2|
bad coloring on level 2  |1, 7, 1, 6|
bad coloring on level 2  |1, 8, 1, 6|
bad coloring on level 2  |1, 13, 1, 6|
bad coloring on level 2  |2, 7, 1, 6|
bad coloring on level 2  |7, 7, 1, 6|
bad coloring on level 2  |7, 8, 1, 6|
bad coloring on level 2  |7, 11, 1, 6|
bad coloring on level 2  |7, 12, 1, 6|
bad coloring on level 2  |7, 13, 1, 6|
bad coloring on level 2  |7, 14, 1, 6|
bad coloring on level 2  |8, 12, 1, 6|
bad coloring on level 2  |13, 14, 1, 6|
bad coloring on level 2  |1, 6, 1, 7|
bad coloring on level 2  |2, 11, 1, 7|
bad coloring on level 2  |5, 6, 1, 7|
bad coloring on level 2  |1, 2, 1, 8|
bad coloring on level 2  |1, 6, 1, 8|
bad coloring on level 2  |1, 13, 1, 8|
bad coloring on level 2  |2, 2, 1, 8|
bad coloring on level 2  |2, 5, 1, 8|
bad coloring on level 2  |2, 6, 1, 8|
bad coloring on level 2  |2, 7, 1, 8|
bad coloring on level 2  |2, 11, 1, 8|
bad coloring on level 2  |2, 13, 1, 8|
bad coloring on level 2  |2, 14, 1, 8|
bad coloring on level 2  |5, 6, 1, 8|
bad coloring on level 2  |13, 14, 1, 8|
bad coloring on level 2  |1, 13, 1, 11|
bad coloring on level 2  |2, 7, 1, 11|
bad coloring on level 2  |13, 14, 1, 11|
bad coloring on level 2  |1, 6, 1, 13|
bad coloring on level 2  |1, 8, 1, 13|
bad coloring on level 2  |1, 11, 1, 13|
bad coloring on level 2  |2, 11, 1, 13|
bad coloring on level 2  |5, 6, 1, 13|
bad coloring on level 2  |5, 11, 1, 13|
bad coloring on level 2  |6, 11, 1, 13|
bad coloring on level 2  |7, 11, 1, 13|
bad coloring on level 2  |8, 11, 1, 13|
bad coloring on level 2  |8, 12, 1, 13|
bad coloring on level 2  |11, 11, 1, 13|
bad coloring on level 2  |11, 12, 1, 13|
bad coloring on level 2  |1, 8, 2, 2|
bad coloring on level 2  |7, 11, 2, 2|
bad coloring on level 2  |8, 12, 2, 2|
bad coloring on level 2  |1, 8, 2, 5|
bad coloring on level 2  |7, 8, 2, 5|
bad coloring on level 2  |7, 11, 2, 5|
bad coloring on level 2  |8, 12, 2, 5|
bad coloring on level 2  |1, 8, 2, 6|
bad coloring on level 2  |7, 11, 2, 6|
bad coloring on level 2  |7, 12, 2, 6|
bad coloring on level 2  |8, 12, 2, 6|
bad coloring on level 2  |1, 6, 2, 7|
bad coloring on level 2  |1, 8, 2, 7|
bad coloring on level 2  |1, 11, 2, 7|
bad coloring on level 2  |2, 11, 2, 7|
bad coloring on level 2  |5, 6, 2, 7|
bad coloring on level 2  |5, 11, 2, 7|
bad coloring on level 2  |6, 11, 2, 7|
bad coloring on level 2  |7, 11, 2, 7|
bad coloring on level 2  |8, 11, 2, 7|
bad coloring on level 2  |8, 12, 2, 7|
bad coloring on level 2  |11, 11, 2, 7|
bad coloring on level 2  |11, 12, 2, 7|
bad coloring on level 2  |1, 7, 2, 11|
bad coloring on level 2  |1, 8, 2, 11|
bad coloring on level 2  |1, 13, 2, 11|
bad coloring on level 2  |2, 7, 2, 11|
bad coloring on level 2  |7, 7, 2, 11|
bad coloring on level 2  |7, 8, 2, 11|
bad coloring on level 2  |7, 11, 2, 11|
bad coloring on level 2  |7, 12, 2, 11|
bad coloring on level 2  |7, 13, 2, 11|
bad coloring on level 2  |7, 14, 2, 11|
bad coloring on level 2  |8, 12, 2, 11|
bad coloring on level 2  |13, 14, 2, 11|
bad coloring on level 2  |1, 8, 2, 13|
bad coloring on level 2  |7, 11, 2, 13|
bad coloring on level 2  |8, 12, 2, 13|
bad coloring on level 2  |11, 12, 2, 13|
bad coloring on level 2  |1, 8, 2, 14|
bad coloring on level 2  |7, 11, 2, 14|
bad coloring on level 2  |8, 11, 2, 14|
bad coloring on level 2  |8, 12, 2, 14|
bad coloring on level 2  |1, 7, 5, 6|
bad coloring on level 2  |1, 8, 5, 6|
bad coloring on level 2  |1, 13, 5, 6|
bad coloring on level 2  |2, 7, 5, 6|
bad coloring on level 2  |7, 7, 5, 6|
bad coloring on level 2  |7, 8, 5, 6|
bad coloring on level 2  |7, 11, 5, 6|
bad coloring on level 2  |7, 12, 5, 6|
bad coloring on level 2  |7, 13, 5, 6|
bad coloring on level 2  |7, 14, 5, 6|
bad coloring on level 2  |1, 13, 5, 11|
bad coloring on level 2  |2, 7, 5, 11|
bad coloring on level 2  |7, 13, 5, 11|
bad coloring on level 2  |13, 14, 5, 11|
bad coloring on level 2  |1, 13, 6, 11|
bad coloring on level 2  |2, 7, 6, 11|
bad coloring on level 2  |7, 14, 6, 11|
bad coloring on level 2  |13, 14, 6, 11|
bad coloring on level 2  |1, 6, 7, 7|
bad coloring on level 2  |2, 11, 7, 7|
bad coloring on level 2  |5, 6, 7, 7|
bad coloring on level 2  |1, 6, 7, 8|
bad coloring on level 2  |2, 5, 7, 8|
bad coloring on level 2  |2, 11, 7, 8|
bad coloring on level 2  |5, 6, 7, 8|
bad coloring on level 2  |1, 2, 7, 11|
bad coloring on level 2  |1, 6, 7, 11|
bad coloring on level 2  |1, 13, 7, 11|
bad coloring on level 2  |2, 2, 7, 11|
bad coloring on level 2  |2, 5, 7, 11|
bad coloring on level 2  |2, 6, 7, 11|
bad coloring on level 2  |2, 7, 7, 11|
bad coloring on level 2  |2, 11, 7, 11|
bad coloring on level 2  |2, 13, 7, 11|
bad coloring on level 2  |2, 14, 7, 11|
bad coloring on level 2  |5, 6, 7, 11|
bad coloring on level 2  |13, 14, 7, 11|
bad coloring on level 2  |1, 6, 7, 12|
bad coloring on level 2  |2, 6, 7, 12|
bad coloring on level 2  |2, 11, 7, 12|
bad coloring on level 2  |5, 6, 7, 12|
bad coloring on level 2  |1, 6, 7, 13|
bad coloring on level 2  |2, 11, 7, 13|
bad coloring on level 2  |5, 6, 7, 13|
bad coloring on level 2  |5, 11, 7, 13|
bad coloring on level 2  |1, 6, 7, 14|
bad coloring on level 2  |2, 11, 7, 14|
bad coloring on level 2  |5, 6, 7, 14|
bad coloring on level 2  |6, 11, 7, 14|
bad coloring on level 2  |1, 13, 8, 11|
bad coloring on level 2  |2, 7, 8, 11|
bad coloring on level 2  |2, 14, 8, 11|
bad coloring on level 2  |13, 14, 8, 11|
bad coloring on level 2  |1, 2, 8, 12|
bad coloring on level 2  |1, 6, 8, 12|
bad coloring on level 2  |1, 13, 8, 12|
bad coloring on level 2  |2, 2, 8, 12|
bad coloring on level 2  |2, 5, 8, 12|
bad coloring on level 2  |2, 6, 8, 12|
bad coloring on level 2  |2, 7, 8, 12|
bad coloring on level 2  |2, 11, 8, 12|
bad coloring on level 2  |2, 13, 8, 12|
bad coloring on level 2  |2, 14, 8, 12|
bad coloring on level 2  |1, 13, 11, 11|
bad coloring on level 2  |2, 7, 11, 11|
bad coloring on level 2  |13, 14, 11, 11|
bad coloring on level 2  |1, 13, 11, 12|
bad coloring on level 2  |2, 7, 11, 12|
bad coloring on level 2  |2, 13, 11, 12|
bad coloring on level 2  |13, 14, 11, 12|
bad coloring on level 2  |1, 6, 13, 14|
bad coloring on level 2  |1, 8, 13, 14|
bad coloring on level 2  |1, 11, 13, 14|
bad coloring on level 2  |2, 11, 13, 14|
bad coloring on level 2  |5, 11, 13, 14|
bad coloring on level 2  |6, 11, 13, 14|
bad coloring on level 2  |7, 11, 13, 14|
bad coloring on level 2  |8, 11, 13, 14|
bad coloring on level 2  |11, 11, 13, 14|
bad coloring on level 2  |11, 12, 13, 14|

168 bad colorings on level 2
