Trying substitutions to: 4
with goodVertices 3, 5, 6, 8, 9, 10, 11, 12, 15
bad color to improve: 1  10  with index 25
bad color to improve: 5  10  with index 75
bad color to improve: 5  12  with index 77
bad color to improve: 10  12  with index 117
4 bad colorings on level 1
bad coloring on level 2  |3, 7, 0, 2|
bad coloring on level 2  |3, 8, 0, 2|
bad coloring on level 2  |7, 13, 0, 2|
bad coloring on level 2  |8, 13, 0, 2|
bad coloring on level 2  |2, 7, 0, 3|
bad coloring on level 2  |2, 11, 0, 3|
bad coloring on level 2  |2, 9, 0, 7|
bad coloring on level 2  |2, 13, 0, 7|
bad coloring on level 2  |6, 9, 0, 7|
bad coloring on level 2  |6, 13, 0, 7|
bad coloring on level 2  |2, 7, 0, 9|
bad coloring on level 2  |7, 11, 0, 9|
bad coloring on level 2  |2, 13, 0, 11|
bad coloring on level 2  |3, 13, 0, 11|
bad coloring on level 2  |4, 13, 0, 11|
bad coloring on level 2  |6, 13, 0, 11|
bad coloring on level 2  |7, 13, 0, 11|
bad coloring on level 2  |8, 13, 0, 11|
bad coloring on level 2  |9, 13, 0, 11|
bad coloring on level 2  |13, 13, 0, 11|
bad coloring on level 2  |3, 7, 2, 2|
bad coloring on level 2  |3, 8, 2, 2|
bad coloring on level 2  |7, 13, 2, 2|
bad coloring on level 2  |8, 13, 2, 2|
bad coloring on level 2  |3, 7, 2, 4|
bad coloring on level 2  |3, 8, 2, 4|
bad coloring on level 2  |7, 13, 2, 4|
bad coloring on level 2  |8, 13, 2, 4|
bad coloring on level 2  |3, 7, 2, 6|
bad coloring on level 2  |3, 8, 2, 6|
bad coloring on level 2  |7, 13, 2, 6|
bad coloring on level 2  |8, 13, 2, 6|
bad coloring on level 2  |0, 3, 2, 7|
bad coloring on level 2  |0, 9, 2, 7|
bad coloring on level 2  |2, 9, 2, 7|
bad coloring on level 2  |2, 13, 2, 7|
bad coloring on level 2  |3, 3, 2, 7|
bad coloring on level 2  |3, 4, 2, 7|
bad coloring on level 2  |3, 7, 2, 7|
bad coloring on level 2  |3, 8, 2, 7|
bad coloring on level 2  |3, 9, 2, 7|
bad coloring on level 2  |3, 13, 2, 7|
bad coloring on level 2  |3, 15, 2, 7|
bad coloring on level 2  |4, 9, 2, 7|
bad coloring on level 2  |4, 13, 2, 7|
bad coloring on level 2  |6, 9, 2, 7|
bad coloring on level 2  |6, 13, 2, 7|
bad coloring on level 2  |7, 13, 2, 7|
bad coloring on level 2  |8, 13, 2, 7|
bad coloring on level 2  |9, 9, 2, 7|
bad coloring on level 2  |9, 13, 2, 7|
bad coloring on level 2  |9, 15, 2, 7|
bad coloring on level 2  |13, 13, 2, 7|
bad coloring on level 2  |0, 7, 2, 9|
bad coloring on level 2  |2, 7, 2, 9|
bad coloring on level 2  |3, 7, 2, 9|
bad coloring on level 2  |3, 8, 2, 9|
bad coloring on level 2  |4, 7, 2, 9|
bad coloring on level 2  |7, 7, 2, 9|
bad coloring on level 2  |7, 8, 2, 9|
bad coloring on level 2  |7, 11, 2, 9|
bad coloring on level 2  |7, 13, 2, 9|
bad coloring on level 2  |8, 13, 2, 9|
bad coloring on level 2  |0, 3, 2, 11|
bad coloring on level 2  |3, 3, 2, 11|
bad coloring on level 2  |3, 4, 2, 11|
bad coloring on level 2  |3, 7, 2, 11|
bad coloring on level 2  |3, 8, 2, 11|
bad coloring on level 2  |3, 9, 2, 11|
bad coloring on level 2  |3, 13, 2, 11|
bad coloring on level 2  |3, 15, 2, 11|
bad coloring on level 2  |7, 13, 2, 11|
bad coloring on level 2  |8, 13, 2, 11|
bad coloring on level 2  |0, 7, 2, 13|
bad coloring on level 2  |0, 11, 2, 13|
bad coloring on level 2  |2, 7, 2, 13|
bad coloring on level 2  |3, 7, 2, 13|
bad coloring on level 2  |3, 8, 2, 13|
bad coloring on level 2  |4, 7, 2, 13|
bad coloring on level 2  |7, 7, 2, 13|
bad coloring on level 2  |7, 8, 2, 13|
bad coloring on level 2  |7, 11, 2, 13|
bad coloring on level 2  |7, 13, 2, 13|
bad coloring on level 2  |8, 13, 2, 13|
bad coloring on level 2  |2, 7, 3, 3|
bad coloring on level 2  |2, 11, 3, 3|
bad coloring on level 2  |2, 7, 3, 4|
bad coloring on level 2  |2, 11, 3, 4|
bad coloring on level 2  |0, 2, 3, 7|
bad coloring on level 2  |2, 2, 3, 7|
bad coloring on level 2  |2, 4, 3, 7|
bad coloring on level 2  |2, 6, 3, 7|
bad coloring on level 2  |2, 7, 3, 7|
bad coloring on level 2  |2, 9, 3, 7|
bad coloring on level 2  |2, 11, 3, 7|
bad coloring on level 2  |2, 13, 3, 7|
bad coloring on level 2  |6, 9, 3, 7|
bad coloring on level 2  |6, 13, 3, 7|
bad coloring on level 2  |0, 2, 3, 8|
bad coloring on level 2  |2, 2, 3, 8|
bad coloring on level 2  |2, 4, 3, 8|
bad coloring on level 2  |2, 6, 3, 8|
bad coloring on level 2  |2, 7, 3, 8|
bad coloring on level 2  |2, 9, 3, 8|
bad coloring on level 2  |2, 11, 3, 8|
bad coloring on level 2  |2, 13, 3, 8|
bad coloring on level 2  |6, 13, 3, 8|
bad coloring on level 2  |2, 7, 3, 9|
bad coloring on level 2  |2, 11, 3, 9|
bad coloring on level 2  |7, 11, 3, 9|
bad coloring on level 2  |0, 11, 3, 13|
bad coloring on level 2  |2, 7, 3, 13|
bad coloring on level 2  |2, 11, 3, 13|
bad coloring on level 2  |2, 7, 3, 15|
bad coloring on level 2  |2, 11, 3, 15|
bad coloring on level 2  |2, 9, 4, 7|
bad coloring on level 2  |2, 13, 4, 7|
bad coloring on level 2  |6, 9, 4, 7|
bad coloring on level 2  |6, 13, 4, 7|
bad coloring on level 2  |2, 7, 4, 9|
bad coloring on level 2  |7, 11, 4, 9|
bad coloring on level 2  |0, 11, 4, 13|
bad coloring on level 2  |2, 7, 4, 13|
bad coloring on level 2  |0, 7, 6, 9|
bad coloring on level 2  |2, 7, 6, 9|
bad coloring on level 2  |3, 7, 6, 9|
bad coloring on level 2  |4, 7, 6, 9|
bad coloring on level 2  |7, 7, 6, 9|
bad coloring on level 2  |7, 8, 6, 9|
bad coloring on level 2  |7, 11, 6, 9|
bad coloring on level 2  |7, 13, 6, 9|
bad coloring on level 2  |8, 13, 6, 9|
bad coloring on level 2  |0, 7, 6, 13|
bad coloring on level 2  |0, 11, 6, 13|
bad coloring on level 2  |2, 7, 6, 13|
bad coloring on level 2  |3, 7, 6, 13|
bad coloring on level 2  |3, 8, 6, 13|
bad coloring on level 2  |4, 7, 6, 13|
bad coloring on level 2  |7, 7, 6, 13|
bad coloring on level 2  |7, 8, 6, 13|
bad coloring on level 2  |7, 11, 6, 13|
bad coloring on level 2  |7, 13, 6, 13|
bad coloring on level 2  |8, 13, 6, 13|
bad coloring on level 2  |2, 9, 7, 7|
bad coloring on level 2  |2, 13, 7, 7|
bad coloring on level 2  |6, 9, 7, 7|
bad coloring on level 2  |6, 13, 7, 7|
bad coloring on level 2  |2, 9, 7, 8|
bad coloring on level 2  |2, 13, 7, 8|
bad coloring on level 2  |6, 9, 7, 8|
bad coloring on level 2  |6, 13, 7, 8|
bad coloring on level 2  |0, 9, 7, 11|
bad coloring on level 2  |2, 9, 7, 11|
bad coloring on level 2  |2, 13, 7, 11|
bad coloring on level 2  |3, 9, 7, 11|
bad coloring on level 2  |4, 9, 7, 11|
bad coloring on level 2  |6, 9, 7, 11|
bad coloring on level 2  |6, 13, 7, 11|
bad coloring on level 2  |9, 9, 7, 11|
bad coloring on level 2  |9, 13, 7, 11|
bad coloring on level 2  |9, 15, 7, 11|
bad coloring on level 2  |0, 2, 7, 13|
bad coloring on level 2  |0, 11, 7, 13|
bad coloring on level 2  |2, 2, 7, 13|
bad coloring on level 2  |2, 4, 7, 13|
bad coloring on level 2  |2, 6, 7, 13|
bad coloring on level 2  |2, 7, 7, 13|
bad coloring on level 2  |2, 9, 7, 13|
bad coloring on level 2  |2, 11, 7, 13|
bad coloring on level 2  |2, 13, 7, 13|
bad coloring on level 2  |6, 9, 7, 13|
bad coloring on level 2  |6, 13, 7, 13|
bad coloring on level 2  |0, 2, 8, 13|
bad coloring on level 2  |0, 11, 8, 13|
bad coloring on level 2  |2, 2, 8, 13|
bad coloring on level 2  |2, 4, 8, 13|
bad coloring on level 2  |2, 6, 8, 13|
bad coloring on level 2  |2, 7, 8, 13|
bad coloring on level 2  |2, 9, 8, 13|
bad coloring on level 2  |2, 11, 8, 13|
bad coloring on level 2  |2, 13, 8, 13|
bad coloring on level 2  |6, 9, 8, 13|
bad coloring on level 2  |6, 13, 8, 13|
bad coloring on level 2  |2, 7, 9, 9|
bad coloring on level 2  |7, 11, 9, 9|
bad coloring on level 2  |0, 11, 9, 13|
bad coloring on level 2  |2, 7, 9, 13|
bad coloring on level 2  |7, 11, 9, 13|
bad coloring on level 2  |2, 7, 9, 15|
bad coloring on level 2  |7, 11, 9, 15|
bad coloring on level 2  |0, 11, 13, 13|
bad coloring on level 2  |2, 7, 13, 13|

192 bad colorings on level 2
