Trying substitutions to: 4
with goodVertices 3, 5, 6, 9, 10, 13, 14, 15
bad color to improve: 1  10  with index 25
bad color to improve: 5  10  with index 75
bad color to improve: 5  14  with index 79
bad color to improve: 10  10  with index 115
bad color to improve: 10  12  with index 117
bad color to improve: 10  14  with index 119
6 bad colorings on level 1
bad coloring on level 2  |7, 11, 0, 0|
bad coloring on level 2  |3, 8, 0, 2|
bad coloring on level 2  |4, 7, 0, 2|
bad coloring on level 2  |4, 8, 0, 2|
bad coloring on level 2  |4, 11, 0, 2|
bad coloring on level 2  |6, 8, 0, 2|
bad coloring on level 2  |7, 8, 0, 2|
bad coloring on level 2  |7, 11, 0, 2|
bad coloring on level 2  |8, 8, 0, 2|
bad coloring on level 2  |8, 11, 0, 2|
bad coloring on level 2  |8, 13, 0, 2|
bad coloring on level 2  |8, 15, 0, 2|
bad coloring on level 2  |2, 11, 0, 3|
bad coloring on level 2  |7, 11, 0, 3|
bad coloring on level 2  |2, 7, 0, 4|
bad coloring on level 2  |2, 11, 0, 4|
bad coloring on level 2  |7, 11, 0, 4|
bad coloring on level 2  |0, 11, 0, 7|
bad coloring on level 2  |2, 4, 0, 7|
bad coloring on level 2  |2, 6, 0, 7|
bad coloring on level 2  |2, 11, 0, 7|
bad coloring on level 2  |4, 6, 0, 7|
bad coloring on level 2  |4, 11, 0, 7|
bad coloring on level 2  |6, 6, 0, 7|
bad coloring on level 2  |6, 8, 0, 7|
bad coloring on level 2  |6, 9, 0, 7|
bad coloring on level 2  |6, 11, 0, 7|
bad coloring on level 2  |6, 13, 0, 7|
bad coloring on level 2  |6, 15, 0, 7|
bad coloring on level 2  |7, 11, 0, 7|
bad coloring on level 2  |8, 11, 0, 7|
bad coloring on level 2  |11, 11, 0, 7|
bad coloring on level 2  |11, 15, 0, 7|
bad coloring on level 2  |7, 11, 0, 9|
bad coloring on level 2  |0, 7, 0, 11|
bad coloring on level 2  |2, 4, 0, 11|
bad coloring on level 2  |2, 7, 0, 11|
bad coloring on level 2  |2, 13, 0, 11|
bad coloring on level 2  |3, 7, 0, 11|
bad coloring on level 2  |3, 13, 0, 11|
bad coloring on level 2  |4, 7, 0, 11|
bad coloring on level 2  |4, 13, 0, 11|
bad coloring on level 2  |6, 13, 0, 11|
bad coloring on level 2  |7, 7, 0, 11|
bad coloring on level 2  |7, 8, 0, 11|
bad coloring on level 2  |7, 11, 0, 11|
bad coloring on level 2  |7, 13, 0, 11|
bad coloring on level 2  |8, 13, 0, 11|
bad coloring on level 2  |9, 13, 0, 11|
bad coloring on level 2  |13, 13, 0, 11|
bad coloring on level 2  |2, 7, 0, 15|
bad coloring on level 2  |7, 11, 0, 15|
bad coloring on level 2  |7, 11, 2, 2|
bad coloring on level 2  |0, 7, 2, 4|
bad coloring on level 2  |0, 11, 2, 4|
bad coloring on level 2  |7, 11, 2, 4|
bad coloring on level 2  |0, 7, 2, 6|
bad coloring on level 2  |7, 11, 2, 6|
bad coloring on level 2  |0, 4, 2, 7|
bad coloring on level 2  |0, 11, 2, 7|
bad coloring on level 2  |0, 15, 2, 7|
bad coloring on level 2  |2, 11, 2, 7|
bad coloring on level 2  |3, 15, 2, 7|
bad coloring on level 2  |4, 11, 2, 7|
bad coloring on level 2  |4, 15, 2, 7|
bad coloring on level 2  |6, 8, 2, 7|
bad coloring on level 2  |6, 11, 2, 7|
bad coloring on level 2  |6, 15, 2, 7|
bad coloring on level 2  |7, 11, 2, 7|
bad coloring on level 2  |8, 11, 2, 7|
bad coloring on level 2  |8, 15, 2, 7|
bad coloring on level 2  |9, 15, 2, 7|
bad coloring on level 2  |11, 11, 2, 7|
bad coloring on level 2  |11, 15, 2, 7|
bad coloring on level 2  |15, 15, 2, 7|
bad coloring on level 2  |7, 11, 2, 9|
bad coloring on level 2  |0, 3, 2, 11|
bad coloring on level 2  |0, 4, 2, 11|
bad coloring on level 2  |0, 7, 2, 11|
bad coloring on level 2  |2, 7, 2, 11|
bad coloring on level 2  |3, 3, 2, 11|
bad coloring on level 2  |3, 4, 2, 11|
bad coloring on level 2  |3, 7, 2, 11|
bad coloring on level 2  |3, 8, 2, 11|
bad coloring on level 2  |3, 9, 2, 11|
bad coloring on level 2  |3, 13, 2, 11|
bad coloring on level 2  |3, 15, 2, 11|
bad coloring on level 2  |4, 7, 2, 11|
bad coloring on level 2  |7, 7, 2, 11|
bad coloring on level 2  |7, 8, 2, 11|
bad coloring on level 2  |7, 11, 2, 11|
bad coloring on level 2  |7, 13, 2, 11|
bad coloring on level 2  |8, 13, 2, 11|
bad coloring on level 2  |0, 11, 2, 13|
bad coloring on level 2  |7, 11, 2, 13|
bad coloring on level 2  |2, 11, 3, 3|
bad coloring on level 2  |7, 11, 3, 3|
bad coloring on level 2  |2, 11, 3, 4|
bad coloring on level 2  |7, 11, 3, 4|
bad coloring on level 2  |0, 11, 3, 7|
bad coloring on level 2  |2, 11, 3, 7|
bad coloring on level 2  |4, 11, 3, 7|
bad coloring on level 2  |6, 8, 3, 7|
bad coloring on level 2  |6, 11, 3, 7|
bad coloring on level 2  |6, 15, 3, 7|
bad coloring on level 2  |7, 11, 3, 7|
bad coloring on level 2  |8, 11, 3, 7|
bad coloring on level 2  |11, 11, 3, 7|
bad coloring on level 2  |11, 15, 3, 7|
bad coloring on level 2  |0, 2, 3, 8|
bad coloring on level 2  |2, 11, 3, 8|
bad coloring on level 2  |7, 11, 3, 8|
bad coloring on level 2  |2, 11, 3, 9|
bad coloring on level 2  |7, 11, 3, 9|
bad coloring on level 2  |0, 11, 3, 13|
bad coloring on level 2  |2, 11, 3, 13|
bad coloring on level 2  |4, 11, 3, 13|
bad coloring on level 2  |6, 8, 3, 13|
bad coloring on level 2  |6, 11, 3, 13|
bad coloring on level 2  |7, 11, 3, 13|
bad coloring on level 2  |8, 11, 3, 13|
bad coloring on level 2  |11, 11, 3, 13|
bad coloring on level 2  |11, 15, 3, 13|
bad coloring on level 2  |2, 7, 3, 15|
bad coloring on level 2  |2, 11, 3, 15|
bad coloring on level 2  |7, 11, 3, 15|
bad coloring on level 2  |7, 11, 4, 4|
bad coloring on level 2  |0, 7, 4, 6|
bad coloring on level 2  |7, 11, 4, 6|
bad coloring on level 2  |0, 2, 4, 7|
bad coloring on level 2  |0, 11, 4, 7|
bad coloring on level 2  |2, 11, 4, 7|
bad coloring on level 2  |4, 11, 4, 7|
bad coloring on level 2  |6, 8, 4, 7|
bad coloring on level 2  |6, 11, 4, 7|
bad coloring on level 2  |6, 15, 4, 7|
bad coloring on level 2  |7, 11, 4, 7|
bad coloring on level 2  |8, 11, 4, 7|
bad coloring on level 2  |11, 11, 4, 7|
bad coloring on level 2  |11, 15, 4, 7|
bad coloring on level 2  |0, 2, 4, 8|
bad coloring on level 2  |7, 11, 4, 8|
bad coloring on level 2  |7, 11, 4, 9|
bad coloring on level 2  |0, 2, 4, 11|
bad coloring on level 2  |0, 7, 4, 11|
bad coloring on level 2  |2, 7, 4, 11|
bad coloring on level 2  |3, 7, 4, 11|
bad coloring on level 2  |3, 13, 4, 11|
bad coloring on level 2  |4, 7, 4, 11|
bad coloring on level 2  |7, 7, 4, 11|
bad coloring on level 2  |7, 8, 4, 11|
bad coloring on level 2  |7, 11, 4, 11|
bad coloring on level 2  |7, 13, 4, 11|
bad coloring on level 2  |8, 13, 4, 11|
bad coloring on level 2  |0, 11, 4, 13|
bad coloring on level 2  |7, 11, 4, 13|
bad coloring on level 2  |2, 7, 4, 15|
bad coloring on level 2  |7, 11, 4, 15|
bad coloring on level 2  |0, 7, 6, 6|
bad coloring on level 2  |7, 11, 6, 6|
bad coloring on level 2  |0, 2, 6, 8|
bad coloring on level 2  |0, 7, 6, 8|
bad coloring on level 2  |2, 7, 6, 8|
bad coloring on level 2  |3, 7, 6, 8|
bad coloring on level 2  |3, 13, 6, 8|
bad coloring on level 2  |4, 7, 6, 8|
bad coloring on level 2  |7, 7, 6, 8|
bad coloring on level 2  |7, 8, 6, 8|
bad coloring on level 2  |7, 11, 6, 8|
bad coloring on level 2  |7, 13, 6, 8|
bad coloring on level 2  |8, 13, 6, 8|
bad coloring on level 2  |0, 7, 6, 9|
bad coloring on level 2  |7, 11, 6, 9|
bad coloring on level 2  |0, 7, 6, 11|
bad coloring on level 2  |2, 7, 6, 11|
bad coloring on level 2  |3, 7, 6, 11|
bad coloring on level 2  |3, 13, 6, 11|
bad coloring on level 2  |4, 7, 6, 11|
bad coloring on level 2  |7, 7, 6, 11|
bad coloring on level 2  |7, 8, 6, 11|
bad coloring on level 2  |7, 11, 6, 11|
bad coloring on level 2  |7, 13, 6, 11|
bad coloring on level 2  |8, 13, 6, 11|
bad coloring on level 2  |0, 7, 6, 13|
bad coloring on level 2  |0, 11, 6, 13|
bad coloring on level 2  |7, 11, 6, 13|
bad coloring on level 2  |0, 7, 6, 15|
bad coloring on level 2  |2, 7, 6, 15|
bad coloring on level 2  |3, 7, 6, 15|
bad coloring on level 2  |4, 7, 6, 15|
bad coloring on level 2  |7, 7, 6, 15|
bad coloring on level 2  |7, 8, 6, 15|
bad coloring on level 2  |7, 11, 6, 15|
bad coloring on level 2  |7, 13, 6, 15|
bad coloring on level 2  |8, 13, 6, 15|
bad coloring on level 2  |0, 11, 7, 7|
bad coloring on level 2  |2, 11, 7, 7|
bad coloring on level 2  |4, 11, 7, 7|
bad coloring on level 2  |6, 8, 7, 7|
bad coloring on level 2  |6, 11, 7, 7|
bad coloring on level 2  |6, 15, 7, 7|
bad coloring on level 2  |7, 11, 7, 7|
bad coloring on level 2  |8, 11, 7, 7|
bad coloring on level 2  |11, 11, 7, 7|
bad coloring on level 2  |11, 15, 7, 7|
bad coloring on level 2  |0, 2, 7, 8|
bad coloring on level 2  |0, 11, 7, 8|
bad coloring on level 2  |2, 11, 7, 8|
bad coloring on level 2  |4, 11, 7, 8|
bad coloring on level 2  |6, 8, 7, 8|
bad coloring on level 2  |6, 11, 7, 8|
bad coloring on level 2  |6, 15, 7, 8|
bad coloring on level 2  |7, 11, 7, 8|
bad coloring on level 2  |8, 11, 7, 8|
bad coloring on level 2  |11, 11, 7, 8|
bad coloring on level 2  |11, 15, 7, 8|
bad coloring on level 2  |0, 0, 7, 11|
bad coloring on level 2  |0, 2, 7, 11|
bad coloring on level 2  |0, 3, 7, 11|
bad coloring on level 2  |0, 4, 7, 11|
bad coloring on level 2  |0, 7, 7, 11|
bad coloring on level 2  |0, 9, 7, 11|
bad coloring on level 2  |0, 11, 7, 11|
bad coloring on level 2  |0, 15, 7, 11|
bad coloring on level 2  |2, 2, 7, 11|
bad coloring on level 2  |2, 4, 7, 11|
bad coloring on level 2  |2, 6, 7, 11|
bad coloring on level 2  |2, 7, 7, 11|
bad coloring on level 2  |2, 9, 7, 11|
bad coloring on level 2  |2, 11, 7, 11|
bad coloring on level 2  |2, 13, 7, 11|
bad coloring on level 2  |3, 3, 7, 11|
bad coloring on level 2  |3, 4, 7, 11|
bad coloring on level 2  |3, 7, 7, 11|
bad coloring on level 2  |3, 8, 7, 11|
bad coloring on level 2  |3, 9, 7, 11|
bad coloring on level 2  |3, 13, 7, 11|
bad coloring on level 2  |3, 15, 7, 11|
bad coloring on level 2  |4, 4, 7, 11|
bad coloring on level 2  |4, 6, 7, 11|
bad coloring on level 2  |4, 7, 7, 11|
bad coloring on level 2  |4, 8, 7, 11|
bad coloring on level 2  |4, 9, 7, 11|
bad coloring on level 2  |4, 11, 7, 11|
bad coloring on level 2  |4, 13, 7, 11|
bad coloring on level 2  |4, 15, 7, 11|
bad coloring on level 2  |6, 6, 7, 11|
bad coloring on level 2  |6, 8, 7, 11|
bad coloring on level 2  |6, 9, 7, 11|
bad coloring on level 2  |6, 11, 7, 11|
bad coloring on level 2  |6, 13, 7, 11|
bad coloring on level 2  |6, 15, 7, 11|
bad coloring on level 2  |7, 7, 7, 11|
bad coloring on level 2  |7, 8, 7, 11|
bad coloring on level 2  |7, 11, 7, 11|
bad coloring on level 2  |7, 13, 7, 11|
bad coloring on level 2  |8, 8, 7, 11|
bad coloring on level 2  |8, 11, 7, 11|
bad coloring on level 2  |8, 13, 7, 11|
bad coloring on level 2  |8, 15, 7, 11|
bad coloring on level 2  |9, 9, 7, 11|
bad coloring on level 2  |9, 13, 7, 11|
bad coloring on level 2  |9, 15, 7, 11|
bad coloring on level 2  |11, 11, 7, 11|
bad coloring on level 2  |11, 15, 7, 11|
bad coloring on level 2  |13, 13, 7, 11|
bad coloring on level 2  |15, 15, 7, 11|
bad coloring on level 2  |0, 11, 7, 13|
bad coloring on level 2  |2, 11, 7, 13|
bad coloring on level 2  |4, 11, 7, 13|
bad coloring on level 2  |6, 8, 7, 13|
bad coloring on level 2  |6, 11, 7, 13|
bad coloring on level 2  |6, 15, 7, 13|
bad coloring on level 2  |7, 11, 7, 13|
bad coloring on level 2  |8, 11, 7, 13|
bad coloring on level 2  |11, 11, 7, 13|
bad coloring on level 2  |11, 15, 7, 13|
bad coloring on level 2  |0, 2, 8, 8|
bad coloring on level 2  |7, 11, 8, 8|
bad coloring on level 2  |0, 2, 8, 11|
bad coloring on level 2  |0, 7, 8, 11|
bad coloring on level 2  |2, 7, 8, 11|
bad coloring on level 2  |3, 7, 8, 11|
bad coloring on level 2  |3, 13, 8, 11|
bad coloring on level 2  |4, 7, 8, 11|
bad coloring on level 2  |7, 7, 8, 11|
bad coloring on level 2  |7, 8, 8, 11|
bad coloring on level 2  |7, 11, 8, 11|
bad coloring on level 2  |7, 13, 8, 11|
bad coloring on level 2  |8, 13, 8, 11|
bad coloring on level 2  |0, 2, 8, 13|
bad coloring on level 2  |0, 11, 8, 13|
bad coloring on level 2  |2, 11, 8, 13|
bad coloring on level 2  |4, 11, 8, 13|
bad coloring on level 2  |6, 8, 8, 13|
bad coloring on level 2  |6, 11, 8, 13|
bad coloring on level 2  |6, 15, 8, 13|
bad coloring on level 2  |7, 11, 8, 13|
bad coloring on level 2  |8, 11, 8, 13|
bad coloring on level 2  |11, 11, 8, 13|
bad coloring on level 2  |11, 15, 8, 13|
bad coloring on level 2  |0, 2, 8, 15|
bad coloring on level 2  |2, 7, 8, 15|
bad coloring on level 2  |7, 11, 8, 15|
bad coloring on level 2  |7, 11, 9, 9|
bad coloring on level 2  |0, 11, 9, 13|
bad coloring on level 2  |7, 11, 9, 13|
bad coloring on level 2  |2, 7, 9, 15|
bad coloring on level 2  |7, 11, 9, 15|
bad coloring on level 2  |0, 7, 11, 11|
bad coloring on level 2  |2, 7, 11, 11|
bad coloring on level 2  |3, 7, 11, 11|
bad coloring on level 2  |3, 13, 11, 11|
bad coloring on level 2  |4, 7, 11, 11|
bad coloring on level 2  |7, 7, 11, 11|
bad coloring on level 2  |7, 8, 11, 11|
bad coloring on level 2  |7, 11, 11, 11|
bad coloring on level 2  |7, 13, 11, 11|
bad coloring on level 2  |8, 13, 11, 11|
bad coloring on level 2  |0, 7, 11, 15|
bad coloring on level 2  |2, 7, 11, 15|
bad coloring on level 2  |3, 7, 11, 15|
bad coloring on level 2  |3, 13, 11, 15|
bad coloring on level 2  |4, 7, 11, 15|
bad coloring on level 2  |7, 7, 11, 15|
bad coloring on level 2  |7, 8, 11, 15|
bad coloring on level 2  |7, 11, 11, 15|
bad coloring on level 2  |7, 13, 11, 15|
bad coloring on level 2  |8, 13, 11, 15|
bad coloring on level 2  |0, 11, 13, 13|
bad coloring on level 2  |7, 11, 13, 13|
bad coloring on level 2  |2, 7, 15, 15|
bad coloring on level 2  |7, 11, 15, 15|

333 bad colorings on level 2
