Trying substitutions to: 1
with goodVertices 3, 5, 7, 8, 10, 11, 12, 14, 15
bad color to improve: 0  3  with index 3
bad color to improve: 0  15  with index 15
bad color to improve: 3  15  with index 57
3 bad colorings on level 1
bad coloring on level 2  |6, 13, 1, 2|
bad coloring on level 2  |8, 10, 1, 2|
bad coloring on level 2  |1, 13, 1, 6|
bad coloring on level 2  |2, 13, 1, 6|
bad coloring on level 2  |6, 13, 1, 6|
bad coloring on level 2  |7, 13, 1, 6|
bad coloring on level 2  |7, 14, 1, 6|
bad coloring on level 2  |13, 13, 1, 6|
bad coloring on level 2  |13, 14, 1, 6|
bad coloring on level 2  |1, 6, 1, 13|
bad coloring on level 2  |2, 6, 1, 13|
bad coloring on level 2  |5, 6, 1, 13|
bad coloring on level 2  |5, 11, 1, 13|
bad coloring on level 2  |6, 6, 1, 13|
bad coloring on level 2  |6, 11, 1, 13|
bad coloring on level 2  |6, 13, 1, 13|
bad coloring on level 2  |6, 13, 2, 2|
bad coloring on level 2  |8, 10, 2, 2|
bad coloring on level 2  |6, 13, 2, 5|
bad coloring on level 2  |8, 10, 2, 5|
bad coloring on level 2  |8, 13, 2, 5|
bad coloring on level 2  |1, 13, 2, 6|
bad coloring on level 2  |2, 13, 2, 6|
bad coloring on level 2  |6, 13, 2, 6|
bad coloring on level 2  |7, 13, 2, 6|
bad coloring on level 2  |7, 14, 2, 6|
bad coloring on level 2  |8, 10, 2, 6|
bad coloring on level 2  |8, 13, 2, 6|
bad coloring on level 2  |10, 13, 2, 6|
bad coloring on level 2  |13, 13, 2, 6|
bad coloring on level 2  |13, 14, 2, 6|
bad coloring on level 2  |6, 10, 2, 7|
bad coloring on level 2  |6, 13, 2, 7|
bad coloring on level 2  |8, 10, 2, 7|
bad coloring on level 2  |6, 13, 2, 11|
bad coloring on level 2  |8, 10, 2, 11|
bad coloring on level 2  |10, 13, 2, 11|
bad coloring on level 2  |1, 6, 2, 13|
bad coloring on level 2  |2, 6, 2, 13|
bad coloring on level 2  |5, 6, 2, 13|
bad coloring on level 2  |5, 11, 2, 13|
bad coloring on level 2  |6, 6, 2, 13|
bad coloring on level 2  |6, 8, 2, 13|
bad coloring on level 2  |6, 10, 2, 13|
bad coloring on level 2  |6, 11, 2, 13|
bad coloring on level 2  |6, 13, 2, 13|
bad coloring on level 2  |8, 10, 2, 13|
bad coloring on level 2  |6, 8, 2, 14|
bad coloring on level 2  |6, 13, 2, 14|
bad coloring on level 2  |8, 10, 2, 14|
bad coloring on level 2  |1, 13, 5, 6|
bad coloring on level 2  |2, 13, 5, 6|
bad coloring on level 2  |7, 13, 5, 6|
bad coloring on level 2  |7, 14, 5, 6|
bad coloring on level 2  |1, 13, 5, 11|
bad coloring on level 2  |2, 13, 5, 11|
bad coloring on level 2  |6, 13, 5, 11|
bad coloring on level 2  |7, 13, 5, 11|
bad coloring on level 2  |8, 13, 5, 11|
bad coloring on level 2  |10, 13, 5, 11|
bad coloring on level 2  |13, 13, 5, 11|
bad coloring on level 2  |13, 14, 5, 11|
bad coloring on level 2  |1, 13, 6, 6|
bad coloring on level 2  |2, 13, 6, 6|
bad coloring on level 2  |7, 14, 6, 6|
bad coloring on level 2  |2, 13, 6, 8|
bad coloring on level 2  |2, 14, 6, 8|
bad coloring on level 2  |7, 14, 6, 8|
bad coloring on level 2  |2, 7, 6, 10|
bad coloring on level 2  |2, 13, 6, 10|
bad coloring on level 2  |7, 14, 6, 10|
bad coloring on level 2  |1, 13, 6, 11|
bad coloring on level 2  |2, 13, 6, 11|
bad coloring on level 2  |7, 14, 6, 11|
bad coloring on level 2  |13, 14, 6, 11|
bad coloring on level 2  |1, 2, 6, 13|
bad coloring on level 2  |1, 6, 6, 13|
bad coloring on level 2  |1, 13, 6, 13|
bad coloring on level 2  |2, 2, 6, 13|
bad coloring on level 2  |2, 5, 6, 13|
bad coloring on level 2  |2, 6, 6, 13|
bad coloring on level 2  |2, 7, 6, 13|
bad coloring on level 2  |2, 11, 6, 13|
bad coloring on level 2  |2, 13, 6, 13|
bad coloring on level 2  |2, 14, 6, 13|
bad coloring on level 2  |5, 11, 6, 13|
bad coloring on level 2  |7, 14, 6, 13|
bad coloring on level 2  |1, 6, 7, 13|
bad coloring on level 2  |2, 6, 7, 13|
bad coloring on level 2  |5, 6, 7, 13|
bad coloring on level 2  |5, 11, 7, 13|
bad coloring on level 2  |1, 6, 7, 14|
bad coloring on level 2  |2, 6, 7, 14|
bad coloring on level 2  |5, 6, 7, 14|
bad coloring on level 2  |6, 6, 7, 14|
bad coloring on level 2  |6, 8, 7, 14|
bad coloring on level 2  |6, 10, 7, 14|
bad coloring on level 2  |6, 11, 7, 14|
bad coloring on level 2  |6, 13, 7, 14|
bad coloring on level 2  |1, 2, 8, 10|
bad coloring on level 2  |2, 2, 8, 10|
bad coloring on level 2  |2, 5, 8, 10|
bad coloring on level 2  |2, 6, 8, 10|
bad coloring on level 2  |2, 7, 8, 10|
bad coloring on level 2  |2, 11, 8, 10|
bad coloring on level 2  |2, 13, 8, 10|
bad coloring on level 2  |2, 14, 8, 10|
bad coloring on level 2  |2, 5, 8, 13|
bad coloring on level 2  |2, 6, 8, 13|
bad coloring on level 2  |5, 11, 8, 13|
bad coloring on level 2  |2, 6, 10, 13|
bad coloring on level 2  |2, 11, 10, 13|
bad coloring on level 2  |5, 11, 10, 13|
bad coloring on level 2  |1, 6, 13, 13|
bad coloring on level 2  |2, 6, 13, 13|
bad coloring on level 2  |5, 11, 13, 13|
bad coloring on level 2  |1, 6, 13, 14|
bad coloring on level 2  |2, 6, 13, 14|
bad coloring on level 2  |5, 11, 13, 14|
bad coloring on level 2  |6, 11, 13, 14|

120 bad colorings on level 2
