Trying substitutions to: 0
with goodVertices 3, 5, 6, 8, 9, 10, 12, 15
bad color to improve: 6  10  with index 85
bad color to improve: 8  10  with index 102
2 bad colorings on level 1
bad coloring on level 2  |0, 10, 0, 8|
bad coloring on level 2  |0, 13, 0, 8|
bad coloring on level 2  |0, 14, 0, 8|
bad coloring on level 2  |2, 10, 0, 8|
bad coloring on level 2  |2, 14, 0, 8|
bad coloring on level 2  |3, 14, 0, 8|
bad coloring on level 2  |5, 14, 0, 8|
bad coloring on level 2  |7, 9, 0, 8|
bad coloring on level 2  |7, 10, 0, 8|
bad coloring on level 2  |7, 14, 0, 8|
bad coloring on level 2  |9, 12, 0, 8|
bad coloring on level 2  |9, 14, 0, 8|
bad coloring on level 2  |10, 14, 0, 8|
bad coloring on level 2  |12, 13, 0, 8|
bad coloring on level 2  |12, 14, 0, 8|
bad coloring on level 2  |13, 14, 0, 8|
bad coloring on level 2  |14, 14, 0, 8|
bad coloring on level 2  |0, 8, 0, 10|
bad coloring on level 2  |2, 8, 0, 10|
bad coloring on level 2  |0, 8, 0, 13|
bad coloring on level 2  |2, 8, 0, 13|
bad coloring on level 2  |2, 11, 0, 13|
bad coloring on level 2  |2, 15, 0, 13|
bad coloring on level 2  |0, 8, 0, 14|
bad coloring on level 2  |2, 8, 0, 14|
bad coloring on level 2  |0, 10, 2, 8|
bad coloring on level 2  |0, 13, 2, 8|
bad coloring on level 2  |0, 14, 2, 8|
bad coloring on level 2  |2, 10, 2, 8|
bad coloring on level 2  |2, 14, 2, 8|
bad coloring on level 2  |3, 14, 2, 8|
bad coloring on level 2  |5, 14, 2, 8|
bad coloring on level 2  |7, 9, 2, 8|
bad coloring on level 2  |7, 10, 2, 8|
bad coloring on level 2  |7, 14, 2, 8|
bad coloring on level 2  |9, 12, 2, 8|
bad coloring on level 2  |9, 14, 2, 8|
bad coloring on level 2  |10, 14, 2, 8|
bad coloring on level 2  |12, 13, 2, 8|
bad coloring on level 2  |12, 14, 2, 8|
bad coloring on level 2  |13, 14, 2, 8|
bad coloring on level 2  |14, 14, 2, 8|
bad coloring on level 2  |0, 8, 2, 10|
bad coloring on level 2  |2, 8, 2, 10|
bad coloring on level 2  |4, 11, 2, 10|
bad coloring on level 2  |6, 7, 2, 10|
bad coloring on level 2  |7, 11, 2, 10|
bad coloring on level 2  |7, 15, 2, 10|
bad coloring on level 2  |8, 11, 2, 10|
bad coloring on level 2  |0, 13, 2, 11|
bad coloring on level 2  |3, 14, 2, 11|
bad coloring on level 2  |7, 9, 2, 11|
bad coloring on level 2  |7, 10, 2, 11|
bad coloring on level 2  |7, 14, 2, 11|
bad coloring on level 2  |12, 13, 2, 11|
bad coloring on level 2  |13, 14, 2, 11|
bad coloring on level 2  |0, 8, 2, 14|
bad coloring on level 2  |2, 8, 2, 14|
bad coloring on level 2  |4, 11, 2, 14|
bad coloring on level 2  |6, 7, 2, 14|
bad coloring on level 2  |7, 11, 2, 14|
bad coloring on level 2  |7, 15, 2, 14|
bad coloring on level 2  |8, 11, 2, 14|
bad coloring on level 2  |0, 13, 2, 15|
bad coloring on level 2  |3, 14, 2, 15|
bad coloring on level 2  |7, 9, 2, 15|
bad coloring on level 2  |7, 10, 2, 15|
bad coloring on level 2  |7, 14, 2, 15|
bad coloring on level 2  |12, 13, 2, 15|
bad coloring on level 2  |13, 14, 2, 15|
bad coloring on level 2  |0, 8, 3, 14|
bad coloring on level 2  |2, 8, 3, 14|
bad coloring on level 2  |2, 11, 3, 14|
bad coloring on level 2  |2, 15, 3, 14|
bad coloring on level 2  |2, 10, 4, 11|
bad coloring on level 2  |2, 14, 4, 11|
bad coloring on level 2  |0, 8, 5, 14|
bad coloring on level 2  |2, 8, 5, 14|
bad coloring on level 2  |2, 10, 6, 7|
bad coloring on level 2  |2, 14, 6, 7|
bad coloring on level 2  |0, 8, 7, 9|
bad coloring on level 2  |2, 8, 7, 9|
bad coloring on level 2  |2, 11, 7, 9|
bad coloring on level 2  |2, 15, 7, 9|
bad coloring on level 2  |0, 8, 7, 10|
bad coloring on level 2  |2, 8, 7, 10|
bad coloring on level 2  |2, 11, 7, 10|
bad coloring on level 2  |2, 15, 7, 10|
bad coloring on level 2  |2, 10, 7, 11|
bad coloring on level 2  |2, 14, 7, 11|
bad coloring on level 2  |0, 8, 7, 14|
bad coloring on level 2  |2, 8, 7, 14|
bad coloring on level 2  |2, 11, 7, 14|
bad coloring on level 2  |2, 15, 7, 14|
bad coloring on level 2  |2, 10, 7, 15|
bad coloring on level 2  |2, 14, 7, 15|
bad coloring on level 2  |2, 10, 8, 11|
bad coloring on level 2  |2, 14, 8, 11|
bad coloring on level 2  |0, 8, 9, 12|
bad coloring on level 2  |2, 8, 9, 12|
bad coloring on level 2  |0, 8, 9, 14|
bad coloring on level 2  |2, 8, 9, 14|
bad coloring on level 2  |0, 8, 10, 14|
bad coloring on level 2  |2, 8, 10, 14|
bad coloring on level 2  |0, 8, 12, 13|
bad coloring on level 2  |2, 8, 12, 13|
bad coloring on level 2  |2, 11, 12, 13|
bad coloring on level 2  |2, 15, 12, 13|
bad coloring on level 2  |0, 8, 12, 14|
bad coloring on level 2  |2, 8, 12, 14|
bad coloring on level 2  |0, 8, 13, 14|
bad coloring on level 2  |2, 8, 13, 14|
bad coloring on level 2  |2, 11, 13, 14|
bad coloring on level 2  |2, 15, 13, 14|
bad coloring on level 2  |0, 8, 14, 14|
bad coloring on level 2  |2, 8, 14, 14|

116 bad colorings on level 2
