Trying substitutions to: 4
with goodVertices 3, 7, 8, 9, 10, 12, 13, 14, 15
bad color to improve: 1  10  with index 25
bad color to improve: 10  12  with index 117
bad color to improve: 10  14  with index 119
bad color to improve: 12  14  with index 128
4 bad colorings on level 1
bad coloring on level 2  |6, 8, 0, 2|
bad coloring on level 2  |6, 11, 0, 2|
bad coloring on level 2  |8, 15, 0, 2|
bad coloring on level 2  |11, 15, 0, 2|
bad coloring on level 2  |2, 6, 0, 7|
bad coloring on level 2  |4, 6, 0, 7|
bad coloring on level 2  |6, 6, 0, 7|
bad coloring on level 2  |6, 8, 0, 7|
bad coloring on level 2  |6, 9, 0, 7|
bad coloring on level 2  |6, 11, 0, 7|
bad coloring on level 2  |6, 13, 0, 7|
bad coloring on level 2  |6, 15, 0, 7|
bad coloring on level 2  |2, 11, 0, 9|
bad coloring on level 2  |7, 11, 0, 9|
bad coloring on level 2  |2, 6, 0, 11|
bad coloring on level 2  |2, 9, 0, 11|
bad coloring on level 2  |6, 13, 0, 11|
bad coloring on level 2  |9, 13, 0, 11|
bad coloring on level 2  |2, 7, 0, 15|
bad coloring on level 2  |2, 11, 0, 15|
bad coloring on level 2  |6, 8, 2, 2|
bad coloring on level 2  |6, 11, 2, 2|
bad coloring on level 2  |8, 15, 2, 2|
bad coloring on level 2  |11, 15, 2, 2|
bad coloring on level 2  |6, 8, 2, 4|
bad coloring on level 2  |6, 11, 2, 4|
bad coloring on level 2  |8, 15, 2, 4|
bad coloring on level 2  |11, 15, 2, 4|
bad coloring on level 2  |0, 7, 2, 6|
bad coloring on level 2  |0, 11, 2, 6|
bad coloring on level 2  |2, 11, 2, 6|
bad coloring on level 2  |4, 11, 2, 6|
bad coloring on level 2  |6, 8, 2, 6|
bad coloring on level 2  |6, 11, 2, 6|
bad coloring on level 2  |7, 11, 2, 6|
bad coloring on level 2  |8, 11, 2, 6|
bad coloring on level 2  |8, 15, 2, 6|
bad coloring on level 2  |11, 11, 2, 6|
bad coloring on level 2  |11, 15, 2, 6|
bad coloring on level 2  |0, 15, 2, 7|
bad coloring on level 2  |3, 15, 2, 7|
bad coloring on level 2  |4, 15, 2, 7|
bad coloring on level 2  |6, 8, 2, 7|
bad coloring on level 2  |6, 11, 2, 7|
bad coloring on level 2  |6, 15, 2, 7|
bad coloring on level 2  |8, 15, 2, 7|
bad coloring on level 2  |9, 15, 2, 7|
bad coloring on level 2  |11, 15, 2, 7|
bad coloring on level 2  |15, 15, 2, 7|
bad coloring on level 2  |0, 11, 2, 9|
bad coloring on level 2  |2, 11, 2, 9|
bad coloring on level 2  |4, 11, 2, 9|
bad coloring on level 2  |6, 8, 2, 9|
bad coloring on level 2  |6, 11, 2, 9|
bad coloring on level 2  |7, 11, 2, 9|
bad coloring on level 2  |8, 11, 2, 9|
bad coloring on level 2  |8, 15, 2, 9|
bad coloring on level 2  |11, 11, 2, 9|
bad coloring on level 2  |11, 15, 2, 9|
bad coloring on level 2  |0, 9, 2, 11|
bad coloring on level 2  |0, 15, 2, 11|
bad coloring on level 2  |2, 6, 2, 11|
bad coloring on level 2  |2, 9, 2, 11|
bad coloring on level 2  |3, 9, 2, 11|
bad coloring on level 2  |3, 15, 2, 11|
bad coloring on level 2  |4, 6, 2, 11|
bad coloring on level 2  |4, 9, 2, 11|
bad coloring on level 2  |4, 15, 2, 11|
bad coloring on level 2  |6, 6, 2, 11|
bad coloring on level 2  |6, 8, 2, 11|
bad coloring on level 2  |6, 9, 2, 11|
bad coloring on level 2  |6, 11, 2, 11|
bad coloring on level 2  |6, 13, 2, 11|
bad coloring on level 2  |6, 15, 2, 11|
bad coloring on level 2  |8, 15, 2, 11|
bad coloring on level 2  |9, 9, 2, 11|
bad coloring on level 2  |9, 13, 2, 11|
bad coloring on level 2  |9, 15, 2, 11|
bad coloring on level 2  |11, 15, 2, 11|
bad coloring on level 2  |15, 15, 2, 11|
bad coloring on level 2  |6, 8, 2, 13|
bad coloring on level 2  |6, 11, 2, 13|
bad coloring on level 2  |8, 15, 2, 13|
bad coloring on level 2  |11, 15, 2, 13|
bad coloring on level 2  |2, 11, 3, 9|
bad coloring on level 2  |7, 11, 3, 9|
bad coloring on level 2  |2, 7, 3, 15|
bad coloring on level 2  |2, 11, 3, 15|
bad coloring on level 2  |0, 7, 4, 6|
bad coloring on level 2  |2, 11, 4, 6|
bad coloring on level 2  |2, 11, 4, 9|
bad coloring on level 2  |7, 11, 4, 9|
bad coloring on level 2  |2, 6, 4, 11|
bad coloring on level 2  |2, 9, 4, 11|
bad coloring on level 2  |6, 13, 4, 11|
bad coloring on level 2  |9, 13, 4, 11|
bad coloring on level 2  |2, 7, 4, 15|
bad coloring on level 2  |2, 11, 4, 15|
bad coloring on level 2  |0, 7, 6, 6|
bad coloring on level 2  |2, 11, 6, 6|
bad coloring on level 2  |0, 2, 6, 8|
bad coloring on level 2  |0, 7, 6, 8|
bad coloring on level 2  |2, 2, 6, 8|
bad coloring on level 2  |2, 4, 6, 8|
bad coloring on level 2  |2, 6, 6, 8|
bad coloring on level 2  |2, 7, 6, 8|
bad coloring on level 2  |2, 9, 6, 8|
bad coloring on level 2  |2, 11, 6, 8|
bad coloring on level 2  |2, 13, 6, 8|
bad coloring on level 2  |6, 13, 6, 8|
bad coloring on level 2  |9, 13, 6, 8|
bad coloring on level 2  |0, 7, 6, 9|
bad coloring on level 2  |2, 11, 6, 9|
bad coloring on level 2  |7, 11, 6, 9|
bad coloring on level 2  |0, 2, 6, 11|
bad coloring on level 2  |0, 7, 6, 11|
bad coloring on level 2  |2, 2, 6, 11|
bad coloring on level 2  |2, 4, 6, 11|
bad coloring on level 2  |2, 6, 6, 11|
bad coloring on level 2  |2, 7, 6, 11|
bad coloring on level 2  |2, 9, 6, 11|
bad coloring on level 2  |2, 11, 6, 11|
bad coloring on level 2  |2, 13, 6, 11|
bad coloring on level 2  |6, 13, 6, 11|
bad coloring on level 2  |9, 13, 6, 11|
bad coloring on level 2  |0, 7, 6, 13|
bad coloring on level 2  |0, 11, 6, 13|
bad coloring on level 2  |2, 11, 6, 13|
bad coloring on level 2  |4, 11, 6, 13|
bad coloring on level 2  |6, 8, 6, 13|
bad coloring on level 2  |6, 11, 6, 13|
bad coloring on level 2  |7, 11, 6, 13|
bad coloring on level 2  |8, 11, 6, 13|
bad coloring on level 2  |8, 15, 6, 13|
bad coloring on level 2  |11, 11, 6, 13|
bad coloring on level 2  |11, 15, 6, 13|
bad coloring on level 2  |0, 7, 6, 15|
bad coloring on level 2  |2, 7, 6, 15|
bad coloring on level 2  |2, 11, 6, 15|
bad coloring on level 2  |0, 9, 7, 11|
bad coloring on level 2  |2, 6, 7, 11|
bad coloring on level 2  |2, 9, 7, 11|
bad coloring on level 2  |3, 9, 7, 11|
bad coloring on level 2  |4, 9, 7, 11|
bad coloring on level 2  |6, 9, 7, 11|
bad coloring on level 2  |6, 13, 7, 11|
bad coloring on level 2  |9, 9, 7, 11|
bad coloring on level 2  |9, 13, 7, 11|
bad coloring on level 2  |9, 15, 7, 11|
bad coloring on level 2  |2, 6, 8, 11|
bad coloring on level 2  |2, 9, 8, 11|
bad coloring on level 2  |6, 13, 8, 11|
bad coloring on level 2  |9, 13, 8, 11|
bad coloring on level 2  |0, 2, 8, 15|
bad coloring on level 2  |2, 2, 8, 15|
bad coloring on level 2  |2, 4, 8, 15|
bad coloring on level 2  |2, 6, 8, 15|
bad coloring on level 2  |2, 7, 8, 15|
bad coloring on level 2  |2, 9, 8, 15|
bad coloring on level 2  |2, 11, 8, 15|
bad coloring on level 2  |2, 13, 8, 15|
bad coloring on level 2  |6, 13, 8, 15|
bad coloring on level 2  |2, 11, 9, 9|
bad coloring on level 2  |7, 11, 9, 9|
bad coloring on level 2  |0, 11, 9, 13|
bad coloring on level 2  |2, 11, 9, 13|
bad coloring on level 2  |4, 11, 9, 13|
bad coloring on level 2  |6, 8, 9, 13|
bad coloring on level 2  |6, 11, 9, 13|
bad coloring on level 2  |7, 11, 9, 13|
bad coloring on level 2  |8, 11, 9, 13|
bad coloring on level 2  |11, 11, 9, 13|
bad coloring on level 2  |11, 15, 9, 13|
bad coloring on level 2  |2, 7, 9, 15|
bad coloring on level 2  |2, 11, 9, 15|
bad coloring on level 2  |7, 11, 9, 15|
bad coloring on level 2  |2, 6, 11, 11|
bad coloring on level 2  |2, 9, 11, 11|
bad coloring on level 2  |6, 13, 11, 11|
bad coloring on level 2  |9, 13, 11, 11|
bad coloring on level 2  |0, 2, 11, 15|
bad coloring on level 2  |2, 2, 11, 15|
bad coloring on level 2  |2, 4, 11, 15|
bad coloring on level 2  |2, 6, 11, 15|
bad coloring on level 2  |2, 7, 11, 15|
bad coloring on level 2  |2, 9, 11, 15|
bad coloring on level 2  |2, 11, 11, 15|
bad coloring on level 2  |2, 13, 11, 15|
bad coloring on level 2  |6, 13, 11, 15|
bad coloring on level 2  |9, 13, 11, 15|
bad coloring on level 2  |2, 7, 15, 15|
bad coloring on level 2  |2, 11, 15, 15|

192 bad colorings on level 2
