Trying substitutions to: 1
with goodVertices 3, 7, 9, 10, 12, 13, 14
bad color to improve: 0  3  with index 3
bad color to improve: 0  9  with index 9
bad color to improve: 3  3  with index 45
bad color to improve: 3  4  with index 46
bad color to improve: 3  9  with index 51
bad color to improve: 3  15  with index 57
6 bad colorings on level 1
bad coloring on level 2  |1, 6, 1, 1|
bad coloring on level 2  |6, 11, 1, 1|
bad coloring on level 2  |1, 6, 1, 2|
bad coloring on level 2  |5, 6, 1, 2|
bad coloring on level 2  |5, 11, 1, 2|
bad coloring on level 2  |6, 11, 1, 2|
bad coloring on level 2  |1, 6, 1, 5|
bad coloring on level 2  |2, 6, 1, 5|
bad coloring on level 2  |2, 11, 1, 5|
bad coloring on level 2  |6, 11, 1, 5|
bad coloring on level 2  |1, 1, 1, 6|
bad coloring on level 2  |1, 2, 1, 6|
bad coloring on level 2  |1, 5, 1, 6|
bad coloring on level 2  |1, 6, 1, 6|
bad coloring on level 2  |1, 7, 1, 6|
bad coloring on level 2  |1, 8, 1, 6|
bad coloring on level 2  |1, 10, 1, 6|
bad coloring on level 2  |1, 11, 1, 6|
bad coloring on level 2  |1, 12, 1, 6|
bad coloring on level 2  |1, 13, 1, 6|
bad coloring on level 2  |1, 14, 1, 6|
bad coloring on level 2  |2, 2, 1, 6|
bad coloring on level 2  |2, 5, 1, 6|
bad coloring on level 2  |2, 6, 1, 6|
bad coloring on level 2  |2, 7, 1, 6|
bad coloring on level 2  |2, 11, 1, 6|
bad coloring on level 2  |2, 13, 1, 6|
bad coloring on level 2  |2, 14, 1, 6|
bad coloring on level 2  |5, 5, 1, 6|
bad coloring on level 2  |5, 6, 1, 6|
bad coloring on level 2  |5, 10, 1, 6|
bad coloring on level 2  |5, 11, 1, 6|
bad coloring on level 2  |5, 12, 1, 6|
bad coloring on level 2  |5, 14, 1, 6|
bad coloring on level 2  |6, 6, 1, 6|
bad coloring on level 2  |6, 8, 1, 6|
bad coloring on level 2  |6, 11, 1, 6|
bad coloring on level 2  |7, 7, 1, 6|
bad coloring on level 2  |7, 8, 1, 6|
bad coloring on level 2  |7, 11, 1, 6|
bad coloring on level 2  |7, 12, 1, 6|
bad coloring on level 2  |7, 13, 1, 6|
bad coloring on level 2  |7, 14, 1, 6|
bad coloring on level 2  |8, 8, 1, 6|
bad coloring on level 2  |8, 11, 1, 6|
bad coloring on level 2  |8, 12, 1, 6|
bad coloring on level 2  |10, 10, 1, 6|
bad coloring on level 2  |10, 12, 1, 6|
bad coloring on level 2  |10, 14, 1, 6|
bad coloring on level 2  |11, 11, 1, 6|
bad coloring on level 2  |11, 12, 1, 6|
bad coloring on level 2  |12, 12, 1, 6|
bad coloring on level 2  |12, 14, 1, 6|
bad coloring on level 2  |13, 13, 1, 6|
bad coloring on level 2  |13, 14, 1, 6|
bad coloring on level 2  |14, 14, 1, 6|
bad coloring on level 2  |1, 6, 1, 7|
bad coloring on level 2  |5, 6, 1, 7|
bad coloring on level 2  |6, 11, 1, 7|
bad coloring on level 2  |1, 6, 1, 8|
bad coloring on level 2  |2, 5, 1, 8|
bad coloring on level 2  |2, 6, 1, 8|
bad coloring on level 2  |5, 6, 1, 8|
bad coloring on level 2  |6, 6, 1, 8|
bad coloring on level 2  |6, 8, 1, 8|
bad coloring on level 2  |6, 11, 1, 8|
bad coloring on level 2  |1, 6, 1, 10|
bad coloring on level 2  |2, 6, 1, 10|
bad coloring on level 2  |2, 11, 1, 10|
bad coloring on level 2  |6, 11, 1, 10|
bad coloring on level 2  |1, 6, 1, 11|
bad coloring on level 2  |2, 5, 1, 11|
bad coloring on level 2  |2, 6, 1, 11|
bad coloring on level 2  |5, 6, 1, 11|
bad coloring on level 2  |6, 6, 1, 11|
bad coloring on level 2  |6, 8, 1, 11|
bad coloring on level 2  |6, 10, 1, 11|
bad coloring on level 2  |6, 11, 1, 11|
bad coloring on level 2  |6, 13, 1, 11|
bad coloring on level 2  |10, 13, 1, 11|
bad coloring on level 2  |1, 6, 1, 12|
bad coloring on level 2  |2, 6, 1, 12|
bad coloring on level 2  |6, 11, 1, 12|
bad coloring on level 2  |1, 6, 1, 13|
bad coloring on level 2  |5, 6, 1, 13|
bad coloring on level 2  |5, 11, 1, 13|
bad coloring on level 2  |6, 11, 1, 13|
bad coloring on level 2  |1, 6, 1, 14|
bad coloring on level 2  |6, 11, 1, 14|
bad coloring on level 2  |1, 6, 2, 2|
bad coloring on level 2  |5, 11, 2, 2|
bad coloring on level 2  |6, 11, 2, 2|
bad coloring on level 2  |1, 6, 2, 5|
bad coloring on level 2  |1, 8, 2, 5|
bad coloring on level 2  |1, 11, 2, 5|
bad coloring on level 2  |2, 11, 2, 5|
bad coloring on level 2  |5, 11, 2, 5|
bad coloring on level 2  |6, 8, 2, 5|
bad coloring on level 2  |6, 11, 2, 5|
bad coloring on level 2  |7, 8, 2, 5|
bad coloring on level 2  |7, 11, 2, 5|
bad coloring on level 2  |8, 8, 2, 5|
bad coloring on level 2  |8, 10, 2, 5|
bad coloring on level 2  |8, 11, 2, 5|
bad coloring on level 2  |8, 12, 2, 5|
bad coloring on level 2  |8, 13, 2, 5|
bad coloring on level 2  |11, 11, 2, 5|
bad coloring on level 2  |11, 12, 2, 5|
bad coloring on level 2  |1, 5, 2, 6|
bad coloring on level 2  |1, 6, 2, 6|
bad coloring on level 2  |1, 8, 2, 6|
bad coloring on level 2  |1, 10, 2, 6|
bad coloring on level 2  |1, 11, 2, 6|
bad coloring on level 2  |1, 12, 2, 6|
bad coloring on level 2  |2, 11, 2, 6|
bad coloring on level 2  |5, 11, 2, 6|
bad coloring on level 2  |5, 12, 2, 6|
bad coloring on level 2  |6, 11, 2, 6|
bad coloring on level 2  |7, 11, 2, 6|
bad coloring on level 2  |7, 12, 2, 6|
bad coloring on level 2  |8, 11, 2, 6|
bad coloring on level 2  |8, 12, 2, 6|
bad coloring on level 2  |10, 12, 2, 6|
bad coloring on level 2  |11, 11, 2, 6|
bad coloring on level 2  |11, 12, 2, 6|
bad coloring on level 2  |12, 12, 2, 6|
bad coloring on level 2  |12, 14, 2, 6|
bad coloring on level 2  |1, 6, 2, 7|
bad coloring on level 2  |5, 6, 2, 7|
bad coloring on level 2  |5, 11, 2, 7|
bad coloring on level 2  |6, 11, 2, 7|
bad coloring on level 2  |1, 5, 2, 11|
bad coloring on level 2  |1, 6, 2, 11|
bad coloring on level 2  |1, 10, 2, 11|
bad coloring on level 2  |2, 5, 2, 11|
bad coloring on level 2  |2, 6, 2, 11|
bad coloring on level 2  |5, 5, 2, 11|
bad coloring on level 2  |5, 6, 2, 11|
bad coloring on level 2  |5, 10, 2, 11|
bad coloring on level 2  |5, 11, 2, 11|
bad coloring on level 2  |5, 12, 2, 11|
bad coloring on level 2  |5, 14, 2, 11|
bad coloring on level 2  |6, 6, 2, 11|
bad coloring on level 2  |6, 8, 2, 11|
bad coloring on level 2  |6, 10, 2, 11|
bad coloring on level 2  |6, 11, 2, 11|
bad coloring on level 2  |6, 13, 2, 11|
bad coloring on level 2  |8, 10, 2, 11|
bad coloring on level 2  |10, 10, 2, 11|
bad coloring on level 2  |10, 12, 2, 11|
bad coloring on level 2  |10, 13, 2, 11|
bad coloring on level 2  |10, 14, 2, 11|
bad coloring on level 2  |1, 6, 2, 13|
bad coloring on level 2  |5, 11, 2, 13|
bad coloring on level 2  |6, 11, 2, 13|
bad coloring on level 2  |1, 6, 2, 14|
bad coloring on level 2  |5, 11, 2, 14|
bad coloring on level 2  |6, 11, 2, 14|
bad coloring on level 2  |1, 6, 5, 5|
bad coloring on level 2  |2, 11, 5, 5|
bad coloring on level 2  |6, 11, 5, 5|
bad coloring on level 2  |1, 2, 5, 6|
bad coloring on level 2  |1, 6, 5, 6|
bad coloring on level 2  |1, 7, 5, 6|
bad coloring on level 2  |1, 8, 5, 6|
bad coloring on level 2  |1, 11, 5, 6|
bad coloring on level 2  |1, 13, 5, 6|
bad coloring on level 2  |2, 7, 5, 6|
bad coloring on level 2  |2, 11, 5, 6|
bad coloring on level 2  |5, 11, 5, 6|
bad coloring on level 2  |6, 11, 5, 6|
bad coloring on level 2  |7, 7, 5, 6|
bad coloring on level 2  |7, 8, 5, 6|
bad coloring on level 2  |7, 11, 5, 6|
bad coloring on level 2  |7, 12, 5, 6|
bad coloring on level 2  |7, 13, 5, 6|
bad coloring on level 2  |7, 14, 5, 6|
bad coloring on level 2  |8, 11, 5, 6|
bad coloring on level 2  |11, 11, 5, 6|
bad coloring on level 2  |11, 12, 5, 6|
bad coloring on level 2  |1, 6, 5, 10|
bad coloring on level 2  |2, 11, 5, 10|
bad coloring on level 2  |6, 11, 5, 10|
bad coloring on level 2  |1, 2, 5, 11|
bad coloring on level 2  |1, 6, 5, 11|
bad coloring on level 2  |1, 13, 5, 11|
bad coloring on level 2  |2, 2, 5, 11|
bad coloring on level 2  |2, 5, 5, 11|
bad coloring on level 2  |2, 6, 5, 11|
bad coloring on level 2  |2, 7, 5, 11|
bad coloring on level 2  |2, 11, 5, 11|
bad coloring on level 2  |2, 13, 5, 11|
bad coloring on level 2  |2, 14, 5, 11|
bad coloring on level 2  |5, 6, 5, 11|
bad coloring on level 2  |6, 6, 5, 11|
bad coloring on level 2  |6, 8, 5, 11|
bad coloring on level 2  |6, 10, 5, 11|
bad coloring on level 2  |6, 11, 5, 11|
bad coloring on level 2  |6, 13, 5, 11|
bad coloring on level 2  |7, 13, 5, 11|
bad coloring on level 2  |8, 13, 5, 11|
bad coloring on level 2  |10, 13, 5, 11|
bad coloring on level 2  |13, 13, 5, 11|
bad coloring on level 2  |13, 14, 5, 11|
bad coloring on level 2  |1, 6, 5, 12|
bad coloring on level 2  |2, 6, 5, 12|
bad coloring on level 2  |2, 11, 5, 12|
bad coloring on level 2  |6, 11, 5, 12|
bad coloring on level 2  |1, 6, 5, 14|
bad coloring on level 2  |2, 11, 5, 14|
bad coloring on level 2  |6, 11, 5, 14|
bad coloring on level 2  |1, 6, 6, 6|
bad coloring on level 2  |1, 8, 6, 6|
bad coloring on level 2  |1, 11, 6, 6|
bad coloring on level 2  |2, 11, 6, 6|
bad coloring on level 2  |5, 11, 6, 6|
bad coloring on level 2  |6, 11, 6, 6|
bad coloring on level 2  |7, 11, 6, 6|
bad coloring on level 2  |7, 12, 6, 6|
bad coloring on level 2  |8, 11, 6, 6|
bad coloring on level 2  |11, 11, 6, 6|
bad coloring on level 2  |11, 12, 6, 6|
bad coloring on level 2  |1, 6, 6, 8|
bad coloring on level 2  |1, 8, 6, 8|
bad coloring on level 2  |1, 11, 6, 8|
bad coloring on level 2  |2, 5, 6, 8|
bad coloring on level 2  |2, 11, 6, 8|
bad coloring on level 2  |5, 11, 6, 8|
bad coloring on level 2  |6, 11, 6, 8|
bad coloring on level 2  |7, 11, 6, 8|
bad coloring on level 2  |7, 12, 6, 8|
bad coloring on level 2  |8, 11, 6, 8|
bad coloring on level 2  |11, 11, 6, 8|
bad coloring on level 2  |11, 12, 6, 8|
bad coloring on level 2  |1, 11, 6, 10|
bad coloring on level 2  |2, 11, 6, 10|
bad coloring on level 2  |5, 11, 6, 10|
bad coloring on level 2  |6, 11, 6, 10|
bad coloring on level 2  |7, 11, 6, 10|
bad coloring on level 2  |7, 12, 6, 10|
bad coloring on level 2  |8, 11, 6, 10|
bad coloring on level 2  |11, 11, 6, 10|
bad coloring on level 2  |11, 12, 6, 10|
bad coloring on level 2  |1, 1, 6, 11|
bad coloring on level 2  |1, 2, 6, 11|
bad coloring on level 2  |1, 5, 6, 11|
bad coloring on level 2  |1, 6, 6, 11|
bad coloring on level 2  |1, 7, 6, 11|
bad coloring on level 2  |1, 8, 6, 11|
bad coloring on level 2  |1, 10, 6, 11|
bad coloring on level 2  |1, 11, 6, 11|
bad coloring on level 2  |1, 12, 6, 11|
bad coloring on level 2  |1, 13, 6, 11|
bad coloring on level 2  |1, 14, 6, 11|
bad coloring on level 2  |2, 2, 6, 11|
bad coloring on level 2  |2, 5, 6, 11|
bad coloring on level 2  |2, 6, 6, 11|
bad coloring on level 2  |2, 7, 6, 11|
bad coloring on level 2  |2, 11, 6, 11|
bad coloring on level 2  |2, 13, 6, 11|
bad coloring on level 2  |2, 14, 6, 11|
bad coloring on level 2  |5, 5, 6, 11|
bad coloring on level 2  |5, 6, 6, 11|
bad coloring on level 2  |5, 10, 6, 11|
bad coloring on level 2  |5, 11, 6, 11|
bad coloring on level 2  |5, 12, 6, 11|
bad coloring on level 2  |5, 14, 6, 11|
bad coloring on level 2  |6, 6, 6, 11|
bad coloring on level 2  |6, 8, 6, 11|
bad coloring on level 2  |6, 10, 6, 11|
bad coloring on level 2  |6, 11, 6, 11|
bad coloring on level 2  |6, 13, 6, 11|
bad coloring on level 2  |7, 7, 6, 11|
bad coloring on level 2  |7, 8, 6, 11|
bad coloring on level 2  |7, 11, 6, 11|
bad coloring on level 2  |7, 12, 6, 11|
bad coloring on level 2  |7, 13, 6, 11|
bad coloring on level 2  |7, 14, 6, 11|
bad coloring on level 2  |8, 8, 6, 11|
bad coloring on level 2  |8, 10, 6, 11|
bad coloring on level 2  |8, 11, 6, 11|
bad coloring on level 2  |8, 12, 6, 11|
bad coloring on level 2  |8, 13, 6, 11|
bad coloring on level 2  |10, 10, 6, 11|
bad coloring on level 2  |10, 12, 6, 11|
bad coloring on level 2  |10, 13, 6, 11|
bad coloring on level 2  |10, 14, 6, 11|
bad coloring on level 2  |11, 11, 6, 11|
bad coloring on level 2  |11, 12, 6, 11|
bad coloring on level 2  |12, 12, 6, 11|
bad coloring on level 2  |12, 14, 6, 11|
bad coloring on level 2  |13, 13, 6, 11|
bad coloring on level 2  |13, 14, 6, 11|
bad coloring on level 2  |14, 14, 6, 11|
bad coloring on level 2  |1, 11, 6, 13|
bad coloring on level 2  |2, 11, 6, 13|
bad coloring on level 2  |5, 11, 6, 13|
bad coloring on level 2  |6, 11, 6, 13|
bad coloring on level 2  |7, 11, 6, 13|
bad coloring on level 2  |7, 12, 6, 13|
bad coloring on level 2  |8, 11, 6, 13|
bad coloring on level 2  |11, 11, 6, 13|
bad coloring on level 2  |11, 12, 6, 13|
bad coloring on level 2  |1, 6, 7, 7|
bad coloring on level 2  |5, 6, 7, 7|
bad coloring on level 2  |6, 11, 7, 7|
bad coloring on level 2  |1, 6, 7, 8|
bad coloring on level 2  |2, 5, 7, 8|
bad coloring on level 2  |5, 6, 7, 8|
bad coloring on level 2  |6, 11, 7, 8|
bad coloring on level 2  |1, 6, 7, 11|
bad coloring on level 2  |2, 5, 7, 11|
bad coloring on level 2  |2, 6, 7, 11|
bad coloring on level 2  |5, 6, 7, 11|
bad coloring on level 2  |6, 6, 7, 11|
bad coloring on level 2  |6, 8, 7, 11|
bad coloring on level 2  |6, 10, 7, 11|
bad coloring on level 2  |6, 11, 7, 11|
bad coloring on level 2  |6, 13, 7, 11|
bad coloring on level 2  |10, 13, 7, 11|
bad coloring on level 2  |1, 6, 7, 12|
bad coloring on level 2  |2, 6, 7, 12|
bad coloring on level 2  |5, 6, 7, 12|
bad coloring on level 2  |6, 6, 7, 12|
bad coloring on level 2  |6, 8, 7, 12|
bad coloring on level 2  |6, 10, 7, 12|
bad coloring on level 2  |6, 11, 7, 12|
bad coloring on level 2  |6, 13, 7, 12|
bad coloring on level 2  |1, 6, 7, 13|
bad coloring on level 2  |5, 6, 7, 13|
bad coloring on level 2  |5, 11, 7, 13|
bad coloring on level 2  |6, 11, 7, 13|
bad coloring on level 2  |1, 6, 7, 14|
bad coloring on level 2  |5, 6, 7, 14|
bad coloring on level 2  |6, 11, 7, 14|
bad coloring on level 2  |1, 6, 8, 8|
bad coloring on level 2  |2, 5, 8, 8|
bad coloring on level 2  |6, 11, 8, 8|
bad coloring on level 2  |2, 5, 8, 10|
bad coloring on level 2  |2, 11, 8, 10|
bad coloring on level 2  |6, 11, 8, 10|
bad coloring on level 2  |1, 6, 8, 11|
bad coloring on level 2  |2, 5, 8, 11|
bad coloring on level 2  |2, 6, 8, 11|
bad coloring on level 2  |5, 6, 8, 11|
bad coloring on level 2  |6, 6, 8, 11|
bad coloring on level 2  |6, 8, 8, 11|
bad coloring on level 2  |6, 10, 8, 11|
bad coloring on level 2  |6, 11, 8, 11|
bad coloring on level 2  |6, 13, 8, 11|
bad coloring on level 2  |10, 13, 8, 11|
bad coloring on level 2  |1, 6, 8, 12|
bad coloring on level 2  |2, 5, 8, 12|
bad coloring on level 2  |2, 6, 8, 12|
bad coloring on level 2  |6, 11, 8, 12|
bad coloring on level 2  |2, 5, 8, 13|
bad coloring on level 2  |5, 11, 8, 13|
bad coloring on level 2  |6, 11, 8, 13|
bad coloring on level 2  |1, 6, 10, 10|
bad coloring on level 2  |2, 11, 10, 10|
bad coloring on level 2  |6, 11, 10, 10|
bad coloring on level 2  |1, 6, 10, 12|
bad coloring on level 2  |2, 6, 10, 12|
bad coloring on level 2  |2, 11, 10, 12|
bad coloring on level 2  |6, 11, 10, 12|
bad coloring on level 2  |1, 11, 10, 13|
bad coloring on level 2  |2, 11, 10, 13|
bad coloring on level 2  |5, 11, 10, 13|
bad coloring on level 2  |6, 11, 10, 13|
bad coloring on level 2  |7, 11, 10, 13|
bad coloring on level 2  |8, 11, 10, 13|
bad coloring on level 2  |11, 11, 10, 13|
bad coloring on level 2  |11, 12, 10, 13|
bad coloring on level 2  |1, 6, 10, 14|
bad coloring on level 2  |2, 11, 10, 14|
bad coloring on level 2  |6, 11, 10, 14|
bad coloring on level 2  |1, 6, 11, 11|
bad coloring on level 2  |2, 5, 11, 11|
bad coloring on level 2  |2, 6, 11, 11|
bad coloring on level 2  |5, 6, 11, 11|
bad coloring on level 2  |6, 6, 11, 11|
bad coloring on level 2  |6, 8, 11, 11|
bad coloring on level 2  |6, 10, 11, 11|
bad coloring on level 2  |6, 11, 11, 11|
bad coloring on level 2  |6, 13, 11, 11|
bad coloring on level 2  |10, 13, 11, 11|
bad coloring on level 2  |1, 6, 11, 12|
bad coloring on level 2  |2, 5, 11, 12|
bad coloring on level 2  |2, 6, 11, 12|
bad coloring on level 2  |5, 6, 11, 12|
bad coloring on level 2  |6, 6, 11, 12|
bad coloring on level 2  |6, 8, 11, 12|
bad coloring on level 2  |6, 10, 11, 12|
bad coloring on level 2  |6, 11, 11, 12|
bad coloring on level 2  |6, 13, 11, 12|
bad coloring on level 2  |10, 13, 11, 12|
bad coloring on level 2  |1, 6, 12, 12|
bad coloring on level 2  |2, 6, 12, 12|
bad coloring on level 2  |6, 11, 12, 12|
bad coloring on level 2  |1, 6, 12, 14|
bad coloring on level 2  |2, 6, 12, 14|
bad coloring on level 2  |6, 11, 12, 14|
bad coloring on level 2  |1, 6, 13, 13|
bad coloring on level 2  |5, 11, 13, 13|
bad coloring on level 2  |6, 11, 13, 13|
bad coloring on level 2  |1, 6, 13, 14|
bad coloring on level 2  |5, 11, 13, 14|
bad coloring on level 2  |6, 11, 13, 14|
bad coloring on level 2  |1, 6, 14, 14|
bad coloring on level 2  |6, 11, 14, 14|

410 bad colorings on level 2
