Trying substitutions to: 2
with goodVertices 4, 5, 6, 8, 11, 12, 15
bad color to improve: 3  15  with index 57
bad color to improve: 8  10  with index 102
bad color to improve: 8  12  with index 104
bad color to improve: 8  15  with index 107
bad color to improve: 10  15  with index 120
bad color to improve: 12  15  with index 129
bad color to improve: 15  15  with index 135
7 bad colorings on level 1
bad coloring on level 2  |1, 13, 0, 0|
bad coloring on level 2  |13, 14, 0, 0|
bad coloring on level 2  |1, 13, 0, 2|
bad coloring on level 2  |7, 14, 0, 2|
bad coloring on level 2  |13, 14, 0, 2|
bad coloring on level 2  |0, 14, 0, 4|
bad coloring on level 2  |1, 13, 0, 4|
bad coloring on level 2  |1, 14, 0, 4|
bad coloring on level 2  |2, 14, 0, 4|
bad coloring on level 2  |5, 14, 0, 4|
bad coloring on level 2  |7, 14, 0, 4|
bad coloring on level 2  |9, 14, 0, 4|
bad coloring on level 2  |13, 14, 0, 4|
bad coloring on level 2  |14, 14, 0, 4|
bad coloring on level 2  |1, 13, 0, 5|
bad coloring on level 2  |2, 13, 0, 5|
bad coloring on level 2  |4, 13, 0, 5|
bad coloring on level 2  |6, 13, 0, 5|
bad coloring on level 2  |7, 13, 0, 5|
bad coloring on level 2  |9, 13, 0, 5|
bad coloring on level 2  |13, 13, 0, 5|
bad coloring on level 2  |13, 14, 0, 5|
bad coloring on level 2  |1, 13, 0, 7|
bad coloring on level 2  |2, 14, 0, 7|
bad coloring on level 2  |5, 9, 0, 7|
bad coloring on level 2  |9, 14, 0, 7|
bad coloring on level 2  |13, 14, 0, 7|
bad coloring on level 2  |1, 7, 0, 9|
bad coloring on level 2  |1, 13, 0, 9|
bad coloring on level 2  |7, 14, 0, 9|
bad coloring on level 2  |13, 14, 0, 9|
bad coloring on level 2  |1, 13, 0, 11|
bad coloring on level 2  |13, 14, 0, 11|
bad coloring on level 2  |0, 4, 0, 14|
bad coloring on level 2  |1, 13, 0, 14|
bad coloring on level 2  |2, 4, 0, 14|
bad coloring on level 2  |2, 7, 0, 14|
bad coloring on level 2  |2, 13, 0, 14|
bad coloring on level 2  |4, 4, 0, 14|
bad coloring on level 2  |4, 6, 0, 14|
bad coloring on level 2  |4, 7, 0, 14|
bad coloring on level 2  |4, 9, 0, 14|
bad coloring on level 2  |4, 11, 0, 14|
bad coloring on level 2  |4, 13, 0, 14|
bad coloring on level 2  |6, 13, 0, 14|
bad coloring on level 2  |7, 13, 0, 14|
bad coloring on level 2  |9, 13, 0, 14|
bad coloring on level 2  |13, 13, 0, 14|
bad coloring on level 2  |13, 14, 0, 14|
bad coloring on level 2  |1, 13, 1, 1|
bad coloring on level 2  |13, 14, 1, 1|
bad coloring on level 2  |1, 13, 1, 2|
bad coloring on level 2  |7, 13, 1, 2|
bad coloring on level 2  |7, 14, 1, 2|
bad coloring on level 2  |13, 14, 1, 2|
bad coloring on level 2  |1, 13, 1, 5|
bad coloring on level 2  |7, 13, 1, 5|
bad coloring on level 2  |13, 14, 1, 5|
bad coloring on level 2  |1, 13, 1, 6|
bad coloring on level 2  |7, 13, 1, 6|
bad coloring on level 2  |7, 14, 1, 6|
bad coloring on level 2  |13, 14, 1, 6|
bad coloring on level 2  |0, 9, 1, 7|
bad coloring on level 2  |1, 13, 1, 7|
bad coloring on level 2  |2, 9, 1, 7|
bad coloring on level 2  |2, 13, 1, 7|
bad coloring on level 2  |2, 14, 1, 7|
bad coloring on level 2  |4, 9, 1, 7|
bad coloring on level 2  |5, 9, 1, 7|
bad coloring on level 2  |6, 9, 1, 7|
bad coloring on level 2  |6, 13, 1, 7|
bad coloring on level 2  |9, 9, 1, 7|
bad coloring on level 2  |9, 13, 1, 7|
bad coloring on level 2  |9, 14, 1, 7|
bad coloring on level 2  |13, 14, 1, 7|
bad coloring on level 2  |1, 13, 1, 11|
bad coloring on level 2  |13, 14, 1, 11|
bad coloring on level 2  |0, 0, 1, 13|
bad coloring on level 2  |0, 2, 1, 13|
bad coloring on level 2  |0, 4, 1, 13|
bad coloring on level 2  |0, 5, 1, 13|
bad coloring on level 2  |0, 7, 1, 13|
bad coloring on level 2  |0, 9, 1, 13|
bad coloring on level 2  |0, 11, 1, 13|
bad coloring on level 2  |0, 14, 1, 13|
bad coloring on level 2  |1, 1, 1, 13|
bad coloring on level 2  |1, 2, 1, 13|
bad coloring on level 2  |1, 5, 1, 13|
bad coloring on level 2  |1, 6, 1, 13|
bad coloring on level 2  |1, 7, 1, 13|
bad coloring on level 2  |1, 11, 1, 13|
bad coloring on level 2  |1, 13, 1, 13|
bad coloring on level 2  |1, 14, 1, 13|
bad coloring on level 2  |2, 2, 1, 13|
bad coloring on level 2  |2, 4, 1, 13|
bad coloring on level 2  |2, 5, 1, 13|
bad coloring on level 2  |2, 6, 1, 13|
bad coloring on level 2  |2, 7, 1, 13|
bad coloring on level 2  |2, 9, 1, 13|
bad coloring on level 2  |2, 11, 1, 13|
bad coloring on level 2  |2, 13, 1, 13|
bad coloring on level 2  |2, 14, 1, 13|
bad coloring on level 2  |4, 4, 1, 13|
bad coloring on level 2  |4, 6, 1, 13|
bad coloring on level 2  |4, 7, 1, 13|
bad coloring on level 2  |4, 9, 1, 13|
bad coloring on level 2  |4, 11, 1, 13|
bad coloring on level 2  |4, 13, 1, 13|
bad coloring on level 2  |5, 5, 1, 13|
bad coloring on level 2  |5, 6, 1, 13|
bad coloring on level 2  |5, 9, 1, 13|
bad coloring on level 2  |5, 11, 1, 13|
bad coloring on level 2  |5, 14, 1, 13|
bad coloring on level 2  |6, 6, 1, 13|
bad coloring on level 2  |6, 9, 1, 13|
bad coloring on level 2  |6, 11, 1, 13|
bad coloring on level 2  |6, 13, 1, 13|
bad coloring on level 2  |7, 7, 1, 13|
bad coloring on level 2  |7, 11, 1, 13|
bad coloring on level 2  |7, 13, 1, 13|
bad coloring on level 2  |7, 14, 1, 13|
bad coloring on level 2  |9, 9, 1, 13|
bad coloring on level 2  |9, 13, 1, 13|
bad coloring on level 2  |9, 14, 1, 13|
bad coloring on level 2  |11, 11, 1, 13|
bad coloring on level 2  |13, 13, 1, 13|
bad coloring on level 2  |13, 14, 1, 13|
bad coloring on level 2  |14, 14, 1, 13|
bad coloring on level 2  |0, 4, 1, 14|
bad coloring on level 2  |1, 13, 1, 14|
bad coloring on level 2  |2, 4, 1, 14|
bad coloring on level 2  |2, 7, 1, 14|
bad coloring on level 2  |2, 13, 1, 14|
bad coloring on level 2  |4, 4, 1, 14|
bad coloring on level 2  |4, 6, 1, 14|
bad coloring on level 2  |4, 7, 1, 14|
bad coloring on level 2  |4, 9, 1, 14|
bad coloring on level 2  |4, 11, 1, 14|
bad coloring on level 2  |4, 13, 1, 14|
bad coloring on level 2  |6, 13, 1, 14|
bad coloring on level 2  |7, 13, 1, 14|
bad coloring on level 2  |9, 13, 1, 14|
bad coloring on level 2  |13, 13, 1, 14|
bad coloring on level 2  |13, 14, 1, 14|
bad coloring on level 2  |1, 13, 2, 2|
bad coloring on level 2  |7, 14, 2, 2|
bad coloring on level 2  |13, 14, 2, 2|
bad coloring on level 2  |0, 14, 2, 4|
bad coloring on level 2  |1, 13, 2, 4|
bad coloring on level 2  |1, 14, 2, 4|
bad coloring on level 2  |2, 14, 2, 4|
bad coloring on level 2  |5, 14, 2, 4|
bad coloring on level 2  |7, 14, 2, 4|
bad coloring on level 2  |9, 14, 2, 4|
bad coloring on level 2  |13, 14, 2, 4|
bad coloring on level 2  |14, 14, 2, 4|
bad coloring on level 2  |1, 13, 2, 5|
bad coloring on level 2  |7, 13, 2, 5|
bad coloring on level 2  |7, 14, 2, 5|
bad coloring on level 2  |13, 14, 2, 5|
bad coloring on level 2  |1, 13, 2, 6|
bad coloring on level 2  |7, 14, 2, 6|
bad coloring on level 2  |13, 14, 2, 6|
bad coloring on level 2  |0, 14, 2, 7|
bad coloring on level 2  |1, 13, 2, 7|
bad coloring on level 2  |1, 14, 2, 7|
bad coloring on level 2  |2, 14, 2, 7|
bad coloring on level 2  |5, 9, 2, 7|
bad coloring on level 2  |5, 14, 2, 7|
bad coloring on level 2  |7, 14, 2, 7|
bad coloring on level 2  |9, 14, 2, 7|
bad coloring on level 2  |13, 14, 2, 7|
bad coloring on level 2  |14, 14, 2, 7|
bad coloring on level 2  |1, 7, 2, 9|
bad coloring on level 2  |1, 13, 2, 9|
bad coloring on level 2  |7, 14, 2, 9|
bad coloring on level 2  |13, 14, 2, 9|
bad coloring on level 2  |1, 13, 2, 11|
bad coloring on level 2  |7, 14, 2, 11|
bad coloring on level 2  |13, 14, 2, 11|
bad coloring on level 2  |0, 5, 2, 13|
bad coloring on level 2  |0, 14, 2, 13|
bad coloring on level 2  |1, 7, 2, 13|
bad coloring on level 2  |1, 13, 2, 13|
bad coloring on level 2  |1, 14, 2, 13|
bad coloring on level 2  |2, 14, 2, 13|
bad coloring on level 2  |5, 14, 2, 13|
bad coloring on level 2  |7, 14, 2, 13|
bad coloring on level 2  |9, 14, 2, 13|
bad coloring on level 2  |13, 14, 2, 13|
bad coloring on level 2  |14, 14, 2, 13|
bad coloring on level 2  |0, 4, 2, 14|
bad coloring on level 2  |0, 7, 2, 14|
bad coloring on level 2  |1, 7, 2, 14|
bad coloring on level 2  |1, 13, 2, 14|
bad coloring on level 2  |2, 4, 2, 14|
bad coloring on level 2  |2, 7, 2, 14|
bad coloring on level 2  |2, 13, 2, 14|
bad coloring on level 2  |4, 4, 2, 14|
bad coloring on level 2  |4, 6, 2, 14|
bad coloring on level 2  |4, 7, 2, 14|
bad coloring on level 2  |4, 9, 2, 14|
bad coloring on level 2  |4, 11, 2, 14|
bad coloring on level 2  |4, 13, 2, 14|
bad coloring on level 2  |6, 13, 2, 14|
bad coloring on level 2  |7, 7, 2, 14|
bad coloring on level 2  |7, 11, 2, 14|
bad coloring on level 2  |7, 13, 2, 14|
bad coloring on level 2  |7, 14, 2, 14|
bad coloring on level 2  |9, 13, 2, 14|
bad coloring on level 2  |13, 13, 2, 14|
bad coloring on level 2  |13, 14, 2, 14|
bad coloring on level 2  |0, 14, 4, 4|
bad coloring on level 2  |1, 13, 4, 4|
bad coloring on level 2  |1, 14, 4, 4|
bad coloring on level 2  |2, 14, 4, 4|
bad coloring on level 2  |5, 14, 4, 4|
bad coloring on level 2  |7, 14, 4, 4|
bad coloring on level 2  |9, 14, 4, 4|
bad coloring on level 2  |13, 14, 4, 4|
bad coloring on level 2  |14, 14, 4, 4|
bad coloring on level 2  |0, 14, 4, 6|
bad coloring on level 2  |1, 13, 4, 6|
bad coloring on level 2  |1, 14, 4, 6|
bad coloring on level 2  |2, 14, 4, 6|
bad coloring on level 2  |5, 14, 4, 6|
bad coloring on level 2  |7, 14, 4, 6|
bad coloring on level 2  |9, 14, 4, 6|
bad coloring on level 2  |13, 14, 4, 6|
bad coloring on level 2  |14, 14, 4, 6|
bad coloring on level 2  |0, 14, 4, 7|
bad coloring on level 2  |1, 13, 4, 7|
bad coloring on level 2  |1, 14, 4, 7|
bad coloring on level 2  |2, 14, 4, 7|
bad coloring on level 2  |5, 9, 4, 7|
bad coloring on level 2  |5, 14, 4, 7|
bad coloring on level 2  |7, 14, 4, 7|
bad coloring on level 2  |9, 14, 4, 7|
bad coloring on level 2  |13, 14, 4, 7|
bad coloring on level 2  |14, 14, 4, 7|
bad coloring on level 2  |0, 14, 4, 9|
bad coloring on level 2  |1, 7, 4, 9|
bad coloring on level 2  |1, 13, 4, 9|
bad coloring on level 2  |1, 14, 4, 9|
bad coloring on level 2  |2, 14, 4, 9|
bad coloring on level 2  |5, 14, 4, 9|
bad coloring on level 2  |7, 14, 4, 9|
bad coloring on level 2  |9, 14, 4, 9|
bad coloring on level 2  |13, 14, 4, 9|
bad coloring on level 2  |14, 14, 4, 9|
bad coloring on level 2  |0, 14, 4, 11|
bad coloring on level 2  |1, 13, 4, 11|
bad coloring on level 2  |1, 14, 4, 11|
bad coloring on level 2  |2, 14, 4, 11|
bad coloring on level 2  |5, 14, 4, 11|
bad coloring on level 2  |7, 14, 4, 11|
bad coloring on level 2  |9, 14, 4, 11|
bad coloring on level 2  |13, 14, 4, 11|
bad coloring on level 2  |14, 14, 4, 11|
bad coloring on level 2  |0, 5, 4, 13|
bad coloring on level 2  |0, 14, 4, 13|
bad coloring on level 2  |1, 13, 4, 13|
bad coloring on level 2  |1, 14, 4, 13|
bad coloring on level 2  |2, 14, 4, 13|
bad coloring on level 2  |5, 14, 4, 13|
bad coloring on level 2  |7, 14, 4, 13|
bad coloring on level 2  |9, 14, 4, 13|
bad coloring on level 2  |13, 14, 4, 13|
bad coloring on level 2  |14, 14, 4, 13|
bad coloring on level 2  |1, 13, 5, 5|
bad coloring on level 2  |7, 13, 5, 5|
bad coloring on level 2  |13, 14, 5, 5|
bad coloring on level 2  |1, 13, 5, 6|
bad coloring on level 2  |7, 13, 5, 6|
bad coloring on level 2  |7, 14, 5, 6|
bad coloring on level 2  |13, 14, 5, 6|
bad coloring on level 2  |0, 7, 5, 9|
bad coloring on level 2  |1, 7, 5, 9|
bad coloring on level 2  |1, 13, 5, 9|
bad coloring on level 2  |2, 7, 5, 9|
bad coloring on level 2  |4, 7, 5, 9|
bad coloring on level 2  |7, 7, 5, 9|
bad coloring on level 2  |7, 11, 5, 9|
bad coloring on level 2  |7, 13, 5, 9|
bad coloring on level 2  |7, 14, 5, 9|
bad coloring on level 2  |13, 14, 5, 9|
bad coloring on level 2  |1, 13, 5, 11|
bad coloring on level 2  |7, 13, 5, 11|
bad coloring on level 2  |13, 14, 5, 11|
bad coloring on level 2  |0, 4, 5, 14|
bad coloring on level 2  |1, 13, 5, 14|
bad coloring on level 2  |2, 4, 5, 14|
bad coloring on level 2  |2, 7, 5, 14|
bad coloring on level 2  |2, 13, 5, 14|
bad coloring on level 2  |4, 4, 5, 14|
bad coloring on level 2  |4, 6, 5, 14|
bad coloring on level 2  |4, 7, 5, 14|
bad coloring on level 2  |4, 9, 5, 14|
bad coloring on level 2  |4, 11, 5, 14|
bad coloring on level 2  |4, 13, 5, 14|
bad coloring on level 2  |6, 13, 5, 14|
bad coloring on level 2  |7, 13, 5, 14|
bad coloring on level 2  |9, 13, 5, 14|
bad coloring on level 2  |13, 13, 5, 14|
bad coloring on level 2  |13, 14, 5, 14|
bad coloring on level 2  |1, 13, 6, 6|
bad coloring on level 2  |7, 14, 6, 6|
bad coloring on level 2  |13, 14, 6, 6|
bad coloring on level 2  |1, 7, 6, 9|
bad coloring on level 2  |1, 13, 6, 9|
bad coloring on level 2  |7, 14, 6, 9|
bad coloring on level 2  |13, 14, 6, 9|
bad coloring on level 2  |1, 13, 6, 11|
bad coloring on level 2  |7, 14, 6, 11|
bad coloring on level 2  |13, 14, 6, 11|
bad coloring on level 2  |0, 5, 6, 13|
bad coloring on level 2  |0, 14, 6, 13|
bad coloring on level 2  |1, 7, 6, 13|
bad coloring on level 2  |1, 13, 6, 13|
bad coloring on level 2  |1, 14, 6, 13|
bad coloring on level 2  |2, 14, 6, 13|
bad coloring on level 2  |5, 14, 6, 13|
bad coloring on level 2  |7, 14, 6, 13|
bad coloring on level 2  |9, 14, 6, 13|
bad coloring on level 2  |13, 14, 6, 13|
bad coloring on level 2  |14, 14, 6, 13|
bad coloring on level 2  |1, 13, 7, 7|
bad coloring on level 2  |2, 14, 7, 7|
bad coloring on level 2  |5, 9, 7, 7|
bad coloring on level 2  |9, 14, 7, 7|
bad coloring on level 2  |13, 14, 7, 7|
bad coloring on level 2  |1, 13, 7, 11|
bad coloring on level 2  |2, 14, 7, 11|
bad coloring on level 2  |5, 9, 7, 11|
bad coloring on level 2  |9, 14, 7, 11|
bad coloring on level 2  |13, 14, 7, 11|
bad coloring on level 2  |0, 5, 7, 13|
bad coloring on level 2  |0, 14, 7, 13|
bad coloring on level 2  |1, 2, 7, 13|
bad coloring on level 2  |1, 5, 7, 13|
bad coloring on level 2  |1, 6, 7, 13|
bad coloring on level 2  |1, 13, 7, 13|
bad coloring on level 2  |1, 14, 7, 13|
bad coloring on level 2  |2, 5, 7, 13|
bad coloring on level 2  |2, 14, 7, 13|
bad coloring on level 2  |5, 5, 7, 13|
bad coloring on level 2  |5, 6, 7, 13|
bad coloring on level 2  |5, 9, 7, 13|
bad coloring on level 2  |5, 11, 7, 13|
bad coloring on level 2  |5, 14, 7, 13|
bad coloring on level 2  |7, 14, 7, 13|
bad coloring on level 2  |9, 14, 7, 13|
bad coloring on level 2  |13, 14, 7, 13|
bad coloring on level 2  |14, 14, 7, 13|
bad coloring on level 2  |0, 2, 7, 14|
bad coloring on level 2  |0, 4, 7, 14|
bad coloring on level 2  |0, 9, 7, 14|
bad coloring on level 2  |1, 2, 7, 14|
bad coloring on level 2  |1, 6, 7, 14|
bad coloring on level 2  |1, 13, 7, 14|
bad coloring on level 2  |2, 2, 7, 14|
bad coloring on level 2  |2, 4, 7, 14|
bad coloring on level 2  |2, 5, 7, 14|
bad coloring on level 2  |2, 6, 7, 14|
bad coloring on level 2  |2, 7, 7, 14|
bad coloring on level 2  |2, 9, 7, 14|
bad coloring on level 2  |2, 11, 7, 14|
bad coloring on level 2  |2, 13, 7, 14|
bad coloring on level 2  |2, 14, 7, 14|
bad coloring on level 2  |4, 4, 7, 14|
bad coloring on level 2  |4, 6, 7, 14|
bad coloring on level 2  |4, 7, 7, 14|
bad coloring on level 2  |4, 9, 7, 14|
bad coloring on level 2  |4, 11, 7, 14|
bad coloring on level 2  |4, 13, 7, 14|
bad coloring on level 2  |5, 6, 7, 14|
bad coloring on level 2  |5, 9, 7, 14|
bad coloring on level 2  |6, 6, 7, 14|
bad coloring on level 2  |6, 9, 7, 14|
bad coloring on level 2  |6, 11, 7, 14|
bad coloring on level 2  |6, 13, 7, 14|
bad coloring on level 2  |7, 13, 7, 14|
bad coloring on level 2  |9, 9, 7, 14|
bad coloring on level 2  |9, 13, 7, 14|
bad coloring on level 2  |9, 14, 7, 14|
bad coloring on level 2  |13, 13, 7, 14|
bad coloring on level 2  |13, 14, 7, 14|
bad coloring on level 2  |1, 7, 9, 9|
bad coloring on level 2  |1, 13, 9, 9|
bad coloring on level 2  |7, 14, 9, 9|
bad coloring on level 2  |13, 14, 9, 9|
bad coloring on level 2  |0, 5, 9, 13|
bad coloring on level 2  |0, 14, 9, 13|
bad coloring on level 2  |1, 7, 9, 13|
bad coloring on level 2  |1, 13, 9, 13|
bad coloring on level 2  |1, 14, 9, 13|
bad coloring on level 2  |2, 14, 9, 13|
bad coloring on level 2  |5, 14, 9, 13|
bad coloring on level 2  |7, 14, 9, 13|
bad coloring on level 2  |9, 14, 9, 13|
bad coloring on level 2  |13, 14, 9, 13|
bad coloring on level 2  |14, 14, 9, 13|
bad coloring on level 2  |0, 4, 9, 14|
bad coloring on level 2  |0, 7, 9, 14|
bad coloring on level 2  |1, 7, 9, 14|
bad coloring on level 2  |1, 13, 9, 14|
bad coloring on level 2  |2, 4, 9, 14|
bad coloring on level 2  |2, 7, 9, 14|
bad coloring on level 2  |2, 13, 9, 14|
bad coloring on level 2  |4, 4, 9, 14|
bad coloring on level 2  |4, 6, 9, 14|
bad coloring on level 2  |4, 7, 9, 14|
bad coloring on level 2  |4, 9, 9, 14|
bad coloring on level 2  |4, 11, 9, 14|
bad coloring on level 2  |4, 13, 9, 14|
bad coloring on level 2  |6, 13, 9, 14|
bad coloring on level 2  |7, 7, 9, 14|
bad coloring on level 2  |7, 11, 9, 14|
bad coloring on level 2  |7, 13, 9, 14|
bad coloring on level 2  |7, 14, 9, 14|
bad coloring on level 2  |9, 13, 9, 14|
bad coloring on level 2  |13, 13, 9, 14|
bad coloring on level 2  |13, 14, 9, 14|
bad coloring on level 2  |1, 13, 11, 11|
bad coloring on level 2  |13, 14, 11, 11|
bad coloring on level 2  |0, 5, 13, 13|
bad coloring on level 2  |0, 14, 13, 13|
bad coloring on level 2  |1, 13, 13, 13|
bad coloring on level 2  |1, 14, 13, 13|
bad coloring on level 2  |2, 14, 13, 13|
bad coloring on level 2  |5, 14, 13, 13|
bad coloring on level 2  |7, 14, 13, 13|
bad coloring on level 2  |9, 14, 13, 13|
bad coloring on level 2  |13, 14, 13, 13|
bad coloring on level 2  |14, 14, 13, 13|
bad coloring on level 2  |0, 0, 13, 14|
bad coloring on level 2  |0, 2, 13, 14|
bad coloring on level 2  |0, 4, 13, 14|
bad coloring on level 2  |0, 5, 13, 14|
bad coloring on level 2  |0, 7, 13, 14|
bad coloring on level 2  |0, 9, 13, 14|
bad coloring on level 2  |0, 11, 13, 14|
bad coloring on level 2  |0, 14, 13, 14|
bad coloring on level 2  |1, 1, 13, 14|
bad coloring on level 2  |1, 2, 13, 14|
bad coloring on level 2  |1, 5, 13, 14|
bad coloring on level 2  |1, 6, 13, 14|
bad coloring on level 2  |1, 7, 13, 14|
bad coloring on level 2  |1, 11, 13, 14|
bad coloring on level 2  |1, 13, 13, 14|
bad coloring on level 2  |1, 14, 13, 14|
bad coloring on level 2  |2, 2, 13, 14|
bad coloring on level 2  |2, 4, 13, 14|
bad coloring on level 2  |2, 5, 13, 14|
bad coloring on level 2  |2, 6, 13, 14|
bad coloring on level 2  |2, 7, 13, 14|
bad coloring on level 2  |2, 9, 13, 14|
bad coloring on level 2  |2, 11, 13, 14|
bad coloring on level 2  |2, 13, 13, 14|
bad coloring on level 2  |2, 14, 13, 14|
bad coloring on level 2  |4, 4, 13, 14|
bad coloring on level 2  |4, 6, 13, 14|
bad coloring on level 2  |4, 7, 13, 14|
bad coloring on level 2  |4, 9, 13, 14|
bad coloring on level 2  |4, 11, 13, 14|
bad coloring on level 2  |4, 13, 13, 14|
bad coloring on level 2  |5, 5, 13, 14|
bad coloring on level 2  |5, 6, 13, 14|
bad coloring on level 2  |5, 9, 13, 14|
bad coloring on level 2  |5, 11, 13, 14|
bad coloring on level 2  |5, 14, 13, 14|
bad coloring on level 2  |6, 6, 13, 14|
bad coloring on level 2  |6, 9, 13, 14|
bad coloring on level 2  |6, 11, 13, 14|
bad coloring on level 2  |6, 13, 13, 14|
bad coloring on level 2  |7, 7, 13, 14|
bad coloring on level 2  |7, 11, 13, 14|
bad coloring on level 2  |7, 13, 13, 14|
bad coloring on level 2  |7, 14, 13, 14|
bad coloring on level 2  |9, 9, 13, 14|
bad coloring on level 2  |9, 13, 13, 14|
bad coloring on level 2  |9, 14, 13, 14|
bad coloring on level 2  |11, 11, 13, 14|
bad coloring on level 2  |13, 13, 13, 14|
bad coloring on level 2  |13, 14, 13, 14|
bad coloring on level 2  |14, 14, 13, 14|
bad coloring on level 2  |0, 4, 14, 14|
bad coloring on level 2  |1, 13, 14, 14|
bad coloring on level 2  |2, 4, 14, 14|
bad coloring on level 2  |2, 7, 14, 14|
bad coloring on level 2  |2, 13, 14, 14|
bad coloring on level 2  |4, 4, 14, 14|
bad coloring on level 2  |4, 6, 14, 14|
bad coloring on level 2  |4, 7, 14, 14|
bad coloring on level 2  |4, 9, 14, 14|
bad coloring on level 2  |4, 11, 14, 14|
bad coloring on level 2  |4, 13, 14, 14|
bad coloring on level 2  |6, 13, 14, 14|
bad coloring on level 2  |7, 13, 14, 14|
bad coloring on level 2  |9, 13, 14, 14|
bad coloring on level 2  |13, 13, 14, 14|
bad coloring on level 2  |13, 14, 14, 14|

502 bad colorings on level 2
