Trying substitutions to: 11
with goodVertices 1, 2, 4, 5, 6, 7, 9, 13, 14
bad color to improve: 9  13  with index 112
bad color to improve: 9  14  with index 113
bad color to improve: 10  13  with index 118
bad color to improve: 13  14  with index 131
4 bad colorings on level 1
bad coloring on level 2  |5, 12, 0, 4|
bad coloring on level 2  |12, 15, 0, 4|
bad coloring on level 2  |1, 8, 0, 5|
bad coloring on level 2  |4, 8, 0, 5|
bad coloring on level 2  |6, 8, 0, 5|
bad coloring on level 2  |7, 8, 0, 5|
bad coloring on level 2  |8, 8, 0, 5|
bad coloring on level 2  |8, 11, 0, 5|
bad coloring on level 2  |8, 12, 0, 5|
bad coloring on level 2  |8, 15, 0, 5|
bad coloring on level 2  |5, 15, 0, 7|
bad coloring on level 2  |12, 15, 0, 7|
bad coloring on level 2  |4, 6, 0, 12|
bad coloring on level 2  |4, 15, 0, 12|
bad coloring on level 2  |6, 8, 0, 12|
bad coloring on level 2  |8, 15, 0, 12|
bad coloring on level 2  |1, 7, 0, 15|
bad coloring on level 2  |1, 8, 0, 15|
bad coloring on level 2  |7, 12, 0, 15|
bad coloring on level 2  |8, 12, 0, 15|
bad coloring on level 2  |0, 15, 1, 7|
bad coloring on level 2  |4, 15, 1, 7|
bad coloring on level 2  |5, 15, 1, 7|
bad coloring on level 2  |6, 8, 1, 7|
bad coloring on level 2  |6, 15, 1, 7|
bad coloring on level 2  |8, 15, 1, 7|
bad coloring on level 2  |11, 15, 1, 7|
bad coloring on level 2  |12, 15, 1, 7|
bad coloring on level 2  |15, 15, 1, 7|
bad coloring on level 2  |0, 5, 1, 8|
bad coloring on level 2  |0, 15, 1, 8|
bad coloring on level 2  |4, 6, 1, 8|
bad coloring on level 2  |4, 15, 1, 8|
bad coloring on level 2  |5, 15, 1, 8|
bad coloring on level 2  |6, 8, 1, 8|
bad coloring on level 2  |6, 15, 1, 8|
bad coloring on level 2  |8, 15, 1, 8|
bad coloring on level 2  |11, 15, 1, 8|
bad coloring on level 2  |12, 15, 1, 8|
bad coloring on level 2  |15, 15, 1, 8|
bad coloring on level 2  |4, 6, 1, 12|
bad coloring on level 2  |4, 15, 1, 12|
bad coloring on level 2  |6, 8, 1, 12|
bad coloring on level 2  |8, 15, 1, 12|
bad coloring on level 2  |5, 12, 2, 4|
bad coloring on level 2  |12, 15, 2, 4|
bad coloring on level 2  |5, 15, 2, 7|
bad coloring on level 2  |12, 15, 2, 7|
bad coloring on level 2  |5, 12, 4, 4|
bad coloring on level 2  |12, 15, 4, 4|
bad coloring on level 2  |0, 12, 4, 6|
bad coloring on level 2  |1, 8, 4, 6|
bad coloring on level 2  |1, 12, 4, 6|
bad coloring on level 2  |5, 12, 4, 6|
bad coloring on level 2  |7, 12, 4, 6|
bad coloring on level 2  |8, 12, 4, 6|
bad coloring on level 2  |11, 12, 4, 6|
bad coloring on level 2  |12, 12, 4, 6|
bad coloring on level 2  |12, 15, 4, 6|
bad coloring on level 2  |5, 12, 4, 7|
bad coloring on level 2  |5, 15, 4, 7|
bad coloring on level 2  |12, 15, 4, 7|
bad coloring on level 2  |0, 5, 4, 8|
bad coloring on level 2  |5, 12, 4, 8|
bad coloring on level 2  |12, 15, 4, 8|
bad coloring on level 2  |5, 12, 4, 11|
bad coloring on level 2  |12, 15, 4, 11|
bad coloring on level 2  |0, 12, 4, 15|
bad coloring on level 2  |1, 7, 4, 15|
bad coloring on level 2  |1, 8, 4, 15|
bad coloring on level 2  |1, 12, 4, 15|
bad coloring on level 2  |5, 12, 4, 15|
bad coloring on level 2  |7, 12, 4, 15|
bad coloring on level 2  |8, 12, 4, 15|
bad coloring on level 2  |11, 12, 4, 15|
bad coloring on level 2  |12, 12, 4, 15|
bad coloring on level 2  |12, 15, 4, 15|
bad coloring on level 2  |0, 4, 5, 12|
bad coloring on level 2  |2, 4, 5, 12|
bad coloring on level 2  |4, 4, 5, 12|
bad coloring on level 2  |4, 6, 5, 12|
bad coloring on level 2  |4, 7, 5, 12|
bad coloring on level 2  |4, 8, 5, 12|
bad coloring on level 2  |4, 11, 5, 12|
bad coloring on level 2  |4, 15, 5, 12|
bad coloring on level 2  |6, 8, 5, 12|
bad coloring on level 2  |8, 15, 5, 12|
bad coloring on level 2  |0, 7, 5, 15|
bad coloring on level 2  |1, 7, 5, 15|
bad coloring on level 2  |1, 8, 5, 15|
bad coloring on level 2  |2, 7, 5, 15|
bad coloring on level 2  |4, 7, 5, 15|
bad coloring on level 2  |7, 7, 5, 15|
bad coloring on level 2  |7, 8, 5, 15|
bad coloring on level 2  |7, 11, 5, 15|
bad coloring on level 2  |7, 12, 5, 15|
bad coloring on level 2  |8, 12, 5, 15|
bad coloring on level 2  |0, 5, 6, 8|
bad coloring on level 2  |0, 12, 6, 8|
bad coloring on level 2  |1, 7, 6, 8|
bad coloring on level 2  |1, 8, 6, 8|
bad coloring on level 2  |1, 12, 6, 8|
bad coloring on level 2  |5, 12, 6, 8|
bad coloring on level 2  |7, 12, 6, 8|
bad coloring on level 2  |8, 12, 6, 8|
bad coloring on level 2  |11, 12, 6, 8|
bad coloring on level 2  |12, 12, 6, 8|
bad coloring on level 2  |12, 15, 6, 8|
bad coloring on level 2  |1, 7, 6, 15|
bad coloring on level 2  |1, 8, 6, 15|
bad coloring on level 2  |7, 12, 6, 15|
bad coloring on level 2  |8, 12, 6, 15|
bad coloring on level 2  |5, 15, 7, 7|
bad coloring on level 2  |12, 15, 7, 7|
bad coloring on level 2  |0, 5, 7, 8|
bad coloring on level 2  |5, 15, 7, 8|
bad coloring on level 2  |12, 15, 7, 8|
bad coloring on level 2  |5, 15, 7, 11|
bad coloring on level 2  |12, 15, 7, 11|
bad coloring on level 2  |0, 15, 7, 12|
bad coloring on level 2  |4, 6, 7, 12|
bad coloring on level 2  |4, 15, 7, 12|
bad coloring on level 2  |5, 15, 7, 12|
bad coloring on level 2  |6, 8, 7, 12|
bad coloring on level 2  |6, 15, 7, 12|
bad coloring on level 2  |8, 15, 7, 12|
bad coloring on level 2  |11, 15, 7, 12|
bad coloring on level 2  |12, 15, 7, 12|
bad coloring on level 2  |15, 15, 7, 12|
bad coloring on level 2  |0, 5, 8, 8|
bad coloring on level 2  |12, 15, 8, 8|
bad coloring on level 2  |0, 5, 8, 11|
bad coloring on level 2  |12, 15, 8, 11|
bad coloring on level 2  |0, 5, 8, 12|
bad coloring on level 2  |0, 15, 8, 12|
bad coloring on level 2  |4, 6, 8, 12|
bad coloring on level 2  |4, 15, 8, 12|
bad coloring on level 2  |5, 15, 8, 12|
bad coloring on level 2  |6, 8, 8, 12|
bad coloring on level 2  |6, 15, 8, 12|
bad coloring on level 2  |8, 15, 8, 12|
bad coloring on level 2  |11, 15, 8, 12|
bad coloring on level 2  |12, 15, 8, 12|
bad coloring on level 2  |15, 15, 8, 12|
bad coloring on level 2  |0, 5, 8, 15|
bad coloring on level 2  |0, 12, 8, 15|
bad coloring on level 2  |1, 7, 8, 15|
bad coloring on level 2  |1, 8, 8, 15|
bad coloring on level 2  |1, 12, 8, 15|
bad coloring on level 2  |5, 12, 8, 15|
bad coloring on level 2  |7, 12, 8, 15|
bad coloring on level 2  |8, 12, 8, 15|
bad coloring on level 2  |11, 12, 8, 15|
bad coloring on level 2  |12, 12, 8, 15|
bad coloring on level 2  |12, 15, 8, 15|
bad coloring on level 2  |4, 6, 11, 12|
bad coloring on level 2  |4, 15, 11, 12|
bad coloring on level 2  |6, 8, 11, 12|
bad coloring on level 2  |8, 15, 11, 12|
bad coloring on level 2  |1, 7, 11, 15|
bad coloring on level 2  |1, 8, 11, 15|
bad coloring on level 2  |7, 12, 11, 15|
bad coloring on level 2  |8, 12, 11, 15|
bad coloring on level 2  |4, 6, 12, 12|
bad coloring on level 2  |4, 15, 12, 12|
bad coloring on level 2  |6, 8, 12, 12|
bad coloring on level 2  |8, 15, 12, 12|
bad coloring on level 2  |0, 4, 12, 15|
bad coloring on level 2  |0, 7, 12, 15|
bad coloring on level 2  |1, 7, 12, 15|
bad coloring on level 2  |1, 8, 12, 15|
bad coloring on level 2  |2, 4, 12, 15|
bad coloring on level 2  |2, 7, 12, 15|
bad coloring on level 2  |4, 4, 12, 15|
bad coloring on level 2  |4, 6, 12, 15|
bad coloring on level 2  |4, 7, 12, 15|
bad coloring on level 2  |4, 8, 12, 15|
bad coloring on level 2  |4, 11, 12, 15|
bad coloring on level 2  |4, 15, 12, 15|
bad coloring on level 2  |6, 8, 12, 15|
bad coloring on level 2  |7, 7, 12, 15|
bad coloring on level 2  |7, 8, 12, 15|
bad coloring on level 2  |7, 11, 12, 15|
bad coloring on level 2  |7, 12, 12, 15|
bad coloring on level 2  |8, 8, 12, 15|
bad coloring on level 2  |8, 11, 12, 15|
bad coloring on level 2  |8, 12, 12, 15|
bad coloring on level 2  |8, 15, 12, 15|
bad coloring on level 2  |1, 7, 15, 15|
bad coloring on level 2  |1, 8, 15, 15|
bad coloring on level 2  |7, 12, 15, 15|
bad coloring on level 2  |8, 12, 15, 15|

192 bad colorings on level 2
Sub sub problem :
Trying improving 0, 4, 5, 12 with subs:
Root to change : 4 with colors |2, 3, 5, 7, 9, 11, 12, 14, 15|
Root to change : 5 with colors |1, 3, 7, 8, 11, 12, 14|
Root to change : 12 with colors |1, 2, 5, 6, 9, 10, 11, 14, 15|
++++++++++++++++++++++
Trying improving 0, 4, 12, 15 with subs:
Root to change : 4 with colors |2, 5, 9, 11, 12, 14, 15|
Root to change : 12 with colors |3, 4, 5, 6, 8, 9, 10, 11, 15|
Root to change : 15 with colors |1, 3, 7, 8, 11, 12, 14|
++++++++++++++++++++++
Trying improving 0, 5, 1, 8 with subs:
Root to change : 0 with colors |1, 2, 5, 6, 9, 10, 11, 12, 14|
Root to change : 5 with colors |2, 3, 4, 7, 11, 12, 14|
Root to change : 8 with colors |1, 2, 5, 6, 7, 10, 11, 12, 13, 14|
++++++++++++++++++++++
Trying improving 0, 5, 4, 8 with subs:
Root to change : 0 with colors |1, 2, 5, 6, 9, 10, 11, 15|
Root to change : 5 with colors |2, 3, 4, 7, 9, 11, 12, 14, 15|
Root to change : 8 with colors |2, 3, 4, 6, 7, 9, 11, 13, 15|
++++++++++++++++++++++
Trying improving 0, 5, 6, 8 with subs:
Root to change : 0 with colors |1, 2, 5, 6, 9, 10, 11, 14, 15|
Root to change : 5 with colors |2, 3, 4, 7, 9, 11, 15|
Root to change : 8 with colors |1, 2, 4, 5, 6, 9, 10, 11, 13, 15|
++++++++++++++++++++++
Trying improving 0, 5, 7, 8 with subs:
Root to change : 0 with colors |1, 2, 5, 6, 10, 11, 12, 14|
Root to change : 5 with colors |2, 3, 4, 7, 9, 11, 12, 14, 15|
Root to change : 8 with colors |1, 2, 3, 4, 7, 11, 12, 13, 14|
++++++++++++++++++++++
Trying improving 0, 5, 8, 8 with subs:
Root to change : 0 with colors |1, 2, 5, 6, 9, 10, 11, 12, 14, 15|
Root to change : 5 with colors |2, 3, 4, 7, 9, 11, 12, 14, 15|
++++++++++++++++++++++
Trying improving 0, 5, 8, 11 with subs:
Root to change : 0 with colors |1, 2, 5, 6, 9, 10, 11, 12, 14, 15|
Root to change : 5 with colors |2, 3, 4, 7, 9, 11, 12, 14, 15|
Root to change : 8 with colors |1, 2, 4, 5, 6, 7, 11, 12, 15|
++++++++++++++++++++++
Trying improving 0, 5, 8, 12 with subs:
Root to change : 0 with colors |1, 2, 5, 6, 10, 11, 12, 14|
Root to change : 5 with colors |2, 3, 4, 7, 11, 12, 14|
Root to change : 8 with colors |1, 3, 5, 7, 10, 11, 12, 14, 15|
++++++++++++++++++++++
Trying improving 0, 5, 8, 15 with subs:
Root to change : 0 with colors |1, 2, 5, 6, 9, 10, 11, 15|
Root to change : 5 with colors |2, 3, 4, 7, 9, 11, 15|
Root to change : 8 with colors |3, 4, 5, 6, 9, 10, 11, 12, 15|
++++++++++++++++++++++
Trying improving 0, 7, 5, 15 with subs:
Root to change : 7 with colors |2, 3, 4, 5, 9, 11, 12, 14, 15|
Root to change : 5 with colors |3, 4, 6, 8, 9, 11, 15|
Root to change : 15 with colors |1, 2, 5, 6, 9, 10, 11, 12, 14|
++++++++++++++++++++++
Trying improving 0, 7, 12, 15 with subs:
Root to change : 7 with colors |2, 5, 9, 11, 12, 14, 15|
Root to change : 12 with colors |3, 4, 6, 8, 9, 11, 15|
Root to change : 15 with colors |1, 3, 5, 7, 8, 10, 11, 12, 14|
++++++++++++++++++++++
Trying improving 0, 12, 4, 6 with subs:
Root to change : 12 with colors |2, 3, 4, 5, 7, 9, 11, 14, 15|
Root to change : 4 with colors |1, 2, 5, 6, 9, 10, 11, 15|
Root to change : 6 with colors |2, 3, 4, 7, 8, 11, 13|
++++++++++++++++++++++
Trying improving 0, 12, 4, 15 with subs:
Root to change : 12 with colors |2, 3, 4, 5, 7, 9, 11, 14, 15|
Root to change : 4 with colors |5, 6, 9, 10, 11, 12, 15|
Root to change : 15 with colors |2, 3, 4, 7, 8, 11, 13|
++++++++++++++++++++++
Trying improving 0, 12, 6, 8 with subs:
Root to change : 12 with colors |2, 3, 4, 7, 9, 11, 15|
Root to change : 6 with colors |1, 3, 4, 7, 8, 11, 12, 13|
Root to change : 8 with colors |1, 2, 5, 6, 9, 10, 11, 15|
++++++++++++++++++++++
Trying improving 0, 12, 8, 15 with subs:
Root to change : 12 with colors |2, 3, 4, 7, 9, 11, 15|
Root to change : 8 with colors |5, 6, 9, 10, 11, 12, 15|
Root to change : 15 with colors |1, 3, 4, 7, 8, 11, 12, 13|
++++++++++++++++++++++
Trying improving 0, 15, 1, 7 with subs:
Root to change : 15 with colors |2, 3, 4, 5, 7, 9, 11, 12, 14|
Root to change : 1 with colors |2, 3, 4, 7, 8, 11, 13|
Root to change : 7 with colors |1, 2, 5, 6, 10, 11, 12, 14|
++++++++++++++++++++++
Trying improving 0, 15, 1, 8 with subs:
Root to change : 15 with colors |2, 3, 4, 7, 11, 12, 14|
Root to change : 1 with colors |3, 4, 6, 7, 8, 11, 13, 15|
Root to change : 8 with colors |1, 2, 5, 6, 10, 11, 12, 14|
++++++++++++++++++++++
Trying improving 0, 15, 7, 12 with subs:
Root to change : 15 with colors |2, 3, 4, 5, 7, 9, 11, 12, 14|
Root to change : 7 with colors |1, 5, 10, 11, 12, 14, 15|
Root to change : 12 with colors |2, 3, 4, 7, 8, 11, 13|
++++++++++++++++++++++
Trying improving 0, 15, 8, 12 with subs:
Root to change : 15 with colors |2, 3, 4, 7, 11, 12, 14|
Root to change : 8 with colors |1, 5, 10, 11, 12, 14, 15|
Root to change : 12 with colors |3, 4, 6, 7, 8, 11, 13, 15|
++++++++++++++++++++++
Trying improving 1, 7, 0, 15 with subs:
Root to change : 1 with colors |2, 3, 4, 7, 8, 11, 13|
Root to change : 7 with colors |1, 2, 5, 6, 10, 11, 12, 14|
Root to change : 15 with colors |2, 3, 4, 5, 7, 9, 11, 12, 14|
++++++++++++++++++++++
Trying improving 1, 7, 4, 15 with subs:
Root to change : 1 with colors |2, 3, 4, 7, 8, 11, 13|
Root to change : 15 with colors |2, 3, 4, 6, 7, 8, 9, 11, 13|
++++++++++++++++++++++
Trying improving 1, 7, 5, 15 with subs:
Root to change : 7 with colors |1, 2, 5, 6, 10, 11, 12, 14|
Root to change : 15 with colors |1, 2, 5, 6, 9, 10, 11, 12, 14|
++++++++++++++++++++++
Trying improving 1, 7, 6, 8 with subs:
Root to change : 1 with colors |2, 3, 4, 7, 8, 11, 13|
Root to change : 6 with colors |1, 3, 4, 7, 8, 11, 12, 13|
Root to change : 8 with colors |1, 2, 4, 5, 6, 9, 11, 13|
++++++++++++++++++++++
Trying improving 1, 7, 6, 15 with subs:
Root to change : 1 with colors |2, 3, 4, 7, 8, 11, 13|
Root to change : 7 with colors |1, 2, 5, 6, 10, 11, 12, 14|
Root to change : 15 with colors |1, 2, 4, 5, 6, 9, 11, 13|
++++++++++++++++++++++
Trying improving 1, 7, 8, 15 with subs:
Root to change : 1 with colors |2, 3, 4, 7, 8, 11, 13|
Root to change : 15 with colors |1, 3, 4, 7, 8, 11, 12, 13|
++++++++++++++++++++++
Trying improving 1, 7, 11, 15 with subs:
Root to change : 1 with colors |2, 3, 4, 7, 8, 11, 13|
Root to change : 7 with colors |1, 2, 5, 6, 10, 11, 12, 14|
Root to change : 15 with colors |1, 2, 4, 5, 6, 7, 8, 11, 12|
++++++++++++++++++++++
Trying improving 1, 7, 12, 15 with subs:
Root to change : 7 with colors |1, 2, 5, 6, 10, 11, 12, 14|
Root to change : 15 with colors |1, 3, 5, 7, 8, 10, 11, 12, 14|
++++++++++++++++++++++
Trying improving 1, 7, 15, 15 with subs:
Root to change : 1 with colors |2, 3, 4, 7, 8, 11, 13|
Root to change : 7 with colors |1, 2, 5, 6, 10, 11, 12, 14|
++++++++++++++++++++++
Trying improving 1, 8, 0, 5 with subs:
Root to change : 8 with colors |1, 2, 5, 6, 7, 10, 11, 12, 13, 14|
Root to change : 0 with colors |1, 2, 5, 6, 9, 10, 11, 12, 14|
Root to change : 5 with colors |2, 3, 4, 7, 11, 12, 14|
++++++++++++++++++++++
Trying improving 1, 8, 0, 15 with subs:
Root to change : 1 with colors |3, 4, 6, 7, 8, 11, 13, 15|
Root to change : 8 with colors |1, 2, 5, 6, 10, 11, 12, 14|
Root to change : 15 with colors |2, 3, 4, 7, 11, 12, 14|
++++++++++++++++++++++
Trying improving 1, 8, 4, 6 with subs:
Root to change : 1 with colors |3, 4, 6, 7, 8, 11, 13, 15|
Root to change : 8 with colors |1, 2, 5, 6, 7, 11, 13, 14|
Root to change : 6 with colors |2, 3, 4, 7, 8, 11, 13|
++++++++++++++++++++++
Trying improving 1, 8, 4, 15 with subs:
Root to change : 1 with colors |3, 4, 6, 7, 8, 11, 13, 15|
Root to change : 15 with colors |2, 3, 4, 7, 8, 11, 13|
++++++++++++++++++++++
Trying improving 1, 8, 5, 15 with subs:
Root to change : 8 with colors |1, 2, 5, 6, 10, 11, 12, 14|
Root to change : 15 with colors |1, 2, 5, 6, 10, 11, 12, 14|
++++++++++++++++++++++
Trying improving 1, 8, 6, 8 with subs:
Root to change : 1 with colors |3, 4, 6, 7, 8, 11, 13, 15|
Root to change : 6 with colors |1, 3, 4, 7, 8, 11, 12, 13|
++++++++++++++++++++++
Trying improving 1, 8, 6, 15 with subs:
Root to change : 1 with colors |3, 4, 6, 7, 8, 11, 13, 15|
Root to change : 8 with colors |1, 2, 5, 6, 10, 11, 12, 14|
++++++++++++++++++++++
Trying improving 1, 8, 8, 15 with subs:
Root to change : 1 with colors |3, 4, 6, 7, 8, 11, 13, 15|
Root to change : 15 with colors |1, 3, 4, 7, 8, 11, 12, 13|
++++++++++++++++++++++
Trying improving 1, 8, 11, 15 with subs:
Root to change : 1 with colors |3, 4, 6, 7, 8, 11, 13, 15|
Root to change : 8 with colors |1, 2, 5, 6, 10, 11, 12, 14|
Root to change : 15 with colors |1, 2, 4, 5, 6, 7, 8, 11, 12|
++++++++++++++++++++++
Trying improving 1, 8, 12, 15 with subs:
Root to change : 8 with colors |1, 2, 5, 6, 10, 11, 12, 14|
Root to change : 15 with colors |1, 3, 5, 7, 8, 10, 11, 12, 14|
++++++++++++++++++++++
Trying improving 1, 8, 15, 15 with subs:
Root to change : 1 with colors |3, 4, 6, 7, 8, 11, 13, 15|
Root to change : 8 with colors |1, 2, 5, 6, 10, 11, 12, 14|
++++++++++++++++++++++
Trying improving 1, 12, 4, 6 with subs:
Root to change : 12 with colors |1, 2, 5, 6, 7, 11, 13, 14|
Root to change : 4 with colors |1, 2, 5, 6, 9, 10, 11, 15|
Root to change : 6 with colors |2, 3, 4, 7, 8, 11, 13|
++++++++++++++++++++++
Trying improving 1, 12, 4, 15 with subs:
Root to change : 4 with colors |5, 6, 9, 10, 11, 12, 15|
Root to change : 15 with colors |2, 3, 4, 7, 8, 11, 13|
++++++++++++++++++++++
Trying improving 1, 12, 6, 8 with subs:
Root to change : 6 with colors |1, 3, 4, 7, 8, 11, 12, 13|
Root to change : 8 with colors |1, 2, 5, 6, 9, 10, 11, 15|
++++++++++++++++++++++
Trying improving 1, 12, 8, 15 with subs:
Root to change : 8 with colors |5, 6, 9, 10, 11, 12, 15|
Root to change : 15 with colors |1, 3, 4, 7, 8, 11, 12, 13|
++++++++++++++++++++++
Trying improving 2, 4, 5, 12 with subs:
Root to change : 4 with colors |1, 2, 5, 6, 7, 9, 11, 13, 14|
Root to change : 5 with colors |1, 3, 7, 8, 11, 12, 14|
Root to change : 12 with colors |1, 2, 5, 6, 9, 10, 11, 14, 15|
++++++++++++++++++++++
Trying improving 2, 4, 12, 15 with subs:
Root to change : 4 with colors |1, 2, 5, 6, 9, 11, 14|
Root to change : 12 with colors |3, 4, 5, 6, 8, 9, 10, 11, 15|
Root to change : 15 with colors |1, 3, 7, 8, 11, 12, 14|
++++++++++++++++++++++
Trying improving 2, 7, 5, 15 with subs:
Root to change : 7 with colors |1, 2, 4, 5, 6, 9, 11, 13, 14|
Root to change : 5 with colors |3, 4, 6, 8, 9, 11, 15|
Root to change : 15 with colors |1, 2, 5, 6, 9, 10, 11, 12, 14|
++++++++++++++++++++++
Trying improving 2, 7, 12, 15 with subs:
Root to change : 7 with colors |1, 2, 5, 6, 9, 11, 14|
Root to change : 12 with colors |3, 4, 6, 8, 9, 11, 15|
Root to change : 15 with colors |1, 3, 5, 7, 8, 10, 11, 12, 14|
++++++++++++++++++++++
Trying improving 4, 4, 5, 12 with subs:
Root to change : 5 with colors |1, 3, 7, 8, 11, 12, 14|
Root to change : 12 with colors |1, 2, 5, 6, 9, 10, 11, 14, 15|
++++++++++++++++++++++
Trying improving 4, 4, 12, 15 with subs:
Root to change : 12 with colors |3, 4, 5, 6, 8, 9, 10, 11, 15|
Root to change : 15 with colors |1, 3, 7, 8, 11, 12, 14|
++++++++++++++++++++++
Trying improving 4, 6, 0, 12 with subs:
Root to change : 4 with colors |1, 2, 5, 6, 9, 10, 11, 15|
Root to change : 6 with colors |2, 3, 4, 7, 8, 11, 13|
Root to change : 12 with colors |2, 3, 4, 5, 7, 9, 11, 14, 15|
++++++++++++++++++++++
Trying improving 4, 6, 1, 8 with subs:
Root to change : 6 with colors |2, 3, 4, 7, 8, 11, 13|
Root to change : 1 with colors |3, 4, 6, 7, 8, 11, 13, 15|
Root to change : 8 with colors |1, 2, 5, 6, 7, 11, 13, 14|
++++++++++++++++++++++
Trying improving 4, 6, 1, 12 with subs:
Root to change : 4 with colors |1, 2, 5, 6, 9, 10, 11, 15|
Root to change : 6 with colors |2, 3, 4, 7, 8, 11, 13|
Root to change : 12 with colors |1, 2, 5, 6, 7, 11, 13, 14|
++++++++++++++++++++++
Trying improving 4, 6, 5, 12 with subs:
Root to change : 4 with colors |1, 2, 5, 6, 9, 10, 11, 15|
Root to change : 12 with colors |1, 2, 5, 6, 9, 10, 11, 14, 15|
++++++++++++++++++++++
Trying improving 4, 6, 7, 12 with subs:
Root to change : 6 with colors |2, 3, 4, 7, 8, 11, 13|
Root to change : 12 with colors |1, 2, 3, 4, 7, 8, 11, 13, 14|
++++++++++++++++++++++
Trying improving 4, 6, 8, 12 with subs:
Root to change : 6 with colors |2, 3, 4, 7, 8, 11, 13|
Root to change : 12 with colors |3, 4, 6, 7, 8, 11, 13, 15|
++++++++++++++++++++++
Trying improving 4, 6, 11, 12 with subs:
Root to change : 4 with colors |1, 2, 5, 6, 9, 10, 11, 15|
Root to change : 6 with colors |2, 3, 4, 7, 8, 11, 13|
Root to change : 12 with colors |1, 2, 4, 5, 6, 7, 8, 11, 15|
++++++++++++++++++++++
Trying improving 4, 6, 12, 12 with subs:
Root to change : 4 with colors |1, 2, 5, 6, 9, 10, 11, 15|
Root to change : 6 with colors |2, 3, 4, 7, 8, 11, 13|
++++++++++++++++++++++
Trying improving 4, 6, 12, 15 with subs:
Root to change : 4 with colors |1, 2, 5, 6, 9, 10, 11, 15|
Root to change : 12 with colors |3, 4, 5, 6, 8, 9, 10, 11, 15|
++++++++++++++++++++++
Trying improving 4, 7, 5, 12 with subs:
Root to change : 4 with colors |1, 2, 3, 7, 8, 11, 12, 13, 14|
Root to change : 5 with colors |1, 3, 7, 8, 11, 12, 14|
Root to change : 12 with colors |1, 2, 5, 6, 9, 11, 14|
++++++++++++++++++++++
Trying improving 4, 7, 5, 15 with subs:
Root to change : 7 with colors |2, 3, 4, 6, 8, 9, 11, 13, 15|
Root to change : 5 with colors |3, 4, 6, 8, 9, 11, 15|
Root to change : 15 with colors |1, 2, 5, 6, 9, 11, 14|
++++++++++++++++++++++
Trying improving 4, 7, 12, 15 with subs:
Root to change : 12 with colors |3, 4, 6, 8, 9, 11, 15|
Root to change : 15 with colors |1, 3, 7, 8, 11, 12, 14|
++++++++++++++++++++++
Trying improving 4, 8, 0, 5 with subs:
Root to change : 8 with colors |2, 3, 4, 6, 7, 9, 11, 13, 15|
Root to change : 0 with colors |1, 2, 5, 6, 9, 10, 11, 15|
Root to change : 5 with colors |2, 3, 4, 7, 9, 11, 12, 14, 15|
++++++++++++++++++++++
Trying improving 4, 8, 5, 12 with subs:
Root to change : 5 with colors |1, 3, 7, 8, 11, 12, 14|
Root to change : 12 with colors |1, 2, 5, 6, 9, 10, 11, 15|
++++++++++++++++++++++
Trying improving 4, 8, 12, 15 with subs:
Root to change : 12 with colors |3, 4, 5, 6, 8, 9, 10, 11, 15|
Root to change : 15 with colors |1, 3, 7, 8, 11, 12, 14|
++++++++++++++++++++++
Trying improving 4, 11, 5, 12 with subs:
Root to change : 4 with colors |1, 2, 5, 6, 7, 8, 11, 12, 15|
Root to change : 5 with colors |1, 3, 7, 8, 11, 12, 14|
Root to change : 12 with colors |1, 2, 5, 6, 9, 10, 11, 14, 15|
++++++++++++++++++++++
Trying improving 4, 11, 12, 15 with subs:
Root to change : 4 with colors |1, 2, 5, 6, 11, 12, 15|
Root to change : 12 with colors |3, 4, 5, 6, 8, 9, 10, 11, 15|
Root to change : 15 with colors |1, 3, 7, 8, 11, 12, 14|
++++++++++++++++++++++
Trying improving 4, 15, 0, 12 with subs:
Root to change : 4 with colors |5, 6, 9, 10, 11, 12, 15|
Root to change : 15 with colors |2, 3, 4, 7, 8, 11, 13|
Root to change : 12 with colors |2, 3, 4, 5, 7, 9, 11, 14, 15|
++++++++++++++++++++++
Trying improving 4, 15, 1, 7 with subs:
Root to change : 15 with colors |2, 3, 4, 6, 7, 8, 9, 11, 13|
Root to change : 1 with colors |2, 3, 4, 7, 8, 11, 13|
++++++++++++++++++++++
Trying improving 4, 15, 1, 8 with subs:
Root to change : 15 with colors |2, 3, 4, 7, 8, 11, 13|
Root to change : 1 with colors |3, 4, 6, 7, 8, 11, 13, 15|
++++++++++++++++++++++
Trying improving 4, 15, 1, 12 with subs:
Root to change : 4 with colors |5, 6, 9, 10, 11, 12, 15|
Root to change : 15 with colors |2, 3, 4, 7, 8, 11, 13|
++++++++++++++++++++++
Trying improving 4, 15, 5, 12 with subs:
Root to change : 4 with colors |5, 6, 9, 10, 11, 12, 15|
Root to change : 12 with colors |1, 2, 5, 6, 9, 10, 11, 14, 15|
++++++++++++++++++++++
Trying improving 4, 15, 7, 12 with subs:
Root to change : 15 with colors |2, 3, 4, 7, 8, 11, 13|
Root to change : 12 with colors |2, 3, 4, 7, 8, 11, 13|
++++++++++++++++++++++
Trying improving 4, 15, 8, 12 with subs:
Root to change : 15 with colors |2, 3, 4, 7, 8, 11, 13|
Root to change : 12 with colors |3, 4, 6, 7, 8, 11, 13, 15|
++++++++++++++++++++++
Trying improving 4, 15, 11, 12 with subs:
Root to change : 4 with colors |5, 6, 9, 10, 11, 12, 15|
Root to change : 15 with colors |2, 3, 4, 7, 8, 11, 13|
Root to change : 12 with colors |1, 2, 4, 5, 6, 7, 8, 11, 15|
++++++++++++++++++++++
Trying improving 4, 15, 12, 12 with subs:
Root to change : 4 with colors |5, 6, 9, 10, 11, 12, 15|
Root to change : 15 with colors |2, 3, 4, 7, 8, 11, 13|
++++++++++++++++++++++
Trying improving 4, 15, 12, 15 with subs:
Root to change : 4 with colors |5, 6, 9, 10, 11, 12, 15|
Root to change : 12 with colors |3, 4, 5, 6, 8, 9, 10, 11, 15|
++++++++++++++++++++++
Trying improving 5, 12, 0, 4 with subs:
Root to change : 5 with colors |1, 3, 7, 8, 11, 12, 14|
Root to change : 12 with colors |1, 2, 5, 6, 9, 10, 11, 14, 15|
Root to change : 4 with colors |2, 3, 5, 7, 9, 11, 12, 14, 15|
++++++++++++++++++++++
Trying improving 5, 12, 2, 4 with subs:
Root to change : 5 with colors |1, 3, 7, 8, 11, 12, 14|
Root to change : 12 with colors |1, 2, 5, 6, 9, 10, 11, 14, 15|
Root to change : 4 with colors |1, 2, 5, 6, 7, 9, 11, 13, 14|
++++++++++++++++++++++
Trying improving 5, 12, 4, 4 with subs:
Root to change : 5 with colors |1, 3, 7, 8, 11, 12, 14|
Root to change : 12 with colors |1, 2, 5, 6, 9, 10, 11, 14, 15|
++++++++++++++++++++++
Trying improving 5, 12, 4, 6 with subs:
Root to change : 12 with colors |1, 2, 5, 6, 9, 10, 11, 14, 15|
Root to change : 4 with colors |1, 2, 5, 6, 9, 10, 11, 15|
++++++++++++++++++++++
Trying improving 5, 12, 4, 7 with subs:
Root to change : 5 with colors |1, 3, 7, 8, 11, 12, 14|
Root to change : 12 with colors |1, 2, 5, 6, 9, 11, 14|
Root to change : 4 with colors |1, 2, 3, 7, 8, 11, 12, 13, 14|
++++++++++++++++++++++
Trying improving 5, 12, 4, 8 with subs:
Root to change : 5 with colors |1, 3, 7, 8, 11, 12, 14|
Root to change : 12 with colors |1, 2, 5, 6, 9, 10, 11, 15|
++++++++++++++++++++++
Trying improving 5, 12, 4, 11 with subs:
Root to change : 5 with colors |1, 3, 7, 8, 11, 12, 14|
Root to change : 12 with colors |1, 2, 5, 6, 9, 10, 11, 14, 15|
Root to change : 4 with colors |1, 2, 5, 6, 7, 8, 11, 12, 15|
++++++++++++++++++++++
Trying improving 5, 12, 4, 15 with subs:
Root to change : 12 with colors |1, 2, 5, 6, 9, 10, 11, 14, 15|
Root to change : 4 with colors |5, 6, 9, 10, 11, 12, 15|
++++++++++++++++++++++
Trying improving 5, 12, 6, 8 with subs:
Root to change : 12 with colors |1, 2, 5, 6, 9, 10, 11, 15|
Root to change : 8 with colors |1, 2, 5, 6, 9, 10, 11, 15|
++++++++++++++++++++++
Trying improving 5, 12, 8, 15 with subs:
Root to change : 12 with colors |1, 2, 5, 6, 9, 10, 11, 15|
Root to change : 8 with colors |5, 6, 9, 10, 11, 12, 15|
++++++++++++++++++++++
Trying improving 5, 15, 0, 7 with subs:
Root to change : 5 with colors |3, 4, 6, 8, 9, 11, 15|
Root to change : 15 with colors |1, 2, 5, 6, 9, 10, 11, 12, 14|
Root to change : 7 with colors |2, 3, 4, 5, 9, 11, 12, 14, 15|
++++++++++++++++++++++
Trying improving 5, 15, 1, 7 with subs:
Root to change : 15 with colors |1, 2, 5, 6, 9, 10, 11, 12, 14|
Root to change : 7 with colors |1, 2, 5, 6, 10, 11, 12, 14|
++++++++++++++++++++++
Trying improving 5, 15, 1, 8 with subs:
Root to change : 15 with colors |1, 2, 5, 6, 10, 11, 12, 14|
Root to change : 8 with colors |1, 2, 5, 6, 10, 11, 12, 14|
++++++++++++++++++++++
Trying improving 5, 15, 2, 7 with subs:
Root to change : 5 with colors |3, 4, 6, 8, 9, 11, 15|
Root to change : 15 with colors |1, 2, 5, 6, 9, 10, 11, 12, 14|
Root to change : 7 with colors |1, 2, 4, 5, 6, 9, 11, 13, 14|
++++++++++++++++++++++
Trying improving 5, 15, 4, 7 with subs:
Root to change : 5 with colors |3, 4, 6, 8, 9, 11, 15|
Root to change : 15 with colors |1, 2, 5, 6, 9, 11, 14|
Root to change : 7 with colors |2, 3, 4, 6, 8, 9, 11, 13, 15|
++++++++++++++++++++++
Trying improving 5, 15, 7, 7 with subs:
Root to change : 5 with colors |3, 4, 6, 8, 9, 11, 15|
Root to change : 15 with colors |1, 2, 5, 6, 9, 10, 11, 12, 14|
++++++++++++++++++++++
Trying improving 5, 15, 7, 8 with subs:
Root to change : 5 with colors |3, 4, 6, 8, 9, 11, 15|
Root to change : 15 with colors |1, 2, 5, 6, 10, 11, 12, 14|
++++++++++++++++++++++
Trying improving 5, 15, 7, 11 with subs:
Root to change : 5 with colors |3, 4, 6, 8, 9, 11, 15|
Root to change : 15 with colors |1, 2, 5, 6, 9, 10, 11, 12, 14|
Root to change : 7 with colors |1, 2, 4, 5, 6, 8, 11, 12, 15|
++++++++++++++++++++++
Trying improving 5, 15, 7, 12 with subs:
Root to change : 15 with colors |1, 2, 5, 6, 9, 10, 11, 12, 14|
Root to change : 7 with colors |1, 5, 10, 11, 12, 14, 15|
++++++++++++++++++++++
Trying improving 5, 15, 8, 12 with subs:
Root to change : 15 with colors |1, 2, 5, 6, 10, 11, 12, 14|
Root to change : 8 with colors |1, 5, 10, 11, 12, 14, 15|
++++++++++++++++++++++
Trying improving 6, 8, 0, 5 with subs:
Root to change : 8 with colors |1, 2, 4, 5, 6, 9, 10, 11, 13, 15|
Root to change : 0 with colors |1, 2, 5, 6, 9, 10, 11, 14, 15|
Root to change : 5 with colors |2, 3, 4, 7, 9, 11, 15|
++++++++++++++++++++++
Trying improving 6, 8, 0, 12 with subs:
Root to change : 6 with colors |1, 3, 4, 7, 8, 11, 12, 13|
Root to change : 8 with colors |1, 2, 5, 6, 9, 10, 11, 15|
Root to change : 12 with colors |2, 3, 4, 7, 9, 11, 15|
++++++++++++++++++++++
Trying improving 6, 8, 1, 7 with subs:
Root to change : 6 with colors |1, 3, 4, 7, 8, 11, 12, 13|
Root to change : 8 with colors |1, 2, 4, 5, 6, 9, 11, 13|
Root to change : 1 with colors |2, 3, 4, 7, 8, 11, 13|
++++++++++++++++++++++
Trying improving 6, 8, 1, 8 with subs:
Root to change : 6 with colors |1, 3, 4, 7, 8, 11, 12, 13|
Root to change : 1 with colors |3, 4, 6, 7, 8, 11, 13, 15|
++++++++++++++++++++++
Trying improving 6, 8, 1, 12 with subs:
Root to change : 6 with colors |1, 3, 4, 7, 8, 11, 12, 13|
Root to change : 8 with colors |1, 2, 5, 6, 9, 10, 11, 15|
++++++++++++++++++++++
Trying improving 6, 8, 5, 12 with subs:
Root to change : 8 with colors |1, 2, 5, 6, 9, 10, 11, 15|
Root to change : 12 with colors |1, 2, 5, 6, 9, 10, 11, 15|
++++++++++++++++++++++
Trying improving 6, 8, 7, 12 with subs:
Root to change : 6 with colors |1, 3, 4, 7, 8, 11, 12, 13|
Root to change : 12 with colors |2, 3, 4, 7, 8, 11, 13|
++++++++++++++++++++++
Trying improving 6, 8, 8, 12 with subs:
Root to change : 6 with colors |1, 3, 4, 7, 8, 11, 12, 13|
Root to change : 12 with colors |3, 4, 6, 7, 8, 11, 13, 15|
++++++++++++++++++++++
Trying improving 6, 8, 11, 12 with subs:
Root to change : 6 with colors |1, 3, 4, 7, 8, 11, 12, 13|
Root to change : 8 with colors |1, 2, 5, 6, 9, 10, 11, 15|
Root to change : 12 with colors |1, 2, 4, 5, 6, 7, 8, 11, 15|
++++++++++++++++++++++
Trying improving 6, 8, 12, 12 with subs:
Root to change : 6 with colors |1, 3, 4, 7, 8, 11, 12, 13|
Root to change : 8 with colors |1, 2, 5, 6, 9, 10, 11, 15|
++++++++++++++++++++++
Trying improving 6, 8, 12, 15 with subs:
Root to change : 8 with colors |1, 2, 5, 6, 9, 10, 11, 15|
Root to change : 12 with colors |3, 4, 5, 6, 8, 9, 10, 11, 15|
++++++++++++++++++++++
Trying improving 6, 15, 1, 7 with subs:
Root to change : 15 with colors |1, 2, 4, 5, 6, 9, 11, 13|
Root to change : 1 with colors |2, 3, 4, 7, 8, 11, 13|
Root to change : 7 with colors |1, 2, 5, 6, 10, 11, 12, 14|
++++++++++++++++++++++
Trying improving 6, 15, 1, 8 with subs:
Root to change : 1 with colors |3, 4, 6, 7, 8, 11, 13, 15|
Root to change : 8 with colors |1, 2, 5, 6, 10, 11, 12, 14|
++++++++++++++++++++++
Trying improving 6, 15, 7, 12 with subs:
Root to change : 7 with colors |1, 5, 10, 11, 12, 14, 15|
Root to change : 12 with colors |2, 3, 4, 7, 8, 11, 13|
++++++++++++++++++++++
Trying improving 6, 15, 8, 12 with subs:
Root to change : 8 with colors |1, 5, 10, 11, 12, 14, 15|
Root to change : 12 with colors |3, 4, 6, 7, 8, 11, 13, 15|
++++++++++++++++++++++
Trying improving 7, 7, 5, 15 with subs:
Root to change : 5 with colors |3, 4, 6, 8, 9, 11, 15|
Root to change : 15 with colors |1, 2, 5, 6, 9, 10, 11, 12, 14|
++++++++++++++++++++++
Trying improving 7, 7, 12, 15 with subs:
Root to change : 12 with colors |3, 4, 6, 8, 9, 11, 15|
Root to change : 15 with colors |1, 3, 5, 7, 8, 10, 11, 12, 14|
++++++++++++++++++++++
Trying improving 7, 8, 0, 5 with subs:
Root to change : 8 with colors |1, 2, 3, 4, 7, 11, 12, 13, 14|
Root to change : 0 with colors |1, 2, 5, 6, 10, 11, 12, 14|
Root to change : 5 with colors |2, 3, 4, 7, 9, 11, 12, 14, 15|
++++++++++++++++++++++
Trying improving 7, 8, 5, 15 with subs:
Root to change : 5 with colors |3, 4, 6, 8, 9, 11, 15|
Root to change : 15 with colors |1, 2, 5, 6, 10, 11, 12, 14|
++++++++++++++++++++++
Trying improving 7, 8, 12, 15 with subs:
Root to change : 12 with colors |3, 4, 6, 8, 9, 11, 15|
Root to change : 15 with colors |1, 3, 5, 7, 8, 10, 11, 12, 14|
++++++++++++++++++++++
Trying improving 7, 11, 5, 15 with subs:
Root to change : 7 with colors |1, 2, 4, 5, 6, 8, 11, 12, 15|
Root to change : 5 with colors |3, 4, 6, 8, 9, 11, 15|
Root to change : 15 with colors |1, 2, 5, 6, 9, 10, 11, 12, 14|
++++++++++++++++++++++
Trying improving 7, 11, 12, 15 with subs:
Root to change : 7 with colors |1, 2, 5, 6, 11, 12, 15|
Root to change : 12 with colors |3, 4, 6, 8, 9, 11, 15|
Root to change : 15 with colors |1, 3, 5, 7, 8, 10, 11, 12, 14|
++++++++++++++++++++++
Trying improving 7, 12, 0, 15 with subs:
Root to change : 7 with colors |1, 5, 10, 11, 12, 14, 15|
Root to change : 12 with colors |2, 3, 4, 7, 8, 11, 13|
Root to change : 15 with colors |2, 3, 4, 5, 7, 9, 11, 12, 14|
++++++++++++++++++++++
Trying improving 7, 12, 4, 6 with subs:
Root to change : 12 with colors |1, 2, 3, 4, 7, 8, 11, 13, 14|
Root to change : 6 with colors |2, 3, 4, 7, 8, 11, 13|
++++++++++++++++++++++
Trying improving 7, 12, 4, 15 with subs:
Root to change : 12 with colors |2, 3, 4, 7, 8, 11, 13|
Root to change : 15 with colors |2, 3, 4, 7, 8, 11, 13|
++++++++++++++++++++++
Trying improving 7, 12, 5, 15 with subs:
Root to change : 7 with colors |1, 5, 10, 11, 12, 14, 15|
Root to change : 15 with colors |1, 2, 5, 6, 9, 10, 11, 12, 14|
++++++++++++++++++++++
Trying improving 7, 12, 6, 8 with subs:
Root to change : 12 with colors |2, 3, 4, 7, 8, 11, 13|
Root to change : 6 with colors |1, 3, 4, 7, 8, 11, 12, 13|
++++++++++++++++++++++
Trying improving 7, 12, 6, 15 with subs:
Root to change : 7 with colors |1, 5, 10, 11, 12, 14, 15|
Root to change : 12 with colors |2, 3, 4, 7, 8, 11, 13|
++++++++++++++++++++++
Trying improving 7, 12, 8, 15 with subs:
Root to change : 12 with colors |2, 3, 4, 7, 8, 11, 13|
Root to change : 15 with colors |1, 3, 4, 7, 8, 11, 12, 13|
++++++++++++++++++++++
Trying improving 7, 12, 11, 15 with subs:
Root to change : 7 with colors |1, 5, 10, 11, 12, 14, 15|
Root to change : 12 with colors |2, 3, 4, 7, 8, 11, 13|
Root to change : 15 with colors |1, 2, 4, 5, 6, 7, 8, 11, 12|
++++++++++++++++++++++
Trying improving 7, 12, 12, 15 with subs:
Root to change : 7 with colors |1, 5, 10, 11, 12, 14, 15|
Root to change : 15 with colors |1, 3, 5, 7, 8, 10, 11, 12, 14|
++++++++++++++++++++++
Trying improving 7, 12, 15, 15 with subs:
Root to change : 7 with colors |1, 5, 10, 11, 12, 14, 15|
Root to change : 12 with colors |2, 3, 4, 7, 8, 11, 13|
++++++++++++++++++++++
Trying improving 8, 8, 0, 5 with subs:
Root to change : 0 with colors |1, 2, 5, 6, 9, 10, 11, 12, 14, 15|
Root to change : 5 with colors |2, 3, 4, 7, 9, 11, 12, 14, 15|
++++++++++++++++++++++
Trying improving 8, 8, 12, 15 with subs:
Root to change : 12 with colors |3, 4, 5, 6, 8, 9, 10, 11, 15|
Root to change : 15 with colors |1, 3, 5, 7, 8, 10, 11, 12, 14|
++++++++++++++++++++++
Trying improving 8, 11, 0, 5 with subs:
Root to change : 8 with colors |1, 2, 4, 5, 6, 7, 11, 12, 15|
Root to change : 0 with colors |1, 2, 5, 6, 9, 10, 11, 12, 14, 15|
Root to change : 5 with colors |2, 3, 4, 7, 9, 11, 12, 14, 15|
++++++++++++++++++++++
Trying improving 8, 11, 12, 15 with subs:
Root to change : 8 with colors |1, 2, 5, 6, 11, 12, 15|
Root to change : 12 with colors |3, 4, 5, 6, 8, 9, 10, 11, 15|
Root to change : 15 with colors |1, 3, 5, 7, 8, 10, 11, 12, 14|
++++++++++++++++++++++
Trying improving 8, 12, 0, 5 with subs:
Root to change : 8 with colors |1, 3, 5, 7, 10, 11, 12, 14, 15|
Root to change : 0 with colors |1, 2, 5, 6, 10, 11, 12, 14|
Root to change : 5 with colors |2, 3, 4, 7, 11, 12, 14|
++++++++++++++++++++++
Trying improving 8, 12, 0, 15 with subs:
Root to change : 8 with colors |1, 5, 10, 11, 12, 14, 15|
Root to change : 12 with colors |3, 4, 6, 7, 8, 11, 13, 15|
Root to change : 15 with colors |2, 3, 4, 7, 11, 12, 14|
++++++++++++++++++++++
Trying improving 8, 12, 4, 6 with subs:
Root to change : 12 with colors |3, 4, 6, 7, 8, 11, 13, 15|
Root to change : 6 with colors |2, 3, 4, 7, 8, 11, 13|
++++++++++++++++++++++
Trying improving 8, 12, 4, 15 with subs:
Root to change : 12 with colors |3, 4, 6, 7, 8, 11, 13, 15|
Root to change : 15 with colors |2, 3, 4, 7, 8, 11, 13|
++++++++++++++++++++++
Trying improving 8, 12, 5, 15 with subs:
Root to change : 8 with colors |1, 5, 10, 11, 12, 14, 15|
Root to change : 15 with colors |1, 2, 5, 6, 10, 11, 12, 14|
++++++++++++++++++++++
Trying improving 8, 12, 6, 8 with subs:
Root to change : 12 with colors |3, 4, 6, 7, 8, 11, 13, 15|
Root to change : 6 with colors |1, 3, 4, 7, 8, 11, 12, 13|
++++++++++++++++++++++
Trying improving 8, 12, 6, 15 with subs:
Root to change : 8 with colors |1, 5, 10, 11, 12, 14, 15|
Root to change : 12 with colors |3, 4, 6, 7, 8, 11, 13, 15|
++++++++++++++++++++++
Trying improving 8, 12, 8, 15 with subs:
Root to change : 12 with colors |3, 4, 6, 7, 8, 11, 13, 15|
Root to change : 15 with colors |1, 3, 4, 7, 8, 11, 12, 13|
++++++++++++++++++++++
Trying improving 8, 12, 11, 15 with subs:
Root to change : 8 with colors |1, 5, 10, 11, 12, 14, 15|
Root to change : 12 with colors |3, 4, 6, 7, 8, 11, 13, 15|
Root to change : 15 with colors |1, 2, 4, 5, 6, 7, 8, 11, 12|
++++++++++++++++++++++
Trying improving 8, 12, 12, 15 with subs:
Root to change : 8 with colors |1, 5, 10, 11, 12, 14, 15|
Root to change : 15 with colors |1, 3, 5, 7, 8, 10, 11, 12, 14|
++++++++++++++++++++++
Trying improving 8, 12, 15, 15 with subs:
Root to change : 8 with colors |1, 5, 10, 11, 12, 14, 15|
Root to change : 12 with colors |3, 4, 6, 7, 8, 11, 13, 15|
++++++++++++++++++++++
Trying improving 8, 15, 0, 5 with subs:
Root to change : 8 with colors |3, 4, 5, 6, 9, 10, 11, 12, 15|
Root to change : 0 with colors |1, 2, 5, 6, 9, 10, 11, 15|
Root to change : 5 with colors |2, 3, 4, 7, 9, 11, 15|
++++++++++++++++++++++
Trying improving 8, 15, 0, 12 with subs:
Root to change : 8 with colors |5, 6, 9, 10, 11, 12, 15|
Root to change : 15 with colors |1, 3, 4, 7, 8, 11, 12, 13|
Root to change : 12 with colors |2, 3, 4, 7, 9, 11, 15|
++++++++++++++++++++++
Trying improving 8, 15, 1, 7 with subs:
Root to change : 15 with colors |1, 3, 4, 7, 8, 11, 12, 13|
Root to change : 1 with colors |2, 3, 4, 7, 8, 11, 13|
++++++++++++++++++++++
Trying improving 8, 15, 1, 8 with subs:
Root to change : 15 with colors |1, 3, 4, 7, 8, 11, 12, 13|
Root to change : 1 with colors |3, 4, 6, 7, 8, 11, 13, 15|
++++++++++++++++++++++
Trying improving 8, 15, 1, 12 with subs:
Root to change : 8 with colors |5, 6, 9, 10, 11, 12, 15|
Root to change : 15 with colors |1, 3, 4, 7, 8, 11, 12, 13|
++++++++++++++++++++++
Trying improving 8, 15, 5, 12 with subs:
Root to change : 8 with colors |5, 6, 9, 10, 11, 12, 15|
Root to change : 12 with colors |1, 2, 5, 6, 9, 10, 11, 15|
++++++++++++++++++++++
Trying improving 8, 15, 7, 12 with subs:
Root to change : 15 with colors |1, 3, 4, 7, 8, 11, 12, 13|
Root to change : 12 with colors |2, 3, 4, 7, 8, 11, 13|
++++++++++++++++++++++
Trying improving 8, 15, 8, 12 with subs:
Root to change : 15 with colors |1, 3, 4, 7, 8, 11, 12, 13|
Root to change : 12 with colors |3, 4, 6, 7, 8, 11, 13, 15|
++++++++++++++++++++++
Trying improving 8, 15, 11, 12 with subs:
Root to change : 8 with colors |5, 6, 9, 10, 11, 12, 15|
Root to change : 15 with colors |1, 3, 4, 7, 8, 11, 12, 13|
Root to change : 12 with colors |1, 2, 4, 5, 6, 7, 8, 11, 15|
++++++++++++++++++++++
Trying improving 8, 15, 12, 12 with subs:
Root to change : 8 with colors |5, 6, 9, 10, 11, 12, 15|
Root to change : 15 with colors |1, 3, 4, 7, 8, 11, 12, 13|
++++++++++++++++++++++
Trying improving 8, 15, 12, 15 with subs:
Root to change : 8 with colors |5, 6, 9, 10, 11, 12, 15|
Root to change : 12 with colors |3, 4, 5, 6, 8, 9, 10, 11, 15|
++++++++++++++++++++++
Trying improving 11, 12, 4, 6 with subs:
Root to change : 12 with colors |1, 2, 4, 5, 6, 7, 8, 11, 15|
Root to change : 4 with colors |1, 2, 5, 6, 9, 10, 11, 15|
Root to change : 6 with colors |2, 3, 4, 7, 8, 11, 13|
++++++++++++++++++++++
Trying improving 11, 12, 4, 15 with subs:
Root to change : 12 with colors |1, 2, 4, 5, 6, 7, 8, 11, 15|
Root to change : 4 with colors |5, 6, 9, 10, 11, 12, 15|
Root to change : 15 with colors |2, 3, 4, 7, 8, 11, 13|
++++++++++++++++++++++
Trying improving 11, 12, 6, 8 with subs:
Root to change : 12 with colors |1, 2, 4, 5, 6, 7, 8, 11, 15|
Root to change : 6 with colors |1, 3, 4, 7, 8, 11, 12, 13|
Root to change : 8 with colors |1, 2, 5, 6, 9, 10, 11, 15|
++++++++++++++++++++++
Trying improving 11, 12, 8, 15 with subs:
Root to change : 12 with colors |1, 2, 4, 5, 6, 7, 8, 11, 15|
Root to change : 8 with colors |5, 6, 9, 10, 11, 12, 15|
Root to change : 15 with colors |1, 3, 4, 7, 8, 11, 12, 13|
++++++++++++++++++++++
Trying improving 11, 15, 1, 7 with subs:
Root to change : 15 with colors |1, 2, 4, 5, 6, 7, 8, 11, 12|
Root to change : 1 with colors |2, 3, 4, 7, 8, 11, 13|
Root to change : 7 with colors |1, 2, 5, 6, 10, 11, 12, 14|
++++++++++++++++++++++
Trying improving 11, 15, 1, 8 with subs:
Root to change : 15 with colors |1, 2, 4, 5, 6, 7, 8, 11, 12|
Root to change : 1 with colors |3, 4, 6, 7, 8, 11, 13, 15|
Root to change : 8 with colors |1, 2, 5, 6, 10, 11, 12, 14|
++++++++++++++++++++++
Trying improving 11, 15, 7, 12 with subs:
Root to change : 15 with colors |1, 2, 4, 5, 6, 7, 8, 11, 12|
Root to change : 7 with colors |1, 5, 10, 11, 12, 14, 15|
Root to change : 12 with colors |2, 3, 4, 7, 8, 11, 13|
++++++++++++++++++++++
Trying improving 11, 15, 8, 12 with subs:
Root to change : 15 with colors |1, 2, 4, 5, 6, 7, 8, 11, 12|
Root to change : 8 with colors |1, 5, 10, 11, 12, 14, 15|
Root to change : 12 with colors |3, 4, 6, 7, 8, 11, 13, 15|
++++++++++++++++++++++
Trying improving 12, 12, 4, 6 with subs:
Root to change : 4 with colors |1, 2, 5, 6, 9, 10, 11, 15|
Root to change : 6 with colors |2, 3, 4, 7, 8, 11, 13|
++++++++++++++++++++++
Trying improving 12, 12, 4, 15 with subs:
Root to change : 4 with colors |5, 6, 9, 10, 11, 12, 15|
Root to change : 15 with colors |2, 3, 4, 7, 8, 11, 13|
++++++++++++++++++++++
Trying improving 12, 12, 6, 8 with subs:
Root to change : 6 with colors |1, 3, 4, 7, 8, 11, 12, 13|
Root to change : 8 with colors |1, 2, 5, 6, 9, 10, 11, 15|
++++++++++++++++++++++
Trying improving 12, 12, 8, 15 with subs:
Root to change : 8 with colors |5, 6, 9, 10, 11, 12, 15|
Root to change : 15 with colors |1, 3, 4, 7, 8, 11, 12, 13|
++++++++++++++++++++++
Trying improving 12, 15, 0, 4 with subs:
Root to change : 12 with colors |3, 4, 5, 6, 8, 9, 10, 11, 15|
Root to change : 15 with colors |1, 3, 7, 8, 11, 12, 14|
Root to change : 4 with colors |2, 5, 9, 11, 12, 14, 15|
++++++++++++++++++++++
Trying improving 12, 15, 0, 7 with subs:
Root to change : 12 with colors |3, 4, 6, 8, 9, 11, 15|
Root to change : 15 with colors |1, 3, 5, 7, 8, 10, 11, 12, 14|
Root to change : 7 with colors |2, 5, 9, 11, 12, 14, 15|
++++++++++++++++++++++
Trying improving 12, 15, 1, 7 with subs:
Root to change : 15 with colors |1, 3, 5, 7, 8, 10, 11, 12, 14|
Root to change : 7 with colors |1, 2, 5, 6, 10, 11, 12, 14|
++++++++++++++++++++++
Trying improving 12, 15, 1, 8 with subs:
Root to change : 15 with colors |1, 3, 5, 7, 8, 10, 11, 12, 14|
Root to change : 8 with colors |1, 2, 5, 6, 10, 11, 12, 14|
++++++++++++++++++++++
Trying improving 12, 15, 2, 4 with subs:
Root to change : 12 with colors |3, 4, 5, 6, 8, 9, 10, 11, 15|
Root to change : 15 with colors |1, 3, 7, 8, 11, 12, 14|
Root to change : 4 with colors |1, 2, 5, 6, 9, 11, 14|
++++++++++++++++++++++
Trying improving 12, 15, 2, 7 with subs:
Root to change : 12 with colors |3, 4, 6, 8, 9, 11, 15|
Root to change : 15 with colors |1, 3, 5, 7, 8, 10, 11, 12, 14|
Root to change : 7 with colors |1, 2, 5, 6, 9, 11, 14|
++++++++++++++++++++++
Trying improving 12, 15, 4, 4 with subs:
Root to change : 12 with colors |3, 4, 5, 6, 8, 9, 10, 11, 15|
Root to change : 15 with colors |1, 3, 7, 8, 11, 12, 14|
++++++++++++++++++++++
Trying improving 12, 15, 4, 6 with subs:
Root to change : 12 with colors |3, 4, 5, 6, 8, 9, 10, 11, 15|
Root to change : 4 with colors |1, 2, 5, 6, 9, 10, 11, 15|
++++++++++++++++++++++
Trying improving 12, 15, 4, 7 with subs:
Root to change : 12 with colors |3, 4, 6, 8, 9, 11, 15|
Root to change : 15 with colors |1, 3, 7, 8, 11, 12, 14|
++++++++++++++++++++++
Trying improving 12, 15, 4, 8 with subs:
Root to change : 12 with colors |3, 4, 5, 6, 8, 9, 10, 11, 15|
Root to change : 15 with colors |1, 3, 7, 8, 11, 12, 14|
++++++++++++++++++++++
Trying improving 12, 15, 4, 11 with subs:
Root to change : 12 with colors |3, 4, 5, 6, 8, 9, 10, 11, 15|
Root to change : 15 with colors |1, 3, 7, 8, 11, 12, 14|
Root to change : 4 with colors |1, 2, 5, 6, 11, 12, 15|
++++++++++++++++++++++
Trying improving 12, 15, 4, 15 with subs:
Root to change : 12 with colors |3, 4, 5, 6, 8, 9, 10, 11, 15|
Root to change : 4 with colors |5, 6, 9, 10, 11, 12, 15|
++++++++++++++++++++++
Trying improving 12, 15, 6, 8 with subs:
Root to change : 12 with colors |3, 4, 5, 6, 8, 9, 10, 11, 15|
Root to change : 8 with colors |1, 2, 5, 6, 9, 10, 11, 15|
++++++++++++++++++++++
Trying improving 12, 15, 7, 7 with subs:
Root to change : 12 with colors |3, 4, 6, 8, 9, 11, 15|
Root to change : 15 with colors |1, 3, 5, 7, 8, 10, 11, 12, 14|
++++++++++++++++++++++
Trying improving 12, 15, 7, 8 with subs:
Root to change : 12 with colors |3, 4, 6, 8, 9, 11, 15|
Root to change : 15 with colors |1, 3, 5, 7, 8, 10, 11, 12, 14|
++++++++++++++++++++++
Trying improving 12, 15, 7, 11 with subs:
Root to change : 12 with colors |3, 4, 6, 8, 9, 11, 15|
Root to change : 15 with colors |1, 3, 5, 7, 8, 10, 11, 12, 14|
Root to change : 7 with colors |1, 2, 5, 6, 11, 12, 15|
++++++++++++++++++++++
Trying improving 12, 15, 7, 12 with subs:
Root to change : 15 with colors |1, 3, 5, 7, 8, 10, 11, 12, 14|
Root to change : 7 with colors |1, 5, 10, 11, 12, 14, 15|
++++++++++++++++++++++
Trying improving 12, 15, 8, 8 with subs:
Root to change : 12 with colors |3, 4, 5, 6, 8, 9, 10, 11, 15|
Root to change : 15 with colors |1, 3, 5, 7, 8, 10, 11, 12, 14|
++++++++++++++++++++++
Trying improving 12, 15, 8, 11 with subs:
Root to change : 12 with colors |3, 4, 5, 6, 8, 9, 10, 11, 15|
Root to change : 15 with colors |1, 3, 5, 7, 8, 10, 11, 12, 14|
Root to change : 8 with colors |1, 2, 5, 6, 11, 12, 15|
++++++++++++++++++++++
Trying improving 12, 15, 8, 12 with subs:
Root to change : 15 with colors |1, 3, 5, 7, 8, 10, 11, 12, 14|
Root to change : 8 with colors |1, 5, 10, 11, 12, 14, 15|
++++++++++++++++++++++
Trying improving 12, 15, 8, 15 with subs:
Root to change : 12 with colors |3, 4, 5, 6, 8, 9, 10, 11, 15|
Root to change : 8 with colors |5, 6, 9, 10, 11, 12, 15|
++++++++++++++++++++++
Trying improving 15, 15, 1, 7 with subs:
Root to change : 1 with colors |2, 3, 4, 7, 8, 11, 13|
Root to change : 7 with colors |1, 2, 5, 6, 10, 11, 12, 14|
++++++++++++++++++++++
Trying improving 15, 15, 1, 8 with subs:
Root to change : 1 with colors |3, 4, 6, 7, 8, 11, 13, 15|
Root to change : 8 with colors |1, 2, 5, 6, 10, 11, 12, 14|
++++++++++++++++++++++
Trying improving 15, 15, 7, 12 with subs:
Root to change : 7 with colors |1, 5, 10, 11, 12, 14, 15|
Root to change : 12 with colors |2, 3, 4, 7, 8, 11, 13|
++++++++++++++++++++++
Trying improving 15, 15, 8, 12 with subs:
Root to change : 8 with colors |1, 5, 10, 11, 12, 14, 15|
Root to change : 12 with colors |3, 4, 6, 7, 8, 11, 13, 15|
++++++++++++++++++++++
Unable to be solved with SubSubProblem
