Trying substitutions to: 12
with goodVertices 1, 2, 3, 5, 7, 9, 10, 13, 14
bad color to improve: 2  9  with index 38
bad color to improve: 2  13  with index 42
bad color to improve: 6  13  with index 88
bad color to improve: 9  13  with index 112
4 bad colorings on level 1
bad coloring on level 2  |5, 11, 0, 3|
bad coloring on level 2  |1, 4, 0, 5|
bad coloring on level 2  |1, 8, 0, 5|
bad coloring on level 2  |4, 12, 0, 5|
bad coloring on level 2  |3, 15, 0, 6|
bad coloring on level 2  |8, 10, 0, 6|
bad coloring on level 2  |3, 15, 0, 11|
bad coloring on level 2  |8, 10, 0, 11|
bad coloring on level 2  |5, 11, 0, 13|
bad coloring on level 2  |0, 5, 1, 4|
bad coloring on level 2  |3, 15, 1, 4|
bad coloring on level 2  |8, 10, 1, 4|
bad coloring on level 2  |10, 15, 1, 4|
bad coloring on level 2  |3, 15, 1, 6|
bad coloring on level 2  |8, 10, 1, 6|
bad coloring on level 2  |0, 5, 1, 8|
bad coloring on level 2  |3, 15, 1, 8|
bad coloring on level 2  |8, 10, 1, 8|
bad coloring on level 2  |10, 15, 1, 8|
bad coloring on level 2  |3, 15, 1, 11|
bad coloring on level 2  |8, 10, 1, 11|
bad coloring on level 2  |3, 15, 1, 15|
bad coloring on level 2  |8, 10, 1, 15|
bad coloring on level 2  |5, 11, 3, 8|
bad coloring on level 2  |5, 11, 3, 12|
bad coloring on level 2  |0, 6, 3, 15|
bad coloring on level 2  |0, 11, 3, 15|
bad coloring on level 2  |1, 4, 3, 15|
bad coloring on level 2  |1, 6, 3, 15|
bad coloring on level 2  |1, 8, 3, 15|
bad coloring on level 2  |1, 11, 3, 15|
bad coloring on level 2  |1, 15, 3, 15|
bad coloring on level 2  |4, 11, 3, 15|
bad coloring on level 2  |4, 12, 3, 15|
bad coloring on level 2  |5, 11, 3, 15|
bad coloring on level 2  |6, 7, 3, 15|
bad coloring on level 2  |6, 8, 3, 15|
bad coloring on level 2  |6, 11, 3, 15|
bad coloring on level 2  |6, 12, 3, 15|
bad coloring on level 2  |7, 11, 3, 15|
bad coloring on level 2  |7, 15, 3, 15|
bad coloring on level 2  |8, 11, 3, 15|
bad coloring on level 2  |11, 11, 3, 15|
bad coloring on level 2  |11, 12, 3, 15|
bad coloring on level 2  |11, 15, 3, 15|
bad coloring on level 2  |8, 10, 4, 6|
bad coloring on level 2  |3, 15, 4, 11|
bad coloring on level 2  |8, 10, 4, 11|
bad coloring on level 2  |10, 15, 4, 11|
bad coloring on level 2  |0, 5, 4, 12|
bad coloring on level 2  |3, 15, 4, 12|
bad coloring on level 2  |8, 10, 4, 12|
bad coloring on level 2  |10, 15, 4, 12|
bad coloring on level 2  |0, 3, 5, 11|
bad coloring on level 2  |0, 13, 5, 11|
bad coloring on level 2  |3, 8, 5, 11|
bad coloring on level 2  |3, 12, 5, 11|
bad coloring on level 2  |3, 15, 5, 11|
bad coloring on level 2  |8, 10, 5, 11|
bad coloring on level 2  |12, 13, 5, 11|
bad coloring on level 2  |3, 15, 6, 7|
bad coloring on level 2  |8, 10, 6, 7|
bad coloring on level 2  |10, 15, 6, 7|
bad coloring on level 2  |3, 15, 6, 8|
bad coloring on level 2  |8, 10, 6, 8|
bad coloring on level 2  |10, 15, 6, 8|
bad coloring on level 2  |3, 15, 6, 11|
bad coloring on level 2  |8, 10, 6, 11|
bad coloring on level 2  |3, 15, 6, 12|
bad coloring on level 2  |8, 10, 6, 12|
bad coloring on level 2  |3, 15, 7, 11|
bad coloring on level 2  |8, 10, 7, 11|
bad coloring on level 2  |10, 15, 7, 11|
bad coloring on level 2  |3, 15, 7, 15|
bad coloring on level 2  |8, 10, 7, 15|
bad coloring on level 2  |10, 15, 7, 15|
bad coloring on level 2  |0, 6, 8, 10|
bad coloring on level 2  |0, 11, 8, 10|
bad coloring on level 2  |1, 4, 8, 10|
bad coloring on level 2  |1, 6, 8, 10|
bad coloring on level 2  |1, 8, 8, 10|
bad coloring on level 2  |1, 11, 8, 10|
bad coloring on level 2  |1, 15, 8, 10|
bad coloring on level 2  |4, 6, 8, 10|
bad coloring on level 2  |4, 11, 8, 10|
bad coloring on level 2  |4, 12, 8, 10|
bad coloring on level 2  |5, 11, 8, 10|
bad coloring on level 2  |6, 7, 8, 10|
bad coloring on level 2  |6, 8, 8, 10|
bad coloring on level 2  |6, 11, 8, 10|
bad coloring on level 2  |6, 12, 8, 10|
bad coloring on level 2  |7, 11, 8, 10|
bad coloring on level 2  |7, 15, 8, 10|
bad coloring on level 2  |8, 11, 8, 10|
bad coloring on level 2  |11, 11, 8, 10|
bad coloring on level 2  |11, 12, 8, 10|
bad coloring on level 2  |11, 15, 8, 10|
bad coloring on level 2  |3, 15, 8, 11|
bad coloring on level 2  |8, 10, 8, 11|
bad coloring on level 2  |10, 15, 8, 11|
bad coloring on level 2  |1, 4, 10, 15|
bad coloring on level 2  |1, 8, 10, 15|
bad coloring on level 2  |4, 11, 10, 15|
bad coloring on level 2  |4, 12, 10, 15|
bad coloring on level 2  |6, 7, 10, 15|
bad coloring on level 2  |6, 8, 10, 15|
bad coloring on level 2  |7, 11, 10, 15|
bad coloring on level 2  |7, 15, 10, 15|
bad coloring on level 2  |8, 11, 10, 15|
bad coloring on level 2  |3, 15, 11, 11|
bad coloring on level 2  |8, 10, 11, 11|
bad coloring on level 2  |3, 15, 11, 12|
bad coloring on level 2  |8, 10, 11, 12|
bad coloring on level 2  |3, 15, 11, 15|
bad coloring on level 2  |8, 10, 11, 15|
bad coloring on level 2  |5, 11, 12, 13|

116 bad colorings on level 2
Sub sub problem :
Trying improving 0, 3, 5, 11 with subs:
Root to change : 0 with colors |1, 2, 3, 7, 9, 10, 13, 14|
Root to change : 3 with colors |2, 4, 5, 6, 7, 8, 9, 10, 11, 12, 14, 15|
Root to change : 5 with colors |1, 2, 4, 6, 7, 8, 11, 12, 15|
Root to change : 11 with colors |1, 2, 5, 6, 9, 10, 12, 14, 15|
++++++++++++++++++++++
Trying improving 0, 5, 1, 4 with subs:
Root to change : 0 with colors |1, 2, 5, 6, 9, 10, 11, 12, 14, 15|
Root to change : 5 with colors |2, 3, 4, 6, 7, 8, 9, 10, 11, 12, 13, 14, 15|
Root to change : 1 with colors |2, 3, 4, 6, 7, 8, 9, 11, 13, 15|
Root to change : 4 with colors |1, 2, 3, 5, 6, 7, 9, 10, 11, 12, 13, 14, 15|
++++++++++++++++++++++
Trying improving 0, 5, 1, 8 with subs:
Root to change : 0 with colors |1, 2, 5, 6, 9, 10, 11, 12, 14, 15|
Root to change : 5 with colors |2, 3, 4, 6, 7, 8, 9, 10, 11, 12, 13, 14, 15|
Root to change : 1 with colors |2, 3, 4, 6, 7, 8, 10, 11, 12, 15|
Root to change : 8 with colors |1, 2, 3, 5, 6, 7, 9, 10, 11, 12, 13, 14, 15|
++++++++++++++++++++++
Trying improving 0, 5, 4, 12 with subs:
Root to change : 0 with colors |1, 2, 5, 6, 9, 10, 11, 12, 14, 15|
Root to change : 5 with colors |2, 3, 4, 6, 7, 8, 9, 10, 11, 12, 13, 14, 15|
Root to change : 4 with colors |1, 3, 5, 6, 7, 8, 9, 10, 11, 12, 13, 14, 15|
Root to change : 12 with colors |2, 3, 4, 6, 7, 8, 9, 11, 13, 15|
++++++++++++++++++++++
Trying improving 0, 6, 3, 15 with subs:
Root to change : 0 with colors |2, 4, 5, 6, 9, 10, 13, 15|
Root to change : 6 with colors |2, 3, 4, 5, 7, 9, 10, 12, 13, 14, 15|
Root to change : 3 with colors |1, 2, 4, 5, 6, 7, 8, 9, 10, 11, 12, 15|
Root to change : 15 with colors |1, 2, 3, 4, 7, 8, 9, 10, 12, 13, 14|
++++++++++++++++++++++
Trying improving 0, 6, 8, 10 with subs:
Root to change : 0 with colors |2, 5, 6, 9, 10, 13, 15|
Root to change : 6 with colors |2, 3, 4, 5, 7, 9, 10, 12, 13, 14, 15|
Root to change : 8 with colors |1, 2, 3, 5, 6, 7, 9, 10, 12, 13, 14, 15|
Root to change : 10 with colors |1, 2, 3, 4, 6, 7, 8, 11, 12, 13, 15|
++++++++++++++++++++++
Trying improving 0, 11, 3, 15 with subs:
Root to change : 11 with colors |2, 3, 4, 5, 7, 9, 10, 12, 13, 14, 15|
Root to change : 3 with colors |1, 2, 4, 5, 6, 7, 8, 9, 10, 11, 12, 15|
Root to change : 15 with colors |1, 2, 3, 4, 7, 8, 9, 10, 12, 13, 14|
++++++++++++++++++++++
Trying improving 0, 11, 8, 10 with subs:
Root to change : 11 with colors |2, 3, 4, 5, 7, 9, 10, 12, 13, 14, 15|
Root to change : 8 with colors |1, 2, 3, 5, 6, 7, 9, 10, 12, 13, 14, 15|
Root to change : 10 with colors |1, 2, 3, 4, 6, 7, 8, 11, 12, 13, 15|
++++++++++++++++++++++
Trying improving 0, 13, 5, 11 with subs:
Root to change : 0 with colors |1, 2, 3, 4, 6, 7, 8, 9, 10, 13, 14|
Root to change : 13 with colors |2, 4, 5, 6, 7, 8, 9, 10, 11, 12, 14, 15|
Root to change : 5 with colors |1, 2, 4, 6, 7, 8, 11, 12, 15|
Root to change : 11 with colors |1, 2, 5, 6, 9, 10, 12, 14, 15|
++++++++++++++++++++++
Trying improving 1, 4, 0, 5 with subs:
Root to change : 1 with colors |2, 3, 4, 6, 7, 8, 9, 11, 13, 15|
Root to change : 4 with colors |1, 2, 3, 5, 6, 7, 9, 10, 11, 12, 13, 14, 15|
Root to change : 0 with colors |1, 2, 5, 6, 9, 10, 11, 12, 14, 15|
Root to change : 5 with colors |2, 3, 4, 6, 7, 8, 9, 10, 11, 12, 13, 14, 15|
++++++++++++++++++++++
Trying improving 1, 4, 3, 15 with subs:
Root to change : 1 with colors |2, 3, 4, 6, 7, 8, 9, 13, 15|
Root to change : 4 with colors |1, 2, 3, 5, 7, 9, 10, 12, 13, 14|
Root to change : 3 with colors |1, 2, 4, 5, 6, 7, 8, 11, 12, 15|
Root to change : 15 with colors |1, 2, 3, 4, 7, 8, 9, 10, 12, 13, 14|
++++++++++++++++++++++
Trying improving 1, 4, 8, 10 with subs:
Root to change : 1 with colors |3, 4, 7, 8, 9, 13, 15|
Root to change : 4 with colors |1, 2, 3, 5, 7, 9, 10, 12, 13, 14|
Root to change : 8 with colors |1, 2, 3, 5, 7, 9, 10, 12, 13, 14|
Root to change : 10 with colors |1, 2, 3, 4, 6, 7, 8, 11, 12, 13, 15|
++++++++++++++++++++++
Trying improving 1, 4, 10, 15 with subs:
Root to change : 1 with colors |2, 3, 4, 6, 7, 8, 9, 13, 15|
Root to change : 4 with colors |1, 2, 3, 5, 6, 7, 9, 10, 11, 12, 13, 14, 15|
Root to change : 10 with colors |1, 2, 4, 5, 6, 7, 8, 11, 12, 15|
Root to change : 15 with colors |1, 2, 3, 5, 7, 9, 10, 12, 13, 14|
++++++++++++++++++++++
Trying improving 1, 6, 3, 15 with subs:
Root to change : 1 with colors |2, 4, 5, 6, 9, 10, 13, 15|
Root to change : 6 with colors |1, 2, 3, 5, 7, 9, 10, 12, 13, 14|
Root to change : 3 with colors |1, 2, 4, 5, 6, 7, 8, 9, 10, 11, 12, 15|
Root to change : 15 with colors |1, 2, 3, 4, 7, 8, 9, 10, 12, 13, 14|
++++++++++++++++++++++
Trying improving 1, 6, 8, 10 with subs:
Root to change : 6 with colors |1, 2, 3, 5, 7, 9, 10, 12, 13, 14|
Root to change : 8 with colors |1, 2, 3, 5, 6, 7, 9, 10, 12, 13, 14, 15|
Root to change : 10 with colors |1, 2, 3, 4, 6, 7, 8, 11, 12, 13, 15|
++++++++++++++++++++++
Trying improving 1, 8, 0, 5 with subs:
Root to change : 1 with colors |2, 3, 4, 6, 7, 8, 10, 11, 12, 15|
Root to change : 8 with colors |1, 2, 3, 5, 6, 7, 9, 10, 11, 12, 13, 14, 15|
Root to change : 0 with colors |1, 2, 5, 6, 9, 10, 11, 12, 14, 15|
Root to change : 5 with colors |2, 3, 4, 6, 7, 8, 9, 10, 11, 12, 13, 14, 15|
++++++++++++++++++++++
Trying improving 1, 8, 3, 15 with subs:
Root to change : 1 with colors |3, 4, 7, 8, 10, 12, 13, 15|
Root to change : 8 with colors |1, 2, 3, 5, 7, 9, 10, 12, 13, 14|
Root to change : 3 with colors |1, 2, 4, 5, 6, 7, 8, 11, 12, 15|
Root to change : 15 with colors |1, 2, 3, 4, 7, 8, 9, 10, 12, 13, 14|
++++++++++++++++++++++
Trying improving 1, 8, 8, 10 with subs:
Root to change : 1 with colors |3, 4, 7, 8, 10, 12, 13, 15|
Root to change : 8 with colors |1, 2, 3, 5, 7, 9, 10, 12, 13, 14|
Root to change : 8 with colors |1, 2, 3, 5, 7, 9, 10, 12, 13, 14|
Root to change : 10 with colors |1, 2, 3, 4, 6, 7, 8, 11, 12, 13, 15|
++++++++++++++++++++++
Trying improving 1, 8, 10, 15 with subs:
Root to change : 1 with colors |3, 4, 7, 8, 10, 12, 13, 15|
Root to change : 8 with colors |1, 2, 3, 5, 6, 7, 9, 10, 11, 12, 13, 14, 15|
Root to change : 10 with colors |1, 2, 4, 5, 6, 7, 8, 11, 12, 15|
Root to change : 15 with colors |1, 2, 3, 5, 7, 9, 10, 12, 13, 14|
++++++++++++++++++++++
Trying improving 1, 11, 3, 15 with subs:
Root to change : 11 with colors |1, 2, 3, 5, 7, 9, 10, 12, 13, 14|
Root to change : 3 with colors |1, 2, 4, 5, 6, 7, 8, 9, 10, 11, 12, 15|
Root to change : 15 with colors |1, 2, 3, 4, 7, 8, 9, 10, 12, 13, 14|
++++++++++++++++++++++
Trying improving 1, 11, 8, 10 with subs:
Root to change : 11 with colors |1, 2, 3, 5, 7, 9, 10, 12, 13, 14|
Root to change : 8 with colors |1, 2, 3, 5, 6, 7, 9, 10, 12, 13, 14, 15|
Root to change : 10 with colors |1, 2, 3, 4, 6, 7, 8, 11, 12, 13, 15|
++++++++++++++++++++++
Trying improving 1, 15, 3, 15 with subs:
Root to change : 1 with colors |3, 4, 5, 6, 8, 9, 10, 12, 15|
Root to change : 15 with colors |1, 2, 3, 5, 7, 9, 10, 12, 13, 14|
Root to change : 3 with colors |1, 2, 4, 5, 6, 7, 8, 9, 10, 11, 12, 15|
Root to change : 15 with colors |1, 2, 3, 4, 7, 8, 9, 10, 12, 13, 14|
++++++++++++++++++++++
Trying improving 1, 15, 8, 10 with subs:
Root to change : 1 with colors |3, 4, 5, 6, 8, 9, 10, 12, 15|
Root to change : 15 with colors |1, 2, 3, 5, 7, 9, 10, 12, 13, 14|
Root to change : 8 with colors |1, 2, 3, 5, 6, 7, 9, 10, 12, 13, 14, 15|
Root to change : 10 with colors |1, 2, 3, 4, 6, 7, 8, 11, 12, 13, 15|
++++++++++++++++++++++
Trying improving 3, 8, 5, 11 with subs:
Root to change : 3 with colors |1, 2, 4, 6, 7, 8, 11, 12, 15|
Root to change : 8 with colors |1, 2, 3, 7, 9, 10, 13, 14|
Root to change : 5 with colors |1, 2, 4, 6, 7, 8, 11, 12, 15|
Root to change : 11 with colors |1, 2, 5, 6, 9, 10, 12, 14, 15|
++++++++++++++++++++++
Trying improving 3, 12, 5, 11 with subs:
Root to change : 3 with colors |1, 4, 5, 6, 7, 8, 9, 10, 11, 12, 14, 15|
Root to change : 12 with colors |1, 2, 3, 7, 9, 10, 13, 14|
Root to change : 5 with colors |1, 2, 4, 6, 7, 8, 11, 12, 15|
Root to change : 11 with colors |1, 2, 5, 6, 9, 10, 12, 14, 15|
++++++++++++++++++++++
Trying improving 3, 15, 0, 6 with subs:
Root to change : 3 with colors |1, 2, 4, 5, 6, 7, 8, 9, 10, 11, 12, 15|
Root to change : 15 with colors |1, 2, 3, 4, 7, 8, 9, 10, 12, 13, 14|
Root to change : 0 with colors |2, 4, 5, 6, 9, 10, 13, 15|
Root to change : 6 with colors |2, 3, 4, 5, 7, 9, 10, 12, 13, 14, 15|
++++++++++++++++++++++
Trying improving 3, 15, 0, 11 with subs:
Root to change : 3 with colors |1, 2, 4, 5, 6, 7, 8, 9, 10, 11, 12, 15|
Root to change : 15 with colors |1, 2, 3, 4, 7, 8, 9, 10, 12, 13, 14|
Root to change : 11 with colors |2, 3, 4, 5, 7, 9, 10, 12, 13, 14, 15|
++++++++++++++++++++++
Trying improving 3, 15, 1, 4 with subs:
Root to change : 3 with colors |1, 2, 4, 5, 6, 7, 8, 11, 12, 15|
Root to change : 15 with colors |1, 2, 3, 4, 7, 8, 9, 10, 12, 13, 14|
Root to change : 1 with colors |2, 3, 4, 6, 7, 8, 9, 13, 15|
Root to change : 4 with colors |1, 2, 3, 5, 7, 9, 10, 12, 13, 14|
++++++++++++++++++++++
Trying improving 3, 15, 1, 6 with subs:
Root to change : 3 with colors |1, 2, 4, 5, 6, 7, 8, 9, 10, 11, 12, 15|
Root to change : 15 with colors |1, 2, 3, 4, 7, 8, 9, 10, 12, 13, 14|
Root to change : 1 with colors |2, 4, 5, 6, 9, 10, 13, 15|
Root to change : 6 with colors |1, 2, 3, 5, 7, 9, 10, 12, 13, 14|
++++++++++++++++++++++
Trying improving 3, 15, 1, 8 with subs:
Root to change : 3 with colors |1, 2, 4, 5, 6, 7, 8, 11, 12, 15|
Root to change : 15 with colors |1, 2, 3, 4, 7, 8, 9, 10, 12, 13, 14|
Root to change : 1 with colors |3, 4, 7, 8, 10, 12, 13, 15|
Root to change : 8 with colors |1, 2, 3, 5, 7, 9, 10, 12, 13, 14|
++++++++++++++++++++++
Trying improving 3, 15, 1, 11 with subs:
Root to change : 3 with colors |1, 2, 4, 5, 6, 7, 8, 9, 10, 11, 12, 15|
Root to change : 15 with colors |1, 2, 3, 4, 7, 8, 9, 10, 12, 13, 14|
Root to change : 11 with colors |1, 2, 3, 5, 7, 9, 10, 12, 13, 14|
++++++++++++++++++++++
Trying improving 3, 15, 1, 15 with subs:
Root to change : 3 with colors |1, 2, 4, 5, 6, 7, 8, 9, 10, 11, 12, 15|
Root to change : 15 with colors |1, 2, 3, 4, 7, 8, 9, 10, 12, 13, 14|
Root to change : 1 with colors |3, 4, 5, 6, 8, 9, 10, 12, 15|
Root to change : 15 with colors |1, 2, 3, 5, 7, 9, 10, 12, 13, 14|
++++++++++++++++++++++
Trying improving 3, 15, 4, 11 with subs:
Root to change : 3 with colors |1, 2, 4, 5, 6, 7, 8, 11, 12, 15|
Root to change : 15 with colors |1, 2, 3, 4, 7, 8, 9, 10, 12, 13, 14|
Root to change : 11 with colors |2, 3, 4, 6, 7, 8, 9, 13, 15|
++++++++++++++++++++++
Trying improving 3, 15, 4, 12 with subs:
Root to change : 3 with colors |1, 2, 4, 5, 6, 7, 8, 11, 12, 15|
Root to change : 15 with colors |1, 2, 3, 4, 7, 8, 9, 10, 12, 13, 14|
Root to change : 4 with colors |1, 3, 5, 7, 8, 9, 10, 12, 13, 14, 15|
Root to change : 12 with colors |2, 3, 4, 6, 7, 8, 9, 13, 15|
++++++++++++++++++++++
Trying improving 3, 15, 5, 11 with subs:
Root to change : 3 with colors |1, 2, 4, 5, 6, 7, 8, 9, 10, 11, 12, 15|
Root to change : 15 with colors |1, 2, 3, 7, 9, 10, 13, 14|
Root to change : 11 with colors |1, 2, 5, 6, 9, 10, 12, 14, 15|
++++++++++++++++++++++
Trying improving 3, 15, 6, 7 with subs:
Root to change : 3 with colors |1, 2, 4, 5, 6, 7, 8, 11, 12, 15|
Root to change : 15 with colors |1, 2, 3, 4, 7, 8, 9, 10, 12, 13, 14|
Root to change : 6 with colors |1, 2, 3, 4, 7, 8, 9, 10, 12, 13, 14|
Root to change : 7 with colors |2, 4, 5, 6, 9, 10, 13, 15|
++++++++++++++++++++++
Trying improving 3, 15, 6, 8 with subs:
Root to change : 3 with colors |1, 2, 4, 5, 6, 7, 8, 11, 12, 15|
Root to change : 15 with colors |1, 2, 3, 4, 7, 8, 9, 10, 12, 13, 14|
Root to change : 6 with colors |3, 4, 7, 8, 10, 12, 13, 15|
Root to change : 8 with colors |2, 4, 5, 6, 9, 10, 13, 15|
++++++++++++++++++++++
Trying improving 3, 15, 6, 11 with subs:
Root to change : 3 with colors |1, 2, 4, 5, 6, 7, 8, 9, 10, 11, 12, 15|
Root to change : 15 with colors |1, 2, 3, 4, 7, 8, 9, 10, 12, 13, 14|
Root to change : 11 with colors |2, 4, 5, 6, 9, 10, 13, 15|
++++++++++++++++++++++
Trying improving 3, 15, 6, 12 with subs:
Root to change : 3 with colors |1, 2, 4, 5, 6, 7, 8, 9, 10, 11, 12, 15|
Root to change : 15 with colors |1, 2, 3, 4, 7, 8, 9, 10, 12, 13, 14|
Root to change : 6 with colors |1, 3, 5, 7, 8, 9, 10, 12, 13, 14, 15|
Root to change : 12 with colors |2, 4, 5, 6, 9, 10, 13, 15|
++++++++++++++++++++++
Trying improving 3, 15, 7, 11 with subs:
Root to change : 3 with colors |1, 2, 4, 5, 6, 7, 8, 11, 12, 15|
Root to change : 15 with colors |1, 2, 3, 4, 7, 8, 9, 10, 12, 13, 14|
Root to change : 11 with colors |1, 2, 3, 4, 7, 8, 9, 10, 12, 13, 14|
++++++++++++++++++++++
Trying improving 3, 15, 7, 15 with subs:
Root to change : 3 with colors |1, 2, 4, 5, 6, 7, 8, 11, 12, 15|
Root to change : 15 with colors |1, 2, 3, 4, 7, 8, 9, 10, 12, 13, 14|
Root to change : 7 with colors |3, 4, 5, 6, 8, 9, 10, 12, 15|
Root to change : 15 with colors |1, 2, 3, 4, 7, 8, 9, 10, 12, 13, 14|
++++++++++++++++++++++
Trying improving 3, 15, 8, 11 with subs:
Root to change : 3 with colors |1, 2, 4, 5, 6, 7, 8, 11, 12, 15|
Root to change : 15 with colors |1, 2, 3, 4, 7, 8, 9, 10, 12, 13, 14|
Root to change : 11 with colors |3, 4, 7, 8, 10, 12, 13, 15|
++++++++++++++++++++++
Trying improving 3, 15, 11, 11 with subs:
Root to change : 3 with colors |1, 2, 4, 5, 6, 7, 8, 9, 10, 11, 12, 15|
Root to change : 15 with colors |1, 2, 3, 4, 7, 8, 9, 10, 12, 13, 14|
++++++++++++++++++++++
Trying improving 3, 15, 11, 12 with subs:
Root to change : 3 with colors |1, 2, 4, 5, 6, 7, 8, 9, 10, 11, 12, 15|
Root to change : 15 with colors |1, 2, 3, 4, 7, 8, 9, 10, 12, 13, 14|
Root to change : 11 with colors |1, 3, 5, 7, 8, 9, 10, 12, 13, 14, 15|
++++++++++++++++++++++
Trying improving 3, 15, 11, 15 with subs:
Root to change : 3 with colors |1, 2, 4, 5, 6, 7, 8, 9, 10, 11, 12, 15|
Root to change : 15 with colors |1, 2, 3, 4, 7, 8, 9, 10, 12, 13, 14|
Root to change : 11 with colors |3, 4, 5, 6, 8, 9, 10, 12, 15|
++++++++++++++++++++++
Trying improving 4, 6, 8, 10 with subs:
Root to change : 6 with colors |3, 4, 7, 8, 9, 13, 15|
Root to change : 8 with colors |1, 2, 3, 5, 6, 7, 9, 10, 12, 13, 14, 15|
Root to change : 10 with colors |1, 2, 3, 4, 6, 7, 8, 11, 12, 13, 15|
++++++++++++++++++++++
Trying improving 4, 11, 3, 15 with subs:
Root to change : 11 with colors |2, 3, 4, 6, 7, 8, 9, 13, 15|
Root to change : 3 with colors |1, 2, 4, 5, 6, 7, 8, 11, 12, 15|
Root to change : 15 with colors |1, 2, 3, 4, 7, 8, 9, 10, 12, 13, 14|
++++++++++++++++++++++
Trying improving 4, 11, 8, 10 with subs:
Root to change : 11 with colors |3, 4, 7, 8, 9, 13, 15|
Root to change : 8 with colors |1, 2, 3, 5, 7, 9, 10, 12, 13, 14|
Root to change : 10 with colors |1, 2, 3, 4, 6, 7, 8, 11, 12, 13, 15|
++++++++++++++++++++++
Trying improving 4, 11, 10, 15 with subs:
Root to change : 4 with colors |1, 2, 5, 6, 11, 12, 15|
Root to change : 11 with colors |2, 3, 4, 6, 7, 8, 9, 13, 15|
Root to change : 10 with colors |1, 2, 4, 5, 6, 7, 8, 11, 12, 15|
Root to change : 15 with colors |1, 2, 3, 5, 7, 9, 10, 12, 13, 14|
++++++++++++++++++++++
Trying improving 4, 12, 0, 5 with subs:
Root to change : 4 with colors |1, 3, 5, 6, 7, 8, 9, 10, 11, 12, 13, 14, 15|
Root to change : 12 with colors |2, 3, 4, 6, 7, 8, 9, 11, 13, 15|
Root to change : 0 with colors |1, 2, 5, 6, 9, 10, 11, 12, 14, 15|
Root to change : 5 with colors |2, 3, 4, 6, 7, 8, 9, 10, 11, 12, 13, 14, 15|
++++++++++++++++++++++
Trying improving 4, 12, 3, 15 with subs:
Root to change : 4 with colors |1, 3, 5, 7, 8, 9, 10, 12, 13, 14, 15|
Root to change : 12 with colors |2, 3, 4, 6, 7, 8, 9, 13, 15|
Root to change : 3 with colors |1, 2, 4, 5, 6, 7, 8, 11, 12, 15|
Root to change : 15 with colors |1, 2, 3, 4, 7, 8, 9, 10, 12, 13, 14|
++++++++++++++++++++++
Trying improving 4, 12, 8, 10 with subs:
Root to change : 4 with colors |1, 3, 5, 7, 8, 9, 10, 12, 13, 14, 15|
Root to change : 12 with colors |3, 4, 7, 8, 9, 13, 15|
Root to change : 8 with colors |1, 2, 3, 5, 7, 9, 10, 12, 13, 14|
Root to change : 10 with colors |1, 2, 3, 4, 6, 7, 8, 11, 12, 13, 15|
++++++++++++++++++++++
Trying improving 4, 12, 10, 15 with subs:
Root to change : 4 with colors |1, 3, 5, 6, 7, 8, 9, 10, 11, 12, 13, 14, 15|
Root to change : 12 with colors |2, 3, 4, 6, 7, 8, 9, 13, 15|
Root to change : 10 with colors |1, 2, 4, 5, 6, 7, 8, 11, 12, 15|
Root to change : 15 with colors |1, 2, 3, 5, 7, 9, 10, 12, 13, 14|
++++++++++++++++++++++
Trying improving 5, 11, 0, 3 with subs:
Root to change : 5 with colors |1, 2, 4, 6, 7, 8, 11, 12, 15|
Root to change : 11 with colors |1, 2, 5, 6, 9, 10, 12, 14, 15|
Root to change : 0 with colors |1, 2, 3, 7, 9, 10, 13, 14|
Root to change : 3 with colors |2, 4, 5, 6, 7, 8, 9, 10, 11, 12, 14, 15|
++++++++++++++++++++++
Trying improving 5, 11, 0, 13 with subs:
Root to change : 5 with colors |1, 2, 4, 6, 7, 8, 11, 12, 15|
Root to change : 11 with colors |1, 2, 5, 6, 9, 10, 12, 14, 15|
Root to change : 0 with colors |1, 2, 3, 4, 6, 7, 8, 9, 10, 13, 14|
Root to change : 13 with colors |2, 4, 5, 6, 7, 8, 9, 10, 11, 12, 14, 15|
++++++++++++++++++++++
Trying improving 5, 11, 3, 8 with subs:
Root to change : 5 with colors |1, 2, 4, 6, 7, 8, 11, 12, 15|
Root to change : 11 with colors |1, 2, 5, 6, 9, 10, 12, 14, 15|
Root to change : 3 with colors |1, 2, 4, 6, 7, 8, 11, 12, 15|
Root to change : 8 with colors |1, 2, 3, 7, 9, 10, 13, 14|
++++++++++++++++++++++
Trying improving 5, 11, 3, 12 with subs:
Root to change : 5 with colors |1, 2, 4, 6, 7, 8, 11, 12, 15|
Root to change : 11 with colors |1, 2, 5, 6, 9, 10, 12, 14, 15|
Root to change : 3 with colors |1, 4, 5, 6, 7, 8, 9, 10, 11, 12, 14, 15|
Root to change : 12 with colors |1, 2, 3, 7, 9, 10, 13, 14|
++++++++++++++++++++++
Trying improving 5, 11, 3, 15 with subs:
Root to change : 11 with colors |1, 2, 5, 6, 9, 10, 12, 14, 15|
Root to change : 3 with colors |1, 2, 4, 5, 6, 7, 8, 9, 10, 11, 12, 15|
Root to change : 15 with colors |1, 2, 3, 7, 9, 10, 13, 14|
++++++++++++++++++++++
Trying improving 5, 11, 8, 10 with subs:
Root to change : 11 with colors |1, 2, 5, 6, 9, 10, 12, 14, 15|
Root to change : 8 with colors |1, 2, 3, 5, 6, 7, 9, 10, 12, 13, 14, 15|
Root to change : 10 with colors |1, 2, 4, 6, 7, 8, 11, 12, 15|
++++++++++++++++++++++
Trying improving 5, 11, 12, 13 with subs:
Root to change : 5 with colors |1, 2, 4, 6, 7, 8, 11, 12, 15|
Root to change : 11 with colors |1, 2, 5, 6, 9, 10, 12, 14, 15|
Root to change : 12 with colors |1, 2, 3, 4, 6, 7, 9, 10, 13, 14|
Root to change : 13 with colors |1, 4, 5, 6, 7, 8, 9, 10, 11, 12, 14, 15|
++++++++++++++++++++++
Trying improving 6, 7, 3, 15 with subs:
Root to change : 6 with colors |1, 2, 3, 4, 7, 8, 9, 10, 12, 13, 14|
Root to change : 7 with colors |2, 4, 5, 6, 9, 10, 13, 15|
Root to change : 3 with colors |1, 2, 4, 5, 6, 7, 8, 11, 12, 15|
Root to change : 15 with colors |1, 2, 3, 4, 7, 8, 9, 10, 12, 13, 14|
++++++++++++++++++++++
Trying improving 6, 7, 8, 10 with subs:
Root to change : 6 with colors |1, 2, 3, 4, 7, 8, 9, 10, 12, 13, 14|
Root to change : 8 with colors |1, 2, 3, 5, 7, 9, 10, 12, 13, 14|
Root to change : 10 with colors |1, 2, 3, 4, 6, 7, 8, 11, 12, 13, 15|
++++++++++++++++++++++
Trying improving 6, 7, 10, 15 with subs:
Root to change : 6 with colors |1, 2, 3, 4, 7, 8, 9, 10, 12, 13, 14|
Root to change : 7 with colors |1, 2, 4, 5, 6, 9, 10, 11, 12, 13, 15|
Root to change : 10 with colors |1, 2, 4, 5, 6, 7, 8, 11, 12, 15|
Root to change : 15 with colors |1, 2, 3, 5, 7, 9, 10, 12, 13, 14|
++++++++++++++++++++++
Trying improving 6, 8, 3, 15 with subs:
Root to change : 6 with colors |3, 4, 7, 8, 10, 12, 13, 15|
Root to change : 8 with colors |2, 4, 5, 6, 9, 10, 13, 15|
Root to change : 3 with colors |1, 2, 4, 5, 6, 7, 8, 11, 12, 15|
Root to change : 15 with colors |1, 2, 3, 4, 7, 8, 9, 10, 12, 13, 14|
++++++++++++++++++++++
Trying improving 6, 8, 8, 10 with subs:
Root to change : 6 with colors |3, 4, 7, 8, 10, 12, 13, 15|
Root to change : 8 with colors |1, 2, 3, 5, 7, 9, 10, 12, 13, 14|
Root to change : 10 with colors |1, 2, 3, 4, 6, 7, 8, 11, 12, 13, 15|
++++++++++++++++++++++
Trying improving 6, 8, 10, 15 with subs:
Root to change : 6 with colors |3, 4, 7, 8, 10, 12, 13, 15|
Root to change : 8 with colors |1, 2, 4, 5, 6, 9, 10, 11, 12, 13, 15|
Root to change : 10 with colors |1, 2, 4, 5, 6, 7, 8, 11, 12, 15|
Root to change : 15 with colors |1, 2, 3, 5, 7, 9, 10, 12, 13, 14|
++++++++++++++++++++++
Trying improving 6, 11, 3, 15 with subs:
Root to change : 11 with colors |2, 4, 5, 6, 9, 10, 13, 15|
Root to change : 3 with colors |1, 2, 4, 5, 6, 7, 8, 9, 10, 11, 12, 15|
Root to change : 15 with colors |1, 2, 3, 4, 7, 8, 9, 10, 12, 13, 14|
++++++++++++++++++++++
Trying improving 6, 11, 8, 10 with subs:
Root to change : 8 with colors |1, 2, 3, 5, 6, 7, 9, 10, 12, 13, 14, 15|
Root to change : 10 with colors |1, 2, 3, 4, 6, 7, 8, 11, 12, 13, 15|
++++++++++++++++++++++
Trying improving 6, 12, 3, 15 with subs:
Root to change : 6 with colors |1, 3, 5, 7, 8, 9, 10, 12, 13, 14, 15|
Root to change : 12 with colors |2, 4, 5, 6, 9, 10, 13, 15|
Root to change : 3 with colors |1, 2, 4, 5, 6, 7, 8, 9, 10, 11, 12, 15|
Root to change : 15 with colors |1, 2, 3, 4, 7, 8, 9, 10, 12, 13, 14|
++++++++++++++++++++++
Trying improving 6, 12, 8, 10 with subs:
Root to change : 6 with colors |1, 3, 5, 7, 8, 9, 10, 12, 13, 14, 15|
Root to change : 8 with colors |1, 2, 3, 5, 6, 7, 9, 10, 12, 13, 14, 15|
Root to change : 10 with colors |1, 2, 3, 4, 6, 7, 8, 11, 12, 13, 15|
++++++++++++++++++++++
Trying improving 7, 11, 3, 15 with subs:
Root to change : 11 with colors |1, 2, 3, 4, 7, 8, 9, 10, 12, 13, 14|
Root to change : 3 with colors |1, 2, 4, 5, 6, 7, 8, 11, 12, 15|
Root to change : 15 with colors |1, 2, 3, 4, 7, 8, 9, 10, 12, 13, 14|
++++++++++++++++++++++
Trying improving 7, 11, 8, 10 with subs:
Root to change : 11 with colors |1, 2, 3, 4, 7, 8, 9, 10, 12, 13, 14|
Root to change : 8 with colors |1, 2, 3, 5, 7, 9, 10, 12, 13, 14|
Root to change : 10 with colors |1, 2, 3, 4, 6, 7, 8, 11, 12, 13, 15|
++++++++++++++++++++++
Trying improving 7, 11, 10, 15 with subs:
Root to change : 7 with colors |1, 2, 5, 6, 11, 12, 15|
Root to change : 11 with colors |1, 2, 3, 4, 7, 8, 9, 10, 12, 13, 14|
Root to change : 10 with colors |1, 2, 4, 5, 6, 7, 8, 11, 12, 15|
Root to change : 15 with colors |1, 2, 3, 5, 7, 9, 10, 12, 13, 14|
++++++++++++++++++++++
Trying improving 7, 15, 3, 15 with subs:
Root to change : 7 with colors |3, 4, 5, 6, 8, 9, 10, 12, 15|
Root to change : 15 with colors |1, 2, 3, 4, 7, 8, 9, 10, 12, 13, 14|
Root to change : 3 with colors |1, 2, 4, 5, 6, 7, 8, 11, 12, 15|
Root to change : 15 with colors |1, 2, 3, 4, 7, 8, 9, 10, 12, 13, 14|
++++++++++++++++++++++
Trying improving 7, 15, 8, 10 with subs:
Root to change : 7 with colors |3, 4, 5, 6, 8, 9, 10, 12, 15|
Root to change : 15 with colors |1, 2, 3, 4, 7, 8, 9, 10, 12, 13, 14|
Root to change : 8 with colors |1, 2, 3, 5, 7, 9, 10, 12, 13, 14|
Root to change : 10 with colors |1, 2, 3, 4, 6, 7, 8, 11, 12, 13, 15|
++++++++++++++++++++++
Trying improving 7, 15, 10, 15 with subs:
Root to change : 7 with colors |1, 2, 3, 4, 5, 6, 8, 9, 10, 11, 12, 15|
Root to change : 15 with colors |1, 2, 3, 4, 7, 8, 9, 10, 12, 13, 14|
Root to change : 10 with colors |1, 2, 4, 5, 6, 7, 8, 11, 12, 15|
Root to change : 15 with colors |1, 2, 3, 5, 7, 9, 10, 12, 13, 14|
++++++++++++++++++++++
Trying improving 8, 10, 0, 6 with subs:
Root to change : 8 with colors |1, 2, 3, 5, 6, 7, 9, 10, 12, 13, 14, 15|
Root to change : 10 with colors |1, 2, 3, 4, 6, 7, 8, 11, 12, 13, 15|
Root to change : 0 with colors |2, 5, 6, 9, 10, 13, 15|
Root to change : 6 with colors |2, 3, 4, 5, 7, 9, 10, 12, 13, 14, 15|
++++++++++++++++++++++
Trying improving 8, 10, 0, 11 with subs:
Root to change : 8 with colors |1, 2, 3, 5, 6, 7, 9, 10, 12, 13, 14, 15|
Root to change : 10 with colors |1, 2, 3, 4, 6, 7, 8, 11, 12, 13, 15|
Root to change : 11 with colors |2, 3, 4, 5, 7, 9, 10, 12, 13, 14, 15|
++++++++++++++++++++++
Trying improving 8, 10, 1, 4 with subs:
Root to change : 8 with colors |1, 2, 3, 5, 7, 9, 10, 12, 13, 14|
Root to change : 10 with colors |1, 2, 3, 4, 6, 7, 8, 11, 12, 13, 15|
Root to change : 1 with colors |3, 4, 7, 8, 9, 13, 15|
Root to change : 4 with colors |1, 2, 3, 5, 7, 9, 10, 12, 13, 14|
++++++++++++++++++++++
Trying improving 8, 10, 1, 6 with subs:
Root to change : 8 with colors |1, 2, 3, 5, 6, 7, 9, 10, 12, 13, 14, 15|
Root to change : 10 with colors |1, 2, 3, 4, 6, 7, 8, 11, 12, 13, 15|
Root to change : 6 with colors |1, 2, 3, 5, 7, 9, 10, 12, 13, 14|
++++++++++++++++++++++
Trying improving 8, 10, 1, 8 with subs:
Root to change : 8 with colors |1, 2, 3, 5, 7, 9, 10, 12, 13, 14|
Root to change : 10 with colors |1, 2, 3, 4, 6, 7, 8, 11, 12, 13, 15|
Root to change : 1 with colors |3, 4, 7, 8, 10, 12, 13, 15|
Root to change : 8 with colors |1, 2, 3, 5, 7, 9, 10, 12, 13, 14|
++++++++++++++++++++++
Trying improving 8, 10, 1, 11 with subs:
Root to change : 8 with colors |1, 2, 3, 5, 6, 7, 9, 10, 12, 13, 14, 15|
Root to change : 10 with colors |1, 2, 3, 4, 6, 7, 8, 11, 12, 13, 15|
Root to change : 11 with colors |1, 2, 3, 5, 7, 9, 10, 12, 13, 14|
++++++++++++++++++++++
Trying improving 8, 10, 1, 15 with subs:
Root to change : 8 with colors |1, 2, 3, 5, 6, 7, 9, 10, 12, 13, 14, 15|
Root to change : 10 with colors |1, 2, 3, 4, 6, 7, 8, 11, 12, 13, 15|
Root to change : 1 with colors |3, 4, 5, 6, 8, 9, 10, 12, 15|
Root to change : 15 with colors |1, 2, 3, 5, 7, 9, 10, 12, 13, 14|
++++++++++++++++++++++
Trying improving 8, 10, 4, 6 with subs:
Root to change : 8 with colors |1, 2, 3, 5, 6, 7, 9, 10, 12, 13, 14, 15|
Root to change : 10 with colors |1, 2, 3, 4, 6, 7, 8, 11, 12, 13, 15|
Root to change : 6 with colors |3, 4, 7, 8, 9, 13, 15|
++++++++++++++++++++++
Trying improving 8, 10, 4, 11 with subs:
Root to change : 8 with colors |1, 2, 3, 5, 7, 9, 10, 12, 13, 14|
Root to change : 10 with colors |1, 2, 3, 4, 6, 7, 8, 11, 12, 13, 15|
Root to change : 11 with colors |3, 4, 7, 8, 9, 13, 15|
++++++++++++++++++++++
Trying improving 8, 10, 4, 12 with subs:
Root to change : 8 with colors |1, 2, 3, 5, 7, 9, 10, 12, 13, 14|
Root to change : 10 with colors |1, 2, 3, 4, 6, 7, 8, 11, 12, 13, 15|
Root to change : 4 with colors |1, 3, 5, 7, 8, 9, 10, 12, 13, 14, 15|
Root to change : 12 with colors |3, 4, 7, 8, 9, 13, 15|
++++++++++++++++++++++
Trying improving 8, 10, 5, 11 with subs:
Root to change : 8 with colors |1, 2, 3, 5, 6, 7, 9, 10, 12, 13, 14, 15|
Root to change : 10 with colors |1, 2, 4, 6, 7, 8, 11, 12, 15|
Root to change : 11 with colors |1, 2, 5, 6, 9, 10, 12, 14, 15|
++++++++++++++++++++++
Trying improving 8, 10, 6, 7 with subs:
Root to change : 8 with colors |1, 2, 3, 5, 7, 9, 10, 12, 13, 14|
Root to change : 10 with colors |1, 2, 3, 4, 6, 7, 8, 11, 12, 13, 15|
Root to change : 6 with colors |1, 2, 3, 4, 7, 8, 9, 10, 12, 13, 14|
++++++++++++++++++++++
Trying improving 8, 10, 6, 8 with subs:
Root to change : 8 with colors |1, 2, 3, 5, 7, 9, 10, 12, 13, 14|
Root to change : 10 with colors |1, 2, 3, 4, 6, 7, 8, 11, 12, 13, 15|
Root to change : 6 with colors |3, 4, 7, 8, 10, 12, 13, 15|
++++++++++++++++++++++
Trying improving 8, 10, 6, 11 with subs:
Root to change : 8 with colors |1, 2, 3, 5, 6, 7, 9, 10, 12, 13, 14, 15|
Root to change : 10 with colors |1, 2, 3, 4, 6, 7, 8, 11, 12, 13, 15|
++++++++++++++++++++++
Trying improving 8, 10, 6, 12 with subs:
Root to change : 8 with colors |1, 2, 3, 5, 6, 7, 9, 10, 12, 13, 14, 15|
Root to change : 10 with colors |1, 2, 3, 4, 6, 7, 8, 11, 12, 13, 15|
Root to change : 6 with colors |1, 3, 5, 7, 8, 9, 10, 12, 13, 14, 15|
++++++++++++++++++++++
Trying improving 8, 10, 7, 11 with subs:
Root to change : 8 with colors |1, 2, 3, 5, 7, 9, 10, 12, 13, 14|
Root to change : 10 with colors |1, 2, 3, 4, 6, 7, 8, 11, 12, 13, 15|
Root to change : 11 with colors |1, 2, 3, 4, 7, 8, 9, 10, 12, 13, 14|
++++++++++++++++++++++
Trying improving 8, 10, 7, 15 with subs:
Root to change : 8 with colors |1, 2, 3, 5, 7, 9, 10, 12, 13, 14|
Root to change : 10 with colors |1, 2, 3, 4, 6, 7, 8, 11, 12, 13, 15|
Root to change : 7 with colors |3, 4, 5, 6, 8, 9, 10, 12, 15|
Root to change : 15 with colors |1, 2, 3, 4, 7, 8, 9, 10, 12, 13, 14|
++++++++++++++++++++++
Trying improving 8, 10, 8, 11 with subs:
Root to change : 8 with colors |1, 2, 3, 5, 7, 9, 10, 12, 13, 14|
Root to change : 10 with colors |1, 2, 3, 4, 6, 7, 8, 11, 12, 13, 15|
Root to change : 11 with colors |3, 4, 7, 8, 10, 12, 13, 15|
++++++++++++++++++++++
Trying improving 8, 10, 11, 11 with subs:
Root to change : 8 with colors |1, 2, 3, 5, 6, 7, 9, 10, 12, 13, 14, 15|
Root to change : 10 with colors |1, 2, 3, 4, 6, 7, 8, 11, 12, 13, 15|
++++++++++++++++++++++
Trying improving 8, 10, 11, 12 with subs:
Root to change : 8 with colors |1, 2, 3, 5, 6, 7, 9, 10, 12, 13, 14, 15|
Root to change : 10 with colors |1, 2, 3, 4, 6, 7, 8, 11, 12, 13, 15|
Root to change : 11 with colors |1, 3, 5, 7, 8, 9, 10, 12, 13, 14, 15|
++++++++++++++++++++++
Trying improving 8, 10, 11, 15 with subs:
Root to change : 8 with colors |1, 2, 3, 5, 6, 7, 9, 10, 12, 13, 14, 15|
Root to change : 10 with colors |1, 2, 3, 4, 6, 7, 8, 11, 12, 13, 15|
Root to change : 11 with colors |3, 4, 5, 6, 8, 9, 10, 12, 15|
++++++++++++++++++++++
Trying improving 8, 11, 3, 15 with subs:
Root to change : 11 with colors |3, 4, 7, 8, 10, 12, 13, 15|
Root to change : 3 with colors |1, 2, 4, 5, 6, 7, 8, 11, 12, 15|
Root to change : 15 with colors |1, 2, 3, 4, 7, 8, 9, 10, 12, 13, 14|
++++++++++++++++++++++
Trying improving 8, 11, 8, 10 with subs:
Root to change : 11 with colors |3, 4, 7, 8, 10, 12, 13, 15|
Root to change : 8 with colors |1, 2, 3, 5, 7, 9, 10, 12, 13, 14|
Root to change : 10 with colors |1, 2, 3, 4, 6, 7, 8, 11, 12, 13, 15|
++++++++++++++++++++++
Trying improving 8, 11, 10, 15 with subs:
Root to change : 8 with colors |1, 2, 5, 6, 11, 12, 15|
Root to change : 11 with colors |3, 4, 7, 8, 10, 12, 13, 15|
Root to change : 10 with colors |1, 2, 4, 5, 6, 7, 8, 11, 12, 15|
Root to change : 15 with colors |1, 2, 3, 5, 7, 9, 10, 12, 13, 14|
++++++++++++++++++++++
Trying improving 10, 15, 1, 4 with subs:
Root to change : 10 with colors |1, 2, 4, 5, 6, 7, 8, 11, 12, 15|
Root to change : 15 with colors |1, 2, 3, 5, 7, 9, 10, 12, 13, 14|
Root to change : 1 with colors |2, 3, 4, 6, 7, 8, 9, 13, 15|
Root to change : 4 with colors |1, 2, 3, 5, 6, 7, 9, 10, 11, 12, 13, 14, 15|
++++++++++++++++++++++
Trying improving 10, 15, 1, 8 with subs:
Root to change : 10 with colors |1, 2, 4, 5, 6, 7, 8, 11, 12, 15|
Root to change : 15 with colors |1, 2, 3, 5, 7, 9, 10, 12, 13, 14|
Root to change : 1 with colors |3, 4, 7, 8, 10, 12, 13, 15|
Root to change : 8 with colors |1, 2, 3, 5, 6, 7, 9, 10, 11, 12, 13, 14, 15|
++++++++++++++++++++++
Trying improving 10, 15, 4, 11 with subs:
Root to change : 10 with colors |1, 2, 4, 5, 6, 7, 8, 11, 12, 15|
Root to change : 15 with colors |1, 2, 3, 5, 7, 9, 10, 12, 13, 14|
Root to change : 4 with colors |1, 2, 5, 6, 11, 12, 15|
Root to change : 11 with colors |2, 3, 4, 6, 7, 8, 9, 13, 15|
++++++++++++++++++++++
Trying improving 10, 15, 4, 12 with subs:
Root to change : 10 with colors |1, 2, 4, 5, 6, 7, 8, 11, 12, 15|
Root to change : 15 with colors |1, 2, 3, 5, 7, 9, 10, 12, 13, 14|
Root to change : 4 with colors |1, 3, 5, 6, 7, 8, 9, 10, 11, 12, 13, 14, 15|
Root to change : 12 with colors |2, 3, 4, 6, 7, 8, 9, 13, 15|
++++++++++++++++++++++
Trying improving 10, 15, 6, 7 with subs:
Root to change : 10 with colors |1, 2, 4, 5, 6, 7, 8, 11, 12, 15|
Root to change : 15 with colors |1, 2, 3, 5, 7, 9, 10, 12, 13, 14|
Root to change : 6 with colors |1, 2, 3, 4, 7, 8, 9, 10, 12, 13, 14|
Root to change : 7 with colors |1, 2, 4, 5, 6, 9, 10, 11, 12, 13, 15|
++++++++++++++++++++++
Trying improving 10, 15, 6, 8 with subs:
Root to change : 10 with colors |1, 2, 4, 5, 6, 7, 8, 11, 12, 15|
Root to change : 15 with colors |1, 2, 3, 5, 7, 9, 10, 12, 13, 14|
Root to change : 6 with colors |3, 4, 7, 8, 10, 12, 13, 15|
Root to change : 8 with colors |1, 2, 4, 5, 6, 9, 10, 11, 12, 13, 15|
++++++++++++++++++++++
Trying improving 10, 15, 7, 11 with subs:
Root to change : 10 with colors |1, 2, 4, 5, 6, 7, 8, 11, 12, 15|
Root to change : 15 with colors |1, 2, 3, 5, 7, 9, 10, 12, 13, 14|
Root to change : 7 with colors |1, 2, 5, 6, 11, 12, 15|
Root to change : 11 with colors |1, 2, 3, 4, 7, 8, 9, 10, 12, 13, 14|
++++++++++++++++++++++
Trying improving 10, 15, 7, 15 with subs:
Root to change : 10 with colors |1, 2, 4, 5, 6, 7, 8, 11, 12, 15|
Root to change : 15 with colors |1, 2, 3, 5, 7, 9, 10, 12, 13, 14|
Root to change : 7 with colors |1, 2, 3, 4, 5, 6, 8, 9, 10, 11, 12, 15|
Root to change : 15 with colors |1, 2, 3, 4, 7, 8, 9, 10, 12, 13, 14|
++++++++++++++++++++++
Trying improving 10, 15, 8, 11 with subs:
Root to change : 10 with colors |1, 2, 4, 5, 6, 7, 8, 11, 12, 15|
Root to change : 15 with colors |1, 2, 3, 5, 7, 9, 10, 12, 13, 14|
Root to change : 8 with colors |1, 2, 5, 6, 11, 12, 15|
Root to change : 11 with colors |3, 4, 7, 8, 10, 12, 13, 15|
++++++++++++++++++++++
Trying improving 11, 11, 3, 15 with subs:
Root to change : 3 with colors |1, 2, 4, 5, 6, 7, 8, 9, 10, 11, 12, 15|
Root to change : 15 with colors |1, 2, 3, 4, 7, 8, 9, 10, 12, 13, 14|
++++++++++++++++++++++
Trying improving 11, 11, 8, 10 with subs:
Root to change : 8 with colors |1, 2, 3, 5, 6, 7, 9, 10, 12, 13, 14, 15|
Root to change : 10 with colors |1, 2, 3, 4, 6, 7, 8, 11, 12, 13, 15|
++++++++++++++++++++++
Trying improving 11, 12, 3, 15 with subs:
Root to change : 11 with colors |1, 3, 5, 7, 8, 9, 10, 12, 13, 14, 15|
Root to change : 3 with colors |1, 2, 4, 5, 6, 7, 8, 9, 10, 11, 12, 15|
Root to change : 15 with colors |1, 2, 3, 4, 7, 8, 9, 10, 12, 13, 14|
++++++++++++++++++++++
Trying improving 11, 12, 8, 10 with subs:
Root to change : 11 with colors |1, 3, 5, 7, 8, 9, 10, 12, 13, 14, 15|
Root to change : 8 with colors |1, 2, 3, 5, 6, 7, 9, 10, 12, 13, 14, 15|
Root to change : 10 with colors |1, 2, 3, 4, 6, 7, 8, 11, 12, 13, 15|
++++++++++++++++++++++
Trying improving 11, 15, 3, 15 with subs:
Root to change : 11 with colors |3, 4, 5, 6, 8, 9, 10, 12, 15|
Root to change : 3 with colors |1, 2, 4, 5, 6, 7, 8, 9, 10, 11, 12, 15|
Root to change : 15 with colors |1, 2, 3, 4, 7, 8, 9, 10, 12, 13, 14|
++++++++++++++++++++++
Trying improving 11, 15, 8, 10 with subs:
Root to change : 11 with colors |3, 4, 5, 6, 8, 9, 10, 12, 15|
Root to change : 8 with colors |1, 2, 3, 5, 6, 7, 9, 10, 12, 13, 14, 15|
Root to change : 10 with colors |1, 2, 3, 4, 6, 7, 8, 11, 12, 13, 15|
++++++++++++++++++++++
Trying improving 12, 13, 5, 11 with subs:
Root to change : 12 with colors |1, 2, 3, 4, 6, 7, 9, 10, 13, 14|
Root to change : 13 with colors |1, 4, 5, 6, 7, 8, 9, 10, 11, 12, 14, 15|
Root to change : 5 with colors |1, 2, 4, 6, 7, 8, 11, 12, 15|
Root to change : 11 with colors |1, 2, 5, 6, 9, 10, 12, 14, 15|
++++++++++++++++++++++
Unable to be solved with SubSubProblem
