Trying substitutions to: 12
with goodVertices 1, 2, 3, 4, 5, 6, 7, 9, 10, 13, 14, 15
bad color to improve: 6  13  with index 88
1 bad colorings on level 1
bad coloring on level 2  |5, 11, 0, 13|
bad coloring on level 2  |0, 13, 5, 11|
bad coloring on level 2  |12, 13, 5, 11|
bad coloring on level 2  |5, 11, 12, 13|

4 bad colorings on level 2
Sub sub problem :
Trying improving 0, 13, 5, 11 with subs:
Root to change : 0 with colors |1, 2, 3, 4, 6, 7, 8, 9, 10, 13, 14|
Root to change : 13 with colors |2, 3, 4, 5, 6, 7, 8, 9, 10, 11, 12, 14, 15|
Root to change : 5 with colors |1, 2, 4, 6, 7, 8, 11, 12, 15|
Root to change : 11 with colors |1, 2, 5, 6, 9, 10, 12, 14, 15|
++++++++++++++++++++++
Trying improving 5, 11, 0, 13 with subs:
Root to change : 5 with colors |1, 2, 4, 6, 7, 8, 11, 12, 15|
Root to change : 11 with colors |1, 2, 5, 6, 9, 10, 12, 14, 15|
Root to change : 0 with colors |1, 2, 3, 4, 6, 7, 8, 9, 10, 13, 14|
Root to change : 13 with colors |2, 3, 4, 5, 6, 7, 8, 9, 10, 11, 12, 14, 15|
++++++++++++++++++++++
Trying improving 5, 11, 12, 13 with subs:
Root to change : 5 with colors |1, 2, 4, 6, 7, 8, 11, 12, 15|
Root to change : 11 with colors |1, 2, 5, 6, 9, 10, 12, 14, 15|
Root to change : 12 with colors |1, 2, 3, 4, 6, 7, 9, 10, 13, 14|
Root to change : 13 with colors |1, 3, 4, 5, 6, 7, 8, 9, 10, 11, 12, 14, 15|
++++++++++++++++++++++
Trying improving 12, 13, 5, 11 with subs:
Root to change : 12 with colors |1, 2, 3, 4, 6, 7, 9, 10, 13, 14|
Root to change : 13 with colors |1, 3, 4, 5, 6, 7, 8, 9, 10, 11, 12, 14, 15|
Root to change : 5 with colors |1, 2, 4, 6, 7, 8, 11, 12, 15|
Root to change : 11 with colors |1, 2, 5, 6, 9, 10, 12, 14, 15|
++++++++++++++++++++++
Solved with SubSubProblem
