Trying substitutions to: 3
with goodVertices 1, 2, 5, 7, 9, 10, 12, 13, 14
bad color to improve: 1  2  with index 17
bad color to improve: 1  5  with index 20
bad color to improve: 1  6  with index 21
bad color to improve: 2  5  with index 34
4 bad colorings on level 1
bad coloring on level 2  |8, 10, 0, 4|
bad coloring on level 2  |8, 15, 0, 4|
bad coloring on level 2  |10, 12, 0, 4|
bad coloring on level 2  |12, 15, 0, 4|
bad coloring on level 2  |4, 15, 0, 7|
bad coloring on level 2  |9, 15, 0, 7|
bad coloring on level 2  |3, 8, 0, 9|
bad coloring on level 2  |4, 8, 0, 9|
bad coloring on level 2  |7, 8, 0, 9|
bad coloring on level 2  |8, 8, 0, 9|
bad coloring on level 2  |8, 10, 0, 9|
bad coloring on level 2  |8, 12, 0, 9|
bad coloring on level 2  |8, 13, 0, 9|
bad coloring on level 2  |8, 15, 0, 9|
bad coloring on level 2  |4, 9, 0, 12|
bad coloring on level 2  |4, 15, 0, 12|
bad coloring on level 2  |4, 7, 0, 15|
bad coloring on level 2  |4, 8, 0, 15|
bad coloring on level 2  |7, 13, 0, 15|
bad coloring on level 2  |8, 13, 0, 15|
bad coloring on level 2  |8, 10, 3, 4|
bad coloring on level 2  |8, 15, 3, 4|
bad coloring on level 2  |10, 12, 3, 4|
bad coloring on level 2  |12, 15, 3, 4|
bad coloring on level 2  |4, 15, 3, 7|
bad coloring on level 2  |9, 15, 3, 7|
bad coloring on level 2  |0, 9, 3, 8|
bad coloring on level 2  |4, 15, 3, 8|
bad coloring on level 2  |4, 9, 3, 12|
bad coloring on level 2  |4, 15, 3, 12|
bad coloring on level 2  |4, 7, 3, 15|
bad coloring on level 2  |4, 8, 3, 15|
bad coloring on level 2  |7, 13, 3, 15|
bad coloring on level 2  |8, 13, 3, 15|
bad coloring on level 2  |8, 10, 4, 4|
bad coloring on level 2  |8, 15, 4, 4|
bad coloring on level 2  |10, 12, 4, 4|
bad coloring on level 2  |12, 15, 4, 4|
bad coloring on level 2  |0, 15, 4, 7|
bad coloring on level 2  |3, 15, 4, 7|
bad coloring on level 2  |4, 15, 4, 7|
bad coloring on level 2  |8, 10, 4, 7|
bad coloring on level 2  |8, 15, 4, 7|
bad coloring on level 2  |9, 15, 4, 7|
bad coloring on level 2  |10, 12, 4, 7|
bad coloring on level 2  |10, 15, 4, 7|
bad coloring on level 2  |12, 15, 4, 7|
bad coloring on level 2  |15, 15, 4, 7|
bad coloring on level 2  |0, 9, 4, 8|
bad coloring on level 2  |0, 15, 4, 8|
bad coloring on level 2  |3, 15, 4, 8|
bad coloring on level 2  |4, 15, 4, 8|
bad coloring on level 2  |8, 10, 4, 8|
bad coloring on level 2  |8, 15, 4, 8|
bad coloring on level 2  |9, 15, 4, 8|
bad coloring on level 2  |10, 12, 4, 8|
bad coloring on level 2  |10, 15, 4, 8|
bad coloring on level 2  |12, 15, 4, 8|
bad coloring on level 2  |15, 15, 4, 8|
bad coloring on level 2  |0, 12, 4, 9|
bad coloring on level 2  |3, 12, 4, 9|
bad coloring on level 2  |7, 12, 4, 9|
bad coloring on level 2  |8, 10, 4, 9|
bad coloring on level 2  |8, 12, 4, 9|
bad coloring on level 2  |8, 15, 4, 9|
bad coloring on level 2  |10, 12, 4, 9|
bad coloring on level 2  |12, 12, 4, 9|
bad coloring on level 2  |12, 14, 4, 9|
bad coloring on level 2  |12, 15, 4, 9|
bad coloring on level 2  |8, 10, 4, 13|
bad coloring on level 2  |8, 15, 4, 13|
bad coloring on level 2  |10, 12, 4, 13|
bad coloring on level 2  |12, 15, 4, 13|
bad coloring on level 2  |0, 7, 4, 15|
bad coloring on level 2  |0, 12, 4, 15|
bad coloring on level 2  |3, 7, 4, 15|
bad coloring on level 2  |3, 8, 4, 15|
bad coloring on level 2  |3, 12, 4, 15|
bad coloring on level 2  |4, 7, 4, 15|
bad coloring on level 2  |4, 8, 4, 15|
bad coloring on level 2  |7, 7, 4, 15|
bad coloring on level 2  |7, 8, 4, 15|
bad coloring on level 2  |7, 12, 4, 15|
bad coloring on level 2  |7, 13, 4, 15|
bad coloring on level 2  |7, 14, 4, 15|
bad coloring on level 2  |8, 8, 4, 15|
bad coloring on level 2  |8, 10, 4, 15|
bad coloring on level 2  |8, 12, 4, 15|
bad coloring on level 2  |8, 13, 4, 15|
bad coloring on level 2  |8, 15, 4, 15|
bad coloring on level 2  |10, 12, 4, 15|
bad coloring on level 2  |12, 12, 4, 15|
bad coloring on level 2  |12, 14, 4, 15|
bad coloring on level 2  |12, 15, 4, 15|
bad coloring on level 2  |4, 15, 7, 7|
bad coloring on level 2  |9, 15, 7, 7|
bad coloring on level 2  |0, 9, 7, 8|
bad coloring on level 2  |4, 15, 7, 8|
bad coloring on level 2  |9, 15, 7, 8|
bad coloring on level 2  |4, 9, 7, 12|
bad coloring on level 2  |4, 15, 7, 12|
bad coloring on level 2  |9, 15, 7, 12|
bad coloring on level 2  |0, 15, 7, 13|
bad coloring on level 2  |3, 15, 7, 13|
bad coloring on level 2  |4, 15, 7, 13|
bad coloring on level 2  |8, 10, 7, 13|
bad coloring on level 2  |8, 15, 7, 13|
bad coloring on level 2  |9, 15, 7, 13|
bad coloring on level 2  |10, 15, 7, 13|
bad coloring on level 2  |12, 15, 7, 13|
bad coloring on level 2  |15, 15, 7, 13|
bad coloring on level 2  |4, 15, 7, 14|
bad coloring on level 2  |9, 15, 7, 14|
bad coloring on level 2  |0, 9, 8, 8|
bad coloring on level 2  |4, 15, 8, 8|
bad coloring on level 2  |0, 4, 8, 10|
bad coloring on level 2  |0, 9, 8, 10|
bad coloring on level 2  |3, 4, 8, 10|
bad coloring on level 2  |4, 4, 8, 10|
bad coloring on level 2  |4, 7, 8, 10|
bad coloring on level 2  |4, 8, 8, 10|
bad coloring on level 2  |4, 9, 8, 10|
bad coloring on level 2  |4, 13, 8, 10|
bad coloring on level 2  |4, 15, 8, 10|
bad coloring on level 2  |7, 13, 8, 10|
bad coloring on level 2  |8, 13, 8, 10|
bad coloring on level 2  |0, 9, 8, 12|
bad coloring on level 2  |4, 9, 8, 12|
bad coloring on level 2  |4, 15, 8, 12|
bad coloring on level 2  |0, 9, 8, 13|
bad coloring on level 2  |0, 15, 8, 13|
bad coloring on level 2  |3, 15, 8, 13|
bad coloring on level 2  |4, 15, 8, 13|
bad coloring on level 2  |8, 10, 8, 13|
bad coloring on level 2  |8, 15, 8, 13|
bad coloring on level 2  |9, 15, 8, 13|
bad coloring on level 2  |10, 12, 8, 13|
bad coloring on level 2  |10, 15, 8, 13|
bad coloring on level 2  |12, 15, 8, 13|
bad coloring on level 2  |15, 15, 8, 13|
bad coloring on level 2  |0, 4, 8, 15|
bad coloring on level 2  |0, 9, 8, 15|
bad coloring on level 2  |3, 4, 8, 15|
bad coloring on level 2  |4, 4, 8, 15|
bad coloring on level 2  |4, 7, 8, 15|
bad coloring on level 2  |4, 8, 8, 15|
bad coloring on level 2  |4, 9, 8, 15|
bad coloring on level 2  |4, 13, 8, 15|
bad coloring on level 2  |4, 15, 8, 15|
bad coloring on level 2  |7, 13, 8, 15|
bad coloring on level 2  |8, 13, 8, 15|
bad coloring on level 2  |0, 7, 9, 15|
bad coloring on level 2  |3, 7, 9, 15|
bad coloring on level 2  |4, 7, 9, 15|
bad coloring on level 2  |4, 8, 9, 15|
bad coloring on level 2  |7, 7, 9, 15|
bad coloring on level 2  |7, 8, 9, 15|
bad coloring on level 2  |7, 12, 9, 15|
bad coloring on level 2  |7, 13, 9, 15|
bad coloring on level 2  |7, 14, 9, 15|
bad coloring on level 2  |8, 13, 9, 15|
bad coloring on level 2  |0, 4, 10, 12|
bad coloring on level 2  |3, 4, 10, 12|
bad coloring on level 2  |4, 4, 10, 12|
bad coloring on level 2  |4, 7, 10, 12|
bad coloring on level 2  |4, 8, 10, 12|
bad coloring on level 2  |4, 9, 10, 12|
bad coloring on level 2  |4, 13, 10, 12|
bad coloring on level 2  |4, 15, 10, 12|
bad coloring on level 2  |8, 13, 10, 12|
bad coloring on level 2  |4, 7, 10, 15|
bad coloring on level 2  |4, 8, 10, 15|
bad coloring on level 2  |7, 13, 10, 15|
bad coloring on level 2  |8, 13, 10, 15|
bad coloring on level 2  |4, 9, 12, 12|
bad coloring on level 2  |4, 15, 12, 12|
bad coloring on level 2  |4, 9, 12, 14|
bad coloring on level 2  |4, 15, 12, 14|
bad coloring on level 2  |0, 4, 12, 15|
bad coloring on level 2  |3, 4, 12, 15|
bad coloring on level 2  |4, 4, 12, 15|
bad coloring on level 2  |4, 7, 12, 15|
bad coloring on level 2  |4, 8, 12, 15|
bad coloring on level 2  |4, 9, 12, 15|
bad coloring on level 2  |4, 13, 12, 15|
bad coloring on level 2  |4, 15, 12, 15|
bad coloring on level 2  |7, 13, 12, 15|
bad coloring on level 2  |8, 13, 12, 15|
bad coloring on level 2  |4, 7, 15, 15|
bad coloring on level 2  |4, 8, 15, 15|
bad coloring on level 2  |7, 13, 15, 15|
bad coloring on level 2  |8, 13, 15, 15|

192 bad colorings on level 2
Sub sub problem :
Trying improving 0, 4, 8, 10 with subs:
Root to change : 4 with colors |3, 5, 7, 11, 12, 14, 15|
Root to change : 8 with colors |3, 5, 6, 9, 10, 13, 14, 15|
Root to change : 10 with colors |1, 3, 4, 7, 8, 11, 12, 13|
++++++++++++++++++++++
Trying improving 0, 4, 8, 15 with subs:
Root to change : 4 with colors |3, 5, 7, 11, 12, 14, 15|
Root to change : 8 with colors |3, 4, 5, 6, 9, 10, 15|
Root to change : 15 with colors |1, 3, 4, 7, 8, 11, 12, 13|
++++++++++++++++++++++
Trying improving 0, 4, 10, 12 with subs:
Root to change : 4 with colors |2, 3, 5, 7, 9, 11, 12, 14, 15|
Root to change : 10 with colors |1, 3, 7, 8, 11, 12, 14|
Root to change : 12 with colors |3, 5, 6, 9, 10, 13, 14, 15|
++++++++++++++++++++++
Trying improving 0, 4, 12, 15 with subs:
Root to change : 4 with colors |2, 3, 5, 7, 9, 11, 12, 14, 15|
Root to change : 12 with colors |3, 4, 5, 6, 9, 10, 15|
Root to change : 15 with colors |1, 3, 7, 8, 11, 12, 14|
++++++++++++++++++++++
Trying improving 0, 7, 4, 15 with subs:
Root to change : 7 with colors |2, 3, 4, 5, 9, 14, 15|
Root to change : 4 with colors |3, 5, 8, 10, 11, 12, 15|
Root to change : 15 with colors |2, 3, 4, 6, 7, 8, 9, 11, 13|
++++++++++++++++++++++
Trying improving 0, 7, 9, 15 with subs:
Root to change : 7 with colors |2, 3, 4, 5, 9, 11, 12, 14, 15|
Root to change : 9 with colors |3, 5, 8, 10, 11, 12, 15|
Root to change : 15 with colors |2, 3, 4, 5, 6, 9, 10, 13, 14|
++++++++++++++++++++++
Trying improving 0, 9, 3, 8 with subs:
Root to change : 0 with colors |2, 3, 4, 5, 6, 9, 10, 13, 14, 15|
Root to change : 9 with colors |2, 3, 4, 5, 7, 11, 12, 14, 15|
Root to change : 8 with colors |3, 4, 7, 9, 10, 12, 13, 14, 15|
++++++++++++++++++++++
Trying improving 0, 9, 4, 8 with subs:
Root to change : 0 with colors |2, 3, 4, 6, 9, 10, 13, 14|
Root to change : 9 with colors |2, 3, 4, 7, 11, 12, 14|
Root to change : 8 with colors |2, 3, 4, 6, 7, 9, 11, 13, 15|
++++++++++++++++++++++
Trying improving 0, 9, 7, 8 with subs:
Root to change : 0 with colors |2, 3, 4, 6, 9, 10, 13, 14|
Root to change : 9 with colors |2, 3, 4, 5, 7, 11, 12, 14, 15|
Root to change : 8 with colors |1, 2, 3, 4, 7, 11, 12, 13, 14|
++++++++++++++++++++++
Trying improving 0, 9, 8, 8 with subs:
Root to change : 0 with colors |2, 3, 4, 5, 6, 9, 10, 13, 14, 15|
Root to change : 9 with colors |2, 3, 4, 5, 7, 11, 12, 14, 15|
++++++++++++++++++++++
Trying improving 0, 9, 8, 10 with subs:
Root to change : 0 with colors |2, 3, 5, 6, 9, 10, 13, 14, 15|
Root to change : 9 with colors |3, 5, 7, 11, 12, 14, 15|
Root to change : 8 with colors |1, 3, 5, 6, 9, 10, 12, 13, 14, 15|
++++++++++++++++++++++
Trying improving 0, 9, 8, 12 with subs:
Root to change : 0 with colors |3, 5, 6, 9, 10, 13, 14, 15|
Root to change : 9 with colors |2, 3, 4, 5, 7, 11, 12, 14, 15|
Root to change : 8 with colors |1, 3, 5, 7, 10, 11, 12, 14, 15|
++++++++++++++++++++++
Trying improving 0, 9, 8, 13 with subs:
Root to change : 0 with colors |2, 3, 4, 5, 6, 9, 10, 13, 14|
Root to change : 9 with colors |2, 3, 4, 7, 11, 12, 14|
Root to change : 8 with colors |1, 2, 3, 4, 6, 7, 9, 10, 13, 14|
++++++++++++++++++++++
Trying improving 0, 9, 8, 15 with subs:
Root to change : 0 with colors |3, 5, 6, 9, 10, 13, 14, 15|
Root to change : 9 with colors |3, 5, 7, 11, 12, 14, 15|
Root to change : 8 with colors |3, 4, 5, 6, 9, 10, 11, 12, 15|
++++++++++++++++++++++
Trying improving 0, 12, 4, 9 with subs:
Root to change : 12 with colors |2, 3, 4, 5, 7, 9, 11, 14, 15|
Root to change : 4 with colors |2, 3, 5, 6, 9, 10, 13, 14, 15|
Root to change : 9 with colors |2, 3, 4, 7, 8, 11, 13|
++++++++++++++++++++++
Trying improving 0, 12, 4, 15 with subs:
Root to change : 12 with colors |2, 3, 4, 5, 9, 14, 15|
Root to change : 4 with colors |3, 5, 6, 8, 9, 10, 11, 12, 15|
Root to change : 15 with colors |2, 3, 4, 7, 8, 11, 13|
++++++++++++++++++++++
Trying improving 0, 15, 4, 7 with subs:
Root to change : 15 with colors |2, 3, 4, 5, 7, 9, 11, 12, 14|
Root to change : 4 with colors |1, 3, 7, 8, 11, 12, 14|
Root to change : 7 with colors |2, 3, 4, 6, 9, 13, 15|
++++++++++++++++++++++
Trying improving 0, 15, 4, 8 with subs:
Root to change : 15 with colors |2, 3, 4, 7, 11, 12, 14|
Root to change : 4 with colors |1, 3, 7, 8, 10, 11, 12, 15|
Root to change : 8 with colors |2, 3, 4, 6, 9, 13, 15|
++++++++++++++++++++++
Trying improving 0, 15, 7, 13 with subs:
Root to change : 15 with colors |2, 3, 4, 5, 7, 9, 11, 12, 14|
Root to change : 7 with colors |2, 3, 4, 6, 9, 10, 13, 14|
Root to change : 13 with colors |1, 3, 7, 8, 11, 12, 14|
++++++++++++++++++++++
Trying improving 0, 15, 8, 13 with subs:
Root to change : 15 with colors |2, 3, 4, 7, 11, 12, 14|
Root to change : 8 with colors |2, 3, 4, 6, 9, 10, 13, 14|
Root to change : 13 with colors |1, 3, 7, 8, 10, 11, 12, 15|
++++++++++++++++++++++
Trying improving 3, 4, 8, 10 with subs:
Root to change : 4 with colors |3, 7, 8, 9, 10, 12, 13, 14, 15|
Root to change : 8 with colors |3, 5, 6, 9, 10, 13, 14, 15|
Root to change : 10 with colors |1, 3, 4, 7, 8, 11, 12, 13|
++++++++++++++++++++++
Trying improving 3, 4, 8, 15 with subs:
Root to change : 4 with colors |3, 7, 8, 9, 10, 12, 13, 14, 15|
Root to change : 8 with colors |3, 4, 5, 6, 9, 10, 15|
Root to change : 15 with colors |1, 3, 4, 7, 8, 11, 12, 13|
++++++++++++++++++++++
Trying improving 3, 4, 10, 12 with subs:
Root to change : 4 with colors |3, 7, 8, 9, 10, 12, 13, 14, 15|
Root to change : 10 with colors |1, 3, 7, 8, 11, 12, 14|
Root to change : 12 with colors |3, 5, 6, 9, 10, 13, 14, 15|
++++++++++++++++++++++
Trying improving 3, 4, 12, 15 with subs:
Root to change : 4 with colors |3, 7, 8, 9, 10, 12, 13, 14, 15|
Root to change : 12 with colors |3, 4, 5, 6, 9, 10, 15|
Root to change : 15 with colors |1, 3, 7, 8, 11, 12, 14|
++++++++++++++++++++++
Trying improving 3, 7, 4, 15 with subs:
Root to change : 7 with colors |3, 4, 9, 10, 13, 14, 15|
Root to change : 4 with colors |3, 5, 8, 10, 11, 12, 15|
Root to change : 15 with colors |2, 3, 4, 6, 7, 8, 9, 11, 13|
++++++++++++++++++++++
Trying improving 3, 7, 9, 15 with subs:
Root to change : 7 with colors |3, 4, 8, 9, 10, 12, 13, 14, 15|
Root to change : 9 with colors |3, 5, 8, 10, 11, 12, 15|
Root to change : 15 with colors |2, 3, 4, 5, 6, 9, 10, 13, 14|
++++++++++++++++++++++
Trying improving 3, 8, 0, 9 with subs:
Root to change : 8 with colors |3, 4, 7, 9, 10, 12, 13, 14, 15|
Root to change : 0 with colors |2, 3, 4, 5, 6, 9, 10, 13, 14, 15|
Root to change : 9 with colors |2, 3, 4, 5, 7, 11, 12, 14, 15|
++++++++++++++++++++++
Trying improving 3, 8, 4, 15 with subs:
Root to change : 8 with colors |3, 4, 9, 10, 13, 14, 15|
Root to change : 4 with colors |3, 5, 6, 8, 9, 10, 11, 12, 15|
Root to change : 15 with colors |2, 3, 4, 6, 7, 8, 9, 11, 13|
++++++++++++++++++++++
Trying improving 3, 12, 4, 9 with subs:
Root to change : 12 with colors |3, 4, 7, 8, 9, 10, 13, 14, 15|
Root to change : 4 with colors |2, 3, 5, 6, 9, 10, 13, 14, 15|
Root to change : 9 with colors |2, 3, 4, 7, 8, 11, 13|
++++++++++++++++++++++
Trying improving 3, 12, 4, 15 with subs:
Root to change : 12 with colors |3, 4, 9, 10, 13, 14, 15|
Root to change : 4 with colors |3, 5, 6, 8, 9, 10, 11, 12, 15|
Root to change : 15 with colors |2, 3, 4, 7, 8, 11, 13|
++++++++++++++++++++++
Trying improving 3, 15, 4, 7 with subs:
Root to change : 15 with colors |3, 4, 7, 8, 9, 10, 12, 13, 14|
Root to change : 4 with colors |1, 3, 7, 8, 11, 12, 14|
Root to change : 7 with colors |2, 3, 4, 6, 9, 13, 15|
++++++++++++++++++++++
Trying improving 3, 15, 4, 8 with subs:
Root to change : 15 with colors |3, 4, 7, 8, 9, 10, 12, 13, 14|
Root to change : 4 with colors |1, 3, 7, 8, 10, 11, 12, 15|
Root to change : 8 with colors |2, 3, 4, 6, 9, 13, 15|
++++++++++++++++++++++
Trying improving 3, 15, 7, 13 with subs:
Root to change : 15 with colors |3, 4, 7, 8, 9, 10, 12, 13, 14|
Root to change : 7 with colors |2, 3, 4, 6, 9, 10, 13, 14|
Root to change : 13 with colors |1, 3, 7, 8, 11, 12, 14|
++++++++++++++++++++++
Trying improving 3, 15, 8, 13 with subs:
Root to change : 15 with colors |3, 4, 7, 8, 9, 10, 12, 13, 14|
Root to change : 8 with colors |2, 3, 4, 6, 9, 10, 13, 14|
Root to change : 13 with colors |1, 3, 7, 8, 10, 11, 12, 15|
++++++++++++++++++++++
Trying improving 4, 4, 8, 10 with subs:
Root to change : 8 with colors |3, 5, 6, 9, 10, 13, 14, 15|
Root to change : 10 with colors |1, 3, 4, 7, 8, 11, 12, 13|
++++++++++++++++++++++
Trying improving 4, 4, 8, 15 with subs:
Root to change : 8 with colors |3, 4, 5, 6, 9, 10, 15|
Root to change : 15 with colors |1, 3, 4, 7, 8, 11, 12, 13|
++++++++++++++++++++++
Trying improving 4, 4, 10, 12 with subs:
Root to change : 10 with colors |1, 3, 7, 8, 11, 12, 14|
Root to change : 12 with colors |3, 5, 6, 9, 10, 13, 14, 15|
++++++++++++++++++++++
Trying improving 4, 4, 12, 15 with subs:
Root to change : 12 with colors |3, 4, 5, 6, 9, 10, 15|
Root to change : 15 with colors |1, 3, 7, 8, 11, 12, 14|
++++++++++++++++++++++
Trying improving 4, 7, 0, 15 with subs:
Root to change : 4 with colors |1, 3, 7, 8, 11, 12, 14|
Root to change : 7 with colors |2, 3, 4, 6, 9, 13, 15|
Root to change : 15 with colors |2, 3, 4, 5, 7, 9, 11, 12, 14|
++++++++++++++++++++++
Trying improving 4, 7, 3, 15 with subs:
Root to change : 4 with colors |1, 3, 7, 8, 11, 12, 14|
Root to change : 7 with colors |2, 3, 4, 6, 9, 13, 15|
Root to change : 15 with colors |3, 4, 7, 8, 9, 10, 12, 13, 14|
++++++++++++++++++++++
Trying improving 4, 7, 4, 15 with subs:
Root to change : 7 with colors |2, 3, 4, 6, 9, 13, 15|
Root to change : 15 with colors |2, 3, 4, 6, 7, 8, 9, 11, 13|
++++++++++++++++++++++
Trying improving 4, 7, 8, 10 with subs:
Root to change : 4 with colors |1, 3, 7, 8, 11, 12, 14|
Root to change : 10 with colors |1, 3, 4, 7, 8, 11, 12, 13|
++++++++++++++++++++++
Trying improving 4, 7, 8, 15 with subs:
Root to change : 4 with colors |1, 3, 7, 8, 11, 12, 14|
Root to change : 15 with colors |1, 3, 4, 7, 8, 11, 12, 13|
++++++++++++++++++++++
Trying improving 4, 7, 9, 15 with subs:
Root to change : 7 with colors |2, 3, 4, 6, 9, 13, 15|
Root to change : 15 with colors |2, 3, 4, 5, 6, 9, 10, 13, 14|
++++++++++++++++++++++
Trying improving 4, 7, 10, 12 with subs:
Root to change : 4 with colors |1, 2, 3, 7, 8, 11, 12, 13, 14|
Root to change : 10 with colors |1, 3, 7, 8, 11, 12, 14|
++++++++++++++++++++++
Trying improving 4, 7, 10, 15 with subs:
Root to change : 4 with colors |1, 3, 7, 8, 11, 12, 14|
Root to change : 7 with colors |2, 3, 4, 6, 9, 13, 15|
++++++++++++++++++++++
Trying improving 4, 7, 12, 15 with subs:
Root to change : 4 with colors |1, 3, 7, 8, 11, 12, 14|
Root to change : 15 with colors |1, 3, 7, 8, 11, 12, 14|
++++++++++++++++++++++
Trying improving 4, 7, 15, 15 with subs:
Root to change : 4 with colors |1, 3, 7, 8, 11, 12, 14|
Root to change : 7 with colors |2, 3, 4, 6, 9, 13, 15|
++++++++++++++++++++++
Trying improving 4, 8, 0, 9 with subs:
Root to change : 8 with colors |2, 3, 4, 6, 7, 9, 11, 13, 15|
Root to change : 0 with colors |2, 3, 4, 6, 9, 10, 13, 14|
Root to change : 9 with colors |2, 3, 4, 7, 11, 12, 14|
++++++++++++++++++++++
Trying improving 4, 8, 0, 15 with subs:
Root to change : 4 with colors |1, 3, 7, 8, 10, 11, 12, 15|
Root to change : 8 with colors |2, 3, 4, 6, 9, 13, 15|
Root to change : 15 with colors |2, 3, 4, 7, 11, 12, 14|
++++++++++++++++++++++
Trying improving 4, 8, 3, 15 with subs:
Root to change : 4 with colors |1, 3, 7, 8, 10, 11, 12, 15|
Root to change : 8 with colors |2, 3, 4, 6, 9, 13, 15|
Root to change : 15 with colors |3, 4, 7, 8, 9, 10, 12, 13, 14|
++++++++++++++++++++++
Trying improving 4, 8, 4, 15 with subs:
Root to change : 8 with colors |2, 3, 4, 6, 9, 13, 15|
Root to change : 15 with colors |2, 3, 4, 6, 7, 8, 9, 11, 13|
++++++++++++++++++++++
Trying improving 4, 8, 8, 10 with subs:
Root to change : 4 with colors |1, 3, 7, 8, 10, 11, 12, 15|
Root to change : 10 with colors |1, 3, 4, 7, 8, 11, 12, 13|
++++++++++++++++++++++
Trying improving 4, 8, 8, 15 with subs:
Root to change : 4 with colors |1, 3, 7, 8, 10, 11, 12, 15|
Root to change : 15 with colors |1, 3, 4, 7, 8, 11, 12, 13|
++++++++++++++++++++++
Trying improving 4, 8, 9, 15 with subs:
Root to change : 8 with colors |2, 3, 4, 6, 9, 13, 15|
Root to change : 15 with colors |2, 3, 4, 6, 9, 10, 13, 14|
++++++++++++++++++++++
Trying improving 4, 8, 10, 12 with subs:
Root to change : 4 with colors |1, 3, 7, 8, 10, 11, 12, 15|
Root to change : 10 with colors |1, 3, 7, 8, 11, 12, 14|
++++++++++++++++++++++
Trying improving 4, 8, 10, 15 with subs:
Root to change : 4 with colors |1, 3, 7, 8, 10, 11, 12, 15|
Root to change : 8 with colors |2, 3, 4, 6, 9, 13, 15|
++++++++++++++++++++++
Trying improving 4, 8, 12, 15 with subs:
Root to change : 4 with colors |1, 3, 7, 8, 10, 11, 12, 15|
Root to change : 15 with colors |1, 3, 7, 8, 11, 12, 14|
++++++++++++++++++++++
Trying improving 4, 8, 15, 15 with subs:
Root to change : 4 with colors |1, 3, 7, 8, 10, 11, 12, 15|
Root to change : 8 with colors |2, 3, 4, 6, 9, 13, 15|
++++++++++++++++++++++
Trying improving 4, 9, 0, 12 with subs:
Root to change : 4 with colors |2, 3, 5, 6, 9, 10, 13, 14, 15|
Root to change : 9 with colors |2, 3, 4, 7, 8, 11, 13|
Root to change : 12 with colors |2, 3, 4, 5, 7, 9, 11, 14, 15|
++++++++++++++++++++++
Trying improving 4, 9, 3, 12 with subs:
Root to change : 4 with colors |2, 3, 5, 6, 9, 10, 13, 14, 15|
Root to change : 9 with colors |2, 3, 4, 7, 8, 11, 13|
Root to change : 12 with colors |3, 4, 7, 8, 9, 10, 13, 14, 15|
++++++++++++++++++++++
Trying improving 4, 9, 7, 12 with subs:
Root to change : 4 with colors |2, 3, 5, 9, 10, 13, 14|
Root to change : 9 with colors |2, 3, 4, 7, 8, 11, 13|
Root to change : 12 with colors |1, 2, 3, 4, 7, 8, 11, 13, 14|
++++++++++++++++++++++
Trying improving 4, 9, 8, 10 with subs:
Root to change : 4 with colors |3, 5, 6, 9, 10, 13, 14, 15|
Root to change : 8 with colors |3, 5, 6, 9, 10, 13, 14, 15|
++++++++++++++++++++++
Trying improving 4, 9, 8, 12 with subs:
Root to change : 4 with colors |3, 5, 6, 9, 10, 13, 14, 15|
Root to change : 9 with colors |2, 3, 4, 7, 8, 11, 13|
++++++++++++++++++++++
Trying improving 4, 9, 8, 15 with subs:
Root to change : 4 with colors |3, 5, 6, 9, 10, 13, 14, 15|
Root to change : 8 with colors |3, 4, 5, 6, 9, 10, 15|
++++++++++++++++++++++
Trying improving 4, 9, 10, 12 with subs:
Root to change : 4 with colors |2, 3, 5, 6, 9, 10, 13, 14, 15|
Root to change : 12 with colors |3, 5, 6, 9, 10, 13, 14, 15|
++++++++++++++++++++++
Trying improving 4, 9, 12, 12 with subs:
Root to change : 4 with colors |2, 3, 5, 6, 9, 10, 13, 14, 15|
Root to change : 9 with colors |2, 3, 4, 7, 8, 11, 13|
++++++++++++++++++++++
Trying improving 4, 9, 12, 14 with subs:
Root to change : 4 with colors |2, 3, 5, 6, 9, 10, 13, 14, 15|
Root to change : 9 with colors |2, 3, 4, 7, 8, 11, 13|
Root to change : 12 with colors |1, 2, 3, 5, 7, 9, 10, 13, 14|
++++++++++++++++++++++
Trying improving 4, 9, 12, 15 with subs:
Root to change : 4 with colors |2, 3, 5, 6, 9, 10, 13, 14, 15|
Root to change : 12 with colors |3, 4, 5, 6, 9, 10, 15|
++++++++++++++++++++++
Trying improving 4, 13, 8, 10 with subs:
Root to change : 8 with colors |3, 5, 6, 9, 10, 13, 14, 15|
Root to change : 10 with colors |1, 3, 4, 7, 8, 11, 12, 13|
++++++++++++++++++++++
Trying improving 4, 13, 8, 15 with subs:
Root to change : 8 with colors |3, 4, 5, 6, 9, 10, 15|
Root to change : 15 with colors |1, 3, 4, 7, 8, 11, 12, 13|
++++++++++++++++++++++
Trying improving 4, 13, 10, 12 with subs:
Root to change : 4 with colors |1, 2, 3, 7, 9, 10, 13, 14|
Root to change : 10 with colors |1, 3, 7, 8, 11, 12, 14|
Root to change : 12 with colors |3, 5, 6, 9, 10, 13, 14, 15|
++++++++++++++++++++++
Trying improving 4, 13, 12, 15 with subs:
Root to change : 12 with colors |3, 4, 5, 6, 9, 10, 15|
Root to change : 15 with colors |1, 3, 7, 8, 11, 12, 14|
++++++++++++++++++++++
Trying improving 4, 15, 0, 7 with subs:
Root to change : 4 with colors |3, 5, 8, 10, 11, 12, 15|
Root to change : 15 with colors |2, 3, 4, 6, 7, 8, 9, 11, 13|
Root to change : 7 with colors |2, 3, 4, 5, 9, 14, 15|
++++++++++++++++++++++
Trying improving 4, 15, 0, 12 with subs:
Root to change : 4 with colors |3, 5, 6, 8, 9, 10, 11, 12, 15|
Root to change : 15 with colors |2, 3, 4, 7, 8, 11, 13|
Root to change : 12 with colors |2, 3, 4, 5, 9, 14, 15|
++++++++++++++++++++++
Trying improving 4, 15, 3, 7 with subs:
Root to change : 4 with colors |3, 5, 8, 10, 11, 12, 15|
Root to change : 15 with colors |2, 3, 4, 6, 7, 8, 9, 11, 13|
Root to change : 7 with colors |3, 4, 9, 10, 13, 14, 15|
++++++++++++++++++++++
Trying improving 4, 15, 3, 8 with subs:
Root to change : 4 with colors |3, 5, 6, 8, 9, 10, 11, 12, 15|
Root to change : 15 with colors |2, 3, 4, 6, 7, 8, 9, 11, 13|
Root to change : 8 with colors |3, 4, 9, 10, 13, 14, 15|
++++++++++++++++++++++
Trying improving 4, 15, 3, 12 with subs:
Root to change : 4 with colors |3, 5, 6, 8, 9, 10, 11, 12, 15|
Root to change : 15 with colors |2, 3, 4, 7, 8, 11, 13|
Root to change : 12 with colors |3, 4, 9, 10, 13, 14, 15|
++++++++++++++++++++++
Trying improving 4, 15, 4, 7 with subs:
Root to change : 15 with colors |2, 3, 4, 6, 7, 8, 9, 11, 13|
Root to change : 7 with colors |2, 3, 4, 6, 9, 13, 15|
++++++++++++++++++++++
Trying improving 4, 15, 4, 8 with subs:
Root to change : 15 with colors |2, 3, 4, 6, 7, 8, 9, 11, 13|
Root to change : 8 with colors |2, 3, 4, 6, 9, 13, 15|
++++++++++++++++++++++
Trying improving 4, 15, 7, 7 with subs:
Root to change : 4 with colors |3, 5, 8, 10, 11, 12, 15|
Root to change : 15 with colors |2, 3, 4, 6, 7, 8, 9, 11, 13|
++++++++++++++++++++++
Trying improving 4, 15, 7, 8 with subs:
Root to change : 4 with colors |3, 5, 8, 10, 11, 12, 15|
Root to change : 15 with colors |2, 3, 4, 6, 7, 8, 9, 11, 13|
++++++++++++++++++++++
Trying improving 4, 15, 7, 12 with subs:
Root to change : 4 with colors |3, 5, 8, 10, 11, 12, 15|
Root to change : 15 with colors |2, 3, 4, 7, 8, 11, 13|
++++++++++++++++++++++
Trying improving 4, 15, 7, 13 with subs:
Root to change : 15 with colors |2, 3, 4, 6, 7, 8, 9, 11, 13|
Root to change : 7 with colors |2, 3, 4, 6, 9, 10, 13, 14|
++++++++++++++++++++++
Trying improving 4, 15, 7, 14 with subs:
Root to change : 4 with colors |3, 5, 8, 10, 11, 12, 15|
Root to change : 15 with colors |2, 3, 4, 6, 7, 8, 9, 11, 13|
Root to change : 7 with colors |2, 3, 5, 9, 10, 13, 14|
++++++++++++++++++++++
Trying improving 4, 15, 8, 8 with subs:
Root to change : 4 with colors |3, 5, 6, 8, 9, 10, 11, 12, 15|
Root to change : 15 with colors |2, 3, 4, 6, 7, 8, 9, 11, 13|
++++++++++++++++++++++
Trying improving 4, 15, 8, 10 with subs:
Root to change : 4 with colors |3, 5, 6, 8, 9, 10, 11, 12, 15|
Root to change : 8 with colors |3, 5, 6, 9, 10, 13, 14, 15|
++++++++++++++++++++++
Trying improving 4, 15, 8, 12 with subs:
Root to change : 4 with colors |3, 5, 6, 8, 9, 10, 11, 12, 15|
Root to change : 15 with colors |2, 3, 4, 7, 8, 11, 13|
++++++++++++++++++++++
Trying improving 4, 15, 8, 13 with subs:
Root to change : 15 with colors |2, 3, 4, 6, 7, 8, 9, 11, 13|
Root to change : 8 with colors |2, 3, 4, 6, 9, 10, 13, 14|
++++++++++++++++++++++
Trying improving 4, 15, 8, 15 with subs:
Root to change : 4 with colors |3, 5, 6, 8, 9, 10, 11, 12, 15|
Root to change : 8 with colors |3, 4, 5, 6, 9, 10, 15|
++++++++++++++++++++++
Trying improving 4, 15, 10, 12 with subs:
Root to change : 4 with colors |3, 5, 6, 8, 9, 10, 11, 12, 15|
Root to change : 12 with colors |3, 5, 6, 9, 10, 13, 14, 15|
++++++++++++++++++++++
Trying improving 4, 15, 12, 12 with subs:
Root to change : 4 with colors |3, 5, 6, 8, 9, 10, 11, 12, 15|
Root to change : 15 with colors |2, 3, 4, 7, 8, 11, 13|
++++++++++++++++++++++
Trying improving 4, 15, 12, 14 with subs:
Root to change : 4 with colors |3, 5, 6, 8, 9, 10, 11, 12, 15|
Root to change : 15 with colors |2, 3, 4, 7, 8, 11, 13|
Root to change : 12 with colors |2, 3, 5, 9, 10, 13, 14|
++++++++++++++++++++++
Trying improving 4, 15, 12, 15 with subs:
Root to change : 4 with colors |3, 5, 6, 8, 9, 10, 11, 12, 15|
Root to change : 12 with colors |3, 4, 5, 6, 9, 10, 15|
++++++++++++++++++++++
Trying improving 7, 7, 4, 15 with subs:
Root to change : 4 with colors |3, 5, 8, 10, 11, 12, 15|
Root to change : 15 with colors |2, 3, 4, 6, 7, 8, 9, 11, 13|
++++++++++++++++++++++
Trying improving 7, 7, 9, 15 with subs:
Root to change : 9 with colors |3, 5, 8, 10, 11, 12, 15|
Root to change : 15 with colors |2, 3, 4, 5, 6, 9, 10, 13, 14|
++++++++++++++++++++++
Trying improving 7, 8, 0, 9 with subs:
Root to change : 8 with colors |1, 2, 3, 4, 7, 11, 12, 13, 14|
Root to change : 0 with colors |2, 3, 4, 6, 9, 10, 13, 14|
Root to change : 9 with colors |2, 3, 4, 5, 7, 11, 12, 14, 15|
++++++++++++++++++++++
Trying improving 7, 8, 4, 15 with subs:
Root to change : 4 with colors |3, 5, 8, 10, 11, 12, 15|
Root to change : 15 with colors |2, 3, 4, 6, 7, 8, 9, 11, 13|
++++++++++++++++++++++
Trying improving 7, 8, 9, 15 with subs:
Root to change : 9 with colors |3, 5, 8, 10, 11, 12, 15|
Root to change : 15 with colors |2, 3, 4, 6, 9, 10, 13, 14|
++++++++++++++++++++++
Trying improving 7, 12, 4, 9 with subs:
Root to change : 12 with colors |1, 2, 3, 4, 7, 8, 11, 13, 14|
Root to change : 4 with colors |2, 3, 5, 9, 10, 13, 14|
Root to change : 9 with colors |2, 3, 4, 7, 8, 11, 13|
++++++++++++++++++++++
Trying improving 7, 12, 4, 15 with subs:
Root to change : 4 with colors |3, 5, 8, 10, 11, 12, 15|
Root to change : 15 with colors |2, 3, 4, 7, 8, 11, 13|
++++++++++++++++++++++
Trying improving 7, 12, 9, 15 with subs:
Root to change : 7 with colors |1, 3, 5, 8, 10, 11, 12, 14, 15|
Root to change : 9 with colors |3, 5, 8, 10, 11, 12, 15|
Root to change : 15 with colors |2, 3, 5, 9, 10, 13, 14|
++++++++++++++++++++++
Trying improving 7, 13, 0, 15 with subs:
Root to change : 7 with colors |2, 3, 4, 6, 9, 10, 13, 14|
Root to change : 13 with colors |1, 3, 7, 8, 11, 12, 14|
Root to change : 15 with colors |2, 3, 4, 5, 7, 9, 11, 12, 14|
++++++++++++++++++++++
Trying improving 7, 13, 3, 15 with subs:
Root to change : 7 with colors |2, 3, 4, 6, 9, 10, 13, 14|
Root to change : 13 with colors |1, 3, 7, 8, 11, 12, 14|
Root to change : 15 with colors |3, 4, 7, 8, 9, 10, 12, 13, 14|
++++++++++++++++++++++
Trying improving 7, 13, 4, 15 with subs:
Root to change : 7 with colors |2, 3, 4, 6, 9, 10, 13, 14|
Root to change : 15 with colors |2, 3, 4, 6, 7, 8, 9, 11, 13|
++++++++++++++++++++++
Trying improving 7, 13, 8, 10 with subs:
Root to change : 13 with colors |1, 3, 7, 8, 11, 12, 14|
Root to change : 8 with colors |1, 3, 5, 9, 10, 12, 13, 14|
Root to change : 10 with colors |1, 3, 4, 7, 8, 11, 12, 13|
++++++++++++++++++++++
Trying improving 7, 13, 8, 15 with subs:
Root to change : 13 with colors |1, 3, 7, 8, 11, 12, 14|
Root to change : 15 with colors |1, 3, 4, 7, 8, 11, 12, 13|
++++++++++++++++++++++
Trying improving 7, 13, 9, 15 with subs:
Root to change : 7 with colors |2, 3, 4, 6, 9, 10, 13, 14|
Root to change : 15 with colors |2, 3, 4, 5, 6, 9, 10, 13, 14|
++++++++++++++++++++++
Trying improving 7, 13, 10, 15 with subs:
Root to change : 7 with colors |2, 3, 4, 6, 9, 10, 13, 14|
Root to change : 13 with colors |1, 3, 7, 8, 11, 12, 14|
Root to change : 15 with colors |1, 3, 5, 9, 10, 12, 13, 14|
++++++++++++++++++++++
Trying improving 7, 13, 12, 15 with subs:
Root to change : 13 with colors |1, 3, 7, 8, 11, 12, 14|
Root to change : 15 with colors |1, 3, 5, 7, 8, 10, 11, 12, 14|
++++++++++++++++++++++
Trying improving 7, 13, 15, 15 with subs:
Root to change : 7 with colors |2, 3, 4, 6, 9, 10, 13, 14|
Root to change : 13 with colors |1, 3, 7, 8, 11, 12, 14|
++++++++++++++++++++++
Trying improving 7, 14, 4, 15 with subs:
Root to change : 7 with colors |2, 3, 5, 9, 10, 13, 14|
Root to change : 4 with colors |3, 5, 8, 10, 11, 12, 15|
Root to change : 15 with colors |2, 3, 4, 6, 7, 8, 9, 11, 13|
++++++++++++++++++++++
Trying improving 7, 14, 9, 15 with subs:
Root to change : 7 with colors |1, 2, 3, 5, 9, 10, 12, 13, 14|
Root to change : 9 with colors |3, 5, 8, 10, 11, 12, 15|
Root to change : 15 with colors |2, 3, 4, 5, 6, 9, 10, 13, 14|
++++++++++++++++++++++
Trying improving 8, 8, 0, 9 with subs:
Root to change : 0 with colors |2, 3, 4, 5, 6, 9, 10, 13, 14, 15|
Root to change : 9 with colors |2, 3, 4, 5, 7, 11, 12, 14, 15|
++++++++++++++++++++++
Trying improving 8, 8, 4, 15 with subs:
Root to change : 4 with colors |3, 5, 6, 8, 9, 10, 11, 12, 15|
Root to change : 15 with colors |2, 3, 4, 6, 7, 8, 9, 11, 13|
++++++++++++++++++++++
Trying improving 8, 10, 0, 4 with subs:
Root to change : 8 with colors |3, 5, 6, 9, 10, 13, 14, 15|
Root to change : 10 with colors |1, 3, 4, 7, 8, 11, 12, 13|
Root to change : 4 with colors |3, 5, 7, 11, 12, 14, 15|
++++++++++++++++++++++
Trying improving 8, 10, 0, 9 with subs:
Root to change : 8 with colors |1, 3, 5, 6, 9, 10, 12, 13, 14, 15|
Root to change : 0 with colors |2, 3, 5, 6, 9, 10, 13, 14, 15|
Root to change : 9 with colors |3, 5, 7, 11, 12, 14, 15|
++++++++++++++++++++++
Trying improving 8, 10, 3, 4 with subs:
Root to change : 8 with colors |3, 5, 6, 9, 10, 13, 14, 15|
Root to change : 10 with colors |1, 3, 4, 7, 8, 11, 12, 13|
Root to change : 4 with colors |3, 7, 8, 9, 10, 12, 13, 14, 15|
++++++++++++++++++++++
Trying improving 8, 10, 4, 4 with subs:
Root to change : 8 with colors |3, 5, 6, 9, 10, 13, 14, 15|
Root to change : 10 with colors |1, 3, 4, 7, 8, 11, 12, 13|
++++++++++++++++++++++
Trying improving 8, 10, 4, 7 with subs:
Root to change : 10 with colors |1, 3, 4, 7, 8, 11, 12, 13|
Root to change : 4 with colors |1, 3, 7, 8, 11, 12, 14|
++++++++++++++++++++++
Trying improving 8, 10, 4, 8 with subs:
Root to change : 10 with colors |1, 3, 4, 7, 8, 11, 12, 13|
Root to change : 4 with colors |1, 3, 7, 8, 10, 11, 12, 15|
++++++++++++++++++++++
Trying improving 8, 10, 4, 9 with subs:
Root to change : 8 with colors |3, 5, 6, 9, 10, 13, 14, 15|
Root to change : 4 with colors |3, 5, 6, 9, 10, 13, 14, 15|
++++++++++++++++++++++
Trying improving 8, 10, 4, 13 with subs:
Root to change : 8 with colors |3, 5, 6, 9, 10, 13, 14, 15|
Root to change : 10 with colors |1, 3, 4, 7, 8, 11, 12, 13|
++++++++++++++++++++++
Trying improving 8, 10, 4, 15 with subs:
Root to change : 8 with colors |3, 5, 6, 9, 10, 13, 14, 15|
Root to change : 4 with colors |3, 5, 6, 8, 9, 10, 11, 12, 15|
++++++++++++++++++++++
Trying improving 8, 10, 7, 13 with subs:
Root to change : 8 with colors |1, 3, 5, 9, 10, 12, 13, 14|
Root to change : 10 with colors |1, 3, 4, 7, 8, 11, 12, 13|
Root to change : 13 with colors |1, 3, 7, 8, 11, 12, 14|
++++++++++++++++++++++
Trying improving 8, 10, 8, 13 with subs:
Root to change : 10 with colors |1, 3, 4, 7, 8, 11, 12, 13|
Root to change : 13 with colors |1, 3, 7, 8, 10, 11, 12, 15|
++++++++++++++++++++++
Trying improving 8, 12, 0, 9 with subs:
Root to change : 8 with colors |1, 3, 5, 7, 10, 11, 12, 14, 15|
Root to change : 0 with colors |3, 5, 6, 9, 10, 13, 14, 15|
Root to change : 9 with colors |2, 3, 4, 5, 7, 11, 12, 14, 15|
++++++++++++++++++++++
Trying improving 8, 12, 4, 9 with subs:
Root to change : 4 with colors |3, 5, 6, 9, 10, 13, 14, 15|
Root to change : 9 with colors |2, 3, 4, 7, 8, 11, 13|
++++++++++++++++++++++
Trying improving 8, 12, 4, 15 with subs:
Root to change : 4 with colors |3, 5, 6, 8, 9, 10, 11, 12, 15|
Root to change : 15 with colors |2, 3, 4, 7, 8, 11, 13|
++++++++++++++++++++++
Trying improving 8, 13, 0, 9 with subs:
Root to change : 8 with colors |1, 2, 3, 4, 6, 7, 9, 10, 13, 14|
Root to change : 0 with colors |2, 3, 4, 5, 6, 9, 10, 13, 14|
Root to change : 9 with colors |2, 3, 4, 7, 11, 12, 14|
++++++++++++++++++++++
Trying improving 8, 13, 0, 15 with subs:
Root to change : 8 with colors |2, 3, 4, 6, 9, 10, 13, 14|
Root to change : 13 with colors |1, 3, 7, 8, 10, 11, 12, 15|
Root to change : 15 with colors |2, 3, 4, 7, 11, 12, 14|
++++++++++++++++++++++
Trying improving 8, 13, 3, 15 with subs:
Root to change : 8 with colors |2, 3, 4, 6, 9, 10, 13, 14|
Root to change : 13 with colors |1, 3, 7, 8, 10, 11, 12, 15|
Root to change : 15 with colors |3, 4, 7, 8, 9, 10, 12, 13, 14|
++++++++++++++++++++++
Trying improving 8, 13, 4, 15 with subs:
Root to change : 8 with colors |2, 3, 4, 6, 9, 10, 13, 14|
Root to change : 15 with colors |2, 3, 4, 6, 7, 8, 9, 11, 13|
++++++++++++++++++++++
Trying improving 8, 13, 8, 10 with subs:
Root to change : 13 with colors |1, 3, 7, 8, 10, 11, 12, 15|
Root to change : 10 with colors |1, 3, 4, 7, 8, 11, 12, 13|
++++++++++++++++++++++
Trying improving 8, 13, 8, 15 with subs:
Root to change : 13 with colors |1, 3, 7, 8, 10, 11, 12, 15|
Root to change : 15 with colors |1, 3, 4, 7, 8, 11, 12, 13|
++++++++++++++++++++++
Trying improving 8, 13, 9, 15 with subs:
Root to change : 8 with colors |2, 3, 4, 6, 9, 10, 13, 14|
Root to change : 15 with colors |2, 3, 4, 6, 9, 10, 13, 14|
++++++++++++++++++++++
Trying improving 8, 13, 10, 12 with subs:
Root to change : 8 with colors |1, 2, 3, 7, 9, 10, 13, 14|
Root to change : 13 with colors |1, 3, 7, 8, 10, 11, 12, 15|
Root to change : 10 with colors |1, 3, 7, 8, 11, 12, 14|
++++++++++++++++++++++
Trying improving 8, 13, 10, 15 with subs:
Root to change : 8 with colors |2, 3, 4, 6, 9, 10, 13, 14|
Root to change : 13 with colors |1, 3, 7, 8, 10, 11, 12, 15|
++++++++++++++++++++++
Trying improving 8, 13, 12, 15 with subs:
Root to change : 13 with colors |1, 3, 7, 8, 10, 11, 12, 15|
Root to change : 15 with colors |1, 3, 7, 8, 11, 12, 14|
++++++++++++++++++++++
Trying improving 8, 13, 15, 15 with subs:
Root to change : 8 with colors |2, 3, 4, 6, 9, 10, 13, 14|
Root to change : 13 with colors |1, 3, 7, 8, 10, 11, 12, 15|
++++++++++++++++++++++
Trying improving 8, 15, 0, 4 with subs:
Root to change : 8 with colors |3, 4, 5, 6, 9, 10, 15|
Root to change : 15 with colors |1, 3, 4, 7, 8, 11, 12, 13|
Root to change : 4 with colors |3, 5, 7, 11, 12, 14, 15|
++++++++++++++++++++++
Trying improving 8, 15, 0, 9 with subs:
Root to change : 8 with colors |3, 4, 5, 6, 9, 10, 11, 12, 15|
Root to change : 0 with colors |3, 5, 6, 9, 10, 13, 14, 15|
Root to change : 9 with colors |3, 5, 7, 11, 12, 14, 15|
++++++++++++++++++++++
Trying improving 8, 15, 3, 4 with subs:
Root to change : 8 with colors |3, 4, 5, 6, 9, 10, 15|
Root to change : 15 with colors |1, 3, 4, 7, 8, 11, 12, 13|
Root to change : 4 with colors |3, 7, 8, 9, 10, 12, 13, 14, 15|
++++++++++++++++++++++
Trying improving 8, 15, 4, 4 with subs:
Root to change : 8 with colors |3, 4, 5, 6, 9, 10, 15|
Root to change : 15 with colors |1, 3, 4, 7, 8, 11, 12, 13|
++++++++++++++++++++++
Trying improving 8, 15, 4, 7 with subs:
Root to change : 15 with colors |1, 3, 4, 7, 8, 11, 12, 13|
Root to change : 4 with colors |1, 3, 7, 8, 11, 12, 14|
++++++++++++++++++++++
Trying improving 8, 15, 4, 8 with subs:
Root to change : 15 with colors |1, 3, 4, 7, 8, 11, 12, 13|
Root to change : 4 with colors |1, 3, 7, 8, 10, 11, 12, 15|
++++++++++++++++++++++
Trying improving 8, 15, 4, 9 with subs:
Root to change : 8 with colors |3, 4, 5, 6, 9, 10, 15|
Root to change : 4 with colors |3, 5, 6, 9, 10, 13, 14, 15|
++++++++++++++++++++++
Trying improving 8, 15, 4, 13 with subs:
Root to change : 8 with colors |3, 4, 5, 6, 9, 10, 15|
Root to change : 15 with colors |1, 3, 4, 7, 8, 11, 12, 13|
++++++++++++++++++++++
Trying improving 8, 15, 4, 15 with subs:
Root to change : 8 with colors |3, 4, 5, 6, 9, 10, 15|
Root to change : 4 with colors |3, 5, 6, 8, 9, 10, 11, 12, 15|
++++++++++++++++++++++
Trying improving 8, 15, 7, 13 with subs:
Root to change : 15 with colors |1, 3, 4, 7, 8, 11, 12, 13|
Root to change : 13 with colors |1, 3, 7, 8, 11, 12, 14|
++++++++++++++++++++++
Trying improving 8, 15, 8, 13 with subs:
Root to change : 15 with colors |1, 3, 4, 7, 8, 11, 12, 13|
Root to change : 13 with colors |1, 3, 7, 8, 10, 11, 12, 15|
++++++++++++++++++++++
Trying improving 9, 15, 0, 7 with subs:
Root to change : 9 with colors |3, 5, 8, 10, 11, 12, 15|
Root to change : 15 with colors |2, 3, 4, 5, 6, 9, 10, 13, 14|
Root to change : 7 with colors |2, 3, 4, 5, 9, 11, 12, 14, 15|
++++++++++++++++++++++
Trying improving 9, 15, 3, 7 with subs:
Root to change : 9 with colors |3, 5, 8, 10, 11, 12, 15|
Root to change : 15 with colors |2, 3, 4, 5, 6, 9, 10, 13, 14|
Root to change : 7 with colors |3, 4, 8, 9, 10, 12, 13, 14, 15|
++++++++++++++++++++++
Trying improving 9, 15, 4, 7 with subs:
Root to change : 15 with colors |2, 3, 4, 5, 6, 9, 10, 13, 14|
Root to change : 7 with colors |2, 3, 4, 6, 9, 13, 15|
++++++++++++++++++++++
Trying improving 9, 15, 4, 8 with subs:
Root to change : 15 with colors |2, 3, 4, 6, 9, 10, 13, 14|
Root to change : 8 with colors |2, 3, 4, 6, 9, 13, 15|
++++++++++++++++++++++
Trying improving 9, 15, 7, 7 with subs:
Root to change : 9 with colors |3, 5, 8, 10, 11, 12, 15|
Root to change : 15 with colors |2, 3, 4, 5, 6, 9, 10, 13, 14|
++++++++++++++++++++++
Trying improving 9, 15, 7, 8 with subs:
Root to change : 9 with colors |3, 5, 8, 10, 11, 12, 15|
Root to change : 15 with colors |2, 3, 4, 6, 9, 10, 13, 14|
++++++++++++++++++++++
Trying improving 9, 15, 7, 12 with subs:
Root to change : 9 with colors |3, 5, 8, 10, 11, 12, 15|
Root to change : 15 with colors |2, 3, 5, 9, 10, 13, 14|
Root to change : 7 with colors |1, 3, 5, 8, 10, 11, 12, 14, 15|
++++++++++++++++++++++
Trying improving 9, 15, 7, 13 with subs:
Root to change : 15 with colors |2, 3, 4, 5, 6, 9, 10, 13, 14|
Root to change : 7 with colors |2, 3, 4, 6, 9, 10, 13, 14|
++++++++++++++++++++++
Trying improving 9, 15, 7, 14 with subs:
Root to change : 9 with colors |3, 5, 8, 10, 11, 12, 15|
Root to change : 15 with colors |2, 3, 4, 5, 6, 9, 10, 13, 14|
Root to change : 7 with colors |1, 2, 3, 5, 9, 10, 12, 13, 14|
++++++++++++++++++++++
Trying improving 9, 15, 8, 13 with subs:
Root to change : 15 with colors |2, 3, 4, 6, 9, 10, 13, 14|
Root to change : 8 with colors |2, 3, 4, 6, 9, 10, 13, 14|
++++++++++++++++++++++
Trying improving 10, 12, 0, 4 with subs:
Root to change : 10 with colors |1, 3, 7, 8, 11, 12, 14|
Root to change : 12 with colors |3, 5, 6, 9, 10, 13, 14, 15|
Root to change : 4 with colors |2, 3, 5, 7, 9, 11, 12, 14, 15|
++++++++++++++++++++++
Trying improving 10, 12, 3, 4 with subs:
Root to change : 10 with colors |1, 3, 7, 8, 11, 12, 14|
Root to change : 12 with colors |3, 5, 6, 9, 10, 13, 14, 15|
Root to change : 4 with colors |3, 7, 8, 9, 10, 12, 13, 14, 15|
++++++++++++++++++++++
Trying improving 10, 12, 4, 4 with subs:
Root to change : 10 with colors |1, 3, 7, 8, 11, 12, 14|
Root to change : 12 with colors |3, 5, 6, 9, 10, 13, 14, 15|
++++++++++++++++++++++
Trying improving 10, 12, 4, 7 with subs:
Root to change : 10 with colors |1, 3, 7, 8, 11, 12, 14|
Root to change : 4 with colors |1, 2, 3, 7, 8, 11, 12, 13, 14|
++++++++++++++++++++++
Trying improving 10, 12, 4, 8 with subs:
Root to change : 10 with colors |1, 3, 7, 8, 11, 12, 14|
Root to change : 4 with colors |1, 3, 7, 8, 10, 11, 12, 15|
++++++++++++++++++++++
Trying improving 10, 12, 4, 9 with subs:
Root to change : 12 with colors |3, 5, 6, 9, 10, 13, 14, 15|
Root to change : 4 with colors |2, 3, 5, 6, 9, 10, 13, 14, 15|
++++++++++++++++++++++
Trying improving 10, 12, 4, 13 with subs:
Root to change : 10 with colors |1, 3, 7, 8, 11, 12, 14|
Root to change : 12 with colors |3, 5, 6, 9, 10, 13, 14, 15|
Root to change : 4 with colors |1, 2, 3, 7, 9, 10, 13, 14|
++++++++++++++++++++++
Trying improving 10, 12, 4, 15 with subs:
Root to change : 12 with colors |3, 5, 6, 9, 10, 13, 14, 15|
Root to change : 4 with colors |3, 5, 6, 8, 9, 10, 11, 12, 15|
++++++++++++++++++++++
Trying improving 10, 12, 8, 13 with subs:
Root to change : 10 with colors |1, 3, 7, 8, 11, 12, 14|
Root to change : 8 with colors |1, 2, 3, 7, 9, 10, 13, 14|
Root to change : 13 with colors |1, 3, 7, 8, 10, 11, 12, 15|
++++++++++++++++++++++
Trying improving 10, 15, 4, 7 with subs:
Root to change : 4 with colors |1, 3, 7, 8, 11, 12, 14|
Root to change : 7 with colors |2, 3, 4, 6, 9, 13, 15|
++++++++++++++++++++++
Trying improving 10, 15, 4, 8 with subs:
Root to change : 4 with colors |1, 3, 7, 8, 10, 11, 12, 15|
Root to change : 8 with colors |2, 3, 4, 6, 9, 13, 15|
++++++++++++++++++++++
Trying improving 10, 15, 7, 13 with subs:
Root to change : 15 with colors |1, 3, 5, 9, 10, 12, 13, 14|
Root to change : 7 with colors |2, 3, 4, 6, 9, 10, 13, 14|
Root to change : 13 with colors |1, 3, 7, 8, 11, 12, 14|
++++++++++++++++++++++
Trying improving 10, 15, 8, 13 with subs:
Root to change : 8 with colors |2, 3, 4, 6, 9, 10, 13, 14|
Root to change : 13 with colors |1, 3, 7, 8, 10, 11, 12, 15|
++++++++++++++++++++++
Trying improving 12, 12, 4, 9 with subs:
Root to change : 4 with colors |2, 3, 5, 6, 9, 10, 13, 14, 15|
Root to change : 9 with colors |2, 3, 4, 7, 8, 11, 13|
++++++++++++++++++++++
Trying improving 12, 12, 4, 15 with subs:
Root to change : 4 with colors |3, 5, 6, 8, 9, 10, 11, 12, 15|
Root to change : 15 with colors |2, 3, 4, 7, 8, 11, 13|
++++++++++++++++++++++
Trying improving 12, 14, 4, 9 with subs:
Root to change : 12 with colors |1, 2, 3, 5, 7, 9, 10, 13, 14|
Root to change : 4 with colors |2, 3, 5, 6, 9, 10, 13, 14, 15|
Root to change : 9 with colors |2, 3, 4, 7, 8, 11, 13|
++++++++++++++++++++++
Trying improving 12, 14, 4, 15 with subs:
Root to change : 12 with colors |2, 3, 5, 9, 10, 13, 14|
Root to change : 4 with colors |3, 5, 6, 8, 9, 10, 11, 12, 15|
Root to change : 15 with colors |2, 3, 4, 7, 8, 11, 13|
++++++++++++++++++++++
Trying improving 12, 15, 0, 4 with subs:
Root to change : 12 with colors |3, 4, 5, 6, 9, 10, 15|
Root to change : 15 with colors |1, 3, 7, 8, 11, 12, 14|
Root to change : 4 with colors |2, 3, 5, 7, 9, 11, 12, 14, 15|
++++++++++++++++++++++
Trying improving 12, 15, 3, 4 with subs:
Root to change : 12 with colors |3, 4, 5, 6, 9, 10, 15|
Root to change : 15 with colors |1, 3, 7, 8, 11, 12, 14|
Root to change : 4 with colors |3, 7, 8, 9, 10, 12, 13, 14, 15|
++++++++++++++++++++++
Trying improving 12, 15, 4, 4 with subs:
Root to change : 12 with colors |3, 4, 5, 6, 9, 10, 15|
Root to change : 15 with colors |1, 3, 7, 8, 11, 12, 14|
++++++++++++++++++++++
Trying improving 12, 15, 4, 7 with subs:
Root to change : 15 with colors |1, 3, 7, 8, 11, 12, 14|
Root to change : 4 with colors |1, 3, 7, 8, 11, 12, 14|
++++++++++++++++++++++
Trying improving 12, 15, 4, 8 with subs:
Root to change : 15 with colors |1, 3, 7, 8, 11, 12, 14|
Root to change : 4 with colors |1, 3, 7, 8, 10, 11, 12, 15|
++++++++++++++++++++++
Trying improving 12, 15, 4, 9 with subs:
Root to change : 12 with colors |3, 4, 5, 6, 9, 10, 15|
Root to change : 4 with colors |2, 3, 5, 6, 9, 10, 13, 14, 15|
++++++++++++++++++++++
Trying improving 12, 15, 4, 13 with subs:
Root to change : 12 with colors |3, 4, 5, 6, 9, 10, 15|
Root to change : 15 with colors |1, 3, 7, 8, 11, 12, 14|
++++++++++++++++++++++
Trying improving 12, 15, 4, 15 with subs:
Root to change : 12 with colors |3, 4, 5, 6, 9, 10, 15|
Root to change : 4 with colors |3, 5, 6, 8, 9, 10, 11, 12, 15|
++++++++++++++++++++++
Trying improving 12, 15, 7, 13 with subs:
Root to change : 15 with colors |1, 3, 5, 7, 8, 10, 11, 12, 14|
Root to change : 13 with colors |1, 3, 7, 8, 11, 12, 14|
++++++++++++++++++++++
Trying improving 12, 15, 8, 13 with subs:
Root to change : 15 with colors |1, 3, 7, 8, 11, 12, 14|
Root to change : 13 with colors |1, 3, 7, 8, 10, 11, 12, 15|
++++++++++++++++++++++
Trying improving 15, 15, 4, 7 with subs:
Root to change : 4 with colors |1, 3, 7, 8, 11, 12, 14|
Root to change : 7 with colors |2, 3, 4, 6, 9, 13, 15|
++++++++++++++++++++++
Trying improving 15, 15, 4, 8 with subs:
Root to change : 4 with colors |1, 3, 7, 8, 10, 11, 12, 15|
Root to change : 8 with colors |2, 3, 4, 6, 9, 13, 15|
++++++++++++++++++++++
Trying improving 15, 15, 7, 13 with subs:
Root to change : 7 with colors |2, 3, 4, 6, 9, 10, 13, 14|
Root to change : 13 with colors |1, 3, 7, 8, 11, 12, 14|
++++++++++++++++++++++
Trying improving 15, 15, 8, 13 with subs:
Root to change : 8 with colors |2, 3, 4, 6, 9, 10, 13, 14|
Root to change : 13 with colors |1, 3, 7, 8, 10, 11, 12, 15|
++++++++++++++++++++++
Unable to be solved with SubSubProblem
