Trying substitutions to: 7
with goodVertices 1, 2, 4, 5, 6, 8, 11, 12, 15
bad color to improve: 5  6  with index 71
bad color to improve: 5  15  with index 80
bad color to improve: 6  10  with index 85
bad color to improve: 6  15  with index 90
4 bad colorings on level 1
bad coloring on level 2  |3, 12, 0, 2|
bad coloring on level 2  |3, 14, 0, 2|
bad coloring on level 2  |1, 2, 0, 3|
bad coloring on level 2  |1, 13, 0, 3|
bad coloring on level 2  |2, 14, 0, 3|
bad coloring on level 2  |13, 14, 0, 3|
bad coloring on level 2  |3, 14, 0, 4|
bad coloring on level 2  |12, 14, 0, 4|
bad coloring on level 2  |1, 13, 0, 12|
bad coloring on level 2  |2, 13, 0, 12|
bad coloring on level 2  |3, 13, 0, 12|
bad coloring on level 2  |4, 13, 0, 12|
bad coloring on level 2  |7, 13, 0, 12|
bad coloring on level 2  |8, 13, 0, 12|
bad coloring on level 2  |13, 13, 0, 12|
bad coloring on level 2  |13, 14, 0, 12|
bad coloring on level 2  |3, 4, 0, 14|
bad coloring on level 2  |3, 13, 0, 14|
bad coloring on level 2  |4, 8, 0, 14|
bad coloring on level 2  |8, 13, 0, 14|
bad coloring on level 2  |0, 3, 1, 2|
bad coloring on level 2  |3, 3, 1, 2|
bad coloring on level 2  |3, 4, 1, 2|
bad coloring on level 2  |3, 7, 1, 2|
bad coloring on level 2  |3, 8, 1, 2|
bad coloring on level 2  |3, 12, 1, 2|
bad coloring on level 2  |3, 13, 1, 2|
bad coloring on level 2  |3, 14, 1, 2|
bad coloring on level 2  |8, 13, 1, 2|
bad coloring on level 2  |0, 3, 1, 13|
bad coloring on level 2  |0, 12, 1, 13|
bad coloring on level 2  |3, 3, 1, 13|
bad coloring on level 2  |3, 4, 1, 13|
bad coloring on level 2  |3, 7, 1, 13|
bad coloring on level 2  |3, 8, 1, 13|
bad coloring on level 2  |3, 12, 1, 13|
bad coloring on level 2  |3, 13, 1, 13|
bad coloring on level 2  |3, 14, 1, 13|
bad coloring on level 2  |4, 8, 1, 13|
bad coloring on level 2  |8, 13, 1, 13|
bad coloring on level 2  |3, 4, 1, 14|
bad coloring on level 2  |3, 13, 1, 14|
bad coloring on level 2  |4, 8, 1, 14|
bad coloring on level 2  |8, 13, 1, 14|
bad coloring on level 2  |3, 12, 2, 2|
bad coloring on level 2  |3, 14, 2, 2|
bad coloring on level 2  |3, 12, 2, 4|
bad coloring on level 2  |3, 14, 2, 4|
bad coloring on level 2  |12, 14, 2, 4|
bad coloring on level 2  |3, 12, 2, 7|
bad coloring on level 2  |3, 14, 2, 7|
bad coloring on level 2  |3, 12, 2, 11|
bad coloring on level 2  |3, 14, 2, 11|
bad coloring on level 2  |0, 12, 2, 13|
bad coloring on level 2  |3, 12, 2, 13|
bad coloring on level 2  |3, 14, 2, 13|
bad coloring on level 2  |0, 3, 2, 14|
bad coloring on level 2  |3, 3, 2, 14|
bad coloring on level 2  |3, 4, 2, 14|
bad coloring on level 2  |3, 7, 2, 14|
bad coloring on level 2  |3, 8, 2, 14|
bad coloring on level 2  |3, 12, 2, 14|
bad coloring on level 2  |3, 13, 2, 14|
bad coloring on level 2  |3, 14, 2, 14|
bad coloring on level 2  |4, 8, 2, 14|
bad coloring on level 2  |8, 13, 2, 14|
bad coloring on level 2  |1, 2, 3, 3|
bad coloring on level 2  |1, 13, 3, 3|
bad coloring on level 2  |2, 14, 3, 3|
bad coloring on level 2  |13, 14, 3, 3|
bad coloring on level 2  |0, 14, 3, 4|
bad coloring on level 2  |1, 2, 3, 4|
bad coloring on level 2  |1, 13, 3, 4|
bad coloring on level 2  |1, 14, 3, 4|
bad coloring on level 2  |2, 14, 3, 4|
bad coloring on level 2  |3, 14, 3, 4|
bad coloring on level 2  |7, 14, 3, 4|
bad coloring on level 2  |12, 14, 3, 4|
bad coloring on level 2  |13, 14, 3, 4|
bad coloring on level 2  |14, 14, 3, 4|
bad coloring on level 2  |1, 2, 3, 7|
bad coloring on level 2  |1, 13, 3, 7|
bad coloring on level 2  |2, 14, 3, 7|
bad coloring on level 2  |13, 14, 3, 7|
bad coloring on level 2  |1, 2, 3, 8|
bad coloring on level 2  |1, 13, 3, 8|
bad coloring on level 2  |2, 14, 3, 8|
bad coloring on level 2  |13, 14, 3, 8|
bad coloring on level 2  |0, 2, 3, 12|
bad coloring on level 2  |1, 2, 3, 12|
bad coloring on level 2  |1, 13, 3, 12|
bad coloring on level 2  |2, 2, 3, 12|
bad coloring on level 2  |2, 4, 3, 12|
bad coloring on level 2  |2, 7, 3, 12|
bad coloring on level 2  |2, 11, 3, 12|
bad coloring on level 2  |2, 13, 3, 12|
bad coloring on level 2  |2, 14, 3, 12|
bad coloring on level 2  |13, 14, 3, 12|
bad coloring on level 2  |0, 12, 3, 13|
bad coloring on level 2  |0, 14, 3, 13|
bad coloring on level 2  |1, 2, 3, 13|
bad coloring on level 2  |1, 13, 3, 13|
bad coloring on level 2  |1, 14, 3, 13|
bad coloring on level 2  |2, 14, 3, 13|
bad coloring on level 2  |3, 14, 3, 13|
bad coloring on level 2  |7, 14, 3, 13|
bad coloring on level 2  |12, 14, 3, 13|
bad coloring on level 2  |13, 14, 3, 13|
bad coloring on level 2  |14, 14, 3, 13|
bad coloring on level 2  |0, 2, 3, 14|
bad coloring on level 2  |0, 4, 3, 14|
bad coloring on level 2  |1, 2, 3, 14|
bad coloring on level 2  |1, 13, 3, 14|
bad coloring on level 2  |2, 2, 3, 14|
bad coloring on level 2  |2, 4, 3, 14|
bad coloring on level 2  |2, 7, 3, 14|
bad coloring on level 2  |2, 11, 3, 14|
bad coloring on level 2  |2, 13, 3, 14|
bad coloring on level 2  |2, 14, 3, 14|
bad coloring on level 2  |3, 4, 3, 14|
bad coloring on level 2  |3, 13, 3, 14|
bad coloring on level 2  |4, 4, 3, 14|
bad coloring on level 2  |4, 7, 3, 14|
bad coloring on level 2  |4, 8, 3, 14|
bad coloring on level 2  |4, 11, 3, 14|
bad coloring on level 2  |4, 13, 3, 14|
bad coloring on level 2  |7, 13, 3, 14|
bad coloring on level 2  |8, 13, 3, 14|
bad coloring on level 2  |13, 13, 3, 14|
bad coloring on level 2  |13, 14, 3, 14|
bad coloring on level 2  |3, 14, 4, 4|
bad coloring on level 2  |12, 14, 4, 4|
bad coloring on level 2  |3, 14, 4, 7|
bad coloring on level 2  |12, 14, 4, 7|
bad coloring on level 2  |0, 14, 4, 8|
bad coloring on level 2  |1, 13, 4, 8|
bad coloring on level 2  |1, 14, 4, 8|
bad coloring on level 2  |2, 14, 4, 8|
bad coloring on level 2  |3, 14, 4, 8|
bad coloring on level 2  |7, 14, 4, 8|
bad coloring on level 2  |12, 14, 4, 8|
bad coloring on level 2  |13, 14, 4, 8|
bad coloring on level 2  |14, 14, 4, 8|
bad coloring on level 2  |3, 14, 4, 11|
bad coloring on level 2  |12, 14, 4, 11|
bad coloring on level 2  |0, 12, 4, 13|
bad coloring on level 2  |3, 14, 4, 13|
bad coloring on level 2  |12, 14, 4, 13|
bad coloring on level 2  |0, 12, 7, 13|
bad coloring on level 2  |3, 14, 7, 13|
bad coloring on level 2  |3, 4, 7, 14|
bad coloring on level 2  |3, 13, 7, 14|
bad coloring on level 2  |4, 8, 7, 14|
bad coloring on level 2  |8, 13, 7, 14|
bad coloring on level 2  |0, 12, 8, 13|
bad coloring on level 2  |0, 14, 8, 13|
bad coloring on level 2  |1, 2, 8, 13|
bad coloring on level 2  |1, 13, 8, 13|
bad coloring on level 2  |1, 14, 8, 13|
bad coloring on level 2  |2, 14, 8, 13|
bad coloring on level 2  |3, 14, 8, 13|
bad coloring on level 2  |7, 14, 8, 13|
bad coloring on level 2  |12, 14, 8, 13|
bad coloring on level 2  |13, 14, 8, 13|
bad coloring on level 2  |14, 14, 8, 13|
bad coloring on level 2  |0, 4, 12, 14|
bad coloring on level 2  |2, 4, 12, 14|
bad coloring on level 2  |3, 4, 12, 14|
bad coloring on level 2  |3, 13, 12, 14|
bad coloring on level 2  |4, 4, 12, 14|
bad coloring on level 2  |4, 7, 12, 14|
bad coloring on level 2  |4, 8, 12, 14|
bad coloring on level 2  |4, 11, 12, 14|
bad coloring on level 2  |4, 13, 12, 14|
bad coloring on level 2  |8, 13, 12, 14|
bad coloring on level 2  |0, 12, 13, 13|
bad coloring on level 2  |3, 14, 13, 13|
bad coloring on level 2  |0, 3, 13, 14|
bad coloring on level 2  |0, 12, 13, 14|
bad coloring on level 2  |3, 3, 13, 14|
bad coloring on level 2  |3, 4, 13, 14|
bad coloring on level 2  |3, 7, 13, 14|
bad coloring on level 2  |3, 8, 13, 14|
bad coloring on level 2  |3, 12, 13, 14|
bad coloring on level 2  |3, 13, 13, 14|
bad coloring on level 2  |3, 14, 13, 14|
bad coloring on level 2  |4, 8, 13, 14|
bad coloring on level 2  |8, 13, 13, 14|
bad coloring on level 2  |3, 4, 14, 14|
bad coloring on level 2  |3, 13, 14, 14|
bad coloring on level 2  |4, 8, 14, 14|
bad coloring on level 2  |8, 13, 14, 14|

192 bad colorings on level 2
Sub sub problem :
Trying improving 0, 2, 3, 12 with subs:
Root to change : 2 with colors |3, 4, 5, 7, 9, 11, 12, 14, 15|
Root to change : 3 with colors |1, 5, 7, 8, 10, 11, 12, 14, 15|
Root to change : 12 with colors |3, 4, 7, 8, 9, 13, 15|
++++++++++++++++++++++
Trying improving 0, 2, 3, 14 with subs:
Root to change : 2 with colors |3, 5, 7, 11, 12, 14, 15|
Root to change : 3 with colors |1, 2, 5, 7, 9, 10, 12, 13, 14|
Root to change : 14 with colors |3, 4, 7, 8, 9, 13, 15|
++++++++++++++++++++++
Trying improving 0, 3, 1, 2 with subs:
Root to change : 3 with colors |2, 4, 5, 7, 9, 11, 12, 14, 15|
Root to change : 1 with colors |2, 4, 6, 7, 9, 11, 13|
Root to change : 2 with colors |1, 5, 7, 8, 10, 11, 12, 14|
++++++++++++++++++++++
Trying improving 0, 3, 1, 13 with subs:
Root to change : 3 with colors |2, 4, 5, 7, 9, 11, 14|
Root to change : 1 with colors |2, 3, 4, 6, 7, 8, 9, 13|
Root to change : 13 with colors |1, 5, 7, 8, 10, 11, 12, 14|
++++++++++++++++++++++
Trying improving 0, 3, 2, 14 with subs:
Root to change : 3 with colors |2, 4, 5, 7, 9, 11, 12, 14, 15|
Root to change : 2 with colors |1, 3, 5, 7, 10, 12, 14|
Root to change : 14 with colors |2, 4, 6, 7, 9, 11, 13|
++++++++++++++++++++++
Trying improving 0, 3, 13, 14 with subs:
Root to change : 3 with colors |2, 4, 5, 7, 9, 11, 14|
Root to change : 13 with colors |1, 3, 5, 7, 10, 12, 14|
Root to change : 14 with colors |2, 3, 4, 6, 7, 8, 9, 13|
++++++++++++++++++++++
Trying improving 0, 4, 3, 14 with subs:
Root to change : 4 with colors |3, 5, 7, 11, 12, 14, 15|
Root to change : 3 with colors |1, 2, 5, 7, 9, 13, 14|
Root to change : 14 with colors |3, 4, 7, 8, 9, 10, 12, 13, 15|
++++++++++++++++++++++
Trying improving 0, 4, 12, 14 with subs:
Root to change : 4 with colors |2, 3, 5, 7, 9, 11, 12, 14, 15|
Root to change : 12 with colors |1, 2, 5, 7, 9, 13, 14|
Root to change : 14 with colors |1, 3, 5, 7, 8, 10, 11, 12, 15|
++++++++++++++++++++++
Trying improving 0, 12, 1, 13 with subs:
Root to change : 0 with colors |1, 5, 7, 8, 10, 11, 12, 14, 15|
Root to change : 12 with colors |2, 4, 5, 7, 9, 11, 14|
Root to change : 13 with colors |1, 2, 5, 6, 7, 8, 10, 11, 12, 14|
++++++++++++++++++++++
Trying improving 0, 12, 2, 13 with subs:
Root to change : 0 with colors |1, 5, 7, 8, 10, 11, 12, 14|
Root to change : 12 with colors |2, 3, 4, 5, 7, 9, 11, 14, 15|
Root to change : 13 with colors |1, 2, 4, 5, 6, 7, 9, 11, 14|
++++++++++++++++++++++
Trying improving 0, 12, 3, 13 with subs:
Root to change : 0 with colors |1, 3, 7, 8, 10, 11, 12, 15|
Root to change : 12 with colors |2, 3, 4, 7, 9, 11, 15|
Root to change : 13 with colors |3, 4, 7, 8, 9, 10, 12, 14, 15|
++++++++++++++++++++++
Trying improving 0, 12, 4, 13 with subs:
Root to change : 0 with colors |1, 3, 7, 8, 10, 11, 12, 15|
Root to change : 12 with colors |2, 3, 4, 5, 7, 9, 11, 14, 15|
Root to change : 13 with colors |2, 3, 4, 6, 7, 8, 9, 11, 15|
++++++++++++++++++++++
Trying improving 0, 12, 7, 13 with subs:
Root to change : 0 with colors |1, 3, 5, 7, 8, 10, 11, 12, 14, 15|
Root to change : 12 with colors |2, 3, 4, 5, 7, 9, 11, 14, 15|
Root to change : 13 with colors |1, 2, 3, 4, 7, 8, 11, 12, 14|
++++++++++++++++++++++
Trying improving 0, 12, 8, 13 with subs:
Root to change : 0 with colors |1, 3, 5, 7, 8, 10, 11, 12, 15|
Root to change : 12 with colors |2, 3, 4, 7, 9, 11, 15|
Root to change : 13 with colors |1, 3, 4, 6, 7, 8, 10, 11, 12, 15|
++++++++++++++++++++++
Trying improving 0, 12, 13, 13 with subs:
Root to change : 0 with colors |1, 3, 5, 7, 8, 10, 11, 12, 14, 15|
Root to change : 12 with colors |2, 3, 4, 5, 7, 9, 11, 14, 15|
++++++++++++++++++++++
Trying improving 0, 12, 13, 14 with subs:
Root to change : 0 with colors |1, 5, 7, 8, 10, 11, 12, 14|
Root to change : 12 with colors |2, 4, 5, 7, 9, 11, 14|
Root to change : 13 with colors |1, 2, 3, 5, 7, 9, 10, 12, 14|
++++++++++++++++++++++
Trying improving 0, 14, 3, 4 with subs:
Root to change : 14 with colors |2, 3, 4, 5, 7, 9, 11, 12, 15|
Root to change : 3 with colors |2, 4, 6, 7, 9, 11, 13|
Root to change : 4 with colors |3, 7, 8, 10, 12, 14, 15|
++++++++++++++++++++++
Trying improving 0, 14, 3, 13 with subs:
Root to change : 14 with colors |2, 3, 4, 7, 9, 11, 15|
Root to change : 3 with colors |1, 2, 4, 6, 7, 9, 13, 14|
Root to change : 13 with colors |3, 7, 8, 10, 12, 14, 15|
++++++++++++++++++++++
Trying improving 0, 14, 4, 8 with subs:
Root to change : 14 with colors |2, 3, 4, 5, 7, 9, 11, 12, 15|
Root to change : 4 with colors |1, 3, 7, 8, 10, 11, 12, 15|
Root to change : 8 with colors |2, 4, 6, 7, 9, 11, 13|
++++++++++++++++++++++
Trying improving 0, 14, 8, 13 with subs:
Root to change : 14 with colors |2, 3, 4, 7, 9, 11, 15|
Root to change : 8 with colors |1, 2, 4, 6, 7, 9, 13, 14|
Root to change : 13 with colors |1, 3, 7, 8, 10, 11, 12, 15|
++++++++++++++++++++++
Trying improving 1, 2, 0, 3 with subs:
Root to change : 1 with colors |2, 4, 6, 7, 9, 11, 13|
Root to change : 2 with colors |1, 5, 7, 8, 10, 11, 12, 14|
Root to change : 3 with colors |2, 4, 5, 7, 9, 11, 12, 14, 15|
++++++++++++++++++++++
Trying improving 1, 2, 3, 3 with subs:
Root to change : 1 with colors |2, 4, 6, 7, 9, 11, 13|
Root to change : 2 with colors |1, 5, 7, 8, 10, 11, 12, 14|
++++++++++++++++++++++
Trying improving 1, 2, 3, 4 with subs:
Root to change : 1 with colors |2, 4, 6, 7, 9, 11, 13|
Root to change : 3 with colors |2, 4, 6, 7, 8, 9, 11, 13, 15|
++++++++++++++++++++++
Trying improving 1, 2, 3, 7 with subs:
Root to change : 1 with colors |2, 4, 6, 7, 9, 11, 13|
Root to change : 2 with colors |1, 5, 7, 8, 10, 11, 12, 14|
Root to change : 3 with colors |1, 2, 4, 7, 8, 11, 12, 13, 14|
++++++++++++++++++++++
Trying improving 1, 2, 3, 8 with subs:
Root to change : 1 with colors |2, 4, 6, 7, 9, 11, 13|
Root to change : 2 with colors |1, 5, 7, 8, 10, 11, 12, 14|
Root to change : 3 with colors |1, 4, 6, 7, 8, 11, 12, 15|
++++++++++++++++++++++
Trying improving 1, 2, 3, 12 with subs:
Root to change : 2 with colors |1, 5, 7, 8, 10, 11, 12, 14|
Root to change : 3 with colors |1, 5, 7, 8, 10, 11, 12, 14, 15|
++++++++++++++++++++++
Trying improving 1, 2, 3, 13 with subs:
Root to change : 1 with colors |2, 4, 6, 7, 9, 11, 13|
Root to change : 3 with colors |1, 2, 4, 6, 7, 9, 13, 14|
++++++++++++++++++++++
Trying improving 1, 2, 3, 14 with subs:
Root to change : 2 with colors |1, 5, 7, 8, 10, 11, 12, 14|
Root to change : 3 with colors |1, 2, 5, 7, 9, 10, 12, 13, 14|
++++++++++++++++++++++
Trying improving 1, 2, 8, 13 with subs:
Root to change : 1 with colors |2, 4, 6, 7, 9, 11, 13|
Root to change : 8 with colors |1, 2, 4, 6, 7, 9, 13, 14|
Root to change : 13 with colors |1, 4, 6, 7, 8, 11, 12, 15|
++++++++++++++++++++++
Trying improving 1, 13, 0, 3 with subs:
Root to change : 1 with colors |2, 3, 4, 6, 7, 8, 9, 13|
Root to change : 13 with colors |1, 5, 7, 8, 10, 11, 12, 14|
Root to change : 3 with colors |2, 4, 5, 7, 9, 11, 14|
++++++++++++++++++++++
Trying improving 1, 13, 0, 12 with subs:
Root to change : 13 with colors |1, 2, 5, 6, 7, 8, 10, 11, 12, 14|
Root to change : 0 with colors |1, 5, 7, 8, 10, 11, 12, 14, 15|
Root to change : 12 with colors |2, 4, 5, 7, 9, 11, 14|
++++++++++++++++++++++
Trying improving 1, 13, 3, 3 with subs:
Root to change : 1 with colors |2, 3, 4, 6, 7, 8, 9, 13|
Root to change : 13 with colors |1, 5, 7, 8, 10, 11, 12, 14|
++++++++++++++++++++++
Trying improving 1, 13, 3, 4 with subs:
Root to change : 1 with colors |2, 3, 4, 6, 7, 8, 9, 13|
Root to change : 3 with colors |2, 4, 6, 7, 9, 11, 13|
++++++++++++++++++++++
Trying improving 1, 13, 3, 7 with subs:
Root to change : 1 with colors |2, 3, 4, 6, 7, 8, 9, 13|
Root to change : 13 with colors |1, 5, 7, 8, 10, 11, 12, 14|
Root to change : 3 with colors |1, 2, 4, 7, 8, 11, 12, 13, 14|
++++++++++++++++++++++
Trying improving 1, 13, 3, 8 with subs:
Root to change : 1 with colors |2, 3, 4, 6, 7, 8, 9, 13|
Root to change : 13 with colors |1, 5, 7, 8, 10, 11, 12, 14|
++++++++++++++++++++++
Trying improving 1, 13, 3, 12 with subs:
Root to change : 13 with colors |1, 5, 7, 8, 10, 11, 12, 14|
Root to change : 3 with colors |1, 5, 7, 8, 10, 11, 12, 14|
++++++++++++++++++++++
Trying improving 1, 13, 3, 13 with subs:
Root to change : 1 with colors |2, 3, 4, 6, 7, 8, 9, 13|
Root to change : 3 with colors |1, 2, 4, 6, 7, 9, 13, 14|
++++++++++++++++++++++
Trying improving 1, 13, 3, 14 with subs:
Root to change : 13 with colors |1, 5, 7, 8, 10, 11, 12, 14|
Root to change : 3 with colors |1, 2, 5, 7, 9, 10, 12, 13, 14|
++++++++++++++++++++++
Trying improving 1, 13, 4, 8 with subs:
Root to change : 1 with colors |2, 3, 4, 6, 7, 8, 9, 13|
Root to change : 13 with colors |1, 2, 5, 6, 7, 8, 11, 12|
Root to change : 8 with colors |2, 4, 6, 7, 9, 11, 13|
++++++++++++++++++++++
Trying improving 1, 13, 8, 13 with subs:
Root to change : 1 with colors |2, 3, 4, 6, 7, 8, 9, 13|
Root to change : 8 with colors |1, 2, 4, 6, 7, 9, 13, 14|
++++++++++++++++++++++
Trying improving 1, 14, 3, 4 with subs:
Root to change : 3 with colors |2, 4, 6, 7, 9, 11, 13|
Root to change : 4 with colors |3, 7, 8, 10, 12, 14, 15|
++++++++++++++++++++++
Trying improving 1, 14, 3, 13 with subs:
Root to change : 3 with colors |1, 2, 4, 6, 7, 9, 13, 14|
Root to change : 13 with colors |3, 7, 8, 10, 12, 14, 15|
++++++++++++++++++++++
Trying improving 1, 14, 4, 8 with subs:
Root to change : 14 with colors |1, 2, 5, 6, 7, 8, 11, 12|
Root to change : 4 with colors |1, 3, 7, 8, 10, 11, 12, 15|
Root to change : 8 with colors |2, 4, 6, 7, 9, 11, 13|
++++++++++++++++++++++
Trying improving 1, 14, 8, 13 with subs:
Root to change : 8 with colors |1, 2, 4, 6, 7, 9, 13, 14|
Root to change : 13 with colors |1, 3, 7, 8, 10, 11, 12, 15|
++++++++++++++++++++++
Trying improving 2, 2, 3, 12 with subs:
Root to change : 3 with colors |1, 5, 7, 8, 10, 11, 12, 14, 15|
Root to change : 12 with colors |3, 4, 7, 8, 9, 13, 15|
++++++++++++++++++++++
Trying improving 2, 2, 3, 14 with subs:
Root to change : 3 with colors |1, 2, 5, 7, 9, 10, 12, 13, 14|
Root to change : 14 with colors |3, 4, 7, 8, 9, 13, 15|
++++++++++++++++++++++
Trying improving 2, 4, 3, 12 with subs:
Root to change : 2 with colors |3, 4, 6, 7, 8, 9, 11, 13, 15|
Root to change : 3 with colors |1, 5, 7, 8, 11, 12, 15|
Root to change : 12 with colors |3, 4, 7, 8, 9, 13, 15|
++++++++++++++++++++++
Trying improving 2, 4, 3, 14 with subs:
Root to change : 3 with colors |1, 2, 5, 7, 9, 13, 14|
Root to change : 14 with colors |3, 4, 7, 8, 9, 13, 15|
++++++++++++++++++++++
Trying improving 2, 4, 12, 14 with subs:
Root to change : 4 with colors |1, 2, 5, 6, 7, 9, 11, 13, 14|
Root to change : 12 with colors |1, 2, 5, 7, 9, 13, 14|
Root to change : 14 with colors |1, 5, 7, 8, 11, 12, 15|
++++++++++++++++++++++
Trying improving 2, 7, 3, 12 with subs:
Root to change : 2 with colors |1, 3, 4, 7, 8, 11, 12, 13, 14|
Root to change : 3 with colors |1, 5, 7, 8, 10, 11, 12, 14, 15|
Root to change : 12 with colors |3, 4, 7, 8, 9, 13, 15|
++++++++++++++++++++++
Trying improving 2, 7, 3, 14 with subs:
Root to change : 2 with colors |1, 3, 7, 8, 11, 12, 14|
Root to change : 3 with colors |1, 2, 5, 7, 9, 10, 12, 13, 14|
Root to change : 14 with colors |3, 4, 7, 8, 9, 13, 15|
++++++++++++++++++++++
Trying improving 2, 11, 3, 12 with subs:
Root to change : 2 with colors |1, 4, 5, 6, 7, 8, 11, 12, 15|
Root to change : 3 with colors |1, 5, 7, 8, 10, 11, 12, 14, 15|
Root to change : 12 with colors |3, 4, 7, 8, 9, 13, 15|
++++++++++++++++++++++
Trying improving 2, 11, 3, 14 with subs:
Root to change : 2 with colors |1, 5, 7, 8, 11, 12, 15|
Root to change : 3 with colors |1, 2, 5, 7, 9, 10, 12, 13, 14|
Root to change : 14 with colors |3, 4, 7, 8, 9, 13, 15|
++++++++++++++++++++++
Trying improving 2, 13, 0, 12 with subs:
Root to change : 13 with colors |1, 2, 4, 5, 6, 7, 9, 11, 14|
Root to change : 0 with colors |1, 5, 7, 8, 10, 11, 12, 14|
Root to change : 12 with colors |2, 3, 4, 5, 7, 9, 11, 14, 15|
++++++++++++++++++++++
Trying improving 2, 13, 3, 12 with subs:
Root to change : 3 with colors |1, 5, 7, 8, 10, 11, 12, 14|
Root to change : 12 with colors |3, 4, 7, 8, 9, 13, 15|
++++++++++++++++++++++
Trying improving 2, 13, 3, 14 with subs:
Root to change : 3 with colors |1, 2, 5, 7, 9, 10, 12, 13, 14|
Root to change : 14 with colors |3, 4, 7, 8, 9, 13, 15|
++++++++++++++++++++++
Trying improving 2, 14, 0, 3 with subs:
Root to change : 2 with colors |1, 3, 5, 7, 10, 12, 14|
Root to change : 14 with colors |2, 4, 6, 7, 9, 11, 13|
Root to change : 3 with colors |2, 4, 5, 7, 9, 11, 12, 14, 15|
++++++++++++++++++++++
Trying improving 2, 14, 3, 3 with subs:
Root to change : 2 with colors |1, 3, 5, 7, 10, 12, 14|
Root to change : 14 with colors |2, 4, 6, 7, 9, 11, 13|
++++++++++++++++++++++
Trying improving 2, 14, 3, 4 with subs:
Root to change : 14 with colors |2, 4, 6, 7, 9, 11, 13|
Root to change : 3 with colors |2, 4, 6, 7, 9, 11, 13|
++++++++++++++++++++++
Trying improving 2, 14, 3, 7 with subs:
Root to change : 2 with colors |1, 3, 5, 7, 10, 12, 14|
Root to change : 14 with colors |2, 4, 6, 7, 9, 11, 13|
Root to change : 3 with colors |1, 2, 4, 7, 8, 11, 12, 13, 14|
++++++++++++++++++++++
Trying improving 2, 14, 3, 8 with subs:
Root to change : 2 with colors |1, 3, 5, 7, 10, 12, 14|
Root to change : 14 with colors |2, 4, 6, 7, 9, 11, 13|
++++++++++++++++++++++
Trying improving 2, 14, 3, 12 with subs:
Root to change : 2 with colors |1, 3, 5, 7, 10, 12, 14|
Root to change : 3 with colors |1, 5, 7, 8, 10, 11, 12, 14, 15|
++++++++++++++++++++++
Trying improving 2, 14, 3, 13 with subs:
Root to change : 14 with colors |2, 4, 6, 7, 9, 11, 13|
Root to change : 3 with colors |1, 2, 4, 6, 7, 9, 13, 14|
++++++++++++++++++++++
Trying improving 2, 14, 3, 14 with subs:
Root to change : 2 with colors |1, 3, 5, 7, 10, 12, 14|
Root to change : 3 with colors |1, 2, 5, 7, 9, 10, 12, 13, 14|
++++++++++++++++++++++
Trying improving 2, 14, 4, 8 with subs:
Root to change : 14 with colors |1, 2, 4, 5, 6, 7, 9, 11, 13|
Root to change : 8 with colors |2, 4, 6, 7, 9, 11, 13|
++++++++++++++++++++++
Trying improving 2, 14, 8, 13 with subs:
Root to change : 14 with colors |2, 4, 6, 7, 9, 11, 13|
Root to change : 8 with colors |1, 2, 4, 6, 7, 9, 13, 14|
++++++++++++++++++++++
Trying improving 3, 3, 1, 2 with subs:
Root to change : 1 with colors |2, 4, 6, 7, 9, 11, 13|
Root to change : 2 with colors |1, 5, 7, 8, 10, 11, 12, 14|
++++++++++++++++++++++
Trying improving 3, 3, 1, 13 with subs:
Root to change : 1 with colors |2, 3, 4, 6, 7, 8, 9, 13|
Root to change : 13 with colors |1, 5, 7, 8, 10, 11, 12, 14|
++++++++++++++++++++++
Trying improving 3, 3, 2, 14 with subs:
Root to change : 2 with colors |1, 3, 5, 7, 10, 12, 14|
Root to change : 14 with colors |2, 4, 6, 7, 9, 11, 13|
++++++++++++++++++++++
Trying improving 3, 3, 13, 14 with subs:
Root to change : 13 with colors |1, 3, 5, 7, 10, 12, 14|
Root to change : 14 with colors |2, 3, 4, 6, 7, 8, 9, 13|
++++++++++++++++++++++
Trying improving 3, 4, 0, 14 with subs:
Root to change : 3 with colors |2, 4, 6, 7, 9, 11, 13|
Root to change : 4 with colors |3, 7, 8, 10, 12, 14, 15|
Root to change : 14 with colors |2, 3, 4, 5, 7, 9, 11, 12, 15|
++++++++++++++++++++++
Trying improving 3, 4, 1, 2 with subs:
Root to change : 3 with colors |2, 4, 6, 7, 8, 9, 11, 13, 15|
Root to change : 1 with colors |2, 4, 6, 7, 9, 11, 13|
++++++++++++++++++++++
Trying improving 3, 4, 1, 13 with subs:
Root to change : 3 with colors |2, 4, 6, 7, 9, 11, 13|
Root to change : 1 with colors |2, 3, 4, 6, 7, 8, 9, 13|
++++++++++++++++++++++
Trying improving 3, 4, 1, 14 with subs:
Root to change : 3 with colors |2, 4, 6, 7, 9, 11, 13|
Root to change : 4 with colors |3, 7, 8, 10, 12, 14, 15|
++++++++++++++++++++++
Trying improving 3, 4, 2, 14 with subs:
Root to change : 3 with colors |2, 4, 6, 7, 9, 11, 13|
Root to change : 14 with colors |2, 4, 6, 7, 9, 11, 13|
++++++++++++++++++++++
Trying improving 3, 4, 3, 14 with subs:
Root to change : 4 with colors |3, 7, 8, 10, 12, 14, 15|
Root to change : 14 with colors |3, 4, 7, 8, 9, 10, 12, 13, 15|
++++++++++++++++++++++
Trying improving 3, 4, 7, 14 with subs:
Root to change : 3 with colors |2, 4, 6, 7, 9, 11, 13|
Root to change : 4 with colors |3, 7, 8, 10, 12, 14, 15|
Root to change : 14 with colors |1, 2, 3, 4, 7, 8, 11, 12, 13|
++++++++++++++++++++++
Trying improving 3, 4, 12, 14 with subs:
Root to change : 4 with colors |3, 7, 8, 10, 12, 14, 15|
Root to change : 14 with colors |1, 3, 5, 7, 8, 10, 11, 12, 15|
++++++++++++++++++++++
Trying improving 3, 4, 13, 14 with subs:
Root to change : 3 with colors |2, 4, 6, 7, 9, 11, 13|
Root to change : 14 with colors |2, 3, 4, 6, 7, 8, 9, 13|
++++++++++++++++++++++
Trying improving 3, 4, 14, 14 with subs:
Root to change : 3 with colors |2, 4, 6, 7, 9, 11, 13|
Root to change : 4 with colors |3, 7, 8, 10, 12, 14, 15|
++++++++++++++++++++++
Trying improving 3, 7, 1, 2 with subs:
Root to change : 3 with colors |1, 2, 4, 7, 8, 11, 12, 13, 14|
Root to change : 1 with colors |2, 4, 6, 7, 9, 11, 13|
Root to change : 2 with colors |1, 5, 7, 8, 10, 11, 12, 14|
++++++++++++++++++++++
Trying improving 3, 7, 1, 13 with subs:
Root to change : 3 with colors |1, 2, 4, 7, 8, 11, 12, 13, 14|
Root to change : 1 with colors |2, 3, 4, 6, 7, 8, 9, 13|
Root to change : 13 with colors |1, 5, 7, 8, 10, 11, 12, 14|
++++++++++++++++++++++
Trying improving 3, 7, 2, 14 with subs:
Root to change : 3 with colors |1, 2, 4, 7, 8, 11, 12, 13, 14|
Root to change : 2 with colors |1, 3, 5, 7, 10, 12, 14|
Root to change : 14 with colors |2, 4, 6, 7, 9, 11, 13|
++++++++++++++++++++++
Trying improving 3, 7, 13, 14 with subs:
Root to change : 3 with colors |1, 2, 4, 7, 8, 11, 12, 13, 14|
Root to change : 13 with colors |1, 3, 5, 7, 10, 12, 14|
Root to change : 14 with colors |2, 3, 4, 6, 7, 8, 9, 13|
++++++++++++++++++++++
Trying improving 3, 8, 1, 2 with subs:
Root to change : 3 with colors |1, 4, 6, 7, 8, 11, 12, 15|
Root to change : 1 with colors |2, 4, 6, 7, 9, 11, 13|
Root to change : 2 with colors |1, 5, 7, 8, 10, 11, 12, 14|
++++++++++++++++++++++
Trying improving 3, 8, 1, 13 with subs:
Root to change : 1 with colors |2, 3, 4, 6, 7, 8, 9, 13|
Root to change : 13 with colors |1, 5, 7, 8, 10, 11, 12, 14|
++++++++++++++++++++++
Trying improving 3, 8, 2, 14 with subs:
Root to change : 2 with colors |1, 3, 5, 7, 10, 12, 14|
Root to change : 14 with colors |2, 4, 6, 7, 9, 11, 13|
++++++++++++++++++++++
Trying improving 3, 8, 13, 14 with subs:
Root to change : 13 with colors |1, 3, 5, 7, 10, 12, 14|
Root to change : 14 with colors |2, 3, 4, 6, 7, 8, 9, 13|
++++++++++++++++++++++
Trying improving 3, 12, 0, 2 with subs:
Root to change : 3 with colors |1, 5, 7, 8, 10, 11, 12, 14, 15|
Root to change : 12 with colors |3, 4, 7, 8, 9, 13, 15|
Root to change : 2 with colors |3, 4, 5, 7, 9, 11, 12, 14, 15|
++++++++++++++++++++++
Trying improving 3, 12, 1, 2 with subs:
Root to change : 3 with colors |1, 5, 7, 8, 10, 11, 12, 14, 15|
Root to change : 2 with colors |1, 5, 7, 8, 10, 11, 12, 14|
++++++++++++++++++++++
Trying improving 3, 12, 1, 13 with subs:
Root to change : 3 with colors |1, 5, 7, 8, 10, 11, 12, 14|
Root to change : 13 with colors |1, 5, 7, 8, 10, 11, 12, 14|
++++++++++++++++++++++
Trying improving 3, 12, 2, 2 with subs:
Root to change : 3 with colors |1, 5, 7, 8, 10, 11, 12, 14, 15|
Root to change : 12 with colors |3, 4, 7, 8, 9, 13, 15|
++++++++++++++++++++++
Trying improving 3, 12, 2, 4 with subs:
Root to change : 3 with colors |1, 5, 7, 8, 11, 12, 15|
Root to change : 12 with colors |3, 4, 7, 8, 9, 13, 15|
Root to change : 2 with colors |3, 4, 6, 7, 8, 9, 11, 13, 15|
++++++++++++++++++++++
Trying improving 3, 12, 2, 7 with subs:
Root to change : 3 with colors |1, 5, 7, 8, 10, 11, 12, 14, 15|
Root to change : 12 with colors |3, 4, 7, 8, 9, 13, 15|
Root to change : 2 with colors |1, 3, 4, 7, 8, 11, 12, 13, 14|
++++++++++++++++++++++
Trying improving 3, 12, 2, 11 with subs:
Root to change : 3 with colors |1, 5, 7, 8, 10, 11, 12, 14, 15|
Root to change : 12 with colors |3, 4, 7, 8, 9, 13, 15|
Root to change : 2 with colors |1, 4, 5, 6, 7, 8, 11, 12, 15|
++++++++++++++++++++++
Trying improving 3, 12, 2, 13 with subs:
Root to change : 3 with colors |1, 5, 7, 8, 10, 11, 12, 14|
Root to change : 12 with colors |3, 4, 7, 8, 9, 13, 15|
++++++++++++++++++++++
Trying improving 3, 12, 2, 14 with subs:
Root to change : 3 with colors |1, 5, 7, 8, 10, 11, 12, 14, 15|
Root to change : 2 with colors |1, 3, 5, 7, 10, 12, 14|
++++++++++++++++++++++
Trying improving 3, 12, 13, 14 with subs:
Root to change : 3 with colors |1, 5, 7, 8, 10, 11, 12, 14|
Root to change : 13 with colors |1, 3, 5, 7, 10, 12, 14|
++++++++++++++++++++++
Trying improving 3, 13, 0, 12 with subs:
Root to change : 13 with colors |3, 4, 7, 8, 9, 10, 12, 14, 15|
Root to change : 0 with colors |1, 3, 7, 8, 10, 11, 12, 15|
Root to change : 12 with colors |2, 3, 4, 7, 9, 11, 15|
++++++++++++++++++++++
Trying improving 3, 13, 0, 14 with subs:
Root to change : 3 with colors |1, 2, 4, 6, 7, 9, 13, 14|
Root to change : 13 with colors |3, 7, 8, 10, 12, 14, 15|
Root to change : 14 with colors |2, 3, 4, 7, 9, 11, 15|
++++++++++++++++++++++
Trying improving 3, 13, 1, 2 with subs:
Root to change : 3 with colors |1, 2, 4, 6, 7, 9, 13, 14|
Root to change : 1 with colors |2, 4, 6, 7, 9, 11, 13|
++++++++++++++++++++++
Trying improving 3, 13, 1, 13 with subs:
Root to change : 3 with colors |1, 2, 4, 6, 7, 9, 13, 14|
Root to change : 1 with colors |2, 3, 4, 6, 7, 8, 9, 13|
++++++++++++++++++++++
Trying improving 3, 13, 1, 14 with subs:
Root to change : 3 with colors |1, 2, 4, 6, 7, 9, 13, 14|
Root to change : 13 with colors |3, 7, 8, 10, 12, 14, 15|
++++++++++++++++++++++
Trying improving 3, 13, 2, 14 with subs:
Root to change : 3 with colors |1, 2, 4, 6, 7, 9, 13, 14|
Root to change : 14 with colors |2, 4, 6, 7, 9, 11, 13|
++++++++++++++++++++++
Trying improving 3, 13, 3, 14 with subs:
Root to change : 13 with colors |3, 7, 8, 10, 12, 14, 15|
Root to change : 14 with colors |3, 4, 7, 8, 9, 10, 12, 13, 15|
++++++++++++++++++++++
Trying improving 3, 13, 7, 14 with subs:
Root to change : 3 with colors |1, 2, 4, 6, 7, 9, 13, 14|
Root to change : 13 with colors |3, 7, 8, 10, 12, 14, 15|
Root to change : 14 with colors |1, 2, 3, 4, 7, 8, 11, 12, 13|
++++++++++++++++++++++
Trying improving 3, 13, 12, 14 with subs:
Root to change : 13 with colors |3, 7, 8, 10, 12, 14, 15|
Root to change : 14 with colors |1, 3, 7, 8, 10, 11, 12, 15|
++++++++++++++++++++++
Trying improving 3, 13, 13, 14 with subs:
Root to change : 3 with colors |1, 2, 4, 6, 7, 9, 13, 14|
Root to change : 14 with colors |2, 3, 4, 6, 7, 8, 9, 13|
++++++++++++++++++++++
Trying improving 3, 13, 14, 14 with subs:
Root to change : 3 with colors |1, 2, 4, 6, 7, 9, 13, 14|
Root to change : 13 with colors |3, 7, 8, 10, 12, 14, 15|
++++++++++++++++++++++
Trying improving 3, 14, 0, 2 with subs:
Root to change : 3 with colors |1, 2, 5, 7, 9, 10, 12, 13, 14|
Root to change : 14 with colors |3, 4, 7, 8, 9, 13, 15|
Root to change : 2 with colors |3, 5, 7, 11, 12, 14, 15|
++++++++++++++++++++++
Trying improving 3, 14, 0, 4 with subs:
Root to change : 3 with colors |1, 2, 5, 7, 9, 13, 14|
Root to change : 14 with colors |3, 4, 7, 8, 9, 10, 12, 13, 15|
Root to change : 4 with colors |3, 5, 7, 11, 12, 14, 15|
++++++++++++++++++++++
Trying improving 3, 14, 1, 2 with subs:
Root to change : 3 with colors |1, 2, 5, 7, 9, 10, 12, 13, 14|
Root to change : 2 with colors |1, 5, 7, 8, 10, 11, 12, 14|
++++++++++++++++++++++
Trying improving 3, 14, 1, 13 with subs:
Root to change : 3 with colors |1, 2, 5, 7, 9, 10, 12, 13, 14|
Root to change : 13 with colors |1, 5, 7, 8, 10, 11, 12, 14|
++++++++++++++++++++++
Trying improving 3, 14, 2, 2 with subs:
Root to change : 3 with colors |1, 2, 5, 7, 9, 10, 12, 13, 14|
Root to change : 14 with colors |3, 4, 7, 8, 9, 13, 15|
++++++++++++++++++++++
Trying improving 3, 14, 2, 4 with subs:
Root to change : 3 with colors |1, 2, 5, 7, 9, 13, 14|
Root to change : 14 with colors |3, 4, 7, 8, 9, 13, 15|
++++++++++++++++++++++
Trying improving 3, 14, 2, 7 with subs:
Root to change : 3 with colors |1, 2, 5, 7, 9, 10, 12, 13, 14|
Root to change : 14 with colors |3, 4, 7, 8, 9, 13, 15|
Root to change : 2 with colors |1, 3, 7, 8, 11, 12, 14|
++++++++++++++++++++++
Trying improving 3, 14, 2, 11 with subs:
Root to change : 3 with colors |1, 2, 5, 7, 9, 10, 12, 13, 14|
Root to change : 14 with colors |3, 4, 7, 8, 9, 13, 15|
Root to change : 2 with colors |1, 5, 7, 8, 11, 12, 15|
++++++++++++++++++++++
Trying improving 3, 14, 2, 13 with subs:
Root to change : 3 with colors |1, 2, 5, 7, 9, 10, 12, 13, 14|
Root to change : 14 with colors |3, 4, 7, 8, 9, 13, 15|
++++++++++++++++++++++
Trying improving 3, 14, 2, 14 with subs:
Root to change : 3 with colors |1, 2, 5, 7, 9, 10, 12, 13, 14|
Root to change : 2 with colors |1, 3, 5, 7, 10, 12, 14|
++++++++++++++++++++++
Trying improving 3, 14, 3, 4 with subs:
Root to change : 14 with colors |3, 4, 7, 8, 9, 10, 12, 13, 15|
Root to change : 4 with colors |3, 7, 8, 10, 12, 14, 15|
++++++++++++++++++++++
Trying improving 3, 14, 3, 13 with subs:
Root to change : 14 with colors |3, 4, 7, 8, 9, 10, 12, 13, 15|
Root to change : 13 with colors |3, 7, 8, 10, 12, 14, 15|
++++++++++++++++++++++
Trying improving 3, 14, 4, 4 with subs:
Root to change : 3 with colors |1, 2, 5, 7, 9, 13, 14|
Root to change : 14 with colors |3, 4, 7, 8, 9, 10, 12, 13, 15|
++++++++++++++++++++++
Trying improving 3, 14, 4, 7 with subs:
Root to change : 3 with colors |1, 2, 5, 7, 9, 13, 14|
Root to change : 14 with colors |3, 4, 7, 8, 9, 10, 12, 13, 15|
Root to change : 4 with colors |1, 3, 7, 8, 11, 12, 14|
++++++++++++++++++++++
Trying improving 3, 14, 4, 8 with subs:
Root to change : 14 with colors |3, 4, 7, 8, 9, 10, 12, 13, 15|
Root to change : 4 with colors |1, 3, 7, 8, 10, 11, 12, 15|
++++++++++++++++++++++
Trying improving 3, 14, 4, 11 with subs:
Root to change : 3 with colors |1, 2, 5, 7, 9, 13, 14|
Root to change : 14 with colors |3, 4, 7, 8, 9, 10, 12, 13, 15|
Root to change : 4 with colors |1, 5, 7, 8, 11, 12, 15|
++++++++++++++++++++++
Trying improving 3, 14, 4, 13 with subs:
Root to change : 3 with colors |1, 2, 5, 7, 9, 13, 14|
Root to change : 14 with colors |3, 4, 7, 8, 9, 10, 12, 13, 15|
++++++++++++++++++++++
Trying improving 3, 14, 7, 13 with subs:
Root to change : 3 with colors |1, 2, 5, 7, 9, 10, 12, 13, 14|
Root to change : 14 with colors |3, 4, 7, 8, 9, 10, 12, 13, 15|
Root to change : 13 with colors |1, 3, 7, 8, 11, 12, 14|
++++++++++++++++++++++
Trying improving 3, 14, 8, 13 with subs:
Root to change : 14 with colors |3, 4, 7, 8, 9, 10, 12, 13, 15|
Root to change : 13 with colors |1, 3, 7, 8, 10, 11, 12, 15|
++++++++++++++++++++++
Trying improving 3, 14, 13, 13 with subs:
Root to change : 3 with colors |1, 2, 5, 7, 9, 10, 12, 13, 14|
Root to change : 14 with colors |3, 4, 7, 8, 9, 10, 12, 13, 15|
++++++++++++++++++++++
Trying improving 3, 14, 13, 14 with subs:
Root to change : 3 with colors |1, 2, 5, 7, 9, 10, 12, 13, 14|
Root to change : 13 with colors |1, 3, 5, 7, 10, 12, 14|
++++++++++++++++++++++
Trying improving 4, 4, 3, 14 with subs:
Root to change : 3 with colors |1, 2, 5, 7, 9, 13, 14|
Root to change : 14 with colors |3, 4, 7, 8, 9, 10, 12, 13, 15|
++++++++++++++++++++++
Trying improving 4, 4, 12, 14 with subs:
Root to change : 12 with colors |1, 2, 5, 7, 9, 13, 14|
Root to change : 14 with colors |1, 3, 5, 7, 8, 10, 11, 12, 15|
++++++++++++++++++++++
Trying improving 4, 7, 3, 14 with subs:
Root to change : 4 with colors |1, 3, 7, 8, 11, 12, 14|
Root to change : 3 with colors |1, 2, 5, 7, 9, 13, 14|
Root to change : 14 with colors |3, 4, 7, 8, 9, 10, 12, 13, 15|
++++++++++++++++++++++
Trying improving 4, 7, 12, 14 with subs:
Root to change : 4 with colors |1, 2, 3, 7, 8, 11, 12, 13, 14|
Root to change : 12 with colors |1, 2, 5, 7, 9, 13, 14|
Root to change : 14 with colors |1, 3, 5, 7, 8, 10, 11, 12, 15|
++++++++++++++++++++++
Trying improving 4, 8, 0, 14 with subs:
Root to change : 4 with colors |1, 3, 7, 8, 10, 11, 12, 15|
Root to change : 8 with colors |2, 4, 6, 7, 9, 11, 13|
Root to change : 14 with colors |2, 3, 4, 5, 7, 9, 11, 12, 15|
++++++++++++++++++++++
Trying improving 4, 8, 1, 13 with subs:
Root to change : 8 with colors |2, 4, 6, 7, 9, 11, 13|
Root to change : 1 with colors |2, 3, 4, 6, 7, 8, 9, 13|
Root to change : 13 with colors |1, 2, 5, 6, 7, 8, 11, 12|
++++++++++++++++++++++
Trying improving 4, 8, 1, 14 with subs:
Root to change : 4 with colors |1, 3, 7, 8, 10, 11, 12, 15|
Root to change : 8 with colors |2, 4, 6, 7, 9, 11, 13|
Root to change : 14 with colors |1, 2, 5, 6, 7, 8, 11, 12|
++++++++++++++++++++++
Trying improving 4, 8, 2, 14 with subs:
Root to change : 8 with colors |2, 4, 6, 7, 9, 11, 13|
Root to change : 14 with colors |1, 2, 4, 5, 6, 7, 9, 11, 13|
++++++++++++++++++++++
Trying improving 4, 8, 3, 14 with subs:
Root to change : 4 with colors |1, 3, 7, 8, 10, 11, 12, 15|
Root to change : 14 with colors |3, 4, 7, 8, 9, 10, 12, 13, 15|
++++++++++++++++++++++
Trying improving 4, 8, 7, 14 with subs:
Root to change : 4 with colors |1, 3, 7, 8, 10, 11, 12, 15|
Root to change : 8 with colors |2, 4, 6, 7, 9, 11, 13|
Root to change : 14 with colors |1, 2, 3, 4, 7, 8, 11, 12, 13|
++++++++++++++++++++++
Trying improving 4, 8, 12, 14 with subs:
Root to change : 4 with colors |1, 3, 7, 8, 10, 11, 12, 15|
Root to change : 14 with colors |1, 3, 5, 7, 8, 10, 11, 12, 15|
++++++++++++++++++++++
Trying improving 4, 8, 13, 14 with subs:
Root to change : 8 with colors |2, 4, 6, 7, 9, 11, 13|
Root to change : 14 with colors |2, 3, 4, 6, 7, 8, 9, 13|
++++++++++++++++++++++
Trying improving 4, 8, 14, 14 with subs:
Root to change : 4 with colors |1, 3, 7, 8, 10, 11, 12, 15|
Root to change : 8 with colors |2, 4, 6, 7, 9, 11, 13|
++++++++++++++++++++++
Trying improving 4, 11, 3, 14 with subs:
Root to change : 4 with colors |1, 5, 7, 8, 11, 12, 15|
Root to change : 3 with colors |1, 2, 5, 7, 9, 13, 14|
Root to change : 14 with colors |3, 4, 7, 8, 9, 10, 12, 13, 15|
++++++++++++++++++++++
Trying improving 4, 11, 12, 14 with subs:
Root to change : 4 with colors |1, 2, 5, 6, 7, 8, 11, 12, 15|
Root to change : 12 with colors |1, 2, 5, 7, 9, 13, 14|
Root to change : 14 with colors |1, 3, 5, 7, 8, 10, 11, 12, 15|
++++++++++++++++++++++
Trying improving 4, 13, 0, 12 with subs:
Root to change : 13 with colors |2, 3, 4, 6, 7, 8, 9, 11, 15|
Root to change : 0 with colors |1, 3, 7, 8, 10, 11, 12, 15|
Root to change : 12 with colors |2, 3, 4, 5, 7, 9, 11, 14, 15|
++++++++++++++++++++++
Trying improving 4, 13, 3, 14 with subs:
Root to change : 3 with colors |1, 2, 5, 7, 9, 13, 14|
Root to change : 14 with colors |3, 4, 7, 8, 9, 10, 12, 13, 15|
++++++++++++++++++++++
Trying improving 4, 13, 12, 14 with subs:
Root to change : 12 with colors |1, 2, 5, 7, 9, 13, 14|
Root to change : 14 with colors |1, 3, 7, 8, 10, 11, 12, 15|
++++++++++++++++++++++
Trying improving 7, 13, 0, 12 with subs:
Root to change : 13 with colors |1, 2, 3, 4, 7, 8, 11, 12, 14|
Root to change : 0 with colors |1, 3, 5, 7, 8, 10, 11, 12, 14, 15|
Root to change : 12 with colors |2, 3, 4, 5, 7, 9, 11, 14, 15|
++++++++++++++++++++++
Trying improving 7, 13, 3, 14 with subs:
Root to change : 13 with colors |1, 3, 7, 8, 11, 12, 14|
Root to change : 3 with colors |1, 2, 5, 7, 9, 10, 12, 13, 14|
Root to change : 14 with colors |3, 4, 7, 8, 9, 10, 12, 13, 15|
++++++++++++++++++++++
Trying improving 7, 14, 3, 4 with subs:
Root to change : 14 with colors |1, 2, 3, 4, 7, 8, 11, 12, 13|
Root to change : 3 with colors |2, 4, 6, 7, 9, 11, 13|
Root to change : 4 with colors |3, 7, 8, 10, 12, 14, 15|
++++++++++++++++++++++
Trying improving 7, 14, 3, 13 with subs:
Root to change : 14 with colors |1, 2, 3, 4, 7, 8, 11, 12, 13|
Root to change : 3 with colors |1, 2, 4, 6, 7, 9, 13, 14|
Root to change : 13 with colors |3, 7, 8, 10, 12, 14, 15|
++++++++++++++++++++++
Trying improving 7, 14, 4, 8 with subs:
Root to change : 14 with colors |1, 2, 3, 4, 7, 8, 11, 12, 13|
Root to change : 4 with colors |1, 3, 7, 8, 10, 11, 12, 15|
Root to change : 8 with colors |2, 4, 6, 7, 9, 11, 13|
++++++++++++++++++++++
Trying improving 7, 14, 8, 13 with subs:
Root to change : 14 with colors |1, 2, 3, 4, 7, 8, 11, 12, 13|
Root to change : 8 with colors |1, 2, 4, 6, 7, 9, 13, 14|
Root to change : 13 with colors |1, 3, 7, 8, 10, 11, 12, 15|
++++++++++++++++++++++
Trying improving 8, 13, 0, 12 with subs:
Root to change : 13 with colors |1, 3, 4, 6, 7, 8, 10, 11, 12, 15|
Root to change : 0 with colors |1, 3, 5, 7, 8, 10, 11, 12, 15|
Root to change : 12 with colors |2, 3, 4, 7, 9, 11, 15|
++++++++++++++++++++++
Trying improving 8, 13, 0, 14 with subs:
Root to change : 8 with colors |1, 2, 4, 6, 7, 9, 13, 14|
Root to change : 13 with colors |1, 3, 7, 8, 10, 11, 12, 15|
Root to change : 14 with colors |2, 3, 4, 7, 9, 11, 15|
++++++++++++++++++++++
Trying improving 8, 13, 1, 2 with subs:
Root to change : 8 with colors |1, 2, 4, 6, 7, 9, 13, 14|
Root to change : 13 with colors |1, 4, 6, 7, 8, 11, 12, 15|
Root to change : 1 with colors |2, 4, 6, 7, 9, 11, 13|
++++++++++++++++++++++
Trying improving 8, 13, 1, 13 with subs:
Root to change : 8 with colors |1, 2, 4, 6, 7, 9, 13, 14|
Root to change : 1 with colors |2, 3, 4, 6, 7, 8, 9, 13|
++++++++++++++++++++++
Trying improving 8, 13, 1, 14 with subs:
Root to change : 8 with colors |1, 2, 4, 6, 7, 9, 13, 14|
Root to change : 13 with colors |1, 3, 7, 8, 10, 11, 12, 15|
++++++++++++++++++++++
Trying improving 8, 13, 2, 14 with subs:
Root to change : 8 with colors |1, 2, 4, 6, 7, 9, 13, 14|
Root to change : 14 with colors |2, 4, 6, 7, 9, 11, 13|
++++++++++++++++++++++
Trying improving 8, 13, 3, 14 with subs:
Root to change : 13 with colors |1, 3, 7, 8, 10, 11, 12, 15|
Root to change : 14 with colors |3, 4, 7, 8, 9, 10, 12, 13, 15|
++++++++++++++++++++++
Trying improving 8, 13, 7, 14 with subs:
Root to change : 8 with colors |1, 2, 4, 6, 7, 9, 13, 14|
Root to change : 13 with colors |1, 3, 7, 8, 10, 11, 12, 15|
Root to change : 14 with colors |1, 2, 3, 4, 7, 8, 11, 12, 13|
++++++++++++++++++++++
Trying improving 8, 13, 12, 14 with subs:
Root to change : 13 with colors |1, 3, 7, 8, 10, 11, 12, 15|
Root to change : 14 with colors |1, 3, 7, 8, 10, 11, 12, 15|
++++++++++++++++++++++
Trying improving 8, 13, 13, 14 with subs:
Root to change : 8 with colors |1, 2, 4, 6, 7, 9, 13, 14|
Root to change : 14 with colors |2, 3, 4, 6, 7, 8, 9, 13|
++++++++++++++++++++++
Trying improving 8, 13, 14, 14 with subs:
Root to change : 8 with colors |1, 2, 4, 6, 7, 9, 13, 14|
Root to change : 13 with colors |1, 3, 7, 8, 10, 11, 12, 15|
++++++++++++++++++++++
Trying improving 12, 14, 0, 4 with subs:
Root to change : 12 with colors |1, 2, 5, 7, 9, 13, 14|
Root to change : 14 with colors |1, 3, 5, 7, 8, 10, 11, 12, 15|
Root to change : 4 with colors |2, 3, 5, 7, 9, 11, 12, 14, 15|
++++++++++++++++++++++
Trying improving 12, 14, 2, 4 with subs:
Root to change : 12 with colors |1, 2, 5, 7, 9, 13, 14|
Root to change : 14 with colors |1, 5, 7, 8, 11, 12, 15|
Root to change : 4 with colors |1, 2, 5, 6, 7, 9, 11, 13, 14|
++++++++++++++++++++++
Trying improving 12, 14, 3, 4 with subs:
Root to change : 14 with colors |1, 3, 5, 7, 8, 10, 11, 12, 15|
Root to change : 4 with colors |3, 7, 8, 10, 12, 14, 15|
++++++++++++++++++++++
Trying improving 12, 14, 3, 13 with subs:
Root to change : 14 with colors |1, 3, 7, 8, 10, 11, 12, 15|
Root to change : 13 with colors |3, 7, 8, 10, 12, 14, 15|
++++++++++++++++++++++
Trying improving 12, 14, 4, 4 with subs:
Root to change : 12 with colors |1, 2, 5, 7, 9, 13, 14|
Root to change : 14 with colors |1, 3, 5, 7, 8, 10, 11, 12, 15|
++++++++++++++++++++++
Trying improving 12, 14, 4, 7 with subs:
Root to change : 12 with colors |1, 2, 5, 7, 9, 13, 14|
Root to change : 14 with colors |1, 3, 5, 7, 8, 10, 11, 12, 15|
Root to change : 4 with colors |1, 2, 3, 7, 8, 11, 12, 13, 14|
++++++++++++++++++++++
Trying improving 12, 14, 4, 8 with subs:
Root to change : 14 with colors |1, 3, 5, 7, 8, 10, 11, 12, 15|
Root to change : 4 with colors |1, 3, 7, 8, 10, 11, 12, 15|
++++++++++++++++++++++
Trying improving 12, 14, 4, 11 with subs:
Root to change : 12 with colors |1, 2, 5, 7, 9, 13, 14|
Root to change : 14 with colors |1, 3, 5, 7, 8, 10, 11, 12, 15|
Root to change : 4 with colors |1, 2, 5, 6, 7, 8, 11, 12, 15|
++++++++++++++++++++++
Trying improving 12, 14, 4, 13 with subs:
Root to change : 12 with colors |1, 2, 5, 7, 9, 13, 14|
Root to change : 14 with colors |1, 3, 7, 8, 10, 11, 12, 15|
++++++++++++++++++++++
Trying improving 12, 14, 8, 13 with subs:
Root to change : 14 with colors |1, 3, 7, 8, 10, 11, 12, 15|
Root to change : 13 with colors |1, 3, 7, 8, 10, 11, 12, 15|
++++++++++++++++++++++
Trying improving 13, 13, 0, 12 with subs:
Root to change : 0 with colors |1, 3, 5, 7, 8, 10, 11, 12, 14, 15|
Root to change : 12 with colors |2, 3, 4, 5, 7, 9, 11, 14, 15|
++++++++++++++++++++++
Trying improving 13, 13, 3, 14 with subs:
Root to change : 3 with colors |1, 2, 5, 7, 9, 10, 12, 13, 14|
Root to change : 14 with colors |3, 4, 7, 8, 9, 10, 12, 13, 15|
++++++++++++++++++++++
Trying improving 13, 14, 0, 3 with subs:
Root to change : 13 with colors |1, 3, 5, 7, 10, 12, 14|
Root to change : 14 with colors |2, 3, 4, 6, 7, 8, 9, 13|
Root to change : 3 with colors |2, 4, 5, 7, 9, 11, 14|
++++++++++++++++++++++
Trying improving 13, 14, 0, 12 with subs:
Root to change : 13 with colors |1, 2, 3, 5, 7, 9, 10, 12, 14|
Root to change : 0 with colors |1, 5, 7, 8, 10, 11, 12, 14|
Root to change : 12 with colors |2, 4, 5, 7, 9, 11, 14|
++++++++++++++++++++++
Trying improving 13, 14, 3, 3 with subs:
Root to change : 13 with colors |1, 3, 5, 7, 10, 12, 14|
Root to change : 14 with colors |2, 3, 4, 6, 7, 8, 9, 13|
++++++++++++++++++++++
Trying improving 13, 14, 3, 4 with subs:
Root to change : 14 with colors |2, 3, 4, 6, 7, 8, 9, 13|
Root to change : 3 with colors |2, 4, 6, 7, 9, 11, 13|
++++++++++++++++++++++
Trying improving 13, 14, 3, 7 with subs:
Root to change : 13 with colors |1, 3, 5, 7, 10, 12, 14|
Root to change : 14 with colors |2, 3, 4, 6, 7, 8, 9, 13|
Root to change : 3 with colors |1, 2, 4, 7, 8, 11, 12, 13, 14|
++++++++++++++++++++++
Trying improving 13, 14, 3, 8 with subs:
Root to change : 13 with colors |1, 3, 5, 7, 10, 12, 14|
Root to change : 14 with colors |2, 3, 4, 6, 7, 8, 9, 13|
++++++++++++++++++++++
Trying improving 13, 14, 3, 12 with subs:
Root to change : 13 with colors |1, 3, 5, 7, 10, 12, 14|
Root to change : 3 with colors |1, 5, 7, 8, 10, 11, 12, 14|
++++++++++++++++++++++
Trying improving 13, 14, 3, 13 with subs:
Root to change : 14 with colors |2, 3, 4, 6, 7, 8, 9, 13|
Root to change : 3 with colors |1, 2, 4, 6, 7, 9, 13, 14|
++++++++++++++++++++++
Trying improving 13, 14, 3, 14 with subs:
Root to change : 13 with colors |1, 3, 5, 7, 10, 12, 14|
Root to change : 3 with colors |1, 2, 5, 7, 9, 10, 12, 13, 14|
++++++++++++++++++++++
Trying improving 13, 14, 4, 8 with subs:
Root to change : 14 with colors |2, 3, 4, 6, 7, 8, 9, 13|
Root to change : 8 with colors |2, 4, 6, 7, 9, 11, 13|
++++++++++++++++++++++
Trying improving 13, 14, 8, 13 with subs:
Root to change : 14 with colors |2, 3, 4, 6, 7, 8, 9, 13|
Root to change : 8 with colors |1, 2, 4, 6, 7, 9, 13, 14|
++++++++++++++++++++++
Trying improving 14, 14, 3, 4 with subs:
Root to change : 3 with colors |2, 4, 6, 7, 9, 11, 13|
Root to change : 4 with colors |3, 7, 8, 10, 12, 14, 15|
++++++++++++++++++++++
Trying improving 14, 14, 3, 13 with subs:
Root to change : 3 with colors |1, 2, 4, 6, 7, 9, 13, 14|
Root to change : 13 with colors |3, 7, 8, 10, 12, 14, 15|
++++++++++++++++++++++
Trying improving 14, 14, 4, 8 with subs:
Root to change : 4 with colors |1, 3, 7, 8, 10, 11, 12, 15|
Root to change : 8 with colors |2, 4, 6, 7, 9, 11, 13|
++++++++++++++++++++++
Trying improving 14, 14, 8, 13 with subs:
Root to change : 8 with colors |1, 2, 4, 6, 7, 9, 13, 14|
Root to change : 13 with colors |1, 3, 7, 8, 10, 11, 12, 15|
++++++++++++++++++++++
Unable to be solved with SubSubProblem
