Trying substitutions to: 14
with goodVertices 1, 2, 3, 4, 7, 8, 11, 12, 13
bad color to improve: 4  8  with index 62
bad color to improve: 4  11  with index 65
bad color to improve: 6  8  with index 83
bad color to improve: 8  11  with index 103
4 bad colorings on level 1
bad coloring on level 2  |1, 10, 0, 2|
bad coloring on level 2  |3, 10, 0, 2|
bad coloring on level 2  |5, 10, 0, 2|
bad coloring on level 2  |9, 10, 0, 2|
bad coloring on level 2  |10, 10, 0, 2|
bad coloring on level 2  |10, 12, 0, 2|
bad coloring on level 2  |10, 13, 0, 2|
bad coloring on level 2  |10, 14, 0, 2|
bad coloring on level 2  |2, 5, 0, 3|
bad coloring on level 2  |5, 9, 0, 3|
bad coloring on level 2  |3, 9, 0, 5|
bad coloring on level 2  |3, 13, 0, 5|
bad coloring on level 2  |9, 10, 0, 5|
bad coloring on level 2  |10, 13, 0, 5|
bad coloring on level 2  |1, 10, 0, 9|
bad coloring on level 2  |1, 12, 0, 9|
bad coloring on level 2  |5, 10, 0, 9|
bad coloring on level 2  |5, 12, 0, 9|
bad coloring on level 2  |2, 9, 0, 12|
bad coloring on level 2  |5, 9, 0, 12|
bad coloring on level 2  |3, 9, 1, 5|
bad coloring on level 2  |3, 13, 1, 5|
bad coloring on level 2  |9, 10, 1, 5|
bad coloring on level 2  |10, 13, 1, 5|
bad coloring on level 2  |0, 2, 1, 10|
bad coloring on level 2  |0, 9, 1, 10|
bad coloring on level 2  |2, 9, 1, 10|
bad coloring on level 2  |3, 9, 1, 10|
bad coloring on level 2  |3, 13, 1, 10|
bad coloring on level 2  |5, 9, 1, 10|
bad coloring on level 2  |9, 9, 1, 10|
bad coloring on level 2  |9, 10, 1, 10|
bad coloring on level 2  |9, 13, 1, 10|
bad coloring on level 2  |9, 14, 1, 10|
bad coloring on level 2  |10, 13, 1, 10|
bad coloring on level 2  |0, 9, 1, 12|
bad coloring on level 2  |2, 9, 1, 12|
bad coloring on level 2  |3, 9, 1, 12|
bad coloring on level 2  |5, 9, 1, 12|
bad coloring on level 2  |9, 9, 1, 12|
bad coloring on level 2  |9, 10, 1, 12|
bad coloring on level 2  |9, 13, 1, 12|
bad coloring on level 2  |9, 14, 1, 12|
bad coloring on level 2  |10, 13, 1, 12|
bad coloring on level 2  |0, 3, 2, 5|
bad coloring on level 2  |3, 3, 2, 5|
bad coloring on level 2  |3, 7, 2, 5|
bad coloring on level 2  |3, 9, 2, 5|
bad coloring on level 2  |3, 10, 2, 5|
bad coloring on level 2  |3, 12, 2, 5|
bad coloring on level 2  |3, 13, 2, 5|
bad coloring on level 2  |3, 14, 2, 5|
bad coloring on level 2  |9, 10, 2, 5|
bad coloring on level 2  |10, 13, 2, 5|
bad coloring on level 2  |0, 12, 2, 9|
bad coloring on level 2  |1, 10, 2, 9|
bad coloring on level 2  |1, 12, 2, 9|
bad coloring on level 2  |3, 12, 2, 9|
bad coloring on level 2  |5, 10, 2, 9|
bad coloring on level 2  |5, 12, 2, 9|
bad coloring on level 2  |7, 12, 2, 9|
bad coloring on level 2  |10, 12, 2, 9|
bad coloring on level 2  |12, 12, 2, 9|
bad coloring on level 2  |12, 14, 2, 9|
bad coloring on level 2  |2, 5, 3, 3|
bad coloring on level 2  |5, 9, 3, 3|
bad coloring on level 2  |2, 5, 3, 7|
bad coloring on level 2  |5, 9, 3, 7|
bad coloring on level 2  |0, 5, 3, 9|
bad coloring on level 2  |1, 5, 3, 9|
bad coloring on level 2  |1, 10, 3, 9|
bad coloring on level 2  |1, 12, 3, 9|
bad coloring on level 2  |2, 5, 3, 9|
bad coloring on level 2  |5, 5, 3, 9|
bad coloring on level 2  |5, 9, 3, 9|
bad coloring on level 2  |5, 10, 3, 9|
bad coloring on level 2  |5, 12, 3, 9|
bad coloring on level 2  |5, 14, 3, 9|
bad coloring on level 2  |0, 2, 3, 10|
bad coloring on level 2  |2, 5, 3, 10|
bad coloring on level 2  |5, 9, 3, 10|
bad coloring on level 2  |2, 5, 3, 12|
bad coloring on level 2  |2, 9, 3, 12|
bad coloring on level 2  |5, 9, 3, 12|
bad coloring on level 2  |0, 5, 3, 13|
bad coloring on level 2  |1, 5, 3, 13|
bad coloring on level 2  |1, 10, 3, 13|
bad coloring on level 2  |2, 5, 3, 13|
bad coloring on level 2  |5, 5, 3, 13|
bad coloring on level 2  |5, 9, 3, 13|
bad coloring on level 2  |5, 10, 3, 13|
bad coloring on level 2  |5, 12, 3, 13|
bad coloring on level 2  |5, 14, 3, 13|
bad coloring on level 2  |2, 5, 3, 14|
bad coloring on level 2  |5, 9, 3, 14|
bad coloring on level 2  |3, 9, 5, 5|
bad coloring on level 2  |3, 13, 5, 5|
bad coloring on level 2  |9, 10, 5, 5|
bad coloring on level 2  |10, 13, 5, 5|
bad coloring on level 2  |0, 3, 5, 9|
bad coloring on level 2  |0, 12, 5, 9|
bad coloring on level 2  |1, 10, 5, 9|
bad coloring on level 2  |1, 12, 5, 9|
bad coloring on level 2  |3, 3, 5, 9|
bad coloring on level 2  |3, 7, 5, 9|
bad coloring on level 2  |3, 9, 5, 9|
bad coloring on level 2  |3, 10, 5, 9|
bad coloring on level 2  |3, 12, 5, 9|
bad coloring on level 2  |3, 13, 5, 9|
bad coloring on level 2  |3, 14, 5, 9|
bad coloring on level 2  |5, 10, 5, 9|
bad coloring on level 2  |5, 12, 5, 9|
bad coloring on level 2  |7, 12, 5, 9|
bad coloring on level 2  |9, 10, 5, 9|
bad coloring on level 2  |10, 10, 5, 9|
bad coloring on level 2  |10, 12, 5, 9|
bad coloring on level 2  |10, 13, 5, 9|
bad coloring on level 2  |10, 14, 5, 9|
bad coloring on level 2  |12, 12, 5, 9|
bad coloring on level 2  |12, 14, 5, 9|
bad coloring on level 2  |0, 2, 5, 10|
bad coloring on level 2  |0, 9, 5, 10|
bad coloring on level 2  |2, 9, 5, 10|
bad coloring on level 2  |3, 9, 5, 10|
bad coloring on level 2  |3, 13, 5, 10|
bad coloring on level 2  |5, 9, 5, 10|
bad coloring on level 2  |9, 9, 5, 10|
bad coloring on level 2  |9, 10, 5, 10|
bad coloring on level 2  |9, 13, 5, 10|
bad coloring on level 2  |9, 14, 5, 10|
bad coloring on level 2  |10, 13, 5, 10|
bad coloring on level 2  |0, 9, 5, 12|
bad coloring on level 2  |2, 9, 5, 12|
bad coloring on level 2  |3, 9, 5, 12|
bad coloring on level 2  |3, 13, 5, 12|
bad coloring on level 2  |5, 9, 5, 12|
bad coloring on level 2  |9, 9, 5, 12|
bad coloring on level 2  |9, 10, 5, 12|
bad coloring on level 2  |9, 13, 5, 12|
bad coloring on level 2  |9, 14, 5, 12|
bad coloring on level 2  |10, 13, 5, 12|
bad coloring on level 2  |3, 9, 5, 14|
bad coloring on level 2  |3, 13, 5, 14|
bad coloring on level 2  |9, 10, 5, 14|
bad coloring on level 2  |10, 13, 5, 14|
bad coloring on level 2  |2, 9, 7, 12|
bad coloring on level 2  |5, 9, 7, 12|
bad coloring on level 2  |1, 10, 9, 9|
bad coloring on level 2  |1, 12, 9, 9|
bad coloring on level 2  |5, 10, 9, 9|
bad coloring on level 2  |5, 12, 9, 9|
bad coloring on level 2  |0, 2, 9, 10|
bad coloring on level 2  |0, 5, 9, 10|
bad coloring on level 2  |1, 5, 9, 10|
bad coloring on level 2  |1, 10, 9, 10|
bad coloring on level 2  |1, 12, 9, 10|
bad coloring on level 2  |2, 5, 9, 10|
bad coloring on level 2  |5, 5, 9, 10|
bad coloring on level 2  |5, 9, 9, 10|
bad coloring on level 2  |5, 10, 9, 10|
bad coloring on level 2  |5, 12, 9, 10|
bad coloring on level 2  |5, 14, 9, 10|
bad coloring on level 2  |1, 10, 9, 13|
bad coloring on level 2  |1, 12, 9, 13|
bad coloring on level 2  |5, 10, 9, 13|
bad coloring on level 2  |5, 12, 9, 13|
bad coloring on level 2  |1, 10, 9, 14|
bad coloring on level 2  |1, 12, 9, 14|
bad coloring on level 2  |5, 10, 9, 14|
bad coloring on level 2  |5, 12, 9, 14|
bad coloring on level 2  |0, 2, 10, 10|
bad coloring on level 2  |5, 9, 10, 10|
bad coloring on level 2  |0, 2, 10, 12|
bad coloring on level 2  |2, 9, 10, 12|
bad coloring on level 2  |5, 9, 10, 12|
bad coloring on level 2  |0, 2, 10, 13|
bad coloring on level 2  |0, 5, 10, 13|
bad coloring on level 2  |1, 5, 10, 13|
bad coloring on level 2  |1, 10, 10, 13|
bad coloring on level 2  |1, 12, 10, 13|
bad coloring on level 2  |2, 5, 10, 13|
bad coloring on level 2  |5, 5, 10, 13|
bad coloring on level 2  |5, 9, 10, 13|
bad coloring on level 2  |5, 10, 10, 13|
bad coloring on level 2  |5, 12, 10, 13|
bad coloring on level 2  |5, 14, 10, 13|
bad coloring on level 2  |0, 2, 10, 14|
bad coloring on level 2  |5, 9, 10, 14|
bad coloring on level 2  |2, 9, 12, 12|
bad coloring on level 2  |5, 9, 12, 12|
bad coloring on level 2  |2, 9, 12, 14|
bad coloring on level 2  |5, 9, 12, 14|

192 bad colorings on level 2
Sub sub problem :
Trying improving 0, 2, 1, 10 with subs:
Root to change : 0 with colors |1, 2, 4, 5, 6, 7, 11, 13, 14|
Root to change : 2 with colors |3, 5, 7, 11, 12, 14, 15|
Root to change : 10 with colors |1, 2, 5, 6, 7, 8, 11, 12, 13, 14|
++++++++++++++++++++++
Trying improving 0, 2, 3, 10 with subs:
Root to change : 0 with colors |1, 2, 4, 6, 7, 9, 13, 14|
Root to change : 2 with colors |3, 4, 5, 7, 9, 11, 12, 14, 15|
Root to change : 10 with colors |3, 4, 7, 8, 9, 12, 13, 14, 15|
++++++++++++++++++++++
Trying improving 0, 2, 5, 10 with subs:
Root to change : 0 with colors |1, 2, 5, 6, 7, 11, 13, 14|
Root to change : 2 with colors |3, 5, 7, 11, 12, 14, 15|
Root to change : 10 with colors |1, 2, 5, 6, 9, 11, 12, 14, 15|
++++++++++++++++++++++
Trying improving 0, 2, 9, 10 with subs:
Root to change : 0 with colors |1, 2, 4, 6, 7, 9, 13, 14|
Root to change : 2 with colors |3, 4, 7, 9, 12, 14, 15|
Root to change : 10 with colors |2, 3, 4, 5, 6, 9, 13, 14, 15|
++++++++++++++++++++++
Trying improving 0, 2, 10, 10 with subs:
Root to change : 0 with colors |1, 2, 4, 5, 6, 7, 9, 11, 13, 14|
Root to change : 2 with colors |3, 4, 5, 7, 9, 11, 12, 14, 15|
++++++++++++++++++++++
Trying improving 0, 2, 10, 12 with subs:
Root to change : 0 with colors |1, 2, 5, 6, 7, 11, 13, 14|
Root to change : 2 with colors |3, 4, 5, 7, 9, 11, 12, 14, 15|
Root to change : 10 with colors |1, 3, 5, 7, 8, 11, 12, 14, 15|
++++++++++++++++++++++
Trying improving 0, 2, 10, 13 with subs:
Root to change : 0 with colors |1, 2, 4, 6, 7, 9, 11, 13, 14|
Root to change : 2 with colors |3, 4, 7, 9, 12, 14, 15|
Root to change : 10 with colors |1, 2, 3, 4, 6, 7, 8, 9, 13, 14|
++++++++++++++++++++++
Trying improving 0, 2, 10, 14 with subs:
Root to change : 0 with colors |1, 2, 4, 5, 6, 7, 9, 11, 13, 14|
Root to change : 2 with colors |3, 4, 5, 7, 9, 11, 12, 14, 15|
Root to change : 10 with colors |1, 2, 3, 5, 7, 9, 12, 13, 14|
++++++++++++++++++++++
Trying improving 0, 3, 2, 5 with subs:
Root to change : 3 with colors |2, 4, 5, 7, 9, 11, 12, 14, 15|
Root to change : 2 with colors |1, 5, 10, 11, 12, 14, 15|
Root to change : 5 with colors |1, 2, 4, 6, 7, 9, 11, 13, 14|
++++++++++++++++++++++
Trying improving 0, 3, 5, 9 with subs:
Root to change : 3 with colors |2, 4, 5, 7, 9, 11, 14|
Root to change : 5 with colors |2, 3, 4, 6, 9, 10, 13, 14, 15|
Root to change : 9 with colors |1, 5, 10, 11, 12, 14, 15|
++++++++++++++++++++++
Trying improving 0, 5, 3, 9 with subs:
Root to change : 5 with colors |2, 3, 4, 7, 9, 11, 12, 14, 15|
Root to change : 3 with colors |2, 4, 5, 6, 9, 13, 14|
Root to change : 9 with colors |3, 7, 8, 10, 12, 14, 15|
++++++++++++++++++++++
Trying improving 0, 5, 3, 13 with subs:
Root to change : 5 with colors |2, 3, 4, 7, 9, 11, 12, 14, 15|
Root to change : 3 with colors |1, 2, 4, 6, 7, 9, 13, 14|
Root to change : 13 with colors |3, 7, 8, 10, 12, 14, 15|
++++++++++++++++++++++
Trying improving 0, 5, 9, 10 with subs:
Root to change : 5 with colors |3, 4, 7, 9, 12, 14, 15|
Root to change : 9 with colors |1, 3, 5, 8, 10, 12, 14, 15|
Root to change : 10 with colors |2, 4, 5, 6, 9, 13, 14|
++++++++++++++++++++++
Trying improving 0, 5, 10, 13 with subs:
Root to change : 5 with colors |3, 4, 7, 9, 12, 14, 15|
Root to change : 10 with colors |1, 2, 4, 6, 7, 9, 13, 14|
Root to change : 13 with colors |1, 3, 5, 8, 10, 12, 14, 15|
++++++++++++++++++++++
Trying improving 0, 9, 1, 10 with subs:
Root to change : 9 with colors |3, 5, 7, 11, 12, 14, 15|
Root to change : 1 with colors |3, 8, 9, 10, 12, 13, 14, 15|
Root to change : 10 with colors |1, 2, 5, 6, 7, 11, 13, 14|
++++++++++++++++++++++
Trying improving 0, 9, 1, 12 with subs:
Root to change : 9 with colors |2, 3, 4, 5, 7, 11, 12, 14, 15|
Root to change : 1 with colors |3, 7, 8, 10, 12, 14, 15|
Root to change : 12 with colors |1, 2, 5, 6, 7, 11, 13, 14|
++++++++++++++++++++++
Trying improving 0, 9, 5, 10 with subs:
Root to change : 9 with colors |3, 5, 7, 11, 12, 14, 15|
Root to change : 5 with colors |3, 8, 9, 10, 12, 13, 14, 15|
Root to change : 10 with colors |1, 2, 5, 6, 9, 11, 14|
++++++++++++++++++++++
Trying improving 0, 9, 5, 12 with subs:
Root to change : 9 with colors |2, 3, 4, 5, 7, 11, 12, 14, 15|
Root to change : 5 with colors |3, 7, 8, 10, 12, 14, 15|
Root to change : 12 with colors |1, 2, 5, 6, 9, 11, 14|
++++++++++++++++++++++
Trying improving 0, 12, 2, 9 with subs:
Root to change : 12 with colors |2, 3, 4, 5, 7, 9, 11, 14, 15|
Root to change : 2 with colors |3, 4, 9, 10, 13, 14, 15|
Root to change : 9 with colors |1, 2, 4, 5, 6, 7, 11, 13, 14|
++++++++++++++++++++++
Trying improving 0, 12, 5, 9 with subs:
Root to change : 12 with colors |2, 4, 5, 7, 9, 11, 14|
Root to change : 5 with colors |3, 4, 9, 10, 13, 14, 15|
Root to change : 9 with colors |1, 2, 5, 6, 10, 11, 12, 14, 15|
++++++++++++++++++++++
Trying improving 1, 5, 3, 9 with subs:
Root to change : 3 with colors |2, 4, 5, 6, 9, 13, 14|
Root to change : 9 with colors |3, 7, 8, 10, 12, 14, 15|
++++++++++++++++++++++
Trying improving 1, 5, 3, 13 with subs:
Root to change : 5 with colors |1, 2, 7, 8, 11, 12, 13, 14|
Root to change : 3 with colors |1, 2, 4, 6, 7, 9, 13, 14|
Root to change : 13 with colors |3, 7, 8, 10, 12, 14, 15|
++++++++++++++++++++++
Trying improving 1, 5, 9, 10 with subs:
Root to change : 9 with colors |1, 3, 5, 8, 10, 12, 14, 15|
Root to change : 10 with colors |2, 4, 5, 6, 9, 13, 14|
++++++++++++++++++++++
Trying improving 1, 5, 10, 13 with subs:
Root to change : 10 with colors |1, 2, 4, 6, 7, 9, 13, 14|
Root to change : 13 with colors |1, 3, 5, 8, 10, 12, 14, 15|
++++++++++++++++++++++
Trying improving 1, 10, 0, 2 with subs:
Root to change : 10 with colors |1, 2, 5, 6, 7, 8, 11, 12, 13, 14|
Root to change : 0 with colors |1, 2, 4, 5, 6, 7, 11, 13, 14|
Root to change : 2 with colors |3, 5, 7, 11, 12, 14, 15|
++++++++++++++++++++++
Trying improving 1, 10, 0, 9 with subs:
Root to change : 1 with colors |3, 8, 9, 10, 12, 13, 14, 15|
Root to change : 10 with colors |1, 2, 5, 6, 7, 11, 13, 14|
Root to change : 9 with colors |3, 5, 7, 11, 12, 14, 15|
++++++++++++++++++++++
Trying improving 1, 10, 2, 9 with subs:
Root to change : 10 with colors |1, 2, 5, 6, 7, 11, 13, 14|
Root to change : 9 with colors |1, 2, 5, 6, 7, 11, 13, 14|
++++++++++++++++++++++
Trying improving 1, 10, 3, 9 with subs:
Root to change : 1 with colors |3, 8, 9, 10, 12, 13, 14, 15|
Root to change : 9 with colors |3, 7, 8, 10, 12, 14, 15|
++++++++++++++++++++++
Trying improving 1, 10, 3, 13 with subs:
Root to change : 1 with colors |3, 8, 9, 10, 12, 13, 14, 15|
Root to change : 10 with colors |1, 2, 7, 8, 11, 12, 13, 14|
Root to change : 13 with colors |3, 7, 8, 10, 12, 14, 15|
++++++++++++++++++++++
Trying improving 1, 10, 5, 9 with subs:
Root to change : 10 with colors |1, 2, 5, 6, 7, 11, 13, 14|
Root to change : 9 with colors |1, 2, 5, 6, 10, 11, 12, 14, 15|
++++++++++++++++++++++
Trying improving 1, 10, 9, 9 with subs:
Root to change : 1 with colors |3, 8, 9, 10, 12, 13, 14, 15|
Root to change : 10 with colors |1, 2, 5, 6, 7, 11, 13, 14|
++++++++++++++++++++++
Trying improving 1, 10, 9, 10 with subs:
Root to change : 1 with colors |3, 8, 9, 10, 12, 13, 14, 15|
Root to change : 9 with colors |1, 3, 5, 8, 10, 12, 14, 15|
++++++++++++++++++++++
Trying improving 1, 10, 9, 13 with subs:
Root to change : 1 with colors |3, 8, 9, 10, 12, 13, 14, 15|
Root to change : 10 with colors |1, 2, 5, 6, 7, 11, 13, 14|
++++++++++++++++++++++
Trying improving 1, 10, 9, 14 with subs:
Root to change : 1 with colors |3, 8, 9, 10, 12, 13, 14, 15|
Root to change : 10 with colors |1, 2, 5, 6, 7, 11, 13, 14|
Root to change : 9 with colors |1, 2, 3, 5, 7, 10, 12, 13, 14|
++++++++++++++++++++++
Trying improving 1, 10, 10, 13 with subs:
Root to change : 1 with colors |3, 8, 9, 10, 12, 13, 14, 15|
Root to change : 13 with colors |1, 3, 5, 8, 10, 12, 14, 15|
++++++++++++++++++++++
Trying improving 1, 12, 0, 9 with subs:
Root to change : 1 with colors |3, 7, 8, 10, 12, 14, 15|
Root to change : 12 with colors |1, 2, 5, 6, 7, 11, 13, 14|
Root to change : 9 with colors |2, 3, 4, 5, 7, 11, 12, 14, 15|
++++++++++++++++++++++
Trying improving 1, 12, 2, 9 with subs:
Root to change : 12 with colors |1, 2, 5, 6, 7, 11, 13, 14|
Root to change : 9 with colors |1, 2, 4, 5, 6, 7, 11, 13, 14|
++++++++++++++++++++++
Trying improving 1, 12, 3, 9 with subs:
Root to change : 1 with colors |3, 7, 8, 10, 12, 14, 15|
Root to change : 9 with colors |3, 4, 7, 8, 10, 12, 13, 14, 15|
++++++++++++++++++++++
Trying improving 1, 12, 5, 9 with subs:
Root to change : 12 with colors |1, 2, 5, 6, 7, 11, 13, 14|
Root to change : 9 with colors |1, 2, 5, 6, 10, 11, 12, 14, 15|
++++++++++++++++++++++
Trying improving 1, 12, 9, 9 with subs:
Root to change : 1 with colors |3, 7, 8, 10, 12, 14, 15|
Root to change : 12 with colors |1, 2, 5, 6, 7, 11, 13, 14|
++++++++++++++++++++++
Trying improving 1, 12, 9, 10 with subs:
Root to change : 1 with colors |3, 7, 8, 10, 12, 14, 15|
Root to change : 9 with colors |1, 3, 5, 8, 10, 12, 14, 15|
++++++++++++++++++++++
Trying improving 1, 12, 9, 13 with subs:
Root to change : 1 with colors |3, 7, 8, 10, 12, 14, 15|
Root to change : 12 with colors |1, 2, 5, 6, 7, 11, 13, 14|
Root to change : 9 with colors |1, 2, 3, 4, 7, 8, 13, 14|
++++++++++++++++++++++
Trying improving 1, 12, 9, 14 with subs:
Root to change : 1 with colors |3, 7, 8, 10, 12, 14, 15|
Root to change : 12 with colors |1, 2, 5, 6, 7, 11, 13, 14|
Root to change : 9 with colors |1, 2, 3, 5, 7, 10, 12, 13, 14|
++++++++++++++++++++++
Trying improving 1, 12, 10, 13 with subs:
Root to change : 1 with colors |3, 7, 8, 10, 12, 14, 15|
Root to change : 10 with colors |1, 2, 3, 4, 7, 8, 13, 14|
Root to change : 13 with colors |1, 3, 5, 8, 10, 12, 14, 15|
++++++++++++++++++++++
Trying improving 2, 5, 0, 3 with subs:
Root to change : 2 with colors |1, 5, 10, 11, 12, 14, 15|
Root to change : 5 with colors |1, 2, 4, 6, 7, 9, 11, 13, 14|
Root to change : 3 with colors |2, 4, 5, 7, 9, 11, 12, 14, 15|
++++++++++++++++++++++
Trying improving 2, 5, 3, 3 with subs:
Root to change : 2 with colors |1, 5, 10, 11, 12, 14, 15|
Root to change : 5 with colors |1, 2, 4, 6, 7, 9, 11, 13, 14|
++++++++++++++++++++++
Trying improving 2, 5, 3, 7 with subs:
Root to change : 2 with colors |1, 5, 10, 11, 12, 14, 15|
Root to change : 5 with colors |1, 2, 4, 6, 7, 9, 11, 13, 14|
Root to change : 3 with colors |1, 2, 4, 7, 8, 11, 12, 13, 14|
++++++++++++++++++++++
Trying improving 2, 5, 3, 9 with subs:
Root to change : 5 with colors |1, 2, 4, 6, 7, 9, 11, 13, 14|
Root to change : 3 with colors |2, 4, 5, 6, 9, 13, 14|
++++++++++++++++++++++
Trying improving 2, 5, 3, 10 with subs:
Root to change : 2 with colors |1, 5, 10, 11, 12, 14, 15|
Root to change : 5 with colors |1, 2, 4, 6, 7, 9, 13, 14|
++++++++++++++++++++++
Trying improving 2, 5, 3, 12 with subs:
Root to change : 2 with colors |1, 5, 10, 11, 12, 14, 15|
Root to change : 5 with colors |1, 2, 4, 7, 11, 13, 14|
Root to change : 3 with colors |1, 5, 7, 8, 10, 11, 12, 14, 15|
++++++++++++++++++++++
Trying improving 2, 5, 3, 13 with subs:
Root to change : 5 with colors |1, 2, 4, 6, 7, 9, 11, 13, 14|
Root to change : 3 with colors |1, 2, 4, 6, 7, 9, 13, 14|
++++++++++++++++++++++
Trying improving 2, 5, 3, 14 with subs:
Root to change : 2 with colors |1, 5, 10, 11, 12, 14, 15|
Root to change : 5 with colors |1, 2, 4, 6, 7, 9, 11, 13, 14|
Root to change : 3 with colors |1, 2, 5, 7, 9, 10, 12, 13, 14|
++++++++++++++++++++++
Trying improving 2, 5, 9, 10 with subs:
Root to change : 5 with colors |1, 2, 4, 6, 7, 9, 13, 14|
Root to change : 10 with colors |2, 4, 5, 6, 9, 13, 14|
++++++++++++++++++++++
Trying improving 2, 5, 10, 13 with subs:
Root to change : 5 with colors |1, 2, 4, 6, 7, 9, 13, 14|
Root to change : 10 with colors |1, 2, 4, 6, 7, 9, 13, 14|
++++++++++++++++++++++
Trying improving 2, 9, 0, 12 with subs:
Root to change : 2 with colors |3, 4, 9, 10, 13, 14, 15|
Root to change : 9 with colors |1, 2, 4, 5, 6, 7, 11, 13, 14|
Root to change : 12 with colors |2, 3, 4, 5, 7, 9, 11, 14, 15|
++++++++++++++++++++++
Trying improving 2, 9, 1, 10 with subs:
Root to change : 9 with colors |1, 2, 5, 6, 7, 11, 13, 14|
Root to change : 10 with colors |1, 2, 5, 6, 7, 11, 13, 14|
++++++++++++++++++++++
Trying improving 2, 9, 1, 12 with subs:
Root to change : 9 with colors |1, 2, 4, 5, 6, 7, 11, 13, 14|
Root to change : 12 with colors |1, 2, 5, 6, 7, 11, 13, 14|
++++++++++++++++++++++
Trying improving 2, 9, 3, 12 with subs:
Root to change : 2 with colors |3, 4, 9, 10, 13, 14, 15|
Root to change : 9 with colors |1, 2, 4, 7, 11, 13, 14|
Root to change : 12 with colors |3, 4, 7, 8, 9, 10, 13, 14, 15|
++++++++++++++++++++++
Trying improving 2, 9, 5, 10 with subs:
Root to change : 9 with colors |1, 2, 5, 6, 7, 11, 13, 14|
Root to change : 10 with colors |1, 2, 5, 6, 9, 11, 14|
++++++++++++++++++++++
Trying improving 2, 9, 5, 12 with subs:
Root to change : 9 with colors |1, 2, 4, 5, 6, 7, 11, 13, 14|
Root to change : 12 with colors |1, 2, 5, 6, 9, 11, 14|
++++++++++++++++++++++
Trying improving 2, 9, 7, 12 with subs:
Root to change : 2 with colors |3, 4, 9, 10, 13, 14, 15|
Root to change : 9 with colors |1, 2, 4, 5, 6, 7, 11, 13, 14|
Root to change : 12 with colors |1, 2, 3, 4, 7, 8, 11, 13, 14|
++++++++++++++++++++++
Trying improving 2, 9, 10, 12 with subs:
Root to change : 2 with colors |3, 4, 9, 10, 13, 14, 15|
Root to change : 9 with colors |1, 2, 5, 6, 7, 11, 13, 14|
++++++++++++++++++++++
Trying improving 2, 9, 12, 12 with subs:
Root to change : 2 with colors |3, 4, 9, 10, 13, 14, 15|
Root to change : 9 with colors |1, 2, 4, 5, 6, 7, 11, 13, 14|
++++++++++++++++++++++
Trying improving 2, 9, 12, 14 with subs:
Root to change : 2 with colors |3, 4, 9, 10, 13, 14, 15|
Root to change : 9 with colors |1, 2, 4, 5, 6, 7, 11, 13, 14|
Root to change : 12 with colors |1, 2, 3, 5, 7, 9, 10, 13, 14|
++++++++++++++++++++++
Trying improving 3, 3, 2, 5 with subs:
Root to change : 2 with colors |1, 5, 10, 11, 12, 14, 15|
Root to change : 5 with colors |1, 2, 4, 6, 7, 9, 11, 13, 14|
++++++++++++++++++++++
Trying improving 3, 3, 5, 9 with subs:
Root to change : 5 with colors |2, 3, 4, 6, 9, 10, 13, 14, 15|
Root to change : 9 with colors |1, 5, 10, 11, 12, 14, 15|
++++++++++++++++++++++
Trying improving 3, 7, 2, 5 with subs:
Root to change : 3 with colors |1, 2, 4, 7, 8, 11, 12, 13, 14|
Root to change : 2 with colors |1, 5, 10, 11, 12, 14, 15|
Root to change : 5 with colors |1, 2, 4, 6, 7, 9, 11, 13, 14|
++++++++++++++++++++++
Trying improving 3, 7, 5, 9 with subs:
Root to change : 3 with colors |1, 2, 4, 7, 11, 13, 14|
Root to change : 5 with colors |2, 3, 4, 6, 9, 10, 13, 14, 15|
Root to change : 9 with colors |1, 5, 10, 11, 12, 14, 15|
++++++++++++++++++++++
Trying improving 3, 9, 0, 5 with subs:
Root to change : 3 with colors |2, 4, 5, 6, 9, 13, 14|
Root to change : 9 with colors |3, 7, 8, 10, 12, 14, 15|
Root to change : 5 with colors |2, 3, 4, 7, 9, 11, 12, 14, 15|
++++++++++++++++++++++
Trying improving 3, 9, 1, 5 with subs:
Root to change : 3 with colors |2, 4, 5, 6, 9, 13, 14|
Root to change : 9 with colors |3, 7, 8, 10, 12, 14, 15|
++++++++++++++++++++++
Trying improving 3, 9, 1, 10 with subs:
Root to change : 9 with colors |3, 7, 8, 10, 12, 14, 15|
Root to change : 1 with colors |3, 8, 9, 10, 12, 13, 14, 15|
++++++++++++++++++++++
Trying improving 3, 9, 1, 12 with subs:
Root to change : 9 with colors |3, 4, 7, 8, 10, 12, 13, 14, 15|
Root to change : 1 with colors |3, 7, 8, 10, 12, 14, 15|
++++++++++++++++++++++
Trying improving 3, 9, 2, 5 with subs:
Root to change : 3 with colors |2, 4, 5, 6, 9, 13, 14|
Root to change : 5 with colors |1, 2, 4, 6, 7, 9, 11, 13, 14|
++++++++++++++++++++++
Trying improving 3, 9, 5, 5 with subs:
Root to change : 3 with colors |2, 4, 5, 6, 9, 13, 14|
Root to change : 9 with colors |3, 7, 8, 10, 12, 14, 15|
++++++++++++++++++++++
Trying improving 3, 9, 5, 9 with subs:
Root to change : 3 with colors |2, 4, 5, 6, 9, 13, 14|
Root to change : 5 with colors |2, 3, 4, 6, 9, 10, 13, 14, 15|
++++++++++++++++++++++
Trying improving 3, 9, 5, 10 with subs:
Root to change : 9 with colors |3, 7, 8, 10, 12, 14, 15|
Root to change : 5 with colors |3, 8, 9, 10, 12, 13, 14, 15|
++++++++++++++++++++++
Trying improving 3, 9, 5, 12 with subs:
Root to change : 9 with colors |3, 7, 8, 10, 12, 14, 15|
Root to change : 5 with colors |3, 7, 8, 10, 12, 14, 15|
++++++++++++++++++++++
Trying improving 3, 9, 5, 14 with subs:
Root to change : 3 with colors |2, 4, 5, 6, 9, 13, 14|
Root to change : 9 with colors |3, 7, 8, 10, 12, 14, 15|
Root to change : 5 with colors |1, 2, 3, 7, 9, 10, 12, 13, 14|
++++++++++++++++++++++
Trying improving 3, 10, 0, 2 with subs:
Root to change : 10 with colors |3, 4, 7, 8, 9, 12, 13, 14, 15|
Root to change : 0 with colors |1, 2, 4, 6, 7, 9, 13, 14|
Root to change : 2 with colors |3, 4, 5, 7, 9, 11, 12, 14, 15|
++++++++++++++++++++++
Trying improving 3, 10, 2, 5 with subs:
Root to change : 2 with colors |1, 5, 10, 11, 12, 14, 15|
Root to change : 5 with colors |1, 2, 4, 6, 7, 9, 13, 14|
++++++++++++++++++++++
Trying improving 3, 10, 5, 9 with subs:
Root to change : 5 with colors |2, 3, 4, 6, 9, 10, 13, 14, 15|
Root to change : 9 with colors |1, 5, 10, 11, 12, 14, 15|
++++++++++++++++++++++
Trying improving 3, 12, 2, 5 with subs:
Root to change : 3 with colors |1, 5, 7, 8, 10, 11, 12, 14, 15|
Root to change : 2 with colors |1, 5, 10, 11, 12, 14, 15|
Root to change : 5 with colors |1, 2, 4, 7, 11, 13, 14|
++++++++++++++++++++++
Trying improving 3, 12, 2, 9 with subs:
Root to change : 12 with colors |3, 4, 7, 8, 9, 10, 13, 14, 15|
Root to change : 2 with colors |3, 4, 9, 10, 13, 14, 15|
Root to change : 9 with colors |1, 2, 4, 7, 11, 13, 14|
++++++++++++++++++++++
Trying improving 3, 12, 5, 9 with subs:
Root to change : 5 with colors |3, 4, 9, 10, 13, 14, 15|
Root to change : 9 with colors |1, 5, 10, 11, 12, 14, 15|
++++++++++++++++++++++
Trying improving 3, 13, 0, 5 with subs:
Root to change : 3 with colors |1, 2, 4, 6, 7, 9, 13, 14|
Root to change : 13 with colors |3, 7, 8, 10, 12, 14, 15|
Root to change : 5 with colors |2, 3, 4, 7, 9, 11, 12, 14, 15|
++++++++++++++++++++++
Trying improving 3, 13, 1, 5 with subs:
Root to change : 3 with colors |1, 2, 4, 6, 7, 9, 13, 14|
Root to change : 13 with colors |3, 7, 8, 10, 12, 14, 15|
Root to change : 5 with colors |1, 2, 7, 8, 11, 12, 13, 14|
++++++++++++++++++++++
Trying improving 3, 13, 1, 10 with subs:
Root to change : 13 with colors |3, 7, 8, 10, 12, 14, 15|
Root to change : 1 with colors |3, 8, 9, 10, 12, 13, 14, 15|
Root to change : 10 with colors |1, 2, 7, 8, 11, 12, 13, 14|
++++++++++++++++++++++
Trying improving 3, 13, 2, 5 with subs:
Root to change : 3 with colors |1, 2, 4, 6, 7, 9, 13, 14|
Root to change : 5 with colors |1, 2, 4, 6, 7, 9, 11, 13, 14|
++++++++++++++++++++++
Trying improving 3, 13, 5, 5 with subs:
Root to change : 3 with colors |1, 2, 4, 6, 7, 9, 13, 14|
Root to change : 13 with colors |3, 7, 8, 10, 12, 14, 15|
++++++++++++++++++++++
Trying improving 3, 13, 5, 9 with subs:
Root to change : 3 with colors |1, 2, 4, 6, 7, 9, 13, 14|
Root to change : 5 with colors |2, 3, 4, 6, 9, 10, 13, 14, 15|
++++++++++++++++++++++
Trying improving 3, 13, 5, 10 with subs:
Root to change : 13 with colors |3, 7, 8, 10, 12, 14, 15|
Root to change : 5 with colors |3, 8, 9, 10, 12, 13, 14, 15|
++++++++++++++++++++++
Trying improving 3, 13, 5, 12 with subs:
Root to change : 13 with colors |3, 7, 8, 10, 12, 14, 15|
Root to change : 5 with colors |1, 3, 7, 8, 10, 11, 12, 14, 15|
++++++++++++++++++++++
Trying improving 3, 13, 5, 14 with subs:
Root to change : 3 with colors |1, 2, 4, 6, 7, 9, 13, 14|
Root to change : 13 with colors |3, 7, 8, 10, 12, 14, 15|
Root to change : 5 with colors |1, 2, 3, 7, 9, 10, 12, 13, 14|
++++++++++++++++++++++
Trying improving 3, 14, 2, 5 with subs:
Root to change : 3 with colors |1, 2, 5, 7, 9, 10, 12, 13, 14|
Root to change : 2 with colors |1, 5, 10, 11, 12, 14, 15|
Root to change : 5 with colors |1, 2, 4, 6, 7, 9, 11, 13, 14|
++++++++++++++++++++++
Trying improving 3, 14, 5, 9 with subs:
Root to change : 3 with colors |1, 2, 5, 7, 9, 13, 14|
Root to change : 5 with colors |2, 3, 4, 6, 9, 10, 13, 14, 15|
Root to change : 9 with colors |1, 5, 10, 11, 12, 14, 15|
++++++++++++++++++++++
Trying improving 5, 5, 3, 9 with subs:
Root to change : 3 with colors |2, 4, 5, 6, 9, 13, 14|
Root to change : 9 with colors |3, 7, 8, 10, 12, 14, 15|
++++++++++++++++++++++
Trying improving 5, 5, 3, 13 with subs:
Root to change : 3 with colors |1, 2, 4, 6, 7, 9, 13, 14|
Root to change : 13 with colors |3, 7, 8, 10, 12, 14, 15|
++++++++++++++++++++++
Trying improving 5, 5, 9, 10 with subs:
Root to change : 9 with colors |1, 3, 5, 8, 10, 12, 14, 15|
Root to change : 10 with colors |2, 4, 5, 6, 9, 13, 14|
++++++++++++++++++++++
Trying improving 5, 5, 10, 13 with subs:
Root to change : 10 with colors |1, 2, 4, 6, 7, 9, 13, 14|
Root to change : 13 with colors |1, 3, 5, 8, 10, 12, 14, 15|
++++++++++++++++++++++
Trying improving 5, 9, 0, 3 with subs:
Root to change : 5 with colors |2, 3, 4, 6, 9, 10, 13, 14, 15|
Root to change : 9 with colors |1, 5, 10, 11, 12, 14, 15|
Root to change : 3 with colors |2, 4, 5, 7, 9, 11, 14|
++++++++++++++++++++++
Trying improving 5, 9, 0, 12 with subs:
Root to change : 5 with colors |3, 4, 9, 10, 13, 14, 15|
Root to change : 9 with colors |1, 2, 5, 6, 10, 11, 12, 14, 15|
Root to change : 12 with colors |2, 4, 5, 7, 9, 11, 14|
++++++++++++++++++++++
Trying improving 5, 9, 1, 10 with subs:
Root to change : 9 with colors |1, 2, 5, 6, 10, 11, 12, 14, 15|
Root to change : 10 with colors |1, 2, 5, 6, 7, 11, 13, 14|
++++++++++++++++++++++
Trying improving 5, 9, 1, 12 with subs:
Root to change : 9 with colors |1, 2, 5, 6, 10, 11, 12, 14, 15|
Root to change : 12 with colors |1, 2, 5, 6, 7, 11, 13, 14|
++++++++++++++++++++++
Trying improving 5, 9, 3, 3 with subs:
Root to change : 5 with colors |2, 3, 4, 6, 9, 10, 13, 14, 15|
Root to change : 9 with colors |1, 5, 10, 11, 12, 14, 15|
++++++++++++++++++++++
Trying improving 5, 9, 3, 7 with subs:
Root to change : 5 with colors |2, 3, 4, 6, 9, 10, 13, 14, 15|
Root to change : 9 with colors |1, 5, 10, 11, 12, 14, 15|
Root to change : 3 with colors |1, 2, 4, 7, 11, 13, 14|
++++++++++++++++++++++
Trying improving 5, 9, 3, 9 with subs:
Root to change : 5 with colors |2, 3, 4, 6, 9, 10, 13, 14, 15|
Root to change : 3 with colors |2, 4, 5, 6, 9, 13, 14|
++++++++++++++++++++++
Trying improving 5, 9, 3, 10 with subs:
Root to change : 5 with colors |2, 3, 4, 6, 9, 10, 13, 14, 15|
Root to change : 9 with colors |1, 5, 10, 11, 12, 14, 15|
++++++++++++++++++++++
Trying improving 5, 9, 3, 12 with subs:
Root to change : 5 with colors |3, 4, 9, 10, 13, 14, 15|
Root to change : 9 with colors |1, 5, 10, 11, 12, 14, 15|
++++++++++++++++++++++
Trying improving 5, 9, 3, 13 with subs:
Root to change : 5 with colors |2, 3, 4, 6, 9, 10, 13, 14, 15|
Root to change : 3 with colors |1, 2, 4, 6, 7, 9, 13, 14|
++++++++++++++++++++++
Trying improving 5, 9, 3, 14 with subs:
Root to change : 5 with colors |2, 3, 4, 6, 9, 10, 13, 14, 15|
Root to change : 9 with colors |1, 5, 10, 11, 12, 14, 15|
Root to change : 3 with colors |1, 2, 5, 7, 9, 13, 14|
++++++++++++++++++++++
Trying improving 5, 9, 5, 10 with subs:
Root to change : 9 with colors |1, 2, 5, 6, 10, 11, 12, 14, 15|
Root to change : 10 with colors |1, 2, 5, 6, 9, 11, 14|
++++++++++++++++++++++
Trying improving 5, 9, 5, 12 with subs:
Root to change : 9 with colors |1, 2, 5, 6, 10, 11, 12, 14, 15|
Root to change : 12 with colors |1, 2, 5, 6, 9, 11, 14|
++++++++++++++++++++++
Trying improving 5, 9, 7, 12 with subs:
Root to change : 5 with colors |3, 4, 9, 10, 13, 14, 15|
Root to change : 9 with colors |1, 2, 5, 6, 10, 11, 12, 14, 15|
Root to change : 12 with colors |1, 2, 4, 7, 11, 13, 14|
++++++++++++++++++++++
Trying improving 5, 9, 9, 10 with subs:
Root to change : 5 with colors |2, 3, 4, 6, 9, 10, 13, 14, 15|
Root to change : 10 with colors |2, 4, 5, 6, 9, 13, 14|
++++++++++++++++++++++
Trying improving 5, 9, 10, 10 with subs:
Root to change : 5 with colors |2, 3, 4, 6, 9, 10, 13, 14, 15|
Root to change : 9 with colors |1, 2, 5, 6, 10, 11, 12, 14, 15|
++++++++++++++++++++++
Trying improving 5, 9, 10, 12 with subs:
Root to change : 5 with colors |3, 4, 9, 10, 13, 14, 15|
Root to change : 9 with colors |1, 2, 5, 6, 10, 11, 12, 14, 15|
++++++++++++++++++++++
Trying improving 5, 9, 10, 13 with subs:
Root to change : 5 with colors |2, 3, 4, 6, 9, 10, 13, 14, 15|
Root to change : 10 with colors |1, 2, 4, 6, 7, 9, 13, 14|
++++++++++++++++++++++
Trying improving 5, 9, 10, 14 with subs:
Root to change : 5 with colors |2, 3, 4, 6, 9, 10, 13, 14, 15|
Root to change : 9 with colors |1, 2, 5, 6, 10, 11, 12, 14, 15|
Root to change : 10 with colors |1, 2, 5, 7, 9, 13, 14|
++++++++++++++++++++++
Trying improving 5, 9, 12, 12 with subs:
Root to change : 5 with colors |3, 4, 9, 10, 13, 14, 15|
Root to change : 9 with colors |1, 2, 5, 6, 10, 11, 12, 14, 15|
++++++++++++++++++++++
Trying improving 5, 9, 12, 14 with subs:
Root to change : 5 with colors |3, 4, 9, 10, 13, 14, 15|
Root to change : 9 with colors |1, 2, 5, 6, 10, 11, 12, 14, 15|
Root to change : 12 with colors |1, 2, 5, 7, 9, 13, 14|
++++++++++++++++++++++
Trying improving 5, 10, 0, 2 with subs:
Root to change : 10 with colors |1, 2, 5, 6, 9, 11, 12, 14, 15|
Root to change : 0 with colors |1, 2, 5, 6, 7, 11, 13, 14|
Root to change : 2 with colors |3, 5, 7, 11, 12, 14, 15|
++++++++++++++++++++++
Trying improving 5, 10, 0, 9 with subs:
Root to change : 5 with colors |3, 8, 9, 10, 12, 13, 14, 15|
Root to change : 10 with colors |1, 2, 5, 6, 9, 11, 14|
Root to change : 9 with colors |3, 5, 7, 11, 12, 14, 15|
++++++++++++++++++++++
Trying improving 5, 10, 2, 9 with subs:
Root to change : 10 with colors |1, 2, 5, 6, 9, 11, 14|
Root to change : 9 with colors |1, 2, 5, 6, 7, 11, 13, 14|
++++++++++++++++++++++
Trying improving 5, 10, 3, 9 with subs:
Root to change : 5 with colors |3, 8, 9, 10, 12, 13, 14, 15|
Root to change : 9 with colors |3, 7, 8, 10, 12, 14, 15|
++++++++++++++++++++++
Trying improving 5, 10, 3, 13 with subs:
Root to change : 5 with colors |3, 8, 9, 10, 12, 13, 14, 15|
Root to change : 13 with colors |3, 7, 8, 10, 12, 14, 15|
++++++++++++++++++++++
Trying improving 5, 10, 5, 9 with subs:
Root to change : 10 with colors |1, 2, 5, 6, 9, 11, 14|
Root to change : 9 with colors |1, 2, 5, 6, 10, 11, 12, 14, 15|
++++++++++++++++++++++
Trying improving 5, 10, 9, 9 with subs:
Root to change : 5 with colors |3, 8, 9, 10, 12, 13, 14, 15|
Root to change : 10 with colors |1, 2, 5, 6, 9, 11, 14|
++++++++++++++++++++++
Trying improving 5, 10, 9, 10 with subs:
Root to change : 5 with colors |3, 8, 9, 10, 12, 13, 14, 15|
Root to change : 9 with colors |1, 3, 5, 8, 10, 12, 14, 15|
++++++++++++++++++++++
Trying improving 5, 10, 9, 13 with subs:
Root to change : 5 with colors |3, 8, 9, 10, 12, 13, 14, 15|
Root to change : 10 with colors |1, 2, 5, 6, 9, 11, 14|
++++++++++++++++++++++
Trying improving 5, 10, 9, 14 with subs:
Root to change : 5 with colors |3, 8, 9, 10, 12, 13, 14, 15|
Root to change : 10 with colors |1, 2, 5, 6, 9, 11, 14|
Root to change : 9 with colors |1, 2, 3, 5, 7, 10, 12, 13, 14|
++++++++++++++++++++++
Trying improving 5, 10, 10, 13 with subs:
Root to change : 5 with colors |3, 8, 9, 10, 12, 13, 14, 15|
Root to change : 13 with colors |1, 3, 5, 8, 10, 12, 14, 15|
++++++++++++++++++++++
Trying improving 5, 12, 0, 9 with subs:
Root to change : 5 with colors |3, 7, 8, 10, 12, 14, 15|
Root to change : 12 with colors |1, 2, 5, 6, 9, 11, 14|
Root to change : 9 with colors |2, 3, 4, 5, 7, 11, 12, 14, 15|
++++++++++++++++++++++
Trying improving 5, 12, 2, 9 with subs:
Root to change : 12 with colors |1, 2, 5, 6, 9, 11, 14|
Root to change : 9 with colors |1, 2, 4, 5, 6, 7, 11, 13, 14|
++++++++++++++++++++++
Trying improving 5, 12, 3, 9 with subs:
Root to change : 5 with colors |3, 7, 8, 10, 12, 14, 15|
Root to change : 9 with colors |3, 7, 8, 10, 12, 14, 15|
++++++++++++++++++++++
Trying improving 5, 12, 3, 13 with subs:
Root to change : 5 with colors |1, 3, 7, 8, 10, 11, 12, 14, 15|
Root to change : 13 with colors |3, 7, 8, 10, 12, 14, 15|
++++++++++++++++++++++
Trying improving 5, 12, 5, 9 with subs:
Root to change : 12 with colors |1, 2, 5, 6, 9, 11, 14|
Root to change : 9 with colors |1, 2, 5, 6, 10, 11, 12, 14, 15|
++++++++++++++++++++++
Trying improving 5, 12, 9, 9 with subs:
Root to change : 5 with colors |3, 7, 8, 10, 12, 14, 15|
Root to change : 12 with colors |1, 2, 5, 6, 9, 11, 14|
++++++++++++++++++++++
Trying improving 5, 12, 9, 10 with subs:
Root to change : 5 with colors |3, 7, 8, 10, 12, 14, 15|
Root to change : 9 with colors |1, 3, 5, 8, 10, 12, 14, 15|
++++++++++++++++++++++
Trying improving 5, 12, 9, 13 with subs:
Root to change : 5 with colors |3, 7, 8, 10, 12, 14, 15|
Root to change : 12 with colors |1, 2, 5, 6, 9, 11, 14|
++++++++++++++++++++++
Trying improving 5, 12, 9, 14 with subs:
Root to change : 5 with colors |3, 7, 8, 10, 12, 14, 15|
Root to change : 12 with colors |1, 2, 5, 6, 9, 11, 14|
Root to change : 9 with colors |1, 2, 3, 5, 7, 10, 12, 13, 14|
++++++++++++++++++++++
Trying improving 5, 12, 10, 13 with subs:
Root to change : 5 with colors |3, 7, 8, 10, 12, 14, 15|
Root to change : 13 with colors |1, 3, 5, 8, 10, 12, 14, 15|
++++++++++++++++++++++
Trying improving 5, 14, 3, 9 with subs:
Root to change : 5 with colors |1, 2, 3, 7, 9, 10, 12, 13, 14|
Root to change : 3 with colors |2, 4, 5, 6, 9, 13, 14|
Root to change : 9 with colors |3, 7, 8, 10, 12, 14, 15|
++++++++++++++++++++++
Trying improving 5, 14, 3, 13 with subs:
Root to change : 5 with colors |1, 2, 3, 7, 9, 10, 12, 13, 14|
Root to change : 3 with colors |1, 2, 4, 6, 7, 9, 13, 14|
Root to change : 13 with colors |3, 7, 8, 10, 12, 14, 15|
++++++++++++++++++++++
Trying improving 5, 14, 9, 10 with subs:
Root to change : 5 with colors |1, 2, 3, 7, 9, 10, 12, 13, 14|
Root to change : 9 with colors |1, 3, 5, 8, 10, 12, 14, 15|
Root to change : 10 with colors |2, 4, 5, 6, 9, 13, 14|
++++++++++++++++++++++
Trying improving 5, 14, 10, 13 with subs:
Root to change : 5 with colors |1, 2, 3, 7, 9, 10, 12, 13, 14|
Root to change : 10 with colors |1, 2, 4, 6, 7, 9, 13, 14|
Root to change : 13 with colors |1, 3, 5, 8, 10, 12, 14, 15|
++++++++++++++++++++++
Trying improving 7, 12, 2, 9 with subs:
Root to change : 12 with colors |1, 2, 3, 4, 7, 8, 11, 13, 14|
Root to change : 2 with colors |3, 4, 9, 10, 13, 14, 15|
Root to change : 9 with colors |1, 2, 4, 5, 6, 7, 11, 13, 14|
++++++++++++++++++++++
Trying improving 7, 12, 5, 9 with subs:
Root to change : 12 with colors |1, 2, 4, 7, 11, 13, 14|
Root to change : 5 with colors |3, 4, 9, 10, 13, 14, 15|
Root to change : 9 with colors |1, 2, 5, 6, 10, 11, 12, 14, 15|
++++++++++++++++++++++
Trying improving 9, 9, 1, 10 with subs:
Root to change : 1 with colors |3, 8, 9, 10, 12, 13, 14, 15|
Root to change : 10 with colors |1, 2, 5, 6, 7, 11, 13, 14|
++++++++++++++++++++++
Trying improving 9, 9, 1, 12 with subs:
Root to change : 1 with colors |3, 7, 8, 10, 12, 14, 15|
Root to change : 12 with colors |1, 2, 5, 6, 7, 11, 13, 14|
++++++++++++++++++++++
Trying improving 9, 9, 5, 10 with subs:
Root to change : 5 with colors |3, 8, 9, 10, 12, 13, 14, 15|
Root to change : 10 with colors |1, 2, 5, 6, 9, 11, 14|
++++++++++++++++++++++
Trying improving 9, 9, 5, 12 with subs:
Root to change : 5 with colors |3, 7, 8, 10, 12, 14, 15|
Root to change : 12 with colors |1, 2, 5, 6, 9, 11, 14|
++++++++++++++++++++++
Trying improving 9, 10, 0, 2 with subs:
Root to change : 10 with colors |2, 3, 4, 5, 6, 9, 13, 14, 15|
Root to change : 0 with colors |1, 2, 4, 6, 7, 9, 13, 14|
Root to change : 2 with colors |3, 4, 7, 9, 12, 14, 15|
++++++++++++++++++++++
Trying improving 9, 10, 0, 5 with subs:
Root to change : 9 with colors |1, 3, 5, 8, 10, 12, 14, 15|
Root to change : 10 with colors |2, 4, 5, 6, 9, 13, 14|
Root to change : 5 with colors |3, 4, 7, 9, 12, 14, 15|
++++++++++++++++++++++
Trying improving 9, 10, 1, 5 with subs:
Root to change : 9 with colors |1, 3, 5, 8, 10, 12, 14, 15|
Root to change : 10 with colors |2, 4, 5, 6, 9, 13, 14|
++++++++++++++++++++++
Trying improving 9, 10, 1, 10 with subs:
Root to change : 9 with colors |1, 3, 5, 8, 10, 12, 14, 15|
Root to change : 1 with colors |3, 8, 9, 10, 12, 13, 14, 15|
++++++++++++++++++++++
Trying improving 9, 10, 1, 12 with subs:
Root to change : 9 with colors |1, 3, 5, 8, 10, 12, 14, 15|
Root to change : 1 with colors |3, 7, 8, 10, 12, 14, 15|
++++++++++++++++++++++
Trying improving 9, 10, 2, 5 with subs:
Root to change : 10 with colors |2, 4, 5, 6, 9, 13, 14|
Root to change : 5 with colors |1, 2, 4, 6, 7, 9, 13, 14|
++++++++++++++++++++++
Trying improving 9, 10, 5, 5 with subs:
Root to change : 9 with colors |1, 3, 5, 8, 10, 12, 14, 15|
Root to change : 10 with colors |2, 4, 5, 6, 9, 13, 14|
++++++++++++++++++++++
Trying improving 9, 10, 5, 9 with subs:
Root to change : 10 with colors |2, 4, 5, 6, 9, 13, 14|
Root to change : 5 with colors |2, 3, 4, 6, 9, 10, 13, 14, 15|
++++++++++++++++++++++
Trying improving 9, 10, 5, 10 with subs:
Root to change : 9 with colors |1, 3, 5, 8, 10, 12, 14, 15|
Root to change : 5 with colors |3, 8, 9, 10, 12, 13, 14, 15|
++++++++++++++++++++++
Trying improving 9, 10, 5, 12 with subs:
Root to change : 9 with colors |1, 3, 5, 8, 10, 12, 14, 15|
Root to change : 5 with colors |3, 7, 8, 10, 12, 14, 15|
++++++++++++++++++++++
Trying improving 9, 10, 5, 14 with subs:
Root to change : 9 with colors |1, 3, 5, 8, 10, 12, 14, 15|
Root to change : 10 with colors |2, 4, 5, 6, 9, 13, 14|
Root to change : 5 with colors |1, 2, 3, 7, 9, 10, 12, 13, 14|
++++++++++++++++++++++
Trying improving 9, 13, 1, 10 with subs:
Root to change : 1 with colors |3, 8, 9, 10, 12, 13, 14, 15|
Root to change : 10 with colors |1, 2, 5, 6, 7, 11, 13, 14|
++++++++++++++++++++++
Trying improving 9, 13, 1, 12 with subs:
Root to change : 9 with colors |1, 2, 3, 4, 7, 8, 13, 14|
Root to change : 1 with colors |3, 7, 8, 10, 12, 14, 15|
Root to change : 12 with colors |1, 2, 5, 6, 7, 11, 13, 14|
++++++++++++++++++++++
Trying improving 9, 13, 5, 10 with subs:
Root to change : 5 with colors |3, 8, 9, 10, 12, 13, 14, 15|
Root to change : 10 with colors |1, 2, 5, 6, 9, 11, 14|
++++++++++++++++++++++
Trying improving 9, 13, 5, 12 with subs:
Root to change : 5 with colors |3, 7, 8, 10, 12, 14, 15|
Root to change : 12 with colors |1, 2, 5, 6, 9, 11, 14|
++++++++++++++++++++++
Trying improving 9, 14, 1, 10 with subs:
Root to change : 9 with colors |1, 2, 3, 5, 7, 10, 12, 13, 14|
Root to change : 1 with colors |3, 8, 9, 10, 12, 13, 14, 15|
Root to change : 10 with colors |1, 2, 5, 6, 7, 11, 13, 14|
++++++++++++++++++++++
Trying improving 9, 14, 1, 12 with subs:
Root to change : 9 with colors |1, 2, 3, 5, 7, 10, 12, 13, 14|
Root to change : 1 with colors |3, 7, 8, 10, 12, 14, 15|
Root to change : 12 with colors |1, 2, 5, 6, 7, 11, 13, 14|
++++++++++++++++++++++
Trying improving 9, 14, 5, 10 with subs:
Root to change : 9 with colors |1, 2, 3, 5, 7, 10, 12, 13, 14|
Root to change : 5 with colors |3, 8, 9, 10, 12, 13, 14, 15|
Root to change : 10 with colors |1, 2, 5, 6, 9, 11, 14|
++++++++++++++++++++++
Trying improving 9, 14, 5, 12 with subs:
Root to change : 9 with colors |1, 2, 3, 5, 7, 10, 12, 13, 14|
Root to change : 5 with colors |3, 7, 8, 10, 12, 14, 15|
Root to change : 12 with colors |1, 2, 5, 6, 9, 11, 14|
++++++++++++++++++++++
Trying improving 10, 10, 0, 2 with subs:
Root to change : 0 with colors |1, 2, 4, 5, 6, 7, 9, 11, 13, 14|
Root to change : 2 with colors |3, 4, 5, 7, 9, 11, 12, 14, 15|
++++++++++++++++++++++
Trying improving 10, 10, 5, 9 with subs:
Root to change : 5 with colors |2, 3, 4, 6, 9, 10, 13, 14, 15|
Root to change : 9 with colors |1, 2, 5, 6, 10, 11, 12, 14, 15|
++++++++++++++++++++++
Trying improving 10, 12, 0, 2 with subs:
Root to change : 10 with colors |1, 3, 5, 7, 8, 11, 12, 14, 15|
Root to change : 0 with colors |1, 2, 5, 6, 7, 11, 13, 14|
Root to change : 2 with colors |3, 4, 5, 7, 9, 11, 12, 14, 15|
++++++++++++++++++++++
Trying improving 10, 12, 2, 9 with subs:
Root to change : 2 with colors |3, 4, 9, 10, 13, 14, 15|
Root to change : 9 with colors |1, 2, 5, 6, 7, 11, 13, 14|
++++++++++++++++++++++
Trying improving 10, 12, 5, 9 with subs:
Root to change : 5 with colors |3, 4, 9, 10, 13, 14, 15|
Root to change : 9 with colors |1, 2, 5, 6, 10, 11, 12, 14, 15|
++++++++++++++++++++++
Trying improving 10, 13, 0, 2 with subs:
Root to change : 10 with colors |1, 2, 3, 4, 6, 7, 8, 9, 13, 14|
Root to change : 0 with colors |1, 2, 4, 6, 7, 9, 11, 13, 14|
Root to change : 2 with colors |3, 4, 7, 9, 12, 14, 15|
++++++++++++++++++++++
Trying improving 10, 13, 0, 5 with subs:
Root to change : 10 with colors |1, 2, 4, 6, 7, 9, 13, 14|
Root to change : 13 with colors |1, 3, 5, 8, 10, 12, 14, 15|
Root to change : 5 with colors |3, 4, 7, 9, 12, 14, 15|
++++++++++++++++++++++
Trying improving 10, 13, 1, 5 with subs:
Root to change : 10 with colors |1, 2, 4, 6, 7, 9, 13, 14|
Root to change : 13 with colors |1, 3, 5, 8, 10, 12, 14, 15|
++++++++++++++++++++++
Trying improving 10, 13, 1, 10 with subs:
Root to change : 13 with colors |1, 3, 5, 8, 10, 12, 14, 15|
Root to change : 1 with colors |3, 8, 9, 10, 12, 13, 14, 15|
++++++++++++++++++++++
Trying improving 10, 13, 1, 12 with subs:
Root to change : 10 with colors |1, 2, 3, 4, 7, 8, 13, 14|
Root to change : 13 with colors |1, 3, 5, 8, 10, 12, 14, 15|
Root to change : 1 with colors |3, 7, 8, 10, 12, 14, 15|
++++++++++++++++++++++
Trying improving 10, 13, 2, 5 with subs:
Root to change : 10 with colors |1, 2, 4, 6, 7, 9, 13, 14|
Root to change : 5 with colors |1, 2, 4, 6, 7, 9, 13, 14|
++++++++++++++++++++++
Trying improving 10, 13, 5, 5 with subs:
Root to change : 10 with colors |1, 2, 4, 6, 7, 9, 13, 14|
Root to change : 13 with colors |1, 3, 5, 8, 10, 12, 14, 15|
++++++++++++++++++++++
Trying improving 10, 13, 5, 9 with subs:
Root to change : 10 with colors |1, 2, 4, 6, 7, 9, 13, 14|
Root to change : 5 with colors |2, 3, 4, 6, 9, 10, 13, 14, 15|
++++++++++++++++++++++
Trying improving 10, 13, 5, 10 with subs:
Root to change : 13 with colors |1, 3, 5, 8, 10, 12, 14, 15|
Root to change : 5 with colors |3, 8, 9, 10, 12, 13, 14, 15|
++++++++++++++++++++++
Trying improving 10, 13, 5, 12 with subs:
Root to change : 13 with colors |1, 3, 5, 8, 10, 12, 14, 15|
Root to change : 5 with colors |3, 7, 8, 10, 12, 14, 15|
++++++++++++++++++++++
Trying improving 10, 13, 5, 14 with subs:
Root to change : 10 with colors |1, 2, 4, 6, 7, 9, 13, 14|
Root to change : 13 with colors |1, 3, 5, 8, 10, 12, 14, 15|
Root to change : 5 with colors |1, 2, 3, 7, 9, 10, 12, 13, 14|
++++++++++++++++++++++
Trying improving 10, 14, 0, 2 with subs:
Root to change : 10 with colors |1, 2, 3, 5, 7, 9, 12, 13, 14|
Root to change : 0 with colors |1, 2, 4, 5, 6, 7, 9, 11, 13, 14|
Root to change : 2 with colors |3, 4, 5, 7, 9, 11, 12, 14, 15|
++++++++++++++++++++++
Trying improving 10, 14, 5, 9 with subs:
Root to change : 10 with colors |1, 2, 5, 7, 9, 13, 14|
Root to change : 5 with colors |2, 3, 4, 6, 9, 10, 13, 14, 15|
Root to change : 9 with colors |1, 2, 5, 6, 10, 11, 12, 14, 15|
++++++++++++++++++++++
Trying improving 12, 12, 2, 9 with subs:
Root to change : 2 with colors |3, 4, 9, 10, 13, 14, 15|
Root to change : 9 with colors |1, 2, 4, 5, 6, 7, 11, 13, 14|
++++++++++++++++++++++
Trying improving 12, 12, 5, 9 with subs:
Root to change : 5 with colors |3, 4, 9, 10, 13, 14, 15|
Root to change : 9 with colors |1, 2, 5, 6, 10, 11, 12, 14, 15|
++++++++++++++++++++++
Trying improving 12, 14, 2, 9 with subs:
Root to change : 12 with colors |1, 2, 3, 5, 7, 9, 10, 13, 14|
Root to change : 2 with colors |3, 4, 9, 10, 13, 14, 15|
Root to change : 9 with colors |1, 2, 4, 5, 6, 7, 11, 13, 14|
++++++++++++++++++++++
Trying improving 12, 14, 5, 9 with subs:
Root to change : 12 with colors |1, 2, 5, 7, 9, 13, 14|
Root to change : 5 with colors |3, 4, 9, 10, 13, 14, 15|
Root to change : 9 with colors |1, 2, 5, 6, 10, 11, 12, 14, 15|
++++++++++++++++++++++
Unable to be solved with SubSubProblem
