Trying substitutions to: 8
with goodVertices 1, 2, 3, 4, 5, 6, 7, 9, 10, 13, 14
bad color to improve: 2  9  with index 38
bad color to improve: 2  10  with index 39
bad color to improve: 2  14  with index 43
3 bad colorings on level 1
bad coloring on level 2  |8, 10, 0, 6|
bad coloring on level 2  |8, 10, 0, 8|
bad coloring on level 2  |8, 10, 0, 11|
bad coloring on level 2  |8, 10, 1, 4|
bad coloring on level 2  |8, 10, 1, 6|
bad coloring on level 2  |8, 10, 1, 8|
bad coloring on level 2  |8, 10, 1, 11|
bad coloring on level 2  |8, 10, 1, 15|
bad coloring on level 2  |8, 10, 2, 4|
bad coloring on level 2  |8, 10, 2, 6|
bad coloring on level 2  |8, 10, 2, 8|
bad coloring on level 2  |8, 10, 2, 11|
bad coloring on level 2  |8, 10, 2, 15|
bad coloring on level 2  |8, 10, 4, 6|
bad coloring on level 2  |8, 10, 4, 11|
bad coloring on level 2  |8, 10, 4, 12|
bad coloring on level 2  |8, 10, 6, 7|
bad coloring on level 2  |8, 10, 6, 8|
bad coloring on level 2  |8, 10, 6, 11|
bad coloring on level 2  |8, 10, 6, 12|
bad coloring on level 2  |8, 10, 7, 11|
bad coloring on level 2  |8, 10, 7, 15|
bad coloring on level 2  |0, 6, 8, 10|
bad coloring on level 2  |0, 8, 8, 10|
bad coloring on level 2  |0, 11, 8, 10|
bad coloring on level 2  |1, 4, 8, 10|
bad coloring on level 2  |1, 6, 8, 10|
bad coloring on level 2  |1, 8, 8, 10|
bad coloring on level 2  |1, 11, 8, 10|
bad coloring on level 2  |1, 15, 8, 10|
bad coloring on level 2  |2, 4, 8, 10|
bad coloring on level 2  |2, 6, 8, 10|
bad coloring on level 2  |2, 8, 8, 10|
bad coloring on level 2  |2, 11, 8, 10|
bad coloring on level 2  |2, 15, 8, 10|
bad coloring on level 2  |4, 6, 8, 10|
bad coloring on level 2  |4, 11, 8, 10|
bad coloring on level 2  |4, 12, 8, 10|
bad coloring on level 2  |6, 7, 8, 10|
bad coloring on level 2  |6, 8, 8, 10|
bad coloring on level 2  |6, 11, 8, 10|
bad coloring on level 2  |6, 12, 8, 10|
bad coloring on level 2  |7, 11, 8, 10|
bad coloring on level 2  |7, 15, 8, 10|
bad coloring on level 2  |8, 11, 8, 10|
bad coloring on level 2  |11, 11, 8, 10|
bad coloring on level 2  |11, 12, 8, 10|
bad coloring on level 2  |11, 15, 8, 10|
bad coloring on level 2  |8, 10, 8, 11|
bad coloring on level 2  |8, 10, 11, 11|
bad coloring on level 2  |8, 10, 11, 12|
bad coloring on level 2  |8, 10, 11, 15|

52 bad colorings on level 2
Sub sub problem :
Trying improving 0, 6, 8, 10 with subs:
Root to change : 6 with colors |2, 3, 4, 5, 7, 9, 10, 12, 13, 14, 15|
Root to change : 8 with colors |1, 2, 3, 5, 6, 7, 9, 10, 12, 13, 14, 15|
Root to change : 10 with colors |1, 2, 3, 4, 6, 7, 8, 11, 12, 13, 15|
++++++++++++++++++++++
Trying improving 0, 8, 8, 10 with subs:
Root to change : 0 with colors |3, 4, 7, 8, 10, 12, 13, 15|
Root to change : 8 with colors |2, 3, 4, 5, 7, 9, 10, 12, 13, 14, 15|
Root to change : 8 with colors |1, 2, 3, 5, 6, 7, 9, 10, 12, 13, 14, 15|
Root to change : 10 with colors |1, 2, 3, 4, 6, 7, 8, 11, 12, 13, 15|
++++++++++++++++++++++
Trying improving 0, 11, 8, 10 with subs:
Root to change : 11 with colors |2, 3, 4, 5, 7, 9, 10, 12, 13, 14, 15|
Root to change : 8 with colors |1, 2, 3, 5, 6, 7, 9, 10, 12, 13, 14, 15|
Root to change : 10 with colors |1, 2, 3, 4, 6, 7, 8, 11, 12, 13, 15|
++++++++++++++++++++++
Trying improving 1, 4, 8, 10 with subs:
Root to change : 1 with colors |3, 4, 7, 8, 9, 13, 15|
Root to change : 4 with colors |1, 2, 3, 5, 7, 9, 10, 12, 13, 14|
Root to change : 8 with colors |1, 2, 3, 5, 6, 7, 9, 10, 12, 13, 14, 15|
Root to change : 10 with colors |1, 2, 3, 4, 6, 7, 8, 11, 12, 13, 15|
++++++++++++++++++++++
Trying improving 1, 6, 8, 10 with subs:
Root to change : 6 with colors |1, 2, 3, 5, 7, 9, 10, 12, 13, 14|
Root to change : 8 with colors |1, 2, 3, 5, 6, 7, 9, 10, 12, 13, 14, 15|
Root to change : 10 with colors |1, 2, 3, 4, 6, 7, 8, 11, 12, 13, 15|
++++++++++++++++++++++
Trying improving 1, 8, 8, 10 with subs:
Root to change : 1 with colors |3, 4, 7, 8, 10, 12, 13, 15|
Root to change : 8 with colors |1, 2, 3, 5, 7, 9, 10, 12, 13, 14|
Root to change : 8 with colors |1, 2, 3, 5, 6, 7, 9, 10, 12, 13, 14, 15|
Root to change : 10 with colors |1, 2, 3, 4, 6, 7, 8, 11, 12, 13, 15|
++++++++++++++++++++++
Trying improving 1, 11, 8, 10 with subs:
Root to change : 11 with colors |1, 2, 3, 5, 7, 9, 10, 12, 13, 14|
Root to change : 8 with colors |1, 2, 3, 5, 6, 7, 9, 10, 12, 13, 14, 15|
Root to change : 10 with colors |1, 2, 3, 4, 6, 7, 8, 11, 12, 13, 15|
++++++++++++++++++++++
Trying improving 1, 15, 8, 10 with subs:
Root to change : 1 with colors |3, 4, 5, 6, 8, 9, 10, 12, 15|
Root to change : 15 with colors |1, 2, 3, 5, 7, 9, 10, 12, 13, 14|
Root to change : 8 with colors |1, 2, 3, 5, 6, 7, 9, 10, 12, 13, 14, 15|
Root to change : 10 with colors |1, 2, 3, 4, 6, 7, 8, 11, 12, 13, 15|
++++++++++++++++++++++
Trying improving 2, 4, 8, 10 with subs:
Root to change : 2 with colors |3, 4, 7, 8, 9, 13, 15|
Root to change : 4 with colors |1, 2, 3, 5, 7, 9, 10, 13, 14|
Root to change : 8 with colors |1, 2, 3, 5, 6, 7, 9, 10, 12, 13, 14, 15|
Root to change : 10 with colors |1, 2, 3, 4, 6, 7, 8, 11, 12, 13, 15|
++++++++++++++++++++++
Trying improving 2, 6, 8, 10 with subs:
Root to change : 6 with colors |1, 2, 3, 5, 7, 9, 10, 13, 14|
Root to change : 8 with colors |1, 2, 3, 5, 6, 7, 9, 10, 12, 13, 14, 15|
Root to change : 10 with colors |1, 2, 3, 4, 6, 7, 8, 11, 12, 13, 15|
++++++++++++++++++++++
Trying improving 2, 8, 8, 10 with subs:
Root to change : 2 with colors |3, 4, 7, 8, 10, 12, 13, 15|
Root to change : 8 with colors |1, 2, 3, 5, 7, 9, 10, 13, 14|
Root to change : 8 with colors |1, 2, 3, 5, 6, 7, 9, 10, 12, 13, 14, 15|
Root to change : 10 with colors |1, 2, 3, 4, 6, 7, 8, 11, 12, 13, 15|
++++++++++++++++++++++
Trying improving 2, 11, 8, 10 with subs:
Root to change : 11 with colors |1, 2, 3, 5, 7, 9, 10, 13, 14|
Root to change : 8 with colors |1, 2, 3, 5, 6, 7, 9, 10, 12, 13, 14, 15|
Root to change : 10 with colors |1, 2, 3, 4, 6, 7, 8, 11, 12, 13, 15|
++++++++++++++++++++++
Trying improving 2, 15, 8, 10 with subs:
Root to change : 2 with colors |3, 4, 5, 6, 8, 9, 10, 12, 15|
Root to change : 15 with colors |1, 2, 3, 5, 7, 9, 10, 13, 14|
Root to change : 8 with colors |1, 2, 3, 5, 6, 7, 9, 10, 12, 13, 14, 15|
Root to change : 10 with colors |1, 2, 3, 4, 6, 7, 8, 11, 12, 13, 15|
++++++++++++++++++++++
Trying improving 4, 6, 8, 10 with subs:
Root to change : 6 with colors |3, 4, 7, 8, 9, 13, 15|
Root to change : 8 with colors |1, 2, 3, 5, 6, 7, 9, 10, 12, 13, 14, 15|
Root to change : 10 with colors |1, 2, 3, 4, 6, 7, 8, 11, 12, 13, 15|
++++++++++++++++++++++
Trying improving 4, 11, 8, 10 with subs:
Root to change : 11 with colors |3, 4, 7, 8, 9, 13, 15|
Root to change : 8 with colors |1, 2, 3, 5, 6, 7, 9, 10, 12, 13, 14, 15|
Root to change : 10 with colors |1, 2, 3, 4, 6, 7, 8, 11, 12, 13, 15|
++++++++++++++++++++++
Trying improving 4, 12, 8, 10 with subs:
Root to change : 4 with colors |1, 3, 5, 7, 8, 9, 10, 12, 13, 14, 15|
Root to change : 12 with colors |3, 4, 7, 8, 9, 13, 15|
Root to change : 8 with colors |1, 2, 3, 5, 6, 7, 9, 10, 12, 13, 14, 15|
Root to change : 10 with colors |1, 2, 3, 4, 6, 7, 8, 11, 12, 13, 15|
++++++++++++++++++++++
Trying improving 6, 7, 8, 10 with subs:
Root to change : 6 with colors |1, 2, 3, 4, 7, 8, 9, 10, 12, 13, 14|
Root to change : 8 with colors |1, 2, 3, 5, 6, 7, 9, 10, 12, 13, 14, 15|
Root to change : 10 with colors |1, 2, 3, 4, 6, 7, 8, 11, 12, 13, 15|
++++++++++++++++++++++
Trying improving 6, 8, 8, 10 with subs:
Root to change : 6 with colors |3, 4, 7, 8, 10, 12, 13, 15|
Root to change : 8 with colors |1, 2, 3, 5, 6, 7, 9, 10, 12, 13, 14, 15|
Root to change : 10 with colors |1, 2, 3, 4, 6, 7, 8, 11, 12, 13, 15|
++++++++++++++++++++++
Trying improving 6, 11, 8, 10 with subs:
Root to change : 8 with colors |1, 2, 3, 5, 6, 7, 9, 10, 12, 13, 14, 15|
Root to change : 10 with colors |1, 2, 3, 4, 6, 7, 8, 11, 12, 13, 15|
++++++++++++++++++++++
Trying improving 6, 12, 8, 10 with subs:
Root to change : 6 with colors |1, 3, 5, 7, 8, 9, 10, 12, 13, 14, 15|
Root to change : 8 with colors |1, 2, 3, 5, 6, 7, 9, 10, 12, 13, 14, 15|
Root to change : 10 with colors |1, 2, 3, 4, 6, 7, 8, 11, 12, 13, 15|
++++++++++++++++++++++
Trying improving 7, 11, 8, 10 with subs:
Root to change : 11 with colors |1, 2, 3, 4, 7, 8, 9, 10, 12, 13, 14|
Root to change : 8 with colors |1, 2, 3, 5, 6, 7, 9, 10, 12, 13, 14, 15|
Root to change : 10 with colors |1, 2, 3, 4, 6, 7, 8, 11, 12, 13, 15|
++++++++++++++++++++++
Trying improving 7, 15, 8, 10 with subs:
Root to change : 7 with colors |3, 4, 5, 6, 8, 9, 10, 12, 15|
Root to change : 15 with colors |1, 2, 3, 4, 7, 8, 9, 10, 12, 13, 14|
Root to change : 8 with colors |1, 2, 3, 5, 6, 7, 9, 10, 12, 13, 14, 15|
Root to change : 10 with colors |1, 2, 3, 4, 6, 7, 8, 11, 12, 13, 15|
++++++++++++++++++++++
Trying improving 8, 10, 0, 6 with subs:
Root to change : 8 with colors |1, 2, 3, 5, 6, 7, 9, 10, 12, 13, 14, 15|
Root to change : 10 with colors |1, 2, 3, 4, 6, 7, 8, 11, 12, 13, 15|
Root to change : 6 with colors |2, 3, 4, 5, 7, 9, 10, 12, 13, 14, 15|
++++++++++++++++++++++
Trying improving 8, 10, 0, 8 with subs:
Root to change : 8 with colors |1, 2, 3, 5, 6, 7, 9, 10, 12, 13, 14, 15|
Root to change : 10 with colors |1, 2, 3, 4, 6, 7, 8, 11, 12, 13, 15|
Root to change : 0 with colors |3, 4, 7, 8, 10, 12, 13, 15|
Root to change : 8 with colors |2, 3, 4, 5, 7, 9, 10, 12, 13, 14, 15|
++++++++++++++++++++++
Trying improving 8, 10, 0, 11 with subs:
Root to change : 8 with colors |1, 2, 3, 5, 6, 7, 9, 10, 12, 13, 14, 15|
Root to change : 10 with colors |1, 2, 3, 4, 6, 7, 8, 11, 12, 13, 15|
Root to change : 11 with colors |2, 3, 4, 5, 7, 9, 10, 12, 13, 14, 15|
++++++++++++++++++++++
Trying improving 8, 10, 1, 4 with subs:
Root to change : 8 with colors |1, 2, 3, 5, 6, 7, 9, 10, 12, 13, 14, 15|
Root to change : 10 with colors |1, 2, 3, 4, 6, 7, 8, 11, 12, 13, 15|
Root to change : 1 with colors |3, 4, 7, 8, 9, 13, 15|
Root to change : 4 with colors |1, 2, 3, 5, 7, 9, 10, 12, 13, 14|
++++++++++++++++++++++
Trying improving 8, 10, 1, 6 with subs:
Root to change : 8 with colors |1, 2, 3, 5, 6, 7, 9, 10, 12, 13, 14, 15|
Root to change : 10 with colors |1, 2, 3, 4, 6, 7, 8, 11, 12, 13, 15|
Root to change : 6 with colors |1, 2, 3, 5, 7, 9, 10, 12, 13, 14|
++++++++++++++++++++++
Trying improving 8, 10, 1, 8 with subs:
Root to change : 8 with colors |1, 2, 3, 5, 6, 7, 9, 10, 12, 13, 14, 15|
Root to change : 10 with colors |1, 2, 3, 4, 6, 7, 8, 11, 12, 13, 15|
Root to change : 1 with colors |3, 4, 7, 8, 10, 12, 13, 15|
Root to change : 8 with colors |1, 2, 3, 5, 7, 9, 10, 12, 13, 14|
++++++++++++++++++++++
Trying improving 8, 10, 1, 11 with subs:
Root to change : 8 with colors |1, 2, 3, 5, 6, 7, 9, 10, 12, 13, 14, 15|
Root to change : 10 with colors |1, 2, 3, 4, 6, 7, 8, 11, 12, 13, 15|
Root to change : 11 with colors |1, 2, 3, 5, 7, 9, 10, 12, 13, 14|
++++++++++++++++++++++
Trying improving 8, 10, 1, 15 with subs:
Root to change : 8 with colors |1, 2, 3, 5, 6, 7, 9, 10, 12, 13, 14, 15|
Root to change : 10 with colors |1, 2, 3, 4, 6, 7, 8, 11, 12, 13, 15|
Root to change : 1 with colors |3, 4, 5, 6, 8, 9, 10, 12, 15|
Root to change : 15 with colors |1, 2, 3, 5, 7, 9, 10, 12, 13, 14|
++++++++++++++++++++++
Trying improving 8, 10, 2, 4 with subs:
Root to change : 8 with colors |1, 2, 3, 5, 6, 7, 9, 10, 12, 13, 14, 15|
Root to change : 10 with colors |1, 2, 3, 4, 6, 7, 8, 11, 12, 13, 15|
Root to change : 2 with colors |3, 4, 7, 8, 9, 13, 15|
Root to change : 4 with colors |1, 2, 3, 5, 7, 9, 10, 13, 14|
++++++++++++++++++++++
Trying improving 8, 10, 2, 6 with subs:
Root to change : 8 with colors |1, 2, 3, 5, 6, 7, 9, 10, 12, 13, 14, 15|
Root to change : 10 with colors |1, 2, 3, 4, 6, 7, 8, 11, 12, 13, 15|
Root to change : 6 with colors |1, 2, 3, 5, 7, 9, 10, 13, 14|
++++++++++++++++++++++
Trying improving 8, 10, 2, 8 with subs:
Root to change : 8 with colors |1, 2, 3, 5, 6, 7, 9, 10, 12, 13, 14, 15|
Root to change : 10 with colors |1, 2, 3, 4, 6, 7, 8, 11, 12, 13, 15|
Root to change : 2 with colors |3, 4, 7, 8, 10, 12, 13, 15|
Root to change : 8 with colors |1, 2, 3, 5, 7, 9, 10, 13, 14|
++++++++++++++++++++++
Trying improving 8, 10, 2, 11 with subs:
Root to change : 8 with colors |1, 2, 3, 5, 6, 7, 9, 10, 12, 13, 14, 15|
Root to change : 10 with colors |1, 2, 3, 4, 6, 7, 8, 11, 12, 13, 15|
Root to change : 11 with colors |1, 2, 3, 5, 7, 9, 10, 13, 14|
++++++++++++++++++++++
Trying improving 8, 10, 2, 15 with subs:
Root to change : 8 with colors |1, 2, 3, 5, 6, 7, 9, 10, 12, 13, 14, 15|
Root to change : 10 with colors |1, 2, 3, 4, 6, 7, 8, 11, 12, 13, 15|
Root to change : 2 with colors |3, 4, 5, 6, 8, 9, 10, 12, 15|
Root to change : 15 with colors |1, 2, 3, 5, 7, 9, 10, 13, 14|
++++++++++++++++++++++
Trying improving 8, 10, 4, 6 with subs:
Root to change : 8 with colors |1, 2, 3, 5, 6, 7, 9, 10, 12, 13, 14, 15|
Root to change : 10 with colors |1, 2, 3, 4, 6, 7, 8, 11, 12, 13, 15|
Root to change : 6 with colors |3, 4, 7, 8, 9, 13, 15|
++++++++++++++++++++++
Trying improving 8, 10, 4, 11 with subs:
Root to change : 8 with colors |1, 2, 3, 5, 6, 7, 9, 10, 12, 13, 14, 15|
Root to change : 10 with colors |1, 2, 3, 4, 6, 7, 8, 11, 12, 13, 15|
Root to change : 11 with colors |3, 4, 7, 8, 9, 13, 15|
++++++++++++++++++++++
Trying improving 8, 10, 4, 12 with subs:
Root to change : 8 with colors |1, 2, 3, 5, 6, 7, 9, 10, 12, 13, 14, 15|
Root to change : 10 with colors |1, 2, 3, 4, 6, 7, 8, 11, 12, 13, 15|
Root to change : 4 with colors |1, 3, 5, 7, 8, 9, 10, 12, 13, 14, 15|
Root to change : 12 with colors |3, 4, 7, 8, 9, 13, 15|
++++++++++++++++++++++
Trying improving 8, 10, 6, 7 with subs:
Root to change : 8 with colors |1, 2, 3, 5, 6, 7, 9, 10, 12, 13, 14, 15|
Root to change : 10 with colors |1, 2, 3, 4, 6, 7, 8, 11, 12, 13, 15|
Root to change : 6 with colors |1, 2, 3, 4, 7, 8, 9, 10, 12, 13, 14|
++++++++++++++++++++++
Trying improving 8, 10, 6, 8 with subs:
Root to change : 8 with colors |1, 2, 3, 5, 6, 7, 9, 10, 12, 13, 14, 15|
Root to change : 10 with colors |1, 2, 3, 4, 6, 7, 8, 11, 12, 13, 15|
Root to change : 6 with colors |3, 4, 7, 8, 10, 12, 13, 15|
++++++++++++++++++++++
Trying improving 8, 10, 6, 11 with subs:
Root to change : 8 with colors |1, 2, 3, 5, 6, 7, 9, 10, 12, 13, 14, 15|
Root to change : 10 with colors |1, 2, 3, 4, 6, 7, 8, 11, 12, 13, 15|
++++++++++++++++++++++
Trying improving 8, 10, 6, 12 with subs:
Root to change : 8 with colors |1, 2, 3, 5, 6, 7, 9, 10, 12, 13, 14, 15|
Root to change : 10 with colors |1, 2, 3, 4, 6, 7, 8, 11, 12, 13, 15|
Root to change : 6 with colors |1, 3, 5, 7, 8, 9, 10, 12, 13, 14, 15|
++++++++++++++++++++++
Trying improving 8, 10, 7, 11 with subs:
Root to change : 8 with colors |1, 2, 3, 5, 6, 7, 9, 10, 12, 13, 14, 15|
Root to change : 10 with colors |1, 2, 3, 4, 6, 7, 8, 11, 12, 13, 15|
Root to change : 11 with colors |1, 2, 3, 4, 7, 8, 9, 10, 12, 13, 14|
++++++++++++++++++++++
Trying improving 8, 10, 7, 15 with subs:
Root to change : 8 with colors |1, 2, 3, 5, 6, 7, 9, 10, 12, 13, 14, 15|
Root to change : 10 with colors |1, 2, 3, 4, 6, 7, 8, 11, 12, 13, 15|
Root to change : 7 with colors |3, 4, 5, 6, 8, 9, 10, 12, 15|
Root to change : 15 with colors |1, 2, 3, 4, 7, 8, 9, 10, 12, 13, 14|
++++++++++++++++++++++
Trying improving 8, 10, 8, 11 with subs:
Root to change : 8 with colors |1, 2, 3, 5, 6, 7, 9, 10, 12, 13, 14, 15|
Root to change : 10 with colors |1, 2, 3, 4, 6, 7, 8, 11, 12, 13, 15|
Root to change : 11 with colors |3, 4, 7, 8, 10, 12, 13, 15|
++++++++++++++++++++++
Trying improving 8, 10, 11, 11 with subs:
Root to change : 8 with colors |1, 2, 3, 5, 6, 7, 9, 10, 12, 13, 14, 15|
Root to change : 10 with colors |1, 2, 3, 4, 6, 7, 8, 11, 12, 13, 15|
++++++++++++++++++++++
Trying improving 8, 10, 11, 12 with subs:
Root to change : 8 with colors |1, 2, 3, 5, 6, 7, 9, 10, 12, 13, 14, 15|
Root to change : 10 with colors |1, 2, 3, 4, 6, 7, 8, 11, 12, 13, 15|
Root to change : 11 with colors |1, 3, 5, 7, 8, 9, 10, 12, 13, 14, 15|
++++++++++++++++++++++
Trying improving 8, 10, 11, 15 with subs:
Root to change : 8 with colors |1, 2, 3, 5, 6, 7, 9, 10, 12, 13, 14, 15|
Root to change : 10 with colors |1, 2, 3, 4, 6, 7, 8, 11, 12, 13, 15|
Root to change : 11 with colors |3, 4, 5, 6, 8, 9, 10, 12, 15|
++++++++++++++++++++++
Trying improving 8, 11, 8, 10 with subs:
Root to change : 11 with colors |3, 4, 7, 8, 10, 12, 13, 15|
Root to change : 8 with colors |1, 2, 3, 5, 6, 7, 9, 10, 12, 13, 14, 15|
Root to change : 10 with colors |1, 2, 3, 4, 6, 7, 8, 11, 12, 13, 15|
++++++++++++++++++++++
Trying improving 11, 11, 8, 10 with subs:
Root to change : 8 with colors |1, 2, 3, 5, 6, 7, 9, 10, 12, 13, 14, 15|
Root to change : 10 with colors |1, 2, 3, 4, 6, 7, 8, 11, 12, 13, 15|
++++++++++++++++++++++
Trying improving 11, 12, 8, 10 with subs:
Root to change : 11 with colors |1, 3, 5, 7, 8, 9, 10, 12, 13, 14, 15|
Root to change : 8 with colors |1, 2, 3, 5, 6, 7, 9, 10, 12, 13, 14, 15|
Root to change : 10 with colors |1, 2, 3, 4, 6, 7, 8, 11, 12, 13, 15|
++++++++++++++++++++++
Trying improving 11, 15, 8, 10 with subs:
Root to change : 11 with colors |3, 4, 5, 6, 8, 9, 10, 12, 15|
Root to change : 8 with colors |1, 2, 3, 5, 6, 7, 9, 10, 12, 13, 14, 15|
Root to change : 10 with colors |1, 2, 3, 4, 6, 7, 8, 11, 12, 13, 15|
++++++++++++++++++++++
Solved with SubSubProblem
