Trying substitutions to: 10
with goodVertices 1, 2, 4, 5, 6, 7, 8, 9, 11, 13, 15
bad color to improve: 0  8  with index 8
bad color to improve: 2  4  with index 33
bad color to improve: 2  6  with index 35
bad color to improve: 2  8  with index 37
bad color to improve: 2  11  with index 40
bad color to improve: 2  15  with index 44
6 bad colorings on level 1
bad coloring on level 2  |8, 10, 0, 10|
bad coloring on level 2  |8, 10, 0, 13|
bad coloring on level 2  |8, 10, 0, 14|
bad coloring on level 2  |8, 10, 1, 3|
bad coloring on level 2  |8, 10, 1, 9|
bad coloring on level 2  |8, 10, 1, 10|
bad coloring on level 2  |8, 10, 1, 13|
bad coloring on level 2  |8, 10, 1, 14|
bad coloring on level 2  |8, 10, 2, 3|
bad coloring on level 2  |8, 10, 2, 9|
bad coloring on level 2  |8, 10, 2, 10|
bad coloring on level 2  |8, 10, 2, 13|
bad coloring on level 2  |8, 10, 2, 14|
bad coloring on level 2  |5, 14, 3, 8|
bad coloring on level 2  |8, 10, 3, 14|
bad coloring on level 2  |3, 8, 5, 14|
bad coloring on level 2  |8, 10, 5, 14|
bad coloring on level 2  |8, 10, 7, 9|
bad coloring on level 2  |8, 10, 7, 10|
bad coloring on level 2  |8, 10, 7, 14|
bad coloring on level 2  |0, 10, 8, 10|
bad coloring on level 2  |0, 13, 8, 10|
bad coloring on level 2  |0, 14, 8, 10|
bad coloring on level 2  |1, 3, 8, 10|
bad coloring on level 2  |1, 9, 8, 10|
bad coloring on level 2  |1, 10, 8, 10|
bad coloring on level 2  |1, 13, 8, 10|
bad coloring on level 2  |1, 14, 8, 10|
bad coloring on level 2  |2, 3, 8, 10|
bad coloring on level 2  |2, 9, 8, 10|
bad coloring on level 2  |2, 10, 8, 10|
bad coloring on level 2  |2, 13, 8, 10|
bad coloring on level 2  |2, 14, 8, 10|
bad coloring on level 2  |3, 14, 8, 10|
bad coloring on level 2  |5, 14, 8, 10|
bad coloring on level 2  |7, 9, 8, 10|
bad coloring on level 2  |7, 10, 8, 10|
bad coloring on level 2  |7, 14, 8, 10|
bad coloring on level 2  |9, 12, 8, 10|
bad coloring on level 2  |9, 13, 8, 10|
bad coloring on level 2  |9, 14, 8, 10|
bad coloring on level 2  |10, 13, 8, 10|
bad coloring on level 2  |10, 14, 8, 10|
bad coloring on level 2  |12, 13, 8, 10|
bad coloring on level 2  |12, 14, 8, 10|
bad coloring on level 2  |13, 14, 8, 10|
bad coloring on level 2  |14, 14, 8, 10|
bad coloring on level 2  |8, 10, 9, 12|
bad coloring on level 2  |8, 10, 9, 13|
bad coloring on level 2  |8, 10, 9, 14|
bad coloring on level 2  |8, 10, 10, 13|
bad coloring on level 2  |8, 10, 10, 14|
bad coloring on level 2  |8, 10, 12, 13|
bad coloring on level 2  |8, 10, 12, 14|
bad coloring on level 2  |8, 10, 13, 14|
bad coloring on level 2  |8, 10, 14, 14|

56 bad colorings on level 2
Sub sub problem :
Trying improving 0, 10, 8, 10 with subs:
Root to change : 0 with colors |3, 5, 6, 8, 9, 10, 12, 15|
Root to change : 10 with colors |2, 3, 4, 5, 6, 7, 8, 9, 11, 12, 15|
Root to change : 8 with colors |1, 2, 3, 5, 6, 7, 9, 10, 12, 13, 14, 15|
Root to change : 10 with colors |1, 2, 3, 4, 6, 7, 8, 11, 12, 13, 15|
++++++++++++++++++++++
Trying improving 0, 13, 8, 10 with subs:
Root to change : 13 with colors |2, 3, 4, 5, 6, 7, 8, 9, 11, 12, 15|
Root to change : 8 with colors |1, 2, 3, 5, 6, 7, 9, 10, 12, 13, 14, 15|
Root to change : 10 with colors |1, 2, 3, 4, 6, 7, 8, 11, 12, 13, 15|
++++++++++++++++++++++
Trying improving 0, 14, 8, 10 with subs:
Root to change : 14 with colors |2, 3, 4, 5, 6, 7, 8, 9, 11, 12, 15|
Root to change : 8 with colors |1, 2, 3, 5, 6, 7, 9, 10, 12, 13, 14, 15|
Root to change : 10 with colors |1, 2, 3, 4, 6, 7, 8, 11, 12, 13, 15|
++++++++++++++++++++++
Trying improving 1, 3, 8, 10 with subs:
Root to change : 1 with colors |3, 4, 7, 8, 9, 10, 12, 13, 15|
Root to change : 3 with colors |1, 2, 4, 5, 6, 7, 8, 11, 12, 15|
Root to change : 8 with colors |1, 2, 3, 5, 6, 7, 9, 10, 12, 13, 14, 15|
Root to change : 10 with colors |1, 2, 3, 4, 6, 7, 8, 11, 12, 13, 15|
++++++++++++++++++++++
Trying improving 1, 9, 8, 10 with subs:
Root to change : 1 with colors |3, 4, 5, 6, 9, 10, 15|
Root to change : 9 with colors |1, 2, 4, 5, 6, 7, 8, 11, 12, 15|
Root to change : 8 with colors |1, 2, 3, 5, 6, 7, 9, 10, 12, 13, 14, 15|
Root to change : 10 with colors |1, 2, 3, 4, 6, 7, 8, 11, 12, 13, 15|
++++++++++++++++++++++
Trying improving 1, 10, 8, 10 with subs:
Root to change : 1 with colors |3, 5, 6, 8, 9, 10, 12, 15|
Root to change : 10 with colors |1, 2, 4, 5, 6, 7, 8, 11, 12, 15|
Root to change : 8 with colors |1, 2, 3, 5, 6, 7, 9, 10, 12, 13, 14, 15|
Root to change : 10 with colors |1, 2, 3, 4, 6, 7, 8, 11, 12, 13, 15|
++++++++++++++++++++++
Trying improving 1, 13, 8, 10 with subs:
Root to change : 13 with colors |1, 2, 4, 5, 6, 7, 8, 11, 12, 15|
Root to change : 8 with colors |1, 2, 3, 5, 6, 7, 9, 10, 12, 13, 14, 15|
Root to change : 10 with colors |1, 2, 3, 4, 6, 7, 8, 11, 12, 13, 15|
++++++++++++++++++++++
Trying improving 1, 14, 8, 10 with subs:
Root to change : 14 with colors |1, 2, 4, 5, 6, 7, 8, 11, 12, 15|
Root to change : 8 with colors |1, 2, 3, 5, 6, 7, 9, 10, 12, 13, 14, 15|
Root to change : 10 with colors |1, 2, 3, 4, 6, 7, 8, 11, 12, 13, 15|
++++++++++++++++++++++
Trying improving 2, 3, 8, 10 with subs:
Root to change : 2 with colors |3, 4, 7, 8, 9, 10, 12, 13, 15|
Root to change : 3 with colors |1, 2, 4, 5, 6, 7, 8, 11, 15|
Root to change : 8 with colors |1, 2, 3, 5, 6, 7, 9, 10, 12, 13, 14, 15|
Root to change : 10 with colors |1, 2, 3, 4, 6, 7, 8, 11, 12, 13, 15|
++++++++++++++++++++++
Trying improving 2, 9, 8, 10 with subs:
Root to change : 2 with colors |3, 4, 5, 6, 9, 10, 15|
Root to change : 9 with colors |1, 2, 4, 5, 6, 7, 8, 11, 15|
Root to change : 8 with colors |1, 2, 3, 5, 6, 7, 9, 10, 12, 13, 14, 15|
Root to change : 10 with colors |1, 2, 3, 4, 6, 7, 8, 11, 12, 13, 15|
++++++++++++++++++++++
Trying improving 2, 10, 8, 10 with subs:
Root to change : 2 with colors |3, 5, 6, 8, 9, 10, 12, 15|
Root to change : 10 with colors |1, 2, 4, 5, 6, 7, 8, 11, 15|
Root to change : 8 with colors |1, 2, 3, 5, 6, 7, 9, 10, 12, 13, 14, 15|
Root to change : 10 with colors |1, 2, 3, 4, 6, 7, 8, 11, 12, 13, 15|
++++++++++++++++++++++
Trying improving 2, 13, 8, 10 with subs:
Root to change : 13 with colors |1, 2, 4, 5, 6, 7, 8, 11, 15|
Root to change : 8 with colors |1, 2, 3, 5, 6, 7, 9, 10, 12, 13, 14, 15|
Root to change : 10 with colors |1, 2, 3, 4, 6, 7, 8, 11, 12, 13, 15|
++++++++++++++++++++++
Trying improving 2, 14, 8, 10 with subs:
Root to change : 14 with colors |1, 2, 4, 5, 6, 7, 8, 11, 15|
Root to change : 8 with colors |1, 2, 3, 5, 6, 7, 9, 10, 12, 13, 14, 15|
Root to change : 10 with colors |1, 2, 3, 4, 6, 7, 8, 11, 12, 13, 15|
++++++++++++++++++++++
Trying improving 3, 8, 5, 14 with subs:
Root to change : 3 with colors |1, 2, 4, 6, 7, 8, 11, 12, 15|
Root to change : 8 with colors |1, 2, 3, 4, 7, 9, 10, 12, 13, 14, 15|
Root to change : 5 with colors |1, 2, 3, 7, 9, 10, 12, 13, 14|
Root to change : 14 with colors |1, 2, 5, 6, 9, 10, 11, 12, 15|
++++++++++++++++++++++
Trying improving 3, 14, 8, 10 with subs:
Root to change : 14 with colors |3, 4, 7, 8, 9, 10, 12, 13, 15|
Root to change : 8 with colors |1, 2, 3, 5, 6, 7, 9, 10, 12, 13, 14, 15|
Root to change : 10 with colors |1, 2, 3, 4, 6, 7, 8, 11, 12, 13, 15|
++++++++++++++++++++++
Trying improving 5, 14, 3, 8 with subs:
Root to change : 5 with colors |1, 2, 3, 7, 9, 10, 12, 13, 14|
Root to change : 14 with colors |1, 2, 5, 6, 9, 10, 11, 12, 15|
Root to change : 3 with colors |1, 2, 4, 6, 7, 8, 11, 12, 15|
Root to change : 8 with colors |1, 2, 3, 4, 7, 9, 10, 12, 13, 14, 15|
++++++++++++++++++++++
Trying improving 5, 14, 8, 10 with subs:
Root to change : 14 with colors |1, 2, 5, 6, 9, 10, 11, 12, 15|
Root to change : 8 with colors |1, 2, 3, 5, 6, 7, 9, 10, 12, 13, 14, 15|
Root to change : 10 with colors |1, 2, 4, 6, 7, 8, 11, 12, 15|
++++++++++++++++++++++
Trying improving 7, 9, 8, 10 with subs:
Root to change : 7 with colors |3, 4, 5, 6, 9, 10, 15|
Root to change : 9 with colors |1, 2, 3, 4, 6, 7, 8, 11, 12, 13, 15|
Root to change : 8 with colors |1, 2, 3, 5, 6, 7, 9, 10, 12, 13, 14, 15|
Root to change : 10 with colors |1, 2, 3, 4, 6, 7, 8, 11, 12, 13, 15|
++++++++++++++++++++++
Trying improving 7, 10, 8, 10 with subs:
Root to change : 7 with colors |3, 5, 6, 8, 9, 10, 12, 15|
Root to change : 10 with colors |1, 2, 3, 4, 6, 7, 8, 11, 12, 13, 15|
Root to change : 8 with colors |1, 2, 3, 5, 6, 7, 9, 10, 12, 13, 14, 15|
Root to change : 10 with colors |1, 2, 3, 4, 6, 7, 8, 11, 12, 13, 15|
++++++++++++++++++++++
Trying improving 7, 14, 8, 10 with subs:
Root to change : 14 with colors |1, 2, 3, 4, 6, 7, 8, 11, 12, 13, 15|
Root to change : 8 with colors |1, 2, 3, 5, 6, 7, 9, 10, 12, 13, 14, 15|
Root to change : 10 with colors |1, 2, 3, 4, 6, 7, 8, 11, 12, 13, 15|
++++++++++++++++++++++
Trying improving 8, 10, 0, 10 with subs:
Root to change : 8 with colors |1, 2, 3, 5, 6, 7, 9, 10, 12, 13, 14, 15|
Root to change : 10 with colors |1, 2, 3, 4, 6, 7, 8, 11, 12, 13, 15|
Root to change : 0 with colors |3, 5, 6, 8, 9, 10, 12, 15|
Root to change : 10 with colors |2, 3, 4, 5, 6, 7, 8, 9, 11, 12, 15|
++++++++++++++++++++++
Trying improving 8, 10, 0, 13 with subs:
Root to change : 8 with colors |1, 2, 3, 5, 6, 7, 9, 10, 12, 13, 14, 15|
Root to change : 10 with colors |1, 2, 3, 4, 6, 7, 8, 11, 12, 13, 15|
Root to change : 13 with colors |2, 3, 4, 5, 6, 7, 8, 9, 11, 12, 15|
++++++++++++++++++++++
Trying improving 8, 10, 0, 14 with subs:
Root to change : 8 with colors |1, 2, 3, 5, 6, 7, 9, 10, 12, 13, 14, 15|
Root to change : 10 with colors |1, 2, 3, 4, 6, 7, 8, 11, 12, 13, 15|
Root to change : 14 with colors |2, 3, 4, 5, 6, 7, 8, 9, 11, 12, 15|
++++++++++++++++++++++
Trying improving 8, 10, 1, 3 with subs:
Root to change : 8 with colors |1, 2, 3, 5, 6, 7, 9, 10, 12, 13, 14, 15|
Root to change : 10 with colors |1, 2, 3, 4, 6, 7, 8, 11, 12, 13, 15|
Root to change : 1 with colors |3, 4, 7, 8, 9, 10, 12, 13, 15|
Root to change : 3 with colors |1, 2, 4, 5, 6, 7, 8, 11, 12, 15|
++++++++++++++++++++++
Trying improving 8, 10, 1, 9 with subs:
Root to change : 8 with colors |1, 2, 3, 5, 6, 7, 9, 10, 12, 13, 14, 15|
Root to change : 10 with colors |1, 2, 3, 4, 6, 7, 8, 11, 12, 13, 15|
Root to change : 1 with colors |3, 4, 5, 6, 9, 10, 15|
Root to change : 9 with colors |1, 2, 4, 5, 6, 7, 8, 11, 12, 15|
++++++++++++++++++++++
Trying improving 8, 10, 1, 10 with subs:
Root to change : 8 with colors |1, 2, 3, 5, 6, 7, 9, 10, 12, 13, 14, 15|
Root to change : 10 with colors |1, 2, 3, 4, 6, 7, 8, 11, 12, 13, 15|
Root to change : 1 with colors |3, 5, 6, 8, 9, 10, 12, 15|
Root to change : 10 with colors |1, 2, 4, 5, 6, 7, 8, 11, 12, 15|
++++++++++++++++++++++
Trying improving 8, 10, 1, 13 with subs:
Root to change : 8 with colors |1, 2, 3, 5, 6, 7, 9, 10, 12, 13, 14, 15|
Root to change : 10 with colors |1, 2, 3, 4, 6, 7, 8, 11, 12, 13, 15|
Root to change : 13 with colors |1, 2, 4, 5, 6, 7, 8, 11, 12, 15|
++++++++++++++++++++++
Trying improving 8, 10, 1, 14 with subs:
Root to change : 8 with colors |1, 2, 3, 5, 6, 7, 9, 10, 12, 13, 14, 15|
Root to change : 10 with colors |1, 2, 3, 4, 6, 7, 8, 11, 12, 13, 15|
Root to change : 14 with colors |1, 2, 4, 5, 6, 7, 8, 11, 12, 15|
++++++++++++++++++++++
Trying improving 8, 10, 2, 3 with subs:
Root to change : 8 with colors |1, 2, 3, 5, 6, 7, 9, 10, 12, 13, 14, 15|
Root to change : 10 with colors |1, 2, 3, 4, 6, 7, 8, 11, 12, 13, 15|
Root to change : 2 with colors |3, 4, 7, 8, 9, 10, 12, 13, 15|
Root to change : 3 with colors |1, 2, 4, 5, 6, 7, 8, 11, 15|
++++++++++++++++++++++
Trying improving 8, 10, 2, 9 with subs:
Root to change : 8 with colors |1, 2, 3, 5, 6, 7, 9, 10, 12, 13, 14, 15|
Root to change : 10 with colors |1, 2, 3, 4, 6, 7, 8, 11, 12, 13, 15|
Root to change : 2 with colors |3, 4, 5, 6, 9, 10, 15|
Root to change : 9 with colors |1, 2, 4, 5, 6, 7, 8, 11, 15|
++++++++++++++++++++++
Trying improving 8, 10, 2, 10 with subs:
Root to change : 8 with colors |1, 2, 3, 5, 6, 7, 9, 10, 12, 13, 14, 15|
Root to change : 10 with colors |1, 2, 3, 4, 6, 7, 8, 11, 12, 13, 15|
Root to change : 2 with colors |3, 5, 6, 8, 9, 10, 12, 15|
Root to change : 10 with colors |1, 2, 4, 5, 6, 7, 8, 11, 15|
++++++++++++++++++++++
Trying improving 8, 10, 2, 13 with subs:
Root to change : 8 with colors |1, 2, 3, 5, 6, 7, 9, 10, 12, 13, 14, 15|
Root to change : 10 with colors |1, 2, 3, 4, 6, 7, 8, 11, 12, 13, 15|
Root to change : 13 with colors |1, 2, 4, 5, 6, 7, 8, 11, 15|
++++++++++++++++++++++
Trying improving 8, 10, 2, 14 with subs:
Root to change : 8 with colors |1, 2, 3, 5, 6, 7, 9, 10, 12, 13, 14, 15|
Root to change : 10 with colors |1, 2, 3, 4, 6, 7, 8, 11, 12, 13, 15|
Root to change : 14 with colors |1, 2, 4, 5, 6, 7, 8, 11, 15|
++++++++++++++++++++++
Trying improving 8, 10, 3, 14 with subs:
Root to change : 8 with colors |1, 2, 3, 5, 6, 7, 9, 10, 12, 13, 14, 15|
Root to change : 10 with colors |1, 2, 3, 4, 6, 7, 8, 11, 12, 13, 15|
Root to change : 14 with colors |3, 4, 7, 8, 9, 10, 12, 13, 15|
++++++++++++++++++++++
Trying improving 8, 10, 5, 14 with subs:
Root to change : 8 with colors |1, 2, 3, 5, 6, 7, 9, 10, 12, 13, 14, 15|
Root to change : 10 with colors |1, 2, 4, 6, 7, 8, 11, 12, 15|
Root to change : 14 with colors |1, 2, 5, 6, 9, 10, 11, 12, 15|
++++++++++++++++++++++
Trying improving 8, 10, 7, 9 with subs:
Root to change : 8 with colors |1, 2, 3, 5, 6, 7, 9, 10, 12, 13, 14, 15|
Root to change : 10 with colors |1, 2, 3, 4, 6, 7, 8, 11, 12, 13, 15|
Root to change : 7 with colors |3, 4, 5, 6, 9, 10, 15|
Root to change : 9 with colors |1, 2, 3, 4, 6, 7, 8, 11, 12, 13, 15|
++++++++++++++++++++++
Trying improving 8, 10, 7, 10 with subs:
Root to change : 8 with colors |1, 2, 3, 5, 6, 7, 9, 10, 12, 13, 14, 15|
Root to change : 10 with colors |1, 2, 3, 4, 6, 7, 8, 11, 12, 13, 15|
Root to change : 7 with colors |3, 5, 6, 8, 9, 10, 12, 15|
Root to change : 10 with colors |1, 2, 3, 4, 6, 7, 8, 11, 12, 13, 15|
++++++++++++++++++++++
Trying improving 8, 10, 7, 14 with subs:
Root to change : 8 with colors |1, 2, 3, 5, 6, 7, 9, 10, 12, 13, 14, 15|
Root to change : 10 with colors |1, 2, 3, 4, 6, 7, 8, 11, 12, 13, 15|
Root to change : 14 with colors |1, 2, 3, 4, 6, 7, 8, 11, 12, 13, 15|
++++++++++++++++++++++
Trying improving 8, 10, 9, 12 with subs:
Root to change : 8 with colors |1, 2, 3, 5, 6, 7, 9, 10, 12, 13, 14, 15|
Root to change : 10 with colors |1, 2, 3, 4, 6, 7, 8, 11, 12, 13, 15|
Root to change : 9 with colors |1, 3, 4, 5, 6, 7, 8, 10, 11, 12, 15|
Root to change : 12 with colors |3, 4, 5, 6, 9, 10, 15|
++++++++++++++++++++++
Trying improving 8, 10, 9, 13 with subs:
Root to change : 8 with colors |1, 2, 3, 5, 6, 7, 9, 10, 12, 13, 14, 15|
Root to change : 10 with colors |1, 2, 3, 4, 6, 7, 8, 11, 12, 13, 15|
Root to change : 13 with colors |3, 4, 5, 6, 9, 10, 15|
++++++++++++++++++++++
Trying improving 8, 10, 9, 14 with subs:
Root to change : 8 with colors |1, 2, 3, 5, 6, 7, 9, 10, 12, 13, 14, 15|
Root to change : 10 with colors |1, 2, 3, 4, 6, 7, 8, 11, 12, 13, 15|
Root to change : 14 with colors |3, 4, 5, 6, 9, 10, 15|
++++++++++++++++++++++
Trying improving 8, 10, 10, 13 with subs:
Root to change : 8 with colors |1, 2, 3, 5, 6, 7, 9, 10, 12, 13, 14, 15|
Root to change : 10 with colors |1, 2, 3, 4, 6, 7, 8, 11, 12, 13, 15|
Root to change : 13 with colors |3, 5, 6, 8, 9, 10, 12, 15|
++++++++++++++++++++++
Trying improving 8, 10, 10, 14 with subs:
Root to change : 8 with colors |1, 2, 3, 5, 6, 7, 9, 10, 12, 13, 14, 15|
Root to change : 10 with colors |1, 2, 3, 4, 6, 7, 8, 11, 12, 13, 15|
Root to change : 14 with colors |3, 5, 6, 8, 9, 10, 12, 15|
++++++++++++++++++++++
Trying improving 8, 10, 12, 13 with subs:
Root to change : 8 with colors |1, 2, 3, 5, 6, 7, 9, 10, 12, 13, 14, 15|
Root to change : 10 with colors |1, 2, 3, 4, 6, 7, 8, 11, 12, 13, 15|
Root to change : 13 with colors |1, 3, 4, 5, 6, 7, 8, 10, 11, 12, 15|
++++++++++++++++++++++
Trying improving 8, 10, 12, 14 with subs:
Root to change : 8 with colors |1, 2, 3, 5, 6, 7, 9, 10, 12, 13, 14, 15|
Root to change : 10 with colors |1, 2, 3, 4, 6, 7, 8, 11, 12, 13, 15|
Root to change : 14 with colors |1, 3, 4, 5, 6, 7, 8, 10, 11, 12, 15|
++++++++++++++++++++++
Trying improving 8, 10, 13, 14 with subs:
Root to change : 8 with colors |1, 2, 3, 5, 6, 7, 9, 10, 12, 13, 14, 15|
Root to change : 10 with colors |1, 2, 3, 4, 6, 7, 8, 11, 12, 13, 15|
++++++++++++++++++++++
Trying improving 8, 10, 14, 14 with subs:
Root to change : 8 with colors |1, 2, 3, 5, 6, 7, 9, 10, 12, 13, 14, 15|
Root to change : 10 with colors |1, 2, 3, 4, 6, 7, 8, 11, 12, 13, 15|
++++++++++++++++++++++
Trying improving 9, 12, 8, 10 with subs:
Root to change : 9 with colors |1, 3, 4, 5, 6, 7, 8, 10, 11, 12, 15|
Root to change : 12 with colors |3, 4, 5, 6, 9, 10, 15|
Root to change : 8 with colors |1, 2, 3, 5, 6, 7, 9, 10, 12, 13, 14, 15|
Root to change : 10 with colors |1, 2, 3, 4, 6, 7, 8, 11, 12, 13, 15|
++++++++++++++++++++++
Trying improving 9, 13, 8, 10 with subs:
Root to change : 13 with colors |3, 4, 5, 6, 9, 10, 15|
Root to change : 8 with colors |1, 2, 3, 5, 6, 7, 9, 10, 12, 13, 14, 15|
Root to change : 10 with colors |1, 2, 3, 4, 6, 7, 8, 11, 12, 13, 15|
++++++++++++++++++++++
Trying improving 9, 14, 8, 10 with subs:
Root to change : 14 with colors |3, 4, 5, 6, 9, 10, 15|
Root to change : 8 with colors |1, 2, 3, 5, 6, 7, 9, 10, 12, 13, 14, 15|
Root to change : 10 with colors |1, 2, 3, 4, 6, 7, 8, 11, 12, 13, 15|
++++++++++++++++++++++
Trying improving 10, 13, 8, 10 with subs:
Root to change : 13 with colors |3, 5, 6, 8, 9, 10, 12, 15|
Root to change : 8 with colors |1, 2, 3, 5, 6, 7, 9, 10, 12, 13, 14, 15|
Root to change : 10 with colors |1, 2, 3, 4, 6, 7, 8, 11, 12, 13, 15|
++++++++++++++++++++++
Trying improving 10, 14, 8, 10 with subs:
Root to change : 14 with colors |3, 5, 6, 8, 9, 10, 12, 15|
Root to change : 8 with colors |1, 2, 3, 5, 6, 7, 9, 10, 12, 13, 14, 15|
Root to change : 10 with colors |1, 2, 3, 4, 6, 7, 8, 11, 12, 13, 15|
++++++++++++++++++++++
Trying improving 12, 13, 8, 10 with subs:
Root to change : 13 with colors |1, 3, 4, 5, 6, 7, 8, 10, 11, 12, 15|
Root to change : 8 with colors |1, 2, 3, 5, 6, 7, 9, 10, 12, 13, 14, 15|
Root to change : 10 with colors |1, 2, 3, 4, 6, 7, 8, 11, 12, 13, 15|
++++++++++++++++++++++
Trying improving 12, 14, 8, 10 with subs:
Root to change : 14 with colors |1, 3, 4, 5, 6, 7, 8, 10, 11, 12, 15|
Root to change : 8 with colors |1, 2, 3, 5, 6, 7, 9, 10, 12, 13, 14, 15|
Root to change : 10 with colors |1, 2, 3, 4, 6, 7, 8, 11, 12, 13, 15|
++++++++++++++++++++++
Trying improving 13, 14, 8, 10 with subs:
Root to change : 8 with colors |1, 2, 3, 5, 6, 7, 9, 10, 12, 13, 14, 15|
Root to change : 10 with colors |1, 2, 3, 4, 6, 7, 8, 11, 12, 13, 15|
++++++++++++++++++++++
Trying improving 14, 14, 8, 10 with subs:
Root to change : 8 with colors |1, 2, 3, 5, 6, 7, 9, 10, 12, 13, 14, 15|
Root to change : 10 with colors |1, 2, 3, 4, 6, 7, 8, 11, 12, 13, 15|
++++++++++++++++++++++
Solved with SubSubProblem
