Trying substitutions to: 7
with goodVertices 1, 2, 4, 5, 6, 9, 11, 13, 14
bad color to improve: 5  6  with index 71
bad color to improve: 5  9  with index 74
bad color to improve: 6  9  with index 84
bad color to improve: 6  10  with index 85
4 bad colorings on level 1
bad coloring on level 2  |1, 8, 0, 3|
bad coloring on level 2  |1, 11, 0, 3|
bad coloring on level 2  |8, 12, 0, 3|
bad coloring on level 2  |11, 12, 0, 3|
bad coloring on level 2  |3, 12, 0, 4|
bad coloring on level 2  |12, 14, 0, 4|
bad coloring on level 2  |3, 12, 0, 11|
bad coloring on level 2  |3, 14, 0, 11|
bad coloring on level 2  |3, 4, 0, 12|
bad coloring on level 2  |3, 8, 0, 12|
bad coloring on level 2  |4, 13, 0, 12|
bad coloring on level 2  |8, 13, 0, 12|
bad coloring on level 2  |1, 8, 0, 14|
bad coloring on level 2  |3, 8, 0, 14|
bad coloring on level 2  |4, 8, 0, 14|
bad coloring on level 2  |7, 8, 0, 14|
bad coloring on level 2  |8, 8, 0, 14|
bad coloring on level 2  |8, 11, 0, 14|
bad coloring on level 2  |8, 12, 0, 14|
bad coloring on level 2  |8, 13, 0, 14|
bad coloring on level 2  |0, 3, 1, 8|
bad coloring on level 2  |0, 14, 1, 8|
bad coloring on level 2  |3, 3, 1, 8|
bad coloring on level 2  |3, 4, 1, 8|
bad coloring on level 2  |3, 7, 1, 8|
bad coloring on level 2  |3, 8, 1, 8|
bad coloring on level 2  |3, 12, 1, 8|
bad coloring on level 2  |3, 13, 1, 8|
bad coloring on level 2  |3, 14, 1, 8|
bad coloring on level 2  |4, 13, 1, 8|
bad coloring on level 2  |8, 13, 1, 8|
bad coloring on level 2  |0, 3, 1, 11|
bad coloring on level 2  |3, 3, 1, 11|
bad coloring on level 2  |3, 4, 1, 11|
bad coloring on level 2  |3, 7, 1, 11|
bad coloring on level 2  |3, 8, 1, 11|
bad coloring on level 2  |3, 12, 1, 11|
bad coloring on level 2  |3, 13, 1, 11|
bad coloring on level 2  |3, 14, 1, 11|
bad coloring on level 2  |8, 13, 1, 11|
bad coloring on level 2  |3, 4, 1, 12|
bad coloring on level 2  |3, 8, 1, 12|
bad coloring on level 2  |4, 13, 1, 12|
bad coloring on level 2  |8, 13, 1, 12|
bad coloring on level 2  |3, 12, 2, 4|
bad coloring on level 2  |12, 14, 2, 4|
bad coloring on level 2  |3, 12, 2, 11|
bad coloring on level 2  |3, 14, 2, 11|
bad coloring on level 2  |1, 8, 3, 3|
bad coloring on level 2  |1, 11, 3, 3|
bad coloring on level 2  |8, 12, 3, 3|
bad coloring on level 2  |11, 12, 3, 3|
bad coloring on level 2  |0, 12, 3, 4|
bad coloring on level 2  |1, 8, 3, 4|
bad coloring on level 2  |1, 11, 3, 4|
bad coloring on level 2  |1, 12, 3, 4|
bad coloring on level 2  |3, 12, 3, 4|
bad coloring on level 2  |7, 12, 3, 4|
bad coloring on level 2  |8, 12, 3, 4|
bad coloring on level 2  |11, 12, 3, 4|
bad coloring on level 2  |12, 12, 3, 4|
bad coloring on level 2  |12, 14, 3, 4|
bad coloring on level 2  |1, 8, 3, 7|
bad coloring on level 2  |1, 11, 3, 7|
bad coloring on level 2  |8, 12, 3, 7|
bad coloring on level 2  |11, 12, 3, 7|
bad coloring on level 2  |0, 12, 3, 8|
bad coloring on level 2  |0, 14, 3, 8|
bad coloring on level 2  |1, 8, 3, 8|
bad coloring on level 2  |1, 11, 3, 8|
bad coloring on level 2  |1, 12, 3, 8|
bad coloring on level 2  |3, 12, 3, 8|
bad coloring on level 2  |7, 12, 3, 8|
bad coloring on level 2  |8, 12, 3, 8|
bad coloring on level 2  |11, 12, 3, 8|
bad coloring on level 2  |12, 12, 3, 8|
bad coloring on level 2  |12, 14, 3, 8|
bad coloring on level 2  |0, 4, 3, 12|
bad coloring on level 2  |0, 11, 3, 12|
bad coloring on level 2  |1, 8, 3, 12|
bad coloring on level 2  |1, 11, 3, 12|
bad coloring on level 2  |2, 4, 3, 12|
bad coloring on level 2  |2, 11, 3, 12|
bad coloring on level 2  |3, 4, 3, 12|
bad coloring on level 2  |3, 8, 3, 12|
bad coloring on level 2  |4, 4, 3, 12|
bad coloring on level 2  |4, 7, 3, 12|
bad coloring on level 2  |4, 8, 3, 12|
bad coloring on level 2  |4, 11, 3, 12|
bad coloring on level 2  |4, 13, 3, 12|
bad coloring on level 2  |7, 8, 3, 12|
bad coloring on level 2  |7, 11, 3, 12|
bad coloring on level 2  |8, 8, 3, 12|
bad coloring on level 2  |8, 11, 3, 12|
bad coloring on level 2  |8, 12, 3, 12|
bad coloring on level 2  |8, 13, 3, 12|
bad coloring on level 2  |11, 11, 3, 12|
bad coloring on level 2  |11, 12, 3, 12|
bad coloring on level 2  |1, 8, 3, 13|
bad coloring on level 2  |1, 11, 3, 13|
bad coloring on level 2  |8, 12, 3, 13|
bad coloring on level 2  |11, 12, 3, 13|
bad coloring on level 2  |0, 11, 3, 14|
bad coloring on level 2  |1, 8, 3, 14|
bad coloring on level 2  |1, 11, 3, 14|
bad coloring on level 2  |2, 11, 3, 14|
bad coloring on level 2  |4, 11, 3, 14|
bad coloring on level 2  |7, 11, 3, 14|
bad coloring on level 2  |8, 11, 3, 14|
bad coloring on level 2  |8, 12, 3, 14|
bad coloring on level 2  |11, 11, 3, 14|
bad coloring on level 2  |11, 12, 3, 14|
bad coloring on level 2  |3, 12, 4, 4|
bad coloring on level 2  |12, 14, 4, 4|
bad coloring on level 2  |3, 12, 4, 7|
bad coloring on level 2  |12, 14, 4, 7|
bad coloring on level 2  |0, 14, 4, 8|
bad coloring on level 2  |3, 12, 4, 8|
bad coloring on level 2  |12, 14, 4, 8|
bad coloring on level 2  |3, 12, 4, 11|
bad coloring on level 2  |3, 14, 4, 11|
bad coloring on level 2  |12, 14, 4, 11|
bad coloring on level 2  |0, 12, 4, 13|
bad coloring on level 2  |1, 8, 4, 13|
bad coloring on level 2  |1, 12, 4, 13|
bad coloring on level 2  |3, 12, 4, 13|
bad coloring on level 2  |7, 12, 4, 13|
bad coloring on level 2  |8, 12, 4, 13|
bad coloring on level 2  |11, 12, 4, 13|
bad coloring on level 2  |12, 12, 4, 13|
bad coloring on level 2  |12, 14, 4, 13|
bad coloring on level 2  |0, 14, 7, 8|
bad coloring on level 2  |3, 12, 7, 8|
bad coloring on level 2  |3, 12, 7, 11|
bad coloring on level 2  |3, 14, 7, 11|
bad coloring on level 2  |3, 4, 7, 12|
bad coloring on level 2  |3, 8, 7, 12|
bad coloring on level 2  |4, 13, 7, 12|
bad coloring on level 2  |8, 13, 7, 12|
bad coloring on level 2  |0, 14, 8, 8|
bad coloring on level 2  |3, 12, 8, 8|
bad coloring on level 2  |0, 14, 8, 11|
bad coloring on level 2  |3, 12, 8, 11|
bad coloring on level 2  |3, 14, 8, 11|
bad coloring on level 2  |0, 3, 8, 12|
bad coloring on level 2  |0, 14, 8, 12|
bad coloring on level 2  |3, 3, 8, 12|
bad coloring on level 2  |3, 4, 8, 12|
bad coloring on level 2  |3, 7, 8, 12|
bad coloring on level 2  |3, 8, 8, 12|
bad coloring on level 2  |3, 12, 8, 12|
bad coloring on level 2  |3, 13, 8, 12|
bad coloring on level 2  |3, 14, 8, 12|
bad coloring on level 2  |4, 13, 8, 12|
bad coloring on level 2  |8, 13, 8, 12|
bad coloring on level 2  |0, 12, 8, 13|
bad coloring on level 2  |0, 14, 8, 13|
bad coloring on level 2  |1, 8, 8, 13|
bad coloring on level 2  |1, 11, 8, 13|
bad coloring on level 2  |1, 12, 8, 13|
bad coloring on level 2  |3, 12, 8, 13|
bad coloring on level 2  |7, 12, 8, 13|
bad coloring on level 2  |8, 12, 8, 13|
bad coloring on level 2  |11, 12, 8, 13|
bad coloring on level 2  |12, 12, 8, 13|
bad coloring on level 2  |12, 14, 8, 13|
bad coloring on level 2  |3, 12, 11, 11|
bad coloring on level 2  |3, 14, 11, 11|
bad coloring on level 2  |0, 3, 11, 12|
bad coloring on level 2  |3, 3, 11, 12|
bad coloring on level 2  |3, 4, 11, 12|
bad coloring on level 2  |3, 7, 11, 12|
bad coloring on level 2  |3, 8, 11, 12|
bad coloring on level 2  |3, 12, 11, 12|
bad coloring on level 2  |3, 13, 11, 12|
bad coloring on level 2  |3, 14, 11, 12|
bad coloring on level 2  |4, 13, 11, 12|
bad coloring on level 2  |8, 13, 11, 12|
bad coloring on level 2  |3, 4, 12, 12|
bad coloring on level 2  |3, 8, 12, 12|
bad coloring on level 2  |4, 13, 12, 12|
bad coloring on level 2  |8, 13, 12, 12|
bad coloring on level 2  |0, 4, 12, 14|
bad coloring on level 2  |2, 4, 12, 14|
bad coloring on level 2  |3, 4, 12, 14|
bad coloring on level 2  |3, 8, 12, 14|
bad coloring on level 2  |4, 4, 12, 14|
bad coloring on level 2  |4, 7, 12, 14|
bad coloring on level 2  |4, 8, 12, 14|
bad coloring on level 2  |4, 11, 12, 14|
bad coloring on level 2  |4, 13, 12, 14|
bad coloring on level 2  |8, 13, 12, 14|

192 bad colorings on level 2
Sub sub problem :
Trying improving 0, 3, 1, 8 with subs:
Root to change : 3 with colors |2, 4, 5, 7, 11, 12, 15|
Root to change : 1 with colors |3, 4, 6, 7, 8, 11, 13, 15|
Root to change : 8 with colors |1, 2, 5, 7, 10, 12, 13, 14|
++++++++++++++++++++++
Trying improving 0, 3, 1, 11 with subs:
Root to change : 3 with colors |2, 4, 5, 7, 9, 11, 12, 14, 15|
Root to change : 1 with colors |2, 4, 6, 7, 8, 11, 15|
Root to change : 11 with colors |1, 2, 5, 7, 10, 12, 13, 14|
++++++++++++++++++++++
Trying improving 0, 3, 8, 12 with subs:
Root to change : 3 with colors |2, 4, 5, 7, 11, 12, 15|
Root to change : 8 with colors |1, 3, 5, 7, 10, 12, 14|
Root to change : 12 with colors |3, 4, 6, 7, 8, 11, 13, 15|
++++++++++++++++++++++
Trying improving 0, 3, 11, 12 with subs:
Root to change : 3 with colors |2, 4, 5, 7, 9, 11, 12, 14, 15|
Root to change : 11 with colors |1, 3, 5, 7, 10, 12, 14|
Root to change : 12 with colors |2, 4, 6, 7, 8, 11, 15|
++++++++++++++++++++++
Trying improving 0, 4, 3, 12 with subs:
Root to change : 4 with colors |2, 3, 5, 7, 9, 12, 14|
Root to change : 3 with colors |1, 5, 7, 8, 11, 12, 15|
Root to change : 12 with colors |3, 4, 7, 8, 9, 10, 13, 14, 15|
++++++++++++++++++++++
Trying improving 0, 4, 12, 14 with subs:
Root to change : 4 with colors |2, 3, 5, 7, 9, 11, 12, 14, 15|
Root to change : 12 with colors |1, 2, 3, 5, 7, 9, 10, 13, 14|
Root to change : 14 with colors |1, 5, 7, 8, 11, 12, 15|
++++++++++++++++++++++
Trying improving 0, 11, 3, 12 with subs:
Root to change : 11 with colors |2, 3, 5, 7, 9, 12, 14|
Root to change : 3 with colors |1, 5, 7, 8, 10, 11, 12, 14, 15|
Root to change : 12 with colors |3, 4, 7, 8, 9, 13, 15|
++++++++++++++++++++++
Trying improving 0, 11, 3, 14 with subs:
Root to change : 11 with colors |2, 3, 4, 5, 7, 9, 12, 14, 15|
Root to change : 3 with colors |1, 2, 5, 7, 9, 10, 12, 13, 14|
Root to change : 14 with colors |3, 4, 7, 8, 9, 13, 15|
++++++++++++++++++++++
Trying improving 0, 12, 3, 4 with subs:
Root to change : 12 with colors |2, 3, 4, 5, 7, 9, 11, 14, 15|
Root to change : 3 with colors |2, 4, 6, 7, 8, 11, 15|
Root to change : 4 with colors |3, 7, 9, 10, 12, 13, 14|
++++++++++++++++++++++
Trying improving 0, 12, 3, 8 with subs:
Root to change : 12 with colors |2, 3, 4, 7, 9, 11, 15|
Root to change : 3 with colors |1, 4, 6, 7, 8, 11, 12, 15|
Root to change : 8 with colors |3, 7, 9, 10, 12, 13, 14|
++++++++++++++++++++++
Trying improving 0, 12, 4, 13 with subs:
Root to change : 12 with colors |2, 3, 4, 5, 7, 9, 11, 14, 15|
Root to change : 4 with colors |1, 2, 3, 7, 9, 10, 13, 14|
Root to change : 13 with colors |2, 4, 6, 7, 8, 11, 15|
++++++++++++++++++++++
Trying improving 0, 12, 8, 13 with subs:
Root to change : 12 with colors |2, 3, 4, 7, 9, 11, 15|
Root to change : 8 with colors |1, 2, 3, 7, 9, 10, 13, 14|
Root to change : 13 with colors |1, 4, 6, 7, 8, 11, 12, 15|
++++++++++++++++++++++
Trying improving 0, 14, 1, 8 with subs:
Root to change : 0 with colors |1, 2, 5, 7, 9, 10, 12, 13, 14|
Root to change : 14 with colors |2, 4, 5, 7, 11, 12, 15|
Root to change : 8 with colors |1, 2, 5, 6, 7, 10, 11, 12, 13, 14|
++++++++++++++++++++++
Trying improving 0, 14, 3, 8 with subs:
Root to change : 0 with colors |1, 2, 3, 7, 9, 10, 13, 14|
Root to change : 14 with colors |2, 3, 4, 7, 9, 11, 15|
Root to change : 8 with colors |3, 4, 7, 9, 10, 12, 13, 14, 15|
++++++++++++++++++++++
Trying improving 0, 14, 4, 8 with subs:
Root to change : 0 with colors |1, 2, 3, 7, 9, 10, 13, 14|
Root to change : 14 with colors |2, 3, 4, 5, 7, 9, 11, 12, 15|
Root to change : 8 with colors |2, 3, 4, 6, 7, 9, 11, 13, 15|
++++++++++++++++++++++
Trying improving 0, 14, 7, 8 with subs:
Root to change : 0 with colors |1, 2, 3, 5, 7, 9, 10, 12, 13, 14|
Root to change : 14 with colors |2, 3, 4, 5, 7, 9, 11, 12, 15|
Root to change : 8 with colors |1, 2, 3, 4, 7, 11, 12, 13, 14|
++++++++++++++++++++++
Trying improving 0, 14, 8, 8 with subs:
Root to change : 0 with colors |1, 2, 3, 5, 7, 9, 10, 12, 13, 14|
Root to change : 14 with colors |2, 3, 4, 5, 7, 9, 11, 12, 15|
++++++++++++++++++++++
Trying improving 0, 14, 8, 11 with subs:
Root to change : 0 with colors |1, 2, 5, 7, 10, 12, 13, 14|
Root to change : 14 with colors |2, 3, 4, 5, 7, 9, 11, 12, 15|
Root to change : 8 with colors |1, 2, 4, 5, 6, 7, 11, 12, 15|
++++++++++++++++++++++
Trying improving 0, 14, 8, 12 with subs:
Root to change : 0 with colors |1, 2, 5, 7, 10, 12, 13, 14|
Root to change : 14 with colors |2, 4, 5, 7, 11, 12, 15|
Root to change : 8 with colors |1, 3, 5, 7, 10, 11, 12, 14, 15|
++++++++++++++++++++++
Trying improving 0, 14, 8, 13 with subs:
Root to change : 0 with colors |1, 2, 3, 5, 7, 9, 10, 13, 14|
Root to change : 14 with colors |2, 3, 4, 7, 9, 11, 15|
Root to change : 8 with colors |1, 2, 3, 4, 6, 7, 9, 10, 13, 14|
++++++++++++++++++++++
Trying improving 1, 8, 0, 3 with subs:
Root to change : 1 with colors |3, 4, 6, 7, 8, 11, 13, 15|
Root to change : 8 with colors |1, 2, 5, 7, 10, 12, 13, 14|
Root to change : 3 with colors |2, 4, 5, 7, 11, 12, 15|
++++++++++++++++++++++
Trying improving 1, 8, 0, 14 with subs:
Root to change : 8 with colors |1, 2, 5, 6, 7, 10, 11, 12, 13, 14|
Root to change : 0 with colors |1, 2, 5, 7, 9, 10, 12, 13, 14|
Root to change : 14 with colors |2, 4, 5, 7, 11, 12, 15|
++++++++++++++++++++++
Trying improving 1, 8, 3, 3 with subs:
Root to change : 1 with colors |3, 4, 6, 7, 8, 11, 13, 15|
Root to change : 8 with colors |1, 2, 5, 7, 10, 12, 13, 14|
++++++++++++++++++++++
Trying improving 1, 8, 3, 4 with subs:
Root to change : 1 with colors |3, 4, 6, 7, 8, 11, 13, 15|
Root to change : 3 with colors |2, 4, 6, 7, 8, 11, 15|
++++++++++++++++++++++
Trying improving 1, 8, 3, 7 with subs:
Root to change : 1 with colors |3, 4, 6, 7, 8, 11, 13, 15|
Root to change : 8 with colors |1, 2, 5, 7, 10, 12, 13, 14|
Root to change : 3 with colors |1, 2, 4, 7, 8, 11, 12, 13, 14|
++++++++++++++++++++++
Trying improving 1, 8, 3, 8 with subs:
Root to change : 1 with colors |3, 4, 6, 7, 8, 11, 13, 15|
Root to change : 3 with colors |1, 4, 6, 7, 8, 11, 12, 15|
++++++++++++++++++++++
Trying improving 1, 8, 3, 12 with subs:
Root to change : 8 with colors |1, 2, 5, 7, 10, 12, 13, 14|
Root to change : 3 with colors |1, 5, 7, 8, 10, 11, 12, 14, 15|
++++++++++++++++++++++
Trying improving 1, 8, 3, 13 with subs:
Root to change : 1 with colors |3, 4, 6, 7, 8, 11, 13, 15|
Root to change : 8 with colors |1, 2, 5, 7, 10, 12, 13, 14|
++++++++++++++++++++++
Trying improving 1, 8, 3, 14 with subs:
Root to change : 8 with colors |1, 2, 5, 7, 10, 12, 13, 14|
Root to change : 3 with colors |1, 2, 5, 7, 10, 12, 13, 14|
++++++++++++++++++++++
Trying improving 1, 8, 4, 13 with subs:
Root to change : 1 with colors |3, 4, 6, 7, 8, 11, 13, 15|
Root to change : 8 with colors |1, 2, 5, 6, 7, 11, 13, 14|
Root to change : 13 with colors |2, 4, 6, 7, 8, 11, 15|
++++++++++++++++++++++
Trying improving 1, 8, 8, 13 with subs:
Root to change : 1 with colors |3, 4, 6, 7, 8, 11, 13, 15|
Root to change : 13 with colors |1, 4, 6, 7, 8, 11, 12, 15|
++++++++++++++++++++++
Trying improving 1, 11, 0, 3 with subs:
Root to change : 1 with colors |2, 4, 6, 7, 8, 11, 15|
Root to change : 11 with colors |1, 2, 5, 7, 10, 12, 13, 14|
Root to change : 3 with colors |2, 4, 5, 7, 9, 11, 12, 14, 15|
++++++++++++++++++++++
Trying improving 1, 11, 3, 3 with subs:
Root to change : 1 with colors |2, 4, 6, 7, 8, 11, 15|
Root to change : 11 with colors |1, 2, 5, 7, 10, 12, 13, 14|
++++++++++++++++++++++
Trying improving 1, 11, 3, 4 with subs:
Root to change : 1 with colors |2, 4, 6, 7, 8, 11, 15|
Root to change : 3 with colors |2, 4, 6, 7, 8, 9, 11, 13, 15|
++++++++++++++++++++++
Trying improving 1, 11, 3, 7 with subs:
Root to change : 1 with colors |2, 4, 6, 7, 8, 11, 15|
Root to change : 11 with colors |1, 2, 5, 7, 10, 12, 13, 14|
Root to change : 3 with colors |1, 2, 4, 7, 8, 11, 12, 13, 14|
++++++++++++++++++++++
Trying improving 1, 11, 3, 8 with subs:
Root to change : 1 with colors |2, 4, 6, 7, 8, 11, 15|
Root to change : 3 with colors |1, 4, 6, 7, 8, 11, 12, 15|
++++++++++++++++++++++
Trying improving 1, 11, 3, 12 with subs:
Root to change : 11 with colors |1, 2, 5, 7, 10, 12, 13, 14|
Root to change : 3 with colors |1, 5, 7, 8, 10, 11, 12, 14, 15|
++++++++++++++++++++++
Trying improving 1, 11, 3, 13 with subs:
Root to change : 1 with colors |2, 4, 6, 7, 8, 11, 15|
Root to change : 11 with colors |1, 2, 5, 7, 10, 12, 13, 14|
Root to change : 3 with colors |1, 2, 4, 6, 7, 9, 13, 14|
++++++++++++++++++++++
Trying improving 1, 11, 3, 14 with subs:
Root to change : 11 with colors |1, 2, 5, 7, 10, 12, 13, 14|
Root to change : 3 with colors |1, 2, 5, 7, 9, 10, 12, 13, 14|
++++++++++++++++++++++
Trying improving 1, 11, 8, 13 with subs:
Root to change : 1 with colors |2, 4, 6, 7, 8, 11, 15|
Root to change : 8 with colors |1, 2, 4, 6, 7, 9, 13, 14|
Root to change : 13 with colors |1, 4, 6, 7, 8, 11, 12, 15|
++++++++++++++++++++++
Trying improving 1, 12, 3, 4 with subs:
Root to change : 3 with colors |2, 4, 6, 7, 8, 11, 15|
Root to change : 4 with colors |3, 7, 9, 10, 12, 13, 14|
++++++++++++++++++++++
Trying improving 1, 12, 3, 8 with subs:
Root to change : 3 with colors |1, 4, 6, 7, 8, 11, 12, 15|
Root to change : 8 with colors |3, 7, 9, 10, 12, 13, 14|
++++++++++++++++++++++
Trying improving 1, 12, 4, 13 with subs:
Root to change : 12 with colors |1, 2, 5, 6, 7, 11, 13, 14|
Root to change : 4 with colors |1, 2, 3, 7, 9, 10, 13, 14|
Root to change : 13 with colors |2, 4, 6, 7, 8, 11, 15|
++++++++++++++++++++++
Trying improving 1, 12, 8, 13 with subs:
Root to change : 8 with colors |1, 2, 3, 7, 9, 10, 13, 14|
Root to change : 13 with colors |1, 4, 6, 7, 8, 11, 12, 15|
++++++++++++++++++++++
Trying improving 2, 4, 3, 12 with subs:
Root to change : 4 with colors |1, 2, 5, 7, 9, 13, 14|
Root to change : 3 with colors |1, 5, 7, 8, 11, 12, 15|
Root to change : 12 with colors |3, 4, 7, 8, 9, 10, 13, 14, 15|
++++++++++++++++++++++
Trying improving 2, 4, 12, 14 with subs:
Root to change : 4 with colors |1, 2, 5, 6, 7, 9, 11, 13, 14|
Root to change : 12 with colors |1, 2, 3, 5, 7, 9, 10, 13, 14|
Root to change : 14 with colors |1, 5, 7, 8, 11, 12, 15|
++++++++++++++++++++++
Trying improving 2, 11, 3, 12 with subs:
Root to change : 11 with colors |1, 2, 5, 7, 9, 13, 14|
Root to change : 3 with colors |1, 5, 7, 8, 10, 11, 12, 14, 15|
Root to change : 12 with colors |3, 4, 7, 8, 9, 13, 15|
++++++++++++++++++++++
Trying improving 2, 11, 3, 14 with subs:
Root to change : 11 with colors |1, 2, 4, 5, 6, 7, 9, 13, 14|
Root to change : 3 with colors |1, 2, 5, 7, 9, 10, 12, 13, 14|
Root to change : 14 with colors |3, 4, 7, 8, 9, 13, 15|
++++++++++++++++++++++
Trying improving 3, 3, 1, 8 with subs:
Root to change : 1 with colors |3, 4, 6, 7, 8, 11, 13, 15|
Root to change : 8 with colors |1, 2, 5, 7, 10, 12, 13, 14|
++++++++++++++++++++++
Trying improving 3, 3, 1, 11 with subs:
Root to change : 1 with colors |2, 4, 6, 7, 8, 11, 15|
Root to change : 11 with colors |1, 2, 5, 7, 10, 12, 13, 14|
++++++++++++++++++++++
Trying improving 3, 3, 8, 12 with subs:
Root to change : 8 with colors |1, 3, 5, 7, 10, 12, 14|
Root to change : 12 with colors |3, 4, 6, 7, 8, 11, 13, 15|
++++++++++++++++++++++
Trying improving 3, 3, 11, 12 with subs:
Root to change : 11 with colors |1, 3, 5, 7, 10, 12, 14|
Root to change : 12 with colors |2, 4, 6, 7, 8, 11, 15|
++++++++++++++++++++++
Trying improving 3, 4, 0, 12 with subs:
Root to change : 3 with colors |2, 4, 6, 7, 8, 11, 15|
Root to change : 4 with colors |3, 7, 9, 10, 12, 13, 14|
Root to change : 12 with colors |2, 3, 4, 5, 7, 9, 11, 14, 15|
++++++++++++++++++++++
Trying improving 3, 4, 1, 8 with subs:
Root to change : 3 with colors |2, 4, 6, 7, 8, 11, 15|
Root to change : 1 with colors |3, 4, 6, 7, 8, 11, 13, 15|
++++++++++++++++++++++
Trying improving 3, 4, 1, 11 with subs:
Root to change : 3 with colors |2, 4, 6, 7, 8, 9, 11, 13, 15|
Root to change : 1 with colors |2, 4, 6, 7, 8, 11, 15|
++++++++++++++++++++++
Trying improving 3, 4, 1, 12 with subs:
Root to change : 3 with colors |2, 4, 6, 7, 8, 11, 15|
Root to change : 4 with colors |3, 7, 9, 10, 12, 13, 14|
++++++++++++++++++++++
Trying improving 3, 4, 3, 12 with subs:
Root to change : 4 with colors |3, 7, 9, 10, 12, 13, 14|
Root to change : 12 with colors |3, 4, 7, 8, 9, 10, 13, 14, 15|
++++++++++++++++++++++
Trying improving 3, 4, 7, 12 with subs:
Root to change : 3 with colors |2, 4, 6, 7, 8, 11, 15|
Root to change : 4 with colors |3, 7, 9, 10, 12, 13, 14|
Root to change : 12 with colors |1, 2, 3, 4, 7, 8, 11, 13, 14|
++++++++++++++++++++++
Trying improving 3, 4, 8, 12 with subs:
Root to change : 3 with colors |2, 4, 6, 7, 8, 11, 15|
Root to change : 12 with colors |3, 4, 6, 7, 8, 11, 13, 15|
++++++++++++++++++++++
Trying improving 3, 4, 11, 12 with subs:
Root to change : 3 with colors |2, 4, 6, 7, 8, 11, 15|
Root to change : 12 with colors |2, 4, 6, 7, 8, 11, 15|
++++++++++++++++++++++
Trying improving 3, 4, 12, 12 with subs:
Root to change : 3 with colors |2, 4, 6, 7, 8, 11, 15|
Root to change : 4 with colors |3, 7, 9, 10, 12, 13, 14|
++++++++++++++++++++++
Trying improving 3, 4, 12, 14 with subs:
Root to change : 4 with colors |3, 7, 9, 10, 12, 13, 14|
Root to change : 12 with colors |1, 2, 3, 5, 7, 9, 10, 13, 14|
++++++++++++++++++++++
Trying improving 3, 7, 1, 8 with subs:
Root to change : 3 with colors |1, 2, 4, 7, 8, 11, 12, 13, 14|
Root to change : 1 with colors |3, 4, 6, 7, 8, 11, 13, 15|
Root to change : 8 with colors |1, 2, 5, 7, 10, 12, 13, 14|
++++++++++++++++++++++
Trying improving 3, 7, 1, 11 with subs:
Root to change : 3 with colors |1, 2, 4, 7, 8, 11, 12, 13, 14|
Root to change : 1 with colors |2, 4, 6, 7, 8, 11, 15|
Root to change : 11 with colors |1, 2, 5, 7, 10, 12, 13, 14|
++++++++++++++++++++++
Trying improving 3, 7, 8, 12 with subs:
Root to change : 3 with colors |1, 2, 4, 7, 8, 11, 12, 13, 14|
Root to change : 8 with colors |1, 3, 5, 7, 10, 12, 14|
Root to change : 12 with colors |3, 4, 6, 7, 8, 11, 13, 15|
++++++++++++++++++++++
Trying improving 3, 7, 11, 12 with subs:
Root to change : 3 with colors |1, 2, 4, 7, 8, 11, 12, 13, 14|
Root to change : 11 with colors |1, 3, 5, 7, 10, 12, 14|
Root to change : 12 with colors |2, 4, 6, 7, 8, 11, 15|
++++++++++++++++++++++
Trying improving 3, 8, 0, 12 with subs:
Root to change : 3 with colors |1, 4, 6, 7, 8, 11, 12, 15|
Root to change : 8 with colors |3, 7, 9, 10, 12, 13, 14|
Root to change : 12 with colors |2, 3, 4, 7, 9, 11, 15|
++++++++++++++++++++++
Trying improving 3, 8, 0, 14 with subs:
Root to change : 8 with colors |3, 4, 7, 9, 10, 12, 13, 14, 15|
Root to change : 0 with colors |1, 2, 3, 7, 9, 10, 13, 14|
Root to change : 14 with colors |2, 3, 4, 7, 9, 11, 15|
++++++++++++++++++++++
Trying improving 3, 8, 1, 8 with subs:
Root to change : 3 with colors |1, 4, 6, 7, 8, 11, 12, 15|
Root to change : 1 with colors |3, 4, 6, 7, 8, 11, 13, 15|
++++++++++++++++++++++
Trying improving 3, 8, 1, 11 with subs:
Root to change : 3 with colors |1, 4, 6, 7, 8, 11, 12, 15|
Root to change : 1 with colors |2, 4, 6, 7, 8, 11, 15|
++++++++++++++++++++++
Trying improving 3, 8, 1, 12 with subs:
Root to change : 3 with colors |1, 4, 6, 7, 8, 11, 12, 15|
Root to change : 8 with colors |3, 7, 9, 10, 12, 13, 14|
++++++++++++++++++++++
Trying improving 3, 8, 3, 12 with subs:
Root to change : 8 with colors |3, 7, 9, 10, 12, 13, 14|
Root to change : 12 with colors |3, 4, 7, 8, 9, 10, 13, 14, 15|
++++++++++++++++++++++
Trying improving 3, 8, 7, 12 with subs:
Root to change : 3 with colors |1, 4, 6, 7, 8, 11, 12, 15|
Root to change : 8 with colors |3, 7, 9, 10, 12, 13, 14|
Root to change : 12 with colors |1, 2, 3, 4, 7, 8, 11, 13, 14|
++++++++++++++++++++++
Trying improving 3, 8, 8, 12 with subs:
Root to change : 3 with colors |1, 4, 6, 7, 8, 11, 12, 15|
Root to change : 12 with colors |3, 4, 6, 7, 8, 11, 13, 15|
++++++++++++++++++++++
Trying improving 3, 8, 11, 12 with subs:
Root to change : 3 with colors |1, 4, 6, 7, 8, 11, 12, 15|
Root to change : 12 with colors |2, 4, 6, 7, 8, 11, 15|
++++++++++++++++++++++
Trying improving 3, 8, 12, 12 with subs:
Root to change : 3 with colors |1, 4, 6, 7, 8, 11, 12, 15|
Root to change : 8 with colors |3, 7, 9, 10, 12, 13, 14|
++++++++++++++++++++++
Trying improving 3, 8, 12, 14 with subs:
Root to change : 8 with colors |3, 7, 9, 10, 12, 13, 14|
Root to change : 12 with colors |1, 2, 3, 7, 9, 10, 13, 14|
++++++++++++++++++++++
Trying improving 3, 12, 0, 4 with subs:
Root to change : 3 with colors |1, 5, 7, 8, 11, 12, 15|
Root to change : 12 with colors |3, 4, 7, 8, 9, 10, 13, 14, 15|
Root to change : 4 with colors |2, 3, 5, 7, 9, 12, 14|
++++++++++++++++++++++
Trying improving 3, 12, 0, 11 with subs:
Root to change : 3 with colors |1, 5, 7, 8, 10, 11, 12, 14, 15|
Root to change : 12 with colors |3, 4, 7, 8, 9, 13, 15|
Root to change : 11 with colors |2, 3, 5, 7, 9, 12, 14|
++++++++++++++++++++++
Trying improving 3, 12, 1, 8 with subs:
Root to change : 3 with colors |1, 5, 7, 8, 10, 11, 12, 14, 15|
Root to change : 8 with colors |1, 2, 5, 7, 10, 12, 13, 14|
++++++++++++++++++++++
Trying improving 3, 12, 1, 11 with subs:
Root to change : 3 with colors |1, 5, 7, 8, 10, 11, 12, 14, 15|
Root to change : 11 with colors |1, 2, 5, 7, 10, 12, 13, 14|
++++++++++++++++++++++
Trying improving 3, 12, 2, 4 with subs:
Root to change : 3 with colors |1, 5, 7, 8, 11, 12, 15|
Root to change : 12 with colors |3, 4, 7, 8, 9, 10, 13, 14, 15|
Root to change : 4 with colors |1, 2, 5, 7, 9, 13, 14|
++++++++++++++++++++++
Trying improving 3, 12, 2, 11 with subs:
Root to change : 3 with colors |1, 5, 7, 8, 10, 11, 12, 14, 15|
Root to change : 12 with colors |3, 4, 7, 8, 9, 13, 15|
Root to change : 11 with colors |1, 2, 5, 7, 9, 13, 14|
++++++++++++++++++++++
Trying improving 3, 12, 3, 4 with subs:
Root to change : 12 with colors |3, 4, 7, 8, 9, 10, 13, 14, 15|
Root to change : 4 with colors |3, 7, 9, 10, 12, 13, 14|
++++++++++++++++++++++
Trying improving 3, 12, 3, 8 with subs:
Root to change : 12 with colors |3, 4, 7, 8, 9, 10, 13, 14, 15|
Root to change : 8 with colors |3, 7, 9, 10, 12, 13, 14|
++++++++++++++++++++++
Trying improving 3, 12, 4, 4 with subs:
Root to change : 3 with colors |1, 5, 7, 8, 11, 12, 15|
Root to change : 12 with colors |3, 4, 7, 8, 9, 10, 13, 14, 15|
++++++++++++++++++++++
Trying improving 3, 12, 4, 7 with subs:
Root to change : 3 with colors |1, 5, 7, 8, 11, 12, 15|
Root to change : 12 with colors |3, 4, 7, 8, 9, 10, 13, 14, 15|
Root to change : 4 with colors |1, 2, 3, 7, 12, 13, 14|
++++++++++++++++++++++
Trying improving 3, 12, 4, 8 with subs:
Root to change : 3 with colors |1, 5, 7, 8, 11, 12, 15|
Root to change : 12 with colors |3, 4, 7, 8, 9, 10, 13, 14, 15|
++++++++++++++++++++++
Trying improving 3, 12, 4, 11 with subs:
Root to change : 3 with colors |1, 5, 7, 8, 11, 12, 15|
Root to change : 12 with colors |3, 4, 7, 8, 9, 13, 15|
++++++++++++++++++++++
Trying improving 3, 12, 4, 13 with subs:
Root to change : 12 with colors |3, 4, 7, 8, 9, 10, 13, 14, 15|
Root to change : 4 with colors |1, 2, 3, 7, 9, 10, 13, 14|
++++++++++++++++++++++
Trying improving 3, 12, 7, 8 with subs:
Root to change : 3 with colors |1, 5, 7, 8, 10, 11, 12, 14, 15|
Root to change : 12 with colors |3, 4, 7, 8, 9, 10, 13, 14, 15|
Root to change : 8 with colors |1, 2, 3, 7, 12, 13, 14|
++++++++++++++++++++++
Trying improving 3, 12, 7, 11 with subs:
Root to change : 3 with colors |1, 5, 7, 8, 10, 11, 12, 14, 15|
Root to change : 12 with colors |3, 4, 7, 8, 9, 13, 15|
Root to change : 11 with colors |1, 2, 3, 7, 12, 13, 14|
++++++++++++++++++++++
Trying improving 3, 12, 8, 8 with subs:
Root to change : 3 with colors |1, 5, 7, 8, 10, 11, 12, 14, 15|
Root to change : 12 with colors |3, 4, 7, 8, 9, 10, 13, 14, 15|
++++++++++++++++++++++
Trying improving 3, 12, 8, 11 with subs:
Root to change : 3 with colors |1, 5, 7, 8, 10, 11, 12, 14, 15|
Root to change : 12 with colors |3, 4, 7, 8, 9, 13, 15|
++++++++++++++++++++++
Trying improving 3, 12, 8, 12 with subs:
Root to change : 3 with colors |1, 5, 7, 8, 10, 11, 12, 14, 15|
Root to change : 8 with colors |1, 3, 5, 7, 10, 12, 14|
++++++++++++++++++++++
Trying improving 3, 12, 8, 13 with subs:
Root to change : 12 with colors |3, 4, 7, 8, 9, 10, 13, 14, 15|
Root to change : 8 with colors |1, 2, 3, 7, 9, 10, 13, 14|
++++++++++++++++++++++
Trying improving 3, 12, 11, 11 with subs:
Root to change : 3 with colors |1, 5, 7, 8, 10, 11, 12, 14, 15|
Root to change : 12 with colors |3, 4, 7, 8, 9, 13, 15|
++++++++++++++++++++++
Trying improving 3, 12, 11, 12 with subs:
Root to change : 3 with colors |1, 5, 7, 8, 10, 11, 12, 14, 15|
Root to change : 11 with colors |1, 3, 5, 7, 10, 12, 14|
++++++++++++++++++++++
Trying improving 3, 13, 1, 8 with subs:
Root to change : 1 with colors |3, 4, 6, 7, 8, 11, 13, 15|
Root to change : 8 with colors |1, 2, 5, 7, 10, 12, 13, 14|
++++++++++++++++++++++
Trying improving 3, 13, 1, 11 with subs:
Root to change : 3 with colors |1, 2, 4, 6, 7, 9, 13, 14|
Root to change : 1 with colors |2, 4, 6, 7, 8, 11, 15|
Root to change : 11 with colors |1, 2, 5, 7, 10, 12, 13, 14|
++++++++++++++++++++++
Trying improving 3, 13, 8, 12 with subs:
Root to change : 8 with colors |1, 3, 5, 7, 10, 12, 14|
Root to change : 12 with colors |3, 4, 6, 7, 8, 11, 13, 15|
++++++++++++++++++++++
Trying improving 3, 13, 11, 12 with subs:
Root to change : 11 with colors |1, 3, 5, 7, 10, 12, 14|
Root to change : 12 with colors |2, 4, 6, 7, 8, 11, 15|
++++++++++++++++++++++
Trying improving 3, 14, 0, 11 with subs:
Root to change : 3 with colors |1, 2, 5, 7, 9, 10, 12, 13, 14|
Root to change : 14 with colors |3, 4, 7, 8, 9, 13, 15|
Root to change : 11 with colors |2, 3, 4, 5, 7, 9, 12, 14, 15|
++++++++++++++++++++++
Trying improving 3, 14, 1, 8 with subs:
Root to change : 3 with colors |1, 2, 5, 7, 10, 12, 13, 14|
Root to change : 8 with colors |1, 2, 5, 7, 10, 12, 13, 14|
++++++++++++++++++++++
Trying improving 3, 14, 1, 11 with subs:
Root to change : 3 with colors |1, 2, 5, 7, 9, 10, 12, 13, 14|
Root to change : 11 with colors |1, 2, 5, 7, 10, 12, 13, 14|
++++++++++++++++++++++
Trying improving 3, 14, 2, 11 with subs:
Root to change : 3 with colors |1, 2, 5, 7, 9, 10, 12, 13, 14|
Root to change : 14 with colors |3, 4, 7, 8, 9, 13, 15|
Root to change : 11 with colors |1, 2, 4, 5, 6, 7, 9, 13, 14|
++++++++++++++++++++++
Trying improving 3, 14, 4, 11 with subs:
Root to change : 3 with colors |1, 2, 5, 7, 9, 13, 14|
Root to change : 14 with colors |3, 4, 7, 8, 9, 13, 15|
Root to change : 11 with colors |2, 3, 4, 6, 7, 8, 9, 13, 15|
++++++++++++++++++++++
Trying improving 3, 14, 7, 11 with subs:
Root to change : 3 with colors |1, 2, 5, 7, 9, 10, 12, 13, 14|
Root to change : 14 with colors |3, 4, 7, 8, 9, 13, 15|
Root to change : 11 with colors |1, 2, 3, 4, 7, 8, 12, 13, 14|
++++++++++++++++++++++
Trying improving 3, 14, 8, 11 with subs:
Root to change : 3 with colors |1, 2, 5, 7, 10, 12, 13, 14|
Root to change : 14 with colors |3, 4, 7, 8, 9, 13, 15|
++++++++++++++++++++++
Trying improving 3, 14, 8, 12 with subs:
Root to change : 3 with colors |1, 2, 5, 7, 10, 12, 13, 14|
Root to change : 8 with colors |1, 3, 5, 7, 10, 12, 14|
++++++++++++++++++++++
Trying improving 3, 14, 11, 11 with subs:
Root to change : 3 with colors |1, 2, 5, 7, 9, 10, 12, 13, 14|
Root to change : 14 with colors |3, 4, 7, 8, 9, 13, 15|
++++++++++++++++++++++
Trying improving 3, 14, 11, 12 with subs:
Root to change : 3 with colors |1, 2, 5, 7, 9, 10, 12, 13, 14|
Root to change : 11 with colors |1, 3, 5, 7, 10, 12, 14|
++++++++++++++++++++++
Trying improving 4, 4, 3, 12 with subs:
Root to change : 3 with colors |1, 5, 7, 8, 11, 12, 15|
Root to change : 12 with colors |3, 4, 7, 8, 9, 10, 13, 14, 15|
++++++++++++++++++++++
Trying improving 4, 4, 12, 14 with subs:
Root to change : 12 with colors |1, 2, 3, 5, 7, 9, 10, 13, 14|
Root to change : 14 with colors |1, 5, 7, 8, 11, 12, 15|
++++++++++++++++++++++
Trying improving 4, 7, 3, 12 with subs:
Root to change : 4 with colors |1, 2, 3, 7, 12, 13, 14|
Root to change : 3 with colors |1, 5, 7, 8, 11, 12, 15|
Root to change : 12 with colors |3, 4, 7, 8, 9, 10, 13, 14, 15|
++++++++++++++++++++++
Trying improving 4, 7, 12, 14 with subs:
Root to change : 4 with colors |1, 2, 3, 7, 8, 11, 12, 13, 14|
Root to change : 12 with colors |1, 2, 3, 5, 7, 9, 10, 13, 14|
Root to change : 14 with colors |1, 5, 7, 8, 11, 12, 15|
++++++++++++++++++++++
Trying improving 4, 8, 0, 14 with subs:
Root to change : 8 with colors |2, 3, 4, 6, 7, 9, 11, 13, 15|
Root to change : 0 with colors |1, 2, 3, 7, 9, 10, 13, 14|
Root to change : 14 with colors |2, 3, 4, 5, 7, 9, 11, 12, 15|
++++++++++++++++++++++
Trying improving 4, 8, 3, 12 with subs:
Root to change : 3 with colors |1, 5, 7, 8, 11, 12, 15|
Root to change : 12 with colors |3, 4, 7, 8, 9, 10, 13, 14, 15|
++++++++++++++++++++++
Trying improving 4, 8, 12, 14 with subs:
Root to change : 12 with colors |1, 2, 3, 7, 9, 10, 13, 14|
Root to change : 14 with colors |1, 5, 7, 8, 11, 12, 15|
++++++++++++++++++++++
Trying improving 4, 11, 3, 12 with subs:
Root to change : 3 with colors |1, 5, 7, 8, 11, 12, 15|
Root to change : 12 with colors |3, 4, 7, 8, 9, 13, 15|
++++++++++++++++++++++
Trying improving 4, 11, 3, 14 with subs:
Root to change : 11 with colors |2, 3, 4, 6, 7, 8, 9, 13, 15|
Root to change : 3 with colors |1, 2, 5, 7, 9, 13, 14|
Root to change : 14 with colors |3, 4, 7, 8, 9, 13, 15|
++++++++++++++++++++++
Trying improving 4, 11, 12, 14 with subs:
Root to change : 4 with colors |1, 2, 5, 6, 7, 8, 11, 12, 15|
Root to change : 12 with colors |1, 2, 5, 7, 9, 13, 14|
Root to change : 14 with colors |1, 5, 7, 8, 11, 12, 15|
++++++++++++++++++++++
Trying improving 4, 13, 0, 12 with subs:
Root to change : 4 with colors |1, 2, 3, 7, 9, 10, 13, 14|
Root to change : 13 with colors |2, 4, 6, 7, 8, 11, 15|
Root to change : 12 with colors |2, 3, 4, 5, 7, 9, 11, 14, 15|
++++++++++++++++++++++
Trying improving 4, 13, 1, 8 with subs:
Root to change : 13 with colors |2, 4, 6, 7, 8, 11, 15|
Root to change : 1 with colors |3, 4, 6, 7, 8, 11, 13, 15|
Root to change : 8 with colors |1, 2, 5, 6, 7, 11, 13, 14|
++++++++++++++++++++++
Trying improving 4, 13, 1, 12 with subs:
Root to change : 4 with colors |1, 2, 3, 7, 9, 10, 13, 14|
Root to change : 13 with colors |2, 4, 6, 7, 8, 11, 15|
Root to change : 12 with colors |1, 2, 5, 6, 7, 11, 13, 14|
++++++++++++++++++++++
Trying improving 4, 13, 3, 12 with subs:
Root to change : 4 with colors |1, 2, 3, 7, 9, 10, 13, 14|
Root to change : 12 with colors |3, 4, 7, 8, 9, 10, 13, 14, 15|
++++++++++++++++++++++
Trying improving 4, 13, 7, 12 with subs:
Root to change : 4 with colors |1, 2, 3, 7, 9, 10, 13, 14|
Root to change : 13 with colors |2, 4, 6, 7, 8, 11, 15|
Root to change : 12 with colors |1, 2, 3, 4, 7, 8, 11, 13, 14|
++++++++++++++++++++++
Trying improving 4, 13, 8, 12 with subs:
Root to change : 13 with colors |2, 4, 6, 7, 8, 11, 15|
Root to change : 12 with colors |3, 4, 6, 7, 8, 11, 13, 15|
++++++++++++++++++++++
Trying improving 4, 13, 11, 12 with subs:
Root to change : 13 with colors |2, 4, 6, 7, 8, 11, 15|
Root to change : 12 with colors |1, 2, 4, 5, 6, 7, 8, 11, 15|
++++++++++++++++++++++
Trying improving 4, 13, 12, 12 with subs:
Root to change : 4 with colors |1, 2, 3, 7, 9, 10, 13, 14|
Root to change : 13 with colors |2, 4, 6, 7, 8, 11, 15|
++++++++++++++++++++++
Trying improving 4, 13, 12, 14 with subs:
Root to change : 4 with colors |1, 2, 3, 7, 9, 10, 13, 14|
Root to change : 12 with colors |1, 2, 3, 5, 7, 9, 10, 13, 14|
++++++++++++++++++++++
Trying improving 7, 8, 0, 14 with subs:
Root to change : 8 with colors |1, 2, 3, 4, 7, 11, 12, 13, 14|
Root to change : 0 with colors |1, 2, 3, 5, 7, 9, 10, 12, 13, 14|
Root to change : 14 with colors |2, 3, 4, 5, 7, 9, 11, 12, 15|
++++++++++++++++++++++
Trying improving 7, 8, 3, 12 with subs:
Root to change : 8 with colors |1, 2, 3, 7, 12, 13, 14|
Root to change : 3 with colors |1, 5, 7, 8, 10, 11, 12, 14, 15|
Root to change : 12 with colors |3, 4, 7, 8, 9, 10, 13, 14, 15|
++++++++++++++++++++++
Trying improving 7, 11, 3, 12 with subs:
Root to change : 11 with colors |1, 2, 3, 7, 12, 13, 14|
Root to change : 3 with colors |1, 5, 7, 8, 10, 11, 12, 14, 15|
Root to change : 12 with colors |3, 4, 7, 8, 9, 13, 15|
++++++++++++++++++++++
Trying improving 7, 11, 3, 14 with subs:
Root to change : 11 with colors |1, 2, 3, 4, 7, 8, 12, 13, 14|
Root to change : 3 with colors |1, 2, 5, 7, 9, 10, 12, 13, 14|
Root to change : 14 with colors |3, 4, 7, 8, 9, 13, 15|
++++++++++++++++++++++
Trying improving 7, 12, 3, 4 with subs:
Root to change : 12 with colors |1, 2, 3, 4, 7, 8, 11, 13, 14|
Root to change : 3 with colors |2, 4, 6, 7, 8, 11, 15|
Root to change : 4 with colors |3, 7, 9, 10, 12, 13, 14|
++++++++++++++++++++++
Trying improving 7, 12, 3, 8 with subs:
Root to change : 12 with colors |1, 2, 3, 4, 7, 8, 11, 13, 14|
Root to change : 3 with colors |1, 4, 6, 7, 8, 11, 12, 15|
Root to change : 8 with colors |3, 7, 9, 10, 12, 13, 14|
++++++++++++++++++++++
Trying improving 7, 12, 4, 13 with subs:
Root to change : 12 with colors |1, 2, 3, 4, 7, 8, 11, 13, 14|
Root to change : 4 with colors |1, 2, 3, 7, 9, 10, 13, 14|
Root to change : 13 with colors |2, 4, 6, 7, 8, 11, 15|
++++++++++++++++++++++
Trying improving 7, 12, 8, 13 with subs:
Root to change : 12 with colors |1, 2, 3, 4, 7, 8, 11, 13, 14|
Root to change : 8 with colors |1, 2, 3, 7, 9, 10, 13, 14|
Root to change : 13 with colors |1, 4, 6, 7, 8, 11, 12, 15|
++++++++++++++++++++++
Trying improving 8, 8, 0, 14 with subs:
Root to change : 0 with colors |1, 2, 3, 5, 7, 9, 10, 12, 13, 14|
Root to change : 14 with colors |2, 3, 4, 5, 7, 9, 11, 12, 15|
++++++++++++++++++++++
Trying improving 8, 8, 3, 12 with subs:
Root to change : 3 with colors |1, 5, 7, 8, 10, 11, 12, 14, 15|
Root to change : 12 with colors |3, 4, 7, 8, 9, 10, 13, 14, 15|
++++++++++++++++++++++
Trying improving 8, 11, 0, 14 with subs:
Root to change : 8 with colors |1, 2, 4, 5, 6, 7, 11, 12, 15|
Root to change : 0 with colors |1, 2, 5, 7, 10, 12, 13, 14|
Root to change : 14 with colors |2, 3, 4, 5, 7, 9, 11, 12, 15|
++++++++++++++++++++++
Trying improving 8, 11, 3, 12 with subs:
Root to change : 3 with colors |1, 5, 7, 8, 10, 11, 12, 14, 15|
Root to change : 12 with colors |3, 4, 7, 8, 9, 13, 15|
++++++++++++++++++++++
Trying improving 8, 11, 3, 14 with subs:
Root to change : 3 with colors |1, 2, 5, 7, 10, 12, 13, 14|
Root to change : 14 with colors |3, 4, 7, 8, 9, 13, 15|
++++++++++++++++++++++
Trying improving 8, 12, 0, 3 with subs:
Root to change : 8 with colors |1, 3, 5, 7, 10, 12, 14|
Root to change : 12 with colors |3, 4, 6, 7, 8, 11, 13, 15|
Root to change : 3 with colors |2, 4, 5, 7, 11, 12, 15|
++++++++++++++++++++++
Trying improving 8, 12, 0, 14 with subs:
Root to change : 8 with colors |1, 3, 5, 7, 10, 11, 12, 14, 15|
Root to change : 0 with colors |1, 2, 5, 7, 10, 12, 13, 14|
Root to change : 14 with colors |2, 4, 5, 7, 11, 12, 15|
++++++++++++++++++++++
Trying improving 8, 12, 3, 3 with subs:
Root to change : 8 with colors |1, 3, 5, 7, 10, 12, 14|
Root to change : 12 with colors |3, 4, 6, 7, 8, 11, 13, 15|
++++++++++++++++++++++
Trying improving 8, 12, 3, 4 with subs:
Root to change : 12 with colors |3, 4, 6, 7, 8, 11, 13, 15|
Root to change : 3 with colors |2, 4, 6, 7, 8, 11, 15|
++++++++++++++++++++++
Trying improving 8, 12, 3, 7 with subs:
Root to change : 8 with colors |1, 3, 5, 7, 10, 12, 14|
Root to change : 12 with colors |3, 4, 6, 7, 8, 11, 13, 15|
Root to change : 3 with colors |1, 2, 4, 7, 8, 11, 12, 13, 14|
++++++++++++++++++++++
Trying improving 8, 12, 3, 8 with subs:
Root to change : 12 with colors |3, 4, 6, 7, 8, 11, 13, 15|
Root to change : 3 with colors |1, 4, 6, 7, 8, 11, 12, 15|
++++++++++++++++++++++
Trying improving 8, 12, 3, 12 with subs:
Root to change : 8 with colors |1, 3, 5, 7, 10, 12, 14|
Root to change : 3 with colors |1, 5, 7, 8, 10, 11, 12, 14, 15|
++++++++++++++++++++++
Trying improving 8, 12, 3, 13 with subs:
Root to change : 8 with colors |1, 3, 5, 7, 10, 12, 14|
Root to change : 12 with colors |3, 4, 6, 7, 8, 11, 13, 15|
++++++++++++++++++++++
Trying improving 8, 12, 3, 14 with subs:
Root to change : 8 with colors |1, 3, 5, 7, 10, 12, 14|
Root to change : 3 with colors |1, 2, 5, 7, 10, 12, 13, 14|
++++++++++++++++++++++
Trying improving 8, 12, 4, 13 with subs:
Root to change : 12 with colors |3, 4, 6, 7, 8, 11, 13, 15|
Root to change : 13 with colors |2, 4, 6, 7, 8, 11, 15|
++++++++++++++++++++++
Trying improving 8, 12, 8, 13 with subs:
Root to change : 12 with colors |3, 4, 6, 7, 8, 11, 13, 15|
Root to change : 13 with colors |1, 4, 6, 7, 8, 11, 12, 15|
++++++++++++++++++++++
Trying improving 8, 13, 0, 12 with subs:
Root to change : 8 with colors |1, 2, 3, 7, 9, 10, 13, 14|
Root to change : 13 with colors |1, 4, 6, 7, 8, 11, 12, 15|
Root to change : 12 with colors |2, 3, 4, 7, 9, 11, 15|
++++++++++++++++++++++
Trying improving 8, 13, 0, 14 with subs:
Root to change : 8 with colors |1, 2, 3, 4, 6, 7, 9, 10, 13, 14|
Root to change : 0 with colors |1, 2, 3, 5, 7, 9, 10, 13, 14|
Root to change : 14 with colors |2, 3, 4, 7, 9, 11, 15|
++++++++++++++++++++++
Trying improving 8, 13, 1, 8 with subs:
Root to change : 13 with colors |1, 4, 6, 7, 8, 11, 12, 15|
Root to change : 1 with colors |3, 4, 6, 7, 8, 11, 13, 15|
++++++++++++++++++++++
Trying improving 8, 13, 1, 11 with subs:
Root to change : 8 with colors |1, 2, 4, 6, 7, 9, 13, 14|
Root to change : 13 with colors |1, 4, 6, 7, 8, 11, 12, 15|
Root to change : 1 with colors |2, 4, 6, 7, 8, 11, 15|
++++++++++++++++++++++
Trying improving 8, 13, 1, 12 with subs:
Root to change : 8 with colors |1, 2, 3, 7, 9, 10, 13, 14|
Root to change : 13 with colors |1, 4, 6, 7, 8, 11, 12, 15|
++++++++++++++++++++++
Trying improving 8, 13, 3, 12 with subs:
Root to change : 8 with colors |1, 2, 3, 7, 9, 10, 13, 14|
Root to change : 12 with colors |3, 4, 7, 8, 9, 10, 13, 14, 15|
++++++++++++++++++++++
Trying improving 8, 13, 7, 12 with subs:
Root to change : 8 with colors |1, 2, 3, 7, 9, 10, 13, 14|
Root to change : 13 with colors |1, 4, 6, 7, 8, 11, 12, 15|
Root to change : 12 with colors |1, 2, 3, 4, 7, 8, 11, 13, 14|
++++++++++++++++++++++
Trying improving 8, 13, 8, 12 with subs:
Root to change : 13 with colors |1, 4, 6, 7, 8, 11, 12, 15|
Root to change : 12 with colors |3, 4, 6, 7, 8, 11, 13, 15|
++++++++++++++++++++++
Trying improving 8, 13, 11, 12 with subs:
Root to change : 13 with colors |1, 4, 6, 7, 8, 11, 12, 15|
Root to change : 12 with colors |2, 4, 6, 7, 8, 11, 15|
++++++++++++++++++++++
Trying improving 8, 13, 12, 12 with subs:
Root to change : 8 with colors |1, 2, 3, 7, 9, 10, 13, 14|
Root to change : 13 with colors |1, 4, 6, 7, 8, 11, 12, 15|
++++++++++++++++++++++
Trying improving 8, 13, 12, 14 with subs:
Root to change : 8 with colors |1, 2, 3, 7, 9, 10, 13, 14|
Root to change : 12 with colors |1, 2, 3, 7, 9, 10, 13, 14|
++++++++++++++++++++++
Trying improving 11, 11, 3, 12 with subs:
Root to change : 3 with colors |1, 5, 7, 8, 10, 11, 12, 14, 15|
Root to change : 12 with colors |3, 4, 7, 8, 9, 13, 15|
++++++++++++++++++++++
Trying improving 11, 11, 3, 14 with subs:
Root to change : 3 with colors |1, 2, 5, 7, 9, 10, 12, 13, 14|
Root to change : 14 with colors |3, 4, 7, 8, 9, 13, 15|
++++++++++++++++++++++
Trying improving 11, 12, 0, 3 with subs:
Root to change : 11 with colors |1, 3, 5, 7, 10, 12, 14|
Root to change : 12 with colors |2, 4, 6, 7, 8, 11, 15|
Root to change : 3 with colors |2, 4, 5, 7, 9, 11, 12, 14, 15|
++++++++++++++++++++++
Trying improving 11, 12, 3, 3 with subs:
Root to change : 11 with colors |1, 3, 5, 7, 10, 12, 14|
Root to change : 12 with colors |2, 4, 6, 7, 8, 11, 15|
++++++++++++++++++++++
Trying improving 11, 12, 3, 4 with subs:
Root to change : 12 with colors |2, 4, 6, 7, 8, 11, 15|
Root to change : 3 with colors |2, 4, 6, 7, 8, 11, 15|
++++++++++++++++++++++
Trying improving 11, 12, 3, 7 with subs:
Root to change : 11 with colors |1, 3, 5, 7, 10, 12, 14|
Root to change : 12 with colors |2, 4, 6, 7, 8, 11, 15|
Root to change : 3 with colors |1, 2, 4, 7, 8, 11, 12, 13, 14|
++++++++++++++++++++++
Trying improving 11, 12, 3, 8 with subs:
Root to change : 12 with colors |2, 4, 6, 7, 8, 11, 15|
Root to change : 3 with colors |1, 4, 6, 7, 8, 11, 12, 15|
++++++++++++++++++++++
Trying improving 11, 12, 3, 12 with subs:
Root to change : 11 with colors |1, 3, 5, 7, 10, 12, 14|
Root to change : 3 with colors |1, 5, 7, 8, 10, 11, 12, 14, 15|
++++++++++++++++++++++
Trying improving 11, 12, 3, 13 with subs:
Root to change : 11 with colors |1, 3, 5, 7, 10, 12, 14|
Root to change : 12 with colors |2, 4, 6, 7, 8, 11, 15|
++++++++++++++++++++++
Trying improving 11, 12, 3, 14 with subs:
Root to change : 11 with colors |1, 3, 5, 7, 10, 12, 14|
Root to change : 3 with colors |1, 2, 5, 7, 9, 10, 12, 13, 14|
++++++++++++++++++++++
Trying improving 11, 12, 4, 13 with subs:
Root to change : 12 with colors |1, 2, 4, 5, 6, 7, 8, 11, 15|
Root to change : 13 with colors |2, 4, 6, 7, 8, 11, 15|
++++++++++++++++++++++
Trying improving 11, 12, 8, 13 with subs:
Root to change : 12 with colors |2, 4, 6, 7, 8, 11, 15|
Root to change : 13 with colors |1, 4, 6, 7, 8, 11, 12, 15|
++++++++++++++++++++++
Trying improving 12, 12, 3, 4 with subs:
Root to change : 3 with colors |2, 4, 6, 7, 8, 11, 15|
Root to change : 4 with colors |3, 7, 9, 10, 12, 13, 14|
++++++++++++++++++++++
Trying improving 12, 12, 3, 8 with subs:
Root to change : 3 with colors |1, 4, 6, 7, 8, 11, 12, 15|
Root to change : 8 with colors |3, 7, 9, 10, 12, 13, 14|
++++++++++++++++++++++
Trying improving 12, 12, 4, 13 with subs:
Root to change : 4 with colors |1, 2, 3, 7, 9, 10, 13, 14|
Root to change : 13 with colors |2, 4, 6, 7, 8, 11, 15|
++++++++++++++++++++++
Trying improving 12, 12, 8, 13 with subs:
Root to change : 8 with colors |1, 2, 3, 7, 9, 10, 13, 14|
Root to change : 13 with colors |1, 4, 6, 7, 8, 11, 12, 15|
++++++++++++++++++++++
Trying improving 12, 14, 0, 4 with subs:
Root to change : 12 with colors |1, 2, 3, 5, 7, 9, 10, 13, 14|
Root to change : 14 with colors |1, 5, 7, 8, 11, 12, 15|
Root to change : 4 with colors |2, 3, 5, 7, 9, 11, 12, 14, 15|
++++++++++++++++++++++
Trying improving 12, 14, 2, 4 with subs:
Root to change : 12 with colors |1, 2, 3, 5, 7, 9, 10, 13, 14|
Root to change : 14 with colors |1, 5, 7, 8, 11, 12, 15|
Root to change : 4 with colors |1, 2, 5, 6, 7, 9, 11, 13, 14|
++++++++++++++++++++++
Trying improving 12, 14, 3, 4 with subs:
Root to change : 12 with colors |1, 2, 3, 5, 7, 9, 10, 13, 14|
Root to change : 4 with colors |3, 7, 9, 10, 12, 13, 14|
++++++++++++++++++++++
Trying improving 12, 14, 3, 8 with subs:
Root to change : 12 with colors |1, 2, 3, 7, 9, 10, 13, 14|
Root to change : 8 with colors |3, 7, 9, 10, 12, 13, 14|
++++++++++++++++++++++
Trying improving 12, 14, 4, 4 with subs:
Root to change : 12 with colors |1, 2, 3, 5, 7, 9, 10, 13, 14|
Root to change : 14 with colors |1, 5, 7, 8, 11, 12, 15|
++++++++++++++++++++++
Trying improving 12, 14, 4, 7 with subs:
Root to change : 12 with colors |1, 2, 3, 5, 7, 9, 10, 13, 14|
Root to change : 14 with colors |1, 5, 7, 8, 11, 12, 15|
Root to change : 4 with colors |1, 2, 3, 7, 8, 11, 12, 13, 14|
++++++++++++++++++++++
Trying improving 12, 14, 4, 8 with subs:
Root to change : 12 with colors |1, 2, 3, 7, 9, 10, 13, 14|
Root to change : 14 with colors |1, 5, 7, 8, 11, 12, 15|
++++++++++++++++++++++
Trying improving 12, 14, 4, 11 with subs:
Root to change : 12 with colors |1, 2, 5, 7, 9, 13, 14|
Root to change : 14 with colors |1, 5, 7, 8, 11, 12, 15|
Root to change : 4 with colors |1, 2, 5, 6, 7, 8, 11, 12, 15|
++++++++++++++++++++++
Trying improving 12, 14, 4, 13 with subs:
Root to change : 12 with colors |1, 2, 3, 5, 7, 9, 10, 13, 14|
Root to change : 4 with colors |1, 2, 3, 7, 9, 10, 13, 14|
++++++++++++++++++++++
Trying improving 12, 14, 8, 13 with subs:
Root to change : 12 with colors |1, 2, 3, 7, 9, 10, 13, 14|
Root to change : 8 with colors |1, 2, 3, 7, 9, 10, 13, 14|
++++++++++++++++++++++
Unable to be solved with SubSubProblem
