Trying substitutions to: 0
with goodVertices 1, 2, 3, 4, 6, 7, 8, 9, 10, 13, 14
bad color to improve: 1  13  with index 28
bad color to improve: 6  13  with index 88
bad color to improve: 8  13  with index 105
3 bad colorings on level 1
Solved config  |8, 13| descendents: 
|0, 2, 5, 9, 10, 14 |---| 0, 5, 6, 11, 12, 15|
|0, 0, 0, 0|---> |1, 1| possibles  |0, 3, 4, 9, 15|
|0, 0, 0, 0|---> |1, 1| possibles  |0, 3, 4, 9, 15|
|0, 2, 0, 0|---> |1, 8| possibles  |0, 9|
|0, 5, 0, 0|---> |1, 8| possibles  |0, 9|
|0, 5, 0, 0|---> |1, 8| possibles  |0, 9|
|0, 6, 0, 0|---> |1, 10| possibles  |0, 4, 15|
|0, 9, 0, 0|---> |1, 1| possibles  |0, 3, 4, 9, 15|
|0, 10, 0, 0|---> |1, 6| possibles  |0, 3, 9|
|0, 11, 0, 0|---> |1, 10| possibles  |0, 4, 15|
|0, 12, 0, 0|---> |1, 6| possibles  |0, 3, 9|
|0, 14, 0, 0|---> |1, 6| possibles  |0, 3, 9|
|0, 15, 0, 0|---> |1, 1| possibles  |0, 3, 4, 9, 15|
|2, 2, 0, 0|---> |3, 8| possibles  |2, 5|
|2, 5, 0, 0|---> |3, 8| possibles  |2, 5|
|2, 9, 0, 0|---> |1, 8| possibles  |0, 9|
|2, 10, 0, 0|---> |1, 8| possibles  |0, 9|
|2, 14, 0, 0|---> |1, 8| possibles  |0, 9|
|5, 5, 0, 0|---> |3, 8| possibles  |2, 5|
|5, 5, 0, 0|---> |3, 8| possibles  |2, 5|
|5, 6, 0, 0|---> |3, 8| possibles  |2, 5|
|5, 9, 0, 0|---> |1, 4| possibles  |9|
|5, 10, 0, 0|---> |1, 4| possibles  |9|
|5, 11, 0, 0|---> |3, 8| possibles  |2, 5|
|5, 12, 0, 0|---> |1, 4| possibles  |9|
|5, 14, 0, 0|---> |1, 4| possibles  |9|
|5, 15, 0, 0|---> |3, 8| possibles  |2, 5|
|6, 6, 0, 0|---> |3, 8| possibles  |2, 5|
|6, 11, 0, 0|---> |3, 8| possibles  |2, 5|
|6, 12, 0, 0|---> |1, 9| possibles  |4, 15|
|6, 15, 0, 0|---> |3, 8| possibles  |2, 5|
|9, 9, 0, 0|---> |1, 1| possibles  |0, 3, 4, 9, 15|
|9, 10, 0, 0|---> |1, 4| possibles  |9|
|9, 14, 0, 0|---> |1, 4| possibles  |9|
|10, 10, 0, 0|---> |1, 2| possibles  |3, 15|
|10, 14, 0, 0|---> |1, 4| possibles  |9|
|11, 11, 0, 0|---> |3, 8| possibles  |2, 5|
|11, 12, 0, 0|---> |1, 9| possibles  |4, 15|
|11, 15, 0, 0|---> |3, 8| possibles  |2, 5|
|12, 12, 0, 0|---> |1, 2| possibles  |3, 15|
|12, 15, 0, 0|---> |1, 2| possibles  |3, 15|
|14, 14, 0, 0|---> |1, 4| possibles  |9|
|15, 15, 0, 0|---> |1, 1| possibles  |0, 3, 4, 9, 15|
|0, 0, 0, 2|---> |1, 8| possibles  |0, 9|
|0, 5, 0, 2|---> |8, 8| possibles  |0, 2, 5, 9, 10, 14|
|0, 6, 0, 2|---> |8, 10| possibles  |0, 2|
|0, 11, 0, 2|---> |8, 10| possibles  |0, 2|
|0, 12, 0, 2|---> |6, 8| possibles  |0, 9, 10, 14|
|0, 15, 0, 2|---> |1, 8| possibles  |0, 9|
|5, 5, 0, 2|---> |3, 8| possibles  |2, 5|
|5, 6, 0, 2|---> |3, 8| possibles  |2, 5|
|5, 11, 0, 2|---> |3, 8| possibles  |2, 5|
|5, 12, 0, 2|---> |4, 8| possibles  |5, 9, 10, 14|
|5, 15, 0, 2|---> |3, 8| possibles  |2, 5|
|6, 6, 0, 2|---> |3, 8| possibles  |2, 5|
|6, 11, 0, 2|---> |3, 8| possibles  |2, 5|
|6, 12, 0, 2|---> |9, 10| possibles  |4, 6, 7, 8, 11, 15|
|6, 15, 0, 2|---> |3, 8| possibles  |2, 5|
|11, 11, 0, 2|---> |3, 8| possibles  |2, 5|
|11, 12, 0, 2|---> |9, 10| possibles  |4, 6, 7, 8, 11, 15|
|11, 15, 0, 2|---> |3, 8| possibles  |2, 5|
|12, 12, 0, 2|---> |2, 8| possibles  |10|
|12, 15, 0, 2|---> |2, 8| possibles  |10|
|15, 15, 0, 2|---> |1, 8| possibles  |0, 9|
|0, 0, 0, 5|---> |1, 8| possibles  |0, 9|
|0, 0, 0, 5|---> |1, 8| possibles  |0, 9|
|0, 2, 0, 5|---> |8, 8| possibles  |0, 2, 5, 9, 10, 14|
|0, 5, 0, 5|---> |8, 8| possibles  |0, 2, 5, 9, 10, 14|
|0, 5, 0, 5|---> |8, 8| possibles  |0, 2, 5, 9, 10, 14|
|0, 6, 0, 5|---> |8, 10| possibles  |0, 2|
|0, 9, 0, 5|---> |1, 8| possibles  |0, 9|
|0, 10, 0, 5|---> |6, 8| possibles  |0, 9, 10, 14|
|0, 11, 0, 5|---> |8, 10| possibles  |0, 2|
|0, 12, 0, 5|---> |6, 8| possibles  |0, 9, 10, 14|
|0, 14, 0, 5|---> |6, 8| possibles  |0, 9, 10, 14|
|0, 15, 0, 5|---> |1, 8| possibles  |0, 9|
|2, 2, 0, 5|---> |3, 8| possibles  |2, 5|
|2, 5, 0, 5|---> |3, 8| possibles  |2, 5|
|2, 9, 0, 5|---> |8, 8| possibles  |0, 2, 5, 9, 10, 14|
|2, 10, 0, 5|---> |8, 8| possibles  |0, 2, 5, 9, 10, 14|
|2, 14, 0, 5|---> |8, 8| possibles  |0, 2, 5, 9, 10, 14|
|5, 5, 0, 5|---> |3, 8| possibles  |2, 5|
|5, 5, 0, 5|---> |3, 8| possibles  |2, 5|
|5, 6, 0, 5|---> |3, 8| possibles  |2, 5|
|5, 9, 0, 5|---> |4, 8| possibles  |5, 9, 10, 14|
|5, 10, 0, 5|---> |4, 8| possibles  |5, 9, 10, 14|
|5, 11, 0, 5|---> |3, 8| possibles  |2, 5|
|5, 12, 0, 5|---> |4, 8| possibles  |5, 9, 10, 14|
|5, 14, 0, 5|---> |4, 8| possibles  |5, 9, 10, 14|
|5, 15, 0, 5|---> |3, 8| possibles  |2, 5|
|6, 6, 0, 5|---> |3, 8| possibles  |2, 5|
|6, 11, 0, 5|---> |3, 8| possibles  |2, 5|
|6, 12, 0, 5|---> |9, 13| possibles  |6, 11, 12, 15|
|6, 15, 0, 5|---> |3, 8| possibles  |2, 5|
|9, 9, 0, 5|---> |1, 8| possibles  |0, 9|
|9, 10, 0, 5|---> |4, 8| possibles  |5, 9, 10, 14|
|9, 14, 0, 5|---> |4, 8| possibles  |5, 9, 10, 14|
|10, 10, 0, 5|---> |2, 8| possibles  |10|
|10, 14, 0, 5|---> |4, 8| possibles  |5, 9, 10, 14|
|11, 11, 0, 5|---> |3, 8| possibles  |2, 5|
|11, 12, 0, 5|---> |9, 13| possibles  |6, 11, 12, 15|
|11, 15, 0, 5|---> |3, 8| possibles  |2, 5|
|12, 12, 0, 5|---> |2, 8| possibles  |10|
|12, 15, 0, 5|---> |2, 8| possibles  |10|
|14, 14, 0, 5|---> |4, 8| possibles  |5, 9, 10, 14|
|15, 15, 0, 5|---> |1, 8| possibles  |0, 9|
|0, 0, 0, 6|---> |1, 10| possibles  |0, 4, 15|
|0, 2, 0, 6|---> |8, 10| possibles  |0, 2|
|0, 5, 0, 6|---> |8, 10| possibles  |0, 2|
|0, 9, 0, 6|---> |1, 10| possibles  |0, 4, 15|
|0, 10, 0, 6|---> |6, 10| possibles  |0, 7|
|0, 14, 0, 6|---> |6, 10| possibles  |0, 7|
|2, 2, 0, 6|---> |3, 10| possibles  |2, 6, 11, 15|
|2, 5, 0, 6|---> |3, 10| possibles  |2, 6, 11, 15|
|2, 9, 0, 6|---> |8, 10| possibles  |0, 2|
|2, 10, 0, 6|---> |8, 10| possibles  |0, 2|
|2, 14, 0, 6|---> |8, 10| possibles  |0, 2|
|5, 5, 0, 6|---> |3, 10| possibles  |2, 6, 11, 15|
|5, 9, 0, 6|---> |7, 10| possibles  |6, 15|
|5, 10, 0, 6|---> |7, 10| possibles  |6, 15|
|5, 14, 0, 6|---> |8, 10| possibles  |0, 2|
|9, 9, 0, 6|---> |1, 10| possibles  |0, 4, 15|
|9, 10, 0, 6|---> |6, 10| possibles  |0, 7|
|9, 14, 0, 6|---> |6, 10| possibles  |0, 7|
|10, 10, 0, 6|---> |2, 10| possibles  |8, 15|
|10, 14, 0, 6|---> |6, 10| possibles  |0, 7|
|14, 14, 0, 6|---> |6, 10| possibles  |0, 7|
|0, 0, 0, 9|---> |1, 1| possibles  |0, 3, 4, 9, 15|
|0, 5, 0, 9|---> |1, 8| possibles  |0, 9|
|0, 6, 0, 9|---> |1, 10| possibles  |0, 4, 15|
|0, 11, 0, 9|---> |1, 10| possibles  |0, 4, 15|
|0, 12, 0, 9|---> |1, 6| possibles  |0, 3, 9|
|0, 15, 0, 9|---> |1, 1| possibles  |0, 3, 4, 9, 15|
|5, 5, 0, 9|---> |3, 8| possibles  |2, 5|
|5, 6, 0, 9|---> |3, 8| possibles  |2, 5|
|5, 11, 0, 9|---> |3, 8| possibles  |2, 5|
|5, 12, 0, 9|---> |1, 4| possibles  |9|
|5, 15, 0, 9|---> |3, 8| possibles  |2, 5|
|6, 6, 0, 9|---> |3, 8| possibles  |2, 5|
|6, 11, 0, 9|---> |3, 8| possibles  |2, 5|
|6, 12, 0, 9|---> |1, 9| possibles  |4, 15|
|6, 15, 0, 9|---> |3, 8| possibles  |2, 5|
|11, 11, 0, 9|---> |3, 8| possibles  |2, 5|
|11, 12, 0, 9|---> |1, 9| possibles  |4, 15|
|11, 15, 0, 9|---> |3, 8| possibles  |2, 5|
|12, 12, 0, 9|---> |1, 2| possibles  |3, 15|
|12, 15, 0, 9|---> |1, 2| possibles  |3, 15|
|15, 15, 0, 9|---> |1, 1| possibles  |0, 3, 4, 9, 15|
|0, 0, 0, 10|---> |1, 6| possibles  |0, 3, 9|
|0, 5, 0, 10|---> |6, 8| possibles  |0, 9, 10, 14|
|0, 6, 0, 10|---> |6, 10| possibles  |0, 7|
|0, 11, 0, 10|---> |6, 10| possibles  |0, 7|
|0, 12, 0, 10|---> |6, 6| possibles  |0, 3, 7, 9, 10, 12, 13, 14|
|0, 15, 0, 10|---> |1, 6| possibles  |0, 3, 9|
|5, 5, 0, 10|---> |3, 8| possibles  |2, 5|
|5, 6, 0, 10|---> |3, 8| possibles  |2, 5|
|5, 11, 0, 10|---> |3, 8| possibles  |2, 5|
|5, 12, 0, 10|---> |4, 6| possibles  |9, 10, 12, 14|
|5, 15, 0, 10|---> |3, 8| possibles  |2, 5|
|6, 6, 0, 10|---> |3, 8| possibles  |2, 5|
|6, 11, 0, 10|---> |3, 8| possibles  |2, 5|
|6, 12, 0, 10|---> |6, 9| possibles  |7, 12|
|6, 15, 0, 10|---> |3, 8| possibles  |2, 5|
|11, 11, 0, 10|---> |3, 8| possibles  |2, 5|
|11, 12, 0, 10|---> |6, 9| possibles  |7, 12|
|11, 15, 0, 10|---> |3, 8| possibles  |2, 5|
|12, 12, 0, 10|---> |2, 6| possibles  |3, 10, 12|
|12, 15, 0, 10|---> |2, 6| possibles  |3, 10, 12|
|15, 15, 0, 10|---> |1, 6| possibles  |0, 3, 9|
|0, 0, 0, 11|---> |1, 10| possibles  |0, 4, 15|
|0, 2, 0, 11|---> |8, 10| possibles  |0, 2|
|0, 5, 0, 11|---> |8, 10| possibles  |0, 2|
|0, 9, 0, 11|---> |1, 10| possibles  |0, 4, 15|
|0, 10, 0, 11|---> |6, 10| possibles  |0, 7|
|0, 14, 0, 11|---> |6, 10| possibles  |0, 7|
|2, 2, 0, 11|---> |3, 10| possibles  |2, 6, 11, 15|
|2, 5, 0, 11|---> |3, 10| possibles  |2, 6, 11, 15|
|2, 9, 0, 11|---> |8, 10| possibles  |0, 2|
|2, 10, 0, 11|---> |8, 10| possibles  |0, 2|
|2, 14, 0, 11|---> |8, 10| possibles  |0, 2|
|5, 5, 0, 11|---> |3, 10| possibles  |2, 6, 11, 15|
|5, 9, 0, 11|---> |7, 10| possibles  |6, 15|
|5, 10, 0, 11|---> |7, 10| possibles  |6, 15|
|5, 14, 0, 11|---> |8, 10| possibles  |0, 2|
|9, 9, 0, 11|---> |1, 10| possibles  |0, 4, 15|
|9, 10, 0, 11|---> |6, 10| possibles  |0, 7|
|9, 14, 0, 11|---> |6, 10| possibles  |0, 7|
|10, 10, 0, 11|---> |2, 10| possibles  |8, 15|
|10, 14, 0, 11|---> |6, 10| possibles  |0, 7|
|14, 14, 0, 11|---> |6, 10| possibles  |0, 7|
|0, 0, 0, 12|---> |1, 6| possibles  |0, 3, 9|
|0, 2, 0, 12|---> |6, 8| possibles  |0, 9, 10, 14|
|0, 5, 0, 12|---> |6, 8| possibles  |0, 9, 10, 14|
|0, 9, 0, 12|---> |1, 6| possibles  |0, 3, 9|
|0, 10, 0, 12|---> |6, 6| possibles  |0, 3, 7, 9, 10, 12, 13, 14|
|0, 14, 0, 12|---> |6, 6| possibles  |0, 3, 7, 9, 10, 12, 13, 14|
|2, 2, 0, 12|---> |3, 13| possibles  |5, 6, 11, 15|
|2, 5, 0, 12|---> |3, 13| possibles  |5, 6, 11, 15|
|2, 9, 0, 12|---> |6, 8| possibles  |0, 9, 10, 14|
|2, 10, 0, 12|---> |6, 8| possibles  |0, 9, 10, 14|
|2, 14, 0, 12|---> |6, 8| possibles  |0, 9, 10, 14|
|5, 5, 0, 12|---> |3, 13| possibles  |5, 6, 11, 15|
|5, 9, 0, 12|---> |4, 6| possibles  |9, 10, 12, 14|
|5, 10, 0, 12|---> |4, 6| possibles  |9, 10, 12, 14|
|5, 14, 0, 12|---> |4, 6| possibles  |9, 10, 12, 14|
|9, 9, 0, 12|---> |1, 6| possibles  |0, 3, 9|
|9, 10, 0, 12|---> |4, 6| possibles  |9, 10, 12, 14|
|9, 14, 0, 12|---> |4, 6| possibles  |9, 10, 12, 14|
|10, 10, 0, 12|---> |2, 6| possibles  |3, 10, 12|
|10, 14, 0, 12|---> |4, 6| possibles  |9, 10, 12, 14|
|14, 14, 0, 12|---> |4, 6| possibles  |9, 10, 12, 14|
|0, 0, 0, 14|---> |1, 6| possibles  |0, 3, 9|
|0, 5, 0, 14|---> |6, 8| possibles  |0, 9, 10, 14|
|0, 6, 0, 14|---> |6, 10| possibles  |0, 7|
|0, 11, 0, 14|---> |6, 10| possibles  |0, 7|
|0, 12, 0, 14|---> |6, 6| possibles  |0, 3, 7, 9, 10, 12, 13, 14|
|0, 15, 0, 14|---> |1, 6| possibles  |0, 3, 9|
|5, 5, 0, 14|---> |3, 8| possibles  |2, 5|
|5, 6, 0, 14|---> |3, 8| possibles  |2, 5|
|5, 11, 0, 14|---> |3, 8| possibles  |2, 5|
|5, 12, 0, 14|---> |4, 6| possibles  |9, 10, 12, 14|
|5, 15, 0, 14|---> |3, 8| possibles  |2, 5|
|6, 6, 0, 14|---> |3, 8| possibles  |2, 5|
|6, 11, 0, 14|---> |3, 8| possibles  |2, 5|
|6, 12, 0, 14|---> |6, 9| possibles  |7, 12|
|6, 15, 0, 14|---> |3, 8| possibles  |2, 5|
|11, 11, 0, 14|---> |3, 8| possibles  |2, 5|
|11, 12, 0, 14|---> |6, 9| possibles  |7, 12|
|11, 15, 0, 14|---> |3, 8| possibles  |2, 5|
|12, 12, 0, 14|---> |2, 6| possibles  |3, 10, 12|
|12, 15, 0, 14|---> |2, 6| possibles  |3, 10, 12|
|15, 15, 0, 14|---> |1, 6| possibles  |0, 3, 9|
|0, 0, 0, 15|---> |1, 1| possibles  |0, 3, 4, 9, 15|
|0, 2, 0, 15|---> |1, 8| possibles  |0, 9|
|0, 5, 0, 15|---> |1, 8| possibles  |0, 9|
|0, 9, 0, 15|---> |1, 1| possibles  |0, 3, 4, 9, 15|
|0, 10, 0, 15|---> |1, 6| possibles  |0, 3, 9|
|0, 14, 0, 15|---> |1, 6| possibles  |0, 3, 9|
|2, 2, 0, 15|---> |3, 10| possibles  |2, 6, 11, 15|
|2, 5, 0, 15|---> |3, 10| possibles  |2, 6, 11, 15|
|2, 9, 0, 15|---> |1, 8| possibles  |0, 9|
|2, 10, 0, 15|---> |1, 8| possibles  |0, 9|
|2, 14, 0, 15|---> |1, 8| possibles  |0, 9|
|5, 5, 0, 15|---> |3, 10| possibles  |2, 6, 11, 15|
|5, 9, 0, 15|---> |1, 4| possibles  |9|
|5, 10, 0, 15|---> |1, 4| possibles  |9|
|5, 14, 0, 15|---> |1, 4| possibles  |9|
|9, 9, 0, 15|---> |1, 1| possibles  |0, 3, 4, 9, 15|
|9, 10, 0, 15|---> |1, 4| possibles  |9|
|9, 14, 0, 15|---> |1, 4| possibles  |9|
|10, 10, 0, 15|---> |1, 2| possibles  |3, 15|
|10, 14, 0, 15|---> |1, 4| possibles  |9|
|14, 14, 0, 15|---> |1, 4| possibles  |9|
|0, 0, 2, 2|---> |1, 8| possibles  |0, 9|
|0, 5, 2, 2|---> |3, 8| possibles  |2, 5|
|0, 6, 2, 2|---> |3, 10| possibles  |2, 6, 11, 15|
|0, 11, 2, 2|---> |3, 10| possibles  |2, 6, 11, 15|
|0, 12, 2, 2|---> |6, 8| possibles  |0, 9, 10, 14|
|0, 15, 2, 2|---> |1, 8| possibles  |0, 9|
|5, 5, 2, 2|---> |3, 3| possibles  |1, 2, 5, 6, 11, 15|
|5, 6, 2, 2|---> |3, 3| possibles  |1, 2, 5, 6, 11, 15|
|5, 11, 2, 2|---> |3, 3| possibles  |1, 2, 5, 6, 11, 15|
|5, 12, 2, 2|---> |3, 4| possibles  |1, 5|
|5, 15, 2, 2|---> |3, 3| possibles  |1, 2, 5, 6, 11, 15|
|6, 6, 2, 2|---> |3, 3| possibles  |1, 2, 5, 6, 11, 15|
|6, 11, 2, 2|---> |3, 3| possibles  |1, 2, 5, 6, 11, 15|
|6, 12, 2, 2|---> |3, 9| possibles  |1, 6, 11, 15|
|6, 15, 2, 2|---> |3, 3| possibles  |1, 2, 5, 6, 11, 15|
|11, 11, 2, 2|---> |3, 3| possibles  |1, 2, 5, 6, 11, 15|
|11, 12, 2, 2|---> |3, 9| possibles  |1, 6, 11, 15|
|11, 15, 2, 2|---> |3, 3| possibles  |1, 2, 5, 6, 11, 15|
|12, 12, 2, 2|---> |2, 8| possibles  |10|
|12, 15, 2, 2|---> |2, 8| possibles  |10|
|15, 15, 2, 2|---> |1, 8| possibles  |0, 9|
|0, 0, 2, 5|---> |1, 8| possibles  |0, 9|
|0, 5, 2, 5|---> |3, 8| possibles  |2, 5|
|0, 6, 2, 5|---> |3, 10| possibles  |2, 6, 11, 15|
|0, 11, 2, 5|---> |3, 10| possibles  |2, 6, 11, 15|
|0, 12, 2, 5|---> |6, 8| possibles  |0, 9, 10, 14|
|0, 15, 2, 5|---> |1, 8| possibles  |0, 9|
|5, 5, 2, 5|---> |3, 3| possibles  |1, 2, 5, 6, 11, 15|
|5, 6, 2, 5|---> |3, 3| possibles  |1, 2, 5, 6, 11, 15|
|5, 11, 2, 5|---> |3, 3| possibles  |1, 2, 5, 6, 11, 15|
|5, 12, 2, 5|---> |3, 4| possibles  |1, 5|
|5, 15, 2, 5|---> |3, 3| possibles  |1, 2, 5, 6, 11, 15|
|6, 6, 2, 5|---> |3, 3| possibles  |1, 2, 5, 6, 11, 15|
|6, 11, 2, 5|---> |3, 3| possibles  |1, 2, 5, 6, 11, 15|
|6, 12, 2, 5|---> |3, 9| possibles  |1, 6, 11, 15|
|6, 15, 2, 5|---> |3, 3| possibles  |1, 2, 5, 6, 11, 15|
|11, 11, 2, 5|---> |3, 3| possibles  |1, 2, 5, 6, 11, 15|
|11, 12, 2, 5|---> |3, 9| possibles  |1, 6, 11, 15|
|11, 15, 2, 5|---> |3, 3| possibles  |1, 2, 5, 6, 11, 15|
|12, 12, 2, 5|---> |2, 8| possibles  |10|
|12, 15, 2, 5|---> |2, 8| possibles  |10|
|15, 15, 2, 5|---> |1, 8| possibles  |0, 9|
|0, 0, 2, 9|---> |1, 8| possibles  |0, 9|
|0, 5, 2, 9|---> |8, 8| possibles  |0, 2, 5, 9, 10, 14|
|0, 6, 2, 9|---> |8, 10| possibles  |0, 2|
|0, 11, 2, 9|---> |8, 10| possibles  |0, 2|
|0, 12, 2, 9|---> |6, 8| possibles  |0, 9, 10, 14|
|0, 15, 2, 9|---> |1, 8| possibles  |0, 9|
|5, 5, 2, 9|---> |3, 8| possibles  |2, 5|
|5, 6, 2, 9|---> |3, 8| possibles  |2, 5|
|5, 11, 2, 9|---> |3, 8| possibles  |2, 5|
|5, 12, 2, 9|---> |4, 8| possibles  |5, 9, 10, 14|
|5, 15, 2, 9|---> |3, 8| possibles  |2, 5|
|6, 6, 2, 9|---> |3, 8| possibles  |2, 5|
|6, 11, 2, 9|---> |3, 8| possibles  |2, 5|
|6, 12, 2, 9|---> |9, 12| possibles  |4, 6|
|6, 15, 2, 9|---> |3, 8| possibles  |2, 5|
|11, 11, 2, 9|---> |3, 8| possibles  |2, 5|
|11, 12, 2, 9|---> |9, 12| possibles  |4, 6|
|11, 15, 2, 9|---> |3, 8| possibles  |2, 5|
|12, 12, 2, 9|---> |2, 8| possibles  |10|
|12, 15, 2, 9|---> |2, 8| possibles  |10|
|15, 15, 2, 9|---> |1, 8| possibles  |0, 9|
|0, 0, 2, 10|---> |1, 8| possibles  |0, 9|
|0, 5, 2, 10|---> |8, 8| possibles  |0, 2, 5, 9, 10, 14|
|0, 6, 2, 10|---> |8, 10| possibles  |0, 2|
|0, 11, 2, 10|---> |8, 10| possibles  |0, 2|
|0, 12, 2, 10|---> |6, 8| possibles  |0, 9, 10, 14|
|0, 15, 2, 10|---> |1, 8| possibles  |0, 9|
|5, 5, 2, 10|---> |3, 8| possibles  |2, 5|
|5, 6, 2, 10|---> |3, 8| possibles  |2, 5|
|5, 11, 2, 10|---> |3, 8| possibles  |2, 5|
|5, 12, 2, 10|---> |4, 8| possibles  |5, 9, 10, 14|
|5, 15, 2, 10|---> |3, 8| possibles  |2, 5|
|6, 6, 2, 10|---> |3, 8| possibles  |2, 5|
|6, 11, 2, 10|---> |3, 8| possibles  |2, 5|
|6, 12, 2, 10|---> |9, 15| possibles  |1, 7|
|6, 15, 2, 10|---> |3, 8| possibles  |2, 5|
|11, 11, 2, 10|---> |3, 8| possibles  |2, 5|
|11, 12, 2, 10|---> |9, 15| possibles  |1, 7|
|11, 15, 2, 10|---> |3, 8| possibles  |2, 5|
|12, 12, 2, 10|---> |2, 8| possibles  |10|
|12, 15, 2, 10|---> |2, 8| possibles  |10|
|15, 15, 2, 10|---> |1, 8| possibles  |0, 9|
|0, 0, 2, 14|---> |1, 8| possibles  |0, 9|
|0, 5, 2, 14|---> |8, 8| possibles  |0, 2, 5, 9, 10, 14|
|0, 6, 2, 14|---> |8, 10| possibles  |0, 2|
|0, 11, 2, 14|---> |8, 10| possibles  |0, 2|
|0, 12, 2, 14|---> |6, 8| possibles  |0, 9, 10, 14|
|0, 15, 2, 14|---> |1, 8| possibles  |0, 9|
|5, 5, 2, 14|---> |3, 8| possibles  |2, 5|
|5, 6, 2, 14|---> |3, 8| possibles  |2, 5|
|5, 11, 2, 14|---> |3, 8| possibles  |2, 5|
|5, 12, 2, 14|---> |4, 8| possibles  |5, 9, 10, 14|
|5, 15, 2, 14|---> |3, 8| possibles  |2, 5|
|6, 6, 2, 14|---> |3, 8| possibles  |2, 5|
|6, 11, 2, 14|---> |3, 8| possibles  |2, 5|
|6, 12, 2, 14|---> |9, 15| possibles  |1, 7|
|6, 15, 2, 14|---> |3, 8| possibles  |2, 5|
|11, 11, 2, 14|---> |3, 8| possibles  |2, 5|
|11, 12, 2, 14|---> |9, 15| possibles  |1, 7|
|11, 15, 2, 14|---> |3, 8| possibles  |2, 5|
|12, 12, 2, 14|---> |2, 8| possibles  |10|
|12, 15, 2, 14|---> |2, 8| possibles  |10|
|15, 15, 2, 14|---> |1, 8| possibles  |0, 9|
|0, 0, 5, 5|---> |1, 4| possibles  |9|
|0, 0, 5, 5|---> |1, 4| possibles  |9|
|0, 2, 5, 5|---> |3, 8| possibles  |2, 5|
|0, 5, 5, 5|---> |3, 8| possibles  |2, 5|
|0, 5, 5, 5|---> |3, 8| possibles  |2, 5|
|0, 6, 5, 5|---> |3, 10| possibles  |2, 6, 11, 15|
|0, 9, 5, 5|---> |1, 4| possibles  |9|
|0, 10, 5, 5|---> |4, 6| possibles  |9, 10, 12, 14|
|0, 11, 5, 5|---> |3, 10| possibles  |2, 6, 11, 15|
|0, 12, 5, 5|---> |4, 6| possibles  |9, 10, 12, 14|
|0, 14, 5, 5|---> |4, 6| possibles  |9, 10, 12, 14|
|0, 15, 5, 5|---> |1, 4| possibles  |9|
|2, 2, 5, 5|---> |3, 3| possibles  |1, 2, 5, 6, 11, 15|
|2, 5, 5, 5|---> |3, 3| possibles  |1, 2, 5, 6, 11, 15|
|2, 9, 5, 5|---> |3, 8| possibles  |2, 5|
|2, 10, 5, 5|---> |3, 8| possibles  |2, 5|
|2, 14, 5, 5|---> |3, 8| possibles  |2, 5|
|5, 5, 5, 5|---> |3, 3| possibles  |1, 2, 5, 6, 11, 15|
|5, 5, 5, 5|---> |3, 3| possibles  |1, 2, 5, 6, 11, 15|
|5, 6, 5, 5|---> |3, 3| possibles  |1, 2, 5, 6, 11, 15|
|5, 9, 5, 5|---> |3, 4| possibles  |1, 5|
|5, 10, 5, 5|---> |3, 4| possibles  |1, 5|
|5, 11, 5, 5|---> |3, 3| possibles  |1, 2, 5, 6, 11, 15|
|5, 12, 5, 5|---> |3, 4| possibles  |1, 5|
|5, 14, 5, 5|---> |3, 4| possibles  |1, 5|
|5, 15, 5, 5|---> |3, 3| possibles  |1, 2, 5, 6, 11, 15|
|6, 6, 5, 5|---> |3, 3| possibles  |1, 2, 5, 6, 11, 15|
|6, 11, 5, 5|---> |3, 3| possibles  |1, 2, 5, 6, 11, 15|
|6, 12, 5, 5|---> |3, 9| possibles  |1, 6, 11, 15|
|6, 15, 5, 5|---> |3, 3| possibles  |1, 2, 5, 6, 11, 15|
|9, 9, 5, 5|---> |1, 4| possibles  |9|
|9, 10, 5, 5|---> |3, 4| possibles  |1, 5|
|9, 14, 5, 5|---> |3, 4| possibles  |1, 5|
|10, 10, 5, 5|---> |2, 4| possibles  |10, 12|
|10, 14, 5, 5|---> |3, 4| possibles  |1, 5|
|11, 11, 5, 5|---> |3, 3| possibles  |1, 2, 5, 6, 11, 15|
|11, 12, 5, 5|---> |3, 9| possibles  |1, 6, 11, 15|
|11, 15, 5, 5|---> |3, 3| possibles  |1, 2, 5, 6, 11, 15|
|12, 12, 5, 5|---> |2, 4| possibles  |10, 12|
|12, 15, 5, 5|---> |2, 4| possibles  |10, 12|
|14, 14, 5, 5|---> |3, 4| possibles  |1, 5|
|15, 15, 5, 5|---> |1, 4| possibles  |9|
|0, 0, 5, 6|---> |1, 7| possibles  |9, 15|
|0, 2, 5, 6|---> |3, 8| possibles  |2, 5|
|0, 5, 5, 6|---> |3, 8| possibles  |2, 5|
|0, 9, 5, 6|---> |1, 7| possibles  |9, 15|
|0, 10, 5, 6|---> |6, 7| possibles  |9, 10|
|0, 14, 5, 6|---> |6, 7| possibles  |9, 10|
|2, 2, 5, 6|---> |3, 3| possibles  |1, 2, 5, 6, 11, 15|
|2, 5, 5, 6|---> |3, 3| possibles  |1, 2, 5, 6, 11, 15|
|2, 9, 5, 6|---> |3, 8| possibles  |2, 5|
|2, 10, 5, 6|---> |3, 8| possibles  |2, 5|
|2, 14, 5, 6|---> |3, 8| possibles  |2, 5|
|5, 5, 5, 6|---> |3, 3| possibles  |1, 2, 5, 6, 11, 15|
|5, 9, 5, 6|---> |3, 4| possibles  |1, 5|
|5, 10, 5, 6|---> |3, 4| possibles  |1, 5|
|5, 14, 5, 6|---> |3, 4| possibles  |1, 5|
|9, 9, 5, 6|---> |1, 7| possibles  |9, 15|
|9, 10, 5, 6|---> |3, 4| possibles  |1, 5|
|9, 14, 5, 6|---> |3, 4| possibles  |1, 5|
|10, 10, 5, 6|---> |2, 7| possibles  |10, 15|
|10, 14, 5, 6|---> |3, 4| possibles  |1, 5|
|14, 14, 5, 6|---> |3, 4| possibles  |1, 5|
|0, 0, 5, 9|---> |1, 4| possibles  |9|
|0, 5, 5, 9|---> |4, 8| possibles  |5, 9, 10, 14|
|0, 6, 5, 9|---> |7, 10| possibles  |6, 15|
|0, 11, 5, 9|---> |7, 10| possibles  |6, 15|
|0, 12, 5, 9|---> |4, 6| possibles  |9, 10, 12, 14|
|0, 15, 5, 9|---> |1, 4| possibles  |9|
|5, 5, 5, 9|---> |3, 4| possibles  |1, 5|
|5, 6, 5, 9|---> |3, 4| possibles  |1, 5|
|5, 11, 5, 9|---> |3, 4| possibles  |1, 5|
|5, 12, 5, 9|---> |4, 4| possibles  |1, 5, 9, 10, 12, 14|
|5, 15, 5, 9|---> |3, 4| possibles  |1, 5|
|6, 6, 5, 9|---> |3, 4| possibles  |1, 5|
|6, 11, 5, 9|---> |3, 4| possibles  |1, 5|
|6, 12, 5, 9|---> |4, 9| possibles  |1, 12|
|6, 15, 5, 9|---> |3, 4| possibles  |1, 5|
|11, 11, 5, 9|---> |3, 4| possibles  |1, 5|
|11, 12, 5, 9|---> |4, 9| possibles  |1, 12|
|11, 15, 5, 9|---> |3, 4| possibles  |1, 5|
|12, 12, 5, 9|---> |2, 4| possibles  |10, 12|
|12, 15, 5, 9|---> |2, 4| possibles  |10, 12|
|15, 15, 5, 9|---> |1, 4| possibles  |9|
|0, 0, 5, 10|---> |1, 4| possibles  |9|
|0, 5, 5, 10|---> |4, 8| possibles  |5, 9, 10, 14|
|0, 6, 5, 10|---> |7, 10| possibles  |6, 15|
|0, 11, 5, 10|---> |7, 10| possibles  |6, 15|
|0, 12, 5, 10|---> |4, 6| possibles  |9, 10, 12, 14|
|0, 15, 5, 10|---> |1, 4| possibles  |9|
|5, 5, 5, 10|---> |3, 4| possibles  |1, 5|
|5, 6, 5, 10|---> |3, 4| possibles  |1, 5|
|5, 11, 5, 10|---> |3, 4| possibles  |1, 5|
|5, 12, 5, 10|---> |4, 4| possibles  |1, 5, 9, 10, 12, 14|
|5, 15, 5, 10|---> |3, 4| possibles  |1, 5|
|6, 6, 5, 10|---> |3, 4| possibles  |1, 5|
|6, 11, 5, 10|---> |3, 4| possibles  |1, 5|
|6, 12, 5, 10|---> |4, 9| possibles  |1, 12|
|6, 15, 5, 10|---> |3, 4| possibles  |1, 5|
|11, 11, 5, 10|---> |3, 4| possibles  |1, 5|
|11, 12, 5, 10|---> |4, 9| possibles  |1, 12|
|11, 15, 5, 10|---> |3, 4| possibles  |1, 5|
|12, 12, 5, 10|---> |2, 4| possibles  |10, 12|
|12, 15, 5, 10|---> |2, 4| possibles  |10, 12|
|15, 15, 5, 10|---> |1, 4| possibles  |9|
|0, 0, 5, 11|---> |3, 8| possibles  |2, 5|
|0, 2, 5, 11|---> |3, 8| possibles  |2, 5|
|0, 5, 5, 11|---> |3, 8| possibles  |2, 5|
|0, 9, 5, 11|---> |3, 8| possibles  |2, 5|
|0, 10, 5, 11|---> |3, 8| possibles  |2, 5|
|0, 14, 5, 11|---> |3, 8| possibles  |2, 5|
|2, 2, 5, 11|---> |3, 3| possibles  |1, 2, 5, 6, 11, 15|
|2, 5, 5, 11|---> |3, 3| possibles  |1, 2, 5, 6, 11, 15|
|2, 9, 5, 11|---> |3, 8| possibles  |2, 5|
|2, 10, 5, 11|---> |3, 8| possibles  |2, 5|
|2, 14, 5, 11|---> |3, 8| possibles  |2, 5|
|5, 5, 5, 11|---> |3, 3| possibles  |1, 2, 5, 6, 11, 15|
|5, 9, 5, 11|---> |3, 4| possibles  |1, 5|
|5, 10, 5, 11|---> |3, 4| possibles  |1, 5|
|5, 14, 5, 11|---> |3, 4| possibles  |1, 5|
|9, 9, 5, 11|---> |3, 4| possibles  |1, 5|
|9, 10, 5, 11|---> |3, 4| possibles  |1, 5|
|9, 14, 5, 11|---> |3, 4| possibles  |1, 5|
|10, 10, 5, 11|---> |3, 4| possibles  |1, 5|
|10, 14, 5, 11|---> |3, 4| possibles  |1, 5|
|14, 14, 5, 11|---> |3, 4| possibles  |1, 5|
|0, 0, 5, 12|---> |1, 4| possibles  |9|
|0, 2, 5, 12|---> |4, 8| possibles  |5, 9, 10, 14|
|0, 5, 5, 12|---> |4, 8| possibles  |5, 9, 10, 14|
|0, 9, 5, 12|---> |1, 4| possibles  |9|
|0, 10, 5, 12|---> |4, 6| possibles  |9, 10, 12, 14|
|0, 14, 5, 12|---> |4, 6| possibles  |9, 10, 12, 14|
|2, 2, 5, 12|---> |3, 4| possibles  |1, 5|
|2, 5, 5, 12|---> |3, 4| possibles  |1, 5|
|2, 9, 5, 12|---> |4, 8| possibles  |5, 9, 10, 14|
|2, 10, 5, 12|---> |4, 8| possibles  |5, 9, 10, 14|
|2, 14, 5, 12|---> |4, 8| possibles  |5, 9, 10, 14|
|5, 5, 5, 12|---> |3, 4| possibles  |1, 5|
|5, 9, 5, 12|---> |4, 4| possibles  |1, 5, 9, 10, 12, 14|
|5, 10, 5, 12|---> |4, 4| possibles  |1, 5, 9, 10, 12, 14|
|5, 14, 5, 12|---> |4, 4| possibles  |1, 5, 9, 10, 12, 14|
|9, 9, 5, 12|---> |1, 4| possibles  |9|
|9, 10, 5, 12|---> |4, 4| possibles  |1, 5, 9, 10, 12, 14|
|9, 14, 5, 12|---> |4, 4| possibles  |1, 5, 9, 10, 12, 14|
|10, 10, 5, 12|---> |2, 4| possibles  |10, 12|
|10, 14, 5, 12|---> |4, 4| possibles  |1, 5, 9, 10, 12, 14|
|14, 14, 5, 12|---> |4, 4| possibles  |1, 5, 9, 10, 12, 14|
|0, 0, 5, 14|---> |1, 4| possibles  |9|
|0, 5, 5, 14|---> |4, 8| possibles  |5, 9, 10, 14|
|0, 6, 5, 14|---> |8, 10| possibles  |0, 2|
|0, 11, 5, 14|---> |8, 10| possibles  |0, 2|
|0, 12, 5, 14|---> |4, 6| possibles  |9, 10, 12, 14|
|0, 15, 5, 14|---> |1, 4| possibles  |9|
|5, 5, 5, 14|---> |3, 4| possibles  |1, 5|
|5, 6, 5, 14|---> |3, 4| possibles  |1, 5|
|5, 11, 5, 14|---> |3, 4| possibles  |1, 5|
|5, 12, 5, 14|---> |4, 4| possibles  |1, 5, 9, 10, 12, 14|
|5, 15, 5, 14|---> |3, 4| possibles  |1, 5|
|6, 6, 5, 14|---> |3, 4| possibles  |1, 5|
|6, 11, 5, 14|---> |3, 4| possibles  |1, 5|
|6, 12, 5, 14|---> |4, 9| possibles  |1, 12|
|6, 15, 5, 14|---> |3, 4| possibles  |1, 5|
|11, 11, 5, 14|---> |3, 4| possibles  |1, 5|
|11, 12, 5, 14|---> |4, 9| possibles  |1, 12|
|11, 15, 5, 14|---> |3, 4| possibles  |1, 5|
|12, 12, 5, 14|---> |2, 4| possibles  |10, 12|
|12, 15, 5, 14|---> |2, 4| possibles  |10, 12|
|15, 15, 5, 14|---> |1, 4| possibles  |9|
|0, 0, 5, 15|---> |1, 7| possibles  |9, 15|
|0, 2, 5, 15|---> |3, 8| possibles  |2, 5|
|0, 5, 5, 15|---> |3, 8| possibles  |2, 5|
|0, 9, 5, 15|---> |1, 7| possibles  |9, 15|
|0, 10, 5, 15|---> |6, 7| possibles  |9, 10|
|0, 14, 5, 15|---> |6, 7| possibles  |9, 10|
|2, 2, 5, 15|---> |3, 3| possibles  |1, 2, 5, 6, 11, 15|
|2, 5, 5, 15|---> |3, 3| possibles  |1, 2, 5, 6, 11, 15|
|2, 9, 5, 15|---> |3, 8| possibles  |2, 5|
|2, 10, 5, 15|---> |3, 8| possibles  |2, 5|
|2, 14, 5, 15|---> |3, 8| possibles  |2, 5|
|5, 5, 5, 15|---> |3, 3| possibles  |1, 2, 5, 6, 11, 15|
|5, 9, 5, 15|---> |3, 4| possibles  |1, 5|
|5, 10, 5, 15|---> |3, 4| possibles  |1, 5|
|5, 14, 5, 15|---> |3, 4| possibles  |1, 5|
|9, 9, 5, 15|---> |1, 7| possibles  |9, 15|
|9, 10, 5, 15|---> |3, 4| possibles  |1, 5|
|9, 14, 5, 15|---> |3, 4| possibles  |1, 5|
|10, 10, 5, 15|---> |2, 7| possibles  |10, 15|
|10, 14, 5, 15|---> |3, 4| possibles  |1, 5|
|14, 14, 5, 15|---> |3, 4| possibles  |1, 5|
|0, 0, 6, 6|---> |1, 7| possibles  |9, 15|
|0, 2, 6, 6|---> |3, 8| possibles  |2, 5|
|0, 5, 6, 6|---> |3, 8| possibles  |2, 5|
|0, 9, 6, 6|---> |1, 7| possibles  |9, 15|
|0, 10, 6, 6|---> |6, 7| possibles  |9, 10|
|0, 14, 6, 6|---> |6, 7| possibles  |9, 10|
|2, 2, 6, 6|---> |3, 3| possibles  |1, 2, 5, 6, 11, 15|
|2, 5, 6, 6|---> |3, 3| possibles  |1, 2, 5, 6, 11, 15|
|2, 9, 6, 6|---> |3, 8| possibles  |2, 5|
|2, 10, 6, 6|---> |3, 8| possibles  |2, 5|
|2, 14, 6, 6|---> |3, 8| possibles  |2, 5|
|5, 5, 6, 6|---> |3, 3| possibles  |1, 2, 5, 6, 11, 15|
|5, 9, 6, 6|---> |3, 4| possibles  |1, 5|
|5, 10, 6, 6|---> |3, 4| possibles  |1, 5|
|5, 14, 6, 6|---> |3, 4| possibles  |1, 5|
|9, 9, 6, 6|---> |1, 7| possibles  |9, 15|
|9, 10, 6, 6|---> |3, 4| possibles  |1, 5|
|9, 14, 6, 6|---> |3, 4| possibles  |1, 5|
|10, 10, 6, 6|---> |2, 7| possibles  |10, 15|
|10, 14, 6, 6|---> |3, 4| possibles  |1, 5|
|14, 14, 6, 6|---> |3, 4| possibles  |1, 5|
|0, 0, 6, 11|---> |1, 9| possibles  |4, 15|
|0, 2, 6, 11|---> |3, 8| possibles  |2, 5|
|0, 5, 6, 11|---> |3, 8| possibles  |2, 5|
|0, 9, 6, 11|---> |1, 9| possibles  |4, 15|
|0, 10, 6, 11|---> |6, 9| possibles  |7, 12|
|0, 14, 6, 11|---> |6, 9| possibles  |7, 12|
|2, 2, 6, 11|---> |3, 3| possibles  |1, 2, 5, 6, 11, 15|
|2, 5, 6, 11|---> |3, 3| possibles  |1, 2, 5, 6, 11, 15|
|2, 9, 6, 11|---> |3, 8| possibles  |2, 5|
|2, 10, 6, 11|---> |3, 8| possibles  |2, 5|
|2, 14, 6, 11|---> |3, 8| possibles  |2, 5|
|5, 5, 6, 11|---> |3, 3| possibles  |1, 2, 5, 6, 11, 15|
|5, 9, 6, 11|---> |3, 4| possibles  |1, 5|
|5, 10, 6, 11|---> |3, 4| possibles  |1, 5|
|5, 14, 6, 11|---> |3, 4| possibles  |1, 5|
|9, 9, 6, 11|---> |1, 9| possibles  |4, 15|
|9, 10, 6, 11|---> |3, 4| possibles  |1, 5|
|9, 14, 6, 11|---> |3, 4| possibles  |1, 5|
|10, 10, 6, 11|---> |2, 9| possibles  |8, 12, 15|
|10, 14, 6, 11|---> |3, 4| possibles  |1, 5|
|14, 14, 6, 11|---> |3, 4| possibles  |1, 5|
|0, 0, 6, 12|---> |1, 9| possibles  |4, 15|
|0, 2, 6, 12|---> |9, 10| possibles  |4, 6, 7, 8, 11, 15|
|0, 5, 6, 12|---> |9, 13| possibles  |6, 11, 12, 15|
|0, 9, 6, 12|---> |1, 9| possibles  |4, 15|
|0, 10, 6, 12|---> |6, 9| possibles  |7, 12|
|0, 14, 6, 12|---> |6, 9| possibles  |7, 12|
|2, 2, 6, 12|---> |3, 9| possibles  |1, 6, 11, 15|
|2, 5, 6, 12|---> |3, 9| possibles  |1, 6, 11, 15|
|2, 9, 6, 12|---> |9, 12| possibles  |4, 6|
|2, 10, 6, 12|---> |9, 15| possibles  |1, 7|
|2, 14, 6, 12|---> |9, 15| possibles  |1, 7|
|5, 5, 6, 12|---> |3, 9| possibles  |1, 6, 11, 15|
|5, 9, 6, 12|---> |4, 9| possibles  |1, 12|
|5, 10, 6, 12|---> |4, 9| possibles  |1, 12|
|5, 14, 6, 12|---> |4, 9| possibles  |1, 12|
|9, 9, 6, 12|---> |1, 9| possibles  |4, 15|
|9, 10, 6, 12|---> |4, 9| possibles  |1, 12|
|9, 14, 6, 12|---> |4, 9| possibles  |1, 12|
|10, 10, 6, 12|---> |2, 9| possibles  |8, 12, 15|
|10, 14, 6, 12|---> |4, 9| possibles  |1, 12|
|14, 14, 6, 12|---> |4, 9| possibles  |1, 12|
|0, 0, 6, 15|---> |1, 7| possibles  |9, 15|
|0, 2, 6, 15|---> |3, 8| possibles  |2, 5|
|0, 5, 6, 15|---> |3, 8| possibles  |2, 5|
|0, 9, 6, 15|---> |1, 7| possibles  |9, 15|
|0, 10, 6, 15|---> |6, 7| possibles  |9, 10|
|0, 14, 6, 15|---> |6, 7| possibles  |9, 10|
|2, 2, 6, 15|---> |3, 3| possibles  |1, 2, 5, 6, 11, 15|
|2, 5, 6, 15|---> |3, 3| possibles  |1, 2, 5, 6, 11, 15|
|2, 9, 6, 15|---> |3, 8| possibles  |2, 5|
|2, 10, 6, 15|---> |3, 8| possibles  |2, 5|
|2, 14, 6, 15|---> |3, 8| possibles  |2, 5|
|5, 5, 6, 15|---> |3, 3| possibles  |1, 2, 5, 6, 11, 15|
|5, 9, 6, 15|---> |3, 4| possibles  |1, 5|
|5, 10, 6, 15|---> |3, 4| possibles  |1, 5|
|5, 14, 6, 15|---> |3, 4| possibles  |1, 5|
|9, 9, 6, 15|---> |1, 7| possibles  |9, 15|
|9, 10, 6, 15|---> |3, 4| possibles  |1, 5|
|9, 14, 6, 15|---> |3, 4| possibles  |1, 5|
|10, 10, 6, 15|---> |2, 7| possibles  |10, 15|
|10, 14, 6, 15|---> |3, 4| possibles  |1, 5|
|14, 14, 6, 15|---> |3, 4| possibles  |1, 5|
|0, 0, 9, 9|---> |1, 1| possibles  |0, 3, 4, 9, 15|
|0, 5, 9, 9|---> |1, 8| possibles  |0, 9|
|0, 6, 9, 9|---> |1, 10| possibles  |0, 4, 15|
|0, 11, 9, 9|---> |1, 10| possibles  |0, 4, 15|
|0, 12, 9, 9|---> |1, 6| possibles  |0, 3, 9|
|0, 15, 9, 9|---> |1, 1| possibles  |0, 3, 4, 9, 15|
|5, 5, 9, 9|---> |3, 4| possibles  |1, 5|
|5, 6, 9, 9|---> |3, 4| possibles  |1, 5|
|5, 11, 9, 9|---> |3, 4| possibles  |1, 5|
|5, 12, 9, 9|---> |1, 4| possibles  |9|
|5, 15, 9, 9|---> |3, 4| possibles  |1, 5|
|6, 6, 9, 9|---> |3, 4| possibles  |1, 5|
|6, 11, 9, 9|---> |3, 4| possibles  |1, 5|
|6, 12, 9, 9|---> |1, 9| possibles  |4, 15|
|6, 15, 9, 9|---> |3, 4| possibles  |1, 5|
|11, 11, 9, 9|---> |3, 4| possibles  |1, 5|
|11, 12, 9, 9|---> |1, 9| possibles  |4, 15|
|11, 15, 9, 9|---> |3, 4| possibles  |1, 5|
|12, 12, 9, 9|---> |1, 2| possibles  |3, 15|
|12, 15, 9, 9|---> |1, 2| possibles  |3, 15|
|15, 15, 9, 9|---> |1, 1| possibles  |0, 3, 4, 9, 15|
|0, 0, 9, 10|---> |1, 4| possibles  |9|
|0, 5, 9, 10|---> |4, 8| possibles  |5, 9, 10, 14|
|0, 6, 9, 10|---> |6, 10| possibles  |0, 7|
|0, 11, 9, 10|---> |6, 10| possibles  |0, 7|
|0, 12, 9, 10|---> |4, 6| possibles  |9, 10, 12, 14|
|0, 15, 9, 10|---> |1, 4| possibles  |9|
|5, 5, 9, 10|---> |3, 4| possibles  |1, 5|
|5, 6, 9, 10|---> |3, 4| possibles  |1, 5|
|5, 11, 9, 10|---> |3, 4| possibles  |1, 5|
|5, 12, 9, 10|---> |4, 4| possibles  |1, 5, 9, 10, 12, 14|
|5, 15, 9, 10|---> |3, 4| possibles  |1, 5|
|6, 6, 9, 10|---> |3, 4| possibles  |1, 5|
|6, 11, 9, 10|---> |3, 4| possibles  |1, 5|
|6, 12, 9, 10|---> |4, 9| possibles  |1, 12|
|6, 15, 9, 10|---> |3, 4| possibles  |1, 5|
|11, 11, 9, 10|---> |3, 4| possibles  |1, 5|
|11, 12, 9, 10|---> |4, 9| possibles  |1, 12|
|11, 15, 9, 10|---> |3, 4| possibles  |1, 5|
|12, 12, 9, 10|---> |2, 4| possibles  |10, 12|
|12, 15, 9, 10|---> |2, 4| possibles  |10, 12|
|15, 15, 9, 10|---> |1, 4| possibles  |9|
|0, 0, 9, 14|---> |1, 4| possibles  |9|
|0, 5, 9, 14|---> |4, 8| possibles  |5, 9, 10, 14|
|0, 6, 9, 14|---> |6, 10| possibles  |0, 7|
|0, 11, 9, 14|---> |6, 10| possibles  |0, 7|
|0, 12, 9, 14|---> |4, 6| possibles  |9, 10, 12, 14|
|0, 15, 9, 14|---> |1, 4| possibles  |9|
|5, 5, 9, 14|---> |3, 4| possibles  |1, 5|
|5, 6, 9, 14|---> |3, 4| possibles  |1, 5|
|5, 11, 9, 14|---> |3, 4| possibles  |1, 5|
|5, 12, 9, 14|---> |4, 4| possibles  |1, 5, 9, 10, 12, 14|
|5, 15, 9, 14|---> |3, 4| possibles  |1, 5|
|6, 6, 9, 14|---> |3, 4| possibles  |1, 5|
|6, 11, 9, 14|---> |3, 4| possibles  |1, 5|
|6, 12, 9, 14|---> |4, 9| possibles  |1, 12|
|6, 15, 9, 14|---> |3, 4| possibles  |1, 5|
|11, 11, 9, 14|---> |3, 4| possibles  |1, 5|
|11, 12, 9, 14|---> |4, 9| possibles  |1, 12|
|11, 15, 9, 14|---> |3, 4| possibles  |1, 5|
|12, 12, 9, 14|---> |2, 4| possibles  |10, 12|
|12, 15, 9, 14|---> |2, 4| possibles  |10, 12|
|15, 15, 9, 14|---> |1, 4| possibles  |9|
|0, 0, 10, 10|---> |1, 2| possibles  |3, 15|
|0, 5, 10, 10|---> |2, 8| possibles  |10|
|0, 6, 10, 10|---> |2, 10| possibles  |8, 15|
|0, 11, 10, 10|---> |2, 10| possibles  |8, 15|
|0, 12, 10, 10|---> |2, 6| possibles  |3, 10, 12|
|0, 15, 10, 10|---> |1, 2| possibles  |3, 15|
|5, 5, 10, 10|---> |3, 4| possibles  |1, 5|
|5, 6, 10, 10|---> |3, 4| possibles  |1, 5|
|5, 11, 10, 10|---> |3, 4| possibles  |1, 5|
|5, 12, 10, 10|---> |2, 4| possibles  |10, 12|
|5, 15, 10, 10|---> |3, 4| possibles  |1, 5|
|6, 6, 10, 10|---> |3, 4| possibles  |1, 5|
|6, 11, 10, 10|---> |3, 4| possibles  |1, 5|
|6, 12, 10, 10|---> |2, 9| possibles  |8, 12, 15|
|6, 15, 10, 10|---> |3, 4| possibles  |1, 5|
|11, 11, 10, 10|---> |3, 4| possibles  |1, 5|
|11, 12, 10, 10|---> |2, 9| possibles  |8, 12, 15|
|11, 15, 10, 10|---> |3, 4| possibles  |1, 5|
|12, 12, 10, 10|---> |2, 2| possibles  |3, 8, 10, 12, 15|
|12, 15, 10, 10|---> |2, 2| possibles  |3, 8, 10, 12, 15|
|15, 15, 10, 10|---> |1, 2| possibles  |3, 15|
|0, 0, 10, 14|---> |1, 4| possibles  |9|
|0, 5, 10, 14|---> |4, 8| possibles  |5, 9, 10, 14|
|0, 6, 10, 14|---> |6, 10| possibles  |0, 7|
|0, 11, 10, 14|---> |6, 10| possibles  |0, 7|
|0, 12, 10, 14|---> |4, 6| possibles  |9, 10, 12, 14|
|0, 15, 10, 14|---> |1, 4| possibles  |9|
|5, 5, 10, 14|---> |3, 4| possibles  |1, 5|
|5, 6, 10, 14|---> |3, 4| possibles  |1, 5|
|5, 11, 10, 14|---> |3, 4| possibles  |1, 5|
|5, 12, 10, 14|---> |4, 4| possibles  |1, 5, 9, 10, 12, 14|
|5, 15, 10, 14|---> |3, 4| possibles  |1, 5|
|6, 6, 10, 14|---> |3, 4| possibles  |1, 5|
|6, 11, 10, 14|---> |3, 4| possibles  |1, 5|
|6, 12, 10, 14|---> |4, 9| possibles  |1, 12|
|6, 15, 10, 14|---> |3, 4| possibles  |1, 5|
|11, 11, 10, 14|---> |3, 4| possibles  |1, 5|
|11, 12, 10, 14|---> |4, 9| possibles  |1, 12|
|11, 15, 10, 14|---> |3, 4| possibles  |1, 5|
|12, 12, 10, 14|---> |2, 4| possibles  |10, 12|
|12, 15, 10, 14|---> |2, 4| possibles  |10, 12|
|15, 15, 10, 14|---> |1, 4| possibles  |9|
|0, 0, 11, 11|---> |1, 9| possibles  |4, 15|
|0, 2, 11, 11|---> |3, 8| possibles  |2, 5|
|0, 5, 11, 11|---> |3, 8| possibles  |2, 5|
|0, 9, 11, 11|---> |1, 9| possibles  |4, 15|
|0, 10, 11, 11|---> |6, 9| possibles  |7, 12|
|0, 14, 11, 11|---> |6, 9| possibles  |7, 12|
|2, 2, 11, 11|---> |3, 3| possibles  |1, 2, 5, 6, 11, 15|
|2, 5, 11, 11|---> |3, 3| possibles  |1, 2, 5, 6, 11, 15|
|2, 9, 11, 11|---> |3, 8| possibles  |2, 5|
|2, 10, 11, 11|---> |3, 8| possibles  |2, 5|
|2, 14, 11, 11|---> |3, 8| possibles  |2, 5|
|5, 5, 11, 11|---> |3, 3| possibles  |1, 2, 5, 6, 11, 15|
|5, 9, 11, 11|---> |3, 4| possibles  |1, 5|
|5, 10, 11, 11|---> |3, 4| possibles  |1, 5|
|5, 14, 11, 11|---> |3, 4| possibles  |1, 5|
|9, 9, 11, 11|---> |1, 9| possibles  |4, 15|
|9, 10, 11, 11|---> |3, 4| possibles  |1, 5|
|9, 14, 11, 11|---> |3, 4| possibles  |1, 5|
|10, 10, 11, 11|---> |2, 9| possibles  |8, 12, 15|
|10, 14, 11, 11|---> |3, 4| possibles  |1, 5|
|14, 14, 11, 11|---> |3, 4| possibles  |1, 5|
|0, 0, 11, 12|---> |1, 9| possibles  |4, 15|
|0, 2, 11, 12|---> |9, 10| possibles  |4, 6, 7, 8, 11, 15|
|0, 5, 11, 12|---> |9, 13| possibles  |6, 11, 12, 15|
|0, 9, 11, 12|---> |1, 9| possibles  |4, 15|
|0, 10, 11, 12|---> |6, 9| possibles  |7, 12|
|0, 14, 11, 12|---> |6, 9| possibles  |7, 12|
|2, 2, 11, 12|---> |3, 9| possibles  |1, 6, 11, 15|
|2, 5, 11, 12|---> |3, 9| possibles  |1, 6, 11, 15|
|2, 9, 11, 12|---> |9, 12| possibles  |4, 6|
|2, 10, 11, 12|---> |9, 15| possibles  |1, 7|
|2, 14, 11, 12|---> |9, 15| possibles  |1, 7|
|5, 5, 11, 12|---> |3, 9| possibles  |1, 6, 11, 15|
|5, 9, 11, 12|---> |4, 9| possibles  |1, 12|
|5, 10, 11, 12|---> |4, 9| possibles  |1, 12|
|5, 14, 11, 12|---> |4, 9| possibles  |1, 12|
|9, 9, 11, 12|---> |1, 9| possibles  |4, 15|
|9, 10, 11, 12|---> |4, 9| possibles  |1, 12|
|9, 14, 11, 12|---> |4, 9| possibles  |1, 12|
|10, 10, 11, 12|---> |2, 9| possibles  |8, 12, 15|
|10, 14, 11, 12|---> |4, 9| possibles  |1, 12|
|14, 14, 11, 12|---> |4, 9| possibles  |1, 12|
|0, 0, 11, 15|---> |1, 9| possibles  |4, 15|
|0, 2, 11, 15|---> |3, 8| possibles  |2, 5|
|0, 5, 11, 15|---> |3, 8| possibles  |2, 5|
|0, 9, 11, 15|---> |1, 9| possibles  |4, 15|
|0, 10, 11, 15|---> |6, 9| possibles  |7, 12|
|0, 14, 11, 15|---> |6, 9| possibles  |7, 12|
|2, 2, 11, 15|---> |3, 3| possibles  |1, 2, 5, 6, 11, 15|
|2, 5, 11, 15|---> |3, 3| possibles  |1, 2, 5, 6, 11, 15|
|2, 9, 11, 15|---> |3, 8| possibles  |2, 5|
|2, 10, 11, 15|---> |3, 8| possibles  |2, 5|
|2, 14, 11, 15|---> |3, 8| possibles  |2, 5|
|5, 5, 11, 15|---> |3, 3| possibles  |1, 2, 5, 6, 11, 15|
|5, 9, 11, 15|---> |3, 4| possibles  |1, 5|
|5, 10, 11, 15|---> |3, 4| possibles  |1, 5|
|5, 14, 11, 15|---> |3, 4| possibles  |1, 5|
|9, 9, 11, 15|---> |1, 9| possibles  |4, 15|
|9, 10, 11, 15|---> |3, 4| possibles  |1, 5|
|9, 14, 11, 15|---> |3, 4| possibles  |1, 5|
|10, 10, 11, 15|---> |2, 9| possibles  |8, 12, 15|
|10, 14, 11, 15|---> |3, 4| possibles  |1, 5|
|14, 14, 11, 15|---> |3, 4| possibles  |1, 5|
|0, 0, 12, 12|---> |1, 2| possibles  |3, 15|
|0, 2, 12, 12|---> |2, 8| possibles  |10|
|0, 5, 12, 12|---> |2, 8| possibles  |10|
|0, 9, 12, 12|---> |1, 2| possibles  |3, 15|
|0, 10, 12, 12|---> |2, 6| possibles  |3, 10, 12|
|0, 14, 12, 12|---> |2, 6| possibles  |3, 10, 12|
|2, 2, 12, 12|---> |3, 4| possibles  |1, 5|
|2, 5, 12, 12|---> |3, 4| possibles  |1, 5|
|2, 9, 12, 12|---> |2, 8| possibles  |10|
|2, 10, 12, 12|---> |2, 8| possibles  |10|
|2, 14, 12, 12|---> |2, 8| possibles  |10|
|5, 5, 12, 12|---> |3, 4| possibles  |1, 5|
|5, 9, 12, 12|---> |2, 4| possibles  |10, 12|
|5, 10, 12, 12|---> |2, 4| possibles  |10, 12|
|5, 14, 12, 12|---> |2, 4| possibles  |10, 12|
|9, 9, 12, 12|---> |1, 2| possibles  |3, 15|
|9, 10, 12, 12|---> |2, 4| possibles  |10, 12|
|9, 14, 12, 12|---> |2, 4| possibles  |10, 12|
|10, 10, 12, 12|---> |2, 2| possibles  |3, 8, 10, 12, 15|
|10, 14, 12, 12|---> |2, 4| possibles  |10, 12|
|14, 14, 12, 12|---> |2, 4| possibles  |10, 12|
|0, 0, 12, 15|---> |1, 2| possibles  |3, 15|
|0, 2, 12, 15|---> |2, 8| possibles  |10|
|0, 5, 12, 15|---> |2, 8| possibles  |10|
|0, 9, 12, 15|---> |1, 2| possibles  |3, 15|
|0, 10, 12, 15|---> |2, 6| possibles  |3, 10, 12|
|0, 14, 12, 15|---> |2, 6| possibles  |3, 10, 12|
|2, 2, 12, 15|---> |3, 9| possibles  |1, 6, 11, 15|
|2, 5, 12, 15|---> |3, 9| possibles  |1, 6, 11, 15|
|2, 9, 12, 15|---> |2, 8| possibles  |10|
|2, 10, 12, 15|---> |2, 8| possibles  |10|
|2, 14, 12, 15|---> |2, 8| possibles  |10|
|5, 5, 12, 15|---> |3, 9| possibles  |1, 6, 11, 15|
|5, 9, 12, 15|---> |2, 4| possibles  |10, 12|
|5, 10, 12, 15|---> |2, 4| possibles  |10, 12|
|5, 14, 12, 15|---> |2, 4| possibles  |10, 12|
|9, 9, 12, 15|---> |1, 2| possibles  |3, 15|
|9, 10, 12, 15|---> |2, 4| possibles  |10, 12|
|9, 14, 12, 15|---> |2, 4| possibles  |10, 12|
|10, 10, 12, 15|---> |2, 2| possibles  |3, 8, 10, 12, 15|
|10, 14, 12, 15|---> |2, 4| possibles  |10, 12|
|14, 14, 12, 15|---> |2, 4| possibles  |10, 12|
|0, 0, 14, 14|---> |1, 4| possibles  |9|
|0, 5, 14, 14|---> |4, 8| possibles  |5, 9, 10, 14|
|0, 6, 14, 14|---> |6, 10| possibles  |0, 7|
|0, 11, 14, 14|---> |6, 10| possibles  |0, 7|
|0, 12, 14, 14|---> |4, 6| possibles  |9, 10, 12, 14|
|0, 15, 14, 14|---> |1, 4| possibles  |9|
|5, 5, 14, 14|---> |3, 4| possibles  |1, 5|
|5, 6, 14, 14|---> |3, 4| possibles  |1, 5|
|5, 11, 14, 14|---> |3, 4| possibles  |1, 5|
|5, 12, 14, 14|---> |4, 4| possibles  |1, 5, 9, 10, 12, 14|
|5, 15, 14, 14|---> |3, 4| possibles  |1, 5|
|6, 6, 14, 14|---> |3, 4| possibles  |1, 5|
|6, 11, 14, 14|---> |3, 4| possibles  |1, 5|
|6, 12, 14, 14|---> |4, 9| possibles  |1, 12|
|6, 15, 14, 14|---> |3, 4| possibles  |1, 5|
|11, 11, 14, 14|---> |3, 4| possibles  |1, 5|
|11, 12, 14, 14|---> |4, 9| possibles  |1, 12|
|11, 15, 14, 14|---> |3, 4| possibles  |1, 5|
|12, 12, 14, 14|---> |2, 4| possibles  |10, 12|
|12, 15, 14, 14|---> |2, 4| possibles  |10, 12|
|15, 15, 14, 14|---> |1, 4| possibles  |9|
|0, 0, 15, 15|---> |1, 1| possibles  |0, 3, 4, 9, 15|
|0, 2, 15, 15|---> |1, 8| possibles  |0, 9|
|0, 5, 15, 15|---> |1, 8| possibles  |0, 9|
|0, 9, 15, 15|---> |1, 1| possibles  |0, 3, 4, 9, 15|
|0, 10, 15, 15|---> |1, 6| possibles  |0, 3, 9|
|0, 14, 15, 15|---> |1, 6| possibles  |0, 3, 9|
|2, 2, 15, 15|---> |3, 3| possibles  |1, 2, 5, 6, 11, 15|
|2, 5, 15, 15|---> |3, 3| possibles  |1, 2, 5, 6, 11, 15|
|2, 9, 15, 15|---> |1, 8| possibles  |0, 9|
|2, 10, 15, 15|---> |1, 8| possibles  |0, 9|
|2, 14, 15, 15|---> |1, 8| possibles  |0, 9|
|5, 5, 15, 15|---> |3, 3| possibles  |1, 2, 5, 6, 11, 15|
|5, 9, 15, 15|---> |1, 4| possibles  |9|
|5, 10, 15, 15|---> |1, 4| possibles  |9|
|5, 14, 15, 15|---> |1, 4| possibles  |9|
|9, 9, 15, 15|---> |1, 1| possibles  |0, 3, 4, 9, 15|
|9, 10, 15, 15|---> |1, 4| possibles  |9|
|9, 14, 15, 15|---> |1, 4| possibles  |9|
|10, 10, 15, 15|---> |1, 2| possibles  |3, 15|
|10, 14, 15, 15|---> |1, 4| possibles  |9|
|14, 14, 15, 15|---> |1, 4| possibles  |9|
+++++++++++++++++++++++++++++++++++++++
bad coloring on level 2  |5, 11, 0, 3|
bad coloring on level 2  |5, 11, 0, 13|
bad coloring on level 2  |5, 11, 3, 4|
bad coloring on level 2  |5, 11, 3, 12|
bad coloring on level 2  |5, 11, 3, 15|
bad coloring on level 2  |0, 3, 5, 11|
bad coloring on level 2  |0, 13, 5, 11|
bad coloring on level 2  |3, 4, 5, 11|
bad coloring on level 2  |3, 12, 5, 11|
bad coloring on level 2  |3, 15, 5, 11|
bad coloring on level 2  |12, 13, 5, 11|
bad coloring on level 2  |5, 11, 12, 13|

12 bad colorings on level 2
Sub sub problem :
Trying improving 0, 3, 5, 11 with subs:
Root to change : 0 with colors |1, 2, 3, 7, 9, 10, 13, 14|
Root to change : 3 with colors |2, 4, 5, 6, 7, 8, 9, 10, 11, 12, 14, 15|
Root to change : 5 with colors |1, 2, 4, 6, 7, 8, 11, 12, 15|
Root to change : 11 with colors |1, 2, 5, 6, 9, 10, 12, 14, 15|
++++++++++++++++++++++
Trying improving 0, 13, 5, 11 with subs:
Root to change : 0 with colors |1, 2, 3, 4, 6, 7, 8, 9, 10, 13, 14|
Root to change : 13 with colors |2, 4, 5, 6, 7, 8, 9, 10, 11, 12, 14, 15|
Root to change : 5 with colors |1, 2, 4, 6, 7, 8, 11, 12, 15|
Root to change : 11 with colors |1, 2, 5, 6, 9, 10, 12, 14, 15|
++++++++++++++++++++++
Trying improving 3, 4, 5, 11 with subs:
Root to change : 3 with colors |1, 2, 4, 6, 7, 8, 9, 11, 12, 13, 15|
Root to change : 4 with colors |1, 2, 3, 7, 9, 10, 13, 14|
Root to change : 5 with colors |1, 2, 4, 6, 7, 8, 11, 12, 15|
Root to change : 11 with colors |1, 2, 5, 6, 9, 10, 12, 14, 15|
++++++++++++++++++++++
Trying improving 3, 12, 5, 11 with subs:
Root to change : 3 with colors |1, 4, 5, 6, 7, 8, 9, 10, 11, 12, 14, 15|
Root to change : 12 with colors |1, 2, 3, 7, 9, 10, 13, 14|
Root to change : 5 with colors |1, 2, 4, 6, 7, 8, 11, 12, 15|
Root to change : 11 with colors |1, 2, 5, 6, 9, 10, 12, 14, 15|
++++++++++++++++++++++
Trying improving 3, 15, 5, 11 with subs:
Root to change : 3 with colors |1, 2, 4, 5, 6, 7, 8, 9, 10, 11, 12, 15|
Root to change : 15 with colors |1, 2, 3, 7, 9, 10, 13, 14|
Root to change : 5 with colors |1, 2, 4, 6, 7, 8, 11, 12, 15|
Root to change : 11 with colors |1, 2, 5, 6, 9, 10, 12, 14, 15|
++++++++++++++++++++++
Trying improving 5, 11, 0, 3 with subs:
Root to change : 5 with colors |1, 2, 4, 6, 7, 8, 11, 12, 15|
Root to change : 11 with colors |1, 2, 5, 6, 9, 10, 12, 14, 15|
Root to change : 0 with colors |1, 2, 3, 7, 9, 10, 13, 14|
Root to change : 3 with colors |2, 4, 5, 6, 7, 8, 9, 10, 11, 12, 14, 15|
++++++++++++++++++++++
Trying improving 5, 11, 0, 13 with subs:
Root to change : 5 with colors |1, 2, 4, 6, 7, 8, 11, 12, 15|
Root to change : 11 with colors |1, 2, 5, 6, 9, 10, 12, 14, 15|
Root to change : 0 with colors |1, 2, 3, 4, 6, 7, 8, 9, 10, 13, 14|
Root to change : 13 with colors |2, 4, 5, 6, 7, 8, 9, 10, 11, 12, 14, 15|
++++++++++++++++++++++
Trying improving 5, 11, 3, 4 with subs:
Root to change : 5 with colors |1, 2, 4, 6, 7, 8, 11, 12, 15|
Root to change : 11 with colors |1, 2, 5, 6, 9, 10, 12, 14, 15|
Root to change : 3 with colors |1, 2, 4, 6, 7, 8, 9, 11, 12, 13, 15|
Root to change : 4 with colors |1, 2, 3, 7, 9, 10, 13, 14|
++++++++++++++++++++++
Trying improving 5, 11, 3, 12 with subs:
Root to change : 5 with colors |1, 2, 4, 6, 7, 8, 11, 12, 15|
Root to change : 11 with colors |1, 2, 5, 6, 9, 10, 12, 14, 15|
Root to change : 3 with colors |1, 4, 5, 6, 7, 8, 9, 10, 11, 12, 14, 15|
Root to change : 12 with colors |1, 2, 3, 7, 9, 10, 13, 14|
++++++++++++++++++++++
Trying improving 5, 11, 3, 15 with subs:
Root to change : 5 with colors |1, 2, 4, 6, 7, 8, 11, 12, 15|
Root to change : 11 with colors |1, 2, 5, 6, 9, 10, 12, 14, 15|
Root to change : 3 with colors |1, 2, 4, 5, 6, 7, 8, 9, 10, 11, 12, 15|
Root to change : 15 with colors |1, 2, 3, 7, 9, 10, 13, 14|
++++++++++++++++++++++
Trying improving 5, 11, 12, 13 with subs:
Root to change : 5 with colors |1, 2, 4, 6, 7, 8, 11, 12, 15|
Root to change : 11 with colors |1, 2, 5, 6, 9, 10, 12, 14, 15|
Root to change : 12 with colors |1, 2, 3, 4, 6, 7, 8, 9, 10, 13, 14|
Root to change : 13 with colors |1, 4, 5, 6, 7, 8, 9, 10, 11, 12, 14, 15|
++++++++++++++++++++++
Trying improving 12, 13, 5, 11 with subs:
Root to change : 12 with colors |1, 2, 3, 4, 6, 7, 8, 9, 10, 13, 14|
Root to change : 13 with colors |1, 4, 5, 6, 7, 8, 9, 10, 11, 12, 14, 15|
Root to change : 5 with colors |1, 2, 4, 6, 7, 8, 11, 12, 15|
Root to change : 11 with colors |1, 2, 5, 6, 9, 10, 12, 14, 15|
++++++++++++++++++++++
Solved with SubSubProblem
