Trying substitutions to: 5
with goodVertices 1, 2, 4, 6, 7, 9, 11, 13, 14
bad color to improve: 4  7  with index 61
bad color to improve: 4  13  with index 67
bad color to improve: 7  13  with index 97
bad color to improve: 8  13  with index 105
4 bad colorings on level 1
bad coloring on level 2  |11, 12, 0, 9|
bad coloring on level 2  |12, 15, 0, 9|
bad coloring on level 2  |1, 10, 0, 11|
bad coloring on level 2  |5, 10, 0, 11|
bad coloring on level 2  |6, 10, 0, 11|
bad coloring on level 2  |9, 10, 0, 11|
bad coloring on level 2  |10, 10, 0, 11|
bad coloring on level 2  |10, 12, 0, 11|
bad coloring on level 2  |10, 14, 0, 11|
bad coloring on level 2  |10, 15, 0, 11|
bad coloring on level 2  |6, 9, 0, 12|
bad coloring on level 2  |6, 10, 0, 12|
bad coloring on level 2  |9, 15, 0, 12|
bad coloring on level 2  |10, 15, 0, 12|
bad coloring on level 2  |11, 15, 0, 14|
bad coloring on level 2  |12, 15, 0, 14|
bad coloring on level 2  |1, 10, 0, 15|
bad coloring on level 2  |1, 14, 0, 15|
bad coloring on level 2  |10, 12, 0, 15|
bad coloring on level 2  |12, 14, 0, 15|
bad coloring on level 2  |0, 11, 1, 10|
bad coloring on level 2  |0, 15, 1, 10|
bad coloring on level 2  |5, 15, 1, 10|
bad coloring on level 2  |6, 9, 1, 10|
bad coloring on level 2  |6, 10, 1, 10|
bad coloring on level 2  |6, 15, 1, 10|
bad coloring on level 2  |9, 15, 1, 10|
bad coloring on level 2  |10, 15, 1, 10|
bad coloring on level 2  |11, 15, 1, 10|
bad coloring on level 2  |12, 15, 1, 10|
bad coloring on level 2  |15, 15, 1, 10|
bad coloring on level 2  |6, 9, 1, 12|
bad coloring on level 2  |6, 10, 1, 12|
bad coloring on level 2  |9, 15, 1, 12|
bad coloring on level 2  |10, 15, 1, 12|
bad coloring on level 2  |0, 15, 1, 14|
bad coloring on level 2  |5, 15, 1, 14|
bad coloring on level 2  |6, 10, 1, 14|
bad coloring on level 2  |6, 15, 1, 14|
bad coloring on level 2  |9, 15, 1, 14|
bad coloring on level 2  |10, 15, 1, 14|
bad coloring on level 2  |11, 15, 1, 14|
bad coloring on level 2  |12, 15, 1, 14|
bad coloring on level 2  |15, 15, 1, 14|
bad coloring on level 2  |11, 12, 2, 9|
bad coloring on level 2  |12, 15, 2, 9|
bad coloring on level 2  |11, 15, 2, 14|
bad coloring on level 2  |12, 15, 2, 14|
bad coloring on level 2  |11, 12, 5, 9|
bad coloring on level 2  |12, 15, 5, 9|
bad coloring on level 2  |0, 11, 5, 10|
bad coloring on level 2  |12, 15, 5, 10|
bad coloring on level 2  |6, 9, 5, 12|
bad coloring on level 2  |6, 10, 5, 12|
bad coloring on level 2  |9, 15, 5, 12|
bad coloring on level 2  |10, 15, 5, 12|
bad coloring on level 2  |11, 15, 5, 14|
bad coloring on level 2  |12, 15, 5, 14|
bad coloring on level 2  |1, 10, 5, 15|
bad coloring on level 2  |1, 14, 5, 15|
bad coloring on level 2  |10, 12, 5, 15|
bad coloring on level 2  |12, 14, 5, 15|
bad coloring on level 2  |0, 12, 6, 9|
bad coloring on level 2  |1, 10, 6, 9|
bad coloring on level 2  |1, 12, 6, 9|
bad coloring on level 2  |5, 12, 6, 9|
bad coloring on level 2  |10, 12, 6, 9|
bad coloring on level 2  |11, 12, 6, 9|
bad coloring on level 2  |12, 12, 6, 9|
bad coloring on level 2  |12, 14, 6, 9|
bad coloring on level 2  |12, 15, 6, 9|
bad coloring on level 2  |0, 11, 6, 10|
bad coloring on level 2  |0, 12, 6, 10|
bad coloring on level 2  |1, 10, 6, 10|
bad coloring on level 2  |1, 12, 6, 10|
bad coloring on level 2  |1, 14, 6, 10|
bad coloring on level 2  |5, 12, 6, 10|
bad coloring on level 2  |10, 12, 6, 10|
bad coloring on level 2  |11, 12, 6, 10|
bad coloring on level 2  |12, 12, 6, 10|
bad coloring on level 2  |12, 14, 6, 10|
bad coloring on level 2  |12, 15, 6, 10|
bad coloring on level 2  |1, 10, 6, 15|
bad coloring on level 2  |1, 14, 6, 15|
bad coloring on level 2  |10, 12, 6, 15|
bad coloring on level 2  |12, 14, 6, 15|
bad coloring on level 2  |11, 12, 9, 9|
bad coloring on level 2  |12, 15, 9, 9|
bad coloring on level 2  |0, 11, 9, 10|
bad coloring on level 2  |11, 12, 9, 10|
bad coloring on level 2  |12, 15, 9, 10|
bad coloring on level 2  |11, 12, 9, 14|
bad coloring on level 2  |11, 15, 9, 14|
bad coloring on level 2  |12, 15, 9, 14|
bad coloring on level 2  |0, 12, 9, 15|
bad coloring on level 2  |1, 10, 9, 15|
bad coloring on level 2  |1, 12, 9, 15|
bad coloring on level 2  |1, 14, 9, 15|
bad coloring on level 2  |5, 12, 9, 15|
bad coloring on level 2  |10, 12, 9, 15|
bad coloring on level 2  |11, 12, 9, 15|
bad coloring on level 2  |12, 12, 9, 15|
bad coloring on level 2  |12, 14, 9, 15|
bad coloring on level 2  |12, 15, 9, 15|
bad coloring on level 2  |0, 11, 10, 10|
bad coloring on level 2  |12, 15, 10, 10|
bad coloring on level 2  |0, 11, 10, 12|
bad coloring on level 2  |0, 15, 10, 12|
bad coloring on level 2  |5, 15, 10, 12|
bad coloring on level 2  |6, 9, 10, 12|
bad coloring on level 2  |6, 10, 10, 12|
bad coloring on level 2  |6, 15, 10, 12|
bad coloring on level 2  |9, 15, 10, 12|
bad coloring on level 2  |10, 15, 10, 12|
bad coloring on level 2  |11, 15, 10, 12|
bad coloring on level 2  |12, 15, 10, 12|
bad coloring on level 2  |15, 15, 10, 12|
bad coloring on level 2  |0, 11, 10, 14|
bad coloring on level 2  |11, 15, 10, 14|
bad coloring on level 2  |12, 15, 10, 14|
bad coloring on level 2  |0, 11, 10, 15|
bad coloring on level 2  |0, 12, 10, 15|
bad coloring on level 2  |1, 10, 10, 15|
bad coloring on level 2  |1, 12, 10, 15|
bad coloring on level 2  |1, 14, 10, 15|
bad coloring on level 2  |5, 12, 10, 15|
bad coloring on level 2  |10, 12, 10, 15|
bad coloring on level 2  |11, 12, 10, 15|
bad coloring on level 2  |12, 12, 10, 15|
bad coloring on level 2  |12, 14, 10, 15|
bad coloring on level 2  |12, 15, 10, 15|
bad coloring on level 2  |0, 9, 11, 12|
bad coloring on level 2  |2, 9, 11, 12|
bad coloring on level 2  |5, 9, 11, 12|
bad coloring on level 2  |6, 9, 11, 12|
bad coloring on level 2  |6, 10, 11, 12|
bad coloring on level 2  |9, 9, 11, 12|
bad coloring on level 2  |9, 10, 11, 12|
bad coloring on level 2  |9, 14, 11, 12|
bad coloring on level 2  |9, 15, 11, 12|
bad coloring on level 2  |10, 15, 11, 12|
bad coloring on level 2  |0, 14, 11, 15|
bad coloring on level 2  |1, 10, 11, 15|
bad coloring on level 2  |1, 14, 11, 15|
bad coloring on level 2  |2, 14, 11, 15|
bad coloring on level 2  |5, 14, 11, 15|
bad coloring on level 2  |9, 14, 11, 15|
bad coloring on level 2  |10, 12, 11, 15|
bad coloring on level 2  |10, 14, 11, 15|
bad coloring on level 2  |12, 14, 11, 15|
bad coloring on level 2  |14, 14, 11, 15|
bad coloring on level 2  |6, 9, 12, 12|
bad coloring on level 2  |6, 10, 12, 12|
bad coloring on level 2  |9, 15, 12, 12|
bad coloring on level 2  |10, 15, 12, 12|
bad coloring on level 2  |0, 15, 12, 14|
bad coloring on level 2  |5, 15, 12, 14|
bad coloring on level 2  |6, 9, 12, 14|
bad coloring on level 2  |6, 10, 12, 14|
bad coloring on level 2  |6, 15, 12, 14|
bad coloring on level 2  |9, 15, 12, 14|
bad coloring on level 2  |10, 15, 12, 14|
bad coloring on level 2  |11, 15, 12, 14|
bad coloring on level 2  |12, 15, 12, 14|
bad coloring on level 2  |15, 15, 12, 14|
bad coloring on level 2  |0, 9, 12, 15|
bad coloring on level 2  |0, 14, 12, 15|
bad coloring on level 2  |1, 10, 12, 15|
bad coloring on level 2  |1, 14, 12, 15|
bad coloring on level 2  |2, 9, 12, 15|
bad coloring on level 2  |2, 14, 12, 15|
bad coloring on level 2  |5, 9, 12, 15|
bad coloring on level 2  |5, 10, 12, 15|
bad coloring on level 2  |5, 14, 12, 15|
bad coloring on level 2  |6, 9, 12, 15|
bad coloring on level 2  |6, 10, 12, 15|
bad coloring on level 2  |9, 9, 12, 15|
bad coloring on level 2  |9, 10, 12, 15|
bad coloring on level 2  |9, 14, 12, 15|
bad coloring on level 2  |9, 15, 12, 15|
bad coloring on level 2  |10, 10, 12, 15|
bad coloring on level 2  |10, 12, 12, 15|
bad coloring on level 2  |10, 14, 12, 15|
bad coloring on level 2  |10, 15, 12, 15|
bad coloring on level 2  |12, 14, 12, 15|
bad coloring on level 2  |14, 14, 12, 15|
bad coloring on level 2  |11, 15, 14, 14|
bad coloring on level 2  |12, 15, 14, 14|
bad coloring on level 2  |1, 10, 15, 15|
bad coloring on level 2  |1, 14, 15, 15|
bad coloring on level 2  |10, 12, 15, 15|
bad coloring on level 2  |12, 14, 15, 15|

192 bad colorings on level 2
Sub sub problem :
Trying improving 0, 9, 11, 12 with subs:
Root to change : 9 with colors |2, 3, 4, 5, 7, 11, 12, 14, 15|
Root to change : 11 with colors |1, 3, 5, 7, 10, 12, 14|
Root to change : 12 with colors |1, 2, 4, 5, 6, 7, 8, 11, 15|
++++++++++++++++++++++
Trying improving 0, 9, 12, 15 with subs:
Root to change : 9 with colors |2, 4, 5, 7, 11, 12, 15|
Root to change : 12 with colors |3, 4, 5, 6, 8, 9, 10, 11, 15|
Root to change : 15 with colors |1, 3, 5, 7, 10, 12, 14|
++++++++++++++++++++++
Trying improving 0, 11, 1, 10 with subs:
Root to change : 0 with colors |1, 2, 4, 5, 6, 7, 8, 11, 12|
Root to change : 11 with colors |2, 3, 5, 7, 9, 12, 14|
Root to change : 10 with colors |1, 2, 5, 6, 7, 8, 11, 12, 13, 14|
++++++++++++++++++++++
Trying improving 0, 11, 5, 10 with subs:
Root to change : 0 with colors |1, 2, 4, 5, 6, 7, 8, 11, 12, 15|
Root to change : 11 with colors |2, 3, 4, 5, 7, 9, 12, 14, 15|
Root to change : 10 with colors |1, 2, 5, 6, 9, 11, 12, 14, 15|
++++++++++++++++++++++
Trying improving 0, 11, 6, 10 with subs:
Root to change : 0 with colors |1, 2, 4, 5, 6, 7, 8, 11, 15|
Root to change : 11 with colors |2, 3, 4, 5, 9, 14, 15|
Root to change : 10 with colors |1, 2, 4, 5, 6, 8, 9, 11, 13, 15|
++++++++++++++++++++++
Trying improving 0, 11, 9, 10 with subs:
Root to change : 0 with colors |1, 2, 4, 5, 6, 8, 11, 15|
Root to change : 11 with colors |2, 3, 4, 5, 7, 9, 12, 14, 15|
Root to change : 10 with colors |2, 3, 4, 5, 6, 9, 13, 14, 15|
++++++++++++++++++++++
Trying improving 0, 11, 10, 10 with subs:
Root to change : 0 with colors |1, 2, 4, 5, 6, 7, 8, 11, 12, 15|
Root to change : 11 with colors |2, 3, 4, 5, 7, 9, 12, 14, 15|
++++++++++++++++++++++
Trying improving 0, 11, 10, 12 with subs:
Root to change : 0 with colors |1, 2, 5, 6, 7, 8, 11, 12|
Root to change : 11 with colors |2, 3, 5, 7, 9, 12, 14|
Root to change : 10 with colors |1, 3, 5, 7, 8, 11, 12, 14, 15|
++++++++++++++++++++++
Trying improving 0, 11, 10, 14 with subs:
Root to change : 0 with colors |1, 2, 5, 6, 7, 8, 11, 12|
Root to change : 11 with colors |2, 3, 4, 5, 7, 9, 12, 14, 15|
Root to change : 10 with colors |1, 2, 3, 5, 7, 9, 12, 13, 14|
++++++++++++++++++++++
Trying improving 0, 11, 10, 15 with subs:
Root to change : 0 with colors |1, 2, 4, 5, 6, 8, 11, 15|
Root to change : 11 with colors |2, 3, 4, 5, 9, 14, 15|
Root to change : 10 with colors |3, 4, 5, 6, 8, 9, 11, 12, 15|
++++++++++++++++++++++
Trying improving 0, 12, 6, 9 with subs:
Root to change : 12 with colors |2, 3, 4, 5, 7, 9, 11, 14, 15|
Root to change : 6 with colors |2, 3, 5, 9, 10, 13, 14|
Root to change : 9 with colors |1, 2, 4, 5, 6, 8, 11, 15|
++++++++++++++++++++++
Trying improving 0, 12, 6, 10 with subs:
Root to change : 12 with colors |2, 3, 4, 5, 9, 14, 15|
Root to change : 6 with colors |1, 3, 5, 9, 10, 12, 13, 14|
Root to change : 10 with colors |1, 2, 4, 5, 6, 8, 11, 15|
++++++++++++++++++++++
Trying improving 0, 12, 9, 15 with subs:
Root to change : 12 with colors |2, 3, 4, 5, 7, 9, 11, 14, 15|
Root to change : 9 with colors |4, 5, 6, 8, 11, 12, 15|
Root to change : 15 with colors |2, 3, 5, 9, 10, 13, 14|
++++++++++++++++++++++
Trying improving 0, 12, 10, 15 with subs:
Root to change : 12 with colors |2, 3, 4, 5, 9, 14, 15|
Root to change : 10 with colors |4, 5, 6, 8, 11, 12, 15|
Root to change : 15 with colors |1, 3, 5, 9, 10, 12, 13, 14|
++++++++++++++++++++++
Trying improving 0, 14, 11, 15 with subs:
Root to change : 14 with colors |2, 3, 4, 5, 7, 9, 11, 12, 15|
Root to change : 11 with colors |3, 4, 5, 6, 9, 10, 15|
Root to change : 15 with colors |1, 2, 4, 5, 6, 7, 8, 11, 12|
++++++++++++++++++++++
Trying improving 0, 14, 12, 15 with subs:
Root to change : 14 with colors |2, 4, 5, 7, 11, 12, 15|
Root to change : 12 with colors |3, 4, 5, 6, 9, 10, 15|
Root to change : 15 with colors |1, 3, 5, 7, 8, 10, 11, 12, 14|
++++++++++++++++++++++
Trying improving 0, 15, 1, 10 with subs:
Root to change : 15 with colors |2, 3, 5, 7, 9, 12, 14|
Root to change : 1 with colors |3, 5, 6, 9, 10, 13, 14, 15|
Root to change : 10 with colors |1, 2, 5, 6, 7, 8, 11, 12|
++++++++++++++++++++++
Trying improving 0, 15, 1, 14 with subs:
Root to change : 15 with colors |2, 3, 4, 5, 7, 9, 11, 12, 14|
Root to change : 1 with colors |2, 3, 5, 9, 10, 13, 14|
Root to change : 14 with colors |1, 2, 5, 6, 7, 8, 11, 12|
++++++++++++++++++++++
Trying improving 0, 15, 10, 12 with subs:
Root to change : 15 with colors |2, 3, 5, 7, 9, 12, 14|
Root to change : 10 with colors |1, 5, 7, 8, 11, 12, 15|
Root to change : 12 with colors |3, 5, 6, 9, 10, 13, 14, 15|
++++++++++++++++++++++
Trying improving 0, 15, 12, 14 with subs:
Root to change : 15 with colors |2, 3, 4, 5, 7, 9, 11, 12, 14|
Root to change : 12 with colors |2, 3, 5, 9, 10, 13, 14|
Root to change : 14 with colors |1, 5, 7, 8, 11, 12, 15|
++++++++++++++++++++++
Trying improving 1, 10, 0, 11 with subs:
Root to change : 10 with colors |1, 2, 5, 6, 7, 8, 11, 12, 13, 14|
Root to change : 0 with colors |1, 2, 4, 5, 6, 7, 8, 11, 12|
Root to change : 11 with colors |2, 3, 5, 7, 9, 12, 14|
++++++++++++++++++++++
Trying improving 1, 10, 0, 15 with subs:
Root to change : 1 with colors |3, 5, 6, 9, 10, 13, 14, 15|
Root to change : 10 with colors |1, 2, 5, 6, 7, 8, 11, 12|
Root to change : 15 with colors |2, 3, 5, 7, 9, 12, 14|
++++++++++++++++++++++
Trying improving 1, 10, 5, 15 with subs:
Root to change : 1 with colors |3, 5, 6, 9, 10, 13, 14, 15|
Root to change : 10 with colors |1, 2, 5, 6, 7, 8, 11, 12|
Root to change : 15 with colors |1, 2, 5, 6, 9, 10, 11, 12, 14|
++++++++++++++++++++++
Trying improving 1, 10, 6, 9 with subs:
Root to change : 1 with colors |3, 5, 6, 9, 10, 13, 14, 15|
Root to change : 10 with colors |1, 2, 5, 6, 7, 11, 13, 14|
Root to change : 6 with colors |2, 3, 5, 9, 10, 13, 14|
++++++++++++++++++++++
Trying improving 1, 10, 6, 10 with subs:
Root to change : 1 with colors |3, 5, 6, 9, 10, 13, 14, 15|
Root to change : 6 with colors |1, 3, 5, 9, 10, 12, 13, 14|
++++++++++++++++++++++
Trying improving 1, 10, 6, 15 with subs:
Root to change : 1 with colors |3, 5, 6, 9, 10, 13, 14, 15|
Root to change : 10 with colors |1, 2, 5, 6, 7, 8, 11, 12|
++++++++++++++++++++++
Trying improving 1, 10, 9, 15 with subs:
Root to change : 1 with colors |3, 5, 6, 9, 10, 13, 14, 15|
Root to change : 15 with colors |2, 3, 5, 9, 10, 13, 14|
++++++++++++++++++++++
Trying improving 1, 10, 10, 15 with subs:
Root to change : 1 with colors |3, 5, 6, 9, 10, 13, 14, 15|
Root to change : 15 with colors |1, 3, 5, 9, 10, 12, 13, 14|
++++++++++++++++++++++
Trying improving 1, 10, 11, 15 with subs:
Root to change : 10 with colors |1, 2, 5, 6, 7, 8, 11, 12|
Root to change : 15 with colors |1, 2, 5, 6, 7, 8, 11, 12|
++++++++++++++++++++++
Trying improving 1, 10, 12, 15 with subs:
Root to change : 10 with colors |1, 2, 5, 6, 7, 8, 11, 12|
Root to change : 15 with colors |1, 3, 5, 7, 8, 10, 11, 12, 14|
++++++++++++++++++++++
Trying improving 1, 10, 15, 15 with subs:
Root to change : 1 with colors |3, 5, 6, 9, 10, 13, 14, 15|
Root to change : 10 with colors |1, 2, 5, 6, 7, 8, 11, 12|
++++++++++++++++++++++
Trying improving 1, 12, 6, 9 with subs:
Root to change : 12 with colors |1, 2, 5, 6, 7, 11, 13, 14|
Root to change : 6 with colors |2, 3, 5, 9, 10, 13, 14|
Root to change : 9 with colors |1, 2, 4, 5, 6, 8, 11, 15|
++++++++++++++++++++++
Trying improving 1, 12, 6, 10 with subs:
Root to change : 6 with colors |1, 3, 5, 9, 10, 12, 13, 14|
Root to change : 10 with colors |1, 2, 4, 5, 6, 8, 11, 15|
++++++++++++++++++++++
Trying improving 1, 12, 9, 15 with subs:
Root to change : 9 with colors |4, 5, 6, 8, 11, 12, 15|
Root to change : 15 with colors |2, 3, 5, 9, 10, 13, 14|
++++++++++++++++++++++
Trying improving 1, 12, 10, 15 with subs:
Root to change : 10 with colors |4, 5, 6, 8, 11, 12, 15|
Root to change : 15 with colors |1, 3, 5, 9, 10, 12, 13, 14|
++++++++++++++++++++++
Trying improving 1, 14, 0, 15 with subs:
Root to change : 1 with colors |2, 3, 5, 9, 10, 13, 14|
Root to change : 14 with colors |1, 2, 5, 6, 7, 8, 11, 12|
Root to change : 15 with colors |2, 3, 4, 5, 7, 9, 11, 12, 14|
++++++++++++++++++++++
Trying improving 1, 14, 5, 15 with subs:
Root to change : 1 with colors |2, 3, 5, 9, 10, 13, 14|
Root to change : 14 with colors |1, 2, 5, 6, 7, 8, 11, 12|
Root to change : 15 with colors |1, 2, 5, 6, 9, 10, 11, 12, 14|
++++++++++++++++++++++
Trying improving 1, 14, 6, 10 with subs:
Root to change : 1 with colors |2, 3, 5, 9, 10, 13, 14|
Root to change : 6 with colors |1, 3, 5, 9, 10, 12, 13, 14|
Root to change : 10 with colors |1, 2, 4, 5, 6, 9, 11, 13|
++++++++++++++++++++++
Trying improving 1, 14, 6, 15 with subs:
Root to change : 1 with colors |2, 3, 5, 9, 10, 13, 14|
Root to change : 14 with colors |1, 2, 5, 6, 7, 8, 11, 12|
Root to change : 15 with colors |1, 2, 4, 5, 6, 9, 11, 13|
++++++++++++++++++++++
Trying improving 1, 14, 9, 15 with subs:
Root to change : 1 with colors |2, 3, 5, 9, 10, 13, 14|
Root to change : 15 with colors |2, 3, 4, 5, 6, 9, 10, 13, 14|
++++++++++++++++++++++
Trying improving 1, 14, 10, 15 with subs:
Root to change : 1 with colors |2, 3, 5, 9, 10, 13, 14|
Root to change : 15 with colors |1, 3, 5, 9, 10, 12, 13, 14|
++++++++++++++++++++++
Trying improving 1, 14, 11, 15 with subs:
Root to change : 14 with colors |1, 2, 5, 6, 7, 8, 11, 12|
Root to change : 15 with colors |1, 2, 4, 5, 6, 7, 8, 11, 12|
++++++++++++++++++++++
Trying improving 1, 14, 12, 15 with subs:
Root to change : 14 with colors |1, 2, 5, 6, 7, 8, 11, 12|
Root to change : 15 with colors |1, 3, 5, 7, 8, 10, 11, 12, 14|
++++++++++++++++++++++
Trying improving 1, 14, 15, 15 with subs:
Root to change : 1 with colors |2, 3, 5, 9, 10, 13, 14|
Root to change : 14 with colors |1, 2, 5, 6, 7, 8, 11, 12|
++++++++++++++++++++++
Trying improving 2, 9, 11, 12 with subs:
Root to change : 9 with colors |1, 2, 4, 5, 6, 7, 11, 13, 14|
Root to change : 11 with colors |1, 3, 5, 7, 10, 12, 14|
Root to change : 12 with colors |1, 2, 4, 5, 6, 7, 8, 11, 15|
++++++++++++++++++++++
Trying improving 2, 9, 12, 15 with subs:
Root to change : 9 with colors |1, 2, 4, 5, 6, 7, 11|
Root to change : 12 with colors |3, 4, 5, 6, 8, 9, 10, 11, 15|
Root to change : 15 with colors |1, 3, 5, 7, 10, 12, 14|
++++++++++++++++++++++
Trying improving 2, 14, 11, 15 with subs:
Root to change : 14 with colors |1, 2, 4, 5, 6, 7, 9, 11, 13|
Root to change : 11 with colors |3, 4, 5, 6, 9, 10, 15|
Root to change : 15 with colors |1, 2, 4, 5, 6, 7, 8, 11, 12|
++++++++++++++++++++++
Trying improving 2, 14, 12, 15 with subs:
Root to change : 14 with colors |1, 2, 4, 5, 6, 7, 11|
Root to change : 12 with colors |3, 4, 5, 6, 9, 10, 15|
Root to change : 15 with colors |1, 3, 5, 7, 8, 10, 11, 12, 14|
++++++++++++++++++++++
Trying improving 5, 9, 11, 12 with subs:
Root to change : 9 with colors |1, 2, 5, 6, 10, 11, 12, 14, 15|
Root to change : 11 with colors |1, 3, 5, 7, 10, 12, 14|
Root to change : 12 with colors |1, 2, 4, 5, 6, 7, 8, 11, 15|
++++++++++++++++++++++
Trying improving 5, 9, 12, 15 with subs:
Root to change : 9 with colors |1, 2, 5, 6, 11, 12, 15|
Root to change : 12 with colors |3, 4, 5, 6, 8, 9, 10, 11, 15|
Root to change : 15 with colors |1, 3, 5, 7, 10, 12, 14|
++++++++++++++++++++++
Trying improving 5, 10, 0, 11 with subs:
Root to change : 10 with colors |1, 2, 5, 6, 9, 11, 12, 14, 15|
Root to change : 0 with colors |1, 2, 4, 5, 6, 7, 8, 11, 12, 15|
Root to change : 11 with colors |2, 3, 4, 5, 7, 9, 12, 14, 15|
++++++++++++++++++++++
Trying improving 5, 10, 12, 15 with subs:
Root to change : 10 with colors |1, 2, 5, 6, 11, 12, 15|
Root to change : 12 with colors |3, 4, 5, 6, 8, 9, 10, 11, 15|
Root to change : 15 with colors |1, 3, 5, 7, 8, 10, 11, 12, 14|
++++++++++++++++++++++
Trying improving 5, 12, 6, 9 with subs:
Root to change : 12 with colors |1, 2, 5, 6, 9, 10, 11, 14, 15|
Root to change : 6 with colors |2, 3, 5, 9, 10, 13, 14|
Root to change : 9 with colors |1, 2, 4, 5, 6, 8, 11, 15|
++++++++++++++++++++++
Trying improving 5, 12, 6, 10 with subs:
Root to change : 12 with colors |1, 2, 5, 6, 9, 10, 11, 14, 15|
Root to change : 6 with colors |1, 3, 5, 9, 10, 12, 13, 14|
Root to change : 10 with colors |1, 2, 4, 5, 6, 8, 11, 15|
++++++++++++++++++++++
Trying improving 5, 12, 9, 15 with subs:
Root to change : 12 with colors |1, 2, 5, 6, 9, 10, 11, 14, 15|
Root to change : 9 with colors |4, 5, 6, 8, 11, 12, 15|
Root to change : 15 with colors |2, 3, 5, 9, 10, 13, 14|
++++++++++++++++++++++
Trying improving 5, 12, 10, 15 with subs:
Root to change : 12 with colors |1, 2, 5, 6, 9, 10, 11, 14, 15|
Root to change : 10 with colors |4, 5, 6, 8, 11, 12, 15|
Root to change : 15 with colors |1, 3, 5, 9, 10, 12, 13, 14|
++++++++++++++++++++++
Trying improving 5, 14, 11, 15 with subs:
Root to change : 14 with colors |1, 2, 5, 6, 9, 10, 11, 12, 15|
Root to change : 11 with colors |3, 4, 5, 6, 9, 10, 15|
Root to change : 15 with colors |1, 2, 4, 5, 6, 7, 8, 11, 12|
++++++++++++++++++++++
Trying improving 5, 14, 12, 15 with subs:
Root to change : 14 with colors |1, 2, 5, 6, 11, 12, 15|
Root to change : 12 with colors |3, 4, 5, 6, 9, 10, 15|
Root to change : 15 with colors |1, 3, 5, 7, 8, 10, 11, 12, 14|
++++++++++++++++++++++
Trying improving 5, 15, 1, 10 with subs:
Root to change : 15 with colors |1, 2, 5, 6, 9, 10, 11, 12, 14|
Root to change : 1 with colors |3, 5, 6, 9, 10, 13, 14, 15|
Root to change : 10 with colors |1, 2, 5, 6, 7, 8, 11, 12|
++++++++++++++++++++++
Trying improving 5, 15, 1, 14 with subs:
Root to change : 15 with colors |1, 2, 5, 6, 9, 10, 11, 12, 14|
Root to change : 1 with colors |2, 3, 5, 9, 10, 13, 14|
Root to change : 14 with colors |1, 2, 5, 6, 7, 8, 11, 12|
++++++++++++++++++++++
Trying improving 5, 15, 10, 12 with subs:
Root to change : 15 with colors |1, 2, 5, 6, 9, 10, 11, 12, 14|
Root to change : 10 with colors |1, 5, 7, 8, 11, 12, 15|
Root to change : 12 with colors |3, 5, 6, 9, 10, 13, 14, 15|
++++++++++++++++++++++
Trying improving 5, 15, 12, 14 with subs:
Root to change : 15 with colors |1, 2, 5, 6, 9, 10, 11, 12, 14|
Root to change : 12 with colors |2, 3, 5, 9, 10, 13, 14|
Root to change : 14 with colors |1, 5, 7, 8, 11, 12, 15|
++++++++++++++++++++++
Trying improving 6, 9, 0, 12 with subs:
Root to change : 6 with colors |2, 3, 5, 9, 10, 13, 14|
Root to change : 9 with colors |1, 2, 4, 5, 6, 8, 11, 15|
Root to change : 12 with colors |2, 3, 4, 5, 7, 9, 11, 14, 15|
++++++++++++++++++++++
Trying improving 6, 9, 1, 10 with subs:
Root to change : 6 with colors |2, 3, 5, 9, 10, 13, 14|
Root to change : 1 with colors |3, 5, 6, 9, 10, 13, 14, 15|
Root to change : 10 with colors |1, 2, 5, 6, 7, 11, 13, 14|
++++++++++++++++++++++
Trying improving 6, 9, 1, 12 with subs:
Root to change : 6 with colors |2, 3, 5, 9, 10, 13, 14|
Root to change : 9 with colors |1, 2, 4, 5, 6, 8, 11, 15|
Root to change : 12 with colors |1, 2, 5, 6, 7, 11, 13, 14|
++++++++++++++++++++++
Trying improving 6, 9, 5, 12 with subs:
Root to change : 6 with colors |2, 3, 5, 9, 10, 13, 14|
Root to change : 9 with colors |1, 2, 4, 5, 6, 8, 11, 15|
Root to change : 12 with colors |1, 2, 5, 6, 9, 10, 11, 14, 15|
++++++++++++++++++++++
Trying improving 6, 9, 10, 12 with subs:
Root to change : 6 with colors |2, 3, 5, 9, 10, 13, 14|
Root to change : 12 with colors |3, 5, 6, 9, 10, 13, 14, 15|
++++++++++++++++++++++
Trying improving 6, 9, 11, 12 with subs:
Root to change : 9 with colors |1, 2, 4, 5, 6, 8, 11, 15|
Root to change : 12 with colors |1, 2, 4, 5, 6, 7, 8, 11, 15|
++++++++++++++++++++++
Trying improving 6, 9, 12, 12 with subs:
Root to change : 6 with colors |2, 3, 5, 9, 10, 13, 14|
Root to change : 9 with colors |1, 2, 4, 5, 6, 8, 11, 15|
++++++++++++++++++++++
Trying improving 6, 9, 12, 14 with subs:
Root to change : 6 with colors |2, 3, 5, 9, 10, 13, 14|
Root to change : 12 with colors |1, 2, 3, 5, 7, 9, 10, 13, 14|
++++++++++++++++++++++
Trying improving 6, 9, 12, 15 with subs:
Root to change : 9 with colors |1, 2, 4, 5, 6, 8, 11, 15|
Root to change : 12 with colors |3, 4, 5, 6, 8, 9, 10, 11, 15|
++++++++++++++++++++++
Trying improving 6, 10, 0, 11 with subs:
Root to change : 10 with colors |1, 2, 4, 5, 6, 8, 9, 11, 13, 15|
Root to change : 0 with colors |1, 2, 4, 5, 6, 7, 8, 11, 15|
Root to change : 11 with colors |2, 3, 4, 5, 9, 14, 15|
++++++++++++++++++++++
Trying improving 6, 10, 0, 12 with subs:
Root to change : 6 with colors |1, 3, 5, 9, 10, 12, 13, 14|
Root to change : 10 with colors |1, 2, 4, 5, 6, 8, 11, 15|
Root to change : 12 with colors |2, 3, 4, 5, 9, 14, 15|
++++++++++++++++++++++
Trying improving 6, 10, 1, 10 with subs:
Root to change : 6 with colors |1, 3, 5, 9, 10, 12, 13, 14|
Root to change : 1 with colors |3, 5, 6, 9, 10, 13, 14, 15|
++++++++++++++++++++++
Trying improving 6, 10, 1, 12 with subs:
Root to change : 6 with colors |1, 3, 5, 9, 10, 12, 13, 14|
Root to change : 10 with colors |1, 2, 4, 5, 6, 8, 11, 15|
++++++++++++++++++++++
Trying improving 6, 10, 1, 14 with subs:
Root to change : 6 with colors |1, 3, 5, 9, 10, 12, 13, 14|
Root to change : 10 with colors |1, 2, 4, 5, 6, 9, 11, 13|
Root to change : 1 with colors |2, 3, 5, 9, 10, 13, 14|
++++++++++++++++++++++
Trying improving 6, 10, 5, 12 with subs:
Root to change : 6 with colors |1, 3, 5, 9, 10, 12, 13, 14|
Root to change : 10 with colors |1, 2, 4, 5, 6, 8, 11, 15|
Root to change : 12 with colors |1, 2, 5, 6, 9, 10, 11, 14, 15|
++++++++++++++++++++++
Trying improving 6, 10, 10, 12 with subs:
Root to change : 6 with colors |1, 3, 5, 9, 10, 12, 13, 14|
Root to change : 12 with colors |3, 5, 6, 9, 10, 13, 14, 15|
++++++++++++++++++++++
Trying improving 6, 10, 11, 12 with subs:
Root to change : 10 with colors |1, 2, 4, 5, 6, 8, 11, 15|
Root to change : 12 with colors |1, 2, 4, 5, 6, 8, 11, 15|
++++++++++++++++++++++
Trying improving 6, 10, 12, 12 with subs:
Root to change : 6 with colors |1, 3, 5, 9, 10, 12, 13, 14|
Root to change : 10 with colors |1, 2, 4, 5, 6, 8, 11, 15|
++++++++++++++++++++++
Trying improving 6, 10, 12, 14 with subs:
Root to change : 6 with colors |1, 3, 5, 9, 10, 12, 13, 14|
Root to change : 12 with colors |2, 3, 5, 9, 10, 13, 14|
++++++++++++++++++++++
Trying improving 6, 10, 12, 15 with subs:
Root to change : 10 with colors |1, 2, 4, 5, 6, 8, 11, 15|
Root to change : 12 with colors |3, 4, 5, 6, 8, 9, 10, 11, 15|
++++++++++++++++++++++
Trying improving 6, 15, 1, 10 with subs:
Root to change : 1 with colors |3, 5, 6, 9, 10, 13, 14, 15|
Root to change : 10 with colors |1, 2, 5, 6, 7, 8, 11, 12|
++++++++++++++++++++++
Trying improving 6, 15, 1, 14 with subs:
Root to change : 15 with colors |1, 2, 4, 5, 6, 9, 11, 13|
Root to change : 1 with colors |2, 3, 5, 9, 10, 13, 14|
Root to change : 14 with colors |1, 2, 5, 6, 7, 8, 11, 12|
++++++++++++++++++++++
Trying improving 6, 15, 10, 12 with subs:
Root to change : 10 with colors |1, 5, 7, 8, 11, 12, 15|
Root to change : 12 with colors |3, 5, 6, 9, 10, 13, 14, 15|
++++++++++++++++++++++
Trying improving 6, 15, 12, 14 with subs:
Root to change : 12 with colors |2, 3, 5, 9, 10, 13, 14|
Root to change : 14 with colors |1, 5, 7, 8, 11, 12, 15|
++++++++++++++++++++++
Trying improving 9, 9, 11, 12 with subs:
Root to change : 11 with colors |1, 3, 5, 7, 10, 12, 14|
Root to change : 12 with colors |1, 2, 4, 5, 6, 7, 8, 11, 15|
++++++++++++++++++++++
Trying improving 9, 9, 12, 15 with subs:
Root to change : 12 with colors |3, 4, 5, 6, 8, 9, 10, 11, 15|
Root to change : 15 with colors |1, 3, 5, 7, 10, 12, 14|
++++++++++++++++++++++
Trying improving 9, 10, 0, 11 with subs:
Root to change : 10 with colors |2, 3, 4, 5, 6, 9, 13, 14, 15|
Root to change : 0 with colors |1, 2, 4, 5, 6, 8, 11, 15|
Root to change : 11 with colors |2, 3, 4, 5, 7, 9, 12, 14, 15|
++++++++++++++++++++++
Trying improving 9, 10, 11, 12 with subs:
Root to change : 11 with colors |1, 3, 5, 7, 10, 12, 14|
Root to change : 12 with colors |1, 2, 4, 5, 6, 8, 11, 15|
++++++++++++++++++++++
Trying improving 9, 10, 12, 15 with subs:
Root to change : 12 with colors |3, 4, 5, 6, 8, 9, 10, 11, 15|
Root to change : 15 with colors |1, 3, 5, 7, 10, 12, 14|
++++++++++++++++++++++
Trying improving 9, 14, 11, 12 with subs:
Root to change : 9 with colors |1, 2, 3, 5, 7, 10, 12, 13, 14|
Root to change : 11 with colors |1, 3, 5, 7, 10, 12, 14|
Root to change : 12 with colors |1, 2, 4, 5, 6, 7, 11|
++++++++++++++++++++++
Trying improving 9, 14, 11, 15 with subs:
Root to change : 14 with colors |2, 3, 4, 5, 6, 9, 10, 13, 15|
Root to change : 11 with colors |3, 4, 5, 6, 9, 10, 15|
Root to change : 15 with colors |1, 2, 4, 5, 6, 7, 11|
++++++++++++++++++++++
Trying improving 9, 14, 12, 15 with subs:
Root to change : 12 with colors |3, 4, 5, 6, 9, 10, 15|
Root to change : 15 with colors |1, 3, 5, 7, 10, 12, 14|
++++++++++++++++++++++
Trying improving 9, 15, 0, 12 with subs:
Root to change : 9 with colors |4, 5, 6, 8, 11, 12, 15|
Root to change : 15 with colors |2, 3, 5, 9, 10, 13, 14|
Root to change : 12 with colors |2, 3, 4, 5, 7, 9, 11, 14, 15|
++++++++++++++++++++++
Trying improving 9, 15, 1, 10 with subs:
Root to change : 15 with colors |2, 3, 5, 9, 10, 13, 14|
Root to change : 1 with colors |3, 5, 6, 9, 10, 13, 14, 15|
++++++++++++++++++++++
Trying improving 9, 15, 1, 12 with subs:
Root to change : 9 with colors |4, 5, 6, 8, 11, 12, 15|
Root to change : 15 with colors |2, 3, 5, 9, 10, 13, 14|
++++++++++++++++++++++
Trying improving 9, 15, 1, 14 with subs:
Root to change : 15 with colors |2, 3, 4, 5, 6, 9, 10, 13, 14|
Root to change : 1 with colors |2, 3, 5, 9, 10, 13, 14|
++++++++++++++++++++++
Trying improving 9, 15, 5, 12 with subs:
Root to change : 9 with colors |4, 5, 6, 8, 11, 12, 15|
Root to change : 15 with colors |2, 3, 5, 9, 10, 13, 14|
Root to change : 12 with colors |1, 2, 5, 6, 9, 10, 11, 14, 15|
++++++++++++++++++++++
Trying improving 9, 15, 10, 12 with subs:
Root to change : 15 with colors |2, 3, 5, 9, 10, 13, 14|
Root to change : 12 with colors |3, 5, 6, 9, 10, 13, 14, 15|
++++++++++++++++++++++
Trying improving 9, 15, 11, 12 with subs:
Root to change : 9 with colors |4, 5, 6, 8, 11, 12, 15|
Root to change : 12 with colors |1, 2, 4, 5, 6, 7, 8, 11, 15|
++++++++++++++++++++++
Trying improving 9, 15, 12, 12 with subs:
Root to change : 9 with colors |4, 5, 6, 8, 11, 12, 15|
Root to change : 15 with colors |2, 3, 5, 9, 10, 13, 14|
++++++++++++++++++++++
Trying improving 9, 15, 12, 14 with subs:
Root to change : 15 with colors |2, 3, 5, 9, 10, 13, 14|
Root to change : 12 with colors |2, 3, 5, 9, 10, 13, 14|
++++++++++++++++++++++
Trying improving 9, 15, 12, 15 with subs:
Root to change : 9 with colors |4, 5, 6, 8, 11, 12, 15|
Root to change : 12 with colors |3, 4, 5, 6, 8, 9, 10, 11, 15|
++++++++++++++++++++++
Trying improving 10, 10, 0, 11 with subs:
Root to change : 0 with colors |1, 2, 4, 5, 6, 7, 8, 11, 12, 15|
Root to change : 11 with colors |2, 3, 4, 5, 7, 9, 12, 14, 15|
++++++++++++++++++++++
Trying improving 10, 10, 12, 15 with subs:
Root to change : 12 with colors |3, 4, 5, 6, 8, 9, 10, 11, 15|
Root to change : 15 with colors |1, 3, 5, 7, 8, 10, 11, 12, 14|
++++++++++++++++++++++
Trying improving 10, 12, 0, 11 with subs:
Root to change : 10 with colors |1, 3, 5, 7, 8, 11, 12, 14, 15|
Root to change : 0 with colors |1, 2, 5, 6, 7, 8, 11, 12|
Root to change : 11 with colors |2, 3, 5, 7, 9, 12, 14|
++++++++++++++++++++++
Trying improving 10, 12, 0, 15 with subs:
Root to change : 10 with colors |1, 5, 7, 8, 11, 12, 15|
Root to change : 12 with colors |3, 5, 6, 9, 10, 13, 14, 15|
Root to change : 15 with colors |2, 3, 5, 7, 9, 12, 14|
++++++++++++++++++++++
Trying improving 10, 12, 5, 15 with subs:
Root to change : 10 with colors |1, 5, 7, 8, 11, 12, 15|
Root to change : 12 with colors |3, 5, 6, 9, 10, 13, 14, 15|
Root to change : 15 with colors |1, 2, 5, 6, 9, 10, 11, 12, 14|
++++++++++++++++++++++
Trying improving 10, 12, 6, 9 with subs:
Root to change : 12 with colors |3, 5, 6, 9, 10, 13, 14, 15|
Root to change : 6 with colors |2, 3, 5, 9, 10, 13, 14|
++++++++++++++++++++++
Trying improving 10, 12, 6, 10 with subs:
Root to change : 12 with colors |3, 5, 6, 9, 10, 13, 14, 15|
Root to change : 6 with colors |1, 3, 5, 9, 10, 12, 13, 14|
++++++++++++++++++++++
Trying improving 10, 12, 6, 15 with subs:
Root to change : 10 with colors |1, 5, 7, 8, 11, 12, 15|
Root to change : 12 with colors |3, 5, 6, 9, 10, 13, 14, 15|
++++++++++++++++++++++
Trying improving 10, 12, 9, 15 with subs:
Root to change : 12 with colors |3, 5, 6, 9, 10, 13, 14, 15|
Root to change : 15 with colors |2, 3, 5, 9, 10, 13, 14|
++++++++++++++++++++++
Trying improving 10, 12, 10, 15 with subs:
Root to change : 12 with colors |3, 5, 6, 9, 10, 13, 14, 15|
Root to change : 15 with colors |1, 3, 5, 9, 10, 12, 13, 14|
++++++++++++++++++++++
Trying improving 10, 12, 11, 15 with subs:
Root to change : 10 with colors |1, 5, 7, 8, 11, 12, 15|
Root to change : 15 with colors |1, 2, 5, 6, 7, 8, 11, 12|
++++++++++++++++++++++
Trying improving 10, 12, 12, 15 with subs:
Root to change : 10 with colors |1, 5, 7, 8, 11, 12, 15|
Root to change : 15 with colors |1, 3, 5, 7, 8, 10, 11, 12, 14|
++++++++++++++++++++++
Trying improving 10, 12, 15, 15 with subs:
Root to change : 10 with colors |1, 5, 7, 8, 11, 12, 15|
Root to change : 12 with colors |3, 5, 6, 9, 10, 13, 14, 15|
++++++++++++++++++++++
Trying improving 10, 14, 0, 11 with subs:
Root to change : 10 with colors |1, 2, 3, 5, 7, 9, 12, 13, 14|
Root to change : 0 with colors |1, 2, 5, 6, 7, 8, 11, 12|
Root to change : 11 with colors |2, 3, 4, 5, 7, 9, 12, 14, 15|
++++++++++++++++++++++
Trying improving 10, 14, 11, 15 with subs:
Root to change : 11 with colors |3, 4, 5, 6, 9, 10, 15|
Root to change : 15 with colors |1, 2, 5, 6, 7, 8, 11, 12|
++++++++++++++++++++++
Trying improving 10, 14, 12, 15 with subs:
Root to change : 12 with colors |3, 4, 5, 6, 9, 10, 15|
Root to change : 15 with colors |1, 3, 5, 7, 8, 10, 11, 12, 14|
++++++++++++++++++++++
Trying improving 10, 15, 0, 11 with subs:
Root to change : 10 with colors |3, 4, 5, 6, 8, 9, 11, 12, 15|
Root to change : 0 with colors |1, 2, 4, 5, 6, 8, 11, 15|
Root to change : 11 with colors |2, 3, 4, 5, 9, 14, 15|
++++++++++++++++++++++
Trying improving 10, 15, 0, 12 with subs:
Root to change : 10 with colors |4, 5, 6, 8, 11, 12, 15|
Root to change : 15 with colors |1, 3, 5, 9, 10, 12, 13, 14|
Root to change : 12 with colors |2, 3, 4, 5, 9, 14, 15|
++++++++++++++++++++++
Trying improving 10, 15, 1, 10 with subs:
Root to change : 15 with colors |1, 3, 5, 9, 10, 12, 13, 14|
Root to change : 1 with colors |3, 5, 6, 9, 10, 13, 14, 15|
++++++++++++++++++++++
Trying improving 10, 15, 1, 12 with subs:
Root to change : 10 with colors |4, 5, 6, 8, 11, 12, 15|
Root to change : 15 with colors |1, 3, 5, 9, 10, 12, 13, 14|
++++++++++++++++++++++
Trying improving 10, 15, 1, 14 with subs:
Root to change : 15 with colors |1, 3, 5, 9, 10, 12, 13, 14|
Root to change : 1 with colors |2, 3, 5, 9, 10, 13, 14|
++++++++++++++++++++++
Trying improving 10, 15, 5, 12 with subs:
Root to change : 10 with colors |4, 5, 6, 8, 11, 12, 15|
Root to change : 15 with colors |1, 3, 5, 9, 10, 12, 13, 14|
Root to change : 12 with colors |1, 2, 5, 6, 9, 10, 11, 14, 15|
++++++++++++++++++++++
Trying improving 10, 15, 10, 12 with subs:
Root to change : 15 with colors |1, 3, 5, 9, 10, 12, 13, 14|
Root to change : 12 with colors |3, 5, 6, 9, 10, 13, 14, 15|
++++++++++++++++++++++
Trying improving 10, 15, 11, 12 with subs:
Root to change : 10 with colors |4, 5, 6, 8, 11, 12, 15|
Root to change : 12 with colors |1, 2, 4, 5, 6, 8, 11, 15|
++++++++++++++++++++++
Trying improving 10, 15, 12, 12 with subs:
Root to change : 10 with colors |4, 5, 6, 8, 11, 12, 15|
Root to change : 15 with colors |1, 3, 5, 9, 10, 12, 13, 14|
++++++++++++++++++++++
Trying improving 10, 15, 12, 14 with subs:
Root to change : 15 with colors |1, 3, 5, 9, 10, 12, 13, 14|
Root to change : 12 with colors |2, 3, 5, 9, 10, 13, 14|
++++++++++++++++++++++
Trying improving 10, 15, 12, 15 with subs:
Root to change : 10 with colors |4, 5, 6, 8, 11, 12, 15|
Root to change : 12 with colors |3, 4, 5, 6, 8, 9, 10, 11, 15|
++++++++++++++++++++++
Trying improving 11, 12, 0, 9 with subs:
Root to change : 11 with colors |1, 3, 5, 7, 10, 12, 14|
Root to change : 12 with colors |1, 2, 4, 5, 6, 7, 8, 11, 15|
Root to change : 9 with colors |2, 3, 4, 5, 7, 11, 12, 14, 15|
++++++++++++++++++++++
Trying improving 11, 12, 2, 9 with subs:
Root to change : 11 with colors |1, 3, 5, 7, 10, 12, 14|
Root to change : 12 with colors |1, 2, 4, 5, 6, 7, 8, 11, 15|
Root to change : 9 with colors |1, 2, 4, 5, 6, 7, 11, 13, 14|
++++++++++++++++++++++
Trying improving 11, 12, 5, 9 with subs:
Root to change : 11 with colors |1, 3, 5, 7, 10, 12, 14|
Root to change : 12 with colors |1, 2, 4, 5, 6, 7, 8, 11, 15|
Root to change : 9 with colors |1, 2, 5, 6, 10, 11, 12, 14, 15|
++++++++++++++++++++++
Trying improving 11, 12, 6, 9 with subs:
Root to change : 12 with colors |1, 2, 4, 5, 6, 7, 8, 11, 15|
Root to change : 9 with colors |1, 2, 4, 5, 6, 8, 11, 15|
++++++++++++++++++++++
Trying improving 11, 12, 6, 10 with subs:
Root to change : 12 with colors |1, 2, 4, 5, 6, 8, 11, 15|
Root to change : 10 with colors |1, 2, 4, 5, 6, 8, 11, 15|
++++++++++++++++++++++
Trying improving 11, 12, 9, 9 with subs:
Root to change : 11 with colors |1, 3, 5, 7, 10, 12, 14|
Root to change : 12 with colors |1, 2, 4, 5, 6, 7, 8, 11, 15|
++++++++++++++++++++++
Trying improving 11, 12, 9, 10 with subs:
Root to change : 11 with colors |1, 3, 5, 7, 10, 12, 14|
Root to change : 12 with colors |1, 2, 4, 5, 6, 8, 11, 15|
++++++++++++++++++++++
Trying improving 11, 12, 9, 14 with subs:
Root to change : 11 with colors |1, 3, 5, 7, 10, 12, 14|
Root to change : 12 with colors |1, 2, 4, 5, 6, 7, 11|
Root to change : 9 with colors |1, 2, 3, 5, 7, 10, 12, 13, 14|
++++++++++++++++++++++
Trying improving 11, 12, 9, 15 with subs:
Root to change : 12 with colors |1, 2, 4, 5, 6, 7, 8, 11, 15|
Root to change : 9 with colors |4, 5, 6, 8, 11, 12, 15|
++++++++++++++++++++++
Trying improving 11, 12, 10, 15 with subs:
Root to change : 12 with colors |1, 2, 4, 5, 6, 8, 11, 15|
Root to change : 10 with colors |4, 5, 6, 8, 11, 12, 15|
++++++++++++++++++++++
Trying improving 11, 15, 0, 14 with subs:
Root to change : 11 with colors |3, 4, 5, 6, 9, 10, 15|
Root to change : 15 with colors |1, 2, 4, 5, 6, 7, 8, 11, 12|
Root to change : 14 with colors |2, 3, 4, 5, 7, 9, 11, 12, 15|
++++++++++++++++++++++
Trying improving 11, 15, 1, 10 with subs:
Root to change : 15 with colors |1, 2, 5, 6, 7, 8, 11, 12|
Root to change : 10 with colors |1, 2, 5, 6, 7, 8, 11, 12|
++++++++++++++++++++++
Trying improving 11, 15, 1, 14 with subs:
Root to change : 15 with colors |1, 2, 4, 5, 6, 7, 8, 11, 12|
Root to change : 14 with colors |1, 2, 5, 6, 7, 8, 11, 12|
++++++++++++++++++++++
Trying improving 11, 15, 2, 14 with subs:
Root to change : 11 with colors |3, 4, 5, 6, 9, 10, 15|
Root to change : 15 with colors |1, 2, 4, 5, 6, 7, 8, 11, 12|
Root to change : 14 with colors |1, 2, 4, 5, 6, 7, 9, 11, 13|
++++++++++++++++++++++
Trying improving 11, 15, 5, 14 with subs:
Root to change : 11 with colors |3, 4, 5, 6, 9, 10, 15|
Root to change : 15 with colors |1, 2, 4, 5, 6, 7, 8, 11, 12|
Root to change : 14 with colors |1, 2, 5, 6, 9, 10, 11, 12, 15|
++++++++++++++++++++++
Trying improving 11, 15, 9, 14 with subs:
Root to change : 11 with colors |3, 4, 5, 6, 9, 10, 15|
Root to change : 15 with colors |1, 2, 4, 5, 6, 7, 11|
Root to change : 14 with colors |2, 3, 4, 5, 6, 9, 10, 13, 15|
++++++++++++++++++++++
Trying improving 11, 15, 10, 12 with subs:
Root to change : 15 with colors |1, 2, 5, 6, 7, 8, 11, 12|
Root to change : 10 with colors |1, 5, 7, 8, 11, 12, 15|
++++++++++++++++++++++
Trying improving 11, 15, 10, 14 with subs:
Root to change : 11 with colors |3, 4, 5, 6, 9, 10, 15|
Root to change : 15 with colors |1, 2, 5, 6, 7, 8, 11, 12|
++++++++++++++++++++++
Trying improving 11, 15, 12, 14 with subs:
Root to change : 15 with colors |1, 2, 4, 5, 6, 7, 8, 11, 12|
Root to change : 14 with colors |1, 5, 7, 8, 11, 12, 15|
++++++++++++++++++++++
Trying improving 11, 15, 14, 14 with subs:
Root to change : 11 with colors |3, 4, 5, 6, 9, 10, 15|
Root to change : 15 with colors |1, 2, 4, 5, 6, 7, 8, 11, 12|
++++++++++++++++++++++
Trying improving 12, 12, 6, 9 with subs:
Root to change : 6 with colors |2, 3, 5, 9, 10, 13, 14|
Root to change : 9 with colors |1, 2, 4, 5, 6, 8, 11, 15|
++++++++++++++++++++++
Trying improving 12, 12, 6, 10 with subs:
Root to change : 6 with colors |1, 3, 5, 9, 10, 12, 13, 14|
Root to change : 10 with colors |1, 2, 4, 5, 6, 8, 11, 15|
++++++++++++++++++++++
Trying improving 12, 12, 9, 15 with subs:
Root to change : 9 with colors |4, 5, 6, 8, 11, 12, 15|
Root to change : 15 with colors |2, 3, 5, 9, 10, 13, 14|
++++++++++++++++++++++
Trying improving 12, 12, 10, 15 with subs:
Root to change : 10 with colors |4, 5, 6, 8, 11, 12, 15|
Root to change : 15 with colors |1, 3, 5, 9, 10, 12, 13, 14|
++++++++++++++++++++++
Trying improving 12, 14, 0, 15 with subs:
Root to change : 12 with colors |2, 3, 5, 9, 10, 13, 14|
Root to change : 14 with colors |1, 5, 7, 8, 11, 12, 15|
Root to change : 15 with colors |2, 3, 4, 5, 7, 9, 11, 12, 14|
++++++++++++++++++++++
Trying improving 12, 14, 5, 15 with subs:
Root to change : 12 with colors |2, 3, 5, 9, 10, 13, 14|
Root to change : 14 with colors |1, 5, 7, 8, 11, 12, 15|
Root to change : 15 with colors |1, 2, 5, 6, 9, 10, 11, 12, 14|
++++++++++++++++++++++
Trying improving 12, 14, 6, 9 with subs:
Root to change : 12 with colors |1, 2, 3, 5, 7, 9, 10, 13, 14|
Root to change : 6 with colors |2, 3, 5, 9, 10, 13, 14|
++++++++++++++++++++++
Trying improving 12, 14, 6, 10 with subs:
Root to change : 12 with colors |2, 3, 5, 9, 10, 13, 14|
Root to change : 6 with colors |1, 3, 5, 9, 10, 12, 13, 14|
++++++++++++++++++++++
Trying improving 12, 14, 6, 15 with subs:
Root to change : 12 with colors |2, 3, 5, 9, 10, 13, 14|
Root to change : 14 with colors |1, 5, 7, 8, 11, 12, 15|
++++++++++++++++++++++
Trying improving 12, 14, 9, 15 with subs:
Root to change : 12 with colors |2, 3, 5, 9, 10, 13, 14|
Root to change : 15 with colors |2, 3, 5, 9, 10, 13, 14|
++++++++++++++++++++++
Trying improving 12, 14, 10, 15 with subs:
Root to change : 12 with colors |2, 3, 5, 9, 10, 13, 14|
Root to change : 15 with colors |1, 3, 5, 9, 10, 12, 13, 14|
++++++++++++++++++++++
Trying improving 12, 14, 11, 15 with subs:
Root to change : 14 with colors |1, 5, 7, 8, 11, 12, 15|
Root to change : 15 with colors |1, 2, 4, 5, 6, 7, 8, 11, 12|
++++++++++++++++++++++
Trying improving 12, 14, 12, 15 with subs:
Root to change : 14 with colors |1, 5, 7, 8, 11, 12, 15|
Root to change : 15 with colors |1, 3, 5, 7, 8, 10, 11, 12, 14|
++++++++++++++++++++++
Trying improving 12, 14, 15, 15 with subs:
Root to change : 12 with colors |2, 3, 5, 9, 10, 13, 14|
Root to change : 14 with colors |1, 5, 7, 8, 11, 12, 15|
++++++++++++++++++++++
Trying improving 12, 15, 0, 9 with subs:
Root to change : 12 with colors |3, 4, 5, 6, 8, 9, 10, 11, 15|
Root to change : 15 with colors |1, 3, 5, 7, 10, 12, 14|
Root to change : 9 with colors |2, 4, 5, 7, 11, 12, 15|
++++++++++++++++++++++
Trying improving 12, 15, 0, 14 with subs:
Root to change : 12 with colors |3, 4, 5, 6, 9, 10, 15|
Root to change : 15 with colors |1, 3, 5, 7, 8, 10, 11, 12, 14|
Root to change : 14 with colors |2, 4, 5, 7, 11, 12, 15|
++++++++++++++++++++++
Trying improving 12, 15, 1, 10 with subs:
Root to change : 15 with colors |1, 3, 5, 7, 8, 10, 11, 12, 14|
Root to change : 10 with colors |1, 2, 5, 6, 7, 8, 11, 12|
++++++++++++++++++++++
Trying improving 12, 15, 1, 14 with subs:
Root to change : 15 with colors |1, 3, 5, 7, 8, 10, 11, 12, 14|
Root to change : 14 with colors |1, 2, 5, 6, 7, 8, 11, 12|
++++++++++++++++++++++
Trying improving 12, 15, 2, 9 with subs:
Root to change : 12 with colors |3, 4, 5, 6, 8, 9, 10, 11, 15|
Root to change : 15 with colors |1, 3, 5, 7, 10, 12, 14|
Root to change : 9 with colors |1, 2, 4, 5, 6, 7, 11|
++++++++++++++++++++++
Trying improving 12, 15, 2, 14 with subs:
Root to change : 12 with colors |3, 4, 5, 6, 9, 10, 15|
Root to change : 15 with colors |1, 3, 5, 7, 8, 10, 11, 12, 14|
Root to change : 14 with colors |1, 2, 4, 5, 6, 7, 11|
++++++++++++++++++++++
Trying improving 12, 15, 5, 9 with subs:
Root to change : 12 with colors |3, 4, 5, 6, 8, 9, 10, 11, 15|
Root to change : 15 with colors |1, 3, 5, 7, 10, 12, 14|
Root to change : 9 with colors |1, 2, 5, 6, 11, 12, 15|
++++++++++++++++++++++
Trying improving 12, 15, 5, 10 with subs:
Root to change : 12 with colors |3, 4, 5, 6, 8, 9, 10, 11, 15|
Root to change : 15 with colors |1, 3, 5, 7, 8, 10, 11, 12, 14|
Root to change : 10 with colors |1, 2, 5, 6, 11, 12, 15|
++++++++++++++++++++++
Trying improving 12, 15, 5, 14 with subs:
Root to change : 12 with colors |3, 4, 5, 6, 9, 10, 15|
Root to change : 15 with colors |1, 3, 5, 7, 8, 10, 11, 12, 14|
Root to change : 14 with colors |1, 2, 5, 6, 11, 12, 15|
++++++++++++++++++++++
Trying improving 12, 15, 6, 9 with subs:
Root to change : 12 with colors |3, 4, 5, 6, 8, 9, 10, 11, 15|
Root to change : 9 with colors |1, 2, 4, 5, 6, 8, 11, 15|
++++++++++++++++++++++
Trying improving 12, 15, 6, 10 with subs:
Root to change : 12 with colors |3, 4, 5, 6, 8, 9, 10, 11, 15|
Root to change : 10 with colors |1, 2, 4, 5, 6, 8, 11, 15|
++++++++++++++++++++++
Trying improving 12, 15, 9, 9 with subs:
Root to change : 12 with colors |3, 4, 5, 6, 8, 9, 10, 11, 15|
Root to change : 15 with colors |1, 3, 5, 7, 10, 12, 14|
++++++++++++++++++++++
Trying improving 12, 15, 9, 10 with subs:
Root to change : 12 with colors |3, 4, 5, 6, 8, 9, 10, 11, 15|
Root to change : 15 with colors |1, 3, 5, 7, 10, 12, 14|
++++++++++++++++++++++
Trying improving 12, 15, 9, 14 with subs:
Root to change : 12 with colors |3, 4, 5, 6, 9, 10, 15|
Root to change : 15 with colors |1, 3, 5, 7, 10, 12, 14|
++++++++++++++++++++++
Trying improving 12, 15, 9, 15 with subs:
Root to change : 12 with colors |3, 4, 5, 6, 8, 9, 10, 11, 15|
Root to change : 9 with colors |4, 5, 6, 8, 11, 12, 15|
++++++++++++++++++++++
Trying improving 12, 15, 10, 10 with subs:
Root to change : 12 with colors |3, 4, 5, 6, 8, 9, 10, 11, 15|
Root to change : 15 with colors |1, 3, 5, 7, 8, 10, 11, 12, 14|
++++++++++++++++++++++
Trying improving 12, 15, 10, 12 with subs:
Root to change : 15 with colors |1, 3, 5, 7, 8, 10, 11, 12, 14|
Root to change : 10 with colors |1, 5, 7, 8, 11, 12, 15|
++++++++++++++++++++++
Trying improving 12, 15, 10, 14 with subs:
Root to change : 12 with colors |3, 4, 5, 6, 9, 10, 15|
Root to change : 15 with colors |1, 3, 5, 7, 8, 10, 11, 12, 14|
++++++++++++++++++++++
Trying improving 12, 15, 10, 15 with subs:
Root to change : 12 with colors |3, 4, 5, 6, 8, 9, 10, 11, 15|
Root to change : 10 with colors |4, 5, 6, 8, 11, 12, 15|
++++++++++++++++++++++
Trying improving 12, 15, 12, 14 with subs:
Root to change : 15 with colors |1, 3, 5, 7, 8, 10, 11, 12, 14|
Root to change : 14 with colors |1, 5, 7, 8, 11, 12, 15|
++++++++++++++++++++++
Trying improving 12, 15, 14, 14 with subs:
Root to change : 12 with colors |3, 4, 5, 6, 9, 10, 15|
Root to change : 15 with colors |1, 3, 5, 7, 8, 10, 11, 12, 14|
++++++++++++++++++++++
Trying improving 14, 14, 11, 15 with subs:
Root to change : 11 with colors |3, 4, 5, 6, 9, 10, 15|
Root to change : 15 with colors |1, 2, 4, 5, 6, 7, 8, 11, 12|
++++++++++++++++++++++
Trying improving 14, 14, 12, 15 with subs:
Root to change : 12 with colors |3, 4, 5, 6, 9, 10, 15|
Root to change : 15 with colors |1, 3, 5, 7, 8, 10, 11, 12, 14|
++++++++++++++++++++++
Trying improving 15, 15, 1, 10 with subs:
Root to change : 1 with colors |3, 5, 6, 9, 10, 13, 14, 15|
Root to change : 10 with colors |1, 2, 5, 6, 7, 8, 11, 12|
++++++++++++++++++++++
Trying improving 15, 15, 1, 14 with subs:
Root to change : 1 with colors |2, 3, 5, 9, 10, 13, 14|
Root to change : 14 with colors |1, 2, 5, 6, 7, 8, 11, 12|
++++++++++++++++++++++
Trying improving 15, 15, 10, 12 with subs:
Root to change : 10 with colors |1, 5, 7, 8, 11, 12, 15|
Root to change : 12 with colors |3, 5, 6, 9, 10, 13, 14, 15|
++++++++++++++++++++++
Trying improving 15, 15, 12, 14 with subs:
Root to change : 12 with colors |2, 3, 5, 9, 10, 13, 14|
Root to change : 14 with colors |1, 5, 7, 8, 11, 12, 15|
++++++++++++++++++++++
Unable to be solved with SubSubProblem
