Trying substitutions to: 13
with goodVertices 1, 3, 4, 5, 6, 7, 8, 10, 11, 12, 15
bad color to improve: 6  12  with index 87
bad color to improve: 11  12  with index 122
bad color to improve: 12  15  with index 129
3 bad colorings on level 1
bad coloring on level 2  |6, 13, 0, 10|
bad coloring on level 2  |6, 13, 0, 13|
bad coloring on level 2  |6, 13, 0, 14|
bad coloring on level 2  |6, 13, 1, 3|
bad coloring on level 2  |6, 13, 1, 9|
bad coloring on level 2  |6, 13, 1, 10|
bad coloring on level 2  |6, 13, 1, 13|
bad coloring on level 2  |6, 13, 1, 14|
bad coloring on level 2  |6, 13, 2, 3|
bad coloring on level 2  |6, 13, 2, 10|
bad coloring on level 2  |6, 13, 2, 14|
bad coloring on level 2  |6, 13, 3, 10|
bad coloring on level 2  |6, 13, 3, 12|
bad coloring on level 2  |6, 13, 3, 14|
bad coloring on level 2  |0, 10, 6, 13|
bad coloring on level 2  |0, 13, 6, 13|
bad coloring on level 2  |0, 14, 6, 13|
bad coloring on level 2  |1, 3, 6, 13|
bad coloring on level 2  |1, 9, 6, 13|
bad coloring on level 2  |1, 10, 6, 13|
bad coloring on level 2  |1, 13, 6, 13|
bad coloring on level 2  |1, 14, 6, 13|
bad coloring on level 2  |2, 3, 6, 13|
bad coloring on level 2  |2, 10, 6, 13|
bad coloring on level 2  |2, 14, 6, 13|
bad coloring on level 2  |3, 10, 6, 13|
bad coloring on level 2  |3, 12, 6, 13|
bad coloring on level 2  |3, 14, 6, 13|
bad coloring on level 2  |7, 9, 6, 13|
bad coloring on level 2  |7, 10, 6, 13|
bad coloring on level 2  |7, 14, 6, 13|
bad coloring on level 2  |9, 12, 6, 13|
bad coloring on level 2  |9, 14, 6, 13|
bad coloring on level 2  |10, 12, 6, 13|
bad coloring on level 2  |10, 13, 6, 13|
bad coloring on level 2  |10, 14, 6, 13|
bad coloring on level 2  |12, 13, 6, 13|
bad coloring on level 2  |12, 14, 6, 13|
bad coloring on level 2  |13, 14, 6, 13|
bad coloring on level 2  |14, 14, 6, 13|
bad coloring on level 2  |6, 13, 7, 9|
bad coloring on level 2  |6, 13, 7, 10|
bad coloring on level 2  |6, 13, 7, 14|
bad coloring on level 2  |6, 13, 9, 12|
bad coloring on level 2  |6, 13, 9, 14|
bad coloring on level 2  |6, 13, 10, 12|
bad coloring on level 2  |6, 13, 10, 13|
bad coloring on level 2  |6, 13, 10, 14|
bad coloring on level 2  |6, 13, 12, 13|
bad coloring on level 2  |6, 13, 12, 14|
bad coloring on level 2  |6, 13, 13, 14|
bad coloring on level 2  |6, 13, 14, 14|

52 bad colorings on level 2
Sub sub problem :
Trying improving 0, 10, 6, 13 with subs:
Root to change : 10 with colors |2, 3, 4, 5, 6, 7, 8, 9, 11, 12, 15|
Root to change : 6 with colors |1, 2, 3, 4, 7, 8, 9, 10, 12, 13, 14|
Root to change : 13 with colors |1, 2, 4, 5, 6, 7, 8, 9, 10, 11, 12, 15|
++++++++++++++++++++++
Trying improving 0, 13, 6, 13 with subs:
Root to change : 0 with colors |2, 3, 4, 6, 7, 8, 9, 13|
Root to change : 13 with colors |2, 3, 4, 5, 6, 7, 8, 9, 11, 12, 15|
Root to change : 6 with colors |1, 2, 3, 4, 7, 8, 9, 10, 12, 13, 14|
Root to change : 13 with colors |1, 2, 4, 5, 6, 7, 8, 9, 10, 11, 12, 15|
++++++++++++++++++++++
Trying improving 0, 14, 6, 13 with subs:
Root to change : 14 with colors |2, 3, 4, 5, 6, 7, 8, 9, 11, 12, 15|
Root to change : 6 with colors |1, 2, 3, 4, 7, 8, 9, 10, 12, 13, 14|
Root to change : 13 with colors |1, 2, 4, 5, 6, 7, 8, 9, 10, 11, 12, 15|
++++++++++++++++++++++
Trying improving 1, 3, 6, 13 with subs:
Root to change : 1 with colors |3, 4, 7, 8, 9, 13, 15|
Root to change : 3 with colors |1, 2, 4, 5, 6, 7, 8, 11, 12, 15|
Root to change : 6 with colors |1, 2, 3, 4, 7, 8, 9, 10, 12, 13, 14|
Root to change : 13 with colors |1, 2, 4, 5, 6, 7, 8, 9, 10, 11, 12, 15|
++++++++++++++++++++++
Trying improving 1, 9, 6, 13 with subs:
Root to change : 1 with colors |2, 3, 4, 5, 6, 9, 10, 13, 15|
Root to change : 9 with colors |1, 2, 4, 5, 6, 7, 8, 11, 12, 15|
Root to change : 6 with colors |1, 2, 3, 4, 7, 8, 9, 10, 12, 13, 14|
Root to change : 13 with colors |1, 2, 4, 5, 6, 7, 8, 9, 10, 11, 12, 15|
++++++++++++++++++++++
Trying improving 1, 10, 6, 13 with subs:
Root to change : 10 with colors |1, 2, 4, 5, 6, 7, 8, 11, 12, 15|
Root to change : 6 with colors |1, 2, 3, 4, 7, 8, 9, 10, 12, 13, 14|
Root to change : 13 with colors |1, 2, 4, 5, 6, 7, 8, 9, 10, 11, 12, 15|
++++++++++++++++++++++
Trying improving 1, 13, 6, 13 with subs:
Root to change : 1 with colors |2, 3, 4, 6, 7, 8, 9, 13|
Root to change : 13 with colors |1, 2, 4, 5, 6, 7, 8, 11, 12, 15|
Root to change : 6 with colors |1, 2, 3, 4, 7, 8, 9, 10, 12, 13, 14|
Root to change : 13 with colors |1, 2, 4, 5, 6, 7, 8, 9, 10, 11, 12, 15|
++++++++++++++++++++++
Trying improving 1, 14, 6, 13 with subs:
Root to change : 14 with colors |1, 2, 4, 5, 6, 7, 8, 11, 12, 15|
Root to change : 6 with colors |1, 2, 3, 4, 7, 8, 9, 10, 12, 13, 14|
Root to change : 13 with colors |1, 2, 4, 5, 6, 7, 8, 9, 10, 11, 12, 15|
++++++++++++++++++++++
Trying improving 2, 3, 6, 13 with subs:
Root to change : 2 with colors |3, 4, 7, 8, 9, 13, 15|
Root to change : 3 with colors |1, 2, 4, 5, 6, 7, 8, 9, 11, 13, 15|
Root to change : 6 with colors |1, 2, 3, 4, 7, 8, 9, 10, 12, 13, 14|
Root to change : 13 with colors |1, 2, 4, 5, 6, 7, 8, 9, 10, 11, 12, 15|
++++++++++++++++++++++
Trying improving 2, 10, 6, 13 with subs:
Root to change : 10 with colors |1, 2, 4, 5, 6, 7, 8, 9, 11, 13, 15|
Root to change : 6 with colors |1, 2, 3, 4, 7, 8, 9, 10, 12, 13, 14|
Root to change : 13 with colors |1, 2, 4, 5, 6, 7, 8, 9, 10, 11, 12, 15|
++++++++++++++++++++++
Trying improving 2, 14, 6, 13 with subs:
Root to change : 14 with colors |1, 2, 4, 5, 6, 7, 8, 9, 11, 13, 15|
Root to change : 6 with colors |1, 2, 3, 4, 7, 8, 9, 10, 12, 13, 14|
Root to change : 13 with colors |1, 2, 4, 5, 6, 7, 8, 9, 10, 11, 12, 15|
++++++++++++++++++++++
Trying improving 3, 10, 6, 13 with subs:
Root to change : 10 with colors |3, 4, 7, 8, 9, 13, 15|
Root to change : 6 with colors |1, 2, 3, 4, 7, 8, 9, 10, 12, 13, 14|
Root to change : 13 with colors |1, 2, 4, 5, 6, 7, 8, 9, 10, 11, 12, 15|
++++++++++++++++++++++
Trying improving 3, 12, 6, 13 with subs:
Root to change : 3 with colors |1, 4, 5, 6, 7, 8, 11, 12, 15|
Root to change : 12 with colors |3, 4, 7, 8, 9, 13, 15|
Root to change : 6 with colors |1, 2, 3, 4, 7, 8, 9, 10, 12, 13, 14|
Root to change : 13 with colors |1, 2, 4, 5, 6, 7, 8, 9, 10, 11, 12, 15|
++++++++++++++++++++++
Trying improving 3, 14, 6, 13 with subs:
Root to change : 14 with colors |3, 4, 7, 8, 9, 13, 15|
Root to change : 6 with colors |1, 2, 3, 4, 7, 8, 9, 10, 12, 13, 14|
Root to change : 13 with colors |1, 2, 4, 5, 6, 7, 8, 9, 10, 11, 12, 15|
++++++++++++++++++++++
Trying improving 6, 13, 0, 10 with subs:
Root to change : 6 with colors |1, 2, 3, 4, 7, 8, 9, 10, 12, 13, 14|
Root to change : 13 with colors |1, 2, 4, 5, 6, 7, 8, 9, 10, 11, 12, 15|
Root to change : 10 with colors |2, 3, 4, 5, 6, 7, 8, 9, 11, 12, 15|
++++++++++++++++++++++
Trying improving 6, 13, 0, 13 with subs:
Root to change : 6 with colors |1, 2, 3, 4, 7, 8, 9, 10, 12, 13, 14|
Root to change : 13 with colors |1, 2, 4, 5, 6, 7, 8, 9, 10, 11, 12, 15|
Root to change : 0 with colors |2, 3, 4, 6, 7, 8, 9, 13|
Root to change : 13 with colors |2, 3, 4, 5, 6, 7, 8, 9, 11, 12, 15|
++++++++++++++++++++++
Trying improving 6, 13, 0, 14 with subs:
Root to change : 6 with colors |1, 2, 3, 4, 7, 8, 9, 10, 12, 13, 14|
Root to change : 13 with colors |1, 2, 4, 5, 6, 7, 8, 9, 10, 11, 12, 15|
Root to change : 14 with colors |2, 3, 4, 5, 6, 7, 8, 9, 11, 12, 15|
++++++++++++++++++++++
Trying improving 6, 13, 1, 3 with subs:
Root to change : 6 with colors |1, 2, 3, 4, 7, 8, 9, 10, 12, 13, 14|
Root to change : 13 with colors |1, 2, 4, 5, 6, 7, 8, 9, 10, 11, 12, 15|
Root to change : 1 with colors |3, 4, 7, 8, 9, 13, 15|
Root to change : 3 with colors |1, 2, 4, 5, 6, 7, 8, 11, 12, 15|
++++++++++++++++++++++
Trying improving 6, 13, 1, 9 with subs:
Root to change : 6 with colors |1, 2, 3, 4, 7, 8, 9, 10, 12, 13, 14|
Root to change : 13 with colors |1, 2, 4, 5, 6, 7, 8, 9, 10, 11, 12, 15|
Root to change : 1 with colors |2, 3, 4, 5, 6, 9, 10, 13, 15|
Root to change : 9 with colors |1, 2, 4, 5, 6, 7, 8, 11, 12, 15|
++++++++++++++++++++++
Trying improving 6, 13, 1, 10 with subs:
Root to change : 6 with colors |1, 2, 3, 4, 7, 8, 9, 10, 12, 13, 14|
Root to change : 13 with colors |1, 2, 4, 5, 6, 7, 8, 9, 10, 11, 12, 15|
Root to change : 10 with colors |1, 2, 4, 5, 6, 7, 8, 11, 12, 15|
++++++++++++++++++++++
Trying improving 6, 13, 1, 13 with subs:
Root to change : 6 with colors |1, 2, 3, 4, 7, 8, 9, 10, 12, 13, 14|
Root to change : 13 with colors |1, 2, 4, 5, 6, 7, 8, 9, 10, 11, 12, 15|
Root to change : 1 with colors |2, 3, 4, 6, 7, 8, 9, 13|
Root to change : 13 with colors |1, 2, 4, 5, 6, 7, 8, 11, 12, 15|
++++++++++++++++++++++
Trying improving 6, 13, 1, 14 with subs:
Root to change : 6 with colors |1, 2, 3, 4, 7, 8, 9, 10, 12, 13, 14|
Root to change : 13 with colors |1, 2, 4, 5, 6, 7, 8, 9, 10, 11, 12, 15|
Root to change : 14 with colors |1, 2, 4, 5, 6, 7, 8, 11, 12, 15|
++++++++++++++++++++++
Trying improving 6, 13, 2, 3 with subs:
Root to change : 6 with colors |1, 2, 3, 4, 7, 8, 9, 10, 12, 13, 14|
Root to change : 13 with colors |1, 2, 4, 5, 6, 7, 8, 9, 10, 11, 12, 15|
Root to change : 2 with colors |3, 4, 7, 8, 9, 13, 15|
Root to change : 3 with colors |1, 2, 4, 5, 6, 7, 8, 9, 11, 13, 15|
++++++++++++++++++++++
Trying improving 6, 13, 2, 10 with subs:
Root to change : 6 with colors |1, 2, 3, 4, 7, 8, 9, 10, 12, 13, 14|
Root to change : 13 with colors |1, 2, 4, 5, 6, 7, 8, 9, 10, 11, 12, 15|
Root to change : 10 with colors |1, 2, 4, 5, 6, 7, 8, 9, 11, 13, 15|
++++++++++++++++++++++
Trying improving 6, 13, 2, 14 with subs:
Root to change : 6 with colors |1, 2, 3, 4, 7, 8, 9, 10, 12, 13, 14|
Root to change : 13 with colors |1, 2, 4, 5, 6, 7, 8, 9, 10, 11, 12, 15|
Root to change : 14 with colors |1, 2, 4, 5, 6, 7, 8, 9, 11, 13, 15|
++++++++++++++++++++++
Trying improving 6, 13, 3, 10 with subs:
Root to change : 6 with colors |1, 2, 3, 4, 7, 8, 9, 10, 12, 13, 14|
Root to change : 13 with colors |1, 2, 4, 5, 6, 7, 8, 9, 10, 11, 12, 15|
Root to change : 10 with colors |3, 4, 7, 8, 9, 13, 15|
++++++++++++++++++++++
Trying improving 6, 13, 3, 12 with subs:
Root to change : 6 with colors |1, 2, 3, 4, 7, 8, 9, 10, 12, 13, 14|
Root to change : 13 with colors |1, 2, 4, 5, 6, 7, 8, 9, 10, 11, 12, 15|
Root to change : 3 with colors |1, 4, 5, 6, 7, 8, 11, 12, 15|
Root to change : 12 with colors |3, 4, 7, 8, 9, 13, 15|
++++++++++++++++++++++
Trying improving 6, 13, 3, 14 with subs:
Root to change : 6 with colors |1, 2, 3, 4, 7, 8, 9, 10, 12, 13, 14|
Root to change : 13 with colors |1, 2, 4, 5, 6, 7, 8, 9, 10, 11, 12, 15|
Root to change : 14 with colors |3, 4, 7, 8, 9, 13, 15|
++++++++++++++++++++++
Trying improving 6, 13, 7, 9 with subs:
Root to change : 6 with colors |1, 2, 3, 4, 7, 8, 9, 10, 12, 13, 14|
Root to change : 13 with colors |1, 2, 4, 5, 6, 7, 8, 9, 10, 11, 12, 15|
Root to change : 7 with colors |2, 3, 4, 5, 6, 9, 10, 13, 15|
Root to change : 9 with colors |1, 2, 3, 4, 6, 7, 8, 11, 12, 13, 15|
++++++++++++++++++++++
Trying improving 6, 13, 7, 10 with subs:
Root to change : 6 with colors |1, 2, 3, 4, 7, 8, 9, 10, 12, 13, 14|
Root to change : 13 with colors |1, 2, 4, 5, 6, 7, 8, 9, 10, 11, 12, 15|
Root to change : 10 with colors |1, 2, 3, 4, 6, 7, 8, 11, 12, 13, 15|
++++++++++++++++++++++
Trying improving 6, 13, 7, 14 with subs:
Root to change : 6 with colors |1, 2, 3, 4, 7, 8, 9, 10, 12, 13, 14|
Root to change : 13 with colors |1, 2, 4, 5, 6, 7, 8, 9, 10, 11, 12, 15|
Root to change : 14 with colors |1, 2, 3, 4, 6, 7, 8, 11, 12, 13, 15|
++++++++++++++++++++++
Trying improving 6, 13, 9, 12 with subs:
Root to change : 6 with colors |1, 2, 3, 4, 7, 8, 9, 10, 12, 13, 14|
Root to change : 13 with colors |1, 2, 4, 5, 6, 7, 8, 9, 10, 11, 12, 15|
Root to change : 9 with colors |1, 4, 5, 6, 7, 8, 11, 12, 15|
Root to change : 12 with colors |2, 3, 4, 5, 6, 9, 10, 13, 15|
++++++++++++++++++++++
Trying improving 6, 13, 9, 14 with subs:
Root to change : 6 with colors |1, 2, 3, 4, 7, 8, 9, 10, 12, 13, 14|
Root to change : 13 with colors |1, 2, 4, 5, 6, 7, 8, 9, 10, 11, 12, 15|
Root to change : 14 with colors |2, 3, 4, 5, 6, 9, 10, 13, 15|
++++++++++++++++++++++
Trying improving 6, 13, 10, 12 with subs:
Root to change : 6 with colors |1, 2, 3, 4, 7, 8, 9, 10, 12, 13, 14|
Root to change : 13 with colors |1, 2, 4, 5, 6, 7, 8, 9, 10, 11, 12, 15|
Root to change : 10 with colors |1, 4, 5, 6, 7, 8, 11, 12, 15|
++++++++++++++++++++++
Trying improving 6, 13, 10, 13 with subs:
Root to change : 6 with colors |1, 2, 3, 4, 7, 8, 9, 10, 12, 13, 14|
Root to change : 13 with colors |1, 2, 4, 5, 6, 7, 8, 9, 10, 11, 12, 15|
Root to change : 10 with colors |2, 3, 4, 6, 7, 8, 9, 13|
++++++++++++++++++++++
Trying improving 6, 13, 10, 14 with subs:
Root to change : 6 with colors |1, 2, 3, 4, 7, 8, 9, 10, 12, 13, 14|
Root to change : 13 with colors |1, 2, 4, 5, 6, 7, 8, 9, 10, 11, 12, 15|
++++++++++++++++++++++
Trying improving 6, 13, 12, 13 with subs:
Root to change : 6 with colors |1, 2, 3, 4, 7, 8, 9, 10, 12, 13, 14|
Root to change : 13 with colors |1, 2, 4, 5, 6, 7, 8, 9, 10, 11, 12, 15|
Root to change : 12 with colors |2, 3, 4, 6, 7, 8, 9, 13|
Root to change : 13 with colors |1, 4, 5, 6, 7, 8, 11, 12, 15|
++++++++++++++++++++++
Trying improving 6, 13, 12, 14 with subs:
Root to change : 6 with colors |1, 2, 3, 4, 7, 8, 9, 10, 12, 13, 14|
Root to change : 13 with colors |1, 2, 4, 5, 6, 7, 8, 9, 10, 11, 12, 15|
Root to change : 14 with colors |1, 4, 5, 6, 7, 8, 11, 12, 15|
++++++++++++++++++++++
Trying improving 6, 13, 13, 14 with subs:
Root to change : 6 with colors |1, 2, 3, 4, 7, 8, 9, 10, 12, 13, 14|
Root to change : 13 with colors |1, 2, 4, 5, 6, 7, 8, 9, 10, 11, 12, 15|
Root to change : 14 with colors |2, 3, 4, 6, 7, 8, 9, 13|
++++++++++++++++++++++
Trying improving 6, 13, 14, 14 with subs:
Root to change : 6 with colors |1, 2, 3, 4, 7, 8, 9, 10, 12, 13, 14|
Root to change : 13 with colors |1, 2, 4, 5, 6, 7, 8, 9, 10, 11, 12, 15|
++++++++++++++++++++++
Trying improving 7, 9, 6, 13 with subs:
Root to change : 7 with colors |2, 3, 4, 5, 6, 9, 10, 13, 15|
Root to change : 9 with colors |1, 2, 3, 4, 6, 7, 8, 11, 12, 13, 15|
Root to change : 6 with colors |1, 2, 3, 4, 7, 8, 9, 10, 12, 13, 14|
Root to change : 13 with colors |1, 2, 4, 5, 6, 7, 8, 9, 10, 11, 12, 15|
++++++++++++++++++++++
Trying improving 7, 10, 6, 13 with subs:
Root to change : 10 with colors |1, 2, 3, 4, 6, 7, 8, 11, 12, 13, 15|
Root to change : 6 with colors |1, 2, 3, 4, 7, 8, 9, 10, 12, 13, 14|
Root to change : 13 with colors |1, 2, 4, 5, 6, 7, 8, 9, 10, 11, 12, 15|
++++++++++++++++++++++
Trying improving 7, 14, 6, 13 with subs:
Root to change : 14 with colors |1, 2, 3, 4, 6, 7, 8, 11, 12, 13, 15|
Root to change : 6 with colors |1, 2, 3, 4, 7, 8, 9, 10, 12, 13, 14|
Root to change : 13 with colors |1, 2, 4, 5, 6, 7, 8, 9, 10, 11, 12, 15|
++++++++++++++++++++++
Trying improving 9, 12, 6, 13 with subs:
Root to change : 9 with colors |1, 4, 5, 6, 7, 8, 11, 12, 15|
Root to change : 12 with colors |2, 3, 4, 5, 6, 9, 10, 13, 15|
Root to change : 6 with colors |1, 2, 3, 4, 7, 8, 9, 10, 12, 13, 14|
Root to change : 13 with colors |1, 2, 4, 5, 6, 7, 8, 9, 10, 11, 12, 15|
++++++++++++++++++++++
Trying improving 9, 14, 6, 13 with subs:
Root to change : 14 with colors |2, 3, 4, 5, 6, 9, 10, 13, 15|
Root to change : 6 with colors |1, 2, 3, 4, 7, 8, 9, 10, 12, 13, 14|
Root to change : 13 with colors |1, 2, 4, 5, 6, 7, 8, 9, 10, 11, 12, 15|
++++++++++++++++++++++
Trying improving 10, 12, 6, 13 with subs:
Root to change : 10 with colors |1, 4, 5, 6, 7, 8, 11, 12, 15|
Root to change : 6 with colors |1, 2, 3, 4, 7, 8, 9, 10, 12, 13, 14|
Root to change : 13 with colors |1, 2, 4, 5, 6, 7, 8, 9, 10, 11, 12, 15|
++++++++++++++++++++++
Trying improving 10, 13, 6, 13 with subs:
Root to change : 10 with colors |2, 3, 4, 6, 7, 8, 9, 13|
Root to change : 6 with colors |1, 2, 3, 4, 7, 8, 9, 10, 12, 13, 14|
Root to change : 13 with colors |1, 2, 4, 5, 6, 7, 8, 9, 10, 11, 12, 15|
++++++++++++++++++++++
Trying improving 10, 14, 6, 13 with subs:
Root to change : 6 with colors |1, 2, 3, 4, 7, 8, 9, 10, 12, 13, 14|
Root to change : 13 with colors |1, 2, 4, 5, 6, 7, 8, 9, 10, 11, 12, 15|
++++++++++++++++++++++
Trying improving 12, 13, 6, 13 with subs:
Root to change : 12 with colors |2, 3, 4, 6, 7, 8, 9, 13|
Root to change : 13 with colors |1, 4, 5, 6, 7, 8, 11, 12, 15|
Root to change : 6 with colors |1, 2, 3, 4, 7, 8, 9, 10, 12, 13, 14|
Root to change : 13 with colors |1, 2, 4, 5, 6, 7, 8, 9, 10, 11, 12, 15|
++++++++++++++++++++++
Trying improving 12, 14, 6, 13 with subs:
Root to change : 14 with colors |1, 4, 5, 6, 7, 8, 11, 12, 15|
Root to change : 6 with colors |1, 2, 3, 4, 7, 8, 9, 10, 12, 13, 14|
Root to change : 13 with colors |1, 2, 4, 5, 6, 7, 8, 9, 10, 11, 12, 15|
++++++++++++++++++++++
Trying improving 13, 14, 6, 13 with subs:
Root to change : 14 with colors |2, 3, 4, 6, 7, 8, 9, 13|
Root to change : 6 with colors |1, 2, 3, 4, 7, 8, 9, 10, 12, 13, 14|
Root to change : 13 with colors |1, 2, 4, 5, 6, 7, 8, 9, 10, 11, 12, 15|
++++++++++++++++++++++
Trying improving 14, 14, 6, 13 with subs:
Root to change : 6 with colors |1, 2, 3, 4, 7, 8, 9, 10, 12, 13, 14|
Root to change : 13 with colors |1, 2, 4, 5, 6, 7, 8, 9, 10, 11, 12, 15|
++++++++++++++++++++++
Solved with SubSubProblem
