Trying substitutions to: 6
with goodVertices 1, 3, 5, 7, 8, 9, 10, 12, 13, 14, 15
bad color to improve: 0  13  with index 13
bad color to improve: 3  12  with index 54
bad color to improve: 9  12  with index 111
bad color to improve: 10  12  with index 117
bad color to improve: 12  13  with index 127
bad color to improve: 12  14  with index 128
6 bad colorings on level 1
bad coloring on level 2  |6, 13, 0, 6|
bad coloring on level 2  |6, 13, 0, 8|
bad coloring on level 2  |6, 13, 0, 11|
bad coloring on level 2  |6, 13, 1, 4|
bad coloring on level 2  |6, 13, 1, 6|
bad coloring on level 2  |6, 13, 1, 8|
bad coloring on level 2  |6, 13, 1, 11|
bad coloring on level 2  |6, 13, 1, 15|
bad coloring on level 2  |6, 13, 2, 8|
bad coloring on level 2  |6, 13, 2, 11|
bad coloring on level 2  |6, 13, 2, 15|
bad coloring on level 2  |6, 13, 4, 11|
bad coloring on level 2  |6, 13, 4, 12|
bad coloring on level 2  |5, 11, 4, 13|
bad coloring on level 2  |4, 13, 5, 11|
bad coloring on level 2  |6, 13, 5, 11|
bad coloring on level 2  |6, 13, 6, 7|
bad coloring on level 2  |6, 13, 6, 8|
bad coloring on level 2  |6, 13, 6, 11|
bad coloring on level 2  |6, 13, 6, 12|
bad coloring on level 2  |0, 6, 6, 13|
bad coloring on level 2  |0, 8, 6, 13|
bad coloring on level 2  |0, 11, 6, 13|
bad coloring on level 2  |1, 4, 6, 13|
bad coloring on level 2  |1, 6, 6, 13|
bad coloring on level 2  |1, 8, 6, 13|
bad coloring on level 2  |1, 11, 6, 13|
bad coloring on level 2  |1, 15, 6, 13|
bad coloring on level 2  |2, 8, 6, 13|
bad coloring on level 2  |2, 11, 6, 13|
bad coloring on level 2  |2, 15, 6, 13|
bad coloring on level 2  |4, 11, 6, 13|
bad coloring on level 2  |4, 12, 6, 13|
bad coloring on level 2  |5, 11, 6, 13|
bad coloring on level 2  |6, 7, 6, 13|
bad coloring on level 2  |6, 8, 6, 13|
bad coloring on level 2  |6, 11, 6, 13|
bad coloring on level 2  |6, 12, 6, 13|
bad coloring on level 2  |7, 11, 6, 13|
bad coloring on level 2  |7, 15, 6, 13|
bad coloring on level 2  |8, 11, 6, 13|
bad coloring on level 2  |8, 12, 6, 13|
bad coloring on level 2  |8, 15, 6, 13|
bad coloring on level 2  |11, 11, 6, 13|
bad coloring on level 2  |11, 12, 6, 13|
bad coloring on level 2  |11, 15, 6, 13|
bad coloring on level 2  |12, 15, 6, 13|
bad coloring on level 2  |6, 13, 7, 11|
bad coloring on level 2  |6, 13, 7, 15|
bad coloring on level 2  |6, 13, 8, 11|
bad coloring on level 2  |6, 13, 8, 12|
bad coloring on level 2  |6, 13, 8, 15|
bad coloring on level 2  |6, 13, 11, 11|
bad coloring on level 2  |6, 13, 11, 12|
bad coloring on level 2  |6, 13, 11, 15|
bad coloring on level 2  |6, 13, 12, 15|

56 bad colorings on level 2
Sub sub problem :
Trying improving 0, 6, 6, 13 with subs:
Root to change : 0 with colors |2, 4, 5, 6, 9, 10, 13, 15|
Root to change : 6 with colors |2, 3, 4, 5, 7, 9, 10, 12, 13, 14, 15|
Root to change : 6 with colors |1, 2, 3, 4, 7, 8, 9, 10, 12, 13, 14|
Root to change : 13 with colors |1, 2, 4, 5, 6, 7, 8, 9, 10, 11, 12, 15|
++++++++++++++++++++++
Trying improving 0, 8, 6, 13 with subs:
Root to change : 8 with colors |2, 3, 4, 5, 7, 9, 10, 12, 13, 14, 15|
Root to change : 6 with colors |1, 2, 3, 4, 7, 8, 9, 10, 12, 13, 14|
Root to change : 13 with colors |1, 2, 4, 5, 6, 7, 8, 9, 10, 11, 12, 15|
++++++++++++++++++++++
Trying improving 0, 11, 6, 13 with subs:
Root to change : 11 with colors |2, 3, 4, 5, 7, 9, 10, 12, 13, 14, 15|
Root to change : 6 with colors |1, 2, 3, 4, 7, 8, 9, 10, 12, 13, 14|
Root to change : 13 with colors |1, 2, 4, 5, 6, 7, 8, 9, 10, 11, 12, 15|
++++++++++++++++++++++
Trying improving 1, 4, 6, 13 with subs:
Root to change : 1 with colors |2, 3, 4, 6, 7, 8, 9, 13, 15|
Root to change : 4 with colors |1, 2, 3, 5, 7, 9, 10, 12, 13, 14|
Root to change : 6 with colors |1, 2, 3, 4, 7, 8, 9, 10, 12, 13, 14|
Root to change : 13 with colors |1, 2, 4, 5, 6, 7, 8, 9, 10, 11, 12, 15|
++++++++++++++++++++++
Trying improving 1, 6, 6, 13 with subs:
Root to change : 1 with colors |2, 4, 5, 6, 9, 10, 13, 15|
Root to change : 6 with colors |1, 2, 3, 5, 7, 9, 10, 12, 13, 14|
Root to change : 6 with colors |1, 2, 3, 4, 7, 8, 9, 10, 12, 13, 14|
Root to change : 13 with colors |1, 2, 4, 5, 6, 7, 8, 9, 10, 11, 12, 15|
++++++++++++++++++++++
Trying improving 1, 8, 6, 13 with subs:
Root to change : 8 with colors |1, 2, 3, 5, 7, 9, 10, 12, 13, 14|
Root to change : 6 with colors |1, 2, 3, 4, 7, 8, 9, 10, 12, 13, 14|
Root to change : 13 with colors |1, 2, 4, 5, 6, 7, 8, 9, 10, 11, 12, 15|
++++++++++++++++++++++
Trying improving 1, 11, 6, 13 with subs:
Root to change : 11 with colors |1, 2, 3, 5, 7, 9, 10, 12, 13, 14|
Root to change : 6 with colors |1, 2, 3, 4, 7, 8, 9, 10, 12, 13, 14|
Root to change : 13 with colors |1, 2, 4, 5, 6, 7, 8, 9, 10, 11, 12, 15|
++++++++++++++++++++++
Trying improving 1, 15, 6, 13 with subs:
Root to change : 1 with colors |3, 4, 5, 6, 9, 10, 15|
Root to change : 15 with colors |1, 2, 3, 5, 7, 9, 10, 12, 13, 14|
Root to change : 6 with colors |1, 2, 3, 4, 7, 8, 9, 10, 12, 13, 14|
Root to change : 13 with colors |1, 2, 4, 5, 6, 7, 8, 9, 10, 11, 12, 15|
++++++++++++++++++++++
Trying improving 2, 8, 6, 13 with subs:
Root to change : 8 with colors |1, 2, 3, 4, 5, 6, 7, 9, 10, 13, 14|
Root to change : 6 with colors |1, 2, 3, 4, 7, 8, 9, 10, 12, 13, 14|
Root to change : 13 with colors |1, 2, 4, 5, 6, 7, 8, 9, 10, 11, 12, 15|
++++++++++++++++++++++
Trying improving 2, 11, 6, 13 with subs:
Root to change : 11 with colors |1, 2, 3, 4, 5, 6, 7, 9, 10, 13, 14|
Root to change : 6 with colors |1, 2, 3, 4, 7, 8, 9, 10, 12, 13, 14|
Root to change : 13 with colors |1, 2, 4, 5, 6, 7, 8, 9, 10, 11, 12, 15|
++++++++++++++++++++++
Trying improving 2, 15, 6, 13 with subs:
Root to change : 2 with colors |3, 4, 5, 6, 9, 10, 15|
Root to change : 15 with colors |1, 2, 3, 4, 5, 6, 7, 9, 10, 13, 14|
Root to change : 6 with colors |1, 2, 3, 4, 7, 8, 9, 10, 12, 13, 14|
Root to change : 13 with colors |1, 2, 4, 5, 6, 7, 8, 9, 10, 11, 12, 15|
++++++++++++++++++++++
Trying improving 4, 11, 6, 13 with subs:
Root to change : 11 with colors |2, 3, 4, 6, 7, 8, 9, 13, 15|
Root to change : 6 with colors |1, 2, 3, 4, 7, 8, 9, 10, 12, 13, 14|
Root to change : 13 with colors |1, 2, 4, 5, 6, 7, 8, 9, 10, 11, 12, 15|
++++++++++++++++++++++
Trying improving 4, 12, 6, 13 with subs:
Root to change : 4 with colors |1, 3, 5, 7, 9, 10, 12, 13, 14|
Root to change : 12 with colors |2, 3, 4, 6, 7, 8, 9, 13, 15|
Root to change : 6 with colors |1, 2, 3, 4, 7, 8, 9, 10, 12, 13, 14|
Root to change : 13 with colors |1, 2, 4, 5, 6, 7, 8, 9, 10, 11, 12, 15|
++++++++++++++++++++++
Trying improving 4, 13, 5, 11 with subs:
Root to change : 4 with colors |1, 2, 3, 7, 9, 10, 12, 13, 14|
Root to change : 13 with colors |1, 2, 3, 4, 6, 7, 8, 9, 11, 12, 15|
Root to change : 5 with colors |1, 2, 4, 6, 7, 8, 11, 12, 15|
Root to change : 11 with colors |1, 2, 5, 6, 9, 10, 12, 14, 15|
++++++++++++++++++++++
Trying improving 5, 11, 4, 13 with subs:
Root to change : 5 with colors |1, 2, 4, 6, 7, 8, 11, 12, 15|
Root to change : 11 with colors |1, 2, 5, 6, 9, 10, 12, 14, 15|
Root to change : 4 with colors |1, 2, 3, 7, 9, 10, 12, 13, 14|
Root to change : 13 with colors |1, 2, 3, 4, 6, 7, 8, 9, 11, 12, 15|
++++++++++++++++++++++
Trying improving 5, 11, 6, 13 with subs:
Root to change : 11 with colors |1, 2, 5, 6, 9, 10, 12, 14, 15|
Root to change : 6 with colors |1, 2, 3, 7, 9, 10, 12, 13, 14|
Root to change : 13 with colors |1, 2, 4, 5, 6, 7, 8, 9, 10, 11, 12, 15|
++++++++++++++++++++++
Trying improving 6, 7, 6, 13 with subs:
Root to change : 6 with colors |1, 2, 3, 4, 7, 8, 9, 10, 12, 13, 14|
Root to change : 7 with colors |2, 4, 5, 6, 9, 10, 13, 15|
Root to change : 6 with colors |1, 2, 3, 4, 7, 8, 9, 10, 12, 13, 14|
Root to change : 13 with colors |1, 2, 4, 5, 6, 7, 8, 9, 10, 11, 12, 15|
++++++++++++++++++++++
Trying improving 6, 8, 6, 13 with subs:
Root to change : 8 with colors |2, 4, 5, 6, 9, 10, 13, 15|
Root to change : 6 with colors |1, 2, 3, 4, 7, 8, 9, 10, 12, 13, 14|
Root to change : 13 with colors |1, 2, 4, 5, 6, 7, 8, 9, 10, 11, 12, 15|
++++++++++++++++++++++
Trying improving 6, 11, 6, 13 with subs:
Root to change : 11 with colors |2, 4, 5, 6, 9, 10, 13, 15|
Root to change : 6 with colors |1, 2, 3, 4, 7, 8, 9, 10, 12, 13, 14|
Root to change : 13 with colors |1, 2, 4, 5, 6, 7, 8, 9, 10, 11, 12, 15|
++++++++++++++++++++++
Trying improving 6, 12, 6, 13 with subs:
Root to change : 6 with colors |1, 3, 5, 7, 9, 10, 12, 13, 14|
Root to change : 12 with colors |2, 4, 5, 6, 9, 10, 13, 15|
Root to change : 6 with colors |1, 2, 3, 4, 7, 8, 9, 10, 12, 13, 14|
Root to change : 13 with colors |1, 2, 4, 5, 6, 7, 8, 9, 10, 11, 12, 15|
++++++++++++++++++++++
Trying improving 6, 13, 0, 6 with subs:
Root to change : 6 with colors |1, 2, 3, 4, 7, 8, 9, 10, 12, 13, 14|
Root to change : 13 with colors |1, 2, 4, 5, 6, 7, 8, 9, 10, 11, 12, 15|
Root to change : 0 with colors |2, 4, 5, 6, 9, 10, 13, 15|
Root to change : 6 with colors |2, 3, 4, 5, 7, 9, 10, 12, 13, 14, 15|
++++++++++++++++++++++
Trying improving 6, 13, 0, 8 with subs:
Root to change : 6 with colors |1, 2, 3, 4, 7, 8, 9, 10, 12, 13, 14|
Root to change : 13 with colors |1, 2, 4, 5, 6, 7, 8, 9, 10, 11, 12, 15|
Root to change : 8 with colors |2, 3, 4, 5, 7, 9, 10, 12, 13, 14, 15|
++++++++++++++++++++++
Trying improving 6, 13, 0, 11 with subs:
Root to change : 6 with colors |1, 2, 3, 4, 7, 8, 9, 10, 12, 13, 14|
Root to change : 13 with colors |1, 2, 4, 5, 6, 7, 8, 9, 10, 11, 12, 15|
Root to change : 11 with colors |2, 3, 4, 5, 7, 9, 10, 12, 13, 14, 15|
++++++++++++++++++++++
Trying improving 6, 13, 1, 4 with subs:
Root to change : 6 with colors |1, 2, 3, 4, 7, 8, 9, 10, 12, 13, 14|
Root to change : 13 with colors |1, 2, 4, 5, 6, 7, 8, 9, 10, 11, 12, 15|
Root to change : 1 with colors |2, 3, 4, 6, 7, 8, 9, 13, 15|
Root to change : 4 with colors |1, 2, 3, 5, 7, 9, 10, 12, 13, 14|
++++++++++++++++++++++
Trying improving 6, 13, 1, 6 with subs:
Root to change : 6 with colors |1, 2, 3, 4, 7, 8, 9, 10, 12, 13, 14|
Root to change : 13 with colors |1, 2, 4, 5, 6, 7, 8, 9, 10, 11, 12, 15|
Root to change : 1 with colors |2, 4, 5, 6, 9, 10, 13, 15|
Root to change : 6 with colors |1, 2, 3, 5, 7, 9, 10, 12, 13, 14|
++++++++++++++++++++++
Trying improving 6, 13, 1, 8 with subs:
Root to change : 6 with colors |1, 2, 3, 4, 7, 8, 9, 10, 12, 13, 14|
Root to change : 13 with colors |1, 2, 4, 5, 6, 7, 8, 9, 10, 11, 12, 15|
Root to change : 8 with colors |1, 2, 3, 5, 7, 9, 10, 12, 13, 14|
++++++++++++++++++++++
Trying improving 6, 13, 1, 11 with subs:
Root to change : 6 with colors |1, 2, 3, 4, 7, 8, 9, 10, 12, 13, 14|
Root to change : 13 with colors |1, 2, 4, 5, 6, 7, 8, 9, 10, 11, 12, 15|
Root to change : 11 with colors |1, 2, 3, 5, 7, 9, 10, 12, 13, 14|
++++++++++++++++++++++
Trying improving 6, 13, 1, 15 with subs:
Root to change : 6 with colors |1, 2, 3, 4, 7, 8, 9, 10, 12, 13, 14|
Root to change : 13 with colors |1, 2, 4, 5, 6, 7, 8, 9, 10, 11, 12, 15|
Root to change : 1 with colors |3, 4, 5, 6, 9, 10, 15|
Root to change : 15 with colors |1, 2, 3, 5, 7, 9, 10, 12, 13, 14|
++++++++++++++++++++++
Trying improving 6, 13, 2, 8 with subs:
Root to change : 6 with colors |1, 2, 3, 4, 7, 8, 9, 10, 12, 13, 14|
Root to change : 13 with colors |1, 2, 4, 5, 6, 7, 8, 9, 10, 11, 12, 15|
Root to change : 8 with colors |1, 2, 3, 4, 5, 6, 7, 9, 10, 13, 14|
++++++++++++++++++++++
Trying improving 6, 13, 2, 11 with subs:
Root to change : 6 with colors |1, 2, 3, 4, 7, 8, 9, 10, 12, 13, 14|
Root to change : 13 with colors |1, 2, 4, 5, 6, 7, 8, 9, 10, 11, 12, 15|
Root to change : 11 with colors |1, 2, 3, 4, 5, 6, 7, 9, 10, 13, 14|
++++++++++++++++++++++
Trying improving 6, 13, 2, 15 with subs:
Root to change : 6 with colors |1, 2, 3, 4, 7, 8, 9, 10, 12, 13, 14|
Root to change : 13 with colors |1, 2, 4, 5, 6, 7, 8, 9, 10, 11, 12, 15|
Root to change : 2 with colors |3, 4, 5, 6, 9, 10, 15|
Root to change : 15 with colors |1, 2, 3, 4, 5, 6, 7, 9, 10, 13, 14|
++++++++++++++++++++++
Trying improving 6, 13, 4, 11 with subs:
Root to change : 6 with colors |1, 2, 3, 4, 7, 8, 9, 10, 12, 13, 14|
Root to change : 13 with colors |1, 2, 4, 5, 6, 7, 8, 9, 10, 11, 12, 15|
Root to change : 11 with colors |2, 3, 4, 6, 7, 8, 9, 13, 15|
++++++++++++++++++++++
Trying improving 6, 13, 4, 12 with subs:
Root to change : 6 with colors |1, 2, 3, 4, 7, 8, 9, 10, 12, 13, 14|
Root to change : 13 with colors |1, 2, 4, 5, 6, 7, 8, 9, 10, 11, 12, 15|
Root to change : 4 with colors |1, 3, 5, 7, 9, 10, 12, 13, 14|
Root to change : 12 with colors |2, 3, 4, 6, 7, 8, 9, 13, 15|
++++++++++++++++++++++
Trying improving 6, 13, 5, 11 with subs:
Root to change : 6 with colors |1, 2, 3, 7, 9, 10, 12, 13, 14|
Root to change : 13 with colors |1, 2, 4, 5, 6, 7, 8, 9, 10, 11, 12, 15|
Root to change : 11 with colors |1, 2, 5, 6, 9, 10, 12, 14, 15|
++++++++++++++++++++++
Trying improving 6, 13, 6, 7 with subs:
Root to change : 6 with colors |1, 2, 3, 4, 7, 8, 9, 10, 12, 13, 14|
Root to change : 13 with colors |1, 2, 4, 5, 6, 7, 8, 9, 10, 11, 12, 15|
Root to change : 6 with colors |1, 2, 3, 4, 7, 8, 9, 10, 12, 13, 14|
Root to change : 7 with colors |2, 4, 5, 6, 9, 10, 13, 15|
++++++++++++++++++++++
Trying improving 6, 13, 6, 8 with subs:
Root to change : 6 with colors |1, 2, 3, 4, 7, 8, 9, 10, 12, 13, 14|
Root to change : 13 with colors |1, 2, 4, 5, 6, 7, 8, 9, 10, 11, 12, 15|
Root to change : 8 with colors |2, 4, 5, 6, 9, 10, 13, 15|
++++++++++++++++++++++
Trying improving 6, 13, 6, 11 with subs:
Root to change : 6 with colors |1, 2, 3, 4, 7, 8, 9, 10, 12, 13, 14|
Root to change : 13 with colors |1, 2, 4, 5, 6, 7, 8, 9, 10, 11, 12, 15|
Root to change : 11 with colors |2, 4, 5, 6, 9, 10, 13, 15|
++++++++++++++++++++++
Trying improving 6, 13, 6, 12 with subs:
Root to change : 6 with colors |1, 2, 3, 4, 7, 8, 9, 10, 12, 13, 14|
Root to change : 13 with colors |1, 2, 4, 5, 6, 7, 8, 9, 10, 11, 12, 15|
Root to change : 6 with colors |1, 3, 5, 7, 9, 10, 12, 13, 14|
Root to change : 12 with colors |2, 4, 5, 6, 9, 10, 13, 15|
++++++++++++++++++++++
Trying improving 6, 13, 7, 11 with subs:
Root to change : 6 with colors |1, 2, 3, 4, 7, 8, 9, 10, 12, 13, 14|
Root to change : 13 with colors |1, 2, 4, 5, 6, 7, 8, 9, 10, 11, 12, 15|
Root to change : 11 with colors |1, 2, 3, 4, 7, 8, 9, 10, 12, 13, 14|
++++++++++++++++++++++
Trying improving 6, 13, 7, 15 with subs:
Root to change : 6 with colors |1, 2, 3, 4, 7, 8, 9, 10, 12, 13, 14|
Root to change : 13 with colors |1, 2, 4, 5, 6, 7, 8, 9, 10, 11, 12, 15|
Root to change : 7 with colors |3, 4, 5, 6, 9, 10, 15|
Root to change : 15 with colors |1, 2, 3, 4, 7, 8, 9, 10, 12, 13, 14|
++++++++++++++++++++++
Trying improving 6, 13, 8, 11 with subs:
Root to change : 6 with colors |1, 2, 3, 4, 7, 8, 9, 10, 12, 13, 14|
Root to change : 13 with colors |1, 2, 4, 5, 6, 7, 8, 9, 10, 11, 12, 15|
++++++++++++++++++++++
Trying improving 6, 13, 8, 12 with subs:
Root to change : 6 with colors |1, 2, 3, 4, 7, 8, 9, 10, 12, 13, 14|
Root to change : 13 with colors |1, 2, 4, 5, 6, 7, 8, 9, 10, 11, 12, 15|
Root to change : 8 with colors |1, 3, 5, 7, 9, 10, 12, 13, 14|
++++++++++++++++++++++
Trying improving 6, 13, 8, 15 with subs:
Root to change : 6 with colors |1, 2, 3, 4, 7, 8, 9, 10, 12, 13, 14|
Root to change : 13 with colors |1, 2, 4, 5, 6, 7, 8, 9, 10, 11, 12, 15|
Root to change : 8 with colors |3, 4, 5, 6, 9, 10, 15|
++++++++++++++++++++++
Trying improving 6, 13, 11, 11 with subs:
Root to change : 6 with colors |1, 2, 3, 4, 7, 8, 9, 10, 12, 13, 14|
Root to change : 13 with colors |1, 2, 4, 5, 6, 7, 8, 9, 10, 11, 12, 15|
++++++++++++++++++++++
Trying improving 6, 13, 11, 12 with subs:
Root to change : 6 with colors |1, 2, 3, 4, 7, 8, 9, 10, 12, 13, 14|
Root to change : 13 with colors |1, 2, 4, 5, 6, 7, 8, 9, 10, 11, 12, 15|
Root to change : 11 with colors |1, 3, 5, 7, 9, 10, 12, 13, 14|
++++++++++++++++++++++
Trying improving 6, 13, 11, 15 with subs:
Root to change : 6 with colors |1, 2, 3, 4, 7, 8, 9, 10, 12, 13, 14|
Root to change : 13 with colors |1, 2, 4, 5, 6, 7, 8, 9, 10, 11, 12, 15|
Root to change : 11 with colors |3, 4, 5, 6, 9, 10, 15|
++++++++++++++++++++++
Trying improving 6, 13, 12, 15 with subs:
Root to change : 6 with colors |1, 2, 3, 4, 7, 8, 9, 10, 12, 13, 14|
Root to change : 13 with colors |1, 2, 4, 5, 6, 7, 8, 9, 10, 11, 12, 15|
Root to change : 12 with colors |3, 4, 5, 6, 9, 10, 15|
Root to change : 15 with colors |1, 3, 5, 7, 9, 10, 12, 13, 14|
++++++++++++++++++++++
Trying improving 7, 11, 6, 13 with subs:
Root to change : 11 with colors |1, 2, 3, 4, 7, 8, 9, 10, 12, 13, 14|
Root to change : 6 with colors |1, 2, 3, 4, 7, 8, 9, 10, 12, 13, 14|
Root to change : 13 with colors |1, 2, 4, 5, 6, 7, 8, 9, 10, 11, 12, 15|
++++++++++++++++++++++
Trying improving 7, 15, 6, 13 with subs:
Root to change : 7 with colors |3, 4, 5, 6, 9, 10, 15|
Root to change : 15 with colors |1, 2, 3, 4, 7, 8, 9, 10, 12, 13, 14|
Root to change : 6 with colors |1, 2, 3, 4, 7, 8, 9, 10, 12, 13, 14|
Root to change : 13 with colors |1, 2, 4, 5, 6, 7, 8, 9, 10, 11, 12, 15|
++++++++++++++++++++++
Trying improving 8, 11, 6, 13 with subs:
Root to change : 6 with colors |1, 2, 3, 4, 7, 8, 9, 10, 12, 13, 14|
Root to change : 13 with colors |1, 2, 4, 5, 6, 7, 8, 9, 10, 11, 12, 15|
++++++++++++++++++++++
Trying improving 8, 12, 6, 13 with subs:
Root to change : 8 with colors |1, 3, 5, 7, 9, 10, 12, 13, 14|
Root to change : 6 with colors |1, 2, 3, 4, 7, 8, 9, 10, 12, 13, 14|
Root to change : 13 with colors |1, 2, 4, 5, 6, 7, 8, 9, 10, 11, 12, 15|
++++++++++++++++++++++
Trying improving 8, 15, 6, 13 with subs:
Root to change : 8 with colors |3, 4, 5, 6, 9, 10, 15|
Root to change : 6 with colors |1, 2, 3, 4, 7, 8, 9, 10, 12, 13, 14|
Root to change : 13 with colors |1, 2, 4, 5, 6, 7, 8, 9, 10, 11, 12, 15|
++++++++++++++++++++++
Trying improving 11, 11, 6, 13 with subs:
Root to change : 6 with colors |1, 2, 3, 4, 7, 8, 9, 10, 12, 13, 14|
Root to change : 13 with colors |1, 2, 4, 5, 6, 7, 8, 9, 10, 11, 12, 15|
++++++++++++++++++++++
Trying improving 11, 12, 6, 13 with subs:
Root to change : 11 with colors |1, 3, 5, 7, 9, 10, 12, 13, 14|
Root to change : 6 with colors |1, 2, 3, 4, 7, 8, 9, 10, 12, 13, 14|
Root to change : 13 with colors |1, 2, 4, 5, 6, 7, 8, 9, 10, 11, 12, 15|
++++++++++++++++++++++
Trying improving 11, 15, 6, 13 with subs:
Root to change : 11 with colors |3, 4, 5, 6, 9, 10, 15|
Root to change : 6 with colors |1, 2, 3, 4, 7, 8, 9, 10, 12, 13, 14|
Root to change : 13 with colors |1, 2, 4, 5, 6, 7, 8, 9, 10, 11, 12, 15|
++++++++++++++++++++++
Trying improving 12, 15, 6, 13 with subs:
Root to change : 12 with colors |3, 4, 5, 6, 9, 10, 15|
Root to change : 15 with colors |1, 3, 5, 7, 9, 10, 12, 13, 14|
Root to change : 6 with colors |1, 2, 3, 4, 7, 8, 9, 10, 12, 13, 14|
Root to change : 13 with colors |1, 2, 4, 5, 6, 7, 8, 9, 10, 11, 12, 15|
++++++++++++++++++++++
Solved with SubSubProblem
