Trying substitutions to: 15
with goodVertices 1, 3, 5, 7, 8, 10, 11, 12, 14
bad color to improve: 1  7  with index 22
bad color to improve: 1  13  with index 28
bad color to improve: 1  14  with index 29
bad color to improve: 7  14  with index 98
4 bad colorings on level 1
bad coloring on level 2  |4, 6, 0, 3|
bad coloring on level 2  |5, 6, 0, 3|
bad coloring on level 2  |6, 6, 0, 3|
bad coloring on level 2  |6, 8, 0, 3|
bad coloring on level 2  |6, 9, 0, 3|
bad coloring on level 2  |6, 10, 0, 3|
bad coloring on level 2  |6, 11, 0, 3|
bad coloring on level 2  |6, 15, 0, 3|
bad coloring on level 2  |5, 9, 0, 4|
bad coloring on level 2  |5, 10, 0, 4|
bad coloring on level 2  |6, 9, 0, 4|
bad coloring on level 2  |6, 10, 0, 4|
bad coloring on level 2  |3, 4, 0, 5|
bad coloring on level 2  |4, 9, 0, 5|
bad coloring on level 2  |4, 6, 0, 9|
bad coloring on level 2  |4, 11, 0, 9|
bad coloring on level 2  |6, 8, 0, 9|
bad coloring on level 2  |8, 11, 0, 9|
bad coloring on level 2  |3, 9, 0, 11|
bad coloring on level 2  |4, 9, 0, 11|
bad coloring on level 2  |0, 5, 3, 4|
bad coloring on level 2  |5, 5, 3, 4|
bad coloring on level 2  |5, 6, 3, 4|
bad coloring on level 2  |5, 9, 3, 4|
bad coloring on level 2  |5, 10, 3, 4|
bad coloring on level 2  |5, 11, 3, 4|
bad coloring on level 2  |5, 12, 3, 4|
bad coloring on level 2  |5, 15, 3, 4|
bad coloring on level 2  |6, 9, 3, 4|
bad coloring on level 2  |6, 10, 3, 4|
bad coloring on level 2  |0, 11, 3, 9|
bad coloring on level 2  |4, 6, 3, 9|
bad coloring on level 2  |4, 11, 3, 9|
bad coloring on level 2  |5, 11, 3, 9|
bad coloring on level 2  |6, 8, 3, 9|
bad coloring on level 2  |6, 11, 3, 9|
bad coloring on level 2  |8, 11, 3, 9|
bad coloring on level 2  |11, 11, 3, 9|
bad coloring on level 2  |11, 12, 3, 9|
bad coloring on level 2  |11, 15, 3, 9|
bad coloring on level 2  |5, 9, 4, 4|
bad coloring on level 2  |5, 10, 4, 4|
bad coloring on level 2  |6, 9, 4, 4|
bad coloring on level 2  |6, 10, 4, 4|
bad coloring on level 2  |0, 3, 4, 6|
bad coloring on level 2  |0, 9, 4, 6|
bad coloring on level 2  |3, 9, 4, 6|
bad coloring on level 2  |4, 9, 4, 6|
bad coloring on level 2  |5, 9, 4, 6|
bad coloring on level 2  |5, 10, 4, 6|
bad coloring on level 2  |6, 9, 4, 6|
bad coloring on level 2  |6, 10, 4, 6|
bad coloring on level 2  |9, 9, 4, 6|
bad coloring on level 2  |9, 10, 4, 6|
bad coloring on level 2  |9, 15, 4, 6|
bad coloring on level 2  |5, 9, 4, 8|
bad coloring on level 2  |5, 10, 4, 8|
bad coloring on level 2  |6, 9, 4, 8|
bad coloring on level 2  |6, 10, 4, 8|
bad coloring on level 2  |0, 5, 4, 9|
bad coloring on level 2  |0, 11, 4, 9|
bad coloring on level 2  |4, 6, 4, 9|
bad coloring on level 2  |4, 11, 4, 9|
bad coloring on level 2  |5, 5, 4, 9|
bad coloring on level 2  |5, 6, 4, 9|
bad coloring on level 2  |5, 9, 4, 9|
bad coloring on level 2  |5, 10, 4, 9|
bad coloring on level 2  |5, 11, 4, 9|
bad coloring on level 2  |5, 12, 4, 9|
bad coloring on level 2  |5, 15, 4, 9|
bad coloring on level 2  |6, 6, 4, 9|
bad coloring on level 2  |6, 8, 4, 9|
bad coloring on level 2  |6, 9, 4, 9|
bad coloring on level 2  |6, 10, 4, 9|
bad coloring on level 2  |6, 11, 4, 9|
bad coloring on level 2  |6, 15, 4, 9|
bad coloring on level 2  |8, 11, 4, 9|
bad coloring on level 2  |11, 11, 4, 9|
bad coloring on level 2  |11, 12, 4, 9|
bad coloring on level 2  |11, 15, 4, 9|
bad coloring on level 2  |0, 9, 4, 11|
bad coloring on level 2  |3, 9, 4, 11|
bad coloring on level 2  |4, 9, 4, 11|
bad coloring on level 2  |5, 9, 4, 11|
bad coloring on level 2  |5, 10, 4, 11|
bad coloring on level 2  |6, 9, 4, 11|
bad coloring on level 2  |6, 10, 4, 11|
bad coloring on level 2  |9, 9, 4, 11|
bad coloring on level 2  |9, 10, 4, 11|
bad coloring on level 2  |9, 15, 4, 11|
bad coloring on level 2  |5, 9, 4, 15|
bad coloring on level 2  |5, 10, 4, 15|
bad coloring on level 2  |6, 9, 4, 15|
bad coloring on level 2  |6, 10, 4, 15|
bad coloring on level 2  |3, 4, 5, 5|
bad coloring on level 2  |4, 9, 5, 5|
bad coloring on level 2  |0, 3, 5, 6|
bad coloring on level 2  |3, 4, 5, 6|
bad coloring on level 2  |4, 9, 5, 6|
bad coloring on level 2  |0, 4, 5, 9|
bad coloring on level 2  |3, 4, 5, 9|
bad coloring on level 2  |4, 4, 5, 9|
bad coloring on level 2  |4, 6, 5, 9|
bad coloring on level 2  |4, 8, 5, 9|
bad coloring on level 2  |4, 9, 5, 9|
bad coloring on level 2  |4, 11, 5, 9|
bad coloring on level 2  |4, 15, 5, 9|
bad coloring on level 2  |6, 8, 5, 9|
bad coloring on level 2  |8, 11, 5, 9|
bad coloring on level 2  |0, 4, 5, 10|
bad coloring on level 2  |3, 4, 5, 10|
bad coloring on level 2  |4, 4, 5, 10|
bad coloring on level 2  |4, 6, 5, 10|
bad coloring on level 2  |4, 8, 5, 10|
bad coloring on level 2  |4, 9, 5, 10|
bad coloring on level 2  |4, 11, 5, 10|
bad coloring on level 2  |4, 15, 5, 10|
bad coloring on level 2  |6, 8, 5, 10|
bad coloring on level 2  |3, 4, 5, 11|
bad coloring on level 2  |3, 9, 5, 11|
bad coloring on level 2  |4, 9, 5, 11|
bad coloring on level 2  |3, 4, 5, 12|
bad coloring on level 2  |4, 9, 5, 12|
bad coloring on level 2  |3, 4, 5, 15|
bad coloring on level 2  |4, 9, 5, 15|
bad coloring on level 2  |0, 3, 6, 6|
bad coloring on level 2  |4, 9, 6, 6|
bad coloring on level 2  |0, 3, 6, 8|
bad coloring on level 2  |0, 9, 6, 8|
bad coloring on level 2  |3, 9, 6, 8|
bad coloring on level 2  |4, 9, 6, 8|
bad coloring on level 2  |5, 9, 6, 8|
bad coloring on level 2  |5, 10, 6, 8|
bad coloring on level 2  |6, 9, 6, 8|
bad coloring on level 2  |6, 10, 6, 8|
bad coloring on level 2  |9, 9, 6, 8|
bad coloring on level 2  |9, 10, 6, 8|
bad coloring on level 2  |9, 15, 6, 8|
bad coloring on level 2  |0, 3, 6, 9|
bad coloring on level 2  |0, 4, 6, 9|
bad coloring on level 2  |3, 4, 6, 9|
bad coloring on level 2  |4, 4, 6, 9|
bad coloring on level 2  |4, 6, 6, 9|
bad coloring on level 2  |4, 8, 6, 9|
bad coloring on level 2  |4, 9, 6, 9|
bad coloring on level 2  |4, 11, 6, 9|
bad coloring on level 2  |4, 15, 6, 9|
bad coloring on level 2  |6, 8, 6, 9|
bad coloring on level 2  |8, 11, 6, 9|
bad coloring on level 2  |0, 3, 6, 10|
bad coloring on level 2  |0, 4, 6, 10|
bad coloring on level 2  |3, 4, 6, 10|
bad coloring on level 2  |4, 4, 6, 10|
bad coloring on level 2  |4, 6, 6, 10|
bad coloring on level 2  |4, 8, 6, 10|
bad coloring on level 2  |4, 9, 6, 10|
bad coloring on level 2  |4, 11, 6, 10|
bad coloring on level 2  |4, 15, 6, 10|
bad coloring on level 2  |6, 8, 6, 10|
bad coloring on level 2  |8, 11, 6, 10|
bad coloring on level 2  |0, 3, 6, 11|
bad coloring on level 2  |3, 9, 6, 11|
bad coloring on level 2  |4, 9, 6, 11|
bad coloring on level 2  |0, 3, 6, 15|
bad coloring on level 2  |4, 9, 6, 15|
bad coloring on level 2  |0, 9, 8, 11|
bad coloring on level 2  |3, 9, 8, 11|
bad coloring on level 2  |4, 9, 8, 11|
bad coloring on level 2  |5, 9, 8, 11|
bad coloring on level 2  |6, 9, 8, 11|
bad coloring on level 2  |6, 10, 8, 11|
bad coloring on level 2  |9, 9, 8, 11|
bad coloring on level 2  |9, 10, 8, 11|
bad coloring on level 2  |9, 15, 8, 11|
bad coloring on level 2  |4, 6, 9, 9|
bad coloring on level 2  |4, 11, 9, 9|
bad coloring on level 2  |6, 8, 9, 9|
bad coloring on level 2  |8, 11, 9, 9|
bad coloring on level 2  |4, 6, 9, 10|
bad coloring on level 2  |4, 11, 9, 10|
bad coloring on level 2  |6, 8, 9, 10|
bad coloring on level 2  |8, 11, 9, 10|
bad coloring on level 2  |4, 6, 9, 15|
bad coloring on level 2  |4, 11, 9, 15|
bad coloring on level 2  |6, 8, 9, 15|
bad coloring on level 2  |8, 11, 9, 15|
bad coloring on level 2  |3, 9, 11, 11|
bad coloring on level 2  |4, 9, 11, 11|
bad coloring on level 2  |3, 9, 11, 12|
bad coloring on level 2  |4, 9, 11, 12|
bad coloring on level 2  |3, 9, 11, 15|
bad coloring on level 2  |4, 9, 11, 15|

192 bad colorings on level 2
Sub sub problem :
Trying improving 0, 3, 4, 6 with subs:
Root to change : 0 with colors |3, 4, 7, 8, 10, 12, 13, 15|
Root to change : 3 with colors |2, 4, 5, 7, 11, 12, 15|
Root to change : 6 with colors |2, 3, 4, 7, 8, 9, 11, 13, 15|
++++++++++++++++++++++
Trying improving 0, 3, 5, 6 with subs:
Root to change : 0 with colors |3, 8, 9, 10, 12, 13, 14, 15|
Root to change : 3 with colors |2, 4, 5, 7, 9, 11, 12, 14, 15|
Root to change : 6 with colors |1, 2, 5, 9, 10, 11, 12, 14, 15|
++++++++++++++++++++++
Trying improving 0, 3, 6, 6 with subs:
Root to change : 0 with colors |3, 4, 7, 8, 9, 10, 12, 13, 14, 15|
Root to change : 3 with colors |2, 4, 5, 7, 9, 11, 12, 14, 15|
++++++++++++++++++++++
Trying improving 0, 3, 6, 8 with subs:
Root to change : 0 with colors |3, 4, 7, 8, 10, 12, 13, 14, 15|
Root to change : 3 with colors |2, 4, 5, 7, 11, 12, 15|
Root to change : 6 with colors |1, 3, 4, 7, 8, 10, 11, 12, 13, 15|
++++++++++++++++++++++
Trying improving 0, 3, 6, 9 with subs:
Root to change : 0 with colors |3, 8, 9, 10, 12, 13, 14, 15|
Root to change : 3 with colors |2, 5, 9, 11, 12, 14, 15|
Root to change : 6 with colors |2, 3, 4, 5, 9, 10, 13, 14, 15|
++++++++++++++++++++++
Trying improving 0, 3, 6, 10 with subs:
Root to change : 0 with colors |3, 7, 8, 9, 10, 12, 13, 14, 15|
Root to change : 3 with colors |2, 5, 9, 11, 12, 14, 15|
Root to change : 6 with colors |1, 3, 5, 8, 9, 10, 12, 13, 14, 15|
++++++++++++++++++++++
Trying improving 0, 3, 6, 11 with subs:
Root to change : 0 with colors |3, 4, 7, 8, 10, 12, 13, 15|
Root to change : 3 with colors |2, 4, 5, 7, 9, 11, 12, 14, 15|
Root to change : 6 with colors |1, 2, 4, 5, 7, 8, 11, 12, 15|
++++++++++++++++++++++
Trying improving 0, 3, 6, 15 with subs:
Root to change : 0 with colors |3, 4, 7, 8, 9, 10, 12, 13, 14, 15|
Root to change : 3 with colors |2, 4, 5, 7, 9, 11, 12, 14, 15|
Root to change : 6 with colors |3, 4, 5, 8, 9, 10, 11, 12, 15|
++++++++++++++++++++++
Trying improving 0, 4, 5, 9 with subs:
Root to change : 4 with colors |2, 3, 5, 7, 9, 11, 12, 14, 15|
Root to change : 5 with colors |3, 4, 9, 10, 13, 14, 15|
Root to change : 9 with colors |1, 2, 5, 6, 11, 12, 15|
++++++++++++++++++++++
Trying improving 0, 4, 5, 10 with subs:
Root to change : 4 with colors |2, 3, 5, 7, 9, 11, 12, 14, 15|
Root to change : 5 with colors |3, 8, 9, 10, 12, 13, 14, 15|
Root to change : 10 with colors |1, 2, 5, 6, 11, 12, 15|
++++++++++++++++++++++
Trying improving 0, 4, 6, 9 with subs:
Root to change : 4 with colors |2, 5, 9, 11, 12, 14, 15|
Root to change : 6 with colors |3, 4, 9, 10, 13, 14, 15|
Root to change : 9 with colors |1, 2, 4, 5, 6, 8, 11, 15|
++++++++++++++++++++++
Trying improving 0, 4, 6, 10 with subs:
Root to change : 4 with colors |2, 5, 9, 11, 12, 14, 15|
Root to change : 6 with colors |3, 8, 9, 10, 12, 13, 14, 15|
Root to change : 10 with colors |1, 2, 4, 5, 6, 8, 11, 15|
++++++++++++++++++++++
Trying improving 0, 5, 3, 4 with subs:
Root to change : 5 with colors |2, 3, 4, 7, 9, 11, 12, 14, 15|
Root to change : 3 with colors |2, 4, 6, 7, 8, 11, 15|
Root to change : 4 with colors |3, 7, 8, 9, 10, 12, 13, 14, 15|
++++++++++++++++++++++
Trying improving 0, 5, 4, 9 with subs:
Root to change : 5 with colors |3, 4, 7, 9, 12, 14, 15|
Root to change : 4 with colors |2, 3, 5, 6, 9, 10, 13, 14, 15|
Root to change : 9 with colors |2, 4, 6, 7, 8, 11, 15|
++++++++++++++++++++++
Trying improving 0, 9, 4, 6 with subs:
Root to change : 9 with colors |2, 4, 5, 7, 11, 12, 15|
Root to change : 4 with colors |1, 2, 5, 6, 9, 10, 11, 15|
Root to change : 6 with colors |3, 4, 7, 8, 9, 13, 15|
++++++++++++++++++++++
Trying improving 0, 9, 4, 11 with subs:
Root to change : 9 with colors |2, 3, 4, 5, 7, 11, 12, 14, 15|
Root to change : 4 with colors |1, 2, 5, 6, 11, 12, 15|
Root to change : 11 with colors |3, 4, 7, 8, 9, 13, 15|
++++++++++++++++++++++
Trying improving 0, 9, 6, 8 with subs:
Root to change : 9 with colors |2, 4, 5, 7, 11, 12, 15|
Root to change : 6 with colors |3, 4, 7, 8, 10, 12, 13, 15|
Root to change : 8 with colors |1, 2, 5, 6, 9, 10, 11, 15|
++++++++++++++++++++++
Trying improving 0, 9, 8, 11 with subs:
Root to change : 9 with colors |2, 3, 4, 5, 7, 11, 12, 14, 15|
Root to change : 8 with colors |1, 2, 5, 6, 11, 12, 15|
Root to change : 11 with colors |3, 4, 7, 8, 10, 12, 13, 15|
++++++++++++++++++++++
Trying improving 0, 11, 3, 9 with subs:
Root to change : 11 with colors |2, 3, 4, 5, 7, 9, 12, 14, 15|
Root to change : 3 with colors |2, 5, 6, 9, 10, 14, 15|
Root to change : 9 with colors |3, 4, 7, 8, 10, 12, 13, 14, 15|
++++++++++++++++++++++
Trying improving 0, 11, 4, 9 with subs:
Root to change : 11 with colors |3, 4, 7, 9, 12, 14, 15|
Root to change : 4 with colors |2, 5, 6, 9, 10, 14, 15|
Root to change : 9 with colors |2, 3, 4, 6, 7, 8, 11, 13, 15|
++++++++++++++++++++++
Trying improving 3, 4, 0, 5 with subs:
Root to change : 3 with colors |2, 4, 6, 7, 8, 11, 15|
Root to change : 4 with colors |3, 7, 8, 9, 10, 12, 13, 14, 15|
Root to change : 5 with colors |2, 3, 4, 7, 9, 11, 12, 14, 15|
++++++++++++++++++++++
Trying improving 3, 4, 5, 5 with subs:
Root to change : 3 with colors |2, 4, 6, 7, 8, 11, 15|
Root to change : 4 with colors |3, 7, 8, 9, 10, 12, 13, 14, 15|
++++++++++++++++++++++
Trying improving 3, 4, 5, 6 with subs:
Root to change : 3 with colors |2, 4, 6, 7, 8, 11, 15|
Root to change : 4 with colors |3, 8, 9, 10, 12, 13, 14, 15|
++++++++++++++++++++++
Trying improving 3, 4, 5, 9 with subs:
Root to change : 4 with colors |3, 7, 8, 9, 10, 12, 13, 14, 15|
Root to change : 5 with colors |3, 4, 9, 10, 13, 14, 15|
++++++++++++++++++++++
Trying improving 3, 4, 5, 10 with subs:
Root to change : 4 with colors |3, 7, 8, 9, 10, 12, 13, 14, 15|
Root to change : 5 with colors |3, 8, 9, 10, 12, 13, 14, 15|
++++++++++++++++++++++
Trying improving 3, 4, 5, 11 with subs:
Root to change : 3 with colors |2, 4, 6, 7, 8, 11, 15|
Root to change : 4 with colors |3, 7, 8, 10, 12, 14, 15|
Root to change : 5 with colors |1, 2, 4, 6, 7, 8, 11, 12, 15|
++++++++++++++++++++++
Trying improving 3, 4, 5, 12 with subs:
Root to change : 3 with colors |2, 4, 6, 7, 8, 11, 15|
Root to change : 4 with colors |3, 7, 8, 9, 10, 12, 13, 14, 15|
Root to change : 5 with colors |1, 3, 7, 8, 10, 11, 12, 14, 15|
++++++++++++++++++++++
Trying improving 3, 4, 5, 15 with subs:
Root to change : 3 with colors |2, 4, 6, 7, 8, 11, 15|
Root to change : 4 with colors |3, 7, 8, 9, 10, 12, 13, 14, 15|
Root to change : 5 with colors |3, 4, 6, 8, 9, 10, 11, 12, 15|
++++++++++++++++++++++
Trying improving 3, 4, 6, 9 with subs:
Root to change : 4 with colors |3, 8, 9, 10, 12, 13, 14, 15|
Root to change : 6 with colors |3, 4, 9, 10, 13, 14, 15|
++++++++++++++++++++++
Trying improving 3, 4, 6, 10 with subs:
Root to change : 4 with colors |3, 8, 9, 10, 12, 13, 14, 15|
Root to change : 6 with colors |3, 8, 9, 10, 12, 13, 14, 15|
++++++++++++++++++++++
Trying improving 3, 9, 0, 11 with subs:
Root to change : 3 with colors |2, 5, 6, 9, 10, 14, 15|
Root to change : 9 with colors |3, 4, 7, 8, 10, 12, 13, 14, 15|
Root to change : 11 with colors |2, 3, 4, 5, 7, 9, 12, 14, 15|
++++++++++++++++++++++
Trying improving 3, 9, 4, 6 with subs:
Root to change : 9 with colors |3, 4, 7, 8, 10, 12, 13, 15|
Root to change : 6 with colors |3, 4, 7, 8, 9, 13, 15|
++++++++++++++++++++++
Trying improving 3, 9, 4, 11 with subs:
Root to change : 9 with colors |3, 4, 7, 8, 10, 12, 13, 14, 15|
Root to change : 11 with colors |3, 4, 7, 8, 9, 13, 15|
++++++++++++++++++++++
Trying improving 3, 9, 5, 11 with subs:
Root to change : 3 with colors |2, 5, 6, 9, 10, 14, 15|
Root to change : 9 with colors |3, 7, 8, 10, 12, 14, 15|
Root to change : 11 with colors |1, 2, 5, 6, 9, 10, 12, 14, 15|
++++++++++++++++++++++
Trying improving 3, 9, 6, 8 with subs:
Root to change : 9 with colors |3, 4, 7, 8, 10, 12, 13, 15|
Root to change : 6 with colors |3, 4, 7, 8, 10, 12, 13, 15|
++++++++++++++++++++++
Trying improving 3, 9, 6, 11 with subs:
Root to change : 3 with colors |2, 5, 6, 9, 10, 14, 15|
Root to change : 9 with colors |3, 4, 7, 8, 10, 12, 13, 15|
++++++++++++++++++++++
Trying improving 3, 9, 8, 11 with subs:
Root to change : 9 with colors |3, 4, 7, 8, 10, 12, 13, 14, 15|
Root to change : 11 with colors |3, 4, 7, 8, 10, 12, 13, 15|
++++++++++++++++++++++
Trying improving 3, 9, 11, 11 with subs:
Root to change : 3 with colors |2, 5, 6, 9, 10, 14, 15|
Root to change : 9 with colors |3, 4, 7, 8, 10, 12, 13, 14, 15|
++++++++++++++++++++++
Trying improving 3, 9, 11, 12 with subs:
Root to change : 3 with colors |2, 5, 6, 9, 10, 14, 15|
Root to change : 9 with colors |3, 4, 7, 8, 10, 12, 13, 14, 15|
Root to change : 11 with colors |1, 3, 5, 7, 8, 10, 12, 14, 15|
++++++++++++++++++++++
Trying improving 3, 9, 11, 15 with subs:
Root to change : 3 with colors |2, 5, 6, 9, 10, 14, 15|
Root to change : 9 with colors |3, 4, 7, 8, 10, 12, 13, 14, 15|
Root to change : 11 with colors |3, 4, 5, 6, 8, 9, 10, 12, 15|
++++++++++++++++++++++
Trying improving 4, 4, 5, 9 with subs:
Root to change : 5 with colors |3, 4, 9, 10, 13, 14, 15|
Root to change : 9 with colors |1, 2, 5, 6, 11, 12, 15|
++++++++++++++++++++++
Trying improving 4, 4, 5, 10 with subs:
Root to change : 5 with colors |3, 8, 9, 10, 12, 13, 14, 15|
Root to change : 10 with colors |1, 2, 5, 6, 11, 12, 15|
++++++++++++++++++++++
Trying improving 4, 4, 6, 9 with subs:
Root to change : 6 with colors |3, 4, 9, 10, 13, 14, 15|
Root to change : 9 with colors |1, 2, 4, 5, 6, 8, 11, 15|
++++++++++++++++++++++
Trying improving 4, 4, 6, 10 with subs:
Root to change : 6 with colors |3, 8, 9, 10, 12, 13, 14, 15|
Root to change : 10 with colors |1, 2, 4, 5, 6, 8, 11, 15|
++++++++++++++++++++++
Trying improving 4, 6, 0, 3 with subs:
Root to change : 6 with colors |2, 3, 4, 7, 8, 9, 11, 13, 15|
Root to change : 0 with colors |3, 4, 7, 8, 10, 12, 13, 15|
Root to change : 3 with colors |2, 4, 5, 7, 11, 12, 15|
++++++++++++++++++++++
Trying improving 4, 6, 0, 9 with subs:
Root to change : 4 with colors |1, 2, 5, 6, 9, 10, 11, 15|
Root to change : 6 with colors |3, 4, 7, 8, 9, 13, 15|
Root to change : 9 with colors |2, 4, 5, 7, 11, 12, 15|
++++++++++++++++++++++
Trying improving 4, 6, 3, 9 with subs:
Root to change : 6 with colors |3, 4, 7, 8, 9, 13, 15|
Root to change : 9 with colors |3, 4, 7, 8, 10, 12, 13, 15|
++++++++++++++++++++++
Trying improving 4, 6, 4, 9 with subs:
Root to change : 6 with colors |3, 4, 7, 8, 9, 13, 15|
Root to change : 9 with colors |2, 3, 4, 6, 7, 8, 11, 13, 15|
++++++++++++++++++++++
Trying improving 4, 6, 5, 9 with subs:
Root to change : 4 with colors |1, 2, 5, 6, 9, 10, 11, 15|
Root to change : 9 with colors |1, 2, 5, 6, 11, 12, 15|
++++++++++++++++++++++
Trying improving 4, 6, 5, 10 with subs:
Root to change : 4 with colors |1, 2, 5, 6, 9, 10, 11, 15|
Root to change : 10 with colors |1, 2, 5, 6, 11, 12, 15|
++++++++++++++++++++++
Trying improving 4, 6, 6, 9 with subs:
Root to change : 4 with colors |1, 2, 5, 6, 9, 10, 11, 15|
Root to change : 9 with colors |1, 2, 4, 5, 6, 8, 11, 15|
++++++++++++++++++++++
Trying improving 4, 6, 6, 10 with subs:
Root to change : 4 with colors |1, 2, 5, 6, 9, 10, 11, 15|
Root to change : 10 with colors |1, 2, 4, 5, 6, 8, 11, 15|
++++++++++++++++++++++
Trying improving 4, 6, 9, 9 with subs:
Root to change : 4 with colors |1, 2, 5, 6, 9, 10, 11, 15|
Root to change : 6 with colors |3, 4, 7, 8, 9, 13, 15|
++++++++++++++++++++++
Trying improving 4, 6, 9, 10 with subs:
Root to change : 4 with colors |1, 2, 5, 6, 9, 10, 11, 15|
Root to change : 6 with colors |3, 4, 7, 8, 9, 13, 15|
++++++++++++++++++++++
Trying improving 4, 6, 9, 15 with subs:
Root to change : 4 with colors |1, 2, 5, 6, 9, 10, 11, 15|
Root to change : 6 with colors |3, 4, 7, 8, 9, 13, 15|
Root to change : 9 with colors |3, 4, 5, 6, 8, 10, 11, 12, 15|
++++++++++++++++++++++
Trying improving 4, 8, 5, 9 with subs:
Root to change : 5 with colors |3, 4, 9, 10, 13, 14, 15|
Root to change : 9 with colors |1, 2, 5, 6, 11, 12, 15|
++++++++++++++++++++++
Trying improving 4, 8, 5, 10 with subs:
Root to change : 4 with colors |1, 3, 7, 8, 10, 11, 12, 15|
Root to change : 5 with colors |3, 8, 9, 10, 12, 13, 14, 15|
Root to change : 10 with colors |1, 2, 5, 6, 11, 12, 15|
++++++++++++++++++++++
Trying improving 4, 8, 6, 9 with subs:
Root to change : 6 with colors |3, 4, 9, 10, 13, 14, 15|
Root to change : 9 with colors |1, 2, 4, 5, 6, 8, 11, 15|
++++++++++++++++++++++
Trying improving 4, 8, 6, 10 with subs:
Root to change : 6 with colors |3, 8, 9, 10, 12, 13, 14, 15|
Root to change : 10 with colors |1, 2, 4, 5, 6, 8, 11, 15|
++++++++++++++++++++++
Trying improving 4, 9, 0, 5 with subs:
Root to change : 4 with colors |2, 3, 5, 6, 9, 10, 13, 14, 15|
Root to change : 9 with colors |2, 4, 6, 7, 8, 11, 15|
Root to change : 5 with colors |3, 4, 7, 9, 12, 14, 15|
++++++++++++++++++++++
Trying improving 4, 9, 0, 11 with subs:
Root to change : 4 with colors |2, 5, 6, 9, 10, 14, 15|
Root to change : 9 with colors |2, 3, 4, 6, 7, 8, 11, 13, 15|
Root to change : 11 with colors |3, 4, 7, 9, 12, 14, 15|
++++++++++++++++++++++
Trying improving 4, 9, 4, 6 with subs:
Root to change : 9 with colors |2, 3, 4, 6, 7, 8, 11, 13, 15|
Root to change : 6 with colors |3, 4, 7, 8, 9, 13, 15|
++++++++++++++++++++++
Trying improving 4, 9, 4, 11 with subs:
Root to change : 9 with colors |2, 3, 4, 6, 7, 8, 11, 13, 15|
Root to change : 11 with colors |3, 4, 7, 8, 9, 13, 15|
++++++++++++++++++++++
Trying improving 4, 9, 5, 5 with subs:
Root to change : 4 with colors |2, 3, 5, 6, 9, 10, 13, 14, 15|
Root to change : 9 with colors |2, 4, 6, 7, 8, 11, 15|
++++++++++++++++++++++
Trying improving 4, 9, 5, 6 with subs:
Root to change : 4 with colors |2, 3, 5, 6, 9, 10, 13, 14, 15|
Root to change : 9 with colors |2, 4, 6, 7, 8, 11, 15|
++++++++++++++++++++++
Trying improving 4, 9, 5, 9 with subs:
Root to change : 4 with colors |2, 3, 5, 6, 9, 10, 13, 14, 15|
Root to change : 5 with colors |3, 4, 9, 10, 13, 14, 15|
++++++++++++++++++++++
Trying improving 4, 9, 5, 10 with subs:
Root to change : 4 with colors |2, 3, 5, 6, 9, 10, 13, 14, 15|
Root to change : 5 with colors |3, 8, 9, 10, 12, 13, 14, 15|
++++++++++++++++++++++
Trying improving 4, 9, 5, 11 with subs:
Root to change : 4 with colors |2, 5, 6, 9, 10, 14, 15|
Root to change : 9 with colors |2, 4, 6, 7, 8, 11, 15|
++++++++++++++++++++++
Trying improving 4, 9, 5, 12 with subs:
Root to change : 4 with colors |2, 3, 5, 6, 9, 10, 13, 14, 15|
Root to change : 9 with colors |2, 4, 6, 7, 8, 11, 15|
Root to change : 5 with colors |3, 7, 8, 10, 12, 14, 15|
++++++++++++++++++++++
Trying improving 4, 9, 5, 15 with subs:
Root to change : 4 with colors |2, 3, 5, 6, 9, 10, 13, 14, 15|
Root to change : 9 with colors |2, 4, 6, 7, 8, 11, 15|
Root to change : 5 with colors |3, 4, 8, 9, 10, 12, 15|
++++++++++++++++++++++
Trying improving 4, 9, 6, 6 with subs:
Root to change : 4 with colors |2, 3, 5, 6, 9, 10, 13, 14, 15|
Root to change : 9 with colors |2, 3, 4, 6, 7, 8, 11, 13, 15|
++++++++++++++++++++++
Trying improving 4, 9, 6, 8 with subs:
Root to change : 9 with colors |2, 3, 4, 6, 7, 8, 11, 13, 15|
Root to change : 6 with colors |3, 4, 7, 8, 10, 12, 13, 15|
++++++++++++++++++++++
Trying improving 4, 9, 6, 9 with subs:
Root to change : 4 with colors |2, 3, 5, 6, 9, 10, 13, 14, 15|
Root to change : 6 with colors |3, 4, 9, 10, 13, 14, 15|
++++++++++++++++++++++
Trying improving 4, 9, 6, 10 with subs:
Root to change : 4 with colors |2, 3, 5, 6, 9, 10, 13, 14, 15|
Root to change : 6 with colors |3, 8, 9, 10, 12, 13, 14, 15|
++++++++++++++++++++++
Trying improving 4, 9, 6, 11 with subs:
Root to change : 4 with colors |2, 5, 6, 9, 10, 14, 15|
Root to change : 9 with colors |2, 3, 4, 6, 7, 8, 11, 13, 15|
++++++++++++++++++++++
Trying improving 4, 9, 6, 15 with subs:
Root to change : 4 with colors |2, 3, 5, 6, 9, 10, 13, 14, 15|
Root to change : 9 with colors |2, 3, 4, 6, 7, 8, 11, 13, 15|
Root to change : 6 with colors |3, 4, 8, 9, 10, 12, 15|
++++++++++++++++++++++
Trying improving 4, 9, 8, 11 with subs:
Root to change : 9 with colors |2, 3, 4, 6, 7, 8, 11, 13, 15|
Root to change : 11 with colors |3, 4, 7, 8, 10, 12, 13, 15|
++++++++++++++++++++++
Trying improving 4, 9, 11, 11 with subs:
Root to change : 4 with colors |2, 5, 6, 9, 10, 14, 15|
Root to change : 9 with colors |2, 3, 4, 6, 7, 8, 11, 13, 15|
++++++++++++++++++++++
Trying improving 4, 9, 11, 12 with subs:
Root to change : 4 with colors |2, 5, 6, 9, 10, 14, 15|
Root to change : 9 with colors |2, 3, 4, 6, 7, 8, 11, 13, 15|
Root to change : 11 with colors |3, 7, 8, 10, 12, 14, 15|
++++++++++++++++++++++
Trying improving 4, 9, 11, 15 with subs:
Root to change : 4 with colors |2, 5, 6, 9, 10, 14, 15|
Root to change : 9 with colors |2, 3, 4, 6, 7, 8, 11, 13, 15|
Root to change : 11 with colors |3, 4, 8, 9, 10, 12, 15|
++++++++++++++++++++++
Trying improving 4, 11, 0, 9 with subs:
Root to change : 4 with colors |1, 2, 5, 6, 11, 12, 15|
Root to change : 11 with colors |3, 4, 7, 8, 9, 13, 15|
Root to change : 9 with colors |2, 3, 4, 5, 7, 11, 12, 14, 15|
++++++++++++++++++++++
Trying improving 4, 11, 3, 9 with subs:
Root to change : 11 with colors |3, 4, 7, 8, 9, 13, 15|
Root to change : 9 with colors |3, 4, 7, 8, 10, 12, 13, 14, 15|
++++++++++++++++++++++
Trying improving 4, 11, 4, 9 with subs:
Root to change : 11 with colors |3, 4, 7, 8, 9, 13, 15|
Root to change : 9 with colors |2, 3, 4, 6, 7, 8, 11, 13, 15|
++++++++++++++++++++++
Trying improving 4, 11, 5, 9 with subs:
Root to change : 4 with colors |1, 2, 5, 6, 11, 12, 15|
Root to change : 9 with colors |1, 2, 5, 6, 11, 12, 15|
++++++++++++++++++++++
Trying improving 4, 11, 5, 10 with subs:
Root to change : 4 with colors |1, 2, 5, 6, 7, 8, 11, 12, 15|
Root to change : 10 with colors |1, 2, 5, 6, 11, 12, 15|
++++++++++++++++++++++
Trying improving 4, 11, 6, 9 with subs:
Root to change : 4 with colors |1, 2, 5, 6, 11, 12, 15|
Root to change : 9 with colors |1, 2, 4, 5, 6, 8, 11, 15|
++++++++++++++++++++++
Trying improving 4, 11, 6, 10 with subs:
Root to change : 4 with colors |1, 2, 5, 6, 11, 12, 15|
Root to change : 10 with colors |1, 2, 4, 5, 6, 8, 11, 15|
++++++++++++++++++++++
Trying improving 4, 11, 9, 9 with subs:
Root to change : 4 with colors |1, 2, 5, 6, 11, 12, 15|
Root to change : 11 with colors |3, 4, 7, 8, 9, 13, 15|
++++++++++++++++++++++
Trying improving 4, 11, 9, 10 with subs:
Root to change : 4 with colors |1, 2, 5, 6, 11, 12, 15|
Root to change : 11 with colors |3, 4, 7, 8, 9, 13, 15|
++++++++++++++++++++++
Trying improving 4, 11, 9, 15 with subs:
Root to change : 4 with colors |1, 2, 5, 6, 11, 12, 15|
Root to change : 11 with colors |3, 4, 7, 8, 9, 13, 15|
Root to change : 9 with colors |3, 4, 5, 6, 8, 10, 11, 12, 15|
++++++++++++++++++++++
Trying improving 4, 15, 5, 9 with subs:
Root to change : 4 with colors |3, 5, 6, 8, 9, 10, 11, 12, 15|
Root to change : 5 with colors |3, 4, 9, 10, 13, 14, 15|
Root to change : 9 with colors |1, 2, 5, 6, 11, 12, 15|
++++++++++++++++++++++
Trying improving 4, 15, 5, 10 with subs:
Root to change : 4 with colors |3, 5, 6, 8, 9, 10, 11, 12, 15|
Root to change : 5 with colors |3, 8, 9, 10, 12, 13, 14, 15|
Root to change : 10 with colors |1, 2, 5, 6, 11, 12, 15|
++++++++++++++++++++++
Trying improving 4, 15, 6, 9 with subs:
Root to change : 4 with colors |3, 5, 6, 8, 9, 10, 11, 12, 15|
Root to change : 6 with colors |3, 4, 9, 10, 13, 14, 15|
Root to change : 9 with colors |1, 2, 4, 5, 6, 8, 11, 15|
++++++++++++++++++++++
Trying improving 4, 15, 6, 10 with subs:
Root to change : 4 with colors |3, 5, 6, 8, 9, 10, 11, 12, 15|
Root to change : 6 with colors |3, 8, 9, 10, 12, 13, 14, 15|
Root to change : 10 with colors |1, 2, 4, 5, 6, 8, 11, 15|
++++++++++++++++++++++
Trying improving 5, 5, 3, 4 with subs:
Root to change : 3 with colors |2, 4, 6, 7, 8, 11, 15|
Root to change : 4 with colors |3, 7, 8, 9, 10, 12, 13, 14, 15|
++++++++++++++++++++++
Trying improving 5, 5, 4, 9 with subs:
Root to change : 4 with colors |2, 3, 5, 6, 9, 10, 13, 14, 15|
Root to change : 9 with colors |2, 4, 6, 7, 8, 11, 15|
++++++++++++++++++++++
Trying improving 5, 6, 0, 3 with subs:
Root to change : 6 with colors |1, 2, 5, 9, 10, 11, 12, 14, 15|
Root to change : 0 with colors |3, 8, 9, 10, 12, 13, 14, 15|
Root to change : 3 with colors |2, 4, 5, 7, 9, 11, 12, 14, 15|
++++++++++++++++++++++
Trying improving 5, 6, 3, 4 with subs:
Root to change : 3 with colors |2, 4, 6, 7, 8, 11, 15|
Root to change : 4 with colors |3, 8, 9, 10, 12, 13, 14, 15|
++++++++++++++++++++++
Trying improving 5, 6, 4, 9 with subs:
Root to change : 4 with colors |2, 3, 5, 6, 9, 10, 13, 14, 15|
Root to change : 9 with colors |2, 4, 6, 7, 8, 11, 15|
++++++++++++++++++++++
Trying improving 5, 9, 0, 4 with subs:
Root to change : 5 with colors |3, 4, 9, 10, 13, 14, 15|
Root to change : 9 with colors |1, 2, 5, 6, 11, 12, 15|
Root to change : 4 with colors |2, 3, 5, 7, 9, 11, 12, 14, 15|
++++++++++++++++++++++
Trying improving 5, 9, 3, 4 with subs:
Root to change : 5 with colors |3, 4, 9, 10, 13, 14, 15|
Root to change : 4 with colors |3, 7, 8, 9, 10, 12, 13, 14, 15|
++++++++++++++++++++++
Trying improving 5, 9, 4, 4 with subs:
Root to change : 5 with colors |3, 4, 9, 10, 13, 14, 15|
Root to change : 9 with colors |1, 2, 5, 6, 11, 12, 15|
++++++++++++++++++++++
Trying improving 5, 9, 4, 6 with subs:
Root to change : 9 with colors |1, 2, 5, 6, 11, 12, 15|
Root to change : 4 with colors |1, 2, 5, 6, 9, 10, 11, 15|
++++++++++++++++++++++
Trying improving 5, 9, 4, 8 with subs:
Root to change : 5 with colors |3, 4, 9, 10, 13, 14, 15|
Root to change : 9 with colors |1, 2, 5, 6, 11, 12, 15|
++++++++++++++++++++++
Trying improving 5, 9, 4, 9 with subs:
Root to change : 5 with colors |3, 4, 9, 10, 13, 14, 15|
Root to change : 4 with colors |2, 3, 5, 6, 9, 10, 13, 14, 15|
++++++++++++++++++++++
Trying improving 5, 9, 4, 11 with subs:
Root to change : 9 with colors |1, 2, 5, 6, 11, 12, 15|
Root to change : 4 with colors |1, 2, 5, 6, 11, 12, 15|
++++++++++++++++++++++
Trying improving 5, 9, 4, 15 with subs:
Root to change : 5 with colors |3, 4, 9, 10, 13, 14, 15|
Root to change : 9 with colors |1, 2, 5, 6, 11, 12, 15|
Root to change : 4 with colors |3, 5, 6, 8, 9, 10, 11, 12, 15|
++++++++++++++++++++++
Trying improving 5, 9, 6, 8 with subs:
Root to change : 9 with colors |1, 2, 5, 6, 11, 12, 15|
Root to change : 8 with colors |1, 2, 5, 6, 9, 10, 11, 15|
++++++++++++++++++++++
Trying improving 5, 9, 8, 11 with subs:
Root to change : 9 with colors |1, 2, 5, 6, 10, 11, 12, 14, 15|
Root to change : 8 with colors |1, 2, 5, 6, 11, 12, 15|
++++++++++++++++++++++
Trying improving 5, 10, 0, 4 with subs:
Root to change : 5 with colors |3, 8, 9, 10, 12, 13, 14, 15|
Root to change : 10 with colors |1, 2, 5, 6, 11, 12, 15|
Root to change : 4 with colors |2, 3, 5, 7, 9, 11, 12, 14, 15|
++++++++++++++++++++++
Trying improving 5, 10, 3, 4 with subs:
Root to change : 5 with colors |3, 8, 9, 10, 12, 13, 14, 15|
Root to change : 4 with colors |3, 7, 8, 9, 10, 12, 13, 14, 15|
++++++++++++++++++++++
Trying improving 5, 10, 4, 4 with subs:
Root to change : 5 with colors |3, 8, 9, 10, 12, 13, 14, 15|
Root to change : 10 with colors |1, 2, 5, 6, 11, 12, 15|
++++++++++++++++++++++
Trying improving 5, 10, 4, 6 with subs:
Root to change : 10 with colors |1, 2, 5, 6, 11, 12, 15|
Root to change : 4 with colors |1, 2, 5, 6, 9, 10, 11, 15|
++++++++++++++++++++++
Trying improving 5, 10, 4, 8 with subs:
Root to change : 5 with colors |3, 8, 9, 10, 12, 13, 14, 15|
Root to change : 10 with colors |1, 2, 5, 6, 11, 12, 15|
Root to change : 4 with colors |1, 3, 7, 8, 10, 11, 12, 15|
++++++++++++++++++++++
Trying improving 5, 10, 4, 9 with subs:
Root to change : 5 with colors |3, 8, 9, 10, 12, 13, 14, 15|
Root to change : 4 with colors |2, 3, 5, 6, 9, 10, 13, 14, 15|
++++++++++++++++++++++
Trying improving 5, 10, 4, 11 with subs:
Root to change : 10 with colors |1, 2, 5, 6, 11, 12, 15|
Root to change : 4 with colors |1, 2, 5, 6, 7, 8, 11, 12, 15|
++++++++++++++++++++++
Trying improving 5, 10, 4, 15 with subs:
Root to change : 5 with colors |3, 8, 9, 10, 12, 13, 14, 15|
Root to change : 10 with colors |1, 2, 5, 6, 11, 12, 15|
Root to change : 4 with colors |3, 5, 6, 8, 9, 10, 11, 12, 15|
++++++++++++++++++++++
Trying improving 5, 10, 6, 8 with subs:
Root to change : 10 with colors |1, 2, 5, 6, 11, 12, 15|
Root to change : 6 with colors |1, 3, 7, 8, 10, 11, 12, 15|
Root to change : 8 with colors |1, 2, 5, 6, 9, 10, 11, 15|
++++++++++++++++++++++
Trying improving 5, 11, 3, 4 with subs:
Root to change : 5 with colors |1, 2, 4, 6, 7, 8, 11, 12, 15|
Root to change : 3 with colors |2, 4, 6, 7, 8, 11, 15|
Root to change : 4 with colors |3, 7, 8, 10, 12, 14, 15|
++++++++++++++++++++++
Trying improving 5, 11, 3, 9 with subs:
Root to change : 11 with colors |1, 2, 5, 6, 9, 10, 12, 14, 15|
Root to change : 3 with colors |2, 5, 6, 9, 10, 14, 15|
Root to change : 9 with colors |3, 7, 8, 10, 12, 14, 15|
++++++++++++++++++++++
Trying improving 5, 11, 4, 9 with subs:
Root to change : 4 with colors |2, 5, 6, 9, 10, 14, 15|
Root to change : 9 with colors |2, 4, 6, 7, 8, 11, 15|
++++++++++++++++++++++
Trying improving 5, 12, 3, 4 with subs:
Root to change : 5 with colors |1, 3, 7, 8, 10, 11, 12, 14, 15|
Root to change : 3 with colors |2, 4, 6, 7, 8, 11, 15|
Root to change : 4 with colors |3, 7, 8, 9, 10, 12, 13, 14, 15|
++++++++++++++++++++++
Trying improving 5, 12, 4, 9 with subs:
Root to change : 5 with colors |3, 7, 8, 10, 12, 14, 15|
Root to change : 4 with colors |2, 3, 5, 6, 9, 10, 13, 14, 15|
Root to change : 9 with colors |2, 4, 6, 7, 8, 11, 15|
++++++++++++++++++++++
Trying improving 5, 15, 3, 4 with subs:
Root to change : 5 with colors |3, 4, 6, 8, 9, 10, 11, 12, 15|
Root to change : 3 with colors |2, 4, 6, 7, 8, 11, 15|
Root to change : 4 with colors |3, 7, 8, 9, 10, 12, 13, 14, 15|
++++++++++++++++++++++
Trying improving 5, 15, 4, 9 with subs:
Root to change : 5 with colors |3, 4, 8, 9, 10, 12, 15|
Root to change : 4 with colors |2, 3, 5, 6, 9, 10, 13, 14, 15|
Root to change : 9 with colors |2, 4, 6, 7, 8, 11, 15|
++++++++++++++++++++++
Trying improving 6, 6, 0, 3 with subs:
Root to change : 0 with colors |3, 4, 7, 8, 9, 10, 12, 13, 14, 15|
Root to change : 3 with colors |2, 4, 5, 7, 9, 11, 12, 14, 15|
++++++++++++++++++++++
Trying improving 6, 6, 4, 9 with subs:
Root to change : 4 with colors |2, 3, 5, 6, 9, 10, 13, 14, 15|
Root to change : 9 with colors |2, 3, 4, 6, 7, 8, 11, 13, 15|
++++++++++++++++++++++
Trying improving 6, 8, 0, 3 with subs:
Root to change : 6 with colors |1, 3, 4, 7, 8, 10, 11, 12, 13, 15|
Root to change : 0 with colors |3, 4, 7, 8, 10, 12, 13, 14, 15|
Root to change : 3 with colors |2, 4, 5, 7, 11, 12, 15|
++++++++++++++++++++++
Trying improving 6, 8, 0, 9 with subs:
Root to change : 6 with colors |3, 4, 7, 8, 10, 12, 13, 15|
Root to change : 8 with colors |1, 2, 5, 6, 9, 10, 11, 15|
Root to change : 9 with colors |2, 4, 5, 7, 11, 12, 15|
++++++++++++++++++++++
Trying improving 6, 8, 3, 9 with subs:
Root to change : 6 with colors |3, 4, 7, 8, 10, 12, 13, 15|
Root to change : 9 with colors |3, 4, 7, 8, 10, 12, 13, 15|
++++++++++++++++++++++
Trying improving 6, 8, 4, 9 with subs:
Root to change : 6 with colors |3, 4, 7, 8, 10, 12, 13, 15|
Root to change : 9 with colors |2, 3, 4, 6, 7, 8, 11, 13, 15|
++++++++++++++++++++++
Trying improving 6, 8, 5, 9 with subs:
Root to change : 8 with colors |1, 2, 5, 6, 9, 10, 11, 15|
Root to change : 9 with colors |1, 2, 5, 6, 11, 12, 15|
++++++++++++++++++++++
Trying improving 6, 8, 5, 10 with subs:
Root to change : 6 with colors |1, 3, 7, 8, 10, 11, 12, 15|
Root to change : 8 with colors |1, 2, 5, 6, 9, 10, 11, 15|
Root to change : 10 with colors |1, 2, 5, 6, 11, 12, 15|
++++++++++++++++++++++
Trying improving 6, 8, 6, 9 with subs:
Root to change : 8 with colors |1, 2, 5, 6, 9, 10, 11, 15|
Root to change : 9 with colors |1, 2, 4, 5, 6, 8, 11, 15|
++++++++++++++++++++++
Trying improving 6, 8, 6, 10 with subs:
Root to change : 8 with colors |1, 2, 5, 6, 9, 10, 11, 15|
Root to change : 10 with colors |1, 2, 4, 5, 6, 8, 11, 15|
++++++++++++++++++++++
Trying improving 6, 8, 9, 9 with subs:
Root to change : 6 with colors |3, 4, 7, 8, 10, 12, 13, 15|
Root to change : 8 with colors |1, 2, 5, 6, 9, 10, 11, 15|
++++++++++++++++++++++
Trying improving 6, 8, 9, 10 with subs:
Root to change : 6 with colors |3, 4, 7, 8, 10, 12, 13, 15|
Root to change : 8 with colors |1, 2, 5, 6, 9, 10, 11, 15|
++++++++++++++++++++++
Trying improving 6, 8, 9, 15 with subs:
Root to change : 6 with colors |3, 4, 7, 8, 10, 12, 13, 15|
Root to change : 8 with colors |1, 2, 5, 6, 9, 10, 11, 15|
Root to change : 9 with colors |3, 4, 5, 6, 8, 10, 11, 12, 15|
++++++++++++++++++++++
Trying improving 6, 9, 0, 3 with subs:
Root to change : 6 with colors |2, 3, 4, 5, 9, 10, 13, 14, 15|
Root to change : 0 with colors |3, 8, 9, 10, 12, 13, 14, 15|
Root to change : 3 with colors |2, 5, 9, 11, 12, 14, 15|
++++++++++++++++++++++
Trying improving 6, 9, 0, 4 with subs:
Root to change : 6 with colors |3, 4, 9, 10, 13, 14, 15|
Root to change : 9 with colors |1, 2, 4, 5, 6, 8, 11, 15|
Root to change : 4 with colors |2, 5, 9, 11, 12, 14, 15|
++++++++++++++++++++++
Trying improving 6, 9, 3, 4 with subs:
Root to change : 6 with colors |3, 4, 9, 10, 13, 14, 15|
Root to change : 4 with colors |3, 8, 9, 10, 12, 13, 14, 15|
++++++++++++++++++++++
Trying improving 6, 9, 4, 4 with subs:
Root to change : 6 with colors |3, 4, 9, 10, 13, 14, 15|
Root to change : 9 with colors |1, 2, 4, 5, 6, 8, 11, 15|
++++++++++++++++++++++
Trying improving 6, 9, 4, 6 with subs:
Root to change : 9 with colors |1, 2, 4, 5, 6, 8, 11, 15|
Root to change : 4 with colors |1, 2, 5, 6, 9, 10, 11, 15|
++++++++++++++++++++++
Trying improving 6, 9, 4, 8 with subs:
Root to change : 6 with colors |3, 4, 9, 10, 13, 14, 15|
Root to change : 9 with colors |1, 2, 4, 5, 6, 8, 11, 15|
++++++++++++++++++++++
Trying improving 6, 9, 4, 9 with subs:
Root to change : 6 with colors |3, 4, 9, 10, 13, 14, 15|
Root to change : 4 with colors |2, 3, 5, 6, 9, 10, 13, 14, 15|
++++++++++++++++++++++
Trying improving 6, 9, 4, 11 with subs:
Root to change : 9 with colors |1, 2, 4, 5, 6, 8, 11, 15|
Root to change : 4 with colors |1, 2, 5, 6, 11, 12, 15|
++++++++++++++++++++++
Trying improving 6, 9, 4, 15 with subs:
Root to change : 6 with colors |3, 4, 9, 10, 13, 14, 15|
Root to change : 9 with colors |1, 2, 4, 5, 6, 8, 11, 15|
Root to change : 4 with colors |3, 5, 6, 8, 9, 10, 11, 12, 15|
++++++++++++++++++++++
Trying improving 6, 9, 6, 8 with subs:
Root to change : 9 with colors |1, 2, 4, 5, 6, 8, 11, 15|
Root to change : 8 with colors |1, 2, 5, 6, 9, 10, 11, 15|
++++++++++++++++++++++
Trying improving 6, 9, 8, 11 with subs:
Root to change : 9 with colors |1, 2, 4, 5, 6, 8, 11, 15|
Root to change : 8 with colors |1, 2, 5, 6, 11, 12, 15|
++++++++++++++++++++++
Trying improving 6, 10, 0, 3 with subs:
Root to change : 6 with colors |1, 3, 5, 8, 9, 10, 12, 13, 14, 15|
Root to change : 0 with colors |3, 7, 8, 9, 10, 12, 13, 14, 15|
Root to change : 3 with colors |2, 5, 9, 11, 12, 14, 15|
++++++++++++++++++++++
Trying improving 6, 10, 0, 4 with subs:
Root to change : 6 with colors |3, 8, 9, 10, 12, 13, 14, 15|
Root to change : 10 with colors |1, 2, 4, 5, 6, 8, 11, 15|
Root to change : 4 with colors |2, 5, 9, 11, 12, 14, 15|
++++++++++++++++++++++
Trying improving 6, 10, 3, 4 with subs:
Root to change : 6 with colors |3, 8, 9, 10, 12, 13, 14, 15|
Root to change : 4 with colors |3, 8, 9, 10, 12, 13, 14, 15|
++++++++++++++++++++++
Trying improving 6, 10, 4, 4 with subs:
Root to change : 6 with colors |3, 8, 9, 10, 12, 13, 14, 15|
Root to change : 10 with colors |1, 2, 4, 5, 6, 8, 11, 15|
++++++++++++++++++++++
Trying improving 6, 10, 4, 6 with subs:
Root to change : 10 with colors |1, 2, 4, 5, 6, 8, 11, 15|
Root to change : 4 with colors |1, 2, 5, 6, 9, 10, 11, 15|
++++++++++++++++++++++
Trying improving 6, 10, 4, 8 with subs:
Root to change : 6 with colors |3, 8, 9, 10, 12, 13, 14, 15|
Root to change : 10 with colors |1, 2, 4, 5, 6, 8, 11, 15|
++++++++++++++++++++++
Trying improving 6, 10, 4, 9 with subs:
Root to change : 6 with colors |3, 8, 9, 10, 12, 13, 14, 15|
Root to change : 4 with colors |2, 3, 5, 6, 9, 10, 13, 14, 15|
++++++++++++++++++++++
Trying improving 6, 10, 4, 11 with subs:
Root to change : 10 with colors |1, 2, 4, 5, 6, 8, 11, 15|
Root to change : 4 with colors |1, 2, 5, 6, 11, 12, 15|
++++++++++++++++++++++
Trying improving 6, 10, 4, 15 with subs:
Root to change : 6 with colors |3, 8, 9, 10, 12, 13, 14, 15|
Root to change : 10 with colors |1, 2, 4, 5, 6, 8, 11, 15|
Root to change : 4 with colors |3, 5, 6, 8, 9, 10, 11, 12, 15|
++++++++++++++++++++++
Trying improving 6, 10, 6, 8 with subs:
Root to change : 10 with colors |1, 2, 4, 5, 6, 8, 11, 15|
Root to change : 8 with colors |1, 2, 5, 6, 9, 10, 11, 15|
++++++++++++++++++++++
Trying improving 6, 10, 8, 11 with subs:
Root to change : 6 with colors |1, 3, 5, 8, 10, 12, 14, 15|
Root to change : 10 with colors |1, 2, 4, 5, 6, 8, 11, 15|
Root to change : 8 with colors |1, 2, 5, 6, 11, 12, 15|
++++++++++++++++++++++
Trying improving 6, 11, 0, 3 with subs:
Root to change : 6 with colors |1, 2, 4, 5, 7, 8, 11, 12, 15|
Root to change : 0 with colors |3, 4, 7, 8, 10, 12, 13, 15|
Root to change : 3 with colors |2, 4, 5, 7, 9, 11, 12, 14, 15|
++++++++++++++++++++++
Trying improving 6, 11, 3, 9 with subs:
Root to change : 3 with colors |2, 5, 6, 9, 10, 14, 15|
Root to change : 9 with colors |3, 4, 7, 8, 10, 12, 13, 15|
++++++++++++++++++++++
Trying improving 6, 11, 4, 9 with subs:
Root to change : 4 with colors |2, 5, 6, 9, 10, 14, 15|
Root to change : 9 with colors |2, 3, 4, 6, 7, 8, 11, 13, 15|
++++++++++++++++++++++
Trying improving 6, 15, 0, 3 with subs:
Root to change : 6 with colors |3, 4, 5, 8, 9, 10, 11, 12, 15|
Root to change : 0 with colors |3, 4, 7, 8, 9, 10, 12, 13, 14, 15|
Root to change : 3 with colors |2, 4, 5, 7, 9, 11, 12, 14, 15|
++++++++++++++++++++++
Trying improving 6, 15, 4, 9 with subs:
Root to change : 6 with colors |3, 4, 8, 9, 10, 12, 15|
Root to change : 4 with colors |2, 3, 5, 6, 9, 10, 13, 14, 15|
Root to change : 9 with colors |2, 3, 4, 6, 7, 8, 11, 13, 15|
++++++++++++++++++++++
Trying improving 8, 11, 0, 9 with subs:
Root to change : 8 with colors |1, 2, 5, 6, 11, 12, 15|
Root to change : 11 with colors |3, 4, 7, 8, 10, 12, 13, 15|
Root to change : 9 with colors |2, 3, 4, 5, 7, 11, 12, 14, 15|
++++++++++++++++++++++
Trying improving 8, 11, 3, 9 with subs:
Root to change : 11 with colors |3, 4, 7, 8, 10, 12, 13, 15|
Root to change : 9 with colors |3, 4, 7, 8, 10, 12, 13, 14, 15|
++++++++++++++++++++++
Trying improving 8, 11, 4, 9 with subs:
Root to change : 11 with colors |3, 4, 7, 8, 10, 12, 13, 15|
Root to change : 9 with colors |2, 3, 4, 6, 7, 8, 11, 13, 15|
++++++++++++++++++++++
Trying improving 8, 11, 5, 9 with subs:
Root to change : 8 with colors |1, 2, 5, 6, 11, 12, 15|
Root to change : 9 with colors |1, 2, 5, 6, 10, 11, 12, 14, 15|
++++++++++++++++++++++
Trying improving 8, 11, 6, 9 with subs:
Root to change : 8 with colors |1, 2, 5, 6, 11, 12, 15|
Root to change : 9 with colors |1, 2, 4, 5, 6, 8, 11, 15|
++++++++++++++++++++++
Trying improving 8, 11, 6, 10 with subs:
Root to change : 8 with colors |1, 2, 5, 6, 11, 12, 15|
Root to change : 6 with colors |1, 3, 5, 8, 10, 12, 14, 15|
Root to change : 10 with colors |1, 2, 4, 5, 6, 8, 11, 15|
++++++++++++++++++++++
Trying improving 8, 11, 9, 9 with subs:
Root to change : 8 with colors |1, 2, 5, 6, 11, 12, 15|
Root to change : 11 with colors |3, 4, 7, 8, 10, 12, 13, 15|
++++++++++++++++++++++
Trying improving 8, 11, 9, 10 with subs:
Root to change : 8 with colors |1, 2, 5, 6, 11, 12, 15|
Root to change : 11 with colors |3, 4, 7, 8, 10, 12, 13, 15|
Root to change : 9 with colors |1, 3, 5, 8, 10, 12, 14, 15|
++++++++++++++++++++++
Trying improving 8, 11, 9, 15 with subs:
Root to change : 8 with colors |1, 2, 5, 6, 11, 12, 15|
Root to change : 11 with colors |3, 4, 7, 8, 10, 12, 13, 15|
Root to change : 9 with colors |3, 4, 5, 6, 8, 10, 11, 12, 15|
++++++++++++++++++++++
Trying improving 9, 9, 4, 6 with subs:
Root to change : 4 with colors |1, 2, 5, 6, 9, 10, 11, 15|
Root to change : 6 with colors |3, 4, 7, 8, 9, 13, 15|
++++++++++++++++++++++
Trying improving 9, 9, 4, 11 with subs:
Root to change : 4 with colors |1, 2, 5, 6, 11, 12, 15|
Root to change : 11 with colors |3, 4, 7, 8, 9, 13, 15|
++++++++++++++++++++++
Trying improving 9, 9, 6, 8 with subs:
Root to change : 6 with colors |3, 4, 7, 8, 10, 12, 13, 15|
Root to change : 8 with colors |1, 2, 5, 6, 9, 10, 11, 15|
++++++++++++++++++++++
Trying improving 9, 9, 8, 11 with subs:
Root to change : 8 with colors |1, 2, 5, 6, 11, 12, 15|
Root to change : 11 with colors |3, 4, 7, 8, 10, 12, 13, 15|
++++++++++++++++++++++
Trying improving 9, 10, 4, 6 with subs:
Root to change : 4 with colors |1, 2, 5, 6, 9, 10, 11, 15|
Root to change : 6 with colors |3, 4, 7, 8, 9, 13, 15|
++++++++++++++++++++++
Trying improving 9, 10, 4, 11 with subs:
Root to change : 4 with colors |1, 2, 5, 6, 11, 12, 15|
Root to change : 11 with colors |3, 4, 7, 8, 9, 13, 15|
++++++++++++++++++++++
Trying improving 9, 10, 6, 8 with subs:
Root to change : 6 with colors |3, 4, 7, 8, 10, 12, 13, 15|
Root to change : 8 with colors |1, 2, 5, 6, 9, 10, 11, 15|
++++++++++++++++++++++
Trying improving 9, 10, 8, 11 with subs:
Root to change : 9 with colors |1, 3, 5, 8, 10, 12, 14, 15|
Root to change : 8 with colors |1, 2, 5, 6, 11, 12, 15|
Root to change : 11 with colors |3, 4, 7, 8, 10, 12, 13, 15|
++++++++++++++++++++++
Trying improving 9, 15, 4, 6 with subs:
Root to change : 9 with colors |3, 4, 5, 6, 8, 10, 11, 12, 15|
Root to change : 4 with colors |1, 2, 5, 6, 9, 10, 11, 15|
Root to change : 6 with colors |3, 4, 7, 8, 9, 13, 15|
++++++++++++++++++++++
Trying improving 9, 15, 4, 11 with subs:
Root to change : 9 with colors |3, 4, 5, 6, 8, 10, 11, 12, 15|
Root to change : 4 with colors |1, 2, 5, 6, 11, 12, 15|
Root to change : 11 with colors |3, 4, 7, 8, 9, 13, 15|
++++++++++++++++++++++
Trying improving 9, 15, 6, 8 with subs:
Root to change : 9 with colors |3, 4, 5, 6, 8, 10, 11, 12, 15|
Root to change : 6 with colors |3, 4, 7, 8, 10, 12, 13, 15|
Root to change : 8 with colors |1, 2, 5, 6, 9, 10, 11, 15|
++++++++++++++++++++++
Trying improving 9, 15, 8, 11 with subs:
Root to change : 9 with colors |3, 4, 5, 6, 8, 10, 11, 12, 15|
Root to change : 8 with colors |1, 2, 5, 6, 11, 12, 15|
Root to change : 11 with colors |3, 4, 7, 8, 10, 12, 13, 15|
++++++++++++++++++++++
Trying improving 11, 11, 3, 9 with subs:
Root to change : 3 with colors |2, 5, 6, 9, 10, 14, 15|
Root to change : 9 with colors |3, 4, 7, 8, 10, 12, 13, 14, 15|
++++++++++++++++++++++
Trying improving 11, 11, 4, 9 with subs:
Root to change : 4 with colors |2, 5, 6, 9, 10, 14, 15|
Root to change : 9 with colors |2, 3, 4, 6, 7, 8, 11, 13, 15|
++++++++++++++++++++++
Trying improving 11, 12, 3, 9 with subs:
Root to change : 11 with colors |1, 3, 5, 7, 8, 10, 12, 14, 15|
Root to change : 3 with colors |2, 5, 6, 9, 10, 14, 15|
Root to change : 9 with colors |3, 4, 7, 8, 10, 12, 13, 14, 15|
++++++++++++++++++++++
Trying improving 11, 12, 4, 9 with subs:
Root to change : 11 with colors |3, 7, 8, 10, 12, 14, 15|
Root to change : 4 with colors |2, 5, 6, 9, 10, 14, 15|
Root to change : 9 with colors |2, 3, 4, 6, 7, 8, 11, 13, 15|
++++++++++++++++++++++
Trying improving 11, 15, 3, 9 with subs:
Root to change : 11 with colors |3, 4, 5, 6, 8, 9, 10, 12, 15|
Root to change : 3 with colors |2, 5, 6, 9, 10, 14, 15|
Root to change : 9 with colors |3, 4, 7, 8, 10, 12, 13, 14, 15|
++++++++++++++++++++++
Trying improving 11, 15, 4, 9 with subs:
Root to change : 11 with colors |3, 4, 8, 9, 10, 12, 15|
Root to change : 4 with colors |2, 5, 6, 9, 10, 14, 15|
Root to change : 9 with colors |2, 3, 4, 6, 7, 8, 11, 13, 15|
++++++++++++++++++++++
Unable to be solved with SubSubProblem
