Trying substitutions to: 5
with goodVertices 1, 3, 7, 8, 10, 11, 12, 14, 15
bad color to improve: 3  7  with index 49
bad color to improve: 3  8  with index 50
bad color to improve: 7  8  with index 92
bad color to improve: 8  13  with index 105
4 bad colorings on level 1
bad coloring on level 2  |6, 9, 0, 2|
bad coloring on level 2  |6, 10, 0, 2|
bad coloring on level 2  |9, 15, 0, 2|
bad coloring on level 2  |10, 15, 0, 2|
bad coloring on level 2  |1, 6, 0, 9|
bad coloring on level 2  |1, 11, 0, 9|
bad coloring on level 2  |2, 6, 0, 9|
bad coloring on level 2  |2, 11, 0, 9|
bad coloring on level 2  |2, 9, 0, 11|
bad coloring on level 2  |9, 14, 0, 11|
bad coloring on level 2  |1, 6, 0, 14|
bad coloring on level 2  |2, 6, 0, 14|
bad coloring on level 2  |5, 6, 0, 14|
bad coloring on level 2  |6, 6, 0, 14|
bad coloring on level 2  |6, 9, 0, 14|
bad coloring on level 2  |6, 10, 0, 14|
bad coloring on level 2  |6, 11, 0, 14|
bad coloring on level 2  |6, 15, 0, 14|
bad coloring on level 2  |2, 9, 0, 15|
bad coloring on level 2  |2, 14, 0, 15|
bad coloring on level 2  |6, 9, 1, 2|
bad coloring on level 2  |6, 10, 1, 2|
bad coloring on level 2  |9, 15, 1, 2|
bad coloring on level 2  |10, 15, 1, 2|
bad coloring on level 2  |0, 9, 1, 6|
bad coloring on level 2  |0, 14, 1, 6|
bad coloring on level 2  |2, 9, 1, 6|
bad coloring on level 2  |5, 9, 1, 6|
bad coloring on level 2  |6, 9, 1, 6|
bad coloring on level 2  |6, 10, 1, 6|
bad coloring on level 2  |9, 9, 1, 6|
bad coloring on level 2  |9, 10, 1, 6|
bad coloring on level 2  |9, 14, 1, 6|
bad coloring on level 2  |9, 15, 1, 6|
bad coloring on level 2  |10, 15, 1, 6|
bad coloring on level 2  |0, 9, 1, 11|
bad coloring on level 2  |2, 9, 1, 11|
bad coloring on level 2  |5, 9, 1, 11|
bad coloring on level 2  |6, 9, 1, 11|
bad coloring on level 2  |6, 10, 1, 11|
bad coloring on level 2  |9, 9, 1, 11|
bad coloring on level 2  |9, 10, 1, 11|
bad coloring on level 2  |9, 14, 1, 11|
bad coloring on level 2  |9, 15, 1, 11|
bad coloring on level 2  |6, 9, 2, 2|
bad coloring on level 2  |6, 10, 2, 2|
bad coloring on level 2  |9, 15, 2, 2|
bad coloring on level 2  |10, 15, 2, 2|
bad coloring on level 2  |6, 9, 2, 5|
bad coloring on level 2  |6, 10, 2, 5|
bad coloring on level 2  |9, 15, 2, 5|
bad coloring on level 2  |10, 15, 2, 5|
bad coloring on level 2  |0, 9, 2, 6|
bad coloring on level 2  |0, 14, 2, 6|
bad coloring on level 2  |2, 9, 2, 6|
bad coloring on level 2  |5, 9, 2, 6|
bad coloring on level 2  |6, 9, 2, 6|
bad coloring on level 2  |6, 10, 2, 6|
bad coloring on level 2  |9, 9, 2, 6|
bad coloring on level 2  |9, 10, 2, 6|
bad coloring on level 2  |9, 14, 2, 6|
bad coloring on level 2  |9, 15, 2, 6|
bad coloring on level 2  |10, 15, 2, 6|
bad coloring on level 2  |0, 11, 2, 9|
bad coloring on level 2  |0, 15, 2, 9|
bad coloring on level 2  |1, 6, 2, 9|
bad coloring on level 2  |1, 11, 2, 9|
bad coloring on level 2  |2, 6, 2, 9|
bad coloring on level 2  |2, 11, 2, 9|
bad coloring on level 2  |5, 6, 2, 9|
bad coloring on level 2  |5, 11, 2, 9|
bad coloring on level 2  |5, 15, 2, 9|
bad coloring on level 2  |6, 6, 2, 9|
bad coloring on level 2  |6, 9, 2, 9|
bad coloring on level 2  |6, 10, 2, 9|
bad coloring on level 2  |6, 11, 2, 9|
bad coloring on level 2  |6, 15, 2, 9|
bad coloring on level 2  |9, 15, 2, 9|
bad coloring on level 2  |10, 15, 2, 9|
bad coloring on level 2  |11, 11, 2, 9|
bad coloring on level 2  |11, 12, 2, 9|
bad coloring on level 2  |11, 15, 2, 9|
bad coloring on level 2  |12, 15, 2, 9|
bad coloring on level 2  |15, 15, 2, 9|
bad coloring on level 2  |0, 9, 2, 11|
bad coloring on level 2  |2, 9, 2, 11|
bad coloring on level 2  |5, 9, 2, 11|
bad coloring on level 2  |6, 9, 2, 11|
bad coloring on level 2  |6, 10, 2, 11|
bad coloring on level 2  |9, 9, 2, 11|
bad coloring on level 2  |9, 10, 2, 11|
bad coloring on level 2  |9, 14, 2, 11|
bad coloring on level 2  |9, 15, 2, 11|
bad coloring on level 2  |10, 15, 2, 11|
bad coloring on level 2  |0, 15, 2, 14|
bad coloring on level 2  |5, 15, 2, 14|
bad coloring on level 2  |6, 9, 2, 14|
bad coloring on level 2  |6, 10, 2, 14|
bad coloring on level 2  |6, 15, 2, 14|
bad coloring on level 2  |9, 15, 2, 14|
bad coloring on level 2  |10, 15, 2, 14|
bad coloring on level 2  |11, 15, 2, 14|
bad coloring on level 2  |12, 15, 2, 14|
bad coloring on level 2  |15, 15, 2, 14|
bad coloring on level 2  |0, 14, 5, 6|
bad coloring on level 2  |2, 9, 5, 6|
bad coloring on level 2  |1, 6, 5, 9|
bad coloring on level 2  |1, 11, 5, 9|
bad coloring on level 2  |2, 6, 5, 9|
bad coloring on level 2  |2, 11, 5, 9|
bad coloring on level 2  |2, 9, 5, 11|
bad coloring on level 2  |9, 14, 5, 11|
bad coloring on level 2  |2, 9, 5, 15|
bad coloring on level 2  |2, 14, 5, 15|
bad coloring on level 2  |0, 14, 6, 6|
bad coloring on level 2  |2, 9, 6, 6|
bad coloring on level 2  |0, 2, 6, 9|
bad coloring on level 2  |0, 14, 6, 9|
bad coloring on level 2  |1, 2, 6, 9|
bad coloring on level 2  |1, 6, 6, 9|
bad coloring on level 2  |1, 11, 6, 9|
bad coloring on level 2  |2, 2, 6, 9|
bad coloring on level 2  |2, 5, 6, 9|
bad coloring on level 2  |2, 6, 6, 9|
bad coloring on level 2  |2, 9, 6, 9|
bad coloring on level 2  |2, 11, 6, 9|
bad coloring on level 2  |2, 14, 6, 9|
bad coloring on level 2  |0, 2, 6, 10|
bad coloring on level 2  |0, 14, 6, 10|
bad coloring on level 2  |1, 2, 6, 10|
bad coloring on level 2  |1, 6, 6, 10|
bad coloring on level 2  |1, 11, 6, 10|
bad coloring on level 2  |2, 2, 6, 10|
bad coloring on level 2  |2, 5, 6, 10|
bad coloring on level 2  |2, 6, 6, 10|
bad coloring on level 2  |2, 9, 6, 10|
bad coloring on level 2  |2, 11, 6, 10|
bad coloring on level 2  |2, 14, 6, 10|
bad coloring on level 2  |0, 14, 6, 11|
bad coloring on level 2  |2, 9, 6, 11|
bad coloring on level 2  |9, 14, 6, 11|
bad coloring on level 2  |0, 14, 6, 15|
bad coloring on level 2  |2, 9, 6, 15|
bad coloring on level 2  |2, 14, 6, 15|
bad coloring on level 2  |1, 6, 9, 9|
bad coloring on level 2  |1, 11, 9, 9|
bad coloring on level 2  |2, 6, 9, 9|
bad coloring on level 2  |2, 11, 9, 9|
bad coloring on level 2  |1, 6, 9, 10|
bad coloring on level 2  |1, 11, 9, 10|
bad coloring on level 2  |2, 6, 9, 10|
bad coloring on level 2  |2, 11, 9, 10|
bad coloring on level 2  |0, 11, 9, 14|
bad coloring on level 2  |1, 6, 9, 14|
bad coloring on level 2  |1, 11, 9, 14|
bad coloring on level 2  |2, 6, 9, 14|
bad coloring on level 2  |2, 11, 9, 14|
bad coloring on level 2  |5, 11, 9, 14|
bad coloring on level 2  |6, 11, 9, 14|
bad coloring on level 2  |11, 11, 9, 14|
bad coloring on level 2  |11, 12, 9, 14|
bad coloring on level 2  |11, 15, 9, 14|
bad coloring on level 2  |0, 2, 9, 15|
bad coloring on level 2  |1, 2, 9, 15|
bad coloring on level 2  |1, 6, 9, 15|
bad coloring on level 2  |1, 11, 9, 15|
bad coloring on level 2  |2, 2, 9, 15|
bad coloring on level 2  |2, 5, 9, 15|
bad coloring on level 2  |2, 6, 9, 15|
bad coloring on level 2  |2, 9, 9, 15|
bad coloring on level 2  |2, 11, 9, 15|
bad coloring on level 2  |2, 14, 9, 15|
bad coloring on level 2  |0, 2, 10, 15|
bad coloring on level 2  |1, 2, 10, 15|
bad coloring on level 2  |1, 6, 10, 15|
bad coloring on level 2  |2, 2, 10, 15|
bad coloring on level 2  |2, 5, 10, 15|
bad coloring on level 2  |2, 6, 10, 15|
bad coloring on level 2  |2, 9, 10, 15|
bad coloring on level 2  |2, 11, 10, 15|
bad coloring on level 2  |2, 14, 10, 15|
bad coloring on level 2  |2, 9, 11, 11|
bad coloring on level 2  |9, 14, 11, 11|
bad coloring on level 2  |2, 9, 11, 12|
bad coloring on level 2  |9, 14, 11, 12|
bad coloring on level 2  |2, 9, 11, 15|
bad coloring on level 2  |2, 14, 11, 15|
bad coloring on level 2  |9, 14, 11, 15|
bad coloring on level 2  |2, 9, 12, 15|
bad coloring on level 2  |2, 14, 12, 15|
bad coloring on level 2  |2, 9, 15, 15|
bad coloring on level 2  |2, 14, 15, 15|

192 bad colorings on level 2
Sub sub problem :
Trying improving 0, 2, 6, 9 with subs:
Root to change : 2 with colors |3, 4, 5, 9, 11, 12, 15|
Root to change : 6 with colors |2, 3, 5, 9, 10, 13, 14|
Root to change : 9 with colors |1, 2, 4, 5, 6, 8, 11, 15|
++++++++++++++++++++++
Trying improving 0, 2, 6, 10 with subs:
Root to change : 2 with colors |3, 4, 5, 9, 11, 12, 15|
Root to change : 6 with colors |1, 3, 5, 9, 10, 12, 13, 14|
Root to change : 10 with colors |1, 2, 4, 5, 6, 8, 11, 15|
++++++++++++++++++++++
Trying improving 0, 2, 9, 15 with subs:
Root to change : 2 with colors |3, 4, 5, 7, 9, 11, 12, 14, 15|
Root to change : 9 with colors |4, 5, 6, 8, 11, 12, 15|
Root to change : 15 with colors |2, 3, 5, 9, 10, 13, 14|
++++++++++++++++++++++
Trying improving 0, 2, 10, 15 with subs:
Root to change : 2 with colors |3, 4, 5, 7, 9, 11, 12, 14, 15|
Root to change : 10 with colors |4, 5, 6, 8, 11, 12, 15|
Root to change : 15 with colors |1, 3, 5, 9, 10, 12, 13, 14|
++++++++++++++++++++++
Trying improving 0, 9, 1, 6 with subs:
Root to change : 9 with colors |2, 4, 5, 7, 11, 12, 15|
Root to change : 1 with colors |4, 5, 6, 8, 9, 10, 11, 15|
Root to change : 6 with colors |1, 2, 5, 7, 10, 12, 13, 14|
++++++++++++++++++++++
Trying improving 0, 9, 1, 11 with subs:
Root to change : 9 with colors |2, 3, 4, 5, 7, 11, 12, 14, 15|
Root to change : 1 with colors |4, 5, 6, 8, 11, 12, 15|
Root to change : 11 with colors |1, 2, 5, 7, 10, 12, 13, 14|
++++++++++++++++++++++
Trying improving 0, 9, 2, 6 with subs:
Root to change : 9 with colors |2, 4, 5, 7, 11, 12, 15|
Root to change : 2 with colors |4, 5, 6, 8, 9, 10, 11, 15|
Root to change : 6 with colors |1, 2, 5, 7, 9, 13, 14|
++++++++++++++++++++++
Trying improving 0, 9, 2, 11 with subs:
Root to change : 9 with colors |2, 3, 4, 5, 7, 11, 12, 14, 15|
Root to change : 2 with colors |4, 5, 6, 8, 11, 12, 15|
Root to change : 11 with colors |1, 2, 5, 7, 9, 13, 14|
++++++++++++++++++++++
Trying improving 0, 11, 2, 9 with subs:
Root to change : 11 with colors |2, 3, 5, 7, 9, 12, 14|
Root to change : 2 with colors |3, 4, 5, 6, 9, 10, 15|
Root to change : 9 with colors |1, 2, 4, 5, 6, 7, 11, 13, 14|
++++++++++++++++++++++
Trying improving 0, 11, 9, 14 with subs:
Root to change : 11 with colors |2, 3, 4, 5, 7, 9, 12, 14, 15|
Root to change : 9 with colors |1, 2, 3, 5, 7, 10, 12, 13, 14|
Root to change : 14 with colors |3, 4, 5, 6, 9, 10, 15|
++++++++++++++++++++++
Trying improving 0, 14, 1, 6 with subs:
Root to change : 0 with colors |1, 2, 3, 5, 7, 10, 12, 13, 14|
Root to change : 14 with colors |2, 4, 5, 7, 11, 12, 15|
Root to change : 6 with colors |1, 2, 5, 7, 8, 10, 11, 12, 13, 14|
++++++++++++++++++++++
Trying improving 0, 14, 2, 6 with subs:
Root to change : 0 with colors |1, 2, 5, 7, 10, 12, 13, 14|
Root to change : 14 with colors |2, 4, 5, 7, 11, 12, 15|
Root to change : 6 with colors |1, 2, 4, 5, 7, 9, 11, 13, 14|
++++++++++++++++++++++
Trying improving 0, 14, 5, 6 with subs:
Root to change : 0 with colors |1, 2, 3, 5, 7, 9, 10, 12, 13, 14|
Root to change : 14 with colors |2, 3, 4, 5, 7, 9, 11, 12, 15|
Root to change : 6 with colors |1, 2, 5, 9, 10, 11, 12, 14, 15|
++++++++++++++++++++++
Trying improving 0, 14, 6, 6 with subs:
Root to change : 0 with colors |1, 2, 3, 5, 7, 9, 10, 12, 13, 14|
Root to change : 14 with colors |2, 3, 4, 5, 7, 9, 11, 12, 15|
++++++++++++++++++++++
Trying improving 0, 14, 6, 9 with subs:
Root to change : 0 with colors |1, 3, 5, 9, 10, 12, 13, 14|
Root to change : 14 with colors |3, 4, 5, 9, 11, 12, 15|
Root to change : 6 with colors |2, 3, 4, 5, 9, 10, 13, 14, 15|
++++++++++++++++++++++
Trying improving 0, 14, 6, 10 with subs:
Root to change : 0 with colors |1, 3, 5, 7, 9, 10, 12, 13, 14|
Root to change : 14 with colors |3, 4, 5, 9, 11, 12, 15|
Root to change : 6 with colors |1, 3, 5, 8, 9, 10, 12, 13, 14, 15|
++++++++++++++++++++++
Trying improving 0, 14, 6, 11 with subs:
Root to change : 0 with colors |1, 2, 5, 7, 10, 12, 13, 14|
Root to change : 14 with colors |2, 3, 4, 5, 7, 9, 11, 12, 15|
Root to change : 6 with colors |1, 2, 4, 5, 7, 8, 11, 12, 15|
++++++++++++++++++++++
Trying improving 0, 14, 6, 15 with subs:
Root to change : 0 with colors |1, 3, 5, 9, 10, 12, 13, 14|
Root to change : 14 with colors |2, 3, 4, 5, 7, 9, 11, 12, 15|
Root to change : 6 with colors |3, 4, 5, 8, 9, 10, 11, 12, 15|
++++++++++++++++++++++
Trying improving 0, 15, 2, 9 with subs:
Root to change : 15 with colors |2, 3, 5, 7, 9, 12, 14|
Root to change : 2 with colors |3, 4, 5, 6, 9, 10, 13, 14, 15|
Root to change : 9 with colors |1, 2, 4, 5, 6, 7, 11|
++++++++++++++++++++++
Trying improving 0, 15, 2, 14 with subs:
Root to change : 15 with colors |2, 3, 4, 5, 7, 9, 11, 12, 14|
Root to change : 2 with colors |1, 3, 5, 7, 9, 10, 12, 13, 14|
Root to change : 14 with colors |1, 2, 4, 5, 6, 7, 11|
++++++++++++++++++++++
Trying improving 1, 2, 6, 9 with subs:
Root to change : 6 with colors |2, 3, 5, 9, 10, 13, 14|
Root to change : 9 with colors |1, 2, 4, 5, 6, 8, 11, 15|
++++++++++++++++++++++
Trying improving 1, 2, 6, 10 with subs:
Root to change : 6 with colors |1, 3, 5, 9, 10, 12, 13, 14|
Root to change : 10 with colors |1, 2, 4, 5, 6, 8, 11, 15|
++++++++++++++++++++++
Trying improving 1, 2, 9, 15 with subs:
Root to change : 9 with colors |4, 5, 6, 8, 11, 12, 15|
Root to change : 15 with colors |2, 3, 5, 9, 10, 13, 14|
++++++++++++++++++++++
Trying improving 1, 2, 10, 15 with subs:
Root to change : 2 with colors |1, 5, 7, 8, 10, 11, 12, 14|
Root to change : 10 with colors |4, 5, 6, 8, 11, 12, 15|
Root to change : 15 with colors |1, 3, 5, 9, 10, 12, 13, 14|
++++++++++++++++++++++
Trying improving 1, 6, 0, 9 with subs:
Root to change : 1 with colors |4, 5, 6, 8, 9, 10, 11, 15|
Root to change : 6 with colors |1, 2, 5, 7, 10, 12, 13, 14|
Root to change : 9 with colors |2, 4, 5, 7, 11, 12, 15|
++++++++++++++++++++++
Trying improving 1, 6, 0, 14 with subs:
Root to change : 6 with colors |1, 2, 5, 7, 8, 10, 11, 12, 13, 14|
Root to change : 0 with colors |1, 2, 3, 5, 7, 10, 12, 13, 14|
Root to change : 14 with colors |2, 4, 5, 7, 11, 12, 15|
++++++++++++++++++++++
Trying improving 1, 6, 2, 9 with subs:
Root to change : 6 with colors |1, 2, 5, 7, 10, 12, 13, 14|
Root to change : 9 with colors |1, 2, 4, 5, 6, 7, 11, 13, 14|
++++++++++++++++++++++
Trying improving 1, 6, 5, 9 with subs:
Root to change : 1 with colors |4, 5, 6, 8, 9, 10, 11, 15|
Root to change : 6 with colors |1, 2, 5, 7, 10, 12, 13, 14|
Root to change : 9 with colors |1, 2, 5, 6, 10, 11, 12, 14, 15|
++++++++++++++++++++++
Trying improving 1, 6, 6, 9 with subs:
Root to change : 1 with colors |4, 5, 6, 8, 9, 10, 11, 15|
Root to change : 9 with colors |1, 2, 4, 5, 6, 8, 11, 15|
++++++++++++++++++++++
Trying improving 1, 6, 6, 10 with subs:
Root to change : 1 with colors |4, 5, 6, 8, 9, 10, 11, 15|
Root to change : 10 with colors |1, 2, 4, 5, 6, 8, 11, 15|
++++++++++++++++++++++
Trying improving 1, 6, 9, 9 with subs:
Root to change : 1 with colors |4, 5, 6, 8, 9, 10, 11, 15|
Root to change : 6 with colors |1, 2, 5, 7, 10, 12, 13, 14|
++++++++++++++++++++++
Trying improving 1, 6, 9, 10 with subs:
Root to change : 1 with colors |4, 5, 6, 8, 9, 10, 11, 15|
Root to change : 6 with colors |1, 2, 5, 7, 10, 12, 13, 14|
++++++++++++++++++++++
Trying improving 1, 6, 9, 14 with subs:
Root to change : 6 with colors |1, 2, 5, 7, 10, 12, 13, 14|
Root to change : 9 with colors |1, 2, 5, 7, 10, 12, 13, 14|
++++++++++++++++++++++
Trying improving 1, 6, 9, 15 with subs:
Root to change : 1 with colors |4, 5, 6, 8, 9, 10, 11, 15|
Root to change : 9 with colors |4, 5, 6, 8, 11, 12, 15|
++++++++++++++++++++++
Trying improving 1, 6, 10, 15 with subs:
Root to change : 1 with colors |4, 5, 6, 8, 9, 10, 11, 15|
Root to change : 6 with colors |1, 5, 7, 8, 10, 11, 12, 14|
Root to change : 10 with colors |4, 5, 6, 8, 11, 12, 15|
++++++++++++++++++++++
Trying improving 1, 11, 0, 9 with subs:
Root to change : 1 with colors |4, 5, 6, 8, 11, 12, 15|
Root to change : 11 with colors |1, 2, 5, 7, 10, 12, 13, 14|
Root to change : 9 with colors |2, 3, 4, 5, 7, 11, 12, 14, 15|
++++++++++++++++++++++
Trying improving 1, 11, 2, 9 with subs:
Root to change : 11 with colors |1, 2, 5, 7, 10, 12, 13, 14|
Root to change : 9 with colors |1, 2, 4, 5, 6, 7, 11, 13, 14|
++++++++++++++++++++++
Trying improving 1, 11, 5, 9 with subs:
Root to change : 1 with colors |4, 5, 6, 8, 11, 12, 15|
Root to change : 11 with colors |1, 2, 5, 7, 10, 12, 13, 14|
Root to change : 9 with colors |1, 2, 5, 6, 10, 11, 12, 14, 15|
++++++++++++++++++++++
Trying improving 1, 11, 6, 9 with subs:
Root to change : 1 with colors |4, 5, 6, 8, 11, 12, 15|
Root to change : 9 with colors |1, 2, 4, 5, 6, 8, 11, 15|
++++++++++++++++++++++
Trying improving 1, 11, 6, 10 with subs:
Root to change : 1 with colors |4, 5, 6, 8, 11, 12, 15|
Root to change : 6 with colors |1, 3, 5, 8, 10, 12, 14, 15|
Root to change : 10 with colors |1, 2, 4, 5, 6, 8, 11, 15|
++++++++++++++++++++++
Trying improving 1, 11, 9, 9 with subs:
Root to change : 1 with colors |4, 5, 6, 8, 11, 12, 15|
Root to change : 11 with colors |1, 2, 5, 7, 10, 12, 13, 14|
++++++++++++++++++++++
Trying improving 1, 11, 9, 10 with subs:
Root to change : 1 with colors |4, 5, 6, 8, 11, 12, 15|
Root to change : 11 with colors |1, 2, 5, 7, 10, 12, 13, 14|
Root to change : 9 with colors |1, 3, 5, 8, 10, 12, 14, 15|
++++++++++++++++++++++
Trying improving 1, 11, 9, 14 with subs:
Root to change : 11 with colors |1, 2, 5, 7, 10, 12, 13, 14|
Root to change : 9 with colors |1, 2, 3, 5, 7, 10, 12, 13, 14|
++++++++++++++++++++++
Trying improving 1, 11, 9, 15 with subs:
Root to change : 1 with colors |4, 5, 6, 8, 11, 12, 15|
Root to change : 9 with colors |3, 4, 5, 6, 8, 10, 11, 12, 15|
++++++++++++++++++++++
Trying improving 2, 2, 6, 9 with subs:
Root to change : 6 with colors |2, 3, 5, 9, 10, 13, 14|
Root to change : 9 with colors |1, 2, 4, 5, 6, 8, 11, 15|
++++++++++++++++++++++
Trying improving 2, 2, 6, 10 with subs:
Root to change : 6 with colors |1, 3, 5, 9, 10, 12, 13, 14|
Root to change : 10 with colors |1, 2, 4, 5, 6, 8, 11, 15|
++++++++++++++++++++++
Trying improving 2, 2, 9, 15 with subs:
Root to change : 9 with colors |4, 5, 6, 8, 11, 12, 15|
Root to change : 15 with colors |2, 3, 5, 9, 10, 13, 14|
++++++++++++++++++++++
Trying improving 2, 2, 10, 15 with subs:
Root to change : 10 with colors |4, 5, 6, 8, 11, 12, 15|
Root to change : 15 with colors |1, 3, 5, 9, 10, 12, 13, 14|
++++++++++++++++++++++
Trying improving 2, 5, 6, 9 with subs:
Root to change : 2 with colors |1, 5, 6, 9, 10, 11, 12, 14, 15|
Root to change : 6 with colors |2, 3, 5, 9, 10, 13, 14|
Root to change : 9 with colors |1, 2, 4, 5, 6, 8, 11, 15|
++++++++++++++++++++++
Trying improving 2, 5, 6, 10 with subs:
Root to change : 2 with colors |1, 5, 6, 9, 10, 11, 12, 14, 15|
Root to change : 6 with colors |1, 3, 5, 9, 10, 12, 13, 14|
Root to change : 10 with colors |1, 2, 4, 5, 6, 8, 11, 15|
++++++++++++++++++++++
Trying improving 2, 5, 9, 15 with subs:
Root to change : 2 with colors |1, 5, 6, 9, 10, 11, 12, 14, 15|
Root to change : 9 with colors |4, 5, 6, 8, 11, 12, 15|
Root to change : 15 with colors |2, 3, 5, 9, 10, 13, 14|
++++++++++++++++++++++
Trying improving 2, 5, 10, 15 with subs:
Root to change : 2 with colors |1, 5, 6, 9, 10, 11, 12, 14, 15|
Root to change : 10 with colors |4, 5, 6, 8, 11, 12, 15|
Root to change : 15 with colors |1, 3, 5, 9, 10, 12, 13, 14|
++++++++++++++++++++++
Trying improving 2, 6, 0, 9 with subs:
Root to change : 2 with colors |4, 5, 6, 8, 9, 10, 11, 15|
Root to change : 6 with colors |1, 2, 5, 7, 9, 13, 14|
Root to change : 9 with colors |2, 4, 5, 7, 11, 12, 15|
++++++++++++++++++++++
Trying improving 2, 6, 0, 14 with subs:
Root to change : 6 with colors |1, 2, 4, 5, 7, 9, 11, 13, 14|
Root to change : 0 with colors |1, 2, 5, 7, 10, 12, 13, 14|
Root to change : 14 with colors |2, 4, 5, 7, 11, 12, 15|
++++++++++++++++++++++
Trying improving 2, 6, 2, 9 with subs:
Root to change : 6 with colors |1, 2, 5, 7, 9, 13, 14|
Root to change : 9 with colors |1, 2, 4, 5, 6, 7, 11, 13, 14|
++++++++++++++++++++++
Trying improving 2, 6, 5, 9 with subs:
Root to change : 2 with colors |4, 5, 6, 8, 9, 10, 11, 15|
Root to change : 6 with colors |1, 2, 5, 7, 9, 13, 14|
Root to change : 9 with colors |1, 2, 5, 6, 10, 11, 12, 14, 15|
++++++++++++++++++++++
Trying improving 2, 6, 6, 9 with subs:
Root to change : 2 with colors |4, 5, 6, 8, 9, 10, 11, 15|
Root to change : 9 with colors |1, 2, 4, 5, 6, 8, 11, 15|
++++++++++++++++++++++
Trying improving 2, 6, 6, 10 with subs:
Root to change : 2 with colors |4, 5, 6, 8, 9, 10, 11, 15|
Root to change : 10 with colors |1, 2, 4, 5, 6, 8, 11, 15|
++++++++++++++++++++++
Trying improving 2, 6, 9, 9 with subs:
Root to change : 2 with colors |4, 5, 6, 8, 9, 10, 11, 15|
Root to change : 6 with colors |1, 2, 5, 7, 9, 13, 14|
++++++++++++++++++++++
Trying improving 2, 6, 9, 10 with subs:
Root to change : 2 with colors |4, 5, 6, 8, 9, 10, 11, 15|
Root to change : 6 with colors |1, 2, 5, 7, 9, 13, 14|
++++++++++++++++++++++
Trying improving 2, 6, 9, 14 with subs:
Root to change : 6 with colors |1, 2, 5, 7, 9, 13, 14|
Root to change : 9 with colors |1, 2, 5, 7, 10, 12, 13, 14|
++++++++++++++++++++++
Trying improving 2, 6, 9, 15 with subs:
Root to change : 2 with colors |4, 5, 6, 8, 9, 10, 11, 15|
Root to change : 9 with colors |4, 5, 6, 8, 11, 12, 15|
++++++++++++++++++++++
Trying improving 2, 6, 10, 15 with subs:
Root to change : 2 with colors |4, 5, 6, 8, 9, 10, 11, 15|
Root to change : 10 with colors |4, 5, 6, 8, 11, 12, 15|
++++++++++++++++++++++
Trying improving 2, 9, 0, 11 with subs:
Root to change : 2 with colors |3, 4, 5, 6, 9, 10, 15|
Root to change : 9 with colors |1, 2, 4, 5, 6, 7, 11, 13, 14|
Root to change : 11 with colors |2, 3, 5, 7, 9, 12, 14|
++++++++++++++++++++++
Trying improving 2, 9, 0, 15 with subs:
Root to change : 2 with colors |3, 4, 5, 6, 9, 10, 13, 14, 15|
Root to change : 9 with colors |1, 2, 4, 5, 6, 7, 11|
Root to change : 15 with colors |2, 3, 5, 7, 9, 12, 14|
++++++++++++++++++++++
Trying improving 2, 9, 1, 6 with subs:
Root to change : 9 with colors |1, 2, 4, 5, 6, 7, 11, 13, 14|
Root to change : 6 with colors |1, 2, 5, 7, 10, 12, 13, 14|
++++++++++++++++++++++
Trying improving 2, 9, 1, 11 with subs:
Root to change : 9 with colors |1, 2, 4, 5, 6, 7, 11, 13, 14|
Root to change : 11 with colors |1, 2, 5, 7, 10, 12, 13, 14|
++++++++++++++++++++++
Trying improving 2, 9, 2, 6 with subs:
Root to change : 9 with colors |1, 2, 4, 5, 6, 7, 11, 13, 14|
Root to change : 6 with colors |1, 2, 5, 7, 9, 13, 14|
++++++++++++++++++++++
Trying improving 2, 9, 2, 11 with subs:
Root to change : 9 with colors |1, 2, 4, 5, 6, 7, 11, 13, 14|
Root to change : 11 with colors |1, 2, 5, 7, 9, 13, 14|
++++++++++++++++++++++
Trying improving 2, 9, 5, 6 with subs:
Root to change : 2 with colors |3, 4, 5, 6, 9, 10, 13, 14, 15|
Root to change : 9 with colors |1, 2, 4, 5, 6, 7, 11, 13, 14|
Root to change : 6 with colors |1, 2, 5, 9, 10, 12, 14|
++++++++++++++++++++++
Trying improving 2, 9, 5, 11 with subs:
Root to change : 2 with colors |3, 4, 5, 6, 9, 10, 15|
Root to change : 9 with colors |1, 2, 4, 5, 6, 7, 11, 13, 14|
Root to change : 11 with colors |1, 2, 5, 9, 10, 12, 14|
++++++++++++++++++++++
Trying improving 2, 9, 5, 15 with subs:
Root to change : 2 with colors |3, 4, 5, 6, 9, 10, 13, 14, 15|
Root to change : 9 with colors |1, 2, 4, 5, 6, 7, 11|
Root to change : 15 with colors |1, 2, 5, 9, 10, 12, 14|
++++++++++++++++++++++
Trying improving 2, 9, 6, 6 with subs:
Root to change : 2 with colors |3, 4, 5, 6, 9, 10, 13, 14, 15|
Root to change : 9 with colors |1, 2, 4, 5, 6, 7, 11, 13, 14|
++++++++++++++++++++++
Trying improving 2, 9, 6, 9 with subs:
Root to change : 2 with colors |3, 4, 5, 6, 9, 10, 13, 14, 15|
Root to change : 6 with colors |2, 3, 5, 9, 10, 13, 14|
++++++++++++++++++++++
Trying improving 2, 9, 6, 10 with subs:
Root to change : 2 with colors |3, 4, 5, 6, 9, 10, 13, 14, 15|
Root to change : 6 with colors |1, 3, 5, 9, 10, 12, 13, 14|
++++++++++++++++++++++
Trying improving 2, 9, 6, 11 with subs:
Root to change : 2 with colors |3, 4, 5, 6, 9, 10, 15|
Root to change : 9 with colors |1, 2, 4, 5, 6, 7, 11, 13, 14|
++++++++++++++++++++++
Trying improving 2, 9, 6, 15 with subs:
Root to change : 2 with colors |3, 4, 5, 6, 9, 10, 13, 14, 15|
Root to change : 9 with colors |1, 2, 4, 5, 6, 7, 11|
++++++++++++++++++++++
Trying improving 2, 9, 9, 15 with subs:
Root to change : 2 with colors |3, 4, 5, 6, 9, 10, 13, 14, 15|
Root to change : 15 with colors |2, 3, 5, 9, 10, 13, 14|
++++++++++++++++++++++
Trying improving 2, 9, 10, 15 with subs:
Root to change : 2 with colors |3, 4, 5, 6, 9, 10, 13, 14, 15|
Root to change : 15 with colors |1, 3, 5, 9, 10, 12, 13, 14|
++++++++++++++++++++++
Trying improving 2, 9, 11, 11 with subs:
Root to change : 2 with colors |3, 4, 5, 6, 9, 10, 15|
Root to change : 9 with colors |1, 2, 4, 5, 6, 7, 11, 13, 14|
++++++++++++++++++++++
Trying improving 2, 9, 11, 12 with subs:
Root to change : 2 with colors |3, 4, 5, 6, 9, 10, 15|
Root to change : 9 with colors |1, 2, 4, 5, 6, 7, 11, 13, 14|
Root to change : 11 with colors |1, 3, 5, 7, 10, 12, 14|
++++++++++++++++++++++
Trying improving 2, 9, 11, 15 with subs:
Root to change : 2 with colors |3, 4, 5, 6, 9, 10, 15|
Root to change : 9 with colors |1, 2, 4, 5, 6, 7, 11|
++++++++++++++++++++++
Trying improving 2, 9, 12, 15 with subs:
Root to change : 2 with colors |3, 4, 5, 6, 9, 10, 13, 14, 15|
Root to change : 9 with colors |1, 2, 4, 5, 6, 7, 11|
Root to change : 15 with colors |1, 3, 5, 7, 10, 12, 14|
++++++++++++++++++++++
Trying improving 2, 9, 15, 15 with subs:
Root to change : 2 with colors |3, 4, 5, 6, 9, 10, 13, 14, 15|
Root to change : 9 with colors |1, 2, 4, 5, 6, 7, 11|
++++++++++++++++++++++
Trying improving 2, 11, 0, 9 with subs:
Root to change : 2 with colors |4, 5, 6, 8, 11, 12, 15|
Root to change : 11 with colors |1, 2, 5, 7, 9, 13, 14|
Root to change : 9 with colors |2, 3, 4, 5, 7, 11, 12, 14, 15|
++++++++++++++++++++++
Trying improving 2, 11, 2, 9 with subs:
Root to change : 11 with colors |1, 2, 5, 7, 9, 13, 14|
Root to change : 9 with colors |1, 2, 4, 5, 6, 7, 11, 13, 14|
++++++++++++++++++++++
Trying improving 2, 11, 5, 9 with subs:
Root to change : 2 with colors |4, 5, 6, 8, 11, 12, 15|
Root to change : 11 with colors |1, 2, 5, 7, 9, 13, 14|
Root to change : 9 with colors |1, 2, 5, 6, 10, 11, 12, 14, 15|
++++++++++++++++++++++
Trying improving 2, 11, 6, 9 with subs:
Root to change : 2 with colors |4, 5, 6, 8, 11, 12, 15|
Root to change : 9 with colors |1, 2, 4, 5, 6, 8, 11, 15|
++++++++++++++++++++++
Trying improving 2, 11, 6, 10 with subs:
Root to change : 2 with colors |4, 5, 6, 8, 11, 12, 15|
Root to change : 10 with colors |1, 2, 4, 5, 6, 8, 11, 15|
++++++++++++++++++++++
Trying improving 2, 11, 9, 9 with subs:
Root to change : 2 with colors |4, 5, 6, 8, 11, 12, 15|
Root to change : 11 with colors |1, 2, 5, 7, 9, 13, 14|
++++++++++++++++++++++
Trying improving 2, 11, 9, 10 with subs:
Root to change : 2 with colors |4, 5, 6, 8, 11, 12, 15|
Root to change : 11 with colors |1, 2, 5, 7, 9, 13, 14|
++++++++++++++++++++++
Trying improving 2, 11, 9, 14 with subs:
Root to change : 11 with colors |1, 2, 5, 7, 9, 13, 14|
Root to change : 9 with colors |1, 2, 3, 5, 7, 10, 12, 13, 14|
++++++++++++++++++++++
Trying improving 2, 11, 9, 15 with subs:
Root to change : 2 with colors |4, 5, 6, 8, 11, 12, 15|
Root to change : 9 with colors |4, 5, 6, 8, 11, 12, 15|
++++++++++++++++++++++
Trying improving 2, 11, 10, 15 with subs:
Root to change : 2 with colors |1, 4, 5, 6, 7, 8, 11, 12, 15|
Root to change : 10 with colors |4, 5, 6, 8, 11, 12, 15|
++++++++++++++++++++++
Trying improving 2, 14, 0, 15 with subs:
Root to change : 2 with colors |1, 3, 5, 7, 9, 10, 12, 13, 14|
Root to change : 14 with colors |1, 2, 4, 5, 6, 7, 11|
Root to change : 15 with colors |2, 3, 4, 5, 7, 9, 11, 12, 14|
++++++++++++++++++++++
Trying improving 2, 14, 5, 15 with subs:
Root to change : 2 with colors |1, 3, 5, 7, 9, 10, 12, 13, 14|
Root to change : 14 with colors |1, 2, 4, 5, 6, 7, 11|
Root to change : 15 with colors |1, 2, 5, 6, 9, 10, 11, 12, 14|
++++++++++++++++++++++
Trying improving 2, 14, 6, 9 with subs:
Root to change : 2 with colors |1, 3, 5, 9, 10, 12, 13, 14|
Root to change : 6 with colors |2, 3, 5, 9, 10, 13, 14|
++++++++++++++++++++++
Trying improving 2, 14, 6, 10 with subs:
Root to change : 2 with colors |1, 3, 5, 9, 10, 12, 13, 14|
Root to change : 6 with colors |1, 3, 5, 9, 10, 12, 13, 14|
++++++++++++++++++++++
Trying improving 2, 14, 6, 15 with subs:
Root to change : 2 with colors |1, 3, 5, 9, 10, 12, 13, 14|
Root to change : 14 with colors |1, 2, 4, 5, 6, 7, 11|
++++++++++++++++++++++
Trying improving 2, 14, 9, 15 with subs:
Root to change : 2 with colors |1, 3, 5, 7, 9, 10, 12, 13, 14|
Root to change : 15 with colors |2, 3, 5, 9, 10, 13, 14|
++++++++++++++++++++++
Trying improving 2, 14, 10, 15 with subs:
Root to change : 2 with colors |1, 3, 5, 7, 9, 10, 12, 13, 14|
Root to change : 15 with colors |1, 3, 5, 9, 10, 12, 13, 14|
++++++++++++++++++++++
Trying improving 2, 14, 11, 15 with subs:
Root to change : 2 with colors |1, 3, 5, 7, 10, 12, 14|
Root to change : 14 with colors |1, 2, 4, 5, 6, 7, 11|
Root to change : 15 with colors |1, 2, 4, 5, 6, 7, 8, 11, 12|
++++++++++++++++++++++
Trying improving 2, 14, 12, 15 with subs:
Root to change : 2 with colors |1, 3, 5, 7, 9, 10, 12, 13, 14|
Root to change : 14 with colors |1, 2, 4, 5, 6, 7, 11|
Root to change : 15 with colors |1, 3, 5, 7, 8, 10, 11, 12, 14|
++++++++++++++++++++++
Trying improving 2, 14, 15, 15 with subs:
Root to change : 2 with colors |1, 3, 5, 7, 9, 10, 12, 13, 14|
Root to change : 14 with colors |1, 2, 4, 5, 6, 7, 11|
++++++++++++++++++++++
Trying improving 5, 6, 0, 14 with subs:
Root to change : 6 with colors |1, 2, 5, 9, 10, 11, 12, 14, 15|
Root to change : 0 with colors |1, 2, 3, 5, 7, 9, 10, 12, 13, 14|
Root to change : 14 with colors |2, 3, 4, 5, 7, 9, 11, 12, 15|
++++++++++++++++++++++
Trying improving 5, 6, 2, 9 with subs:
Root to change : 6 with colors |1, 2, 5, 9, 10, 12, 14|
Root to change : 2 with colors |3, 4, 5, 6, 9, 10, 13, 14, 15|
Root to change : 9 with colors |1, 2, 4, 5, 6, 7, 11, 13, 14|
++++++++++++++++++++++
Trying improving 5, 9, 1, 6 with subs:
Root to change : 9 with colors |1, 2, 5, 6, 10, 11, 12, 14, 15|
Root to change : 1 with colors |4, 5, 6, 8, 9, 10, 11, 15|
Root to change : 6 with colors |1, 2, 5, 7, 10, 12, 13, 14|
++++++++++++++++++++++
Trying improving 5, 9, 1, 11 with subs:
Root to change : 9 with colors |1, 2, 5, 6, 10, 11, 12, 14, 15|
Root to change : 1 with colors |4, 5, 6, 8, 11, 12, 15|
Root to change : 11 with colors |1, 2, 5, 7, 10, 12, 13, 14|
++++++++++++++++++++++
Trying improving 5, 9, 2, 6 with subs:
Root to change : 9 with colors |1, 2, 5, 6, 10, 11, 12, 14, 15|
Root to change : 2 with colors |4, 5, 6, 8, 9, 10, 11, 15|
Root to change : 6 with colors |1, 2, 5, 7, 9, 13, 14|
++++++++++++++++++++++
Trying improving 5, 9, 2, 11 with subs:
Root to change : 9 with colors |1, 2, 5, 6, 10, 11, 12, 14, 15|
Root to change : 2 with colors |4, 5, 6, 8, 11, 12, 15|
Root to change : 11 with colors |1, 2, 5, 7, 9, 13, 14|
++++++++++++++++++++++
Trying improving 5, 11, 2, 9 with subs:
Root to change : 11 with colors |1, 2, 5, 9, 10, 12, 14|
Root to change : 2 with colors |3, 4, 5, 6, 9, 10, 15|
Root to change : 9 with colors |1, 2, 4, 5, 6, 7, 11, 13, 14|
++++++++++++++++++++++
Trying improving 5, 11, 9, 14 with subs:
Root to change : 11 with colors |1, 2, 5, 6, 9, 10, 12, 14, 15|
Root to change : 9 with colors |1, 2, 3, 5, 7, 10, 12, 13, 14|
Root to change : 14 with colors |3, 4, 5, 6, 9, 10, 15|
++++++++++++++++++++++
Trying improving 5, 15, 2, 9 with subs:
Root to change : 15 with colors |1, 2, 5, 9, 10, 12, 14|
Root to change : 2 with colors |3, 4, 5, 6, 9, 10, 13, 14, 15|
Root to change : 9 with colors |1, 2, 4, 5, 6, 7, 11|
++++++++++++++++++++++
Trying improving 5, 15, 2, 14 with subs:
Root to change : 15 with colors |1, 2, 5, 6, 9, 10, 11, 12, 14|
Root to change : 2 with colors |1, 3, 5, 7, 9, 10, 12, 13, 14|
Root to change : 14 with colors |1, 2, 4, 5, 6, 7, 11|
++++++++++++++++++++++
Trying improving 6, 6, 0, 14 with subs:
Root to change : 0 with colors |1, 2, 3, 5, 7, 9, 10, 12, 13, 14|
Root to change : 14 with colors |2, 3, 4, 5, 7, 9, 11, 12, 15|
++++++++++++++++++++++
Trying improving 6, 6, 2, 9 with subs:
Root to change : 2 with colors |3, 4, 5, 6, 9, 10, 13, 14, 15|
Root to change : 9 with colors |1, 2, 4, 5, 6, 7, 11, 13, 14|
++++++++++++++++++++++
Trying improving 6, 9, 0, 2 with subs:
Root to change : 6 with colors |2, 3, 5, 9, 10, 13, 14|
Root to change : 9 with colors |1, 2, 4, 5, 6, 8, 11, 15|
Root to change : 2 with colors |3, 4, 5, 9, 11, 12, 15|
++++++++++++++++++++++
Trying improving 6, 9, 0, 14 with subs:
Root to change : 6 with colors |2, 3, 4, 5, 9, 10, 13, 14, 15|
Root to change : 0 with colors |1, 3, 5, 9, 10, 12, 13, 14|
Root to change : 14 with colors |3, 4, 5, 9, 11, 12, 15|
++++++++++++++++++++++
Trying improving 6, 9, 1, 2 with subs:
Root to change : 6 with colors |2, 3, 5, 9, 10, 13, 14|
Root to change : 9 with colors |1, 2, 4, 5, 6, 8, 11, 15|
++++++++++++++++++++++
Trying improving 6, 9, 1, 6 with subs:
Root to change : 9 with colors |1, 2, 4, 5, 6, 8, 11, 15|
Root to change : 1 with colors |4, 5, 6, 8, 9, 10, 11, 15|
++++++++++++++++++++++
Trying improving 6, 9, 1, 11 with subs:
Root to change : 9 with colors |1, 2, 4, 5, 6, 8, 11, 15|
Root to change : 1 with colors |4, 5, 6, 8, 11, 12, 15|
++++++++++++++++++++++
Trying improving 6, 9, 2, 2 with subs:
Root to change : 6 with colors |2, 3, 5, 9, 10, 13, 14|
Root to change : 9 with colors |1, 2, 4, 5, 6, 8, 11, 15|
++++++++++++++++++++++
Trying improving 6, 9, 2, 5 with subs:
Root to change : 6 with colors |2, 3, 5, 9, 10, 13, 14|
Root to change : 9 with colors |1, 2, 4, 5, 6, 8, 11, 15|
Root to change : 2 with colors |1, 5, 6, 9, 10, 11, 12, 14, 15|
++++++++++++++++++++++
Trying improving 6, 9, 2, 6 with subs:
Root to change : 9 with colors |1, 2, 4, 5, 6, 8, 11, 15|
Root to change : 2 with colors |4, 5, 6, 8, 9, 10, 11, 15|
++++++++++++++++++++++
Trying improving 6, 9, 2, 9 with subs:
Root to change : 6 with colors |2, 3, 5, 9, 10, 13, 14|
Root to change : 2 with colors |3, 4, 5, 6, 9, 10, 13, 14, 15|
++++++++++++++++++++++
Trying improving 6, 9, 2, 11 with subs:
Root to change : 9 with colors |1, 2, 4, 5, 6, 8, 11, 15|
Root to change : 2 with colors |4, 5, 6, 8, 11, 12, 15|
++++++++++++++++++++++
Trying improving 6, 9, 2, 14 with subs:
Root to change : 6 with colors |2, 3, 5, 9, 10, 13, 14|
Root to change : 2 with colors |1, 3, 5, 9, 10, 12, 13, 14|
++++++++++++++++++++++
Trying improving 6, 10, 0, 2 with subs:
Root to change : 6 with colors |1, 3, 5, 9, 10, 12, 13, 14|
Root to change : 10 with colors |1, 2, 4, 5, 6, 8, 11, 15|
Root to change : 2 with colors |3, 4, 5, 9, 11, 12, 15|
++++++++++++++++++++++
Trying improving 6, 10, 0, 14 with subs:
Root to change : 6 with colors |1, 3, 5, 8, 9, 10, 12, 13, 14, 15|
Root to change : 0 with colors |1, 3, 5, 7, 9, 10, 12, 13, 14|
Root to change : 14 with colors |3, 4, 5, 9, 11, 12, 15|
++++++++++++++++++++++
Trying improving 6, 10, 1, 2 with subs:
Root to change : 6 with colors |1, 3, 5, 9, 10, 12, 13, 14|
Root to change : 10 with colors |1, 2, 4, 5, 6, 8, 11, 15|
++++++++++++++++++++++
Trying improving 6, 10, 1, 6 with subs:
Root to change : 10 with colors |1, 2, 4, 5, 6, 8, 11, 15|
Root to change : 1 with colors |4, 5, 6, 8, 9, 10, 11, 15|
++++++++++++++++++++++
Trying improving 6, 10, 1, 11 with subs:
Root to change : 6 with colors |1, 3, 5, 8, 10, 12, 14, 15|
Root to change : 10 with colors |1, 2, 4, 5, 6, 8, 11, 15|
Root to change : 1 with colors |4, 5, 6, 8, 11, 12, 15|
++++++++++++++++++++++
Trying improving 6, 10, 2, 2 with subs:
Root to change : 6 with colors |1, 3, 5, 9, 10, 12, 13, 14|
Root to change : 10 with colors |1, 2, 4, 5, 6, 8, 11, 15|
++++++++++++++++++++++
Trying improving 6, 10, 2, 5 with subs:
Root to change : 6 with colors |1, 3, 5, 9, 10, 12, 13, 14|
Root to change : 10 with colors |1, 2, 4, 5, 6, 8, 11, 15|
Root to change : 2 with colors |1, 5, 6, 9, 10, 11, 12, 14, 15|
++++++++++++++++++++++
Trying improving 6, 10, 2, 6 with subs:
Root to change : 10 with colors |1, 2, 4, 5, 6, 8, 11, 15|
Root to change : 2 with colors |4, 5, 6, 8, 9, 10, 11, 15|
++++++++++++++++++++++
Trying improving 6, 10, 2, 9 with subs:
Root to change : 6 with colors |1, 3, 5, 9, 10, 12, 13, 14|
Root to change : 2 with colors |3, 4, 5, 6, 9, 10, 13, 14, 15|
++++++++++++++++++++++
Trying improving 6, 10, 2, 11 with subs:
Root to change : 10 with colors |1, 2, 4, 5, 6, 8, 11, 15|
Root to change : 2 with colors |4, 5, 6, 8, 11, 12, 15|
++++++++++++++++++++++
Trying improving 6, 10, 2, 14 with subs:
Root to change : 6 with colors |1, 3, 5, 9, 10, 12, 13, 14|
Root to change : 2 with colors |1, 3, 5, 9, 10, 12, 13, 14|
++++++++++++++++++++++
Trying improving 6, 11, 0, 14 with subs:
Root to change : 6 with colors |1, 2, 4, 5, 7, 8, 11, 12, 15|
Root to change : 0 with colors |1, 2, 5, 7, 10, 12, 13, 14|
Root to change : 14 with colors |2, 3, 4, 5, 7, 9, 11, 12, 15|
++++++++++++++++++++++
Trying improving 6, 11, 2, 9 with subs:
Root to change : 2 with colors |3, 4, 5, 6, 9, 10, 15|
Root to change : 9 with colors |1, 2, 4, 5, 6, 7, 11, 13, 14|
++++++++++++++++++++++
Trying improving 6, 11, 9, 14 with subs:
Root to change : 9 with colors |1, 2, 5, 7, 10, 12, 13, 14|
Root to change : 14 with colors |3, 4, 5, 6, 9, 10, 15|
++++++++++++++++++++++
Trying improving 6, 15, 0, 14 with subs:
Root to change : 6 with colors |3, 4, 5, 8, 9, 10, 11, 12, 15|
Root to change : 0 with colors |1, 3, 5, 9, 10, 12, 13, 14|
Root to change : 14 with colors |2, 3, 4, 5, 7, 9, 11, 12, 15|
++++++++++++++++++++++
Trying improving 6, 15, 2, 9 with subs:
Root to change : 2 with colors |3, 4, 5, 6, 9, 10, 13, 14, 15|
Root to change : 9 with colors |1, 2, 4, 5, 6, 7, 11|
++++++++++++++++++++++
Trying improving 6, 15, 2, 14 with subs:
Root to change : 2 with colors |1, 3, 5, 9, 10, 12, 13, 14|
Root to change : 14 with colors |1, 2, 4, 5, 6, 7, 11|
++++++++++++++++++++++
Trying improving 9, 9, 1, 6 with subs:
Root to change : 1 with colors |4, 5, 6, 8, 9, 10, 11, 15|
Root to change : 6 with colors |1, 2, 5, 7, 10, 12, 13, 14|
++++++++++++++++++++++
Trying improving 9, 9, 1, 11 with subs:
Root to change : 1 with colors |4, 5, 6, 8, 11, 12, 15|
Root to change : 11 with colors |1, 2, 5, 7, 10, 12, 13, 14|
++++++++++++++++++++++
Trying improving 9, 9, 2, 6 with subs:
Root to change : 2 with colors |4, 5, 6, 8, 9, 10, 11, 15|
Root to change : 6 with colors |1, 2, 5, 7, 9, 13, 14|
++++++++++++++++++++++
Trying improving 9, 9, 2, 11 with subs:
Root to change : 2 with colors |4, 5, 6, 8, 11, 12, 15|
Root to change : 11 with colors |1, 2, 5, 7, 9, 13, 14|
++++++++++++++++++++++
Trying improving 9, 10, 1, 6 with subs:
Root to change : 1 with colors |4, 5, 6, 8, 9, 10, 11, 15|
Root to change : 6 with colors |1, 2, 5, 7, 10, 12, 13, 14|
++++++++++++++++++++++
Trying improving 9, 10, 1, 11 with subs:
Root to change : 9 with colors |1, 3, 5, 8, 10, 12, 14, 15|
Root to change : 1 with colors |4, 5, 6, 8, 11, 12, 15|
Root to change : 11 with colors |1, 2, 5, 7, 10, 12, 13, 14|
++++++++++++++++++++++
Trying improving 9, 10, 2, 6 with subs:
Root to change : 2 with colors |4, 5, 6, 8, 9, 10, 11, 15|
Root to change : 6 with colors |1, 2, 5, 7, 9, 13, 14|
++++++++++++++++++++++
Trying improving 9, 10, 2, 11 with subs:
Root to change : 2 with colors |4, 5, 6, 8, 11, 12, 15|
Root to change : 11 with colors |1, 2, 5, 7, 9, 13, 14|
++++++++++++++++++++++
Trying improving 9, 14, 0, 11 with subs:
Root to change : 9 with colors |1, 2, 3, 5, 7, 10, 12, 13, 14|
Root to change : 14 with colors |3, 4, 5, 6, 9, 10, 15|
Root to change : 11 with colors |2, 3, 4, 5, 7, 9, 12, 14, 15|
++++++++++++++++++++++
Trying improving 9, 14, 1, 6 with subs:
Root to change : 9 with colors |1, 2, 5, 7, 10, 12, 13, 14|
Root to change : 6 with colors |1, 2, 5, 7, 10, 12, 13, 14|
++++++++++++++++++++++
Trying improving 9, 14, 1, 11 with subs:
Root to change : 9 with colors |1, 2, 3, 5, 7, 10, 12, 13, 14|
Root to change : 11 with colors |1, 2, 5, 7, 10, 12, 13, 14|
++++++++++++++++++++++
Trying improving 9, 14, 2, 6 with subs:
Root to change : 9 with colors |1, 2, 5, 7, 10, 12, 13, 14|
Root to change : 6 with colors |1, 2, 5, 7, 9, 13, 14|
++++++++++++++++++++++
Trying improving 9, 14, 2, 11 with subs:
Root to change : 9 with colors |1, 2, 3, 5, 7, 10, 12, 13, 14|
Root to change : 11 with colors |1, 2, 5, 7, 9, 13, 14|
++++++++++++++++++++++
Trying improving 9, 14, 5, 11 with subs:
Root to change : 9 with colors |1, 2, 3, 5, 7, 10, 12, 13, 14|
Root to change : 14 with colors |3, 4, 5, 6, 9, 10, 15|
Root to change : 11 with colors |1, 2, 5, 6, 9, 10, 12, 14, 15|
++++++++++++++++++++++
Trying improving 9, 14, 6, 11 with subs:
Root to change : 9 with colors |1, 2, 5, 7, 10, 12, 13, 14|
Root to change : 14 with colors |3, 4, 5, 6, 9, 10, 15|
++++++++++++++++++++++
Trying improving 9, 14, 11, 11 with subs:
Root to change : 9 with colors |1, 2, 3, 5, 7, 10, 12, 13, 14|
Root to change : 14 with colors |3, 4, 5, 6, 9, 10, 15|
++++++++++++++++++++++
Trying improving 9, 14, 11, 12 with subs:
Root to change : 9 with colors |1, 2, 3, 5, 7, 10, 12, 13, 14|
Root to change : 14 with colors |3, 4, 5, 6, 9, 10, 15|
Root to change : 11 with colors |1, 3, 5, 7, 8, 10, 12, 14, 15|
++++++++++++++++++++++
Trying improving 9, 14, 11, 15 with subs:
Root to change : 9 with colors |1, 3, 5, 7, 10, 12, 14|
Root to change : 14 with colors |3, 4, 5, 6, 9, 10, 15|
Root to change : 11 with colors |3, 4, 5, 6, 8, 9, 10, 12, 15|
++++++++++++++++++++++
Trying improving 9, 15, 0, 2 with subs:
Root to change : 9 with colors |4, 5, 6, 8, 11, 12, 15|
Root to change : 15 with colors |2, 3, 5, 9, 10, 13, 14|
Root to change : 2 with colors |3, 4, 5, 7, 9, 11, 12, 14, 15|
++++++++++++++++++++++
Trying improving 9, 15, 1, 2 with subs:
Root to change : 9 with colors |4, 5, 6, 8, 11, 12, 15|
Root to change : 15 with colors |2, 3, 5, 9, 10, 13, 14|
++++++++++++++++++++++
Trying improving 9, 15, 1, 6 with subs:
Root to change : 9 with colors |4, 5, 6, 8, 11, 12, 15|
Root to change : 1 with colors |4, 5, 6, 8, 9, 10, 11, 15|
++++++++++++++++++++++
Trying improving 9, 15, 1, 11 with subs:
Root to change : 9 with colors |3, 4, 5, 6, 8, 10, 11, 12, 15|
Root to change : 1 with colors |4, 5, 6, 8, 11, 12, 15|
++++++++++++++++++++++
Trying improving 9, 15, 2, 2 with subs:
Root to change : 9 with colors |4, 5, 6, 8, 11, 12, 15|
Root to change : 15 with colors |2, 3, 5, 9, 10, 13, 14|
++++++++++++++++++++++
Trying improving 9, 15, 2, 5 with subs:
Root to change : 9 with colors |4, 5, 6, 8, 11, 12, 15|
Root to change : 15 with colors |2, 3, 5, 9, 10, 13, 14|
Root to change : 2 with colors |1, 5, 6, 9, 10, 11, 12, 14, 15|
++++++++++++++++++++++
Trying improving 9, 15, 2, 6 with subs:
Root to change : 9 with colors |4, 5, 6, 8, 11, 12, 15|
Root to change : 2 with colors |4, 5, 6, 8, 9, 10, 11, 15|
++++++++++++++++++++++
Trying improving 9, 15, 2, 9 with subs:
Root to change : 15 with colors |2, 3, 5, 9, 10, 13, 14|
Root to change : 2 with colors |3, 4, 5, 6, 9, 10, 13, 14, 15|
++++++++++++++++++++++
Trying improving 9, 15, 2, 11 with subs:
Root to change : 9 with colors |4, 5, 6, 8, 11, 12, 15|
Root to change : 2 with colors |4, 5, 6, 8, 11, 12, 15|
++++++++++++++++++++++
Trying improving 9, 15, 2, 14 with subs:
Root to change : 15 with colors |2, 3, 5, 9, 10, 13, 14|
Root to change : 2 with colors |1, 3, 5, 7, 9, 10, 12, 13, 14|
++++++++++++++++++++++
Trying improving 10, 15, 0, 2 with subs:
Root to change : 10 with colors |4, 5, 6, 8, 11, 12, 15|
Root to change : 15 with colors |1, 3, 5, 9, 10, 12, 13, 14|
Root to change : 2 with colors |3, 4, 5, 7, 9, 11, 12, 14, 15|
++++++++++++++++++++++
Trying improving 10, 15, 1, 2 with subs:
Root to change : 10 with colors |4, 5, 6, 8, 11, 12, 15|
Root to change : 15 with colors |1, 3, 5, 9, 10, 12, 13, 14|
Root to change : 2 with colors |1, 5, 7, 8, 10, 11, 12, 14|
++++++++++++++++++++++
Trying improving 10, 15, 1, 6 with subs:
Root to change : 10 with colors |4, 5, 6, 8, 11, 12, 15|
Root to change : 1 with colors |4, 5, 6, 8, 9, 10, 11, 15|
Root to change : 6 with colors |1, 5, 7, 8, 10, 11, 12, 14|
++++++++++++++++++++++
Trying improving 10, 15, 2, 2 with subs:
Root to change : 10 with colors |4, 5, 6, 8, 11, 12, 15|
Root to change : 15 with colors |1, 3, 5, 9, 10, 12, 13, 14|
++++++++++++++++++++++
Trying improving 10, 15, 2, 5 with subs:
Root to change : 10 with colors |4, 5, 6, 8, 11, 12, 15|
Root to change : 15 with colors |1, 3, 5, 9, 10, 12, 13, 14|
Root to change : 2 with colors |1, 5, 6, 9, 10, 11, 12, 14, 15|
++++++++++++++++++++++
Trying improving 10, 15, 2, 6 with subs:
Root to change : 10 with colors |4, 5, 6, 8, 11, 12, 15|
Root to change : 2 with colors |4, 5, 6, 8, 9, 10, 11, 15|
++++++++++++++++++++++
Trying improving 10, 15, 2, 9 with subs:
Root to change : 15 with colors |1, 3, 5, 9, 10, 12, 13, 14|
Root to change : 2 with colors |3, 4, 5, 6, 9, 10, 13, 14, 15|
++++++++++++++++++++++
Trying improving 10, 15, 2, 11 with subs:
Root to change : 10 with colors |4, 5, 6, 8, 11, 12, 15|
Root to change : 2 with colors |1, 4, 5, 6, 7, 8, 11, 12, 15|
++++++++++++++++++++++
Trying improving 10, 15, 2, 14 with subs:
Root to change : 15 with colors |1, 3, 5, 9, 10, 12, 13, 14|
Root to change : 2 with colors |1, 3, 5, 7, 9, 10, 12, 13, 14|
++++++++++++++++++++++
Trying improving 11, 11, 2, 9 with subs:
Root to change : 2 with colors |3, 4, 5, 6, 9, 10, 15|
Root to change : 9 with colors |1, 2, 4, 5, 6, 7, 11, 13, 14|
++++++++++++++++++++++
Trying improving 11, 11, 9, 14 with subs:
Root to change : 9 with colors |1, 2, 3, 5, 7, 10, 12, 13, 14|
Root to change : 14 with colors |3, 4, 5, 6, 9, 10, 15|
++++++++++++++++++++++
Trying improving 11, 12, 2, 9 with subs:
Root to change : 11 with colors |1, 3, 5, 7, 10, 12, 14|
Root to change : 2 with colors |3, 4, 5, 6, 9, 10, 15|
Root to change : 9 with colors |1, 2, 4, 5, 6, 7, 11, 13, 14|
++++++++++++++++++++++
Trying improving 11, 12, 9, 14 with subs:
Root to change : 11 with colors |1, 3, 5, 7, 8, 10, 12, 14, 15|
Root to change : 9 with colors |1, 2, 3, 5, 7, 10, 12, 13, 14|
Root to change : 14 with colors |3, 4, 5, 6, 9, 10, 15|
++++++++++++++++++++++
Trying improving 11, 15, 2, 9 with subs:
Root to change : 2 with colors |3, 4, 5, 6, 9, 10, 15|
Root to change : 9 with colors |1, 2, 4, 5, 6, 7, 11|
++++++++++++++++++++++
Trying improving 11, 15, 2, 14 with subs:
Root to change : 15 with colors |1, 2, 4, 5, 6, 7, 8, 11, 12|
Root to change : 2 with colors |1, 3, 5, 7, 10, 12, 14|
Root to change : 14 with colors |1, 2, 4, 5, 6, 7, 11|
++++++++++++++++++++++
Trying improving 11, 15, 9, 14 with subs:
Root to change : 11 with colors |3, 4, 5, 6, 8, 9, 10, 12, 15|
Root to change : 9 with colors |1, 3, 5, 7, 10, 12, 14|
Root to change : 14 with colors |3, 4, 5, 6, 9, 10, 15|
++++++++++++++++++++++
Trying improving 12, 15, 2, 9 with subs:
Root to change : 15 with colors |1, 3, 5, 7, 10, 12, 14|
Root to change : 2 with colors |3, 4, 5, 6, 9, 10, 13, 14, 15|
Root to change : 9 with colors |1, 2, 4, 5, 6, 7, 11|
++++++++++++++++++++++
Trying improving 12, 15, 2, 14 with subs:
Root to change : 15 with colors |1, 3, 5, 7, 8, 10, 11, 12, 14|
Root to change : 2 with colors |1, 3, 5, 7, 9, 10, 12, 13, 14|
Root to change : 14 with colors |1, 2, 4, 5, 6, 7, 11|
++++++++++++++++++++++
Trying improving 15, 15, 2, 9 with subs:
Root to change : 2 with colors |3, 4, 5, 6, 9, 10, 13, 14, 15|
Root to change : 9 with colors |1, 2, 4, 5, 6, 7, 11|
++++++++++++++++++++++
Trying improving 15, 15, 2, 14 with subs:
Root to change : 2 with colors |1, 3, 5, 7, 9, 10, 12, 13, 14|
Root to change : 14 with colors |1, 2, 4, 5, 6, 7, 11|
++++++++++++++++++++++
Unable to be solved with SubSubProblem
