Trying substitutions to: 2
with goodVertices 1, 5, 6, 9, 10, 11, 12, 14, 15
bad color to improve: 8  10  with index 102
bad color to improve: 10  12  with index 117
bad color to improve: 10  15  with index 120
bad color to improve: 12  15  with index 129
4 bad colorings on level 1
bad coloring on level 2  |1, 13, 0, 4|
bad coloring on level 2  |1, 14, 0, 4|
bad coloring on level 2  |7, 13, 0, 4|
bad coloring on level 2  |7, 14, 0, 4|
bad coloring on level 2  |4, 9, 0, 7|
bad coloring on level 2  |4, 13, 0, 7|
bad coloring on level 2  |6, 9, 0, 7|
bad coloring on level 2  |6, 13, 0, 7|
bad coloring on level 2  |4, 7, 0, 9|
bad coloring on level 2  |7, 11, 0, 9|
bad coloring on level 2  |1, 13, 0, 11|
bad coloring on level 2  |2, 13, 0, 11|
bad coloring on level 2  |4, 13, 0, 11|
bad coloring on level 2  |6, 13, 0, 11|
bad coloring on level 2  |7, 13, 0, 11|
bad coloring on level 2  |9, 13, 0, 11|
bad coloring on level 2  |13, 13, 0, 11|
bad coloring on level 2  |13, 14, 0, 11|
bad coloring on level 2  |4, 7, 0, 14|
bad coloring on level 2  |4, 11, 0, 14|
bad coloring on level 2  |4, 9, 1, 7|
bad coloring on level 2  |4, 13, 1, 7|
bad coloring on level 2  |6, 9, 1, 7|
bad coloring on level 2  |6, 13, 1, 7|
bad coloring on level 2  |0, 4, 1, 13|
bad coloring on level 2  |0, 11, 1, 13|
bad coloring on level 2  |2, 4, 1, 13|
bad coloring on level 2  |4, 4, 1, 13|
bad coloring on level 2  |4, 6, 1, 13|
bad coloring on level 2  |4, 7, 1, 13|
bad coloring on level 2  |4, 9, 1, 13|
bad coloring on level 2  |4, 11, 1, 13|
bad coloring on level 2  |4, 13, 1, 13|
bad coloring on level 2  |6, 9, 1, 13|
bad coloring on level 2  |6, 13, 1, 13|
bad coloring on level 2  |0, 4, 1, 14|
bad coloring on level 2  |2, 4, 1, 14|
bad coloring on level 2  |4, 4, 1, 14|
bad coloring on level 2  |4, 6, 1, 14|
bad coloring on level 2  |4, 7, 1, 14|
bad coloring on level 2  |4, 9, 1, 14|
bad coloring on level 2  |4, 11, 1, 14|
bad coloring on level 2  |4, 13, 1, 14|
bad coloring on level 2  |6, 13, 1, 14|
bad coloring on level 2  |1, 13, 2, 4|
bad coloring on level 2  |1, 14, 2, 4|
bad coloring on level 2  |7, 13, 2, 4|
bad coloring on level 2  |7, 14, 2, 4|
bad coloring on level 2  |4, 9, 2, 7|
bad coloring on level 2  |4, 13, 2, 7|
bad coloring on level 2  |6, 9, 2, 7|
bad coloring on level 2  |6, 13, 2, 7|
bad coloring on level 2  |4, 7, 2, 9|
bad coloring on level 2  |7, 11, 2, 9|
bad coloring on level 2  |0, 11, 2, 13|
bad coloring on level 2  |4, 7, 2, 13|
bad coloring on level 2  |4, 7, 2, 14|
bad coloring on level 2  |4, 11, 2, 14|
bad coloring on level 2  |1, 13, 4, 4|
bad coloring on level 2  |1, 14, 4, 4|
bad coloring on level 2  |7, 13, 4, 4|
bad coloring on level 2  |7, 14, 4, 4|
bad coloring on level 2  |1, 13, 4, 6|
bad coloring on level 2  |1, 14, 4, 6|
bad coloring on level 2  |7, 13, 4, 6|
bad coloring on level 2  |7, 14, 4, 6|
bad coloring on level 2  |0, 9, 4, 7|
bad coloring on level 2  |0, 14, 4, 7|
bad coloring on level 2  |1, 13, 4, 7|
bad coloring on level 2  |1, 14, 4, 7|
bad coloring on level 2  |2, 9, 4, 7|
bad coloring on level 2  |2, 13, 4, 7|
bad coloring on level 2  |2, 14, 4, 7|
bad coloring on level 2  |4, 9, 4, 7|
bad coloring on level 2  |4, 13, 4, 7|
bad coloring on level 2  |5, 9, 4, 7|
bad coloring on level 2  |5, 14, 4, 7|
bad coloring on level 2  |6, 9, 4, 7|
bad coloring on level 2  |6, 13, 4, 7|
bad coloring on level 2  |7, 13, 4, 7|
bad coloring on level 2  |7, 14, 4, 7|
bad coloring on level 2  |9, 9, 4, 7|
bad coloring on level 2  |9, 13, 4, 7|
bad coloring on level 2  |9, 14, 4, 7|
bad coloring on level 2  |13, 13, 4, 7|
bad coloring on level 2  |13, 14, 4, 7|
bad coloring on level 2  |14, 14, 4, 7|
bad coloring on level 2  |0, 7, 4, 9|
bad coloring on level 2  |1, 7, 4, 9|
bad coloring on level 2  |1, 13, 4, 9|
bad coloring on level 2  |1, 14, 4, 9|
bad coloring on level 2  |2, 7, 4, 9|
bad coloring on level 2  |4, 7, 4, 9|
bad coloring on level 2  |7, 7, 4, 9|
bad coloring on level 2  |7, 11, 4, 9|
bad coloring on level 2  |7, 13, 4, 9|
bad coloring on level 2  |7, 14, 4, 9|
bad coloring on level 2  |0, 14, 4, 11|
bad coloring on level 2  |1, 13, 4, 11|
bad coloring on level 2  |1, 14, 4, 11|
bad coloring on level 2  |2, 14, 4, 11|
bad coloring on level 2  |5, 14, 4, 11|
bad coloring on level 2  |7, 13, 4, 11|
bad coloring on level 2  |7, 14, 4, 11|
bad coloring on level 2  |9, 14, 4, 11|
bad coloring on level 2  |13, 14, 4, 11|
bad coloring on level 2  |14, 14, 4, 11|
bad coloring on level 2  |0, 7, 4, 13|
bad coloring on level 2  |0, 11, 4, 13|
bad coloring on level 2  |1, 7, 4, 13|
bad coloring on level 2  |1, 13, 4, 13|
bad coloring on level 2  |1, 14, 4, 13|
bad coloring on level 2  |2, 7, 4, 13|
bad coloring on level 2  |4, 7, 4, 13|
bad coloring on level 2  |7, 7, 4, 13|
bad coloring on level 2  |7, 11, 4, 13|
bad coloring on level 2  |7, 13, 4, 13|
bad coloring on level 2  |7, 14, 4, 13|
bad coloring on level 2  |4, 7, 5, 9|
bad coloring on level 2  |7, 11, 5, 9|
bad coloring on level 2  |4, 7, 5, 14|
bad coloring on level 2  |4, 11, 5, 14|
bad coloring on level 2  |0, 7, 6, 9|
bad coloring on level 2  |1, 7, 6, 9|
bad coloring on level 2  |1, 13, 6, 9|
bad coloring on level 2  |2, 7, 6, 9|
bad coloring on level 2  |4, 7, 6, 9|
bad coloring on level 2  |7, 7, 6, 9|
bad coloring on level 2  |7, 11, 6, 9|
bad coloring on level 2  |7, 13, 6, 9|
bad coloring on level 2  |7, 14, 6, 9|
bad coloring on level 2  |0, 7, 6, 13|
bad coloring on level 2  |0, 11, 6, 13|
bad coloring on level 2  |1, 7, 6, 13|
bad coloring on level 2  |1, 13, 6, 13|
bad coloring on level 2  |1, 14, 6, 13|
bad coloring on level 2  |2, 7, 6, 13|
bad coloring on level 2  |4, 7, 6, 13|
bad coloring on level 2  |7, 7, 6, 13|
bad coloring on level 2  |7, 11, 6, 13|
bad coloring on level 2  |7, 13, 6, 13|
bad coloring on level 2  |7, 14, 6, 13|
bad coloring on level 2  |4, 9, 7, 7|
bad coloring on level 2  |4, 13, 7, 7|
bad coloring on level 2  |6, 9, 7, 7|
bad coloring on level 2  |6, 13, 7, 7|
bad coloring on level 2  |0, 9, 7, 11|
bad coloring on level 2  |2, 9, 7, 11|
bad coloring on level 2  |4, 9, 7, 11|
bad coloring on level 2  |4, 13, 7, 11|
bad coloring on level 2  |5, 9, 7, 11|
bad coloring on level 2  |6, 9, 7, 11|
bad coloring on level 2  |6, 13, 7, 11|
bad coloring on level 2  |9, 9, 7, 11|
bad coloring on level 2  |9, 13, 7, 11|
bad coloring on level 2  |9, 14, 7, 11|
bad coloring on level 2  |0, 4, 7, 13|
bad coloring on level 2  |0, 11, 7, 13|
bad coloring on level 2  |2, 4, 7, 13|
bad coloring on level 2  |4, 4, 7, 13|
bad coloring on level 2  |4, 6, 7, 13|
bad coloring on level 2  |4, 7, 7, 13|
bad coloring on level 2  |4, 9, 7, 13|
bad coloring on level 2  |4, 11, 7, 13|
bad coloring on level 2  |4, 13, 7, 13|
bad coloring on level 2  |6, 9, 7, 13|
bad coloring on level 2  |6, 13, 7, 13|
bad coloring on level 2  |0, 4, 7, 14|
bad coloring on level 2  |2, 4, 7, 14|
bad coloring on level 2  |4, 4, 7, 14|
bad coloring on level 2  |4, 6, 7, 14|
bad coloring on level 2  |4, 7, 7, 14|
bad coloring on level 2  |4, 9, 7, 14|
bad coloring on level 2  |4, 11, 7, 14|
bad coloring on level 2  |4, 13, 7, 14|
bad coloring on level 2  |6, 9, 7, 14|
bad coloring on level 2  |6, 13, 7, 14|
bad coloring on level 2  |4, 7, 9, 9|
bad coloring on level 2  |7, 11, 9, 9|
bad coloring on level 2  |0, 11, 9, 13|
bad coloring on level 2  |4, 7, 9, 13|
bad coloring on level 2  |7, 11, 9, 13|
bad coloring on level 2  |4, 7, 9, 14|
bad coloring on level 2  |4, 11, 9, 14|
bad coloring on level 2  |7, 11, 9, 14|
bad coloring on level 2  |0, 11, 13, 13|
bad coloring on level 2  |4, 7, 13, 13|
bad coloring on level 2  |0, 11, 13, 14|
bad coloring on level 2  |4, 7, 13, 14|
bad coloring on level 2  |4, 11, 13, 14|
bad coloring on level 2  |4, 7, 14, 14|
bad coloring on level 2  |4, 11, 14, 14|

192 bad colorings on level 2
Sub sub problem :
Trying improving 0, 4, 1, 13 with subs:
Root to change : 4 with colors |2, 3, 5, 7, 9, 12, 14|
Root to change : 1 with colors |2, 3, 4, 6, 9, 10, 13, 14|
Root to change : 13 with colors |1, 2, 5, 6, 7, 8, 11, 12|
++++++++++++++++++++++
Trying improving 0, 4, 1, 14 with subs:
Root to change : 4 with colors |2, 3, 5, 7, 9, 11, 12, 14, 15|
Root to change : 1 with colors |2, 3, 5, 9, 10, 13, 14|
Root to change : 14 with colors |1, 2, 5, 6, 7, 8, 11, 12|
++++++++++++++++++++++
Trying improving 0, 4, 7, 13 with subs:
Root to change : 4 with colors |2, 3, 5, 7, 9, 12, 14|
Root to change : 7 with colors |2, 3, 4, 6, 9, 10, 13, 14|
Root to change : 13 with colors |1, 2, 4, 7, 8, 11, 12|
++++++++++++++++++++++
Trying improving 0, 4, 7, 14 with subs:
Root to change : 4 with colors |2, 3, 5, 7, 9, 11, 12, 14, 15|
Root to change : 7 with colors |2, 3, 5, 9, 10, 13, 14|
Root to change : 14 with colors |1, 2, 4, 7, 8, 11, 12|
++++++++++++++++++++++
Trying improving 0, 7, 4, 9 with subs:
Root to change : 7 with colors |2, 3, 4, 5, 9, 11, 12, 14, 15|
Root to change : 4 with colors |2, 3, 5, 9, 10, 13, 14|
Root to change : 9 with colors |2, 4, 6, 7, 8, 11, 15|
++++++++++++++++++++++
Trying improving 0, 7, 4, 13 with subs:
Root to change : 7 with colors |2, 3, 4, 5, 9, 14, 15|
Root to change : 4 with colors |1, 2, 3, 7, 9, 10, 13, 14|
Root to change : 13 with colors |2, 4, 6, 7, 8, 11, 15|
++++++++++++++++++++++
Trying improving 0, 7, 6, 9 with subs:
Root to change : 7 with colors |2, 3, 4, 5, 9, 11, 12, 14, 15|
Root to change : 6 with colors |2, 3, 5, 9, 10, 13, 14|
Root to change : 9 with colors |1, 2, 4, 5, 6, 8, 11, 15|
++++++++++++++++++++++
Trying improving 0, 7, 6, 13 with subs:
Root to change : 7 with colors |2, 3, 4, 5, 9, 14, 15|
Root to change : 6 with colors |1, 2, 3, 7, 9, 10, 13, 14|
Root to change : 13 with colors |1, 2, 4, 5, 6, 8, 11, 15|
++++++++++++++++++++++
Trying improving 0, 9, 4, 7 with subs:
Root to change : 9 with colors |2, 4, 5, 7, 11, 12, 15|
Root to change : 4 with colors |1, 2, 3, 7, 12, 13, 14|
Root to change : 7 with colors |2, 3, 4, 6, 8, 9, 11, 13, 15|
++++++++++++++++++++++
Trying improving 0, 9, 7, 11 with subs:
Root to change : 9 with colors |2, 3, 4, 5, 7, 11, 12, 14, 15|
Root to change : 7 with colors |1, 2, 4, 5, 6, 8, 11, 12, 15|
Root to change : 11 with colors |1, 2, 3, 7, 12, 13, 14|
++++++++++++++++++++++
Trying improving 0, 11, 1, 13 with subs:
Root to change : 0 with colors |1, 2, 5, 6, 7, 8, 11, 12, 15|
Root to change : 11 with colors |2, 3, 5, 7, 9, 12, 14|
Root to change : 13 with colors |1, 2, 5, 6, 7, 8, 10, 11, 12, 14|
++++++++++++++++++++++
Trying improving 0, 11, 2, 13 with subs:
Root to change : 0 with colors |1, 2, 4, 5, 6, 7, 8, 11, 12, 15|
Root to change : 11 with colors |2, 3, 4, 5, 7, 9, 12, 14, 15|
Root to change : 13 with colors |1, 2, 4, 5, 6, 7, 9, 11, 14|
++++++++++++++++++++++
Trying improving 0, 11, 4, 13 with subs:
Root to change : 0 with colors |1, 2, 4, 5, 6, 8, 11, 15|
Root to change : 11 with colors |2, 3, 4, 5, 9, 14, 15|
Root to change : 13 with colors |2, 3, 4, 6, 7, 8, 9, 11, 15|
++++++++++++++++++++++
Trying improving 0, 11, 6, 13 with subs:
Root to change : 0 with colors |1, 2, 4, 5, 6, 8, 11, 12, 15|
Root to change : 11 with colors |2, 3, 4, 5, 9, 14, 15|
Root to change : 13 with colors |1, 2, 4, 5, 6, 8, 9, 10, 11, 15|
++++++++++++++++++++++
Trying improving 0, 11, 7, 13 with subs:
Root to change : 0 with colors |1, 2, 5, 6, 7, 8, 11, 12|
Root to change : 11 with colors |2, 3, 5, 7, 9, 12, 14|
Root to change : 13 with colors |1, 2, 3, 4, 7, 8, 11, 12, 14|
++++++++++++++++++++++
Trying improving 0, 11, 9, 13 with subs:
Root to change : 0 with colors |1, 2, 4, 5, 6, 8, 11, 15|
Root to change : 11 with colors |2, 3, 4, 5, 7, 9, 12, 14, 15|
Root to change : 13 with colors |2, 3, 4, 5, 6, 9, 10, 14, 15|
++++++++++++++++++++++
Trying improving 0, 11, 13, 13 with subs:
Root to change : 0 with colors |1, 2, 4, 5, 6, 7, 8, 11, 12, 15|
Root to change : 11 with colors |2, 3, 4, 5, 7, 9, 12, 14, 15|
++++++++++++++++++++++
Trying improving 0, 11, 13, 14 with subs:
Root to change : 0 with colors |1, 2, 5, 6, 7, 8, 11, 12|
Root to change : 11 with colors |2, 3, 4, 5, 7, 9, 12, 14, 15|
Root to change : 13 with colors |1, 2, 3, 5, 7, 9, 10, 12, 14|
++++++++++++++++++++++
Trying improving 0, 14, 4, 7 with subs:
Root to change : 14 with colors |2, 4, 5, 7, 11, 12, 15|
Root to change : 4 with colors |1, 2, 3, 7, 8, 11, 12, 13, 14|
Root to change : 7 with colors |2, 3, 4, 6, 9, 13, 15|
++++++++++++++++++++++
Trying improving 0, 14, 4, 11 with subs:
Root to change : 14 with colors |2, 3, 4, 5, 7, 9, 11, 12, 15|
Root to change : 4 with colors |1, 2, 5, 6, 7, 8, 11, 12, 15|
Root to change : 11 with colors |2, 3, 4, 6, 9, 13, 15|
++++++++++++++++++++++
Trying improving 1, 7, 4, 9 with subs:
Root to change : 4 with colors |2, 3, 5, 9, 10, 13, 14|
Root to change : 9 with colors |2, 4, 6, 7, 8, 11, 15|
++++++++++++++++++++++
Trying improving 1, 7, 4, 13 with subs:
Root to change : 4 with colors |1, 2, 3, 7, 9, 10, 13, 14|
Root to change : 13 with colors |2, 4, 6, 7, 8, 11, 15|
++++++++++++++++++++++
Trying improving 1, 7, 6, 9 with subs:
Root to change : 7 with colors |1, 2, 5, 6, 10, 11, 12, 14|
Root to change : 6 with colors |2, 3, 5, 9, 10, 13, 14|
Root to change : 9 with colors |1, 2, 4, 5, 6, 8, 11, 15|
++++++++++++++++++++++
Trying improving 1, 7, 6, 13 with subs:
Root to change : 6 with colors |1, 2, 3, 7, 9, 10, 13, 14|
Root to change : 13 with colors |1, 2, 4, 5, 6, 8, 11, 15|
++++++++++++++++++++++
Trying improving 1, 13, 0, 4 with subs:
Root to change : 1 with colors |2, 3, 4, 6, 9, 10, 13, 14|
Root to change : 13 with colors |1, 2, 5, 6, 7, 8, 11, 12|
Root to change : 4 with colors |2, 3, 5, 7, 9, 12, 14|
++++++++++++++++++++++
Trying improving 1, 13, 0, 11 with subs:
Root to change : 13 with colors |1, 2, 5, 6, 7, 8, 10, 11, 12, 14|
Root to change : 0 with colors |1, 2, 5, 6, 7, 8, 11, 12, 15|
Root to change : 11 with colors |2, 3, 5, 7, 9, 12, 14|
++++++++++++++++++++++
Trying improving 1, 13, 2, 4 with subs:
Root to change : 1 with colors |2, 3, 4, 6, 9, 10, 13, 14|
Root to change : 13 with colors |1, 2, 5, 6, 7, 8, 11, 12|
Root to change : 4 with colors |1, 2, 5, 6, 7, 9, 11, 13, 14|
++++++++++++++++++++++
Trying improving 1, 13, 4, 4 with subs:
Root to change : 1 with colors |2, 3, 4, 6, 9, 10, 13, 14|
Root to change : 13 with colors |1, 2, 5, 6, 7, 8, 11, 12|
++++++++++++++++++++++
Trying improving 1, 13, 4, 6 with subs:
Root to change : 1 with colors |2, 3, 4, 6, 9, 10, 13, 14|
Root to change : 13 with colors |1, 2, 5, 6, 7, 8, 11, 12|
++++++++++++++++++++++
Trying improving 1, 13, 4, 7 with subs:
Root to change : 13 with colors |1, 2, 5, 6, 7, 8, 11, 12|
Root to change : 4 with colors |1, 2, 3, 7, 8, 11, 12, 13, 14|
++++++++++++++++++++++
Trying improving 1, 13, 4, 9 with subs:
Root to change : 1 with colors |2, 3, 4, 6, 9, 10, 13, 14|
Root to change : 4 with colors |2, 3, 5, 9, 10, 13, 14|
++++++++++++++++++++++
Trying improving 1, 13, 4, 11 with subs:
Root to change : 13 with colors |1, 2, 5, 6, 7, 8, 11, 12|
Root to change : 4 with colors |1, 2, 5, 6, 7, 8, 11, 12|
++++++++++++++++++++++
Trying improving 1, 13, 4, 13 with subs:
Root to change : 1 with colors |2, 3, 4, 6, 9, 10, 13, 14|
Root to change : 4 with colors |1, 2, 3, 7, 9, 10, 13, 14|
++++++++++++++++++++++
Trying improving 1, 13, 6, 9 with subs:
Root to change : 1 with colors |2, 3, 4, 6, 9, 10, 13, 14|
Root to change : 13 with colors |1, 2, 5, 6, 10, 11, 12, 14|
Root to change : 6 with colors |2, 3, 5, 9, 10, 13, 14|
++++++++++++++++++++++
Trying improving 1, 13, 6, 13 with subs:
Root to change : 1 with colors |2, 3, 4, 6, 9, 10, 13, 14|
Root to change : 6 with colors |1, 2, 3, 7, 9, 10, 13, 14|
++++++++++++++++++++++
Trying improving 1, 14, 0, 4 with subs:
Root to change : 1 with colors |2, 3, 5, 9, 10, 13, 14|
Root to change : 14 with colors |1, 2, 5, 6, 7, 8, 11, 12|
Root to change : 4 with colors |2, 3, 5, 7, 9, 11, 12, 14, 15|
++++++++++++++++++++++
Trying improving 1, 14, 2, 4 with subs:
Root to change : 1 with colors |2, 3, 5, 9, 10, 13, 14|
Root to change : 14 with colors |1, 2, 5, 6, 7, 8, 11, 12|
Root to change : 4 with colors |1, 2, 5, 6, 7, 9, 11, 13, 14|
++++++++++++++++++++++
Trying improving 1, 14, 4, 4 with subs:
Root to change : 1 with colors |2, 3, 5, 9, 10, 13, 14|
Root to change : 14 with colors |1, 2, 5, 6, 7, 8, 11, 12|
++++++++++++++++++++++
Trying improving 1, 14, 4, 6 with subs:
Root to change : 1 with colors |2, 3, 5, 9, 10, 13, 14|
Root to change : 14 with colors |1, 2, 5, 6, 7, 8, 11, 12|
Root to change : 4 with colors |1, 2, 5, 6, 9, 10, 11, 15|
++++++++++++++++++++++
Trying improving 1, 14, 4, 7 with subs:
Root to change : 14 with colors |1, 2, 5, 6, 7, 8, 11, 12|
Root to change : 4 with colors |1, 2, 3, 7, 8, 11, 12, 13, 14|
++++++++++++++++++++++
Trying improving 1, 14, 4, 9 with subs:
Root to change : 1 with colors |2, 3, 5, 9, 10, 13, 14|
Root to change : 4 with colors |2, 3, 5, 6, 9, 10, 13, 14, 15|
++++++++++++++++++++++
Trying improving 1, 14, 4, 11 with subs:
Root to change : 14 with colors |1, 2, 5, 6, 7, 8, 11, 12|
Root to change : 4 with colors |1, 2, 5, 6, 7, 8, 11, 12, 15|
++++++++++++++++++++++
Trying improving 1, 14, 4, 13 with subs:
Root to change : 1 with colors |2, 3, 5, 9, 10, 13, 14|
Root to change : 4 with colors |1, 2, 3, 7, 9, 10, 13, 14|
++++++++++++++++++++++
Trying improving 1, 14, 6, 13 with subs:
Root to change : 1 with colors |2, 3, 5, 9, 10, 13, 14|
Root to change : 6 with colors |1, 2, 3, 7, 9, 10, 13, 14|
Root to change : 13 with colors |1, 2, 5, 6, 9, 10, 11, 15|
++++++++++++++++++++++
Trying improving 2, 4, 1, 13 with subs:
Root to change : 4 with colors |1, 2, 5, 6, 7, 9, 11, 13, 14|
Root to change : 1 with colors |2, 3, 4, 6, 9, 10, 13, 14|
Root to change : 13 with colors |1, 2, 5, 6, 7, 8, 11, 12|
++++++++++++++++++++++
Trying improving 2, 4, 1, 14 with subs:
Root to change : 4 with colors |1, 2, 5, 6, 7, 9, 11, 13, 14|
Root to change : 1 with colors |2, 3, 5, 9, 10, 13, 14|
Root to change : 14 with colors |1, 2, 5, 6, 7, 8, 11, 12|
++++++++++++++++++++++
Trying improving 2, 4, 7, 13 with subs:
Root to change : 4 with colors |1, 2, 5, 6, 7, 9, 11, 13, 14|
Root to change : 7 with colors |2, 3, 4, 6, 9, 10, 13, 14|
Root to change : 13 with colors |1, 2, 4, 7, 8, 11, 12|
++++++++++++++++++++++
Trying improving 2, 4, 7, 14 with subs:
Root to change : 4 with colors |1, 2, 5, 6, 7, 9, 11, 13, 14|
Root to change : 7 with colors |2, 3, 5, 9, 10, 13, 14|
Root to change : 14 with colors |1, 2, 4, 7, 8, 11, 12|
++++++++++++++++++++++
Trying improving 2, 7, 4, 9 with subs:
Root to change : 7 with colors |1, 2, 4, 5, 6, 9, 11, 13, 14|
Root to change : 4 with colors |2, 3, 5, 9, 10, 13, 14|
Root to change : 9 with colors |2, 4, 6, 7, 8, 11, 15|
++++++++++++++++++++++
Trying improving 2, 7, 4, 13 with subs:
Root to change : 7 with colors |1, 2, 4, 5, 6, 9, 11, 13, 14|
Root to change : 4 with colors |1, 2, 3, 7, 9, 10, 13, 14|
Root to change : 13 with colors |2, 4, 6, 7, 8, 11, 15|
++++++++++++++++++++++
Trying improving 2, 7, 6, 9 with subs:
Root to change : 7 with colors |1, 2, 4, 5, 6, 9, 11, 13, 14|
Root to change : 6 with colors |2, 3, 5, 9, 10, 13, 14|
Root to change : 9 with colors |1, 2, 4, 5, 6, 8, 11, 15|
++++++++++++++++++++++
Trying improving 2, 7, 6, 13 with subs:
Root to change : 7 with colors |1, 2, 4, 5, 6, 9, 11, 13, 14|
Root to change : 6 with colors |1, 2, 3, 7, 9, 10, 13, 14|
Root to change : 13 with colors |1, 2, 4, 5, 6, 8, 11, 15|
++++++++++++++++++++++
Trying improving 2, 9, 4, 7 with subs:
Root to change : 9 with colors |1, 2, 4, 5, 6, 7, 11|
Root to change : 4 with colors |1, 2, 3, 7, 12, 13, 14|
Root to change : 7 with colors |2, 3, 4, 6, 8, 9, 11, 13, 15|
++++++++++++++++++++++
Trying improving 2, 9, 7, 11 with subs:
Root to change : 9 with colors |1, 2, 4, 5, 6, 7, 11, 13, 14|
Root to change : 7 with colors |1, 2, 4, 5, 6, 8, 11, 12, 15|
Root to change : 11 with colors |1, 2, 3, 7, 12, 13, 14|
++++++++++++++++++++++
Trying improving 2, 13, 0, 11 with subs:
Root to change : 13 with colors |1, 2, 4, 5, 6, 7, 9, 11, 14|
Root to change : 0 with colors |1, 2, 4, 5, 6, 7, 8, 11, 12, 15|
Root to change : 11 with colors |2, 3, 4, 5, 7, 9, 12, 14, 15|
++++++++++++++++++++++
Trying improving 2, 13, 4, 7 with subs:
Root to change : 13 with colors |1, 2, 4, 5, 6, 7, 11|
Root to change : 4 with colors |1, 2, 3, 7, 8, 11, 12, 13, 14|
Root to change : 7 with colors |2, 3, 4, 6, 8, 9, 11, 13, 15|
++++++++++++++++++++++
Trying improving 2, 14, 4, 7 with subs:
Root to change : 14 with colors |1, 2, 4, 5, 6, 7, 11|
Root to change : 4 with colors |1, 2, 3, 7, 8, 11, 12, 13, 14|
Root to change : 7 with colors |2, 3, 4, 6, 9, 13, 15|
++++++++++++++++++++++
Trying improving 2, 14, 4, 11 with subs:
Root to change : 14 with colors |1, 2, 4, 5, 6, 7, 9, 11, 13|
Root to change : 4 with colors |1, 2, 5, 6, 7, 8, 11, 12, 15|
Root to change : 11 with colors |2, 3, 4, 6, 9, 13, 15|
++++++++++++++++++++++
Trying improving 4, 4, 1, 13 with subs:
Root to change : 1 with colors |2, 3, 4, 6, 9, 10, 13, 14|
Root to change : 13 with colors |1, 2, 5, 6, 7, 8, 11, 12|
++++++++++++++++++++++
Trying improving 4, 4, 1, 14 with subs:
Root to change : 1 with colors |2, 3, 5, 9, 10, 13, 14|
Root to change : 14 with colors |1, 2, 5, 6, 7, 8, 11, 12|
++++++++++++++++++++++
Trying improving 4, 4, 7, 13 with subs:
Root to change : 7 with colors |2, 3, 4, 6, 9, 10, 13, 14|
Root to change : 13 with colors |1, 2, 4, 7, 8, 11, 12|
++++++++++++++++++++++
Trying improving 4, 4, 7, 14 with subs:
Root to change : 7 with colors |2, 3, 5, 9, 10, 13, 14|
Root to change : 14 with colors |1, 2, 4, 7, 8, 11, 12|
++++++++++++++++++++++
Trying improving 4, 6, 1, 13 with subs:
Root to change : 1 with colors |2, 3, 4, 6, 9, 10, 13, 14|
Root to change : 13 with colors |1, 2, 5, 6, 7, 8, 11, 12|
++++++++++++++++++++++
Trying improving 4, 6, 1, 14 with subs:
Root to change : 4 with colors |1, 2, 5, 6, 9, 10, 11, 15|
Root to change : 1 with colors |2, 3, 5, 9, 10, 13, 14|
Root to change : 14 with colors |1, 2, 5, 6, 7, 8, 11, 12|
++++++++++++++++++++++
Trying improving 4, 6, 7, 13 with subs:
Root to change : 7 with colors |2, 3, 4, 6, 9, 10, 13, 14|
Root to change : 13 with colors |1, 2, 4, 7, 8, 11, 12|
++++++++++++++++++++++
Trying improving 4, 6, 7, 14 with subs:
Root to change : 7 with colors |2, 3, 5, 9, 10, 13, 14|
Root to change : 14 with colors |1, 2, 4, 7, 8, 11, 12|
++++++++++++++++++++++
Trying improving 4, 7, 0, 9 with subs:
Root to change : 4 with colors |1, 2, 3, 7, 12, 13, 14|
Root to change : 7 with colors |2, 3, 4, 6, 8, 9, 11, 13, 15|
Root to change : 9 with colors |2, 4, 5, 7, 11, 12, 15|
++++++++++++++++++++++
Trying improving 4, 7, 0, 14 with subs:
Root to change : 4 with colors |1, 2, 3, 7, 8, 11, 12, 13, 14|
Root to change : 7 with colors |2, 3, 4, 6, 9, 13, 15|
Root to change : 14 with colors |2, 4, 5, 7, 11, 12, 15|
++++++++++++++++++++++
Trying improving 4, 7, 1, 13 with subs:
Root to change : 4 with colors |1, 2, 3, 7, 8, 11, 12, 13, 14|
Root to change : 13 with colors |1, 2, 5, 6, 7, 8, 11, 12|
++++++++++++++++++++++
Trying improving 4, 7, 1, 14 with subs:
Root to change : 4 with colors |1, 2, 3, 7, 8, 11, 12, 13, 14|
Root to change : 14 with colors |1, 2, 5, 6, 7, 8, 11, 12|
++++++++++++++++++++++
Trying improving 4, 7, 2, 9 with subs:
Root to change : 4 with colors |1, 2, 3, 7, 12, 13, 14|
Root to change : 7 with colors |2, 3, 4, 6, 8, 9, 11, 13, 15|
Root to change : 9 with colors |1, 2, 4, 5, 6, 7, 11|
++++++++++++++++++++++
Trying improving 4, 7, 2, 13 with subs:
Root to change : 4 with colors |1, 2, 3, 7, 8, 11, 12, 13, 14|
Root to change : 7 with colors |2, 3, 4, 6, 8, 9, 11, 13, 15|
Root to change : 13 with colors |1, 2, 4, 5, 6, 7, 11|
++++++++++++++++++++++
Trying improving 4, 7, 2, 14 with subs:
Root to change : 4 with colors |1, 2, 3, 7, 8, 11, 12, 13, 14|
Root to change : 7 with colors |2, 3, 4, 6, 9, 13, 15|
Root to change : 14 with colors |1, 2, 4, 5, 6, 7, 11|
++++++++++++++++++++++
Trying improving 4, 7, 4, 9 with subs:
Root to change : 7 with colors |2, 3, 4, 6, 8, 9, 11, 13, 15|
Root to change : 9 with colors |2, 4, 6, 7, 8, 11, 15|
++++++++++++++++++++++
Trying improving 4, 7, 4, 13 with subs:
Root to change : 7 with colors |2, 3, 4, 6, 8, 9, 11, 13, 15|
Root to change : 13 with colors |2, 4, 6, 7, 8, 11, 15|
++++++++++++++++++++++
Trying improving 4, 7, 5, 9 with subs:
Root to change : 4 with colors |1, 2, 3, 7, 12, 13, 14|
Root to change : 7 with colors |2, 3, 4, 6, 8, 9, 11, 13, 15|
Root to change : 9 with colors |1, 2, 5, 6, 11, 12, 15|
++++++++++++++++++++++
Trying improving 4, 7, 5, 14 with subs:
Root to change : 4 with colors |1, 2, 3, 7, 8, 11, 12, 13, 14|
Root to change : 7 with colors |2, 3, 4, 6, 9, 13, 15|
Root to change : 14 with colors |1, 2, 5, 6, 11, 12, 15|
++++++++++++++++++++++
Trying improving 4, 7, 6, 9 with subs:
Root to change : 7 with colors |2, 3, 4, 6, 8, 9, 11, 13, 15|
Root to change : 9 with colors |1, 2, 4, 5, 6, 8, 11, 15|
++++++++++++++++++++++
Trying improving 4, 7, 6, 13 with subs:
Root to change : 7 with colors |2, 3, 4, 6, 8, 9, 11, 13, 15|
Root to change : 13 with colors |1, 2, 4, 5, 6, 8, 11, 15|
++++++++++++++++++++++
Trying improving 4, 7, 7, 13 with subs:
Root to change : 4 with colors |1, 2, 3, 7, 8, 11, 12, 13, 14|
Root to change : 13 with colors |1, 2, 4, 7, 8, 11, 12|
++++++++++++++++++++++
Trying improving 4, 7, 7, 14 with subs:
Root to change : 4 with colors |1, 2, 3, 7, 8, 11, 12, 13, 14|
Root to change : 14 with colors |1, 2, 4, 7, 8, 11, 12|
++++++++++++++++++++++
Trying improving 4, 7, 9, 9 with subs:
Root to change : 4 with colors |1, 2, 3, 7, 12, 13, 14|
Root to change : 7 with colors |2, 3, 4, 6, 8, 9, 11, 13, 15|
++++++++++++++++++++++
Trying improving 4, 7, 9, 13 with subs:
Root to change : 4 with colors |1, 2, 3, 7, 12, 13, 14|
Root to change : 7 with colors |2, 3, 4, 6, 8, 9, 11, 13, 15|
++++++++++++++++++++++
Trying improving 4, 7, 9, 14 with subs:
Root to change : 4 with colors |1, 2, 3, 7, 12, 13, 14|
Root to change : 7 with colors |2, 3, 4, 6, 9, 13, 15|
++++++++++++++++++++++
Trying improving 4, 7, 13, 13 with subs:
Root to change : 4 with colors |1, 2, 3, 7, 8, 11, 12, 13, 14|
Root to change : 7 with colors |2, 3, 4, 6, 8, 9, 11, 13, 15|
++++++++++++++++++++++
Trying improving 4, 7, 13, 14 with subs:
Root to change : 4 with colors |1, 2, 3, 7, 8, 11, 12, 13, 14|
Root to change : 7 with colors |2, 3, 4, 6, 9, 13, 15|
++++++++++++++++++++++
Trying improving 4, 7, 14, 14 with subs:
Root to change : 4 with colors |1, 2, 3, 7, 8, 11, 12, 13, 14|
Root to change : 7 with colors |2, 3, 4, 6, 9, 13, 15|
++++++++++++++++++++++
Trying improving 4, 9, 0, 7 with subs:
Root to change : 4 with colors |2, 3, 5, 9, 10, 13, 14|
Root to change : 9 with colors |2, 4, 6, 7, 8, 11, 15|
Root to change : 7 with colors |2, 3, 4, 5, 9, 11, 12, 14, 15|
++++++++++++++++++++++
Trying improving 4, 9, 1, 7 with subs:
Root to change : 4 with colors |2, 3, 5, 9, 10, 13, 14|
Root to change : 9 with colors |2, 4, 6, 7, 8, 11, 15|
++++++++++++++++++++++
Trying improving 4, 9, 1, 13 with subs:
Root to change : 4 with colors |2, 3, 5, 9, 10, 13, 14|
Root to change : 1 with colors |2, 3, 4, 6, 9, 10, 13, 14|
++++++++++++++++++++++
Trying improving 4, 9, 1, 14 with subs:
Root to change : 4 with colors |2, 3, 5, 6, 9, 10, 13, 14, 15|
Root to change : 1 with colors |2, 3, 5, 9, 10, 13, 14|
++++++++++++++++++++++
Trying improving 4, 9, 2, 7 with subs:
Root to change : 4 with colors |2, 3, 5, 9, 10, 13, 14|
Root to change : 9 with colors |2, 4, 6, 7, 8, 11, 15|
Root to change : 7 with colors |1, 2, 4, 5, 6, 9, 11, 13, 14|
++++++++++++++++++++++
Trying improving 4, 9, 4, 7 with subs:
Root to change : 9 with colors |2, 4, 6, 7, 8, 11, 15|
Root to change : 7 with colors |2, 3, 4, 6, 8, 9, 11, 13, 15|
++++++++++++++++++++++
Trying improving 4, 9, 7, 7 with subs:
Root to change : 4 with colors |2, 3, 5, 9, 10, 13, 14|
Root to change : 9 with colors |2, 4, 6, 7, 8, 11, 15|
++++++++++++++++++++++
Trying improving 4, 9, 7, 11 with subs:
Root to change : 9 with colors |2, 4, 6, 7, 8, 11, 15|
Root to change : 7 with colors |1, 2, 4, 5, 6, 8, 11, 12, 15|
++++++++++++++++++++++
Trying improving 4, 9, 7, 13 with subs:
Root to change : 4 with colors |2, 3, 5, 9, 10, 13, 14|
Root to change : 7 with colors |2, 3, 4, 6, 9, 10, 13, 14|
++++++++++++++++++++++
Trying improving 4, 9, 7, 14 with subs:
Root to change : 4 with colors |2, 3, 5, 9, 10, 13, 14|
Root to change : 7 with colors |2, 3, 5, 9, 10, 13, 14|
++++++++++++++++++++++
Trying improving 4, 11, 0, 14 with subs:
Root to change : 4 with colors |1, 2, 5, 6, 7, 8, 11, 12, 15|
Root to change : 11 with colors |2, 3, 4, 6, 9, 13, 15|
Root to change : 14 with colors |2, 3, 4, 5, 7, 9, 11, 12, 15|
++++++++++++++++++++++
Trying improving 4, 11, 1, 13 with subs:
Root to change : 4 with colors |1, 2, 5, 6, 7, 8, 11, 12|
Root to change : 13 with colors |1, 2, 5, 6, 7, 8, 11, 12|
++++++++++++++++++++++
Trying improving 4, 11, 1, 14 with subs:
Root to change : 4 with colors |1, 2, 5, 6, 7, 8, 11, 12, 15|
Root to change : 14 with colors |1, 2, 5, 6, 7, 8, 11, 12|
++++++++++++++++++++++
Trying improving 4, 11, 2, 14 with subs:
Root to change : 4 with colors |1, 2, 5, 6, 7, 8, 11, 12, 15|
Root to change : 11 with colors |2, 3, 4, 6, 9, 13, 15|
Root to change : 14 with colors |1, 2, 4, 5, 6, 7, 9, 11, 13|
++++++++++++++++++++++
Trying improving 4, 11, 5, 14 with subs:
Root to change : 4 with colors |1, 2, 5, 6, 7, 8, 11, 12, 15|
Root to change : 11 with colors |2, 3, 4, 6, 9, 13, 15|
Root to change : 14 with colors |1, 2, 5, 6, 9, 10, 11, 12, 15|
++++++++++++++++++++++
Trying improving 4, 11, 7, 13 with subs:
Root to change : 4 with colors |1, 2, 5, 6, 7, 8, 11, 12|
Root to change : 13 with colors |1, 2, 4, 7, 8, 11, 12|
++++++++++++++++++++++
Trying improving 4, 11, 7, 14 with subs:
Root to change : 4 with colors |1, 2, 5, 6, 7, 8, 11, 12, 15|
Root to change : 14 with colors |1, 2, 4, 7, 8, 11, 12|
++++++++++++++++++++++
Trying improving 4, 11, 9, 14 with subs:
Root to change : 4 with colors |1, 2, 5, 6, 11, 12, 15|
Root to change : 11 with colors |2, 3, 4, 6, 9, 13, 15|
Root to change : 14 with colors |2, 3, 4, 5, 6, 9, 10, 13, 15|
++++++++++++++++++++++
Trying improving 4, 11, 13, 14 with subs:
Root to change : 4 with colors |1, 2, 5, 6, 7, 8, 11, 12|
Root to change : 11 with colors |2, 3, 4, 6, 9, 13, 15|
++++++++++++++++++++++
Trying improving 4, 11, 14, 14 with subs:
Root to change : 4 with colors |1, 2, 5, 6, 7, 8, 11, 12, 15|
Root to change : 11 with colors |2, 3, 4, 6, 9, 13, 15|
++++++++++++++++++++++
Trying improving 4, 13, 0, 7 with subs:
Root to change : 4 with colors |1, 2, 3, 7, 9, 10, 13, 14|
Root to change : 13 with colors |2, 4, 6, 7, 8, 11, 15|
Root to change : 7 with colors |2, 3, 4, 5, 9, 14, 15|
++++++++++++++++++++++
Trying improving 4, 13, 0, 11 with subs:
Root to change : 13 with colors |2, 3, 4, 6, 7, 8, 9, 11, 15|
Root to change : 0 with colors |1, 2, 4, 5, 6, 8, 11, 15|
Root to change : 11 with colors |2, 3, 4, 5, 9, 14, 15|
++++++++++++++++++++++
Trying improving 4, 13, 1, 7 with subs:
Root to change : 4 with colors |1, 2, 3, 7, 9, 10, 13, 14|
Root to change : 13 with colors |2, 4, 6, 7, 8, 11, 15|
++++++++++++++++++++++
Trying improving 4, 13, 1, 13 with subs:
Root to change : 4 with colors |1, 2, 3, 7, 9, 10, 13, 14|
Root to change : 1 with colors |2, 3, 4, 6, 9, 10, 13, 14|
++++++++++++++++++++++
Trying improving 4, 13, 1, 14 with subs:
Root to change : 4 with colors |1, 2, 3, 7, 9, 10, 13, 14|
Root to change : 1 with colors |2, 3, 5, 9, 10, 13, 14|
++++++++++++++++++++++
Trying improving 4, 13, 2, 7 with subs:
Root to change : 4 with colors |1, 2, 3, 7, 9, 10, 13, 14|
Root to change : 13 with colors |2, 4, 6, 7, 8, 11, 15|
Root to change : 7 with colors |1, 2, 4, 5, 6, 9, 11, 13, 14|
++++++++++++++++++++++
Trying improving 4, 13, 4, 7 with subs:
Root to change : 13 with colors |2, 4, 6, 7, 8, 11, 15|
Root to change : 7 with colors |2, 3, 4, 6, 8, 9, 11, 13, 15|
++++++++++++++++++++++
Trying improving 4, 13, 7, 7 with subs:
Root to change : 4 with colors |1, 2, 3, 7, 9, 10, 13, 14|
Root to change : 13 with colors |2, 4, 6, 7, 8, 11, 15|
++++++++++++++++++++++
Trying improving 4, 13, 7, 11 with subs:
Root to change : 13 with colors |2, 4, 6, 7, 8, 11, 15|
Root to change : 7 with colors |1, 2, 4, 5, 6, 8, 11, 15|
++++++++++++++++++++++
Trying improving 4, 13, 7, 13 with subs:
Root to change : 4 with colors |1, 2, 3, 7, 9, 10, 13, 14|
Root to change : 7 with colors |2, 3, 4, 6, 9, 10, 13, 14|
++++++++++++++++++++++
Trying improving 4, 13, 7, 14 with subs:
Root to change : 4 with colors |1, 2, 3, 7, 9, 10, 13, 14|
Root to change : 7 with colors |2, 3, 5, 9, 10, 13, 14|
++++++++++++++++++++++
Trying improving 5, 9, 4, 7 with subs:
Root to change : 9 with colors |1, 2, 5, 6, 11, 12, 15|
Root to change : 4 with colors |1, 2, 3, 7, 12, 13, 14|
Root to change : 7 with colors |2, 3, 4, 6, 8, 9, 11, 13, 15|
++++++++++++++++++++++
Trying improving 5, 9, 7, 11 with subs:
Root to change : 9 with colors |1, 2, 5, 6, 10, 11, 12, 14, 15|
Root to change : 7 with colors |1, 2, 4, 5, 6, 8, 11, 12, 15|
Root to change : 11 with colors |1, 2, 3, 7, 12, 13, 14|
++++++++++++++++++++++
Trying improving 5, 14, 4, 7 with subs:
Root to change : 14 with colors |1, 2, 5, 6, 11, 12, 15|
Root to change : 4 with colors |1, 2, 3, 7, 8, 11, 12, 13, 14|
Root to change : 7 with colors |2, 3, 4, 6, 9, 13, 15|
++++++++++++++++++++++
Trying improving 5, 14, 4, 11 with subs:
Root to change : 14 with colors |1, 2, 5, 6, 9, 10, 11, 12, 15|
Root to change : 4 with colors |1, 2, 5, 6, 7, 8, 11, 12, 15|
Root to change : 11 with colors |2, 3, 4, 6, 9, 13, 15|
++++++++++++++++++++++
Trying improving 6, 9, 0, 7 with subs:
Root to change : 6 with colors |2, 3, 5, 9, 10, 13, 14|
Root to change : 9 with colors |1, 2, 4, 5, 6, 8, 11, 15|
Root to change : 7 with colors |2, 3, 4, 5, 9, 11, 12, 14, 15|
++++++++++++++++++++++
Trying improving 6, 9, 1, 7 with subs:
Root to change : 6 with colors |2, 3, 5, 9, 10, 13, 14|
Root to change : 9 with colors |1, 2, 4, 5, 6, 8, 11, 15|
Root to change : 7 with colors |1, 2, 5, 6, 10, 11, 12, 14|
++++++++++++++++++++++
Trying improving 6, 9, 1, 13 with subs:
Root to change : 6 with colors |2, 3, 5, 9, 10, 13, 14|
Root to change : 1 with colors |2, 3, 4, 6, 9, 10, 13, 14|
Root to change : 13 with colors |1, 2, 5, 6, 10, 11, 12, 14|
++++++++++++++++++++++
Trying improving 6, 9, 2, 7 with subs:
Root to change : 6 with colors |2, 3, 5, 9, 10, 13, 14|
Root to change : 9 with colors |1, 2, 4, 5, 6, 8, 11, 15|
Root to change : 7 with colors |1, 2, 4, 5, 6, 9, 11, 13, 14|
++++++++++++++++++++++
Trying improving 6, 9, 4, 7 with subs:
Root to change : 9 with colors |1, 2, 4, 5, 6, 8, 11, 15|
Root to change : 7 with colors |2, 3, 4, 6, 8, 9, 11, 13, 15|
++++++++++++++++++++++
Trying improving 6, 9, 7, 7 with subs:
Root to change : 6 with colors |2, 3, 5, 9, 10, 13, 14|
Root to change : 9 with colors |1, 2, 4, 5, 6, 8, 11, 15|
++++++++++++++++++++++
Trying improving 6, 9, 7, 11 with subs:
Root to change : 9 with colors |1, 2, 4, 5, 6, 8, 11, 15|
Root to change : 7 with colors |1, 2, 4, 5, 6, 8, 11, 12, 15|
++++++++++++++++++++++
Trying improving 6, 9, 7, 13 with subs:
Root to change : 6 with colors |2, 3, 5, 9, 10, 13, 14|
Root to change : 7 with colors |2, 3, 4, 6, 9, 10, 13, 14|
++++++++++++++++++++++
Trying improving 6, 9, 7, 14 with subs:
Root to change : 6 with colors |2, 3, 5, 9, 10, 13, 14|
Root to change : 7 with colors |1, 2, 3, 5, 9, 10, 12, 13, 14|
++++++++++++++++++++++
Trying improving 6, 13, 0, 7 with subs:
Root to change : 6 with colors |1, 2, 3, 7, 9, 10, 13, 14|
Root to change : 13 with colors |1, 2, 4, 5, 6, 8, 11, 15|
Root to change : 7 with colors |2, 3, 4, 5, 9, 14, 15|
++++++++++++++++++++++
Trying improving 6, 13, 0, 11 with subs:
Root to change : 13 with colors |1, 2, 4, 5, 6, 8, 9, 10, 11, 15|
Root to change : 0 with colors |1, 2, 4, 5, 6, 8, 11, 12, 15|
Root to change : 11 with colors |2, 3, 4, 5, 9, 14, 15|
++++++++++++++++++++++
Trying improving 6, 13, 1, 7 with subs:
Root to change : 6 with colors |1, 2, 3, 7, 9, 10, 13, 14|
Root to change : 13 with colors |1, 2, 4, 5, 6, 8, 11, 15|
++++++++++++++++++++++
Trying improving 6, 13, 1, 13 with subs:
Root to change : 6 with colors |1, 2, 3, 7, 9, 10, 13, 14|
Root to change : 1 with colors |2, 3, 4, 6, 9, 10, 13, 14|
++++++++++++++++++++++
Trying improving 6, 13, 1, 14 with subs:
Root to change : 6 with colors |1, 2, 3, 7, 9, 10, 13, 14|
Root to change : 13 with colors |1, 2, 5, 6, 9, 10, 11, 15|
Root to change : 1 with colors |2, 3, 5, 9, 10, 13, 14|
++++++++++++++++++++++
Trying improving 6, 13, 2, 7 with subs:
Root to change : 6 with colors |1, 2, 3, 7, 9, 10, 13, 14|
Root to change : 13 with colors |1, 2, 4, 5, 6, 8, 11, 15|
Root to change : 7 with colors |1, 2, 4, 5, 6, 9, 11, 13, 14|
++++++++++++++++++++++
Trying improving 6, 13, 4, 7 with subs:
Root to change : 13 with colors |1, 2, 4, 5, 6, 8, 11, 15|
Root to change : 7 with colors |2, 3, 4, 6, 8, 9, 11, 13, 15|
++++++++++++++++++++++
Trying improving 6, 13, 7, 7 with subs:
Root to change : 6 with colors |1, 2, 3, 7, 9, 10, 13, 14|
Root to change : 13 with colors |1, 2, 4, 5, 6, 8, 11, 15|
++++++++++++++++++++++
Trying improving 6, 13, 7, 11 with subs:
Root to change : 13 with colors |1, 2, 4, 5, 6, 8, 11, 15|
Root to change : 7 with colors |1, 2, 4, 5, 6, 8, 11, 15|
++++++++++++++++++++++
Trying improving 6, 13, 7, 13 with subs:
Root to change : 6 with colors |1, 2, 3, 7, 9, 10, 13, 14|
Root to change : 7 with colors |2, 3, 4, 6, 9, 10, 13, 14|
++++++++++++++++++++++
Trying improving 6, 13, 7, 14 with subs:
Root to change : 6 with colors |1, 2, 3, 7, 9, 10, 13, 14|
Root to change : 7 with colors |2, 3, 5, 9, 10, 13, 14|
++++++++++++++++++++++
Trying improving 7, 7, 4, 9 with subs:
Root to change : 4 with colors |2, 3, 5, 9, 10, 13, 14|
Root to change : 9 with colors |2, 4, 6, 7, 8, 11, 15|
++++++++++++++++++++++
Trying improving 7, 7, 4, 13 with subs:
Root to change : 4 with colors |1, 2, 3, 7, 9, 10, 13, 14|
Root to change : 13 with colors |2, 4, 6, 7, 8, 11, 15|
++++++++++++++++++++++
Trying improving 7, 7, 6, 9 with subs:
Root to change : 6 with colors |2, 3, 5, 9, 10, 13, 14|
Root to change : 9 with colors |1, 2, 4, 5, 6, 8, 11, 15|
++++++++++++++++++++++
Trying improving 7, 7, 6, 13 with subs:
Root to change : 6 with colors |1, 2, 3, 7, 9, 10, 13, 14|
Root to change : 13 with colors |1, 2, 4, 5, 6, 8, 11, 15|
++++++++++++++++++++++
Trying improving 7, 11, 0, 9 with subs:
Root to change : 7 with colors |1, 2, 4, 5, 6, 8, 11, 12, 15|
Root to change : 11 with colors |1, 2, 3, 7, 12, 13, 14|
Root to change : 9 with colors |2, 3, 4, 5, 7, 11, 12, 14, 15|
++++++++++++++++++++++
Trying improving 7, 11, 2, 9 with subs:
Root to change : 7 with colors |1, 2, 4, 5, 6, 8, 11, 12, 15|
Root to change : 11 with colors |1, 2, 3, 7, 12, 13, 14|
Root to change : 9 with colors |1, 2, 4, 5, 6, 7, 11, 13, 14|
++++++++++++++++++++++
Trying improving 7, 11, 4, 9 with subs:
Root to change : 7 with colors |1, 2, 4, 5, 6, 8, 11, 12, 15|
Root to change : 9 with colors |2, 4, 6, 7, 8, 11, 15|
++++++++++++++++++++++
Trying improving 7, 11, 4, 13 with subs:
Root to change : 7 with colors |1, 2, 4, 5, 6, 8, 11, 15|
Root to change : 13 with colors |2, 4, 6, 7, 8, 11, 15|
++++++++++++++++++++++
Trying improving 7, 11, 5, 9 with subs:
Root to change : 7 with colors |1, 2, 4, 5, 6, 8, 11, 12, 15|
Root to change : 11 with colors |1, 2, 3, 7, 12, 13, 14|
Root to change : 9 with colors |1, 2, 5, 6, 10, 11, 12, 14, 15|
++++++++++++++++++++++
Trying improving 7, 11, 6, 9 with subs:
Root to change : 7 with colors |1, 2, 4, 5, 6, 8, 11, 12, 15|
Root to change : 9 with colors |1, 2, 4, 5, 6, 8, 11, 15|
++++++++++++++++++++++
Trying improving 7, 11, 6, 13 with subs:
Root to change : 7 with colors |1, 2, 4, 5, 6, 8, 11, 15|
Root to change : 13 with colors |1, 2, 4, 5, 6, 8, 11, 15|
++++++++++++++++++++++
Trying improving 7, 11, 9, 9 with subs:
Root to change : 7 with colors |1, 2, 4, 5, 6, 8, 11, 12, 15|
Root to change : 11 with colors |1, 2, 3, 7, 12, 13, 14|
++++++++++++++++++++++
Trying improving 7, 11, 9, 13 with subs:
Root to change : 7 with colors |1, 2, 4, 5, 6, 8, 11, 15|
Root to change : 11 with colors |1, 2, 3, 7, 12, 13, 14|
++++++++++++++++++++++
Trying improving 7, 11, 9, 14 with subs:
Root to change : 7 with colors |1, 2, 5, 6, 11, 12, 15|
Root to change : 11 with colors |1, 2, 3, 7, 12, 13, 14|
Root to change : 9 with colors |1, 2, 3, 5, 7, 10, 12, 13, 14|
++++++++++++++++++++++
Trying improving 7, 13, 0, 4 with subs:
Root to change : 7 with colors |2, 3, 4, 6, 9, 10, 13, 14|
Root to change : 13 with colors |1, 2, 4, 7, 8, 11, 12|
Root to change : 4 with colors |2, 3, 5, 7, 9, 12, 14|
++++++++++++++++++++++
Trying improving 7, 13, 0, 11 with subs:
Root to change : 13 with colors |1, 2, 3, 4, 7, 8, 11, 12, 14|
Root to change : 0 with colors |1, 2, 5, 6, 7, 8, 11, 12|
Root to change : 11 with colors |2, 3, 5, 7, 9, 12, 14|
++++++++++++++++++++++
Trying improving 7, 13, 2, 4 with subs:
Root to change : 7 with colors |2, 3, 4, 6, 9, 10, 13, 14|
Root to change : 13 with colors |1, 2, 4, 7, 8, 11, 12|
Root to change : 4 with colors |1, 2, 5, 6, 7, 9, 11, 13, 14|
++++++++++++++++++++++
Trying improving 7, 13, 4, 4 with subs:
Root to change : 7 with colors |2, 3, 4, 6, 9, 10, 13, 14|
Root to change : 13 with colors |1, 2, 4, 7, 8, 11, 12|
++++++++++++++++++++++
Trying improving 7, 13, 4, 6 with subs:
Root to change : 7 with colors |2, 3, 4, 6, 9, 10, 13, 14|
Root to change : 13 with colors |1, 2, 4, 7, 8, 11, 12|
++++++++++++++++++++++
Trying improving 7, 13, 4, 7 with subs:
Root to change : 13 with colors |1, 2, 4, 7, 8, 11, 12|
Root to change : 4 with colors |1, 2, 3, 7, 8, 11, 12, 13, 14|
++++++++++++++++++++++
Trying improving 7, 13, 4, 9 with subs:
Root to change : 7 with colors |2, 3, 4, 6, 9, 10, 13, 14|
Root to change : 4 with colors |2, 3, 5, 9, 10, 13, 14|
++++++++++++++++++++++
Trying improving 7, 13, 4, 11 with subs:
Root to change : 13 with colors |1, 2, 4, 7, 8, 11, 12|
Root to change : 4 with colors |1, 2, 5, 6, 7, 8, 11, 12|
++++++++++++++++++++++
Trying improving 7, 13, 4, 13 with subs:
Root to change : 7 with colors |2, 3, 4, 6, 9, 10, 13, 14|
Root to change : 4 with colors |1, 2, 3, 7, 9, 10, 13, 14|
++++++++++++++++++++++
Trying improving 7, 13, 6, 9 with subs:
Root to change : 7 with colors |2, 3, 4, 6, 9, 10, 13, 14|
Root to change : 6 with colors |2, 3, 5, 9, 10, 13, 14|
++++++++++++++++++++++
Trying improving 7, 13, 6, 13 with subs:
Root to change : 7 with colors |2, 3, 4, 6, 9, 10, 13, 14|
Root to change : 6 with colors |1, 2, 3, 7, 9, 10, 13, 14|
++++++++++++++++++++++
Trying improving 7, 14, 0, 4 with subs:
Root to change : 7 with colors |2, 3, 5, 9, 10, 13, 14|
Root to change : 14 with colors |1, 2, 4, 7, 8, 11, 12|
Root to change : 4 with colors |2, 3, 5, 7, 9, 11, 12, 14, 15|
++++++++++++++++++++++
Trying improving 7, 14, 2, 4 with subs:
Root to change : 7 with colors |2, 3, 5, 9, 10, 13, 14|
Root to change : 14 with colors |1, 2, 4, 7, 8, 11, 12|
Root to change : 4 with colors |1, 2, 5, 6, 7, 9, 11, 13, 14|
++++++++++++++++++++++
Trying improving 7, 14, 4, 4 with subs:
Root to change : 7 with colors |2, 3, 5, 9, 10, 13, 14|
Root to change : 14 with colors |1, 2, 4, 7, 8, 11, 12|
++++++++++++++++++++++
Trying improving 7, 14, 4, 6 with subs:
Root to change : 7 with colors |2, 3, 5, 9, 10, 13, 14|
Root to change : 14 with colors |1, 2, 4, 7, 8, 11, 12|
++++++++++++++++++++++
Trying improving 7, 14, 4, 7 with subs:
Root to change : 14 with colors |1, 2, 4, 7, 8, 11, 12|
Root to change : 4 with colors |1, 2, 3, 7, 8, 11, 12, 13, 14|
++++++++++++++++++++++
Trying improving 7, 14, 4, 9 with subs:
Root to change : 7 with colors |2, 3, 5, 9, 10, 13, 14|
Root to change : 4 with colors |2, 3, 5, 9, 10, 13, 14|
++++++++++++++++++++++
Trying improving 7, 14, 4, 11 with subs:
Root to change : 14 with colors |1, 2, 4, 7, 8, 11, 12|
Root to change : 4 with colors |1, 2, 5, 6, 7, 8, 11, 12, 15|
++++++++++++++++++++++
Trying improving 7, 14, 4, 13 with subs:
Root to change : 7 with colors |2, 3, 5, 9, 10, 13, 14|
Root to change : 4 with colors |1, 2, 3, 7, 9, 10, 13, 14|
++++++++++++++++++++++
Trying improving 7, 14, 6, 9 with subs:
Root to change : 7 with colors |1, 2, 3, 5, 9, 10, 12, 13, 14|
Root to change : 6 with colors |2, 3, 5, 9, 10, 13, 14|
++++++++++++++++++++++
Trying improving 7, 14, 6, 13 with subs:
Root to change : 7 with colors |2, 3, 5, 9, 10, 13, 14|
Root to change : 6 with colors |1, 2, 3, 7, 9, 10, 13, 14|
++++++++++++++++++++++
Trying improving 9, 9, 4, 7 with subs:
Root to change : 4 with colors |1, 2, 3, 7, 12, 13, 14|
Root to change : 7 with colors |2, 3, 4, 6, 8, 9, 11, 13, 15|
++++++++++++++++++++++
Trying improving 9, 9, 7, 11 with subs:
Root to change : 7 with colors |1, 2, 4, 5, 6, 8, 11, 12, 15|
Root to change : 11 with colors |1, 2, 3, 7, 12, 13, 14|
++++++++++++++++++++++
Trying improving 9, 13, 0, 11 with subs:
Root to change : 13 with colors |2, 3, 4, 5, 6, 9, 10, 14, 15|
Root to change : 0 with colors |1, 2, 4, 5, 6, 8, 11, 15|
Root to change : 11 with colors |2, 3, 4, 5, 7, 9, 12, 14, 15|
++++++++++++++++++++++
Trying improving 9, 13, 4, 7 with subs:
Root to change : 4 with colors |1, 2, 3, 7, 12, 13, 14|
Root to change : 7 with colors |2, 3, 4, 6, 8, 9, 11, 13, 15|
++++++++++++++++++++++
Trying improving 9, 13, 7, 11 with subs:
Root to change : 7 with colors |1, 2, 4, 5, 6, 8, 11, 15|
Root to change : 11 with colors |1, 2, 3, 7, 12, 13, 14|
++++++++++++++++++++++
Trying improving 9, 14, 4, 7 with subs:
Root to change : 4 with colors |1, 2, 3, 7, 12, 13, 14|
Root to change : 7 with colors |2, 3, 4, 6, 9, 13, 15|
++++++++++++++++++++++
Trying improving 9, 14, 4, 11 with subs:
Root to change : 14 with colors |2, 3, 4, 5, 6, 9, 10, 13, 15|
Root to change : 4 with colors |1, 2, 5, 6, 11, 12, 15|
Root to change : 11 with colors |2, 3, 4, 6, 9, 13, 15|
++++++++++++++++++++++
Trying improving 9, 14, 7, 11 with subs:
Root to change : 9 with colors |1, 2, 3, 5, 7, 10, 12, 13, 14|
Root to change : 7 with colors |1, 2, 5, 6, 11, 12, 15|
Root to change : 11 with colors |1, 2, 3, 7, 12, 13, 14|
++++++++++++++++++++++
Trying improving 13, 13, 0, 11 with subs:
Root to change : 0 with colors |1, 2, 4, 5, 6, 7, 8, 11, 12, 15|
Root to change : 11 with colors |2, 3, 4, 5, 7, 9, 12, 14, 15|
++++++++++++++++++++++
Trying improving 13, 13, 4, 7 with subs:
Root to change : 4 with colors |1, 2, 3, 7, 8, 11, 12, 13, 14|
Root to change : 7 with colors |2, 3, 4, 6, 8, 9, 11, 13, 15|
++++++++++++++++++++++
Trying improving 13, 14, 0, 11 with subs:
Root to change : 13 with colors |1, 2, 3, 5, 7, 9, 10, 12, 14|
Root to change : 0 with colors |1, 2, 5, 6, 7, 8, 11, 12|
Root to change : 11 with colors |2, 3, 4, 5, 7, 9, 12, 14, 15|
++++++++++++++++++++++
Trying improving 13, 14, 4, 7 with subs:
Root to change : 4 with colors |1, 2, 3, 7, 8, 11, 12, 13, 14|
Root to change : 7 with colors |2, 3, 4, 6, 9, 13, 15|
++++++++++++++++++++++
Trying improving 13, 14, 4, 11 with subs:
Root to change : 4 with colors |1, 2, 5, 6, 7, 8, 11, 12|
Root to change : 11 with colors |2, 3, 4, 6, 9, 13, 15|
++++++++++++++++++++++
Trying improving 14, 14, 4, 7 with subs:
Root to change : 4 with colors |1, 2, 3, 7, 8, 11, 12, 13, 14|
Root to change : 7 with colors |2, 3, 4, 6, 9, 13, 15|
++++++++++++++++++++++
Trying improving 14, 14, 4, 11 with subs:
Root to change : 4 with colors |1, 2, 5, 6, 7, 8, 11, 12, 15|
Root to change : 11 with colors |2, 3, 4, 6, 9, 13, 15|
++++++++++++++++++++++
Unable to be solved with SubSubProblem
