Trying substitutions to: 9
with goodVertices 2, 3, 4, 5, 7, 11, 12, 14, 15
bad color to improve: 1  8  with index 23
bad color to improve: 7  11  with index 95
bad color to improve: 7  12  with index 96
bad color to improve: 11  12  with index 122
4 bad colorings on level 1
bad coloring on level 2  |3, 10, 2, 4|
bad coloring on level 2  |5, 10, 2, 4|
bad coloring on level 2  |6, 10, 2, 4|
bad coloring on level 2  |9, 10, 2, 4|
bad coloring on level 2  |10, 10, 2, 4|
bad coloring on level 2  |10, 13, 2, 4|
bad coloring on level 2  |10, 14, 2, 4|
bad coloring on level 2  |10, 15, 2, 4|
bad coloring on level 2  |3, 4, 2, 5|
bad coloring on level 2  |3, 15, 2, 5|
bad coloring on level 2  |3, 10, 2, 6|
bad coloring on level 2  |3, 14, 2, 6|
bad coloring on level 2  |10, 13, 2, 6|
bad coloring on level 2  |5, 15, 2, 13|
bad coloring on level 2  |6, 10, 2, 13|
bad coloring on level 2  |10, 15, 2, 13|
bad coloring on level 2  |3, 15, 2, 14|
bad coloring on level 2  |4, 15, 2, 14|
bad coloring on level 2  |2, 5, 3, 4|
bad coloring on level 2  |5, 14, 3, 4|
bad coloring on level 2  |2, 4, 3, 10|
bad coloring on level 2  |2, 6, 3, 10|
bad coloring on level 2  |6, 13, 3, 10|
bad coloring on level 2  |5, 6, 3, 13|
bad coloring on level 2  |5, 15, 3, 13|
bad coloring on level 2  |6, 10, 3, 13|
bad coloring on level 2  |2, 6, 3, 14|
bad coloring on level 2  |4, 6, 3, 14|
bad coloring on level 2  |5, 6, 3, 14|
bad coloring on level 2  |6, 6, 3, 14|
bad coloring on level 2  |6, 9, 3, 14|
bad coloring on level 2  |6, 10, 3, 14|
bad coloring on level 2  |6, 13, 3, 14|
bad coloring on level 2  |6, 15, 3, 14|
bad coloring on level 2  |2, 5, 3, 15|
bad coloring on level 2  |2, 14, 3, 15|
bad coloring on level 2  |3, 14, 4, 6|
bad coloring on level 2  |10, 13, 4, 6|
bad coloring on level 2  |10, 14, 4, 6|
bad coloring on level 2  |5, 10, 4, 13|
bad coloring on level 2  |5, 15, 4, 13|
bad coloring on level 2  |6, 10, 4, 13|
bad coloring on level 2  |2, 14, 4, 15|
bad coloring on level 2  |5, 14, 4, 15|
bad coloring on level 2  |3, 13, 5, 6|
bad coloring on level 2  |3, 14, 5, 6|
bad coloring on level 2  |10, 13, 5, 6|
bad coloring on level 2  |2, 4, 5, 10|
bad coloring on level 2  |4, 13, 5, 10|
bad coloring on level 2  |6, 13, 5, 10|
bad coloring on level 2  |3, 4, 5, 14|
bad coloring on level 2  |4, 15, 5, 14|
bad coloring on level 2  |2, 13, 5, 15|
bad coloring on level 2  |3, 13, 5, 15|
bad coloring on level 2  |4, 13, 5, 15|
bad coloring on level 2  |6, 13, 5, 15|
bad coloring on level 2  |9, 13, 5, 15|
bad coloring on level 2  |10, 13, 5, 15|
bad coloring on level 2  |13, 13, 5, 15|
bad coloring on level 2  |13, 14, 5, 15|
bad coloring on level 2  |3, 14, 6, 6|
bad coloring on level 2  |10, 13, 6, 6|
bad coloring on level 2  |3, 14, 6, 9|
bad coloring on level 2  |10, 13, 6, 9|
bad coloring on level 2  |2, 4, 6, 10|
bad coloring on level 2  |2, 13, 6, 10|
bad coloring on level 2  |3, 13, 6, 10|
bad coloring on level 2  |3, 14, 6, 10|
bad coloring on level 2  |4, 13, 6, 10|
bad coloring on level 2  |6, 13, 6, 10|
bad coloring on level 2  |9, 13, 6, 10|
bad coloring on level 2  |10, 13, 6, 10|
bad coloring on level 2  |13, 13, 6, 10|
bad coloring on level 2  |13, 14, 6, 10|
bad coloring on level 2  |3, 10, 6, 13|
bad coloring on level 2  |3, 14, 6, 13|
bad coloring on level 2  |5, 10, 6, 13|
bad coloring on level 2  |5, 15, 6, 13|
bad coloring on level 2  |6, 10, 6, 13|
bad coloring on level 2  |9, 10, 6, 13|
bad coloring on level 2  |10, 10, 6, 13|
bad coloring on level 2  |10, 13, 6, 13|
bad coloring on level 2  |10, 14, 6, 13|
bad coloring on level 2  |10, 15, 6, 13|
bad coloring on level 2  |3, 14, 6, 15|
bad coloring on level 2  |10, 13, 6, 15|
bad coloring on level 2  |13, 14, 6, 15|
bad coloring on level 2  |2, 4, 9, 10|
bad coloring on level 2  |6, 13, 9, 10|
bad coloring on level 2  |5, 15, 9, 13|
bad coloring on level 2  |6, 10, 9, 13|
bad coloring on level 2  |2, 4, 10, 10|
bad coloring on level 2  |6, 13, 10, 10|
bad coloring on level 2  |2, 4, 10, 13|
bad coloring on level 2  |2, 6, 10, 13|
bad coloring on level 2  |4, 6, 10, 13|
bad coloring on level 2  |5, 6, 10, 13|
bad coloring on level 2  |5, 15, 10, 13|
bad coloring on level 2  |6, 6, 10, 13|
bad coloring on level 2  |6, 9, 10, 13|
bad coloring on level 2  |6, 10, 10, 13|
bad coloring on level 2  |6, 13, 10, 13|
bad coloring on level 2  |6, 15, 10, 13|
bad coloring on level 2  |2, 4, 10, 14|
bad coloring on level 2  |4, 6, 10, 14|
bad coloring on level 2  |6, 13, 10, 14|
bad coloring on level 2  |2, 4, 10, 15|
bad coloring on level 2  |2, 13, 10, 15|
bad coloring on level 2  |6, 13, 10, 15|
bad coloring on level 2  |5, 15, 13, 13|
bad coloring on level 2  |6, 10, 13, 13|
bad coloring on level 2  |5, 15, 13, 14|
bad coloring on level 2  |6, 10, 13, 14|
bad coloring on level 2  |6, 15, 13, 14|

114 bad colorings on level 2
Sub sub problem :
Trying improving 2, 4, 3, 10 with subs:
Root to change : 2 with colors |3, 4, 6, 7, 8, 9, 11, 13, 15|
Root to change : 4 with colors |1, 2, 5, 7, 9, 13, 14|
Root to change : 10 with colors |3, 4, 7, 8, 9, 12, 13, 14, 15|
++++++++++++++++++++++
Trying improving 2, 4, 5, 10 with subs:
Root to change : 2 with colors |3, 4, 6, 8, 9, 11, 15|
Root to change : 4 with colors |1, 2, 5, 6, 7, 9, 11, 13, 14|
Root to change : 10 with colors |1, 2, 5, 6, 9, 11, 12, 14, 15|
++++++++++++++++++++++
Trying improving 2, 4, 6, 10 with subs:
Root to change : 2 with colors |3, 4, 6, 8, 9, 11, 15|
Root to change : 4 with colors |1, 2, 5, 6, 9, 11, 14|
Root to change : 10 with colors |1, 2, 4, 5, 6, 8, 9, 11, 13, 15|
++++++++++++++++++++++
Trying improving 2, 4, 9, 10 with subs:
Root to change : 2 with colors |3, 4, 6, 7, 8, 9, 11, 13, 15|
Root to change : 4 with colors |1, 2, 5, 6, 7, 9, 11, 13, 14|
Root to change : 10 with colors |2, 3, 4, 5, 6, 9, 13, 14, 15|
++++++++++++++++++++++
Trying improving 2, 4, 10, 10 with subs:
Root to change : 2 with colors |3, 4, 6, 7, 8, 9, 11, 13, 15|
Root to change : 4 with colors |1, 2, 5, 6, 7, 9, 11, 13, 14|
++++++++++++++++++++++
Trying improving 2, 4, 10, 13 with subs:
Root to change : 2 with colors |3, 4, 7, 8, 9, 13, 15|
Root to change : 4 with colors |1, 2, 5, 7, 9, 13, 14|
Root to change : 10 with colors |1, 2, 3, 4, 6, 7, 8, 9, 13, 14|
++++++++++++++++++++++
Trying improving 2, 4, 10, 14 with subs:
Root to change : 2 with colors |3, 4, 7, 8, 9, 13, 15|
Root to change : 4 with colors |1, 2, 5, 6, 7, 9, 11, 13, 14|
Root to change : 10 with colors |1, 2, 3, 5, 7, 9, 12, 13, 14|
++++++++++++++++++++++
Trying improving 2, 4, 10, 15 with subs:
Root to change : 2 with colors |3, 4, 6, 7, 8, 9, 11, 13, 15|
Root to change : 4 with colors |1, 2, 5, 6, 9, 11, 14|
Root to change : 10 with colors |3, 4, 5, 6, 8, 9, 11, 12, 15|
++++++++++++++++++++++
Trying improving 2, 5, 3, 4 with subs:
Root to change : 2 with colors |5, 6, 9, 10, 11, 12, 15|
Root to change : 5 with colors |1, 2, 4, 6, 7, 9, 11, 13, 14|
Root to change : 3 with colors |2, 4, 6, 7, 8, 9, 11, 13, 15|
Root to change : 4 with colors |3, 7, 9, 10, 12, 13, 14|
++++++++++++++++++++++
Trying improving 2, 5, 3, 15 with subs:
Root to change : 2 with colors |1, 5, 6, 9, 10, 11, 12, 14, 15|
Root to change : 5 with colors |2, 4, 6, 7, 9, 11, 13|
Root to change : 3 with colors |4, 5, 6, 8, 9, 10, 11, 12, 15|
Root to change : 15 with colors |3, 7, 9, 10, 12, 13, 14|
++++++++++++++++++++++
Trying improving 2, 6, 3, 10 with subs:
Root to change : 2 with colors |4, 5, 6, 8, 9, 10, 11, 15|
Root to change : 6 with colors |1, 2, 5, 7, 9, 13, 14|
Root to change : 3 with colors |1, 5, 6, 9, 10, 12, 14, 15|
Root to change : 10 with colors |3, 4, 7, 8, 9, 13, 15|
++++++++++++++++++++++
Trying improving 2, 6, 3, 14 with subs:
Root to change : 6 with colors |1, 2, 4, 5, 7, 9, 11, 13, 14|
Root to change : 3 with colors |1, 2, 5, 7, 9, 10, 12, 13, 14|
Root to change : 14 with colors |3, 4, 7, 8, 9, 13, 15|
++++++++++++++++++++++
Trying improving 2, 6, 10, 13 with subs:
Root to change : 6 with colors |1, 2, 5, 7, 9, 13, 14|
Root to change : 10 with colors |1, 2, 3, 4, 6, 7, 8, 9, 13, 14|
Root to change : 13 with colors |1, 5, 6, 9, 10, 12, 14, 15|
++++++++++++++++++++++
Trying improving 2, 13, 5, 15 with subs:
Root to change : 13 with colors |1, 2, 4, 5, 6, 7, 9, 11, 14|
Root to change : 5 with colors |3, 4, 6, 8, 9, 11, 15|
Root to change : 15 with colors |1, 2, 5, 6, 9, 10, 11, 12, 14|
++++++++++++++++++++++
Trying improving 2, 13, 6, 10 with subs:
Root to change : 13 with colors |1, 2, 5, 6, 9, 11, 14|
Root to change : 6 with colors |1, 3, 5, 9, 10, 12, 13, 14|
Root to change : 10 with colors |1, 2, 4, 5, 6, 8, 9, 11, 13, 15|
++++++++++++++++++++++
Trying improving 2, 13, 10, 15 with subs:
Root to change : 2 with colors |3, 4, 7, 8, 9, 10, 13, 14|
Root to change : 13 with colors |1, 2, 5, 6, 9, 11, 14|
Root to change : 10 with colors |3, 4, 6, 8, 9, 11, 15|
Root to change : 15 with colors |1, 3, 5, 9, 10, 12, 13, 14|
++++++++++++++++++++++
Trying improving 2, 14, 3, 15 with subs:
Root to change : 2 with colors |1, 3, 5, 7, 9, 10, 12, 13, 14|
Root to change : 14 with colors |2, 4, 6, 7, 9, 11, 13|
Root to change : 3 with colors |5, 6, 9, 10, 11, 12, 15|
Root to change : 15 with colors |3, 4, 7, 8, 9, 10, 12, 13, 14|
++++++++++++++++++++++
Trying improving 2, 14, 4, 15 with subs:
Root to change : 2 with colors |3, 7, 9, 10, 12, 13, 14|
Root to change : 14 with colors |1, 2, 4, 5, 6, 7, 9, 11, 13|
Root to change : 4 with colors |5, 6, 9, 10, 11, 12, 15|
Root to change : 15 with colors |2, 3, 4, 6, 7, 8, 9, 11, 13|
++++++++++++++++++++++
Trying improving 3, 4, 2, 5 with subs:
Root to change : 3 with colors |2, 4, 6, 7, 8, 9, 11, 13, 15|
Root to change : 4 with colors |3, 7, 9, 10, 12, 13, 14|
Root to change : 2 with colors |5, 6, 9, 10, 11, 12, 15|
Root to change : 5 with colors |1, 2, 4, 6, 7, 9, 11, 13, 14|
++++++++++++++++++++++
Trying improving 3, 4, 5, 14 with subs:
Root to change : 3 with colors |2, 4, 6, 7, 9, 11, 13|
Root to change : 4 with colors |3, 7, 8, 9, 10, 12, 13, 14, 15|
Root to change : 5 with colors |1, 2, 3, 7, 9, 10, 12, 13, 14|
Root to change : 14 with colors |5, 6, 9, 10, 11, 12, 15|
++++++++++++++++++++++
Trying improving 3, 10, 2, 4 with subs:
Root to change : 10 with colors |3, 4, 7, 8, 9, 12, 13, 14, 15|
Root to change : 2 with colors |3, 4, 6, 7, 8, 9, 11, 13, 15|
Root to change : 4 with colors |1, 2, 5, 7, 9, 13, 14|
++++++++++++++++++++++
Trying improving 3, 10, 2, 6 with subs:
Root to change : 3 with colors |1, 5, 6, 9, 10, 12, 14, 15|
Root to change : 10 with colors |3, 4, 7, 8, 9, 13, 15|
Root to change : 2 with colors |4, 5, 6, 8, 9, 10, 11, 15|
Root to change : 6 with colors |1, 2, 5, 7, 9, 13, 14|
++++++++++++++++++++++
Trying improving 3, 10, 6, 13 with subs:
Root to change : 10 with colors |3, 4, 7, 8, 9, 13, 15|
Root to change : 6 with colors |1, 2, 3, 4, 7, 8, 9, 10, 13, 14|
Root to change : 13 with colors |4, 5, 6, 8, 9, 10, 11, 15|
++++++++++++++++++++++
Trying improving 3, 13, 5, 6 with subs:
Root to change : 3 with colors |1, 2, 4, 6, 7, 9, 13, 14|
Root to change : 13 with colors |3, 4, 8, 9, 10, 12, 15|
Root to change : 5 with colors |2, 4, 6, 8, 9, 11, 13, 15|
Root to change : 6 with colors |1, 2, 5, 9, 10, 12, 14|
++++++++++++++++++++++
Trying improving 3, 13, 5, 15 with subs:
Root to change : 13 with colors |3, 4, 7, 8, 9, 10, 12, 14, 15|
Root to change : 5 with colors |3, 4, 6, 8, 9, 10, 11, 12, 15|
Root to change : 15 with colors |1, 2, 5, 9, 10, 12, 14|
++++++++++++++++++++++
Trying improving 3, 13, 6, 10 with subs:
Root to change : 13 with colors |3, 4, 8, 9, 10, 12, 15|
Root to change : 6 with colors |1, 3, 5, 8, 9, 10, 12, 13, 14, 15|
Root to change : 10 with colors |2, 4, 6, 8, 9, 11, 13, 15|
++++++++++++++++++++++
Trying improving 3, 14, 2, 6 with subs:
Root to change : 3 with colors |1, 2, 5, 7, 9, 10, 12, 13, 14|
Root to change : 14 with colors |3, 4, 7, 8, 9, 13, 15|
Root to change : 6 with colors |1, 2, 4, 5, 7, 9, 11, 13, 14|
++++++++++++++++++++++
Trying improving 3, 14, 4, 6 with subs:
Root to change : 3 with colors |1, 2, 5, 7, 9, 13, 14|
Root to change : 14 with colors |3, 4, 7, 8, 9, 10, 12, 13, 15|
Root to change : 6 with colors |2, 3, 4, 7, 8, 9, 11, 13, 15|
++++++++++++++++++++++
Trying improving 3, 14, 5, 6 with subs:
Root to change : 3 with colors |1, 2, 5, 7, 9, 10, 12, 13, 14|
Root to change : 14 with colors |3, 4, 8, 9, 10, 12, 15|
Root to change : 6 with colors |1, 2, 5, 9, 10, 11, 12, 14, 15|
++++++++++++++++++++++
Trying improving 3, 14, 6, 6 with subs:
Root to change : 3 with colors |1, 2, 5, 7, 9, 10, 12, 13, 14|
Root to change : 14 with colors |3, 4, 7, 8, 9, 10, 12, 13, 15|
++++++++++++++++++++++
Trying improving 3, 14, 6, 9 with subs:
Root to change : 3 with colors |1, 2, 5, 7, 9, 10, 12, 13, 14|
Root to change : 14 with colors |3, 4, 7, 8, 9, 10, 12, 13, 15|
Root to change : 6 with colors |2, 3, 4, 5, 9, 10, 13, 14, 15|
++++++++++++++++++++++
Trying improving 3, 14, 6, 10 with subs:
Root to change : 3 with colors |1, 2, 5, 9, 10, 12, 14|
Root to change : 14 with colors |3, 4, 8, 9, 10, 12, 15|
Root to change : 6 with colors |1, 3, 5, 8, 9, 10, 12, 13, 14, 15|
++++++++++++++++++++++
Trying improving 3, 14, 6, 13 with subs:
Root to change : 3 with colors |1, 2, 5, 7, 9, 13, 14|
Root to change : 14 with colors |3, 4, 7, 8, 9, 13, 15|
Root to change : 6 with colors |1, 2, 3, 4, 7, 8, 9, 10, 13, 14|
++++++++++++++++++++++
Trying improving 3, 14, 6, 15 with subs:
Root to change : 3 with colors |1, 2, 5, 9, 10, 12, 14|
Root to change : 14 with colors |3, 4, 7, 8, 9, 10, 12, 13, 15|
Root to change : 6 with colors |3, 4, 5, 8, 9, 10, 11, 12, 15|
++++++++++++++++++++++
Trying improving 3, 15, 2, 5 with subs:
Root to change : 3 with colors |4, 5, 6, 8, 9, 10, 11, 12, 15|
Root to change : 15 with colors |3, 7, 9, 10, 12, 13, 14|
Root to change : 2 with colors |1, 5, 6, 9, 10, 11, 12, 14, 15|
Root to change : 5 with colors |2, 4, 6, 7, 9, 11, 13|
++++++++++++++++++++++
Trying improving 3, 15, 2, 14 with subs:
Root to change : 3 with colors |5, 6, 9, 10, 11, 12, 15|
Root to change : 15 with colors |3, 4, 7, 8, 9, 10, 12, 13, 14|
Root to change : 2 with colors |1, 3, 5, 7, 9, 10, 12, 13, 14|
Root to change : 14 with colors |2, 4, 6, 7, 9, 11, 13|
++++++++++++++++++++++
Trying improving 4, 6, 3, 14 with subs:
Root to change : 6 with colors |2, 3, 4, 7, 8, 9, 11, 13, 15|
Root to change : 3 with colors |1, 2, 5, 7, 9, 13, 14|
Root to change : 14 with colors |3, 4, 7, 8, 9, 10, 12, 13, 15|
++++++++++++++++++++++
Trying improving 4, 6, 10, 13 with subs:
Root to change : 6 with colors |3, 4, 7, 8, 9, 13, 15|
Root to change : 10 with colors |1, 2, 3, 4, 6, 7, 8, 9, 13, 14|
Root to change : 13 with colors |3, 5, 6, 8, 9, 10, 12, 15|
++++++++++++++++++++++
Trying improving 4, 6, 10, 14 with subs:
Root to change : 4 with colors |1, 2, 5, 6, 9, 10, 11, 15|
Root to change : 6 with colors |3, 4, 7, 8, 9, 13, 15|
Root to change : 10 with colors |1, 2, 5, 7, 9, 13, 14|
Root to change : 14 with colors |3, 5, 6, 8, 9, 10, 12, 15|
++++++++++++++++++++++
Trying improving 4, 13, 5, 10 with subs:
Root to change : 4 with colors |1, 2, 3, 7, 9, 10, 13, 14|
Root to change : 13 with colors |3, 4, 6, 8, 9, 11, 15|
Root to change : 5 with colors |3, 8, 9, 10, 12, 13, 14, 15|
Root to change : 10 with colors |1, 2, 5, 6, 9, 11, 14|
++++++++++++++++++++++
Trying improving 4, 13, 5, 15 with subs:
Root to change : 13 with colors |2, 3, 4, 6, 7, 8, 9, 11, 15|
Root to change : 5 with colors |3, 4, 6, 8, 9, 10, 11, 12, 15|
Root to change : 15 with colors |1, 2, 5, 6, 9, 11, 14|
++++++++++++++++++++++
Trying improving 4, 13, 6, 10 with subs:
Root to change : 13 with colors |3, 4, 6, 8, 9, 11, 15|
Root to change : 6 with colors |3, 8, 9, 10, 12, 13, 14, 15|
Root to change : 10 with colors |1, 2, 4, 5, 6, 8, 9, 11, 13, 15|
++++++++++++++++++++++
Trying improving 4, 15, 2, 14 with subs:
Root to change : 4 with colors |5, 6, 9, 10, 11, 12, 15|
Root to change : 15 with colors |2, 3, 4, 6, 7, 8, 9, 11, 13|
Root to change : 2 with colors |3, 7, 9, 10, 12, 13, 14|
Root to change : 14 with colors |1, 2, 4, 5, 6, 7, 9, 11, 13|
++++++++++++++++++++++
Trying improving 4, 15, 5, 14 with subs:
Root to change : 4 with colors |3, 5, 6, 8, 9, 10, 11, 12, 15|
Root to change : 15 with colors |2, 4, 6, 7, 9, 11, 13|
Root to change : 5 with colors |3, 7, 9, 10, 12, 13, 14|
Root to change : 14 with colors |1, 2, 5, 6, 9, 10, 11, 12, 15|
++++++++++++++++++++++
Trying improving 5, 6, 3, 13 with subs:
Root to change : 5 with colors |2, 4, 6, 8, 9, 11, 13, 15|
Root to change : 6 with colors |1, 2, 5, 9, 10, 12, 14|
Root to change : 3 with colors |1, 2, 4, 6, 7, 9, 13, 14|
Root to change : 13 with colors |3, 4, 8, 9, 10, 12, 15|
++++++++++++++++++++++
Trying improving 5, 6, 3, 14 with subs:
Root to change : 6 with colors |1, 2, 5, 9, 10, 11, 12, 14, 15|
Root to change : 3 with colors |1, 2, 5, 7, 9, 10, 12, 13, 14|
Root to change : 14 with colors |3, 4, 8, 9, 10, 12, 15|
++++++++++++++++++++++
Trying improving 5, 6, 10, 13 with subs:
Root to change : 6 with colors |1, 2, 5, 9, 10, 12, 14|
Root to change : 10 with colors |1, 2, 4, 6, 7, 9, 13, 14|
Root to change : 13 with colors |1, 3, 5, 6, 8, 9, 10, 12, 14, 15|
++++++++++++++++++++++
Trying improving 5, 10, 2, 4 with subs:
Root to change : 10 with colors |1, 2, 5, 6, 9, 11, 12, 14, 15|
Root to change : 2 with colors |3, 4, 6, 8, 9, 11, 15|
Root to change : 4 with colors |1, 2, 5, 6, 7, 9, 11, 13, 14|
++++++++++++++++++++++
Trying improving 5, 10, 4, 13 with subs:
Root to change : 5 with colors |3, 8, 9, 10, 12, 13, 14, 15|
Root to change : 10 with colors |1, 2, 5, 6, 9, 11, 14|
Root to change : 4 with colors |1, 2, 3, 7, 9, 10, 13, 14|
Root to change : 13 with colors |3, 4, 6, 8, 9, 11, 15|
++++++++++++++++++++++
Trying improving 5, 10, 6, 13 with subs:
Root to change : 10 with colors |1, 2, 5, 6, 9, 11, 14|
Root to change : 6 with colors |1, 2, 3, 7, 9, 10, 13, 14|
Root to change : 13 with colors |1, 2, 4, 5, 6, 8, 9, 10, 11, 15|
++++++++++++++++++++++
Trying improving 5, 14, 3, 4 with subs:
Root to change : 5 with colors |1, 2, 3, 7, 9, 10, 12, 13, 14|
Root to change : 14 with colors |5, 6, 9, 10, 11, 12, 15|
Root to change : 3 with colors |2, 4, 6, 7, 9, 11, 13|
Root to change : 4 with colors |3, 7, 8, 9, 10, 12, 13, 14, 15|
++++++++++++++++++++++
Trying improving 5, 14, 4, 15 with subs:
Root to change : 5 with colors |3, 7, 9, 10, 12, 13, 14|
Root to change : 14 with colors |1, 2, 5, 6, 9, 10, 11, 12, 15|
Root to change : 4 with colors |3, 5, 6, 8, 9, 10, 11, 12, 15|
Root to change : 15 with colors |2, 4, 6, 7, 9, 11, 13|
++++++++++++++++++++++
Trying improving 5, 15, 2, 13 with subs:
Root to change : 5 with colors |3, 4, 6, 8, 9, 11, 15|
Root to change : 15 with colors |1, 2, 5, 6, 9, 10, 11, 12, 14|
Root to change : 13 with colors |1, 2, 4, 5, 6, 7, 9, 11, 14|
++++++++++++++++++++++
Trying improving 5, 15, 3, 13 with subs:
Root to change : 5 with colors |3, 4, 6, 8, 9, 10, 11, 12, 15|
Root to change : 15 with colors |1, 2, 5, 9, 10, 12, 14|
Root to change : 13 with colors |3, 4, 7, 8, 9, 10, 12, 14, 15|
++++++++++++++++++++++
Trying improving 5, 15, 4, 13 with subs:
Root to change : 5 with colors |3, 4, 6, 8, 9, 10, 11, 12, 15|
Root to change : 15 with colors |1, 2, 5, 6, 9, 11, 14|
Root to change : 13 with colors |2, 3, 4, 6, 7, 8, 9, 11, 15|
++++++++++++++++++++++
Trying improving 5, 15, 6, 13 with subs:
Root to change : 5 with colors |3, 4, 6, 8, 9, 11, 15|
Root to change : 15 with colors |1, 2, 5, 6, 9, 11, 14|
Root to change : 13 with colors |1, 2, 4, 5, 6, 8, 9, 10, 11, 15|
++++++++++++++++++++++
Trying improving 5, 15, 9, 13 with subs:
Root to change : 5 with colors |3, 4, 6, 8, 9, 10, 11, 12, 15|
Root to change : 15 with colors |1, 2, 5, 6, 9, 10, 11, 12, 14|
Root to change : 13 with colors |2, 3, 4, 5, 6, 9, 10, 14, 15|
++++++++++++++++++++++
Trying improving 5, 15, 10, 13 with subs:
Root to change : 5 with colors |3, 4, 8, 9, 10, 12, 15|
Root to change : 15 with colors |1, 2, 5, 9, 10, 12, 14|
Root to change : 13 with colors |1, 3, 5, 6, 8, 9, 10, 12, 14, 15|
++++++++++++++++++++++
Trying improving 5, 15, 13, 13 with subs:
Root to change : 5 with colors |3, 4, 6, 8, 9, 10, 11, 12, 15|
Root to change : 15 with colors |1, 2, 5, 6, 9, 10, 11, 12, 14|
++++++++++++++++++++++
Trying improving 5, 15, 13, 14 with subs:
Root to change : 5 with colors |3, 4, 8, 9, 10, 12, 15|
Root to change : 15 with colors |1, 2, 5, 6, 9, 10, 11, 12, 14|
Root to change : 13 with colors |1, 2, 3, 5, 7, 9, 10, 12, 14|
++++++++++++++++++++++
Trying improving 6, 6, 3, 14 with subs:
Root to change : 3 with colors |1, 2, 5, 7, 9, 10, 12, 13, 14|
Root to change : 14 with colors |3, 4, 7, 8, 9, 10, 12, 13, 15|
++++++++++++++++++++++
Trying improving 6, 6, 10, 13 with subs:
Root to change : 10 with colors |1, 2, 3, 4, 6, 7, 8, 9, 13, 14|
Root to change : 13 with colors |1, 3, 5, 6, 8, 9, 10, 12, 14, 15|
++++++++++++++++++++++
Trying improving 6, 9, 3, 14 with subs:
Root to change : 6 with colors |2, 3, 4, 5, 9, 10, 13, 14, 15|
Root to change : 3 with colors |1, 2, 5, 7, 9, 10, 12, 13, 14|
Root to change : 14 with colors |3, 4, 7, 8, 9, 10, 12, 13, 15|
++++++++++++++++++++++
Trying improving 6, 9, 10, 13 with subs:
Root to change : 6 with colors |2, 3, 4, 5, 9, 10, 13, 14, 15|
Root to change : 10 with colors |1, 2, 3, 4, 6, 7, 8, 9, 13, 14|
Root to change : 13 with colors |1, 3, 5, 6, 8, 9, 10, 12, 14, 15|
++++++++++++++++++++++
Trying improving 6, 10, 2, 4 with subs:
Root to change : 10 with colors |1, 2, 4, 5, 6, 8, 9, 11, 13, 15|
Root to change : 2 with colors |3, 4, 6, 8, 9, 11, 15|
Root to change : 4 with colors |1, 2, 5, 6, 9, 11, 14|
++++++++++++++++++++++
Trying improving 6, 10, 2, 13 with subs:
Root to change : 6 with colors |1, 3, 5, 9, 10, 12, 13, 14|
Root to change : 10 with colors |1, 2, 4, 5, 6, 8, 9, 11, 13, 15|
Root to change : 13 with colors |1, 2, 5, 6, 9, 11, 14|
++++++++++++++++++++++
Trying improving 6, 10, 3, 13 with subs:
Root to change : 6 with colors |1, 3, 5, 8, 9, 10, 12, 13, 14, 15|
Root to change : 10 with colors |2, 4, 6, 8, 9, 11, 13, 15|
Root to change : 13 with colors |3, 4, 8, 9, 10, 12, 15|
++++++++++++++++++++++
Trying improving 6, 10, 3, 14 with subs:
Root to change : 6 with colors |1, 3, 5, 8, 9, 10, 12, 13, 14, 15|
Root to change : 3 with colors |1, 2, 5, 9, 10, 12, 14|
Root to change : 14 with colors |3, 4, 8, 9, 10, 12, 15|
++++++++++++++++++++++
Trying improving 6, 10, 4, 13 with subs:
Root to change : 6 with colors |3, 8, 9, 10, 12, 13, 14, 15|
Root to change : 10 with colors |1, 2, 4, 5, 6, 8, 9, 11, 13, 15|
Root to change : 13 with colors |3, 4, 6, 8, 9, 11, 15|
++++++++++++++++++++++
Trying improving 6, 10, 6, 13 with subs:
Root to change : 10 with colors |1, 2, 4, 5, 6, 8, 9, 11, 13, 15|
Root to change : 13 with colors |1, 2, 4, 5, 6, 8, 9, 10, 11, 15|
++++++++++++++++++++++
Trying improving 6, 10, 9, 13 with subs:
Root to change : 6 with colors |1, 3, 5, 8, 9, 10, 12, 13, 14, 15|
Root to change : 10 with colors |1, 2, 4, 5, 6, 8, 9, 11, 13, 15|
Root to change : 13 with colors |2, 3, 4, 5, 6, 9, 10, 14, 15|
++++++++++++++++++++++
Trying improving 6, 10, 10, 13 with subs:
Root to change : 6 with colors |1, 3, 5, 8, 9, 10, 12, 13, 14, 15|
Root to change : 13 with colors |1, 3, 5, 6, 8, 9, 10, 12, 14, 15|
++++++++++++++++++++++
Trying improving 6, 10, 13, 13 with subs:
Root to change : 6 with colors |1, 3, 5, 8, 9, 10, 12, 13, 14, 15|
Root to change : 10 with colors |1, 2, 4, 5, 6, 8, 9, 11, 13, 15|
++++++++++++++++++++++
Trying improving 6, 10, 13, 14 with subs:
Root to change : 6 with colors |1, 3, 5, 8, 9, 10, 12, 13, 14, 15|
Root to change : 10 with colors |1, 2, 4, 5, 6, 9, 11, 13|
Root to change : 13 with colors |1, 2, 5, 9, 10, 12, 14|
++++++++++++++++++++++
Trying improving 6, 13, 3, 10 with subs:
Root to change : 6 with colors |1, 2, 3, 4, 7, 8, 9, 10, 13, 14|
Root to change : 13 with colors |4, 5, 6, 8, 9, 10, 11, 15|
Root to change : 10 with colors |3, 4, 7, 8, 9, 13, 15|
++++++++++++++++++++++
Trying improving 6, 13, 3, 14 with subs:
Root to change : 6 with colors |1, 2, 3, 4, 7, 8, 9, 10, 13, 14|
Root to change : 3 with colors |1, 2, 5, 7, 9, 13, 14|
Root to change : 14 with colors |3, 4, 7, 8, 9, 13, 15|
++++++++++++++++++++++
Trying improving 6, 13, 5, 10 with subs:
Root to change : 6 with colors |1, 2, 3, 7, 9, 10, 13, 14|
Root to change : 13 with colors |1, 2, 4, 5, 6, 8, 9, 10, 11, 15|
Root to change : 10 with colors |1, 2, 5, 6, 9, 11, 14|
++++++++++++++++++++++
Trying improving 6, 13, 5, 15 with subs:
Root to change : 13 with colors |1, 2, 4, 5, 6, 8, 9, 10, 11, 15|
Root to change : 5 with colors |3, 4, 6, 8, 9, 11, 15|
Root to change : 15 with colors |1, 2, 5, 6, 9, 11, 14|
++++++++++++++++++++++
Trying improving 6, 13, 6, 10 with subs:
Root to change : 13 with colors |1, 2, 4, 5, 6, 8, 9, 10, 11, 15|
Root to change : 10 with colors |1, 2, 4, 5, 6, 8, 9, 11, 13, 15|
++++++++++++++++++++++
Trying improving 6, 13, 9, 10 with subs:
Root to change : 6 with colors |1, 2, 3, 4, 7, 8, 9, 10, 13, 14|
Root to change : 13 with colors |1, 2, 4, 5, 6, 8, 9, 10, 11, 15|
Root to change : 10 with colors |2, 3, 4, 5, 6, 9, 13, 14, 15|
++++++++++++++++++++++
Trying improving 6, 13, 10, 10 with subs:
Root to change : 6 with colors |1, 2, 3, 4, 7, 8, 9, 10, 13, 14|
Root to change : 13 with colors |1, 2, 4, 5, 6, 8, 9, 10, 11, 15|
++++++++++++++++++++++
Trying improving 6, 13, 10, 13 with subs:
Root to change : 6 with colors |1, 2, 3, 4, 7, 8, 9, 10, 13, 14|
Root to change : 10 with colors |1, 2, 3, 4, 6, 7, 8, 9, 13, 14|
++++++++++++++++++++++
Trying improving 6, 13, 10, 14 with subs:
Root to change : 6 with colors |1, 2, 3, 4, 7, 8, 9, 10, 13, 14|
Root to change : 13 with colors |1, 2, 5, 6, 9, 10, 11, 15|
Root to change : 10 with colors |1, 2, 5, 7, 9, 13, 14|
++++++++++++++++++++++
Trying improving 6, 13, 10, 15 with subs:
Root to change : 6 with colors |3, 4, 7, 8, 9, 10, 13, 14|
Root to change : 13 with colors |1, 2, 4, 5, 6, 8, 9, 10, 11, 15|
Root to change : 10 with colors |3, 4, 6, 8, 9, 11, 15|
++++++++++++++++++++++
Trying improving 6, 15, 3, 14 with subs:
Root to change : 6 with colors |3, 4, 5, 8, 9, 10, 11, 12, 15|
Root to change : 3 with colors |1, 2, 5, 9, 10, 12, 14|
Root to change : 14 with colors |3, 4, 7, 8, 9, 10, 12, 13, 15|
++++++++++++++++++++++
Trying improving 6, 15, 10, 13 with subs:
Root to change : 6 with colors |3, 4, 8, 9, 10, 12, 15|
Root to change : 10 with colors |2, 3, 4, 6, 7, 8, 9, 13|
Root to change : 13 with colors |1, 3, 5, 6, 8, 9, 10, 12, 14, 15|
++++++++++++++++++++++
Trying improving 6, 15, 13, 14 with subs:
Root to change : 6 with colors |3, 4, 8, 9, 10, 12, 15|
Root to change : 15 with colors |1, 2, 4, 5, 6, 9, 11, 13|
Root to change : 13 with colors |1, 2, 5, 9, 10, 12, 14|
Root to change : 14 with colors |2, 3, 4, 6, 7, 8, 9, 13|
++++++++++++++++++++++
Trying improving 9, 10, 2, 4 with subs:
Root to change : 10 with colors |2, 3, 4, 5, 6, 9, 13, 14, 15|
Root to change : 2 with colors |3, 4, 6, 7, 8, 9, 11, 13, 15|
Root to change : 4 with colors |1, 2, 5, 6, 7, 9, 11, 13, 14|
++++++++++++++++++++++
Trying improving 9, 10, 6, 13 with subs:
Root to change : 10 with colors |2, 3, 4, 5, 6, 9, 13, 14, 15|
Root to change : 6 with colors |1, 2, 3, 4, 7, 8, 9, 10, 13, 14|
Root to change : 13 with colors |1, 2, 4, 5, 6, 8, 9, 10, 11, 15|
++++++++++++++++++++++
Trying improving 9, 13, 5, 15 with subs:
Root to change : 13 with colors |2, 3, 4, 5, 6, 9, 10, 14, 15|
Root to change : 5 with colors |3, 4, 6, 8, 9, 10, 11, 12, 15|
Root to change : 15 with colors |1, 2, 5, 6, 9, 10, 11, 12, 14|
++++++++++++++++++++++
Trying improving 9, 13, 6, 10 with subs:
Root to change : 13 with colors |2, 3, 4, 5, 6, 9, 10, 14, 15|
Root to change : 6 with colors |1, 3, 5, 8, 9, 10, 12, 13, 14, 15|
Root to change : 10 with colors |1, 2, 4, 5, 6, 8, 9, 11, 13, 15|
++++++++++++++++++++++
Trying improving 10, 10, 2, 4 with subs:
Root to change : 2 with colors |3, 4, 6, 7, 8, 9, 11, 13, 15|
Root to change : 4 with colors |1, 2, 5, 6, 7, 9, 11, 13, 14|
++++++++++++++++++++++
Trying improving 10, 10, 6, 13 with subs:
Root to change : 6 with colors |1, 2, 3, 4, 7, 8, 9, 10, 13, 14|
Root to change : 13 with colors |1, 2, 4, 5, 6, 8, 9, 10, 11, 15|
++++++++++++++++++++++
Trying improving 10, 13, 2, 4 with subs:
Root to change : 10 with colors |1, 2, 3, 4, 6, 7, 8, 9, 13, 14|
Root to change : 2 with colors |3, 4, 7, 8, 9, 13, 15|
Root to change : 4 with colors |1, 2, 5, 7, 9, 13, 14|
++++++++++++++++++++++
Trying improving 10, 13, 2, 6 with subs:
Root to change : 10 with colors |1, 2, 3, 4, 6, 7, 8, 9, 13, 14|
Root to change : 13 with colors |1, 5, 6, 9, 10, 12, 14, 15|
Root to change : 6 with colors |1, 2, 5, 7, 9, 13, 14|
++++++++++++++++++++++
Trying improving 10, 13, 4, 6 with subs:
Root to change : 10 with colors |1, 2, 3, 4, 6, 7, 8, 9, 13, 14|
Root to change : 13 with colors |3, 5, 6, 8, 9, 10, 12, 15|
Root to change : 6 with colors |3, 4, 7, 8, 9, 13, 15|
++++++++++++++++++++++
Trying improving 10, 13, 5, 6 with subs:
Root to change : 10 with colors |1, 2, 4, 6, 7, 9, 13, 14|
Root to change : 13 with colors |1, 3, 5, 6, 8, 9, 10, 12, 14, 15|
Root to change : 6 with colors |1, 2, 5, 9, 10, 12, 14|
++++++++++++++++++++++
Trying improving 10, 13, 5, 15 with subs:
Root to change : 13 with colors |1, 3, 5, 6, 8, 9, 10, 12, 14, 15|
Root to change : 5 with colors |3, 4, 8, 9, 10, 12, 15|
Root to change : 15 with colors |1, 2, 5, 9, 10, 12, 14|
++++++++++++++++++++++
Trying improving 10, 13, 6, 6 with subs:
Root to change : 10 with colors |1, 2, 3, 4, 6, 7, 8, 9, 13, 14|
Root to change : 13 with colors |1, 3, 5, 6, 8, 9, 10, 12, 14, 15|
++++++++++++++++++++++
Trying improving 10, 13, 6, 9 with subs:
Root to change : 10 with colors |1, 2, 3, 4, 6, 7, 8, 9, 13, 14|
Root to change : 13 with colors |1, 3, 5, 6, 8, 9, 10, 12, 14, 15|
Root to change : 6 with colors |2, 3, 4, 5, 9, 10, 13, 14, 15|
++++++++++++++++++++++
Trying improving 10, 13, 6, 10 with subs:
Root to change : 13 with colors |1, 3, 5, 6, 8, 9, 10, 12, 14, 15|
Root to change : 6 with colors |1, 3, 5, 8, 9, 10, 12, 13, 14, 15|
++++++++++++++++++++++
Trying improving 10, 13, 6, 13 with subs:
Root to change : 10 with colors |1, 2, 3, 4, 6, 7, 8, 9, 13, 14|
Root to change : 6 with colors |1, 2, 3, 4, 7, 8, 9, 10, 13, 14|
++++++++++++++++++++++
Trying improving 10, 13, 6, 15 with subs:
Root to change : 10 with colors |2, 3, 4, 6, 7, 8, 9, 13|
Root to change : 13 with colors |1, 3, 5, 6, 8, 9, 10, 12, 14, 15|
Root to change : 6 with colors |3, 4, 8, 9, 10, 12, 15|
++++++++++++++++++++++
Trying improving 10, 14, 2, 4 with subs:
Root to change : 10 with colors |1, 2, 3, 5, 7, 9, 12, 13, 14|
Root to change : 2 with colors |3, 4, 7, 8, 9, 13, 15|
Root to change : 4 with colors |1, 2, 5, 6, 7, 9, 11, 13, 14|
++++++++++++++++++++++
Trying improving 10, 14, 4, 6 with subs:
Root to change : 10 with colors |1, 2, 5, 7, 9, 13, 14|
Root to change : 14 with colors |3, 5, 6, 8, 9, 10, 12, 15|
Root to change : 4 with colors |1, 2, 5, 6, 9, 10, 11, 15|
Root to change : 6 with colors |3, 4, 7, 8, 9, 13, 15|
++++++++++++++++++++++
Trying improving 10, 14, 6, 13 with subs:
Root to change : 10 with colors |1, 2, 5, 7, 9, 13, 14|
Root to change : 6 with colors |1, 2, 3, 4, 7, 8, 9, 10, 13, 14|
Root to change : 13 with colors |1, 2, 5, 6, 9, 10, 11, 15|
++++++++++++++++++++++
Trying improving 10, 15, 2, 4 with subs:
Root to change : 10 with colors |3, 4, 5, 6, 8, 9, 11, 12, 15|
Root to change : 2 with colors |3, 4, 6, 7, 8, 9, 11, 13, 15|
Root to change : 4 with colors |1, 2, 5, 6, 9, 11, 14|
++++++++++++++++++++++
Trying improving 10, 15, 2, 13 with subs:
Root to change : 10 with colors |3, 4, 6, 8, 9, 11, 15|
Root to change : 15 with colors |1, 3, 5, 9, 10, 12, 13, 14|
Root to change : 2 with colors |3, 4, 7, 8, 9, 10, 13, 14|
Root to change : 13 with colors |1, 2, 5, 6, 9, 11, 14|
++++++++++++++++++++++
Trying improving 10, 15, 6, 13 with subs:
Root to change : 10 with colors |3, 4, 6, 8, 9, 11, 15|
Root to change : 6 with colors |3, 4, 7, 8, 9, 10, 13, 14|
Root to change : 13 with colors |1, 2, 4, 5, 6, 8, 9, 10, 11, 15|
++++++++++++++++++++++
Trying improving 13, 13, 5, 15 with subs:
Root to change : 5 with colors |3, 4, 6, 8, 9, 10, 11, 12, 15|
Root to change : 15 with colors |1, 2, 5, 6, 9, 10, 11, 12, 14|
++++++++++++++++++++++
Trying improving 13, 13, 6, 10 with subs:
Root to change : 6 with colors |1, 3, 5, 8, 9, 10, 12, 13, 14, 15|
Root to change : 10 with colors |1, 2, 4, 5, 6, 8, 9, 11, 13, 15|
++++++++++++++++++++++
Trying improving 13, 14, 5, 15 with subs:
Root to change : 13 with colors |1, 2, 3, 5, 7, 9, 10, 12, 14|
Root to change : 5 with colors |3, 4, 8, 9, 10, 12, 15|
Root to change : 15 with colors |1, 2, 5, 6, 9, 10, 11, 12, 14|
++++++++++++++++++++++
Trying improving 13, 14, 6, 10 with subs:
Root to change : 13 with colors |1, 2, 5, 9, 10, 12, 14|
Root to change : 6 with colors |1, 3, 5, 8, 9, 10, 12, 13, 14, 15|
Root to change : 10 with colors |1, 2, 4, 5, 6, 9, 11, 13|
++++++++++++++++++++++
Trying improving 13, 14, 6, 15 with subs:
Root to change : 13 with colors |1, 2, 5, 9, 10, 12, 14|
Root to change : 14 with colors |2, 3, 4, 6, 7, 8, 9, 13|
Root to change : 6 with colors |3, 4, 8, 9, 10, 12, 15|
Root to change : 15 with colors |1, 2, 4, 5, 6, 9, 11, 13|
++++++++++++++++++++++
Unable to be solved with SubSubProblem
