Trying substitutions to: 4
with goodVertices 2, 3, 5, 7, 9, 12, 14
bad color to improve: 1  10  with index 25
bad color to improve: 1  14  with index 29
bad color to improve: 5  12  with index 77
bad color to improve: 5  14  with index 79
bad color to improve: 10  14  with index 119
bad color to improve: 12  14  with index 128
bad color to improve: 14  14  with index 133
7 bad colorings on level 1
bad coloring on level 2  |6, 8, 0, 0|
bad coloring on level 2  |6, 8, 0, 2|
bad coloring on level 2  |8, 15, 0, 2|
bad coloring on level 2  |6, 8, 0, 3|
bad coloring on level 2  |6, 11, 0, 3|
bad coloring on level 2  |6, 8, 0, 4|
bad coloring on level 2  |11, 15, 0, 4|
bad coloring on level 2  |6, 8, 0, 7|
bad coloring on level 2  |6, 15, 0, 7|
bad coloring on level 2  |6, 8, 0, 9|
bad coloring on level 2  |8, 11, 0, 9|
bad coloring on level 2  |3, 9, 0, 11|
bad coloring on level 2  |4, 15, 0, 11|
bad coloring on level 2  |6, 8, 0, 11|
bad coloring on level 2  |2, 7, 0, 15|
bad coloring on level 2  |4, 11, 0, 15|
bad coloring on level 2  |6, 8, 0, 15|
bad coloring on level 2  |6, 8, 2, 2|
bad coloring on level 2  |8, 15, 2, 2|
bad coloring on level 2  |6, 8, 2, 4|
bad coloring on level 2  |8, 15, 2, 4|
bad coloring on level 2  |11, 15, 2, 4|
bad coloring on level 2  |3, 7, 2, 6|
bad coloring on level 2  |3, 8, 2, 6|
bad coloring on level 2  |4, 8, 2, 6|
bad coloring on level 2  |6, 8, 2, 6|
bad coloring on level 2  |7, 8, 2, 6|
bad coloring on level 2  |8, 8, 2, 6|
bad coloring on level 2  |8, 11, 2, 6|
bad coloring on level 2  |8, 13, 2, 6|
bad coloring on level 2  |8, 15, 2, 6|
bad coloring on level 2  |0, 15, 2, 7|
bad coloring on level 2  |3, 15, 2, 7|
bad coloring on level 2  |4, 15, 2, 7|
bad coloring on level 2  |6, 8, 2, 7|
bad coloring on level 2  |6, 15, 2, 7|
bad coloring on level 2  |8, 15, 2, 7|
bad coloring on level 2  |9, 15, 2, 7|
bad coloring on level 2  |11, 15, 2, 7|
bad coloring on level 2  |15, 15, 2, 7|
bad coloring on level 2  |3, 8, 2, 9|
bad coloring on level 2  |4, 8, 2, 9|
bad coloring on level 2  |6, 8, 2, 9|
bad coloring on level 2  |7, 8, 2, 9|
bad coloring on level 2  |8, 8, 2, 9|
bad coloring on level 2  |8, 11, 2, 9|
bad coloring on level 2  |8, 13, 2, 9|
bad coloring on level 2  |8, 15, 2, 9|
bad coloring on level 2  |3, 9, 2, 11|
bad coloring on level 2  |3, 15, 2, 11|
bad coloring on level 2  |4, 15, 2, 11|
bad coloring on level 2  |6, 8, 2, 11|
bad coloring on level 2  |8, 15, 2, 11|
bad coloring on level 2  |6, 8, 2, 13|
bad coloring on level 2  |8, 15, 2, 13|
bad coloring on level 2  |11, 15, 2, 13|
bad coloring on level 2  |6, 8, 3, 3|
bad coloring on level 2  |6, 11, 3, 3|
bad coloring on level 2  |6, 8, 3, 4|
bad coloring on level 2  |6, 11, 3, 4|
bad coloring on level 2  |11, 15, 3, 4|
bad coloring on level 2  |2, 6, 3, 7|
bad coloring on level 2  |4, 6, 3, 7|
bad coloring on level 2  |6, 6, 3, 7|
bad coloring on level 2  |6, 8, 3, 7|
bad coloring on level 2  |6, 9, 3, 7|
bad coloring on level 2  |6, 11, 3, 7|
bad coloring on level 2  |6, 13, 3, 7|
bad coloring on level 2  |6, 15, 3, 7|
bad coloring on level 2  |2, 6, 3, 8|
bad coloring on level 2  |2, 9, 3, 8|
bad coloring on level 2  |4, 6, 3, 8|
bad coloring on level 2  |6, 6, 3, 8|
bad coloring on level 2  |6, 8, 3, 8|
bad coloring on level 2  |6, 9, 3, 8|
bad coloring on level 2  |6, 11, 3, 8|
bad coloring on level 2  |6, 13, 3, 8|
bad coloring on level 2  |6, 15, 3, 8|
bad coloring on level 2  |0, 11, 3, 9|
bad coloring on level 2  |2, 11, 3, 9|
bad coloring on level 2  |4, 11, 3, 9|
bad coloring on level 2  |6, 8, 3, 9|
bad coloring on level 2  |6, 11, 3, 9|
bad coloring on level 2  |7, 11, 3, 9|
bad coloring on level 2  |8, 11, 3, 9|
bad coloring on level 2  |11, 11, 3, 9|
bad coloring on level 2  |11, 15, 3, 9|
bad coloring on level 2  |6, 8, 3, 13|
bad coloring on level 2  |6, 11, 3, 13|
bad coloring on level 2  |11, 15, 3, 13|
bad coloring on level 2  |2, 7, 3, 15|
bad coloring on level 2  |2, 11, 3, 15|
bad coloring on level 2  |4, 11, 3, 15|
bad coloring on level 2  |6, 8, 3, 15|
bad coloring on level 2  |6, 11, 3, 15|
bad coloring on level 2  |6, 8, 4, 4|
bad coloring on level 2  |11, 15, 4, 4|
bad coloring on level 2  |3, 7, 4, 6|
bad coloring on level 2  |3, 8, 4, 6|
bad coloring on level 2  |4, 8, 4, 6|
bad coloring on level 2  |6, 8, 4, 6|
bad coloring on level 2  |7, 8, 4, 6|
bad coloring on level 2  |8, 8, 4, 6|
bad coloring on level 2  |8, 11, 4, 6|
bad coloring on level 2  |8, 13, 4, 6|
bad coloring on level 2  |8, 15, 4, 6|
bad coloring on level 2  |11, 15, 4, 6|
bad coloring on level 2  |6, 8, 4, 7|
bad coloring on level 2  |6, 15, 4, 7|
bad coloring on level 2  |11, 15, 4, 7|
bad coloring on level 2  |2, 6, 4, 8|
bad coloring on level 2  |2, 9, 4, 8|
bad coloring on level 2  |4, 6, 4, 8|
bad coloring on level 2  |6, 6, 4, 8|
bad coloring on level 2  |6, 8, 4, 8|
bad coloring on level 2  |6, 9, 4, 8|
bad coloring on level 2  |6, 11, 4, 8|
bad coloring on level 2  |6, 13, 4, 8|
bad coloring on level 2  |6, 15, 4, 8|
bad coloring on level 2  |11, 15, 4, 8|
bad coloring on level 2  |6, 8, 4, 9|
bad coloring on level 2  |8, 11, 4, 9|
bad coloring on level 2  |11, 15, 4, 9|
bad coloring on level 2  |0, 15, 4, 11|
bad coloring on level 2  |3, 9, 4, 11|
bad coloring on level 2  |3, 15, 4, 11|
bad coloring on level 2  |4, 15, 4, 11|
bad coloring on level 2  |6, 8, 4, 11|
bad coloring on level 2  |6, 15, 4, 11|
bad coloring on level 2  |8, 15, 4, 11|
bad coloring on level 2  |9, 15, 4, 11|
bad coloring on level 2  |11, 15, 4, 11|
bad coloring on level 2  |15, 15, 4, 11|
bad coloring on level 2  |6, 8, 4, 13|
bad coloring on level 2  |11, 15, 4, 13|
bad coloring on level 2  |0, 11, 4, 15|
bad coloring on level 2  |2, 7, 4, 15|
bad coloring on level 2  |2, 11, 4, 15|
bad coloring on level 2  |4, 11, 4, 15|
bad coloring on level 2  |6, 8, 4, 15|
bad coloring on level 2  |6, 11, 4, 15|
bad coloring on level 2  |7, 11, 4, 15|
bad coloring on level 2  |8, 11, 4, 15|
bad coloring on level 2  |11, 11, 4, 15|
bad coloring on level 2  |11, 15, 4, 15|
bad coloring on level 2  |3, 7, 6, 6|
bad coloring on level 2  |3, 8, 6, 6|
bad coloring on level 2  |4, 8, 6, 6|
bad coloring on level 2  |6, 8, 6, 6|
bad coloring on level 2  |7, 8, 6, 6|
bad coloring on level 2  |8, 8, 6, 6|
bad coloring on level 2  |8, 11, 6, 6|
bad coloring on level 2  |8, 13, 6, 6|
bad coloring on level 2  |8, 15, 6, 6|
bad coloring on level 2  |0, 0, 6, 8|
bad coloring on level 2  |0, 2, 6, 8|
bad coloring on level 2  |0, 3, 6, 8|
bad coloring on level 2  |0, 4, 6, 8|
bad coloring on level 2  |0, 7, 6, 8|
bad coloring on level 2  |0, 9, 6, 8|
bad coloring on level 2  |0, 11, 6, 8|
bad coloring on level 2  |0, 15, 6, 8|
bad coloring on level 2  |2, 2, 6, 8|
bad coloring on level 2  |2, 4, 6, 8|
bad coloring on level 2  |2, 6, 6, 8|
bad coloring on level 2  |2, 7, 6, 8|
bad coloring on level 2  |2, 9, 6, 8|
bad coloring on level 2  |2, 11, 6, 8|
bad coloring on level 2  |2, 13, 6, 8|
bad coloring on level 2  |3, 3, 6, 8|
bad coloring on level 2  |3, 4, 6, 8|
bad coloring on level 2  |3, 7, 6, 8|
bad coloring on level 2  |3, 8, 6, 8|
bad coloring on level 2  |3, 9, 6, 8|
bad coloring on level 2  |3, 13, 6, 8|
bad coloring on level 2  |3, 15, 6, 8|
bad coloring on level 2  |4, 4, 6, 8|
bad coloring on level 2  |4, 6, 6, 8|
bad coloring on level 2  |4, 7, 6, 8|
bad coloring on level 2  |4, 8, 6, 8|
bad coloring on level 2  |4, 9, 6, 8|
bad coloring on level 2  |4, 11, 6, 8|
bad coloring on level 2  |4, 13, 6, 8|
bad coloring on level 2  |4, 15, 6, 8|
bad coloring on level 2  |6, 6, 6, 8|
bad coloring on level 2  |6, 8, 6, 8|
bad coloring on level 2  |6, 9, 6, 8|
bad coloring on level 2  |6, 11, 6, 8|
bad coloring on level 2  |6, 13, 6, 8|
bad coloring on level 2  |6, 15, 6, 8|
bad coloring on level 2  |7, 7, 6, 8|
bad coloring on level 2  |7, 8, 6, 8|
bad coloring on level 2  |7, 11, 6, 8|
bad coloring on level 2  |7, 13, 6, 8|
bad coloring on level 2  |8, 8, 6, 8|
bad coloring on level 2  |8, 11, 6, 8|
bad coloring on level 2  |8, 13, 6, 8|
bad coloring on level 2  |8, 15, 6, 8|
bad coloring on level 2  |9, 9, 6, 8|
bad coloring on level 2  |9, 13, 6, 8|
bad coloring on level 2  |9, 15, 6, 8|
bad coloring on level 2  |11, 11, 6, 8|
bad coloring on level 2  |11, 15, 6, 8|
bad coloring on level 2  |13, 13, 6, 8|
bad coloring on level 2  |15, 15, 6, 8|
bad coloring on level 2  |3, 7, 6, 9|
bad coloring on level 2  |3, 8, 6, 9|
bad coloring on level 2  |4, 8, 6, 9|
bad coloring on level 2  |6, 8, 6, 9|
bad coloring on level 2  |7, 8, 6, 9|
bad coloring on level 2  |8, 8, 6, 9|
bad coloring on level 2  |8, 11, 6, 9|
bad coloring on level 2  |8, 13, 6, 9|
bad coloring on level 2  |8, 15, 6, 9|
bad coloring on level 2  |0, 3, 6, 11|
bad coloring on level 2  |3, 3, 6, 11|
bad coloring on level 2  |3, 4, 6, 11|
bad coloring on level 2  |3, 7, 6, 11|
bad coloring on level 2  |3, 8, 6, 11|
bad coloring on level 2  |3, 9, 6, 11|
bad coloring on level 2  |3, 13, 6, 11|
bad coloring on level 2  |3, 15, 6, 11|
bad coloring on level 2  |4, 8, 6, 11|
bad coloring on level 2  |4, 15, 6, 11|
bad coloring on level 2  |6, 8, 6, 11|
bad coloring on level 2  |7, 8, 6, 11|
bad coloring on level 2  |8, 8, 6, 11|
bad coloring on level 2  |8, 11, 6, 11|
bad coloring on level 2  |8, 13, 6, 11|
bad coloring on level 2  |8, 15, 6, 11|
bad coloring on level 2  |3, 7, 6, 13|
bad coloring on level 2  |3, 8, 6, 13|
bad coloring on level 2  |4, 8, 6, 13|
bad coloring on level 2  |6, 8, 6, 13|
bad coloring on level 2  |7, 8, 6, 13|
bad coloring on level 2  |8, 8, 6, 13|
bad coloring on level 2  |8, 11, 6, 13|
bad coloring on level 2  |8, 13, 6, 13|
bad coloring on level 2  |8, 15, 6, 13|
bad coloring on level 2  |11, 15, 6, 13|
bad coloring on level 2  |0, 7, 6, 15|
bad coloring on level 2  |2, 7, 6, 15|
bad coloring on level 2  |3, 7, 6, 15|
bad coloring on level 2  |3, 8, 6, 15|
bad coloring on level 2  |4, 7, 6, 15|
bad coloring on level 2  |4, 8, 6, 15|
bad coloring on level 2  |4, 11, 6, 15|
bad coloring on level 2  |6, 8, 6, 15|
bad coloring on level 2  |7, 7, 6, 15|
bad coloring on level 2  |7, 8, 6, 15|
bad coloring on level 2  |7, 11, 6, 15|
bad coloring on level 2  |7, 13, 6, 15|
bad coloring on level 2  |8, 8, 6, 15|
bad coloring on level 2  |8, 11, 6, 15|
bad coloring on level 2  |8, 13, 6, 15|
bad coloring on level 2  |8, 15, 6, 15|
bad coloring on level 2  |6, 8, 7, 7|
bad coloring on level 2  |6, 15, 7, 7|
bad coloring on level 2  |2, 6, 7, 8|
bad coloring on level 2  |2, 9, 7, 8|
bad coloring on level 2  |4, 6, 7, 8|
bad coloring on level 2  |6, 6, 7, 8|
bad coloring on level 2  |6, 8, 7, 8|
bad coloring on level 2  |6, 9, 7, 8|
bad coloring on level 2  |6, 11, 7, 8|
bad coloring on level 2  |6, 13, 7, 8|
bad coloring on level 2  |6, 15, 7, 8|
bad coloring on level 2  |3, 9, 7, 11|
bad coloring on level 2  |4, 15, 7, 11|
bad coloring on level 2  |6, 8, 7, 11|
bad coloring on level 2  |6, 15, 7, 11|
bad coloring on level 2  |9, 15, 7, 11|
bad coloring on level 2  |6, 8, 7, 13|
bad coloring on level 2  |6, 15, 7, 13|
bad coloring on level 2  |11, 15, 7, 13|
bad coloring on level 2  |2, 6, 8, 8|
bad coloring on level 2  |2, 9, 8, 8|
bad coloring on level 2  |4, 6, 8, 8|
bad coloring on level 2  |6, 6, 8, 8|
bad coloring on level 2  |6, 8, 8, 8|
bad coloring on level 2  |6, 9, 8, 8|
bad coloring on level 2  |6, 11, 8, 8|
bad coloring on level 2  |6, 13, 8, 8|
bad coloring on level 2  |6, 15, 8, 8|
bad coloring on level 2  |0, 9, 8, 11|
bad coloring on level 2  |2, 6, 8, 11|
bad coloring on level 2  |2, 9, 8, 11|
bad coloring on level 2  |3, 9, 8, 11|
bad coloring on level 2  |4, 6, 8, 11|
bad coloring on level 2  |4, 9, 8, 11|
bad coloring on level 2  |4, 15, 8, 11|
bad coloring on level 2  |6, 6, 8, 11|
bad coloring on level 2  |6, 8, 8, 11|
bad coloring on level 2  |6, 9, 8, 11|
bad coloring on level 2  |6, 11, 8, 11|
bad coloring on level 2  |6, 13, 8, 11|
bad coloring on level 2  |6, 15, 8, 11|
bad coloring on level 2  |9, 9, 8, 11|
bad coloring on level 2  |9, 13, 8, 11|
bad coloring on level 2  |9, 15, 8, 11|
bad coloring on level 2  |2, 6, 8, 13|
bad coloring on level 2  |2, 9, 8, 13|
bad coloring on level 2  |4, 6, 8, 13|
bad coloring on level 2  |6, 6, 8, 13|
bad coloring on level 2  |6, 8, 8, 13|
bad coloring on level 2  |6, 9, 8, 13|
bad coloring on level 2  |6, 11, 8, 13|
bad coloring on level 2  |6, 13, 8, 13|
bad coloring on level 2  |6, 15, 8, 13|
bad coloring on level 2  |11, 15, 8, 13|
bad coloring on level 2  |0, 2, 8, 15|
bad coloring on level 2  |2, 2, 8, 15|
bad coloring on level 2  |2, 4, 8, 15|
bad coloring on level 2  |2, 6, 8, 15|
bad coloring on level 2  |2, 7, 8, 15|
bad coloring on level 2  |2, 9, 8, 15|
bad coloring on level 2  |2, 11, 8, 15|
bad coloring on level 2  |2, 13, 8, 15|
bad coloring on level 2  |4, 6, 8, 15|
bad coloring on level 2  |4, 11, 8, 15|
bad coloring on level 2  |6, 6, 8, 15|
bad coloring on level 2  |6, 8, 8, 15|
bad coloring on level 2  |6, 9, 8, 15|
bad coloring on level 2  |6, 11, 8, 15|
bad coloring on level 2  |6, 13, 8, 15|
bad coloring on level 2  |6, 15, 8, 15|
bad coloring on level 2  |6, 8, 9, 9|
bad coloring on level 2  |8, 11, 9, 9|
bad coloring on level 2  |6, 8, 9, 13|
bad coloring on level 2  |8, 11, 9, 13|
bad coloring on level 2  |11, 15, 9, 13|
bad coloring on level 2  |2, 7, 9, 15|
bad coloring on level 2  |4, 11, 9, 15|
bad coloring on level 2  |6, 8, 9, 15|
bad coloring on level 2  |7, 11, 9, 15|
bad coloring on level 2  |8, 11, 9, 15|
bad coloring on level 2  |3, 9, 11, 11|
bad coloring on level 2  |4, 15, 11, 11|
bad coloring on level 2  |6, 8, 11, 11|
bad coloring on level 2  |0, 4, 11, 15|
bad coloring on level 2  |2, 4, 11, 15|
bad coloring on level 2  |2, 7, 11, 15|
bad coloring on level 2  |2, 13, 11, 15|
bad coloring on level 2  |3, 4, 11, 15|
bad coloring on level 2  |3, 9, 11, 15|
bad coloring on level 2  |3, 13, 11, 15|
bad coloring on level 2  |4, 4, 11, 15|
bad coloring on level 2  |4, 6, 11, 15|
bad coloring on level 2  |4, 7, 11, 15|
bad coloring on level 2  |4, 8, 11, 15|
bad coloring on level 2  |4, 9, 11, 15|
bad coloring on level 2  |4, 11, 11, 15|
bad coloring on level 2  |4, 13, 11, 15|
bad coloring on level 2  |4, 15, 11, 15|
bad coloring on level 2  |6, 8, 11, 15|
bad coloring on level 2  |6, 13, 11, 15|
bad coloring on level 2  |7, 13, 11, 15|
bad coloring on level 2  |8, 13, 11, 15|
bad coloring on level 2  |9, 13, 11, 15|
bad coloring on level 2  |13, 13, 11, 15|
bad coloring on level 2  |6, 8, 13, 13|
bad coloring on level 2  |11, 15, 13, 13|
bad coloring on level 2  |2, 7, 15, 15|
bad coloring on level 2  |4, 11, 15, 15|
bad coloring on level 2  |6, 8, 15, 15|

365 bad colorings on level 2
Sub sub problem :
Trying improving 0, 0, 6, 8 with subs:
Root to change : 6 with colors |1, 3, 4, 7, 8, 10, 11, 12, 13, 15|
Root to change : 8 with colors |1, 2, 4, 5, 6, 9, 10, 11, 13, 15|
++++++++++++++++++++++
Trying improving 0, 2, 6, 8 with subs:
Root to change : 6 with colors |1, 3, 4, 7, 8, 11, 12, 13|
Root to change : 8 with colors |1, 2, 4, 5, 6, 9, 10, 11, 13, 15|
++++++++++++++++++++++
Trying improving 0, 2, 8, 15 with subs:
Root to change : 2 with colors |3, 4, 5, 7, 9, 11, 12, 14, 15|
Root to change : 8 with colors |3, 4, 5, 6, 9, 10, 11, 12, 15|
Root to change : 15 with colors |1, 3, 4, 7, 8, 11, 12, 13|
++++++++++++++++++++++
Trying improving 0, 3, 6, 8 with subs:
Root to change : 6 with colors |1, 3, 4, 7, 8, 10, 11, 12, 13, 15|
Root to change : 8 with colors |2, 4, 5, 6, 9, 10, 13, 15|
++++++++++++++++++++++
Trying improving 0, 3, 6, 11 with subs:
Root to change : 3 with colors |2, 4, 5, 7, 9, 11, 12, 14, 15|
Root to change : 6 with colors |1, 2, 4, 5, 7, 8, 11, 12, 15|
Root to change : 11 with colors |2, 4, 5, 6, 9, 10, 13, 15|
++++++++++++++++++++++
Trying improving 0, 4, 6, 8 with subs:
Root to change : 6 with colors |1, 3, 4, 7, 8, 10, 11, 12, 13, 15|
Root to change : 8 with colors |1, 2, 4, 5, 6, 9, 10, 11, 13, 15|
++++++++++++++++++++++
Trying improving 0, 4, 11, 15 with subs:
Root to change : 4 with colors |2, 3, 5, 7, 9, 11, 12, 14, 15|
Root to change : 11 with colors |3, 4, 5, 6, 8, 9, 10, 12, 15|
Root to change : 15 with colors |1, 2, 4, 5, 6, 7, 8, 11, 12|
++++++++++++++++++++++
Trying improving 0, 7, 6, 8 with subs:
Root to change : 6 with colors |1, 3, 4, 7, 8, 10, 11, 12, 13, 15|
Root to change : 8 with colors |1, 2, 4, 5, 6, 9, 11, 13|
++++++++++++++++++++++
Trying improving 0, 7, 6, 15 with subs:
Root to change : 7 with colors |2, 3, 4, 5, 9, 11, 12, 14, 15|
Root to change : 6 with colors |3, 4, 5, 8, 9, 10, 11, 12, 15|
Root to change : 15 with colors |1, 2, 4, 5, 6, 9, 11, 13|
++++++++++++++++++++++
Trying improving 0, 9, 6, 8 with subs:
Root to change : 6 with colors |3, 4, 7, 8, 10, 12, 13, 15|
Root to change : 8 with colors |1, 2, 4, 5, 6, 9, 10, 11, 13, 15|
++++++++++++++++++++++
Trying improving 0, 9, 8, 11 with subs:
Root to change : 9 with colors |2, 3, 4, 5, 7, 11, 12, 14, 15|
Root to change : 8 with colors |1, 2, 4, 5, 6, 7, 11, 12, 15|
Root to change : 11 with colors |3, 4, 7, 8, 10, 12, 13, 15|
++++++++++++++++++++++
Trying improving 0, 11, 3, 9 with subs:
Root to change : 11 with colors |2, 3, 4, 5, 7, 9, 12, 14, 15|
Root to change : 3 with colors |2, 4, 5, 6, 9, 10, 13, 14, 15|
Root to change : 9 with colors |3, 4, 7, 8, 10, 12, 13, 14, 15|
++++++++++++++++++++++
Trying improving 0, 11, 4, 15 with subs:
Root to change : 11 with colors |2, 3, 4, 5, 7, 9, 12, 14, 15|
Root to change : 4 with colors |3, 5, 6, 8, 9, 10, 11, 12, 15|
Root to change : 15 with colors |2, 3, 4, 6, 7, 8, 9, 11, 13|
++++++++++++++++++++++
Trying improving 0, 11, 6, 8 with subs:
Root to change : 6 with colors |1, 3, 4, 7, 8, 10, 11, 12, 13, 15|
Root to change : 8 with colors |1, 2, 4, 5, 6, 9, 10, 11, 13, 15|
++++++++++++++++++++++
Trying improving 0, 15, 2, 7 with subs:
Root to change : 15 with colors |2, 3, 4, 5, 7, 9, 11, 12, 14|
Root to change : 2 with colors |1, 3, 4, 7, 8, 11, 12, 13, 14|
Root to change : 7 with colors |1, 2, 4, 5, 6, 9, 11, 13, 14|
++++++++++++++++++++++
Trying improving 0, 15, 4, 11 with subs:
Root to change : 15 with colors |2, 3, 4, 5, 7, 9, 11, 12, 14|
Root to change : 4 with colors |1, 2, 5, 6, 7, 8, 11, 12, 15|
Root to change : 11 with colors |2, 3, 4, 6, 7, 8, 9, 13, 15|
++++++++++++++++++++++
Trying improving 0, 15, 6, 8 with subs:
Root to change : 6 with colors |1, 3, 4, 7, 8, 10, 11, 12, 13, 15|
Root to change : 8 with colors |1, 2, 4, 5, 6, 9, 10, 11, 13, 15|
++++++++++++++++++++++
Trying improving 2, 2, 6, 8 with subs:
Root to change : 6 with colors |1, 3, 4, 7, 8, 11, 12, 13|
Root to change : 8 with colors |1, 2, 4, 5, 6, 9, 10, 11, 13, 15|
++++++++++++++++++++++
Trying improving 2, 2, 8, 15 with subs:
Root to change : 8 with colors |3, 4, 5, 6, 9, 10, 11, 12, 15|
Root to change : 15 with colors |1, 3, 4, 7, 8, 11, 12, 13|
++++++++++++++++++++++
Trying improving 2, 4, 6, 8 with subs:
Root to change : 6 with colors |1, 3, 4, 7, 8, 11, 12, 13|
Root to change : 8 with colors |1, 2, 4, 5, 6, 9, 10, 11, 13, 15|
++++++++++++++++++++++
Trying improving 2, 4, 8, 15 with subs:
Root to change : 2 with colors |3, 4, 7, 8, 9, 13, 15|
Root to change : 8 with colors |3, 4, 5, 6, 9, 10, 15|
Root to change : 15 with colors |1, 3, 4, 7, 8, 11, 12, 13|
++++++++++++++++++++++
Trying improving 2, 4, 11, 15 with subs:
Root to change : 4 with colors |1, 2, 5, 6, 9, 11, 14|
Root to change : 11 with colors |3, 4, 5, 6, 9, 10, 15|
Root to change : 15 with colors |1, 2, 4, 5, 6, 7, 8, 11, 12|
++++++++++++++++++++++
Trying improving 2, 6, 3, 7 with subs:
Root to change : 6 with colors |1, 2, 4, 5, 7, 9, 11, 13, 14|
Root to change : 3 with colors |1, 2, 4, 7, 11, 13, 14|
Root to change : 7 with colors |3, 4, 9, 10, 13, 14, 15|
++++++++++++++++++++++
Trying improving 2, 6, 3, 8 with subs:
Root to change : 6 with colors |1, 2, 4, 7, 11, 13, 14|
Root to change : 8 with colors |3, 4, 9, 10, 13, 14, 15|
++++++++++++++++++++++
Trying improving 2, 6, 4, 8 with subs:
Root to change : 6 with colors |1, 2, 4, 7, 11, 13, 14|
Root to change : 8 with colors |2, 3, 4, 6, 7, 9, 11, 13, 15|
++++++++++++++++++++++
Trying improving 2, 6, 6, 8 with subs:
Root to change : 8 with colors |1, 2, 4, 5, 6, 9, 10, 11, 13, 15|
++++++++++++++++++++++
Trying improving 2, 6, 7, 8 with subs:
Root to change : 6 with colors |1, 2, 4, 7, 11, 13, 14|
Root to change : 8 with colors |1, 2, 4, 7, 11, 13, 14|
++++++++++++++++++++++
Trying improving 2, 6, 8, 8 with subs:
Root to change : 6 with colors |1, 2, 4, 7, 11, 13, 14|
++++++++++++++++++++++
Trying improving 2, 6, 8, 11 with subs:
Root to change : 6 with colors |1, 2, 4, 7, 11, 13, 14|
Root to change : 8 with colors |1, 2, 4, 5, 6, 7, 11, 12, 15|
++++++++++++++++++++++
Trying improving 2, 6, 8, 13 with subs:
Root to change : 6 with colors |1, 2, 4, 7, 11, 13, 14|
Root to change : 8 with colors |1, 2, 3, 4, 6, 7, 9, 10, 13, 14|
++++++++++++++++++++++
Trying improving 2, 6, 8, 15 with subs:
Root to change : 8 with colors |3, 4, 5, 6, 9, 10, 11, 12, 15|
++++++++++++++++++++++
Trying improving 2, 7, 0, 15 with subs:
Root to change : 2 with colors |1, 3, 4, 7, 8, 11, 12, 13, 14|
Root to change : 7 with colors |1, 2, 4, 5, 6, 9, 11, 13, 14|
Root to change : 15 with colors |2, 3, 4, 5, 7, 9, 11, 12, 14|
++++++++++++++++++++++
Trying improving 2, 7, 3, 15 with subs:
Root to change : 2 with colors |1, 3, 4, 7, 8, 11, 12, 13, 14|
Root to change : 7 with colors |2, 4, 5, 6, 9, 13, 14|
Root to change : 15 with colors |3, 4, 7, 8, 9, 10, 12, 13, 14|
++++++++++++++++++++++
Trying improving 2, 7, 4, 15 with subs:
Root to change : 2 with colors |3, 4, 7, 8, 12, 13, 14|
Root to change : 7 with colors |2, 4, 5, 6, 9, 13, 14|
Root to change : 15 with colors |2, 3, 4, 6, 7, 8, 9, 11, 13|
++++++++++++++++++++++
Trying improving 2, 7, 6, 8 with subs:
Root to change : 6 with colors |1, 3, 4, 7, 8, 11, 12, 13|
Root to change : 8 with colors |1, 2, 4, 5, 6, 9, 11, 13|
++++++++++++++++++++++
Trying improving 2, 7, 6, 15 with subs:
Root to change : 7 with colors |1, 2, 4, 5, 6, 9, 11, 13, 14|
Root to change : 15 with colors |1, 2, 4, 5, 6, 9, 11, 13|
++++++++++++++++++++++
Trying improving 2, 7, 8, 15 with subs:
Root to change : 2 with colors |1, 3, 4, 7, 8, 11, 12, 13, 14|
Root to change : 15 with colors |1, 3, 4, 7, 8, 11, 12, 13|
++++++++++++++++++++++
Trying improving 2, 7, 9, 15 with subs:
Root to change : 2 with colors |3, 4, 7, 8, 12, 13, 14|
Root to change : 7 with colors |1, 2, 4, 5, 6, 9, 11, 13, 14|
Root to change : 15 with colors |2, 3, 4, 5, 6, 9, 10, 13, 14|
++++++++++++++++++++++
Trying improving 2, 7, 11, 15 with subs:
Root to change : 2 with colors |1, 3, 7, 8, 11, 12, 14|
Root to change : 7 with colors |1, 2, 5, 6, 9, 11, 14|
Root to change : 15 with colors |1, 2, 4, 5, 6, 7, 8, 11, 12|
++++++++++++++++++++++
Trying improving 2, 7, 15, 15 with subs:
Root to change : 2 with colors |1, 3, 4, 7, 8, 11, 12, 13, 14|
Root to change : 7 with colors |1, 2, 4, 5, 6, 9, 11, 13, 14|
++++++++++++++++++++++
Trying improving 2, 9, 3, 8 with subs:
Root to change : 2 with colors |3, 4, 9, 10, 13, 14, 15|
Root to change : 9 with colors |1, 2, 4, 7, 11, 13, 14|
Root to change : 8 with colors |3, 4, 7, 9, 10, 12, 13, 14, 15|
++++++++++++++++++++++
Trying improving 2, 9, 4, 8 with subs:
Root to change : 2 with colors |3, 4, 9, 10, 13, 14, 15|
Root to change : 9 with colors |1, 2, 4, 7, 11, 13, 14|
Root to change : 8 with colors |2, 3, 4, 6, 7, 9, 11, 13, 15|
++++++++++++++++++++++
Trying improving 2, 9, 6, 8 with subs:
Root to change : 8 with colors |1, 2, 4, 5, 6, 9, 10, 11, 13, 15|
++++++++++++++++++++++
Trying improving 2, 9, 7, 8 with subs:
Root to change : 2 with colors |3, 4, 9, 10, 13, 14, 15|
Root to change : 9 with colors |1, 2, 4, 7, 11, 13, 14|
Root to change : 8 with colors |1, 2, 3, 4, 7, 11, 12, 13, 14|
++++++++++++++++++++++
Trying improving 2, 9, 8, 8 with subs:
Root to change : 2 with colors |3, 4, 9, 10, 13, 14, 15|
Root to change : 9 with colors |1, 2, 4, 7, 11, 13, 14|
++++++++++++++++++++++
Trying improving 2, 9, 8, 11 with subs:
Root to change : 9 with colors |1, 2, 4, 7, 11, 13, 14|
Root to change : 8 with colors |1, 2, 4, 5, 6, 7, 11, 12, 15|
++++++++++++++++++++++
Trying improving 2, 9, 8, 13 with subs:
Root to change : 2 with colors |3, 4, 9, 10, 13, 14, 15|
Root to change : 9 with colors |1, 2, 4, 7, 11, 13, 14|
Root to change : 8 with colors |1, 2, 3, 4, 6, 7, 9, 10, 13, 14|
++++++++++++++++++++++
Trying improving 2, 9, 8, 15 with subs:
Root to change : 2 with colors |3, 4, 9, 10, 13, 14, 15|
Root to change : 8 with colors |3, 4, 5, 6, 9, 10, 11, 12, 15|
++++++++++++++++++++++
Trying improving 2, 11, 3, 9 with subs:
Root to change : 11 with colors |1, 2, 4, 5, 6, 7, 9, 13, 14|
Root to change : 3 with colors |2, 4, 5, 6, 9, 10, 13, 14, 15|
Root to change : 9 with colors |3, 4, 7, 8, 12, 13, 14|
++++++++++++++++++++++
Trying improving 2, 11, 3, 15 with subs:
Root to change : 2 with colors |1, 5, 7, 8, 11, 12, 15|
Root to change : 11 with colors |2, 4, 5, 6, 9, 13, 14|
Root to change : 3 with colors |5, 6, 9, 10, 11, 12, 15|
Root to change : 15 with colors |3, 4, 7, 8, 12, 13, 14|
++++++++++++++++++++++
Trying improving 2, 11, 4, 15 with subs:
Root to change : 11 with colors |2, 4, 5, 6, 9, 13, 14|
Root to change : 4 with colors |5, 6, 9, 10, 11, 12, 15|
Root to change : 15 with colors |2, 3, 4, 6, 7, 8, 9, 11, 13|
++++++++++++++++++++++
Trying improving 2, 11, 6, 8 with subs:
Root to change : 6 with colors |1, 3, 4, 7, 8, 11, 12, 13|
Root to change : 8 with colors |1, 2, 4, 5, 6, 9, 10, 11, 13, 15|
++++++++++++++++++++++
Trying improving 2, 11, 8, 15 with subs:
Root to change : 2 with colors |1, 5, 7, 8, 11, 12, 15|
Root to change : 8 with colors |5, 6, 9, 10, 11, 12, 15|
Root to change : 15 with colors |1, 3, 4, 7, 8, 11, 12, 13|
++++++++++++++++++++++
Trying improving 2, 13, 6, 8 with subs:
Root to change : 6 with colors |1, 3, 4, 7, 8, 11, 12, 13|
Root to change : 8 with colors |1, 2, 4, 5, 6, 9, 10, 11, 13, 15|
++++++++++++++++++++++
Trying improving 2, 13, 8, 15 with subs:
Root to change : 2 with colors |3, 4, 7, 8, 9, 10, 13, 14|
Root to change : 8 with colors |3, 4, 5, 6, 9, 10, 15|
Root to change : 15 with colors |1, 3, 4, 7, 8, 11, 12, 13|
++++++++++++++++++++++
Trying improving 2, 13, 11, 15 with subs:
Root to change : 13 with colors |1, 2, 5, 6, 9, 11, 14|
Root to change : 11 with colors |3, 4, 5, 6, 9, 10, 15|
Root to change : 15 with colors |1, 2, 4, 5, 6, 7, 8, 11, 12|
++++++++++++++++++++++
Trying improving 3, 3, 6, 8 with subs:
Root to change : 6 with colors |1, 3, 4, 7, 8, 10, 11, 12, 13, 15|
Root to change : 8 with colors |2, 4, 5, 6, 9, 10, 13, 15|
++++++++++++++++++++++
Trying improving 3, 3, 6, 11 with subs:
Root to change : 6 with colors |1, 2, 4, 5, 7, 8, 11, 12, 15|
Root to change : 11 with colors |2, 4, 5, 6, 9, 10, 13, 15|
++++++++++++++++++++++
Trying improving 3, 4, 6, 8 with subs:
Root to change : 6 with colors |1, 3, 4, 7, 8, 10, 11, 12, 13, 15|
Root to change : 8 with colors |2, 4, 5, 6, 9, 10, 13, 15|
++++++++++++++++++++++
Trying improving 3, 4, 6, 11 with subs:
Root to change : 3 with colors |2, 4, 6, 7, 9, 11, 13|
Root to change : 6 with colors |1, 2, 4, 7, 8, 11, 12|
Root to change : 11 with colors |2, 4, 5, 6, 9, 10, 13, 15|
++++++++++++++++++++++
Trying improving 3, 4, 11, 15 with subs:
Root to change : 4 with colors |3, 7, 8, 10, 12, 14, 15|
Root to change : 11 with colors |3, 4, 5, 6, 8, 9, 10, 12, 15|
Root to change : 15 with colors |1, 2, 4, 7, 8, 11, 12|
++++++++++++++++++++++
Trying improving 3, 7, 2, 6 with subs:
Root to change : 3 with colors |1, 2, 4, 7, 11, 13, 14|
Root to change : 7 with colors |3, 4, 9, 10, 13, 14, 15|
Root to change : 6 with colors |1, 2, 4, 5, 7, 9, 11, 13, 14|
++++++++++++++++++++++
Trying improving 3, 7, 4, 6 with subs:
Root to change : 3 with colors |1, 2, 4, 7, 11, 13, 14|
Root to change : 7 with colors |3, 4, 9, 10, 13, 14, 15|
Root to change : 6 with colors |2, 3, 4, 7, 8, 9, 11, 13, 15|
++++++++++++++++++++++
Trying improving 3, 7, 6, 6 with subs:
Root to change : 3 with colors |1, 2, 4, 7, 11, 13, 14|
Root to change : 7 with colors |3, 4, 9, 10, 13, 14, 15|
++++++++++++++++++++++
Trying improving 3, 7, 6, 8 with subs:
Root to change : 6 with colors |1, 3, 4, 7, 8, 10, 11, 12, 13, 15|
++++++++++++++++++++++
Trying improving 3, 7, 6, 9 with subs:
Root to change : 3 with colors |1, 2, 4, 7, 11, 13, 14|
Root to change : 7 with colors |3, 4, 9, 10, 13, 14, 15|
Root to change : 6 with colors |2, 3, 4, 5, 9, 10, 13, 14, 15|
++++++++++++++++++++++
Trying improving 3, 7, 6, 11 with subs:
Root to change : 3 with colors |1, 2, 4, 7, 11, 13, 14|
Root to change : 6 with colors |1, 2, 4, 5, 7, 8, 11, 12, 15|
++++++++++++++++++++++
Trying improving 3, 7, 6, 13 with subs:
Root to change : 3 with colors |1, 2, 4, 7, 11, 13, 14|
Root to change : 7 with colors |3, 4, 9, 10, 13, 14, 15|
Root to change : 6 with colors |1, 2, 3, 4, 7, 8, 9, 10, 13, 14|
++++++++++++++++++++++
Trying improving 3, 7, 6, 15 with subs:
Root to change : 7 with colors |3, 4, 9, 10, 13, 14, 15|
Root to change : 6 with colors |3, 4, 5, 8, 9, 10, 11, 12, 15|
++++++++++++++++++++++
Trying improving 3, 8, 2, 6 with subs:
Root to change : 8 with colors |3, 4, 9, 10, 13, 14, 15|
Root to change : 6 with colors |1, 2, 4, 7, 11, 13, 14|
++++++++++++++++++++++
Trying improving 3, 8, 2, 9 with subs:
Root to change : 8 with colors |3, 4, 7, 9, 10, 12, 13, 14, 15|
Root to change : 2 with colors |3, 4, 9, 10, 13, 14, 15|
Root to change : 9 with colors |1, 2, 4, 7, 11, 13, 14|
++++++++++++++++++++++
Trying improving 3, 8, 4, 6 with subs:
Root to change : 8 with colors |3, 4, 9, 10, 13, 14, 15|
Root to change : 6 with colors |2, 3, 4, 7, 8, 9, 11, 13, 15|
++++++++++++++++++++++
Trying improving 3, 8, 6, 6 with subs:
Root to change : 8 with colors |3, 4, 9, 10, 13, 14, 15|
++++++++++++++++++++++
Trying improving 3, 8, 6, 8 with subs:
Root to change : 6 with colors |1, 3, 4, 7, 8, 10, 11, 12, 13, 15|
++++++++++++++++++++++
Trying improving 3, 8, 6, 9 with subs:
Root to change : 8 with colors |3, 4, 9, 10, 13, 14, 15|
Root to change : 6 with colors |3, 4, 9, 10, 13, 14, 15|
++++++++++++++++++++++
Trying improving 3, 8, 6, 11 with subs:
Root to change : 6 with colors |1, 2, 4, 5, 7, 8, 11, 12, 15|
++++++++++++++++++++++
Trying improving 3, 8, 6, 13 with subs:
Root to change : 8 with colors |3, 4, 9, 10, 13, 14, 15|
Root to change : 6 with colors |1, 2, 3, 4, 7, 8, 9, 10, 13, 14|
++++++++++++++++++++++
Trying improving 3, 8, 6, 15 with subs:
Root to change : 8 with colors |3, 4, 9, 10, 13, 14, 15|
Root to change : 6 with colors |3, 4, 5, 8, 9, 10, 11, 12, 15|
++++++++++++++++++++++
Trying improving 3, 9, 0, 11 with subs:
Root to change : 3 with colors |2, 4, 5, 6, 9, 10, 13, 14, 15|
Root to change : 9 with colors |3, 4, 7, 8, 10, 12, 13, 14, 15|
Root to change : 11 with colors |2, 3, 4, 5, 7, 9, 12, 14, 15|
++++++++++++++++++++++
Trying improving 3, 9, 2, 11 with subs:
Root to change : 3 with colors |2, 4, 5, 6, 9, 10, 13, 14, 15|
Root to change : 9 with colors |3, 4, 7, 8, 12, 13, 14|
Root to change : 11 with colors |1, 2, 4, 5, 6, 7, 9, 13, 14|
++++++++++++++++++++++
Trying improving 3, 9, 4, 11 with subs:
Root to change : 3 with colors |2, 4, 5, 6, 9, 13, 14|
Root to change : 9 with colors |3, 4, 7, 8, 12, 13, 14|
Root to change : 11 with colors |2, 3, 4, 6, 7, 8, 9, 13, 15|
++++++++++++++++++++++
Trying improving 3, 9, 6, 8 with subs:
Root to change : 6 with colors |3, 4, 7, 8, 10, 12, 13, 15|
Root to change : 8 with colors |2, 4, 5, 6, 9, 10, 13, 15|
++++++++++++++++++++++
Trying improving 3, 9, 6, 11 with subs:
Root to change : 3 with colors |2, 4, 5, 6, 9, 10, 13, 14, 15|
Root to change : 11 with colors |2, 4, 5, 6, 9, 10, 13, 15|
++++++++++++++++++++++
Trying improving 3, 9, 7, 11 with subs:
Root to change : 3 with colors |2, 4, 5, 6, 9, 13, 14|
Root to change : 9 with colors |3, 4, 7, 8, 10, 12, 13, 14, 15|
Root to change : 11 with colors |1, 2, 3, 4, 7, 8, 12, 13, 14|
++++++++++++++++++++++
Trying improving 3, 9, 8, 11 with subs:
Root to change : 9 with colors |3, 4, 7, 8, 10, 12, 13, 14, 15|
Root to change : 11 with colors |3, 4, 7, 8, 10, 12, 13, 15|
++++++++++++++++++++++
Trying improving 3, 9, 11, 11 with subs:
Root to change : 3 with colors |2, 4, 5, 6, 9, 10, 13, 14, 15|
Root to change : 9 with colors |3, 4, 7, 8, 10, 12, 13, 14, 15|
++++++++++++++++++++++
Trying improving 3, 9, 11, 15 with subs:
Root to change : 3 with colors |2, 5, 6, 9, 10, 14, 15|
Root to change : 9 with colors |3, 7, 8, 10, 12, 14, 15|
Root to change : 11 with colors |3, 4, 5, 6, 8, 9, 10, 12, 15|
++++++++++++++++++++++
Trying improving 3, 13, 6, 8 with subs:
Root to change : 6 with colors |1, 3, 4, 7, 8, 10, 11, 12, 13, 15|
Root to change : 8 with colors |2, 4, 5, 6, 9, 10, 13, 15|
++++++++++++++++++++++
Trying improving 3, 13, 6, 11 with subs:
Root to change : 3 with colors |1, 2, 4, 6, 7, 9, 13, 14|
Root to change : 6 with colors |1, 2, 4, 7, 8, 11, 12|
Root to change : 11 with colors |2, 4, 5, 6, 9, 10, 13, 15|
++++++++++++++++++++++
Trying improving 3, 13, 11, 15 with subs:
Root to change : 13 with colors |3, 7, 8, 10, 12, 14, 15|
Root to change : 11 with colors |3, 4, 5, 6, 8, 9, 10, 12, 15|
Root to change : 15 with colors |1, 2, 4, 7, 8, 11, 12|
++++++++++++++++++++++
Trying improving 3, 15, 2, 7 with subs:
Root to change : 15 with colors |3, 4, 7, 8, 9, 10, 12, 13, 14|
Root to change : 2 with colors |1, 3, 4, 7, 8, 11, 12, 13, 14|
Root to change : 7 with colors |2, 4, 5, 6, 9, 13, 14|
++++++++++++++++++++++
Trying improving 3, 15, 2, 11 with subs:
Root to change : 3 with colors |5, 6, 9, 10, 11, 12, 15|
Root to change : 15 with colors |3, 4, 7, 8, 12, 13, 14|
Root to change : 2 with colors |1, 5, 7, 8, 11, 12, 15|
Root to change : 11 with colors |2, 4, 5, 6, 9, 13, 14|
++++++++++++++++++++++
Trying improving 3, 15, 4, 11 with subs:
Root to change : 15 with colors |3, 4, 7, 8, 12, 13, 14|
Root to change : 4 with colors |1, 5, 7, 8, 11, 12, 15|
Root to change : 11 with colors |2, 3, 4, 6, 7, 8, 9, 13, 15|
++++++++++++++++++++++
Trying improving 3, 15, 6, 8 with subs:
Root to change : 6 with colors |1, 3, 4, 7, 8, 10, 11, 12, 13, 15|
Root to change : 8 with colors |2, 4, 5, 6, 9, 10, 13, 15|
++++++++++++++++++++++
Trying improving 3, 15, 6, 11 with subs:
Root to change : 3 with colors |5, 6, 9, 10, 11, 12, 15|
Root to change : 6 with colors |1, 5, 7, 8, 11, 12, 15|
Root to change : 11 with colors |2, 4, 5, 6, 9, 10, 13, 15|
++++++++++++++++++++++
Trying improving 4, 4, 6, 8 with subs:
Root to change : 6 with colors |1, 3, 4, 7, 8, 10, 11, 12, 13, 15|
Root to change : 8 with colors |1, 2, 4, 5, 6, 9, 10, 11, 13, 15|
++++++++++++++++++++++
Trying improving 4, 4, 11, 15 with subs:
Root to change : 11 with colors |3, 4, 5, 6, 8, 9, 10, 12, 15|
Root to change : 15 with colors |1, 2, 4, 5, 6, 7, 8, 11, 12|
++++++++++++++++++++++
Trying improving 4, 6, 3, 7 with subs:
Root to change : 6 with colors |2, 3, 4, 7, 8, 9, 11, 13, 15|
Root to change : 3 with colors |1, 2, 4, 7, 11, 13, 14|
Root to change : 7 with colors |3, 4, 9, 10, 13, 14, 15|
++++++++++++++++++++++
Trying improving 4, 6, 3, 8 with subs:
Root to change : 6 with colors |2, 3, 4, 7, 8, 9, 11, 13, 15|
Root to change : 8 with colors |3, 4, 9, 10, 13, 14, 15|
++++++++++++++++++++++
Trying improving 4, 6, 4, 8 with subs:
Root to change : 6 with colors |2, 3, 4, 7, 8, 9, 11, 13, 15|
Root to change : 8 with colors |2, 3, 4, 6, 7, 9, 11, 13, 15|
++++++++++++++++++++++
Trying improving 4, 6, 6, 8 with subs:
Root to change : 8 with colors |1, 2, 4, 5, 6, 9, 10, 11, 13, 15|
++++++++++++++++++++++
Trying improving 4, 6, 7, 8 with subs:
Root to change : 6 with colors |2, 3, 4, 7, 8, 9, 11, 13, 15|
Root to change : 8 with colors |1, 2, 4, 7, 11, 13, 14|
++++++++++++++++++++++
Trying improving 4, 6, 8, 8 with subs:
Root to change : 6 with colors |2, 3, 4, 7, 8, 9, 11, 13, 15|
++++++++++++++++++++++
Trying improving 4, 6, 8, 11 with subs:
Root to change : 6 with colors |2, 3, 4, 7, 8, 11, 13|
Root to change : 8 with colors |1, 2, 4, 5, 6, 7, 11|
++++++++++++++++++++++
Trying improving 4, 6, 8, 13 with subs:
Root to change : 6 with colors |2, 3, 4, 7, 8, 9, 11, 13, 15|
Root to change : 8 with colors |1, 2, 3, 4, 6, 7, 9, 10, 13, 14|
++++++++++++++++++++++
Trying improving 4, 6, 8, 15 with subs:
Root to change : 6 with colors |3, 4, 7, 8, 9, 13, 15|
Root to change : 8 with colors |3, 4, 5, 6, 9, 10, 15|
++++++++++++++++++++++
Trying improving 4, 6, 11, 15 with subs:
Root to change : 4 with colors |1, 2, 5, 6, 9, 10, 11, 15|
Root to change : 11 with colors |3, 4, 5, 6, 9, 10, 15|
Root to change : 15 with colors |1, 2, 4, 5, 6, 7, 11|
++++++++++++++++++++++
Trying improving 4, 7, 6, 8 with subs:
Root to change : 6 with colors |1, 3, 4, 7, 8, 10, 11, 12, 13, 15|
Root to change : 8 with colors |1, 2, 4, 5, 6, 9, 11, 13|
++++++++++++++++++++++
Trying improving 4, 7, 6, 15 with subs:
Root to change : 7 with colors |2, 3, 4, 6, 9, 13, 15|
Root to change : 6 with colors |3, 4, 8, 9, 10, 12, 15|
Root to change : 15 with colors |1, 2, 4, 5, 6, 9, 11, 13|
++++++++++++++++++++++
Trying improving 4, 7, 11, 15 with subs:
Root to change : 4 with colors |1, 3, 7, 8, 11, 12, 14|
Root to change : 11 with colors |3, 4, 8, 9, 10, 12, 15|
Root to change : 15 with colors |1, 2, 4, 5, 6, 7, 8, 11, 12|
++++++++++++++++++++++
Trying improving 4, 8, 2, 6 with subs:
Root to change : 8 with colors |2, 3, 4, 6, 7, 9, 11, 13, 15|
Root to change : 6 with colors |1, 2, 4, 7, 11, 13, 14|
++++++++++++++++++++++
Trying improving 4, 8, 2, 9 with subs:
Root to change : 8 with colors |2, 3, 4, 6, 7, 9, 11, 13, 15|
Root to change : 2 with colors |3, 4, 9, 10, 13, 14, 15|
Root to change : 9 with colors |1, 2, 4, 7, 11, 13, 14|
++++++++++++++++++++++
Trying improving 4, 8, 4, 6 with subs:
Root to change : 8 with colors |2, 3, 4, 6, 7, 9, 11, 13, 15|
Root to change : 6 with colors |2, 3, 4, 7, 8, 9, 11, 13, 15|
++++++++++++++++++++++
Trying improving 4, 8, 6, 6 with subs:
Root to change : 8 with colors |2, 3, 4, 6, 7, 9, 11, 13, 15|
++++++++++++++++++++++
Trying improving 4, 8, 6, 8 with subs:
Root to change : 6 with colors |1, 3, 4, 7, 8, 10, 11, 12, 13, 15|
++++++++++++++++++++++
Trying improving 4, 8, 6, 9 with subs:
Root to change : 8 with colors |2, 3, 4, 6, 7, 9, 11, 13, 15|
Root to change : 6 with colors |3, 4, 9, 10, 13, 14, 15|
++++++++++++++++++++++
Trying improving 4, 8, 6, 11 with subs:
Root to change : 8 with colors |2, 4, 6, 7, 9, 11, 13|
Root to change : 6 with colors |1, 2, 4, 7, 8, 11, 12|
++++++++++++++++++++++
Trying improving 4, 8, 6, 13 with subs:
Root to change : 8 with colors |2, 3, 4, 6, 7, 9, 11, 13, 15|
Root to change : 6 with colors |1, 2, 3, 4, 7, 8, 9, 10, 13, 14|
++++++++++++++++++++++
Trying improving 4, 8, 6, 15 with subs:
Root to change : 8 with colors |2, 3, 4, 6, 9, 13, 15|
Root to change : 6 with colors |3, 4, 8, 9, 10, 12, 15|
++++++++++++++++++++++
Trying improving 4, 8, 11, 15 with subs:
Root to change : 4 with colors |1, 3, 7, 8, 10, 11, 12, 15|
Root to change : 11 with colors |3, 4, 8, 9, 10, 12, 15|
Root to change : 15 with colors |1, 2, 4, 7, 8, 11, 12|
++++++++++++++++++++++
Trying improving 4, 9, 6, 8 with subs:
Root to change : 6 with colors |3, 4, 7, 8, 10, 12, 13, 15|
Root to change : 8 with colors |1, 2, 4, 5, 6, 9, 10, 11, 13, 15|
++++++++++++++++++++++
Trying improving 4, 9, 8, 11 with subs:
Root to change : 9 with colors |2, 3, 4, 7, 8, 11, 13|
Root to change : 8 with colors |1, 2, 4, 5, 6, 7, 11|
Root to change : 11 with colors |3, 4, 7, 8, 10, 12, 13, 15|
++++++++++++++++++++++
Trying improving 4, 9, 11, 15 with subs:
Root to change : 4 with colors |2, 5, 6, 9, 10, 14, 15|
Root to change : 11 with colors |3, 4, 5, 6, 8, 9, 10, 12, 15|
Root to change : 15 with colors |1, 2, 4, 5, 6, 7, 11|
++++++++++++++++++++++
Trying improving 4, 11, 0, 15 with subs:
Root to change : 4 with colors |1, 2, 5, 6, 7, 8, 11, 12, 15|
Root to change : 11 with colors |2, 3, 4, 6, 7, 8, 9, 13, 15|
Root to change : 15 with colors |2, 3, 4, 5, 7, 9, 11, 12, 14|
++++++++++++++++++++++
Trying improving 4, 11, 3, 9 with subs:
Root to change : 11 with colors |2, 3, 4, 6, 7, 8, 9, 13, 15|
Root to change : 3 with colors |2, 4, 5, 6, 9, 13, 14|
Root to change : 9 with colors |3, 4, 7, 8, 12, 13, 14|
++++++++++++++++++++++
Trying improving 4, 11, 3, 15 with subs:
Root to change : 4 with colors |1, 5, 7, 8, 11, 12, 15|
Root to change : 11 with colors |2, 3, 4, 6, 7, 8, 9, 13, 15|
Root to change : 15 with colors |3, 4, 7, 8, 12, 13, 14|
++++++++++++++++++++++
Trying improving 4, 11, 4, 15 with subs:
Root to change : 11 with colors |2, 3, 4, 6, 7, 8, 9, 13, 15|
Root to change : 15 with colors |2, 3, 4, 6, 7, 8, 9, 11, 13|
++++++++++++++++++++++
Trying improving 4, 11, 6, 8 with subs:
Root to change : 6 with colors |1, 3, 4, 7, 8, 11, 12, 13|
Root to change : 8 with colors |1, 2, 4, 5, 6, 9, 11, 13|
++++++++++++++++++++++
Trying improving 4, 11, 6, 15 with subs:
Root to change : 4 with colors |1, 2, 5, 6, 11, 12, 15|
Root to change : 11 with colors |2, 3, 4, 6, 9, 13, 15|
Root to change : 15 with colors |1, 2, 4, 5, 6, 9, 11, 13|
++++++++++++++++++++++
Trying improving 4, 11, 8, 15 with subs:
Root to change : 4 with colors |1, 5, 7, 8, 11, 12, 15|
Root to change : 11 with colors |3, 4, 7, 8, 9, 13, 15|
Root to change : 15 with colors |1, 3, 4, 7, 8, 11, 12, 13|
++++++++++++++++++++++
Trying improving 4, 11, 9, 15 with subs:
Root to change : 4 with colors |1, 2, 5, 6, 11, 12, 15|
Root to change : 11 with colors |2, 3, 4, 6, 7, 8, 9, 13, 15|
Root to change : 15 with colors |2, 4, 5, 6, 9, 13, 14|
++++++++++++++++++++++
Trying improving 4, 11, 11, 15 with subs:
Root to change : 4 with colors |1, 2, 5, 6, 7, 8, 11, 12, 15|
Root to change : 15 with colors |1, 2, 4, 5, 6, 7, 8, 11, 12|
++++++++++++++++++++++
Trying improving 4, 11, 15, 15 with subs:
Root to change : 4 with colors |1, 2, 5, 6, 7, 8, 11, 12, 15|
Root to change : 11 with colors |2, 3, 4, 6, 7, 8, 9, 13, 15|
++++++++++++++++++++++
Trying improving 4, 13, 6, 8 with subs:
Root to change : 6 with colors |1, 3, 4, 7, 8, 10, 11, 12, 13, 15|
Root to change : 8 with colors |1, 2, 4, 5, 6, 9, 10, 11, 13, 15|
++++++++++++++++++++++
Trying improving 4, 13, 11, 15 with subs:
Root to change : 11 with colors |3, 4, 5, 6, 8, 9, 10, 12, 15|
Root to change : 15 with colors |1, 2, 4, 5, 6, 7, 8, 11, 12|
++++++++++++++++++++++
Trying improving 4, 15, 0, 11 with subs:
Root to change : 4 with colors |3, 5, 6, 8, 9, 10, 11, 12, 15|
Root to change : 15 with colors |2, 3, 4, 6, 7, 8, 9, 11, 13|
Root to change : 11 with colors |2, 3, 4, 5, 7, 9, 12, 14, 15|
++++++++++++++++++++++
Trying improving 4, 15, 2, 7 with subs:
Root to change : 15 with colors |2, 3, 4, 6, 7, 8, 9, 11, 13|
Root to change : 2 with colors |3, 4, 7, 8, 12, 13, 14|
Root to change : 7 with colors |2, 4, 5, 6, 9, 13, 14|
++++++++++++++++++++++
Trying improving 4, 15, 2, 11 with subs:
Root to change : 4 with colors |5, 6, 9, 10, 11, 12, 15|
Root to change : 15 with colors |2, 3, 4, 6, 7, 8, 9, 11, 13|
Root to change : 11 with colors |2, 4, 5, 6, 9, 13, 14|
++++++++++++++++++++++
Trying improving 4, 15, 4, 11 with subs:
Root to change : 15 with colors |2, 3, 4, 6, 7, 8, 9, 11, 13|
Root to change : 11 with colors |2, 3, 4, 6, 7, 8, 9, 13, 15|
++++++++++++++++++++++
Trying improving 4, 15, 6, 8 with subs:
Root to change : 6 with colors |3, 4, 7, 8, 10, 12, 13, 15|
Root to change : 8 with colors |2, 4, 5, 6, 9, 10, 13, 15|
++++++++++++++++++++++
Trying improving 4, 15, 6, 11 with subs:
Root to change : 4 with colors |5, 6, 9, 10, 11, 12, 15|
Root to change : 15 with colors |2, 4, 6, 7, 9, 11, 13|
Root to change : 11 with colors |2, 4, 5, 6, 9, 10, 13, 15|
++++++++++++++++++++++
Trying improving 4, 15, 7, 11 with subs:
Root to change : 4 with colors |3, 5, 8, 10, 11, 12, 15|
Root to change : 15 with colors |2, 3, 4, 6, 7, 8, 9, 11, 13|
Root to change : 11 with colors |3, 4, 7, 8, 12, 13, 14|
++++++++++++++++++++++
Trying improving 4, 15, 8, 11 with subs:
Root to change : 4 with colors |3, 5, 8, 10, 11, 12, 15|
Root to change : 15 with colors |2, 3, 4, 7, 8, 11, 13|
Root to change : 11 with colors |3, 4, 7, 8, 10, 12, 13, 15|
++++++++++++++++++++++
Trying improving 4, 15, 11, 11 with subs:
Root to change : 4 with colors |3, 5, 6, 8, 9, 10, 11, 12, 15|
Root to change : 15 with colors |2, 3, 4, 6, 7, 8, 9, 11, 13|
++++++++++++++++++++++
Trying improving 4, 15, 11, 15 with subs:
Root to change : 4 with colors |3, 5, 6, 8, 9, 10, 11, 12, 15|
Root to change : 11 with colors |3, 4, 5, 6, 8, 9, 10, 12, 15|
++++++++++++++++++++++
Trying improving 6, 6, 3, 7 with subs:
Root to change : 3 with colors |1, 2, 4, 7, 11, 13, 14|
Root to change : 7 with colors |3, 4, 9, 10, 13, 14, 15|
++++++++++++++++++++++
Trying improving 6, 6, 3, 8 with subs:
Root to change : 8 with colors |3, 4, 9, 10, 13, 14, 15|
++++++++++++++++++++++
Trying improving 6, 6, 4, 8 with subs:
Root to change : 8 with colors |2, 3, 4, 6, 7, 9, 11, 13, 15|
++++++++++++++++++++++
Trying improving 6, 6, 6, 8 with subs:
Root to change : 8 with colors |1, 2, 4, 5, 6, 9, 10, 11, 13, 15|
++++++++++++++++++++++
Trying improving 6, 6, 7, 8 with subs:
Root to change : 8 with colors |1, 2, 4, 7, 11, 13, 14|
++++++++++++++++++++++
Trying improving 6, 6, 8, 11 with subs:
Root to change : 8 with colors |1, 2, 4, 5, 6, 7, 11, 12, 15|
++++++++++++++++++++++
Trying improving 6, 6, 8, 13 with subs:
Root to change : 8 with colors |1, 2, 3, 4, 6, 7, 9, 10, 13, 14|
++++++++++++++++++++++
Trying improving 6, 6, 8, 15 with subs:
Root to change : 8 with colors |3, 4, 5, 6, 9, 10, 11, 12, 15|
++++++++++++++++++++++
Trying improving 6, 8, 0, 0 with subs:
Root to change : 6 with colors |1, 3, 4, 7, 8, 10, 11, 12, 13, 15|
Root to change : 8 with colors |1, 2, 4, 5, 6, 9, 10, 11, 13, 15|
++++++++++++++++++++++
Trying improving 6, 8, 0, 2 with subs:
Root to change : 6 with colors |1, 3, 4, 7, 8, 11, 12, 13|
Root to change : 8 with colors |1, 2, 4, 5, 6, 9, 10, 11, 13, 15|
++++++++++++++++++++++
Trying improving 6, 8, 0, 3 with subs:
Root to change : 6 with colors |1, 3, 4, 7, 8, 10, 11, 12, 13, 15|
Root to change : 8 with colors |2, 4, 5, 6, 9, 10, 13, 15|
++++++++++++++++++++++
Trying improving 6, 8, 0, 4 with subs:
Root to change : 6 with colors |1, 3, 4, 7, 8, 10, 11, 12, 13, 15|
Root to change : 8 with colors |1, 2, 4, 5, 6, 9, 10, 11, 13, 15|
++++++++++++++++++++++
Trying improving 6, 8, 0, 7 with subs:
Root to change : 6 with colors |1, 3, 4, 7, 8, 10, 11, 12, 13, 15|
Root to change : 8 with colors |1, 2, 4, 5, 6, 9, 11, 13|
++++++++++++++++++++++
Trying improving 6, 8, 0, 9 with subs:
Root to change : 6 with colors |3, 4, 7, 8, 10, 12, 13, 15|
Root to change : 8 with colors |1, 2, 4, 5, 6, 9, 10, 11, 13, 15|
++++++++++++++++++++++
Trying improving 6, 8, 0, 11 with subs:
Root to change : 6 with colors |1, 3, 4, 7, 8, 10, 11, 12, 13, 15|
Root to change : 8 with colors |1, 2, 4, 5, 6, 9, 10, 11, 13, 15|
++++++++++++++++++++++
Trying improving 6, 8, 0, 15 with subs:
Root to change : 6 with colors |1, 3, 4, 7, 8, 10, 11, 12, 13, 15|
Root to change : 8 with colors |1, 2, 4, 5, 6, 9, 10, 11, 13, 15|
++++++++++++++++++++++
Trying improving 6, 8, 2, 2 with subs:
Root to change : 6 with colors |1, 3, 4, 7, 8, 11, 12, 13|
Root to change : 8 with colors |1, 2, 4, 5, 6, 9, 10, 11, 13, 15|
++++++++++++++++++++++
Trying improving 6, 8, 2, 4 with subs:
Root to change : 6 with colors |1, 3, 4, 7, 8, 11, 12, 13|
Root to change : 8 with colors |1, 2, 4, 5, 6, 9, 10, 11, 13, 15|
++++++++++++++++++++++
Trying improving 6, 8, 2, 6 with subs:
Root to change : 8 with colors |1, 2, 4, 5, 6, 9, 10, 11, 13, 15|
++++++++++++++++++++++
Trying improving 6, 8, 2, 7 with subs:
Root to change : 6 with colors |1, 3, 4, 7, 8, 11, 12, 13|
Root to change : 8 with colors |1, 2, 4, 5, 6, 9, 11, 13|
++++++++++++++++++++++
Trying improving 6, 8, 2, 9 with subs:
Root to change : 8 with colors |1, 2, 4, 5, 6, 9, 10, 11, 13, 15|
++++++++++++++++++++++
Trying improving 6, 8, 2, 11 with subs:
Root to change : 6 with colors |1, 3, 4, 7, 8, 11, 12, 13|
Root to change : 8 with colors |1, 2, 4, 5, 6, 9, 10, 11, 13, 15|
++++++++++++++++++++++
Trying improving 6, 8, 2, 13 with subs:
Root to change : 6 with colors |1, 3, 4, 7, 8, 11, 12, 13|
Root to change : 8 with colors |1, 2, 4, 5, 6, 9, 10, 11, 13, 15|
++++++++++++++++++++++
Trying improving 6, 8, 3, 3 with subs:
Root to change : 6 with colors |1, 3, 4, 7, 8, 10, 11, 12, 13, 15|
Root to change : 8 with colors |2, 4, 5, 6, 9, 10, 13, 15|
++++++++++++++++++++++
Trying improving 6, 8, 3, 4 with subs:
Root to change : 6 with colors |1, 3, 4, 7, 8, 10, 11, 12, 13, 15|
Root to change : 8 with colors |2, 4, 5, 6, 9, 10, 13, 15|
++++++++++++++++++++++
Trying improving 6, 8, 3, 7 with subs:
Root to change : 6 with colors |1, 3, 4, 7, 8, 10, 11, 12, 13, 15|
++++++++++++++++++++++
Trying improving 6, 8, 3, 8 with subs:
Root to change : 6 with colors |1, 3, 4, 7, 8, 10, 11, 12, 13, 15|
++++++++++++++++++++++
Trying improving 6, 8, 3, 9 with subs:
Root to change : 6 with colors |3, 4, 7, 8, 10, 12, 13, 15|
Root to change : 8 with colors |2, 4, 5, 6, 9, 10, 13, 15|
++++++++++++++++++++++
Trying improving 6, 8, 3, 13 with subs:
Root to change : 6 with colors |1, 3, 4, 7, 8, 10, 11, 12, 13, 15|
Root to change : 8 with colors |2, 4, 5, 6, 9, 10, 13, 15|
++++++++++++++++++++++
Trying improving 6, 8, 3, 15 with subs:
Root to change : 6 with colors |1, 3, 4, 7, 8, 10, 11, 12, 13, 15|
Root to change : 8 with colors |2, 4, 5, 6, 9, 10, 13, 15|
++++++++++++++++++++++
Trying improving 6, 8, 4, 4 with subs:
Root to change : 6 with colors |1, 3, 4, 7, 8, 10, 11, 12, 13, 15|
Root to change : 8 with colors |1, 2, 4, 5, 6, 9, 10, 11, 13, 15|
++++++++++++++++++++++
Trying improving 6, 8, 4, 6 with subs:
Root to change : 8 with colors |1, 2, 4, 5, 6, 9, 10, 11, 13, 15|
++++++++++++++++++++++
Trying improving 6, 8, 4, 7 with subs:
Root to change : 6 with colors |1, 3, 4, 7, 8, 10, 11, 12, 13, 15|
Root to change : 8 with colors |1, 2, 4, 5, 6, 9, 11, 13|
++++++++++++++++++++++
Trying improving 6, 8, 4, 8 with subs:
Root to change : 6 with colors |1, 3, 4, 7, 8, 10, 11, 12, 13, 15|
++++++++++++++++++++++
Trying improving 6, 8, 4, 9 with subs:
Root to change : 6 with colors |3, 4, 7, 8, 10, 12, 13, 15|
Root to change : 8 with colors |1, 2, 4, 5, 6, 9, 10, 11, 13, 15|
++++++++++++++++++++++
Trying improving 6, 8, 4, 11 with subs:
Root to change : 6 with colors |1, 3, 4, 7, 8, 11, 12, 13|
Root to change : 8 with colors |1, 2, 4, 5, 6, 9, 11, 13|
++++++++++++++++++++++
Trying improving 6, 8, 4, 13 with subs:
Root to change : 6 with colors |1, 3, 4, 7, 8, 10, 11, 12, 13, 15|
Root to change : 8 with colors |1, 2, 4, 5, 6, 9, 10, 11, 13, 15|
++++++++++++++++++++++
Trying improving 6, 8, 4, 15 with subs:
Root to change : 6 with colors |3, 4, 7, 8, 10, 12, 13, 15|
Root to change : 8 with colors |2, 4, 5, 6, 9, 10, 13, 15|
++++++++++++++++++++++
Trying improving 6, 8, 6, 6 with subs:
Root to change : 8 with colors |1, 2, 4, 5, 6, 9, 10, 11, 13, 15|
++++++++++++++++++++++
Trying improving 6, 8, 6, 9 with subs:
Root to change : 8 with colors |1, 2, 4, 5, 6, 9, 10, 11, 13, 15|
++++++++++++++++++++++
Trying improving 6, 8, 6, 11 with subs:
Root to change : 8 with colors |1, 2, 4, 5, 6, 9, 10, 11, 13, 15|
++++++++++++++++++++++
Trying improving 6, 8, 6, 13 with subs:
Root to change : 8 with colors |1, 2, 4, 5, 6, 9, 10, 11, 13, 15|
++++++++++++++++++++++
Trying improving 6, 8, 6, 15 with subs:
Root to change : 8 with colors |1, 2, 4, 5, 6, 9, 10, 11, 13, 15|
++++++++++++++++++++++
Trying improving 6, 8, 7, 7 with subs:
Root to change : 6 with colors |1, 3, 4, 7, 8, 10, 11, 12, 13, 15|
Root to change : 8 with colors |1, 2, 4, 5, 6, 9, 11, 13|
++++++++++++++++++++++
Trying improving 6, 8, 7, 8 with subs:
Root to change : 6 with colors |1, 3, 4, 7, 8, 10, 11, 12, 13, 15|
++++++++++++++++++++++
Trying improving 6, 8, 7, 11 with subs:
Root to change : 6 with colors |1, 3, 4, 7, 8, 10, 11, 12, 13, 15|
Root to change : 8 with colors |1, 2, 4, 5, 6, 9, 11, 13|
++++++++++++++++++++++
Trying improving 6, 8, 7, 13 with subs:
Root to change : 6 with colors |1, 3, 4, 7, 8, 10, 11, 12, 13, 15|
Root to change : 8 with colors |1, 2, 4, 5, 6, 9, 11, 13|
++++++++++++++++++++++
Trying improving 6, 8, 8, 8 with subs:
Root to change : 6 with colors |1, 3, 4, 7, 8, 10, 11, 12, 13, 15|
++++++++++++++++++++++
Trying improving 6, 8, 8, 11 with subs:
Root to change : 6 with colors |1, 3, 4, 7, 8, 10, 11, 12, 13, 15|
++++++++++++++++++++++
Trying improving 6, 8, 8, 13 with subs:
Root to change : 6 with colors |1, 3, 4, 7, 8, 10, 11, 12, 13, 15|
++++++++++++++++++++++
Trying improving 6, 8, 8, 15 with subs:
Root to change : 6 with colors |1, 3, 4, 7, 8, 10, 11, 12, 13, 15|
++++++++++++++++++++++
Trying improving 6, 8, 9, 9 with subs:
Root to change : 6 with colors |3, 4, 7, 8, 10, 12, 13, 15|
Root to change : 8 with colors |1, 2, 4, 5, 6, 9, 10, 11, 13, 15|
++++++++++++++++++++++
Trying improving 6, 8, 9, 13 with subs:
Root to change : 6 with colors |3, 4, 7, 8, 10, 12, 13, 15|
Root to change : 8 with colors |1, 2, 4, 5, 6, 9, 10, 11, 13, 15|
++++++++++++++++++++++
Trying improving 6, 8, 9, 15 with subs:
Root to change : 6 with colors |3, 4, 7, 8, 10, 12, 13, 15|
Root to change : 8 with colors |1, 2, 4, 5, 6, 9, 10, 11, 13, 15|
++++++++++++++++++++++
Trying improving 6, 8, 11, 11 with subs:
Root to change : 6 with colors |1, 3, 4, 7, 8, 10, 11, 12, 13, 15|
Root to change : 8 with colors |1, 2, 4, 5, 6, 9, 10, 11, 13, 15|
++++++++++++++++++++++
Trying improving 6, 8, 11, 15 with subs:
Root to change : 6 with colors |1, 3, 7, 8, 10, 11, 12, 15|
Root to change : 8 with colors |1, 2, 5, 6, 9, 10, 11, 15|
++++++++++++++++++++++
Trying improving 6, 8, 13, 13 with subs:
Root to change : 6 with colors |1, 3, 4, 7, 8, 10, 11, 12, 13, 15|
Root to change : 8 with colors |1, 2, 4, 5, 6, 9, 10, 11, 13, 15|
++++++++++++++++++++++
Trying improving 6, 8, 15, 15 with subs:
Root to change : 6 with colors |1, 3, 4, 7, 8, 10, 11, 12, 13, 15|
Root to change : 8 with colors |1, 2, 4, 5, 6, 9, 10, 11, 13, 15|
++++++++++++++++++++++
Trying improving 6, 9, 3, 7 with subs:
Root to change : 6 with colors |2, 3, 4, 5, 9, 10, 13, 14, 15|
Root to change : 3 with colors |1, 2, 4, 7, 11, 13, 14|
Root to change : 7 with colors |3, 4, 9, 10, 13, 14, 15|
++++++++++++++++++++++
Trying improving 6, 9, 3, 8 with subs:
Root to change : 6 with colors |3, 4, 9, 10, 13, 14, 15|
Root to change : 8 with colors |3, 4, 9, 10, 13, 14, 15|
++++++++++++++++++++++
Trying improving 6, 9, 4, 8 with subs:
Root to change : 6 with colors |3, 4, 9, 10, 13, 14, 15|
Root to change : 8 with colors |2, 3, 4, 6, 7, 9, 11, 13, 15|
++++++++++++++++++++++
Trying improving 6, 9, 6, 8 with subs:
Root to change : 8 with colors |1, 2, 4, 5, 6, 9, 10, 11, 13, 15|
++++++++++++++++++++++
Trying improving 6, 9, 7, 8 with subs:
Root to change : 6 with colors |3, 4, 9, 10, 13, 14, 15|
Root to change : 8 with colors |1, 2, 4, 7, 11, 13, 14|
++++++++++++++++++++++
Trying improving 6, 9, 8, 8 with subs:
Root to change : 6 with colors |3, 4, 9, 10, 13, 14, 15|
++++++++++++++++++++++
Trying improving 6, 9, 8, 11 with subs:
Root to change : 8 with colors |1, 2, 4, 5, 6, 7, 11, 12, 15|
++++++++++++++++++++++
Trying improving 6, 9, 8, 13 with subs:
Root to change : 6 with colors |3, 4, 9, 10, 13, 14, 15|
Root to change : 8 with colors |1, 2, 3, 4, 6, 7, 9, 10, 13, 14|
++++++++++++++++++++++
Trying improving 6, 9, 8, 15 with subs:
Root to change : 6 with colors |3, 4, 9, 10, 13, 14, 15|
Root to change : 8 with colors |3, 4, 5, 6, 9, 10, 11, 12, 15|
++++++++++++++++++++++
Trying improving 6, 11, 0, 3 with subs:
Root to change : 6 with colors |1, 2, 4, 5, 7, 8, 11, 12, 15|
Root to change : 11 with colors |2, 4, 5, 6, 9, 10, 13, 15|
Root to change : 3 with colors |2, 4, 5, 7, 9, 11, 12, 14, 15|
++++++++++++++++++++++
Trying improving 6, 11, 3, 3 with subs:
Root to change : 6 with colors |1, 2, 4, 5, 7, 8, 11, 12, 15|
Root to change : 11 with colors |2, 4, 5, 6, 9, 10, 13, 15|
++++++++++++++++++++++
Trying improving 6, 11, 3, 4 with subs:
Root to change : 6 with colors |1, 2, 4, 7, 8, 11, 12|
Root to change : 11 with colors |2, 4, 5, 6, 9, 10, 13, 15|
Root to change : 3 with colors |2, 4, 6, 7, 9, 11, 13|
++++++++++++++++++++++
Trying improving 6, 11, 3, 7 with subs:
Root to change : 6 with colors |1, 2, 4, 5, 7, 8, 11, 12, 15|
Root to change : 3 with colors |1, 2, 4, 7, 11, 13, 14|
++++++++++++++++++++++
Trying improving 6, 11, 3, 8 with subs:
Root to change : 6 with colors |1, 2, 4, 5, 7, 8, 11, 12, 15|
++++++++++++++++++++++
Trying improving 6, 11, 3, 9 with subs:
Root to change : 11 with colors |2, 4, 5, 6, 9, 10, 13, 15|
Root to change : 3 with colors |2, 4, 5, 6, 9, 10, 13, 14, 15|
++++++++++++++++++++++
Trying improving 6, 11, 3, 13 with subs:
Root to change : 6 with colors |1, 2, 4, 7, 8, 11, 12|
Root to change : 11 with colors |2, 4, 5, 6, 9, 10, 13, 15|
Root to change : 3 with colors |1, 2, 4, 6, 7, 9, 13, 14|
++++++++++++++++++++++
Trying improving 6, 11, 3, 15 with subs:
Root to change : 6 with colors |1, 5, 7, 8, 11, 12, 15|
Root to change : 11 with colors |2, 4, 5, 6, 9, 10, 13, 15|
Root to change : 3 with colors |5, 6, 9, 10, 11, 12, 15|
++++++++++++++++++++++
Trying improving 6, 11, 4, 8 with subs:
Root to change : 6 with colors |1, 2, 4, 7, 8, 11, 12|
Root to change : 8 with colors |2, 4, 6, 7, 9, 11, 13|
++++++++++++++++++++++
Trying improving 6, 11, 4, 15 with subs:
Root to change : 11 with colors |2, 4, 5, 6, 9, 10, 13, 15|
Root to change : 4 with colors |5, 6, 9, 10, 11, 12, 15|
Root to change : 15 with colors |2, 4, 6, 7, 9, 11, 13|
++++++++++++++++++++++
Trying improving 6, 11, 6, 8 with subs:
Root to change : 8 with colors |1, 2, 4, 5, 6, 9, 10, 11, 13, 15|
++++++++++++++++++++++
Trying improving 6, 11, 7, 8 with subs:
Root to change : 6 with colors |1, 2, 4, 5, 7, 8, 11, 12, 15|
Root to change : 8 with colors |1, 2, 4, 7, 11, 13, 14|
++++++++++++++++++++++
Trying improving 6, 11, 8, 8 with subs:
Root to change : 6 with colors |1, 2, 4, 5, 7, 8, 11, 12, 15|
++++++++++++++++++++++
Trying improving 6, 11, 8, 11 with subs:
Root to change : 6 with colors |1, 2, 4, 5, 7, 8, 11, 12, 15|
Root to change : 8 with colors |1, 2, 4, 5, 6, 7, 11, 12, 15|
++++++++++++++++++++++
Trying improving 6, 11, 8, 13 with subs:
Root to change : 6 with colors |1, 2, 4, 7, 8, 11, 12|
Root to change : 8 with colors |1, 2, 4, 6, 7, 9, 13, 14|
++++++++++++++++++++++
Trying improving 6, 11, 8, 15 with subs:
Root to change : 6 with colors |1, 5, 7, 8, 11, 12, 15|
Root to change : 8 with colors |5, 6, 9, 10, 11, 12, 15|
++++++++++++++++++++++
Trying improving 6, 13, 3, 7 with subs:
Root to change : 6 with colors |1, 2, 3, 4, 7, 8, 9, 10, 13, 14|
Root to change : 3 with colors |1, 2, 4, 7, 11, 13, 14|
Root to change : 7 with colors |3, 4, 9, 10, 13, 14, 15|
++++++++++++++++++++++
Trying improving 6, 13, 3, 8 with subs:
Root to change : 6 with colors |1, 2, 3, 4, 7, 8, 9, 10, 13, 14|
Root to change : 8 with colors |3, 4, 9, 10, 13, 14, 15|
++++++++++++++++++++++
Trying improving 6, 13, 4, 8 with subs:
Root to change : 6 with colors |1, 2, 3, 4, 7, 8, 9, 10, 13, 14|
Root to change : 8 with colors |2, 3, 4, 6, 7, 9, 11, 13, 15|
++++++++++++++++++++++
Trying improving 6, 13, 6, 8 with subs:
Root to change : 8 with colors |1, 2, 4, 5, 6, 9, 10, 11, 13, 15|
++++++++++++++++++++++
Trying improving 6, 13, 7, 8 with subs:
Root to change : 6 with colors |1, 2, 3, 4, 7, 8, 9, 10, 13, 14|
Root to change : 8 with colors |1, 2, 4, 7, 11, 13, 14|
++++++++++++++++++++++
Trying improving 6, 13, 8, 8 with subs:
Root to change : 6 with colors |1, 2, 3, 4, 7, 8, 9, 10, 13, 14|
++++++++++++++++++++++
Trying improving 6, 13, 8, 11 with subs:
Root to change : 6 with colors |1, 2, 3, 4, 7, 8, 13, 14|
Root to change : 8 with colors |1, 2, 4, 5, 6, 7, 11|
++++++++++++++++++++++
Trying improving 6, 13, 8, 13 with subs:
Root to change : 6 with colors |1, 2, 3, 4, 7, 8, 9, 10, 13, 14|
Root to change : 8 with colors |1, 2, 3, 4, 6, 7, 9, 10, 13, 14|
++++++++++++++++++++++
Trying improving 6, 13, 8, 15 with subs:
Root to change : 6 with colors |3, 4, 7, 8, 9, 10, 13, 14|
Root to change : 8 with colors |3, 4, 5, 6, 9, 10, 15|
++++++++++++++++++++++
Trying improving 6, 13, 11, 15 with subs:
Root to change : 13 with colors |1, 2, 5, 6, 9, 10, 11, 15|
Root to change : 11 with colors |3, 4, 5, 6, 9, 10, 15|
Root to change : 15 with colors |1, 2, 4, 5, 6, 7, 11|
++++++++++++++++++++++
Trying improving 6, 15, 0, 7 with subs:
Root to change : 6 with colors |3, 4, 5, 8, 9, 10, 11, 12, 15|
Root to change : 15 with colors |1, 2, 4, 5, 6, 9, 11, 13|
Root to change : 7 with colors |2, 3, 4, 5, 9, 11, 12, 14, 15|
++++++++++++++++++++++
Trying improving 6, 15, 2, 7 with subs:
Root to change : 15 with colors |1, 2, 4, 5, 6, 9, 11, 13|
Root to change : 7 with colors |1, 2, 4, 5, 6, 9, 11, 13, 14|
++++++++++++++++++++++
Trying improving 6, 15, 3, 7 with subs:
Root to change : 6 with colors |3, 4, 5, 8, 9, 10, 11, 12, 15|
Root to change : 7 with colors |3, 4, 9, 10, 13, 14, 15|
++++++++++++++++++++++
Trying improving 6, 15, 3, 8 with subs:
Root to change : 6 with colors |3, 4, 5, 8, 9, 10, 11, 12, 15|
Root to change : 8 with colors |3, 4, 9, 10, 13, 14, 15|
++++++++++++++++++++++
Trying improving 6, 15, 4, 7 with subs:
Root to change : 6 with colors |3, 4, 8, 9, 10, 12, 15|
Root to change : 15 with colors |1, 2, 4, 5, 6, 9, 11, 13|
Root to change : 7 with colors |2, 3, 4, 6, 9, 13, 15|
++++++++++++++++++++++
Trying improving 6, 15, 4, 8 with subs:
Root to change : 6 with colors |3, 4, 8, 9, 10, 12, 15|
Root to change : 8 with colors |2, 3, 4, 6, 9, 13, 15|
++++++++++++++++++++++
Trying improving 6, 15, 4, 11 with subs:
Root to change : 15 with colors |1, 2, 4, 5, 6, 9, 11, 13|
Root to change : 4 with colors |1, 2, 5, 6, 11, 12, 15|
Root to change : 11 with colors |2, 3, 4, 6, 9, 13, 15|
++++++++++++++++++++++
Trying improving 6, 15, 6, 8 with subs:
Root to change : 8 with colors |1, 2, 4, 5, 6, 9, 10, 11, 13, 15|
++++++++++++++++++++++
Trying improving 6, 15, 7, 7 with subs:
Root to change : 6 with colors |3, 4, 5, 8, 9, 10, 11, 12, 15|
Root to change : 15 with colors |1, 2, 4, 5, 6, 9, 11, 13|
++++++++++++++++++++++
Trying improving 6, 15, 7, 8 with subs:
Root to change : 6 with colors |3, 4, 5, 8, 9, 10, 11, 12, 15|
++++++++++++++++++++++
Trying improving 6, 15, 7, 11 with subs:
Root to change : 6 with colors |3, 5, 8, 10, 11, 12, 15|
Root to change : 15 with colors |1, 2, 4, 5, 6, 9, 11, 13|
Root to change : 7 with colors |1, 2, 5, 6, 11, 12, 15|
++++++++++++++++++++++
Trying improving 6, 15, 7, 13 with subs:
Root to change : 6 with colors |3, 4, 8, 9, 10, 12, 15|
Root to change : 15 with colors |1, 2, 4, 5, 6, 9, 11, 13|
Root to change : 7 with colors |2, 3, 4, 6, 9, 10, 13, 14|
++++++++++++++++++++++
Trying improving 6, 15, 8, 8 with subs:
Root to change : 6 with colors |3, 4, 5, 8, 9, 10, 11, 12, 15|
++++++++++++++++++++++
Trying improving 6, 15, 8, 11 with subs:
Root to change : 6 with colors |3, 5, 8, 10, 11, 12, 15|
Root to change : 8 with colors |1, 2, 5, 6, 11, 12, 15|
++++++++++++++++++++++
Trying improving 6, 15, 8, 13 with subs:
Root to change : 6 with colors |3, 4, 8, 9, 10, 12, 15|
Root to change : 8 with colors |2, 3, 4, 6, 9, 10, 13, 14|
++++++++++++++++++++++
Trying improving 6, 15, 8, 15 with subs:
Root to change : 6 with colors |3, 4, 5, 8, 9, 10, 11, 12, 15|
Root to change : 8 with colors |3, 4, 5, 6, 9, 10, 11, 12, 15|
++++++++++++++++++++++
Trying improving 7, 7, 6, 8 with subs:
Root to change : 6 with colors |1, 3, 4, 7, 8, 10, 11, 12, 13, 15|
Root to change : 8 with colors |1, 2, 4, 5, 6, 9, 11, 13|
++++++++++++++++++++++
Trying improving 7, 7, 6, 15 with subs:
Root to change : 6 with colors |3, 4, 5, 8, 9, 10, 11, 12, 15|
Root to change : 15 with colors |1, 2, 4, 5, 6, 9, 11, 13|
++++++++++++++++++++++
Trying improving 7, 8, 2, 6 with subs:
Root to change : 8 with colors |1, 2, 4, 7, 11, 13, 14|
Root to change : 6 with colors |1, 2, 4, 7, 11, 13, 14|
++++++++++++++++++++++
Trying improving 7, 8, 2, 9 with subs:
Root to change : 8 with colors |1, 2, 3, 4, 7, 11, 12, 13, 14|
Root to change : 2 with colors |3, 4, 9, 10, 13, 14, 15|
Root to change : 9 with colors |1, 2, 4, 7, 11, 13, 14|
++++++++++++++++++++++
Trying improving 7, 8, 4, 6 with subs:
Root to change : 8 with colors |1, 2, 4, 7, 11, 13, 14|
Root to change : 6 with colors |2, 3, 4, 7, 8, 9, 11, 13, 15|
++++++++++++++++++++++
Trying improving 7, 8, 6, 6 with subs:
Root to change : 8 with colors |1, 2, 4, 7, 11, 13, 14|
++++++++++++++++++++++
Trying improving 7, 8, 6, 8 with subs:
Root to change : 6 with colors |1, 3, 4, 7, 8, 10, 11, 12, 13, 15|
++++++++++++++++++++++
Trying improving 7, 8, 6, 9 with subs:
Root to change : 8 with colors |1, 2, 4, 7, 11, 13, 14|
Root to change : 6 with colors |3, 4, 9, 10, 13, 14, 15|
++++++++++++++++++++++
Trying improving 7, 8, 6, 11 with subs:
Root to change : 8 with colors |1, 2, 4, 7, 11, 13, 14|
Root to change : 6 with colors |1, 2, 4, 5, 7, 8, 11, 12, 15|
++++++++++++++++++++++
Trying improving 7, 8, 6, 13 with subs:
Root to change : 8 with colors |1, 2, 4, 7, 11, 13, 14|
Root to change : 6 with colors |1, 2, 3, 4, 7, 8, 9, 10, 13, 14|
++++++++++++++++++++++
Trying improving 7, 8, 6, 15 with subs:
Root to change : 6 with colors |3, 4, 5, 8, 9, 10, 11, 12, 15|
++++++++++++++++++++++
Trying improving 7, 11, 3, 9 with subs:
Root to change : 11 with colors |1, 2, 3, 4, 7, 8, 12, 13, 14|
Root to change : 3 with colors |2, 4, 5, 6, 9, 13, 14|
Root to change : 9 with colors |3, 4, 7, 8, 10, 12, 13, 14, 15|
++++++++++++++++++++++
Trying improving 7, 11, 4, 15 with subs:
Root to change : 11 with colors |3, 4, 7, 8, 12, 13, 14|
Root to change : 4 with colors |3, 5, 8, 10, 11, 12, 15|
Root to change : 15 with colors |2, 3, 4, 6, 7, 8, 9, 11, 13|
++++++++++++++++++++++
Trying improving 7, 11, 6, 8 with subs:
Root to change : 6 with colors |1, 3, 4, 7, 8, 10, 11, 12, 13, 15|
Root to change : 8 with colors |1, 2, 4, 5, 6, 9, 11, 13|
++++++++++++++++++++++
Trying improving 7, 11, 6, 15 with subs:
Root to change : 7 with colors |1, 2, 5, 6, 11, 12, 15|
Root to change : 6 with colors |3, 5, 8, 10, 11, 12, 15|
Root to change : 15 with colors |1, 2, 4, 5, 6, 9, 11, 13|
++++++++++++++++++++++
Trying improving 7, 11, 9, 15 with subs:
Root to change : 7 with colors |1, 2, 5, 6, 11, 12, 15|
Root to change : 11 with colors |3, 4, 7, 8, 12, 13, 14|
Root to change : 9 with colors |3, 5, 8, 10, 11, 12, 15|
Root to change : 15 with colors |2, 4, 5, 6, 9, 13, 14|
++++++++++++++++++++++
Trying improving 7, 13, 6, 8 with subs:
Root to change : 6 with colors |1, 3, 4, 7, 8, 10, 11, 12, 13, 15|
Root to change : 8 with colors |1, 2, 4, 5, 6, 9, 11, 13|
++++++++++++++++++++++
Trying improving 7, 13, 6, 15 with subs:
Root to change : 7 with colors |2, 3, 4, 6, 9, 10, 13, 14|
Root to change : 6 with colors |3, 4, 8, 9, 10, 12, 15|
Root to change : 15 with colors |1, 2, 4, 5, 6, 9, 11, 13|
++++++++++++++++++++++
Trying improving 7, 13, 11, 15 with subs:
Root to change : 13 with colors |1, 3, 7, 8, 11, 12, 14|
Root to change : 11 with colors |3, 4, 8, 9, 10, 12, 15|
Root to change : 15 with colors |1, 2, 4, 5, 6, 7, 8, 11, 12|
++++++++++++++++++++++
Trying improving 8, 8, 2, 6 with subs:
Root to change : 6 with colors |1, 2, 4, 7, 11, 13, 14|
++++++++++++++++++++++
Trying improving 8, 8, 2, 9 with subs:
Root to change : 2 with colors |3, 4, 9, 10, 13, 14, 15|
Root to change : 9 with colors |1, 2, 4, 7, 11, 13, 14|
++++++++++++++++++++++
Trying improving 8, 8, 4, 6 with subs:
Root to change : 6 with colors |2, 3, 4, 7, 8, 9, 11, 13, 15|
++++++++++++++++++++++
Trying improving 8, 8, 6, 8 with subs:
Root to change : 6 with colors |1, 3, 4, 7, 8, 10, 11, 12, 13, 15|
++++++++++++++++++++++
Trying improving 8, 8, 6, 9 with subs:
Root to change : 6 with colors |3, 4, 9, 10, 13, 14, 15|
++++++++++++++++++++++
Trying improving 8, 8, 6, 11 with subs:
Root to change : 6 with colors |1, 2, 4, 5, 7, 8, 11, 12, 15|
++++++++++++++++++++++
Trying improving 8, 8, 6, 13 with subs:
Root to change : 6 with colors |1, 2, 3, 4, 7, 8, 9, 10, 13, 14|
++++++++++++++++++++++
Trying improving 8, 8, 6, 15 with subs:
Root to change : 6 with colors |3, 4, 5, 8, 9, 10, 11, 12, 15|
++++++++++++++++++++++
Trying improving 8, 11, 0, 9 with subs:
Root to change : 8 with colors |1, 2, 4, 5, 6, 7, 11, 12, 15|
Root to change : 11 with colors |3, 4, 7, 8, 10, 12, 13, 15|
Root to change : 9 with colors |2, 3, 4, 5, 7, 11, 12, 14, 15|
++++++++++++++++++++++
Trying improving 8, 11, 2, 6 with subs:
Root to change : 8 with colors |1, 2, 4, 5, 6, 7, 11, 12, 15|
Root to change : 6 with colors |1, 2, 4, 7, 11, 13, 14|
++++++++++++++++++++++
Trying improving 8, 11, 2, 9 with subs:
Root to change : 8 with colors |1, 2, 4, 5, 6, 7, 11, 12, 15|
Root to change : 9 with colors |1, 2, 4, 7, 11, 13, 14|
++++++++++++++++++++++
Trying improving 8, 11, 3, 9 with subs:
Root to change : 11 with colors |3, 4, 7, 8, 10, 12, 13, 15|
Root to change : 9 with colors |3, 4, 7, 8, 10, 12, 13, 14, 15|
++++++++++++++++++++++
Trying improving 8, 11, 4, 6 with subs:
Root to change : 8 with colors |1, 2, 4, 5, 6, 7, 11|
Root to change : 6 with colors |2, 3, 4, 7, 8, 11, 13|
++++++++++++++++++++++
Trying improving 8, 11, 4, 9 with subs:
Root to change : 8 with colors |1, 2, 4, 5, 6, 7, 11|
Root to change : 11 with colors |3, 4, 7, 8, 10, 12, 13, 15|
Root to change : 9 with colors |2, 3, 4, 7, 8, 11, 13|
++++++++++++++++++++++
Trying improving 8, 11, 4, 15 with subs:
Root to change : 11 with colors |3, 4, 7, 8, 10, 12, 13, 15|
Root to change : 4 with colors |3, 5, 8, 10, 11, 12, 15|
Root to change : 15 with colors |2, 3, 4, 7, 8, 11, 13|
++++++++++++++++++++++
Trying improving 8, 11, 6, 6 with subs:
Root to change : 8 with colors |1, 2, 4, 5, 6, 7, 11, 12, 15|
++++++++++++++++++++++
Trying improving 8, 11, 6, 8 with subs:
Root to change : 6 with colors |1, 3, 4, 7, 8, 10, 11, 12, 13, 15|
++++++++++++++++++++++
Trying improving 8, 11, 6, 9 with subs:
Root to change : 8 with colors |1, 2, 4, 5, 6, 7, 11, 12, 15|
++++++++++++++++++++++
Trying improving 8, 11, 6, 11 with subs:
Root to change : 8 with colors |1, 2, 4, 5, 6, 7, 11, 12, 15|
Root to change : 6 with colors |1, 2, 4, 5, 7, 8, 11, 12, 15|
++++++++++++++++++++++
Trying improving 8, 11, 6, 13 with subs:
Root to change : 8 with colors |1, 2, 4, 5, 6, 7, 11|
Root to change : 6 with colors |1, 2, 3, 4, 7, 8, 13, 14|
++++++++++++++++++++++
Trying improving 8, 11, 6, 15 with subs:
Root to change : 8 with colors |1, 2, 5, 6, 11, 12, 15|
Root to change : 6 with colors |3, 5, 8, 10, 11, 12, 15|
++++++++++++++++++++++
Trying improving 8, 11, 9, 9 with subs:
Root to change : 8 with colors |1, 2, 4, 5, 6, 7, 11, 12, 15|
Root to change : 11 with colors |3, 4, 7, 8, 10, 12, 13, 15|
++++++++++++++++++++++
Trying improving 8, 11, 9, 13 with subs:
Root to change : 8 with colors |1, 2, 4, 5, 6, 7, 11|
Root to change : 11 with colors |3, 4, 7, 8, 10, 12, 13, 15|
Root to change : 9 with colors |1, 2, 3, 4, 7, 8, 13, 14|
++++++++++++++++++++++
Trying improving 8, 11, 9, 15 with subs:
Root to change : 8 with colors |1, 2, 5, 6, 11, 12, 15|
Root to change : 11 with colors |3, 4, 7, 8, 10, 12, 13, 15|
Root to change : 9 with colors |3, 5, 8, 10, 11, 12, 15|
++++++++++++++++++++++
Trying improving 8, 13, 2, 6 with subs:
Root to change : 8 with colors |1, 2, 3, 4, 6, 7, 9, 10, 13, 14|
Root to change : 6 with colors |1, 2, 4, 7, 11, 13, 14|
++++++++++++++++++++++
Trying improving 8, 13, 2, 9 with subs:
Root to change : 8 with colors |1, 2, 3, 4, 6, 7, 9, 10, 13, 14|
Root to change : 2 with colors |3, 4, 9, 10, 13, 14, 15|
Root to change : 9 with colors |1, 2, 4, 7, 11, 13, 14|
++++++++++++++++++++++
Trying improving 8, 13, 4, 6 with subs:
Root to change : 8 with colors |1, 2, 3, 4, 6, 7, 9, 10, 13, 14|
Root to change : 6 with colors |2, 3, 4, 7, 8, 9, 11, 13, 15|
++++++++++++++++++++++
Trying improving 8, 13, 6, 6 with subs:
Root to change : 8 with colors |1, 2, 3, 4, 6, 7, 9, 10, 13, 14|
++++++++++++++++++++++
Trying improving 8, 13, 6, 8 with subs:
Root to change : 6 with colors |1, 3, 4, 7, 8, 10, 11, 12, 13, 15|
++++++++++++++++++++++
Trying improving 8, 13, 6, 9 with subs:
Root to change : 8 with colors |1, 2, 3, 4, 6, 7, 9, 10, 13, 14|
Root to change : 6 with colors |3, 4, 9, 10, 13, 14, 15|
++++++++++++++++++++++
Trying improving 8, 13, 6, 11 with subs:
Root to change : 8 with colors |1, 2, 4, 6, 7, 9, 13, 14|
Root to change : 6 with colors |1, 2, 4, 7, 8, 11, 12|
++++++++++++++++++++++
Trying improving 8, 13, 6, 13 with subs:
Root to change : 8 with colors |1, 2, 3, 4, 6, 7, 9, 10, 13, 14|
Root to change : 6 with colors |1, 2, 3, 4, 7, 8, 9, 10, 13, 14|
++++++++++++++++++++++
Trying improving 8, 13, 6, 15 with subs:
Root to change : 8 with colors |2, 3, 4, 6, 9, 10, 13, 14|
Root to change : 6 with colors |3, 4, 8, 9, 10, 12, 15|
++++++++++++++++++++++
Trying improving 8, 13, 11, 15 with subs:
Root to change : 13 with colors |1, 3, 7, 8, 10, 11, 12, 15|
Root to change : 11 with colors |3, 4, 8, 9, 10, 12, 15|
Root to change : 15 with colors |1, 2, 4, 7, 8, 11, 12|
++++++++++++++++++++++
Trying improving 8, 15, 0, 2 with subs:
Root to change : 8 with colors |3, 4, 5, 6, 9, 10, 11, 12, 15|
Root to change : 15 with colors |1, 3, 4, 7, 8, 11, 12, 13|
Root to change : 2 with colors |3, 4, 5, 7, 9, 11, 12, 14, 15|
++++++++++++++++++++++
Trying improving 8, 15, 2, 2 with subs:
Root to change : 8 with colors |3, 4, 5, 6, 9, 10, 11, 12, 15|
Root to change : 15 with colors |1, 3, 4, 7, 8, 11, 12, 13|
++++++++++++++++++++++
Trying improving 8, 15, 2, 4 with subs:
Root to change : 8 with colors |3, 4, 5, 6, 9, 10, 15|
Root to change : 15 with colors |1, 3, 4, 7, 8, 11, 12, 13|
Root to change : 2 with colors |3, 4, 7, 8, 9, 13, 15|
++++++++++++++++++++++
Trying improving 8, 15, 2, 6 with subs:
Root to change : 8 with colors |3, 4, 5, 6, 9, 10, 11, 12, 15|
++++++++++++++++++++++
Trying improving 8, 15, 2, 7 with subs:
Root to change : 15 with colors |1, 3, 4, 7, 8, 11, 12, 13|
Root to change : 2 with colors |1, 3, 4, 7, 8, 11, 12, 13, 14|
++++++++++++++++++++++
Trying improving 8, 15, 2, 9 with subs:
Root to change : 8 with colors |3, 4, 5, 6, 9, 10, 11, 12, 15|
Root to change : 2 with colors |3, 4, 9, 10, 13, 14, 15|
++++++++++++++++++++++
Trying improving 8, 15, 2, 11 with subs:
Root to change : 8 with colors |5, 6, 9, 10, 11, 12, 15|
Root to change : 15 with colors |1, 3, 4, 7, 8, 11, 12, 13|
Root to change : 2 with colors |1, 5, 7, 8, 11, 12, 15|
++++++++++++++++++++++
Trying improving 8, 15, 2, 13 with subs:
Root to change : 8 with colors |3, 4, 5, 6, 9, 10, 15|
Root to change : 15 with colors |1, 3, 4, 7, 8, 11, 12, 13|
Root to change : 2 with colors |3, 4, 7, 8, 9, 10, 13, 14|
++++++++++++++++++++++
Trying improving 8, 15, 4, 6 with subs:
Root to change : 8 with colors |3, 4, 5, 6, 9, 10, 15|
Root to change : 6 with colors |3, 4, 7, 8, 9, 13, 15|
++++++++++++++++++++++
Trying improving 8, 15, 4, 11 with subs:
Root to change : 15 with colors |1, 3, 4, 7, 8, 11, 12, 13|
Root to change : 4 with colors |1, 5, 7, 8, 11, 12, 15|
Root to change : 11 with colors |3, 4, 7, 8, 9, 13, 15|
++++++++++++++++++++++
Trying improving 8, 15, 6, 6 with subs:
Root to change : 8 with colors |3, 4, 5, 6, 9, 10, 11, 12, 15|
++++++++++++++++++++++
Trying improving 8, 15, 6, 8 with subs:
Root to change : 6 with colors |1, 3, 4, 7, 8, 10, 11, 12, 13, 15|
++++++++++++++++++++++
Trying improving 8, 15, 6, 9 with subs:
Root to change : 8 with colors |3, 4, 5, 6, 9, 10, 11, 12, 15|
Root to change : 6 with colors |3, 4, 9, 10, 13, 14, 15|
++++++++++++++++++++++
Trying improving 8, 15, 6, 11 with subs:
Root to change : 8 with colors |5, 6, 9, 10, 11, 12, 15|
Root to change : 6 with colors |1, 5, 7, 8, 11, 12, 15|
++++++++++++++++++++++
Trying improving 8, 15, 6, 13 with subs:
Root to change : 8 with colors |3, 4, 5, 6, 9, 10, 15|
Root to change : 6 with colors |3, 4, 7, 8, 9, 10, 13, 14|
++++++++++++++++++++++
Trying improving 8, 15, 6, 15 with subs:
Root to change : 8 with colors |3, 4, 5, 6, 9, 10, 11, 12, 15|
Root to change : 6 with colors |3, 4, 5, 8, 9, 10, 11, 12, 15|
++++++++++++++++++++++
Trying improving 9, 9, 6, 8 with subs:
Root to change : 6 with colors |3, 4, 7, 8, 10, 12, 13, 15|
Root to change : 8 with colors |1, 2, 4, 5, 6, 9, 10, 11, 13, 15|
++++++++++++++++++++++
Trying improving 9, 9, 8, 11 with subs:
Root to change : 8 with colors |1, 2, 4, 5, 6, 7, 11, 12, 15|
Root to change : 11 with colors |3, 4, 7, 8, 10, 12, 13, 15|
++++++++++++++++++++++
Trying improving 9, 13, 6, 8 with subs:
Root to change : 6 with colors |3, 4, 7, 8, 10, 12, 13, 15|
Root to change : 8 with colors |1, 2, 4, 5, 6, 9, 10, 11, 13, 15|
++++++++++++++++++++++
Trying improving 9, 13, 8, 11 with subs:
Root to change : 9 with colors |1, 2, 3, 4, 7, 8, 13, 14|
Root to change : 8 with colors |1, 2, 4, 5, 6, 7, 11|
Root to change : 11 with colors |3, 4, 7, 8, 10, 12, 13, 15|
++++++++++++++++++++++
Trying improving 9, 13, 11, 15 with subs:
Root to change : 13 with colors |2, 5, 6, 9, 10, 14, 15|
Root to change : 11 with colors |3, 4, 5, 6, 8, 9, 10, 12, 15|
Root to change : 15 with colors |1, 2, 4, 5, 6, 7, 11|
++++++++++++++++++++++
Trying improving 9, 15, 2, 7 with subs:
Root to change : 15 with colors |2, 3, 4, 5, 6, 9, 10, 13, 14|
Root to change : 2 with colors |3, 4, 7, 8, 12, 13, 14|
Root to change : 7 with colors |1, 2, 4, 5, 6, 9, 11, 13, 14|
++++++++++++++++++++++
Trying improving 9, 15, 4, 11 with subs:
Root to change : 15 with colors |2, 4, 5, 6, 9, 13, 14|
Root to change : 4 with colors |1, 2, 5, 6, 11, 12, 15|
Root to change : 11 with colors |2, 3, 4, 6, 7, 8, 9, 13, 15|
++++++++++++++++++++++
Trying improving 9, 15, 6, 8 with subs:
Root to change : 6 with colors |3, 4, 7, 8, 10, 12, 13, 15|
Root to change : 8 with colors |1, 2, 4, 5, 6, 9, 10, 11, 13, 15|
++++++++++++++++++++++
Trying improving 9, 15, 7, 11 with subs:
Root to change : 9 with colors |3, 5, 8, 10, 11, 12, 15|
Root to change : 15 with colors |2, 4, 5, 6, 9, 13, 14|
Root to change : 7 with colors |1, 2, 5, 6, 11, 12, 15|
Root to change : 11 with colors |3, 4, 7, 8, 12, 13, 14|
++++++++++++++++++++++
Trying improving 9, 15, 8, 11 with subs:
Root to change : 9 with colors |3, 5, 8, 10, 11, 12, 15|
Root to change : 8 with colors |1, 2, 5, 6, 11, 12, 15|
Root to change : 11 with colors |3, 4, 7, 8, 10, 12, 13, 15|
++++++++++++++++++++++
Trying improving 11, 11, 3, 9 with subs:
Root to change : 3 with colors |2, 4, 5, 6, 9, 10, 13, 14, 15|
Root to change : 9 with colors |3, 4, 7, 8, 10, 12, 13, 14, 15|
++++++++++++++++++++++
Trying improving 11, 11, 4, 15 with subs:
Root to change : 4 with colors |3, 5, 6, 8, 9, 10, 11, 12, 15|
Root to change : 15 with colors |2, 3, 4, 6, 7, 8, 9, 11, 13|
++++++++++++++++++++++
Trying improving 11, 11, 6, 8 with subs:
Root to change : 6 with colors |1, 3, 4, 7, 8, 10, 11, 12, 13, 15|
Root to change : 8 with colors |1, 2, 4, 5, 6, 9, 10, 11, 13, 15|
++++++++++++++++++++++
Trying improving 11, 15, 0, 4 with subs:
Root to change : 11 with colors |3, 4, 5, 6, 8, 9, 10, 12, 15|
Root to change : 15 with colors |1, 2, 4, 5, 6, 7, 8, 11, 12|
Root to change : 4 with colors |2, 3, 5, 7, 9, 11, 12, 14, 15|
++++++++++++++++++++++
Trying improving 11, 15, 2, 4 with subs:
Root to change : 11 with colors |3, 4, 5, 6, 9, 10, 15|
Root to change : 15 with colors |1, 2, 4, 5, 6, 7, 8, 11, 12|
Root to change : 4 with colors |1, 2, 5, 6, 9, 11, 14|
++++++++++++++++++++++
Trying improving 11, 15, 2, 7 with subs:
Root to change : 15 with colors |1, 2, 4, 5, 6, 7, 8, 11, 12|
Root to change : 2 with colors |1, 3, 7, 8, 11, 12, 14|
Root to change : 7 with colors |1, 2, 5, 6, 9, 11, 14|
++++++++++++++++++++++
Trying improving 11, 15, 2, 13 with subs:
Root to change : 11 with colors |3, 4, 5, 6, 9, 10, 15|
Root to change : 15 with colors |1, 2, 4, 5, 6, 7, 8, 11, 12|
Root to change : 13 with colors |1, 2, 5, 6, 9, 11, 14|
++++++++++++++++++++++
Trying improving 11, 15, 3, 4 with subs:
Root to change : 11 with colors |3, 4, 5, 6, 8, 9, 10, 12, 15|
Root to change : 15 with colors |1, 2, 4, 7, 8, 11, 12|
Root to change : 4 with colors |3, 7, 8, 10, 12, 14, 15|
++++++++++++++++++++++
Trying improving 11, 15, 3, 9 with subs:
Root to change : 11 with colors |3, 4, 5, 6, 8, 9, 10, 12, 15|
Root to change : 3 with colors |2, 5, 6, 9, 10, 14, 15|
Root to change : 9 with colors |3, 7, 8, 10, 12, 14, 15|
++++++++++++++++++++++
Trying improving 11, 15, 3, 13 with subs:
Root to change : 11 with colors |3, 4, 5, 6, 8, 9, 10, 12, 15|
Root to change : 15 with colors |1, 2, 4, 7, 8, 11, 12|
Root to change : 13 with colors |3, 7, 8, 10, 12, 14, 15|
++++++++++++++++++++++
Trying improving 11, 15, 4, 4 with subs:
Root to change : 11 with colors |3, 4, 5, 6, 8, 9, 10, 12, 15|
Root to change : 15 with colors |1, 2, 4, 5, 6, 7, 8, 11, 12|
++++++++++++++++++++++
Trying improving 11, 15, 4, 6 with subs:
Root to change : 11 with colors |3, 4, 5, 6, 9, 10, 15|
Root to change : 15 with colors |1, 2, 4, 5, 6, 7, 11|
Root to change : 4 with colors |1, 2, 5, 6, 9, 10, 11, 15|
++++++++++++++++++++++
Trying improving 11, 15, 4, 7 with subs:
Root to change : 11 with colors |3, 4, 8, 9, 10, 12, 15|
Root to change : 15 with colors |1, 2, 4, 5, 6, 7, 8, 11, 12|
Root to change : 4 with colors |1, 3, 7, 8, 11, 12, 14|
++++++++++++++++++++++
Trying improving 11, 15, 4, 8 with subs:
Root to change : 11 with colors |3, 4, 8, 9, 10, 12, 15|
Root to change : 15 with colors |1, 2, 4, 7, 8, 11, 12|
Root to change : 4 with colors |1, 3, 7, 8, 10, 11, 12, 15|
++++++++++++++++++++++
Trying improving 11, 15, 4, 9 with subs:
Root to change : 11 with colors |3, 4, 5, 6, 8, 9, 10, 12, 15|
Root to change : 15 with colors |1, 2, 4, 5, 6, 7, 11|
Root to change : 4 with colors |2, 5, 6, 9, 10, 14, 15|
++++++++++++++++++++++
Trying improving 11, 15, 4, 11 with subs:
Root to change : 15 with colors |1, 2, 4, 5, 6, 7, 8, 11, 12|
Root to change : 4 with colors |1, 2, 5, 6, 7, 8, 11, 12, 15|
++++++++++++++++++++++
Trying improving 11, 15, 4, 13 with subs:
Root to change : 11 with colors |3, 4, 5, 6, 8, 9, 10, 12, 15|
Root to change : 15 with colors |1, 2, 4, 5, 6, 7, 8, 11, 12|
++++++++++++++++++++++
Trying improving 11, 15, 4, 15 with subs:
Root to change : 11 with colors |3, 4, 5, 6, 8, 9, 10, 12, 15|
Root to change : 4 with colors |3, 5, 6, 8, 9, 10, 11, 12, 15|
++++++++++++++++++++++
Trying improving 11, 15, 6, 8 with subs:
Root to change : 6 with colors |1, 3, 7, 8, 10, 11, 12, 15|
Root to change : 8 with colors |1, 2, 5, 6, 9, 10, 11, 15|
++++++++++++++++++++++
Trying improving 11, 15, 6, 13 with subs:
Root to change : 11 with colors |3, 4, 5, 6, 9, 10, 15|
Root to change : 15 with colors |1, 2, 4, 5, 6, 7, 11|
Root to change : 13 with colors |1, 2, 5, 6, 9, 10, 11, 15|
++++++++++++++++++++++
Trying improving 11, 15, 7, 13 with subs:
Root to change : 11 with colors |3, 4, 8, 9, 10, 12, 15|
Root to change : 15 with colors |1, 2, 4, 5, 6, 7, 8, 11, 12|
Root to change : 13 with colors |1, 3, 7, 8, 11, 12, 14|
++++++++++++++++++++++
Trying improving 11, 15, 8, 13 with subs:
Root to change : 11 with colors |3, 4, 8, 9, 10, 12, 15|
Root to change : 15 with colors |1, 2, 4, 7, 8, 11, 12|
Root to change : 13 with colors |1, 3, 7, 8, 10, 11, 12, 15|
++++++++++++++++++++++
Trying improving 11, 15, 9, 13 with subs:
Root to change : 11 with colors |3, 4, 5, 6, 8, 9, 10, 12, 15|
Root to change : 15 with colors |1, 2, 4, 5, 6, 7, 11|
Root to change : 13 with colors |2, 5, 6, 9, 10, 14, 15|
++++++++++++++++++++++
Trying improving 11, 15, 13, 13 with subs:
Root to change : 11 with colors |3, 4, 5, 6, 8, 9, 10, 12, 15|
Root to change : 15 with colors |1, 2, 4, 5, 6, 7, 8, 11, 12|
++++++++++++++++++++++
Trying improving 13, 13, 6, 8 with subs:
Root to change : 6 with colors |1, 3, 4, 7, 8, 10, 11, 12, 13, 15|
Root to change : 8 with colors |1, 2, 4, 5, 6, 9, 10, 11, 13, 15|
++++++++++++++++++++++
Trying improving 13, 13, 11, 15 with subs:
Root to change : 11 with colors |3, 4, 5, 6, 8, 9, 10, 12, 15|
Root to change : 15 with colors |1, 2, 4, 5, 6, 7, 8, 11, 12|
++++++++++++++++++++++
Trying improving 15, 15, 2, 7 with subs:
Root to change : 2 with colors |1, 3, 4, 7, 8, 11, 12, 13, 14|
Root to change : 7 with colors |1, 2, 4, 5, 6, 9, 11, 13, 14|
++++++++++++++++++++++
Trying improving 15, 15, 4, 11 with subs:
Root to change : 4 with colors |1, 2, 5, 6, 7, 8, 11, 12, 15|
Root to change : 11 with colors |2, 3, 4, 6, 7, 8, 9, 13, 15|
++++++++++++++++++++++
Trying improving 15, 15, 6, 8 with subs:
Root to change : 6 with colors |1, 3, 4, 7, 8, 10, 11, 12, 13, 15|
Root to change : 8 with colors |1, 2, 4, 5, 6, 9, 10, 11, 13, 15|
++++++++++++++++++++++
Unable to be solved with SubSubProblem
