Trying substitutions to: 15
with goodVertices 2, 3, 4, 6, 7, 8, 9, 11, 13
bad color to improve: 1  13  with index 28
bad color to improve: 2  7  with index 36
bad color to improve: 2  13  with index 42
bad color to improve: 7  13  with index 97
4 bad colorings on level 1
bad coloring on level 2  |5, 11, 0, 3|
bad coloring on level 2  |5, 12, 0, 3|
bad coloring on level 2  |3, 8, 0, 5|
bad coloring on level 2  |3, 12, 0, 5|
bad coloring on level 2  |8, 10, 0, 5|
bad coloring on level 2  |10, 12, 0, 5|
bad coloring on level 2  |5, 12, 0, 9|
bad coloring on level 2  |11, 12, 0, 9|
bad coloring on level 2  |3, 10, 0, 11|
bad coloring on level 2  |5, 10, 0, 11|
bad coloring on level 2  |6, 10, 0, 11|
bad coloring on level 2  |8, 10, 0, 11|
bad coloring on level 2  |9, 10, 0, 11|
bad coloring on level 2  |10, 10, 0, 11|
bad coloring on level 2  |10, 12, 0, 11|
bad coloring on level 2  |10, 15, 0, 11|
bad coloring on level 2  |5, 9, 0, 12|
bad coloring on level 2  |5, 10, 0, 12|
bad coloring on level 2  |6, 9, 0, 12|
bad coloring on level 2  |6, 10, 0, 12|
bad coloring on level 2  |5, 11, 3, 3|
bad coloring on level 2  |5, 12, 3, 3|
bad coloring on level 2  |5, 11, 3, 4|
bad coloring on level 2  |5, 12, 3, 4|
bad coloring on level 2  |0, 5, 3, 8|
bad coloring on level 2  |5, 5, 3, 8|
bad coloring on level 2  |5, 6, 3, 8|
bad coloring on level 2  |5, 9, 3, 8|
bad coloring on level 2  |5, 10, 3, 8|
bad coloring on level 2  |5, 11, 3, 8|
bad coloring on level 2  |5, 12, 3, 8|
bad coloring on level 2  |5, 15, 3, 8|
bad coloring on level 2  |6, 10, 3, 8|
bad coloring on level 2  |5, 11, 3, 9|
bad coloring on level 2  |5, 12, 3, 9|
bad coloring on level 2  |11, 12, 3, 9|
bad coloring on level 2  |0, 11, 3, 10|
bad coloring on level 2  |5, 11, 3, 10|
bad coloring on level 2  |5, 12, 3, 10|
bad coloring on level 2  |0, 5, 3, 12|
bad coloring on level 2  |5, 5, 3, 12|
bad coloring on level 2  |5, 6, 3, 12|
bad coloring on level 2  |5, 9, 3, 12|
bad coloring on level 2  |5, 10, 3, 12|
bad coloring on level 2  |5, 11, 3, 12|
bad coloring on level 2  |5, 12, 3, 12|
bad coloring on level 2  |5, 15, 3, 12|
bad coloring on level 2  |6, 9, 3, 12|
bad coloring on level 2  |6, 10, 3, 12|
bad coloring on level 2  |5, 11, 3, 15|
bad coloring on level 2  |5, 12, 3, 15|
bad coloring on level 2  |5, 12, 4, 9|
bad coloring on level 2  |11, 12, 4, 9|
bad coloring on level 2  |3, 8, 5, 5|
bad coloring on level 2  |3, 12, 5, 5|
bad coloring on level 2  |8, 10, 5, 5|
bad coloring on level 2  |10, 12, 5, 5|
bad coloring on level 2  |3, 8, 5, 6|
bad coloring on level 2  |3, 12, 5, 6|
bad coloring on level 2  |8, 10, 5, 6|
bad coloring on level 2  |10, 12, 5, 6|
bad coloring on level 2  |0, 12, 5, 9|
bad coloring on level 2  |3, 8, 5, 9|
bad coloring on level 2  |3, 12, 5, 9|
bad coloring on level 2  |5, 12, 5, 9|
bad coloring on level 2  |8, 10, 5, 9|
bad coloring on level 2  |8, 12, 5, 9|
bad coloring on level 2  |10, 12, 5, 9|
bad coloring on level 2  |11, 12, 5, 9|
bad coloring on level 2  |12, 12, 5, 9|
bad coloring on level 2  |12, 15, 5, 9|
bad coloring on level 2  |0, 11, 5, 10|
bad coloring on level 2  |0, 12, 5, 10|
bad coloring on level 2  |3, 8, 5, 10|
bad coloring on level 2  |3, 12, 5, 10|
bad coloring on level 2  |5, 12, 5, 10|
bad coloring on level 2  |8, 10, 5, 10|
bad coloring on level 2  |8, 12, 5, 10|
bad coloring on level 2  |10, 12, 5, 10|
bad coloring on level 2  |11, 12, 5, 10|
bad coloring on level 2  |12, 12, 5, 10|
bad coloring on level 2  |12, 15, 5, 10|
bad coloring on level 2  |0, 3, 5, 11|
bad coloring on level 2  |3, 3, 5, 11|
bad coloring on level 2  |3, 4, 5, 11|
bad coloring on level 2  |3, 8, 5, 11|
bad coloring on level 2  |3, 9, 5, 11|
bad coloring on level 2  |3, 10, 5, 11|
bad coloring on level 2  |3, 12, 5, 11|
bad coloring on level 2  |3, 15, 5, 11|
bad coloring on level 2  |8, 10, 5, 11|
bad coloring on level 2  |10, 12, 5, 11|
bad coloring on level 2  |0, 3, 5, 12|
bad coloring on level 2  |0, 9, 5, 12|
bad coloring on level 2  |3, 3, 5, 12|
bad coloring on level 2  |3, 4, 5, 12|
bad coloring on level 2  |3, 8, 5, 12|
bad coloring on level 2  |3, 9, 5, 12|
bad coloring on level 2  |3, 10, 5, 12|
bad coloring on level 2  |3, 12, 5, 12|
bad coloring on level 2  |3, 15, 5, 12|
bad coloring on level 2  |4, 9, 5, 12|
bad coloring on level 2  |5, 9, 5, 12|
bad coloring on level 2  |5, 10, 5, 12|
bad coloring on level 2  |6, 9, 5, 12|
bad coloring on level 2  |6, 10, 5, 12|
bad coloring on level 2  |8, 10, 5, 12|
bad coloring on level 2  |9, 9, 5, 12|
bad coloring on level 2  |9, 10, 5, 12|
bad coloring on level 2  |9, 15, 5, 12|
bad coloring on level 2  |10, 10, 5, 12|
bad coloring on level 2  |10, 12, 5, 12|
bad coloring on level 2  |10, 15, 5, 12|
bad coloring on level 2  |3, 8, 5, 15|
bad coloring on level 2  |3, 12, 5, 15|
bad coloring on level 2  |8, 10, 5, 15|
bad coloring on level 2  |10, 12, 5, 15|
bad coloring on level 2  |0, 12, 6, 9|
bad coloring on level 2  |3, 12, 6, 9|
bad coloring on level 2  |5, 12, 6, 9|
bad coloring on level 2  |8, 10, 6, 9|
bad coloring on level 2  |8, 12, 6, 9|
bad coloring on level 2  |10, 12, 6, 9|
bad coloring on level 2  |11, 12, 6, 9|
bad coloring on level 2  |12, 12, 6, 9|
bad coloring on level 2  |12, 15, 6, 9|
bad coloring on level 2  |0, 11, 6, 10|
bad coloring on level 2  |0, 12, 6, 10|
bad coloring on level 2  |3, 8, 6, 10|
bad coloring on level 2  |3, 12, 6, 10|
bad coloring on level 2  |5, 12, 6, 10|
bad coloring on level 2  |8, 10, 6, 10|
bad coloring on level 2  |8, 12, 6, 10|
bad coloring on level 2  |10, 12, 6, 10|
bad coloring on level 2  |11, 12, 6, 10|
bad coloring on level 2  |12, 12, 6, 10|
bad coloring on level 2  |12, 15, 6, 10|
bad coloring on level 2  |0, 5, 8, 10|
bad coloring on level 2  |0, 11, 8, 10|
bad coloring on level 2  |5, 5, 8, 10|
bad coloring on level 2  |5, 6, 8, 10|
bad coloring on level 2  |5, 9, 8, 10|
bad coloring on level 2  |5, 10, 8, 10|
bad coloring on level 2  |5, 11, 8, 10|
bad coloring on level 2  |5, 12, 8, 10|
bad coloring on level 2  |5, 15, 8, 10|
bad coloring on level 2  |6, 9, 8, 10|
bad coloring on level 2  |6, 10, 8, 10|
bad coloring on level 2  |5, 9, 8, 12|
bad coloring on level 2  |5, 10, 8, 12|
bad coloring on level 2  |6, 9, 8, 12|
bad coloring on level 2  |6, 10, 8, 12|
bad coloring on level 2  |5, 12, 9, 9|
bad coloring on level 2  |11, 12, 9, 9|
bad coloring on level 2  |0, 11, 9, 10|
bad coloring on level 2  |5, 12, 9, 10|
bad coloring on level 2  |11, 12, 9, 10|
bad coloring on level 2  |5, 12, 9, 15|
bad coloring on level 2  |11, 12, 9, 15|
bad coloring on level 2  |0, 11, 10, 10|
bad coloring on level 2  |5, 12, 10, 10|
bad coloring on level 2  |0, 5, 10, 12|
bad coloring on level 2  |0, 11, 10, 12|
bad coloring on level 2  |5, 5, 10, 12|
bad coloring on level 2  |5, 6, 10, 12|
bad coloring on level 2  |5, 9, 10, 12|
bad coloring on level 2  |5, 10, 10, 12|
bad coloring on level 2  |5, 11, 10, 12|
bad coloring on level 2  |5, 12, 10, 12|
bad coloring on level 2  |5, 15, 10, 12|
bad coloring on level 2  |6, 9, 10, 12|
bad coloring on level 2  |6, 10, 10, 12|
bad coloring on level 2  |0, 11, 10, 15|
bad coloring on level 2  |5, 12, 10, 15|
bad coloring on level 2  |0, 9, 11, 12|
bad coloring on level 2  |3, 9, 11, 12|
bad coloring on level 2  |4, 9, 11, 12|
bad coloring on level 2  |5, 9, 11, 12|
bad coloring on level 2  |5, 10, 11, 12|
bad coloring on level 2  |6, 9, 11, 12|
bad coloring on level 2  |6, 10, 11, 12|
bad coloring on level 2  |9, 9, 11, 12|
bad coloring on level 2  |9, 10, 11, 12|
bad coloring on level 2  |9, 15, 11, 12|
bad coloring on level 2  |5, 9, 12, 12|
bad coloring on level 2  |5, 10, 12, 12|
bad coloring on level 2  |6, 9, 12, 12|
bad coloring on level 2  |6, 10, 12, 12|
bad coloring on level 2  |5, 9, 12, 15|
bad coloring on level 2  |5, 10, 12, 15|
bad coloring on level 2  |6, 9, 12, 15|
bad coloring on level 2  |6, 10, 12, 15|

192 bad colorings on level 2
Sub sub problem :
Trying improving 0, 3, 5, 11 with subs:
Root to change : 3 with colors |2, 4, 5, 7, 9, 11, 12, 14, 15|
Root to change : 5 with colors |1, 2, 4, 6, 7, 8, 11, 12, 15|
Root to change : 11 with colors |2, 5, 6, 9, 10, 14, 15|
++++++++++++++++++++++
Trying improving 0, 3, 5, 12 with subs:
Root to change : 3 with colors |2, 4, 5, 7, 11, 12, 15|
Root to change : 5 with colors |1, 3, 7, 8, 10, 11, 12, 14, 15|
Root to change : 12 with colors |2, 5, 6, 9, 10, 14, 15|
++++++++++++++++++++++
Trying improving 0, 5, 3, 8 with subs:
Root to change : 5 with colors |2, 3, 4, 7, 9, 11, 12, 14, 15|
Root to change : 3 with colors |1, 4, 6, 7, 8, 11, 12, 15|
Root to change : 8 with colors |3, 4, 9, 10, 13, 14, 15|
++++++++++++++++++++++
Trying improving 0, 5, 3, 12 with subs:
Root to change : 5 with colors |2, 3, 4, 7, 9, 11, 12, 14, 15|
Root to change : 3 with colors |1, 5, 7, 8, 11, 12, 15|
Root to change : 12 with colors |3, 4, 9, 10, 13, 14, 15|
++++++++++++++++++++++
Trying improving 0, 5, 8, 10 with subs:
Root to change : 5 with colors |3, 4, 7, 9, 12, 14, 15|
Root to change : 8 with colors |3, 5, 6, 9, 10, 13, 14, 15|
Root to change : 10 with colors |1, 4, 6, 7, 8, 11, 12, 15|
++++++++++++++++++++++
Trying improving 0, 5, 10, 12 with subs:
Root to change : 5 with colors |3, 4, 7, 9, 12, 14, 15|
Root to change : 10 with colors |1, 5, 7, 8, 11, 12, 15|
Root to change : 12 with colors |3, 5, 6, 9, 10, 13, 14, 15|
++++++++++++++++++++++
Trying improving 0, 9, 5, 12 with subs:
Root to change : 9 with colors |2, 4, 5, 7, 11, 12, 15|
Root to change : 5 with colors |3, 7, 8, 10, 12, 14, 15|
Root to change : 12 with colors |1, 2, 5, 6, 9, 10, 11, 14, 15|
++++++++++++++++++++++
Trying improving 0, 9, 11, 12 with subs:
Root to change : 9 with colors |2, 3, 4, 5, 7, 11, 12, 14, 15|
Root to change : 11 with colors |3, 7, 8, 10, 12, 14, 15|
Root to change : 12 with colors |1, 2, 4, 5, 6, 7, 8, 11, 15|
++++++++++++++++++++++
Trying improving 0, 11, 3, 10 with subs:
Root to change : 0 with colors |1, 4, 6, 7, 8, 11, 12, 15|
Root to change : 11 with colors |2, 3, 4, 5, 7, 9, 12, 14, 15|
Root to change : 10 with colors |3, 4, 7, 8, 9, 12, 13, 14, 15|
++++++++++++++++++++++
Trying improving 0, 11, 5, 10 with subs:
Root to change : 0 with colors |1, 2, 4, 5, 6, 8, 11, 15|
Root to change : 11 with colors |2, 3, 4, 5, 9, 14, 15|
Root to change : 10 with colors |1, 2, 5, 6, 9, 11, 12, 14, 15|
++++++++++++++++++++++
Trying improving 0, 11, 6, 10 with subs:
Root to change : 0 with colors |1, 2, 4, 5, 6, 7, 8, 11, 15|
Root to change : 11 with colors |2, 3, 4, 5, 9, 14, 15|
Root to change : 10 with colors |1, 2, 4, 5, 6, 8, 9, 11, 13, 15|
++++++++++++++++++++++
Trying improving 0, 11, 8, 10 with subs:
Root to change : 0 with colors |1, 2, 4, 6, 7, 8, 11, 12, 15|
Root to change : 11 with colors |3, 4, 7, 9, 12, 14, 15|
Root to change : 10 with colors |1, 3, 4, 6, 7, 8, 11, 12, 13, 15|
++++++++++++++++++++++
Trying improving 0, 11, 9, 10 with subs:
Root to change : 0 with colors |1, 2, 4, 5, 6, 8, 11, 15|
Root to change : 11 with colors |2, 3, 4, 5, 7, 9, 12, 14, 15|
Root to change : 10 with colors |2, 3, 4, 5, 6, 9, 13, 14, 15|
++++++++++++++++++++++
Trying improving 0, 11, 10, 10 with subs:
Root to change : 0 with colors |1, 2, 4, 5, 6, 7, 8, 11, 12, 15|
Root to change : 11 with colors |2, 3, 4, 5, 7, 9, 12, 14, 15|
++++++++++++++++++++++
Trying improving 0, 11, 10, 12 with subs:
Root to change : 0 with colors |1, 4, 6, 7, 8, 11, 12, 15|
Root to change : 11 with colors |3, 4, 7, 9, 12, 14, 15|
Root to change : 10 with colors |1, 3, 5, 7, 8, 11, 12, 14, 15|
++++++++++++++++++++++
Trying improving 0, 11, 10, 15 with subs:
Root to change : 0 with colors |1, 2, 4, 5, 6, 7, 8, 11, 12, 15|
Root to change : 11 with colors |2, 3, 4, 5, 7, 9, 12, 14, 15|
Root to change : 10 with colors |3, 4, 5, 6, 8, 9, 11, 12, 15|
++++++++++++++++++++++
Trying improving 0, 12, 5, 9 with subs:
Root to change : 12 with colors |2, 3, 4, 5, 7, 9, 11, 14, 15|
Root to change : 5 with colors |3, 4, 9, 10, 13, 14, 15|
Root to change : 9 with colors |1, 2, 5, 6, 11, 12, 15|
++++++++++++++++++++++
Trying improving 0, 12, 5, 10 with subs:
Root to change : 12 with colors |2, 3, 4, 5, 9, 14, 15|
Root to change : 5 with colors |3, 8, 9, 10, 12, 13, 14, 15|
Root to change : 10 with colors |1, 2, 5, 6, 11, 12, 15|
++++++++++++++++++++++
Trying improving 0, 12, 6, 9 with subs:
Root to change : 12 with colors |2, 3, 4, 5, 7, 9, 11, 14, 15|
Root to change : 6 with colors |3, 4, 9, 10, 13, 14, 15|
Root to change : 9 with colors |1, 2, 4, 5, 6, 8, 11, 15|
++++++++++++++++++++++
Trying improving 0, 12, 6, 10 with subs:
Root to change : 12 with colors |2, 3, 4, 5, 9, 14, 15|
Root to change : 6 with colors |3, 8, 9, 10, 12, 13, 14, 15|
Root to change : 10 with colors |1, 2, 4, 5, 6, 8, 11, 15|
++++++++++++++++++++++
Trying improving 3, 3, 5, 11 with subs:
Root to change : 5 with colors |1, 2, 4, 6, 7, 8, 11, 12, 15|
Root to change : 11 with colors |2, 5, 6, 9, 10, 14, 15|
++++++++++++++++++++++
Trying improving 3, 3, 5, 12 with subs:
Root to change : 5 with colors |1, 3, 7, 8, 10, 11, 12, 14, 15|
Root to change : 12 with colors |2, 5, 6, 9, 10, 14, 15|
++++++++++++++++++++++
Trying improving 3, 4, 5, 11 with subs:
Root to change : 3 with colors |2, 4, 6, 7, 8, 9, 11, 13, 15|
Root to change : 5 with colors |1, 2, 4, 6, 7, 8, 11, 12, 15|
Root to change : 11 with colors |2, 5, 6, 9, 10, 14, 15|
++++++++++++++++++++++
Trying improving 3, 4, 5, 12 with subs:
Root to change : 3 with colors |2, 4, 6, 7, 8, 11, 15|
Root to change : 5 with colors |1, 3, 7, 8, 10, 11, 12, 14, 15|
Root to change : 12 with colors |2, 5, 6, 9, 10, 14, 15|
++++++++++++++++++++++
Trying improving 3, 8, 0, 5 with subs:
Root to change : 3 with colors |1, 4, 6, 7, 8, 11, 12, 15|
Root to change : 8 with colors |3, 4, 9, 10, 13, 14, 15|
Root to change : 5 with colors |2, 3, 4, 7, 9, 11, 12, 14, 15|
++++++++++++++++++++++
Trying improving 3, 8, 5, 5 with subs:
Root to change : 3 with colors |1, 4, 6, 7, 8, 11, 12, 15|
Root to change : 8 with colors |3, 4, 9, 10, 13, 14, 15|
++++++++++++++++++++++
Trying improving 3, 8, 5, 6 with subs:
Root to change : 3 with colors |1, 4, 6, 7, 8, 11, 12, 15|
Root to change : 8 with colors |3, 4, 9, 10, 13, 14, 15|
Root to change : 5 with colors |2, 4, 6, 8, 9, 11, 13, 15|
++++++++++++++++++++++
Trying improving 3, 8, 5, 9 with subs:
Root to change : 8 with colors |3, 4, 9, 10, 13, 14, 15|
Root to change : 5 with colors |2, 3, 4, 6, 9, 10, 13, 14, 15|
++++++++++++++++++++++
Trying improving 3, 8, 5, 10 with subs:
Root to change : 8 with colors |3, 4, 9, 10, 13, 14, 15|
Root to change : 5 with colors |3, 8, 9, 10, 12, 13, 14, 15|
++++++++++++++++++++++
Trying improving 3, 8, 5, 11 with subs:
Root to change : 3 with colors |1, 4, 6, 7, 8, 11, 12, 15|
Root to change : 5 with colors |1, 2, 4, 6, 7, 8, 11, 12, 15|
++++++++++++++++++++++
Trying improving 3, 8, 5, 12 with subs:
Root to change : 3 with colors |1, 4, 6, 7, 8, 11, 12, 15|
Root to change : 5 with colors |1, 3, 7, 8, 10, 11, 12, 14, 15|
++++++++++++++++++++++
Trying improving 3, 8, 5, 15 with subs:
Root to change : 3 with colors |1, 4, 6, 7, 8, 11, 12, 15|
Root to change : 8 with colors |3, 4, 9, 10, 13, 14, 15|
Root to change : 5 with colors |3, 4, 6, 8, 9, 10, 11, 12, 15|
++++++++++++++++++++++
Trying improving 3, 8, 6, 10 with subs:
Root to change : 8 with colors |3, 4, 9, 10, 13, 14, 15|
Root to change : 6 with colors |3, 8, 9, 10, 12, 13, 14, 15|
Root to change : 10 with colors |2, 4, 6, 8, 9, 11, 13, 15|
++++++++++++++++++++++
Trying improving 3, 9, 5, 11 with subs:
Root to change : 3 with colors |2, 4, 5, 6, 9, 10, 13, 14, 15|
Root to change : 5 with colors |2, 4, 6, 7, 8, 11, 15|
Root to change : 11 with colors |2, 5, 6, 9, 10, 14, 15|
++++++++++++++++++++++
Trying improving 3, 9, 5, 12 with subs:
Root to change : 5 with colors |3, 7, 8, 10, 12, 14, 15|
Root to change : 12 with colors |2, 5, 6, 9, 10, 14, 15|
++++++++++++++++++++++
Trying improving 3, 9, 11, 12 with subs:
Root to change : 9 with colors |3, 4, 7, 8, 10, 12, 13, 14, 15|
Root to change : 11 with colors |3, 7, 8, 10, 12, 14, 15|
Root to change : 12 with colors |2, 4, 6, 7, 8, 11, 15|
++++++++++++++++++++++
Trying improving 3, 10, 0, 11 with subs:
Root to change : 10 with colors |3, 4, 7, 8, 9, 12, 13, 14, 15|
Root to change : 0 with colors |1, 4, 6, 7, 8, 11, 12, 15|
Root to change : 11 with colors |2, 3, 4, 5, 7, 9, 12, 14, 15|
++++++++++++++++++++++
Trying improving 3, 10, 5, 11 with subs:
Root to change : 5 with colors |1, 4, 6, 7, 8, 11, 12, 15|
Root to change : 11 with colors |2, 5, 6, 9, 10, 14, 15|
++++++++++++++++++++++
Trying improving 3, 10, 5, 12 with subs:
Root to change : 5 with colors |1, 3, 7, 8, 10, 11, 12, 14, 15|
Root to change : 12 with colors |2, 5, 6, 9, 10, 14, 15|
++++++++++++++++++++++
Trying improving 3, 12, 0, 5 with subs:
Root to change : 3 with colors |1, 5, 7, 8, 11, 12, 15|
Root to change : 12 with colors |3, 4, 9, 10, 13, 14, 15|
Root to change : 5 with colors |2, 3, 4, 7, 9, 11, 12, 14, 15|
++++++++++++++++++++++
Trying improving 3, 12, 5, 5 with subs:
Root to change : 3 with colors |1, 5, 7, 8, 11, 12, 15|
Root to change : 12 with colors |3, 4, 9, 10, 13, 14, 15|
++++++++++++++++++++++
Trying improving 3, 12, 5, 6 with subs:
Root to change : 3 with colors |1, 5, 7, 8, 11, 12, 15|
Root to change : 12 with colors |3, 4, 9, 10, 13, 14, 15|
++++++++++++++++++++++
Trying improving 3, 12, 5, 9 with subs:
Root to change : 12 with colors |3, 4, 9, 10, 13, 14, 15|
Root to change : 5 with colors |3, 4, 9, 10, 13, 14, 15|
++++++++++++++++++++++
Trying improving 3, 12, 5, 10 with subs:
Root to change : 12 with colors |3, 4, 9, 10, 13, 14, 15|
Root to change : 5 with colors |3, 8, 9, 10, 12, 13, 14, 15|
++++++++++++++++++++++
Trying improving 3, 12, 5, 11 with subs:
Root to change : 3 with colors |1, 5, 7, 8, 11, 12, 15|
Root to change : 5 with colors |1, 2, 4, 6, 7, 8, 11, 12, 15|
++++++++++++++++++++++
Trying improving 3, 12, 5, 12 with subs:
Root to change : 3 with colors |1, 5, 7, 8, 11, 12, 15|
Root to change : 5 with colors |1, 3, 7, 8, 10, 11, 12, 14, 15|
++++++++++++++++++++++
Trying improving 3, 12, 5, 15 with subs:
Root to change : 3 with colors |1, 5, 7, 8, 11, 12, 15|
Root to change : 12 with colors |3, 4, 9, 10, 13, 14, 15|
Root to change : 5 with colors |3, 4, 6, 8, 9, 10, 11, 12, 15|
++++++++++++++++++++++
Trying improving 3, 12, 6, 9 with subs:
Root to change : 12 with colors |3, 4, 7, 8, 9, 10, 13, 14, 15|
Root to change : 6 with colors |3, 4, 9, 10, 13, 14, 15|
++++++++++++++++++++++
Trying improving 3, 12, 6, 10 with subs:
Root to change : 12 with colors |3, 4, 9, 10, 13, 14, 15|
Root to change : 6 with colors |3, 8, 9, 10, 12, 13, 14, 15|
++++++++++++++++++++++
Trying improving 3, 15, 5, 11 with subs:
Root to change : 3 with colors |4, 5, 6, 8, 9, 10, 11, 12, 15|
Root to change : 5 with colors |1, 2, 4, 6, 7, 8, 11, 12, 15|
Root to change : 11 with colors |2, 5, 6, 9, 10, 14, 15|
++++++++++++++++++++++
Trying improving 3, 15, 5, 12 with subs:
Root to change : 3 with colors |4, 5, 6, 8, 11, 12, 15|
Root to change : 5 with colors |1, 3, 7, 8, 10, 11, 12, 14, 15|
Root to change : 12 with colors |2, 5, 6, 9, 10, 14, 15|
++++++++++++++++++++++
Trying improving 4, 9, 5, 12 with subs:
Root to change : 9 with colors |2, 4, 6, 7, 8, 11, 15|
Root to change : 5 with colors |3, 7, 8, 10, 12, 14, 15|
Root to change : 12 with colors |1, 2, 5, 6, 9, 10, 11, 14, 15|
++++++++++++++++++++++
Trying improving 4, 9, 11, 12 with subs:
Root to change : 9 with colors |2, 3, 4, 6, 7, 8, 11, 13, 15|
Root to change : 11 with colors |3, 7, 8, 10, 12, 14, 15|
Root to change : 12 with colors |1, 2, 4, 5, 6, 7, 8, 11, 15|
++++++++++++++++++++++
Trying improving 5, 5, 3, 8 with subs:
Root to change : 3 with colors |1, 4, 6, 7, 8, 11, 12, 15|
Root to change : 8 with colors |3, 4, 9, 10, 13, 14, 15|
++++++++++++++++++++++
Trying improving 5, 5, 3, 12 with subs:
Root to change : 3 with colors |1, 5, 7, 8, 11, 12, 15|
Root to change : 12 with colors |3, 4, 9, 10, 13, 14, 15|
++++++++++++++++++++++
Trying improving 5, 5, 8, 10 with subs:
Root to change : 8 with colors |3, 5, 6, 9, 10, 13, 14, 15|
Root to change : 10 with colors |1, 4, 6, 7, 8, 11, 12, 15|
++++++++++++++++++++++
Trying improving 5, 5, 10, 12 with subs:
Root to change : 10 with colors |1, 5, 7, 8, 11, 12, 15|
Root to change : 12 with colors |3, 5, 6, 9, 10, 13, 14, 15|
++++++++++++++++++++++
Trying improving 5, 6, 3, 8 with subs:
Root to change : 5 with colors |2, 4, 6, 8, 9, 11, 13, 15|
Root to change : 3 with colors |1, 4, 6, 7, 8, 11, 12, 15|
Root to change : 8 with colors |3, 4, 9, 10, 13, 14, 15|
++++++++++++++++++++++
Trying improving 5, 6, 3, 12 with subs:
Root to change : 3 with colors |1, 5, 7, 8, 11, 12, 15|
Root to change : 12 with colors |3, 4, 9, 10, 13, 14, 15|
++++++++++++++++++++++
Trying improving 5, 6, 8, 10 with subs:
Root to change : 8 with colors |3, 5, 6, 9, 10, 13, 14, 15|
Root to change : 10 with colors |1, 4, 6, 7, 8, 11, 12, 15|
++++++++++++++++++++++
Trying improving 5, 6, 10, 12 with subs:
Root to change : 10 with colors |1, 5, 7, 8, 11, 12, 15|
Root to change : 12 with colors |3, 5, 6, 9, 10, 13, 14, 15|
++++++++++++++++++++++
Trying improving 5, 9, 0, 12 with subs:
Root to change : 5 with colors |3, 4, 9, 10, 13, 14, 15|
Root to change : 9 with colors |1, 2, 5, 6, 11, 12, 15|
Root to change : 12 with colors |2, 3, 4, 5, 7, 9, 11, 14, 15|
++++++++++++++++++++++
Trying improving 5, 9, 3, 8 with subs:
Root to change : 5 with colors |2, 3, 4, 6, 9, 10, 13, 14, 15|
Root to change : 8 with colors |3, 4, 9, 10, 13, 14, 15|
++++++++++++++++++++++
Trying improving 5, 9, 3, 12 with subs:
Root to change : 5 with colors |3, 4, 9, 10, 13, 14, 15|
Root to change : 12 with colors |3, 4, 9, 10, 13, 14, 15|
++++++++++++++++++++++
Trying improving 5, 9, 5, 12 with subs:
Root to change : 9 with colors |1, 2, 5, 6, 11, 12, 15|
Root to change : 12 with colors |1, 2, 5, 6, 9, 10, 11, 14, 15|
++++++++++++++++++++++
Trying improving 5, 9, 8, 10 with subs:
Root to change : 5 with colors |3, 4, 9, 10, 13, 14, 15|
Root to change : 8 with colors |3, 5, 6, 9, 10, 13, 14, 15|
++++++++++++++++++++++
Trying improving 5, 9, 8, 12 with subs:
Root to change : 5 with colors |3, 4, 9, 10, 13, 14, 15|
Root to change : 9 with colors |1, 2, 5, 6, 11, 12, 15|
++++++++++++++++++++++
Trying improving 5, 9, 10, 12 with subs:
Root to change : 5 with colors |3, 4, 9, 10, 13, 14, 15|
Root to change : 12 with colors |3, 5, 6, 9, 10, 13, 14, 15|
++++++++++++++++++++++
Trying improving 5, 9, 11, 12 with subs:
Root to change : 9 with colors |1, 2, 5, 6, 11, 12, 15|
Root to change : 12 with colors |1, 2, 4, 5, 6, 7, 8, 11, 15|
++++++++++++++++++++++
Trying improving 5, 9, 12, 12 with subs:
Root to change : 5 with colors |3, 4, 9, 10, 13, 14, 15|
Root to change : 9 with colors |1, 2, 5, 6, 11, 12, 15|
++++++++++++++++++++++
Trying improving 5, 9, 12, 15 with subs:
Root to change : 5 with colors |3, 4, 9, 10, 13, 14, 15|
Root to change : 9 with colors |1, 2, 5, 6, 11, 12, 15|
Root to change : 12 with colors |3, 4, 5, 6, 8, 9, 10, 11, 15|
++++++++++++++++++++++
Trying improving 5, 10, 0, 11 with subs:
Root to change : 10 with colors |1, 2, 5, 6, 9, 11, 12, 14, 15|
Root to change : 0 with colors |1, 2, 4, 5, 6, 8, 11, 15|
Root to change : 11 with colors |2, 3, 4, 5, 9, 14, 15|
++++++++++++++++++++++
Trying improving 5, 10, 0, 12 with subs:
Root to change : 5 with colors |3, 8, 9, 10, 12, 13, 14, 15|
Root to change : 10 with colors |1, 2, 5, 6, 11, 12, 15|
Root to change : 12 with colors |2, 3, 4, 5, 9, 14, 15|
++++++++++++++++++++++
Trying improving 5, 10, 3, 8 with subs:
Root to change : 5 with colors |3, 8, 9, 10, 12, 13, 14, 15|
Root to change : 8 with colors |3, 4, 9, 10, 13, 14, 15|
++++++++++++++++++++++
Trying improving 5, 10, 3, 12 with subs:
Root to change : 5 with colors |3, 8, 9, 10, 12, 13, 14, 15|
Root to change : 12 with colors |3, 4, 9, 10, 13, 14, 15|
++++++++++++++++++++++
Trying improving 5, 10, 5, 12 with subs:
Root to change : 10 with colors |1, 2, 5, 6, 11, 12, 15|
Root to change : 12 with colors |1, 2, 5, 6, 9, 10, 11, 14, 15|
++++++++++++++++++++++
Trying improving 5, 10, 8, 10 with subs:
Root to change : 5 with colors |3, 8, 9, 10, 12, 13, 14, 15|
Root to change : 8 with colors |3, 5, 6, 9, 10, 13, 14, 15|
++++++++++++++++++++++
Trying improving 5, 10, 8, 12 with subs:
Root to change : 5 with colors |3, 8, 9, 10, 12, 13, 14, 15|
Root to change : 10 with colors |1, 2, 5, 6, 11, 12, 15|
++++++++++++++++++++++
Trying improving 5, 10, 10, 12 with subs:
Root to change : 5 with colors |3, 8, 9, 10, 12, 13, 14, 15|
Root to change : 12 with colors |3, 5, 6, 9, 10, 13, 14, 15|
++++++++++++++++++++++
Trying improving 5, 10, 11, 12 with subs:
Root to change : 10 with colors |1, 2, 5, 6, 11, 12, 15|
Root to change : 12 with colors |1, 2, 4, 5, 6, 8, 11, 15|
++++++++++++++++++++++
Trying improving 5, 10, 12, 12 with subs:
Root to change : 5 with colors |3, 8, 9, 10, 12, 13, 14, 15|
Root to change : 10 with colors |1, 2, 5, 6, 11, 12, 15|
++++++++++++++++++++++
Trying improving 5, 10, 12, 15 with subs:
Root to change : 5 with colors |3, 8, 9, 10, 12, 13, 14, 15|
Root to change : 10 with colors |1, 2, 5, 6, 11, 12, 15|
Root to change : 12 with colors |3, 4, 5, 6, 8, 9, 10, 11, 15|
++++++++++++++++++++++
Trying improving 5, 11, 0, 3 with subs:
Root to change : 5 with colors |1, 2, 4, 6, 7, 8, 11, 12, 15|
Root to change : 11 with colors |2, 5, 6, 9, 10, 14, 15|
Root to change : 3 with colors |2, 4, 5, 7, 9, 11, 12, 14, 15|
++++++++++++++++++++++
Trying improving 5, 11, 3, 3 with subs:
Root to change : 5 with colors |1, 2, 4, 6, 7, 8, 11, 12, 15|
Root to change : 11 with colors |2, 5, 6, 9, 10, 14, 15|
++++++++++++++++++++++
Trying improving 5, 11, 3, 4 with subs:
Root to change : 5 with colors |1, 2, 4, 6, 7, 8, 11, 12, 15|
Root to change : 11 with colors |2, 5, 6, 9, 10, 14, 15|
Root to change : 3 with colors |2, 4, 6, 7, 8, 9, 11, 13, 15|
++++++++++++++++++++++
Trying improving 5, 11, 3, 8 with subs:
Root to change : 5 with colors |1, 2, 4, 6, 7, 8, 11, 12, 15|
Root to change : 3 with colors |1, 4, 6, 7, 8, 11, 12, 15|
++++++++++++++++++++++
Trying improving 5, 11, 3, 9 with subs:
Root to change : 5 with colors |2, 4, 6, 7, 8, 11, 15|
Root to change : 11 with colors |2, 5, 6, 9, 10, 14, 15|
Root to change : 3 with colors |2, 4, 5, 6, 9, 10, 13, 14, 15|
++++++++++++++++++++++
Trying improving 5, 11, 3, 10 with subs:
Root to change : 5 with colors |1, 4, 6, 7, 8, 11, 12, 15|
Root to change : 11 with colors |2, 5, 6, 9, 10, 14, 15|
++++++++++++++++++++++
Trying improving 5, 11, 3, 12 with subs:
Root to change : 5 with colors |1, 2, 4, 6, 7, 8, 11, 12, 15|
Root to change : 3 with colors |1, 5, 7, 8, 11, 12, 15|
++++++++++++++++++++++
Trying improving 5, 11, 3, 15 with subs:
Root to change : 5 with colors |1, 2, 4, 6, 7, 8, 11, 12, 15|
Root to change : 11 with colors |2, 5, 6, 9, 10, 14, 15|
Root to change : 3 with colors |4, 5, 6, 8, 9, 10, 11, 12, 15|
++++++++++++++++++++++
Trying improving 5, 11, 8, 10 with subs:
Root to change : 5 with colors |1, 4, 6, 7, 8, 11, 12, 15|
Root to change : 10 with colors |1, 4, 6, 7, 8, 11, 12, 15|
++++++++++++++++++++++
Trying improving 5, 11, 10, 12 with subs:
Root to change : 5 with colors |1, 4, 6, 7, 8, 11, 12, 15|
Root to change : 10 with colors |1, 5, 7, 8, 11, 12, 15|
++++++++++++++++++++++
Trying improving 5, 12, 0, 3 with subs:
Root to change : 5 with colors |1, 3, 7, 8, 10, 11, 12, 14, 15|
Root to change : 12 with colors |2, 5, 6, 9, 10, 14, 15|
Root to change : 3 with colors |2, 4, 5, 7, 11, 12, 15|
++++++++++++++++++++++
Trying improving 5, 12, 0, 9 with subs:
Root to change : 5 with colors |3, 7, 8, 10, 12, 14, 15|
Root to change : 12 with colors |1, 2, 5, 6, 9, 10, 11, 14, 15|
Root to change : 9 with colors |2, 4, 5, 7, 11, 12, 15|
++++++++++++++++++++++
Trying improving 5, 12, 3, 3 with subs:
Root to change : 5 with colors |1, 3, 7, 8, 10, 11, 12, 14, 15|
Root to change : 12 with colors |2, 5, 6, 9, 10, 14, 15|
++++++++++++++++++++++
Trying improving 5, 12, 3, 4 with subs:
Root to change : 5 with colors |1, 3, 7, 8, 10, 11, 12, 14, 15|
Root to change : 12 with colors |2, 5, 6, 9, 10, 14, 15|
Root to change : 3 with colors |2, 4, 6, 7, 8, 11, 15|
++++++++++++++++++++++
Trying improving 5, 12, 3, 8 with subs:
Root to change : 5 with colors |1, 3, 7, 8, 10, 11, 12, 14, 15|
Root to change : 3 with colors |1, 4, 6, 7, 8, 11, 12, 15|
++++++++++++++++++++++
Trying improving 5, 12, 3, 9 with subs:
Root to change : 5 with colors |3, 7, 8, 10, 12, 14, 15|
Root to change : 12 with colors |2, 5, 6, 9, 10, 14, 15|
++++++++++++++++++++++
Trying improving 5, 12, 3, 10 with subs:
Root to change : 5 with colors |1, 3, 7, 8, 10, 11, 12, 14, 15|
Root to change : 12 with colors |2, 5, 6, 9, 10, 14, 15|
++++++++++++++++++++++
Trying improving 5, 12, 3, 12 with subs:
Root to change : 5 with colors |1, 3, 7, 8, 10, 11, 12, 14, 15|
Root to change : 3 with colors |1, 5, 7, 8, 11, 12, 15|
++++++++++++++++++++++
Trying improving 5, 12, 3, 15 with subs:
Root to change : 5 with colors |1, 3, 7, 8, 10, 11, 12, 14, 15|
Root to change : 12 with colors |2, 5, 6, 9, 10, 14, 15|
Root to change : 3 with colors |4, 5, 6, 8, 11, 12, 15|
++++++++++++++++++++++
Trying improving 5, 12, 4, 9 with subs:
Root to change : 5 with colors |3, 7, 8, 10, 12, 14, 15|
Root to change : 12 with colors |1, 2, 5, 6, 9, 10, 11, 14, 15|
Root to change : 9 with colors |2, 4, 6, 7, 8, 11, 15|
++++++++++++++++++++++
Trying improving 5, 12, 5, 9 with subs:
Root to change : 12 with colors |1, 2, 5, 6, 9, 10, 11, 14, 15|
Root to change : 9 with colors |1, 2, 5, 6, 11, 12, 15|
++++++++++++++++++++++
Trying improving 5, 12, 5, 10 with subs:
Root to change : 12 with colors |1, 2, 5, 6, 9, 10, 11, 14, 15|
Root to change : 10 with colors |1, 2, 5, 6, 11, 12, 15|
++++++++++++++++++++++
Trying improving 5, 12, 6, 9 with subs:
Root to change : 12 with colors |1, 2, 5, 6, 9, 10, 11, 14, 15|
Root to change : 9 with colors |1, 2, 4, 5, 6, 8, 11, 15|
++++++++++++++++++++++
Trying improving 5, 12, 6, 10 with subs:
Root to change : 12 with colors |1, 2, 5, 6, 9, 10, 11, 14, 15|
Root to change : 10 with colors |1, 2, 4, 5, 6, 8, 11, 15|
++++++++++++++++++++++
Trying improving 5, 12, 8, 10 with subs:
Root to change : 5 with colors |1, 3, 7, 8, 10, 11, 12, 14, 15|
Root to change : 10 with colors |1, 4, 6, 7, 8, 11, 12, 15|
++++++++++++++++++++++
Trying improving 5, 12, 9, 9 with subs:
Root to change : 5 with colors |3, 7, 8, 10, 12, 14, 15|
Root to change : 12 with colors |1, 2, 5, 6, 9, 10, 11, 14, 15|
++++++++++++++++++++++
Trying improving 5, 12, 9, 10 with subs:
Root to change : 5 with colors |3, 7, 8, 10, 12, 14, 15|
Root to change : 12 with colors |1, 2, 5, 6, 9, 10, 11, 14, 15|
++++++++++++++++++++++
Trying improving 5, 12, 9, 15 with subs:
Root to change : 5 with colors |3, 7, 8, 10, 12, 14, 15|
Root to change : 12 with colors |1, 2, 5, 6, 9, 10, 11, 14, 15|
Root to change : 9 with colors |4, 5, 6, 8, 11, 12, 15|
++++++++++++++++++++++
Trying improving 5, 12, 10, 10 with subs:
Root to change : 5 with colors |1, 3, 7, 8, 10, 11, 12, 14, 15|
Root to change : 12 with colors |1, 2, 5, 6, 9, 10, 11, 14, 15|
++++++++++++++++++++++
Trying improving 5, 12, 10, 12 with subs:
Root to change : 5 with colors |1, 3, 7, 8, 10, 11, 12, 14, 15|
Root to change : 10 with colors |1, 5, 7, 8, 11, 12, 15|
++++++++++++++++++++++
Trying improving 5, 12, 10, 15 with subs:
Root to change : 5 with colors |1, 3, 7, 8, 10, 11, 12, 14, 15|
Root to change : 12 with colors |1, 2, 5, 6, 9, 10, 11, 14, 15|
Root to change : 10 with colors |4, 5, 6, 8, 11, 12, 15|
++++++++++++++++++++++
Trying improving 5, 15, 3, 8 with subs:
Root to change : 5 with colors |3, 4, 6, 8, 9, 10, 11, 12, 15|
Root to change : 3 with colors |1, 4, 6, 7, 8, 11, 12, 15|
Root to change : 8 with colors |3, 4, 9, 10, 13, 14, 15|
++++++++++++++++++++++
Trying improving 5, 15, 3, 12 with subs:
Root to change : 5 with colors |3, 4, 6, 8, 9, 10, 11, 12, 15|
Root to change : 3 with colors |1, 5, 7, 8, 11, 12, 15|
Root to change : 12 with colors |3, 4, 9, 10, 13, 14, 15|
++++++++++++++++++++++
Trying improving 5, 15, 8, 10 with subs:
Root to change : 5 with colors |3, 4, 6, 8, 9, 10, 11, 12, 15|
Root to change : 8 with colors |3, 5, 6, 9, 10, 13, 14, 15|
Root to change : 10 with colors |1, 4, 6, 7, 8, 11, 12, 15|
++++++++++++++++++++++
Trying improving 5, 15, 10, 12 with subs:
Root to change : 5 with colors |3, 4, 6, 8, 9, 10, 11, 12, 15|
Root to change : 10 with colors |1, 5, 7, 8, 11, 12, 15|
Root to change : 12 with colors |3, 5, 6, 9, 10, 13, 14, 15|
++++++++++++++++++++++
Trying improving 6, 9, 0, 12 with subs:
Root to change : 6 with colors |3, 4, 9, 10, 13, 14, 15|
Root to change : 9 with colors |1, 2, 4, 5, 6, 8, 11, 15|
Root to change : 12 with colors |2, 3, 4, 5, 7, 9, 11, 14, 15|
++++++++++++++++++++++
Trying improving 6, 9, 3, 12 with subs:
Root to change : 6 with colors |3, 4, 9, 10, 13, 14, 15|
Root to change : 12 with colors |3, 4, 7, 8, 9, 10, 13, 14, 15|
++++++++++++++++++++++
Trying improving 6, 9, 5, 12 with subs:
Root to change : 9 with colors |1, 2, 4, 5, 6, 8, 11, 15|
Root to change : 12 with colors |1, 2, 5, 6, 9, 10, 11, 14, 15|
++++++++++++++++++++++
Trying improving 6, 9, 8, 10 with subs:
Root to change : 6 with colors |3, 4, 9, 10, 13, 14, 15|
Root to change : 8 with colors |3, 5, 6, 9, 10, 13, 14, 15|
Root to change : 10 with colors |3, 4, 6, 7, 8, 11, 13, 15|
++++++++++++++++++++++
Trying improving 6, 9, 8, 12 with subs:
Root to change : 6 with colors |3, 4, 9, 10, 13, 14, 15|
Root to change : 9 with colors |1, 2, 4, 5, 6, 8, 11, 15|
Root to change : 12 with colors |3, 4, 6, 7, 8, 11, 13, 15|
++++++++++++++++++++++
Trying improving 6, 9, 10, 12 with subs:
Root to change : 6 with colors |3, 4, 9, 10, 13, 14, 15|
Root to change : 12 with colors |3, 5, 6, 9, 10, 13, 14, 15|
++++++++++++++++++++++
Trying improving 6, 9, 11, 12 with subs:
Root to change : 9 with colors |1, 2, 4, 5, 6, 8, 11, 15|
Root to change : 12 with colors |1, 2, 4, 5, 6, 7, 8, 11, 15|
++++++++++++++++++++++
Trying improving 6, 9, 12, 12 with subs:
Root to change : 6 with colors |3, 4, 9, 10, 13, 14, 15|
Root to change : 9 with colors |1, 2, 4, 5, 6, 8, 11, 15|
++++++++++++++++++++++
Trying improving 6, 9, 12, 15 with subs:
Root to change : 6 with colors |3, 4, 9, 10, 13, 14, 15|
Root to change : 9 with colors |1, 2, 4, 5, 6, 8, 11, 15|
Root to change : 12 with colors |3, 4, 5, 6, 8, 9, 10, 11, 15|
++++++++++++++++++++++
Trying improving 6, 10, 0, 11 with subs:
Root to change : 10 with colors |1, 2, 4, 5, 6, 8, 9, 11, 13, 15|
Root to change : 0 with colors |1, 2, 4, 5, 6, 7, 8, 11, 15|
Root to change : 11 with colors |2, 3, 4, 5, 9, 14, 15|
++++++++++++++++++++++
Trying improving 6, 10, 0, 12 with subs:
Root to change : 6 with colors |3, 8, 9, 10, 12, 13, 14, 15|
Root to change : 10 with colors |1, 2, 4, 5, 6, 8, 11, 15|
Root to change : 12 with colors |2, 3, 4, 5, 9, 14, 15|
++++++++++++++++++++++
Trying improving 6, 10, 3, 8 with subs:
Root to change : 6 with colors |3, 8, 9, 10, 12, 13, 14, 15|
Root to change : 10 with colors |2, 4, 6, 8, 9, 11, 13, 15|
Root to change : 8 with colors |3, 4, 9, 10, 13, 14, 15|
++++++++++++++++++++++
Trying improving 6, 10, 3, 12 with subs:
Root to change : 6 with colors |3, 8, 9, 10, 12, 13, 14, 15|
Root to change : 12 with colors |3, 4, 9, 10, 13, 14, 15|
++++++++++++++++++++++
Trying improving 6, 10, 5, 12 with subs:
Root to change : 10 with colors |1, 2, 4, 5, 6, 8, 11, 15|
Root to change : 12 with colors |1, 2, 5, 6, 9, 10, 11, 14, 15|
++++++++++++++++++++++
Trying improving 6, 10, 8, 10 with subs:
Root to change : 6 with colors |3, 8, 9, 10, 12, 13, 14, 15|
Root to change : 8 with colors |3, 5, 6, 9, 10, 13, 14, 15|
++++++++++++++++++++++
Trying improving 6, 10, 8, 12 with subs:
Root to change : 6 with colors |3, 8, 9, 10, 12, 13, 14, 15|
Root to change : 10 with colors |1, 2, 4, 5, 6, 8, 11, 15|
++++++++++++++++++++++
Trying improving 6, 10, 10, 12 with subs:
Root to change : 6 with colors |3, 8, 9, 10, 12, 13, 14, 15|
Root to change : 12 with colors |3, 5, 6, 9, 10, 13, 14, 15|
++++++++++++++++++++++
Trying improving 6, 10, 11, 12 with subs:
Root to change : 10 with colors |1, 2, 4, 5, 6, 8, 11, 15|
Root to change : 12 with colors |1, 2, 4, 5, 6, 8, 11, 15|
++++++++++++++++++++++
Trying improving 6, 10, 12, 12 with subs:
Root to change : 6 with colors |3, 8, 9, 10, 12, 13, 14, 15|
Root to change : 10 with colors |1, 2, 4, 5, 6, 8, 11, 15|
++++++++++++++++++++++
Trying improving 6, 10, 12, 15 with subs:
Root to change : 6 with colors |3, 8, 9, 10, 12, 13, 14, 15|
Root to change : 10 with colors |1, 2, 4, 5, 6, 8, 11, 15|
Root to change : 12 with colors |3, 4, 5, 6, 8, 9, 10, 11, 15|
++++++++++++++++++++++
Trying improving 8, 10, 0, 5 with subs:
Root to change : 8 with colors |3, 5, 6, 9, 10, 13, 14, 15|
Root to change : 10 with colors |1, 4, 6, 7, 8, 11, 12, 15|
Root to change : 5 with colors |3, 4, 7, 9, 12, 14, 15|
++++++++++++++++++++++
Trying improving 8, 10, 0, 11 with subs:
Root to change : 10 with colors |1, 3, 4, 6, 7, 8, 11, 12, 13, 15|
Root to change : 0 with colors |1, 2, 4, 6, 7, 8, 11, 12, 15|
Root to change : 11 with colors |3, 4, 7, 9, 12, 14, 15|
++++++++++++++++++++++
Trying improving 8, 10, 5, 5 with subs:
Root to change : 8 with colors |3, 5, 6, 9, 10, 13, 14, 15|
Root to change : 10 with colors |1, 4, 6, 7, 8, 11, 12, 15|
++++++++++++++++++++++
Trying improving 8, 10, 5, 6 with subs:
Root to change : 8 with colors |3, 5, 6, 9, 10, 13, 14, 15|
Root to change : 10 with colors |1, 4, 6, 7, 8, 11, 12, 15|
++++++++++++++++++++++
Trying improving 8, 10, 5, 9 with subs:
Root to change : 8 with colors |3, 5, 6, 9, 10, 13, 14, 15|
Root to change : 5 with colors |3, 4, 9, 10, 13, 14, 15|
++++++++++++++++++++++
Trying improving 8, 10, 5, 10 with subs:
Root to change : 8 with colors |3, 5, 6, 9, 10, 13, 14, 15|
Root to change : 5 with colors |3, 8, 9, 10, 12, 13, 14, 15|
++++++++++++++++++++++
Trying improving 8, 10, 5, 11 with subs:
Root to change : 10 with colors |1, 4, 6, 7, 8, 11, 12, 15|
Root to change : 5 with colors |1, 4, 6, 7, 8, 11, 12, 15|
++++++++++++++++++++++
Trying improving 8, 10, 5, 12 with subs:
Root to change : 10 with colors |1, 4, 6, 7, 8, 11, 12, 15|
Root to change : 5 with colors |1, 3, 7, 8, 10, 11, 12, 14, 15|
++++++++++++++++++++++
Trying improving 8, 10, 5, 15 with subs:
Root to change : 8 with colors |3, 5, 6, 9, 10, 13, 14, 15|
Root to change : 10 with colors |1, 4, 6, 7, 8, 11, 12, 15|
Root to change : 5 with colors |3, 4, 6, 8, 9, 10, 11, 12, 15|
++++++++++++++++++++++
Trying improving 8, 10, 6, 9 with subs:
Root to change : 8 with colors |3, 5, 6, 9, 10, 13, 14, 15|
Root to change : 10 with colors |3, 4, 6, 7, 8, 11, 13, 15|
Root to change : 6 with colors |3, 4, 9, 10, 13, 14, 15|
++++++++++++++++++++++
Trying improving 8, 10, 6, 10 with subs:
Root to change : 8 with colors |3, 5, 6, 9, 10, 13, 14, 15|
Root to change : 6 with colors |3, 8, 9, 10, 12, 13, 14, 15|
++++++++++++++++++++++
Trying improving 8, 12, 5, 9 with subs:
Root to change : 5 with colors |3, 4, 9, 10, 13, 14, 15|
Root to change : 9 with colors |1, 2, 5, 6, 11, 12, 15|
++++++++++++++++++++++
Trying improving 8, 12, 5, 10 with subs:
Root to change : 5 with colors |3, 8, 9, 10, 12, 13, 14, 15|
Root to change : 10 with colors |1, 2, 5, 6, 11, 12, 15|
++++++++++++++++++++++
Trying improving 8, 12, 6, 9 with subs:
Root to change : 12 with colors |3, 4, 6, 7, 8, 11, 13, 15|
Root to change : 6 with colors |3, 4, 9, 10, 13, 14, 15|
Root to change : 9 with colors |1, 2, 4, 5, 6, 8, 11, 15|
++++++++++++++++++++++
Trying improving 8, 12, 6, 10 with subs:
Root to change : 6 with colors |3, 8, 9, 10, 12, 13, 14, 15|
Root to change : 10 with colors |1, 2, 4, 5, 6, 8, 11, 15|
++++++++++++++++++++++
Trying improving 9, 9, 5, 12 with subs:
Root to change : 5 with colors |3, 7, 8, 10, 12, 14, 15|
Root to change : 12 with colors |1, 2, 5, 6, 9, 10, 11, 14, 15|
++++++++++++++++++++++
Trying improving 9, 9, 11, 12 with subs:
Root to change : 11 with colors |3, 7, 8, 10, 12, 14, 15|
Root to change : 12 with colors |1, 2, 4, 5, 6, 7, 8, 11, 15|
++++++++++++++++++++++
Trying improving 9, 10, 0, 11 with subs:
Root to change : 10 with colors |2, 3, 4, 5, 6, 9, 13, 14, 15|
Root to change : 0 with colors |1, 2, 4, 5, 6, 8, 11, 15|
Root to change : 11 with colors |2, 3, 4, 5, 7, 9, 12, 14, 15|
++++++++++++++++++++++
Trying improving 9, 10, 5, 12 with subs:
Root to change : 5 with colors |3, 7, 8, 10, 12, 14, 15|
Root to change : 12 with colors |1, 2, 5, 6, 9, 10, 11, 14, 15|
++++++++++++++++++++++
Trying improving 9, 10, 11, 12 with subs:
Root to change : 11 with colors |3, 7, 8, 10, 12, 14, 15|
Root to change : 12 with colors |1, 2, 4, 5, 6, 8, 11, 15|
++++++++++++++++++++++
Trying improving 9, 15, 5, 12 with subs:
Root to change : 9 with colors |4, 5, 6, 8, 11, 12, 15|
Root to change : 5 with colors |3, 7, 8, 10, 12, 14, 15|
Root to change : 12 with colors |1, 2, 5, 6, 9, 10, 11, 14, 15|
++++++++++++++++++++++
Trying improving 9, 15, 11, 12 with subs:
Root to change : 9 with colors |3, 4, 5, 6, 8, 10, 11, 12, 15|
Root to change : 11 with colors |3, 7, 8, 10, 12, 14, 15|
Root to change : 12 with colors |1, 2, 4, 5, 6, 7, 8, 11, 15|
++++++++++++++++++++++
Trying improving 10, 10, 0, 11 with subs:
Root to change : 0 with colors |1, 2, 4, 5, 6, 7, 8, 11, 12, 15|
Root to change : 11 with colors |2, 3, 4, 5, 7, 9, 12, 14, 15|
++++++++++++++++++++++
Trying improving 10, 10, 5, 12 with subs:
Root to change : 5 with colors |1, 3, 7, 8, 10, 11, 12, 14, 15|
Root to change : 12 with colors |1, 2, 5, 6, 9, 10, 11, 14, 15|
++++++++++++++++++++++
Trying improving 10, 12, 0, 5 with subs:
Root to change : 10 with colors |1, 5, 7, 8, 11, 12, 15|
Root to change : 12 with colors |3, 5, 6, 9, 10, 13, 14, 15|
Root to change : 5 with colors |3, 4, 7, 9, 12, 14, 15|
++++++++++++++++++++++
Trying improving 10, 12, 0, 11 with subs:
Root to change : 10 with colors |1, 3, 5, 7, 8, 11, 12, 14, 15|
Root to change : 0 with colors |1, 4, 6, 7, 8, 11, 12, 15|
Root to change : 11 with colors |3, 4, 7, 9, 12, 14, 15|
++++++++++++++++++++++
Trying improving 10, 12, 5, 5 with subs:
Root to change : 10 with colors |1, 5, 7, 8, 11, 12, 15|
Root to change : 12 with colors |3, 5, 6, 9, 10, 13, 14, 15|
++++++++++++++++++++++
Trying improving 10, 12, 5, 6 with subs:
Root to change : 10 with colors |1, 5, 7, 8, 11, 12, 15|
Root to change : 12 with colors |3, 5, 6, 9, 10, 13, 14, 15|
++++++++++++++++++++++
Trying improving 10, 12, 5, 9 with subs:
Root to change : 12 with colors |3, 5, 6, 9, 10, 13, 14, 15|
Root to change : 5 with colors |3, 4, 9, 10, 13, 14, 15|
++++++++++++++++++++++
Trying improving 10, 12, 5, 10 with subs:
Root to change : 12 with colors |3, 5, 6, 9, 10, 13, 14, 15|
Root to change : 5 with colors |3, 8, 9, 10, 12, 13, 14, 15|
++++++++++++++++++++++
Trying improving 10, 12, 5, 11 with subs:
Root to change : 10 with colors |1, 5, 7, 8, 11, 12, 15|
Root to change : 5 with colors |1, 4, 6, 7, 8, 11, 12, 15|
++++++++++++++++++++++
Trying improving 10, 12, 5, 12 with subs:
Root to change : 10 with colors |1, 5, 7, 8, 11, 12, 15|
Root to change : 5 with colors |1, 3, 7, 8, 10, 11, 12, 14, 15|
++++++++++++++++++++++
Trying improving 10, 12, 5, 15 with subs:
Root to change : 10 with colors |1, 5, 7, 8, 11, 12, 15|
Root to change : 12 with colors |3, 5, 6, 9, 10, 13, 14, 15|
Root to change : 5 with colors |3, 4, 6, 8, 9, 10, 11, 12, 15|
++++++++++++++++++++++
Trying improving 10, 12, 6, 9 with subs:
Root to change : 12 with colors |3, 5, 6, 9, 10, 13, 14, 15|
Root to change : 6 with colors |3, 4, 9, 10, 13, 14, 15|
++++++++++++++++++++++
Trying improving 10, 12, 6, 10 with subs:
Root to change : 12 with colors |3, 5, 6, 9, 10, 13, 14, 15|
Root to change : 6 with colors |3, 8, 9, 10, 12, 13, 14, 15|
++++++++++++++++++++++
Trying improving 10, 15, 0, 11 with subs:
Root to change : 10 with colors |3, 4, 5, 6, 8, 9, 11, 12, 15|
Root to change : 0 with colors |1, 2, 4, 5, 6, 7, 8, 11, 12, 15|
Root to change : 11 with colors |2, 3, 4, 5, 7, 9, 12, 14, 15|
++++++++++++++++++++++
Trying improving 10, 15, 5, 12 with subs:
Root to change : 10 with colors |4, 5, 6, 8, 11, 12, 15|
Root to change : 5 with colors |1, 3, 7, 8, 10, 11, 12, 14, 15|
Root to change : 12 with colors |1, 2, 5, 6, 9, 10, 11, 14, 15|
++++++++++++++++++++++
Trying improving 11, 12, 0, 9 with subs:
Root to change : 11 with colors |3, 7, 8, 10, 12, 14, 15|
Root to change : 12 with colors |1, 2, 4, 5, 6, 7, 8, 11, 15|
Root to change : 9 with colors |2, 3, 4, 5, 7, 11, 12, 14, 15|
++++++++++++++++++++++
Trying improving 11, 12, 3, 9 with subs:
Root to change : 11 with colors |3, 7, 8, 10, 12, 14, 15|
Root to change : 12 with colors |2, 4, 6, 7, 8, 11, 15|
Root to change : 9 with colors |3, 4, 7, 8, 10, 12, 13, 14, 15|
++++++++++++++++++++++
Trying improving 11, 12, 4, 9 with subs:
Root to change : 11 with colors |3, 7, 8, 10, 12, 14, 15|
Root to change : 12 with colors |1, 2, 4, 5, 6, 7, 8, 11, 15|
Root to change : 9 with colors |2, 3, 4, 6, 7, 8, 11, 13, 15|
++++++++++++++++++++++
Trying improving 11, 12, 5, 9 with subs:
Root to change : 12 with colors |1, 2, 4, 5, 6, 7, 8, 11, 15|
Root to change : 9 with colors |1, 2, 5, 6, 11, 12, 15|
++++++++++++++++++++++
Trying improving 11, 12, 5, 10 with subs:
Root to change : 12 with colors |1, 2, 4, 5, 6, 8, 11, 15|
Root to change : 10 with colors |1, 2, 5, 6, 11, 12, 15|
++++++++++++++++++++++
Trying improving 11, 12, 6, 9 with subs:
Root to change : 12 with colors |1, 2, 4, 5, 6, 7, 8, 11, 15|
Root to change : 9 with colors |1, 2, 4, 5, 6, 8, 11, 15|
++++++++++++++++++++++
Trying improving 11, 12, 6, 10 with subs:
Root to change : 12 with colors |1, 2, 4, 5, 6, 8, 11, 15|
Root to change : 10 with colors |1, 2, 4, 5, 6, 8, 11, 15|
++++++++++++++++++++++
Trying improving 11, 12, 9, 9 with subs:
Root to change : 11 with colors |3, 7, 8, 10, 12, 14, 15|
Root to change : 12 with colors |1, 2, 4, 5, 6, 7, 8, 11, 15|
++++++++++++++++++++++
Trying improving 11, 12, 9, 10 with subs:
Root to change : 11 with colors |3, 7, 8, 10, 12, 14, 15|
Root to change : 12 with colors |1, 2, 4, 5, 6, 8, 11, 15|
++++++++++++++++++++++
Trying improving 11, 12, 9, 15 with subs:
Root to change : 11 with colors |3, 7, 8, 10, 12, 14, 15|
Root to change : 12 with colors |1, 2, 4, 5, 6, 7, 8, 11, 15|
Root to change : 9 with colors |3, 4, 5, 6, 8, 10, 11, 12, 15|
++++++++++++++++++++++
Trying improving 12, 12, 5, 9 with subs:
Root to change : 5 with colors |3, 4, 9, 10, 13, 14, 15|
Root to change : 9 with colors |1, 2, 5, 6, 11, 12, 15|
++++++++++++++++++++++
Trying improving 12, 12, 5, 10 with subs:
Root to change : 5 with colors |3, 8, 9, 10, 12, 13, 14, 15|
Root to change : 10 with colors |1, 2, 5, 6, 11, 12, 15|
++++++++++++++++++++++
Trying improving 12, 12, 6, 9 with subs:
Root to change : 6 with colors |3, 4, 9, 10, 13, 14, 15|
Root to change : 9 with colors |1, 2, 4, 5, 6, 8, 11, 15|
++++++++++++++++++++++
Trying improving 12, 12, 6, 10 with subs:
Root to change : 6 with colors |3, 8, 9, 10, 12, 13, 14, 15|
Root to change : 10 with colors |1, 2, 4, 5, 6, 8, 11, 15|
++++++++++++++++++++++
Trying improving 12, 15, 5, 9 with subs:
Root to change : 12 with colors |3, 4, 5, 6, 8, 9, 10, 11, 15|
Root to change : 5 with colors |3, 4, 9, 10, 13, 14, 15|
Root to change : 9 with colors |1, 2, 5, 6, 11, 12, 15|
++++++++++++++++++++++
Trying improving 12, 15, 5, 10 with subs:
Root to change : 12 with colors |3, 4, 5, 6, 8, 9, 10, 11, 15|
Root to change : 5 with colors |3, 8, 9, 10, 12, 13, 14, 15|
Root to change : 10 with colors |1, 2, 5, 6, 11, 12, 15|
++++++++++++++++++++++
Trying improving 12, 15, 6, 9 with subs:
Root to change : 12 with colors |3, 4, 5, 6, 8, 9, 10, 11, 15|
Root to change : 6 with colors |3, 4, 9, 10, 13, 14, 15|
Root to change : 9 with colors |1, 2, 4, 5, 6, 8, 11, 15|
++++++++++++++++++++++
Trying improving 12, 15, 6, 10 with subs:
Root to change : 12 with colors |3, 4, 5, 6, 8, 9, 10, 11, 15|
Root to change : 6 with colors |3, 8, 9, 10, 12, 13, 14, 15|
Root to change : 10 with colors |1, 2, 4, 5, 6, 8, 11, 15|
++++++++++++++++++++++
Unable to be solved with SubSubProblem
