Trying substitutions to: 15
with goodVertices 2, 3, 4, 5, 7, 9, 11, 12, 14
bad color to improve: 1  13  with index 28
bad color to improve: 2  7  with index 36
bad color to improve: 2  14  with index 43
bad color to improve: 7  14  with index 98
4 bad colorings on level 1
bad coloring on level 2  |5, 11, 3, 4|
bad coloring on level 2  |5, 12, 3, 4|
bad coloring on level 2  |5, 6, 3, 8|
bad coloring on level 2  |5, 9, 3, 8|
bad coloring on level 2  |6, 10, 3, 8|
bad coloring on level 2  |5, 11, 3, 9|
bad coloring on level 2  |11, 12, 3, 9|
bad coloring on level 2  |4, 11, 3, 10|
bad coloring on level 2  |6, 8, 3, 10|
bad coloring on level 2  |6, 11, 3, 10|
bad coloring on level 2  |4, 6, 3, 12|
bad coloring on level 2  |5, 6, 3, 12|
bad coloring on level 2  |6, 6, 3, 12|
bad coloring on level 2  |6, 8, 3, 12|
bad coloring on level 2  |6, 9, 3, 12|
bad coloring on level 2  |6, 10, 3, 12|
bad coloring on level 2  |6, 11, 3, 12|
bad coloring on level 2  |6, 15, 3, 12|
bad coloring on level 2  |3, 12, 4, 6|
bad coloring on level 2  |8, 10, 4, 6|
bad coloring on level 2  |10, 12, 4, 6|
bad coloring on level 2  |5, 9, 4, 8|
bad coloring on level 2  |5, 10, 4, 8|
bad coloring on level 2  |6, 10, 4, 8|
bad coloring on level 2  |5, 12, 4, 9|
bad coloring on level 2  |11, 12, 4, 9|
bad coloring on level 2  |3, 10, 4, 11|
bad coloring on level 2  |5, 10, 4, 11|
bad coloring on level 2  |6, 10, 4, 11|
bad coloring on level 2  |8, 10, 4, 11|
bad coloring on level 2  |9, 10, 4, 11|
bad coloring on level 2  |10, 10, 4, 11|
bad coloring on level 2  |10, 12, 4, 11|
bad coloring on level 2  |10, 15, 4, 11|
bad coloring on level 2  |3, 8, 5, 6|
bad coloring on level 2  |3, 12, 5, 6|
bad coloring on level 2  |8, 10, 5, 6|
bad coloring on level 2  |3, 8, 5, 9|
bad coloring on level 2  |4, 8, 5, 9|
bad coloring on level 2  |6, 8, 5, 9|
bad coloring on level 2  |8, 8, 5, 9|
bad coloring on level 2  |8, 10, 5, 9|
bad coloring on level 2  |8, 11, 5, 9|
bad coloring on level 2  |8, 12, 5, 9|
bad coloring on level 2  |8, 15, 5, 9|
bad coloring on level 2  |4, 8, 5, 10|
bad coloring on level 2  |4, 11, 5, 10|
bad coloring on level 2  |6, 8, 5, 10|
bad coloring on level 2  |3, 4, 5, 11|
bad coloring on level 2  |3, 9, 5, 11|
bad coloring on level 2  |3, 4, 5, 12|
bad coloring on level 2  |4, 9, 5, 12|
bad coloring on level 2  |3, 12, 6, 6|
bad coloring on level 2  |8, 10, 6, 6|
bad coloring on level 2  |3, 10, 6, 8|
bad coloring on level 2  |3, 12, 6, 8|
bad coloring on level 2  |5, 9, 6, 8|
bad coloring on level 2  |5, 10, 6, 8|
bad coloring on level 2  |6, 10, 6, 8|
bad coloring on level 2  |8, 10, 6, 8|
bad coloring on level 2  |9, 10, 6, 8|
bad coloring on level 2  |10, 10, 6, 8|
bad coloring on level 2  |10, 12, 6, 8|
bad coloring on level 2  |10, 15, 6, 8|
bad coloring on level 2  |3, 12, 6, 9|
bad coloring on level 2  |8, 10, 6, 9|
bad coloring on level 2  |8, 12, 6, 9|
bad coloring on level 2  |3, 8, 6, 10|
bad coloring on level 2  |3, 12, 6, 10|
bad coloring on level 2  |4, 8, 6, 10|
bad coloring on level 2  |4, 11, 6, 10|
bad coloring on level 2  |6, 8, 6, 10|
bad coloring on level 2  |8, 8, 6, 10|
bad coloring on level 2  |8, 10, 6, 10|
bad coloring on level 2  |8, 11, 6, 10|
bad coloring on level 2  |8, 12, 6, 10|
bad coloring on level 2  |8, 15, 6, 10|
bad coloring on level 2  |3, 10, 6, 11|
bad coloring on level 2  |3, 12, 6, 11|
bad coloring on level 2  |8, 10, 6, 11|
bad coloring on level 2  |3, 12, 6, 15|
bad coloring on level 2  |8, 10, 6, 15|
bad coloring on level 2  |5, 9, 8, 8|
bad coloring on level 2  |6, 10, 8, 8|
bad coloring on level 2  |4, 6, 8, 10|
bad coloring on level 2  |4, 11, 8, 10|
bad coloring on level 2  |5, 6, 8, 10|
bad coloring on level 2  |5, 9, 8, 10|
bad coloring on level 2  |6, 6, 8, 10|
bad coloring on level 2  |6, 8, 8, 10|
bad coloring on level 2  |6, 9, 8, 10|
bad coloring on level 2  |6, 10, 8, 10|
bad coloring on level 2  |6, 11, 8, 10|
bad coloring on level 2  |6, 15, 8, 10|
bad coloring on level 2  |5, 9, 8, 11|
bad coloring on level 2  |6, 10, 8, 11|
bad coloring on level 2  |9, 10, 8, 11|
bad coloring on level 2  |5, 9, 8, 12|
bad coloring on level 2  |6, 9, 8, 12|
bad coloring on level 2  |6, 10, 8, 12|
bad coloring on level 2  |5, 9, 8, 15|
bad coloring on level 2  |6, 10, 8, 15|
bad coloring on level 2  |4, 11, 9, 10|
bad coloring on level 2  |6, 8, 9, 10|
bad coloring on level 2  |8, 11, 9, 10|
bad coloring on level 2  |4, 11, 10, 10|
bad coloring on level 2  |6, 8, 10, 10|
bad coloring on level 2  |4, 6, 10, 12|
bad coloring on level 2  |4, 11, 10, 12|
bad coloring on level 2  |6, 8, 10, 12|
bad coloring on level 2  |4, 11, 10, 15|
bad coloring on level 2  |6, 8, 10, 15|
bad coloring on level 2  |3, 9, 11, 12|
bad coloring on level 2  |4, 9, 11, 12|

114 bad colorings on level 2
Sub sub problem :
Trying improving 3, 4, 5, 11 with subs:
Root to change : 3 with colors |2, 4, 6, 7, 8, 9, 11, 13, 15|
Root to change : 4 with colors |3, 7, 8, 10, 12, 14, 15|
Root to change : 5 with colors |1, 2, 4, 6, 7, 8, 11, 12, 15|
Root to change : 11 with colors |2, 5, 6, 9, 10, 14, 15|
++++++++++++++++++++++
Trying improving 3, 4, 5, 12 with subs:
Root to change : 3 with colors |2, 4, 6, 7, 8, 11, 15|
Root to change : 4 with colors |3, 7, 8, 9, 10, 12, 13, 14, 15|
Root to change : 5 with colors |1, 3, 7, 8, 10, 11, 12, 14, 15|
Root to change : 12 with colors |2, 5, 6, 9, 10, 14, 15|
++++++++++++++++++++++
Trying improving 3, 8, 5, 6 with subs:
Root to change : 3 with colors |1, 4, 6, 7, 8, 11, 12, 15|
Root to change : 8 with colors |3, 4, 9, 10, 13, 14, 15|
Root to change : 5 with colors |2, 4, 6, 8, 9, 11, 13, 15|
Root to change : 6 with colors |1, 5, 10, 11, 12, 14, 15|
++++++++++++++++++++++
Trying improving 3, 8, 5, 9 with subs:
Root to change : 8 with colors |3, 4, 7, 9, 10, 12, 13, 14, 15|
Root to change : 5 with colors |2, 3, 4, 6, 9, 10, 13, 14, 15|
Root to change : 9 with colors |1, 5, 10, 11, 12, 14, 15|
++++++++++++++++++++++
Trying improving 3, 8, 6, 10 with subs:
Root to change : 8 with colors |3, 4, 9, 10, 13, 14, 15|
Root to change : 6 with colors |1, 3, 5, 8, 9, 10, 12, 13, 14, 15|
Root to change : 10 with colors |2, 4, 6, 8, 9, 11, 13, 15|
++++++++++++++++++++++
Trying improving 3, 9, 5, 11 with subs:
Root to change : 3 with colors |2, 4, 5, 6, 9, 10, 13, 14, 15|
Root to change : 9 with colors |3, 7, 8, 10, 12, 14, 15|
Root to change : 5 with colors |2, 4, 6, 7, 8, 11, 15|
Root to change : 11 with colors |1, 2, 5, 6, 9, 10, 12, 14, 15|
++++++++++++++++++++++
Trying improving 3, 9, 11, 12 with subs:
Root to change : 3 with colors |2, 5, 6, 9, 10, 14, 15|
Root to change : 9 with colors |3, 4, 7, 8, 10, 12, 13, 14, 15|
Root to change : 11 with colors |1, 3, 5, 7, 8, 10, 12, 14, 15|
Root to change : 12 with colors |2, 4, 6, 7, 8, 11, 15|
++++++++++++++++++++++
Trying improving 3, 10, 4, 11 with subs:
Root to change : 10 with colors |3, 4, 7, 8, 9, 12, 13, 14, 15|
Root to change : 4 with colors |1, 5, 7, 8, 11, 12, 15|
Root to change : 11 with colors |2, 3, 4, 6, 7, 8, 9, 13, 15|
++++++++++++++++++++++
Trying improving 3, 10, 6, 8 with subs:
Root to change : 10 with colors |3, 4, 7, 8, 9, 13, 15|
Root to change : 6 with colors |1, 3, 4, 7, 8, 10, 11, 12, 13, 15|
Root to change : 8 with colors |2, 4, 5, 6, 9, 10, 13, 15|
++++++++++++++++++++++
Trying improving 3, 10, 6, 11 with subs:
Root to change : 3 with colors |1, 5, 6, 9, 10, 12, 14, 15|
Root to change : 10 with colors |3, 4, 7, 8, 9, 13, 15|
Root to change : 6 with colors |1, 5, 7, 8, 11, 12, 15|
Root to change : 11 with colors |2, 4, 5, 6, 9, 10, 13, 15|
++++++++++++++++++++++
Trying improving 3, 12, 4, 6 with subs:
Root to change : 3 with colors |1, 5, 7, 8, 11, 12, 15|
Root to change : 12 with colors |3, 4, 7, 8, 9, 10, 13, 14, 15|
Root to change : 6 with colors |2, 3, 4, 7, 8, 9, 11, 13, 15|
++++++++++++++++++++++
Trying improving 3, 12, 5, 6 with subs:
Root to change : 3 with colors |1, 5, 7, 8, 10, 11, 12, 14, 15|
Root to change : 12 with colors |3, 4, 9, 10, 13, 14, 15|
Root to change : 6 with colors |1, 2, 5, 9, 10, 11, 12, 14, 15|
++++++++++++++++++++++
Trying improving 3, 12, 6, 6 with subs:
Root to change : 3 with colors |1, 5, 7, 8, 10, 11, 12, 14, 15|
Root to change : 12 with colors |3, 4, 7, 8, 9, 10, 13, 14, 15|
++++++++++++++++++++++
Trying improving 3, 12, 6, 8 with subs:
Root to change : 3 with colors |1, 5, 7, 8, 11, 12, 15|
Root to change : 12 with colors |3, 4, 7, 8, 9, 13, 15|
Root to change : 6 with colors |1, 3, 4, 7, 8, 10, 11, 12, 13, 15|
++++++++++++++++++++++
Trying improving 3, 12, 6, 9 with subs:
Root to change : 3 with colors |1, 5, 10, 11, 12, 14, 15|
Root to change : 12 with colors |3, 4, 7, 8, 9, 10, 13, 14, 15|
Root to change : 6 with colors |2, 3, 4, 5, 9, 10, 13, 14, 15|
++++++++++++++++++++++
Trying improving 3, 12, 6, 10 with subs:
Root to change : 3 with colors |1, 5, 10, 11, 12, 14, 15|
Root to change : 12 with colors |3, 4, 9, 10, 13, 14, 15|
Root to change : 6 with colors |1, 3, 5, 8, 9, 10, 12, 13, 14, 15|
++++++++++++++++++++++
Trying improving 3, 12, 6, 11 with subs:
Root to change : 3 with colors |1, 5, 7, 8, 10, 11, 12, 14, 15|
Root to change : 12 with colors |3, 4, 7, 8, 9, 13, 15|
Root to change : 6 with colors |1, 2, 4, 5, 7, 8, 11, 12, 15|
++++++++++++++++++++++
Trying improving 3, 12, 6, 15 with subs:
Root to change : 3 with colors |1, 5, 7, 8, 10, 11, 12, 14, 15|
Root to change : 12 with colors |3, 4, 7, 8, 9, 10, 13, 14, 15|
Root to change : 6 with colors |3, 4, 5, 8, 9, 10, 11, 12, 15|
++++++++++++++++++++++
Trying improving 4, 6, 3, 12 with subs:
Root to change : 6 with colors |2, 3, 4, 7, 8, 9, 11, 13, 15|
Root to change : 3 with colors |1, 5, 7, 8, 11, 12, 15|
Root to change : 12 with colors |3, 4, 7, 8, 9, 10, 13, 14, 15|
++++++++++++++++++++++
Trying improving 4, 6, 8, 10 with subs:
Root to change : 6 with colors |3, 4, 7, 8, 9, 13, 15|
Root to change : 8 with colors |3, 5, 6, 9, 10, 13, 14, 15|
Root to change : 10 with colors |1, 3, 4, 6, 7, 8, 11, 12, 13, 15|
++++++++++++++++++++++
Trying improving 4, 6, 10, 12 with subs:
Root to change : 4 with colors |1, 2, 5, 6, 9, 10, 11, 15|
Root to change : 6 with colors |3, 4, 7, 8, 9, 13, 15|
Root to change : 10 with colors |1, 5, 7, 8, 11, 12, 15|
Root to change : 12 with colors |3, 5, 6, 9, 10, 13, 14, 15|
++++++++++++++++++++++
Trying improving 4, 8, 5, 9 with subs:
Root to change : 8 with colors |2, 3, 4, 6, 7, 9, 11, 13, 15|
Root to change : 5 with colors |2, 3, 4, 6, 9, 10, 13, 14, 15|
Root to change : 9 with colors |1, 2, 5, 6, 11, 12, 15|
++++++++++++++++++++++
Trying improving 4, 8, 5, 10 with subs:
Root to change : 4 with colors |1, 3, 7, 8, 10, 11, 12, 15|
Root to change : 8 with colors |2, 3, 4, 6, 9, 13, 15|
Root to change : 5 with colors |3, 8, 9, 10, 12, 13, 14, 15|
Root to change : 10 with colors |1, 2, 5, 6, 11, 12, 15|
++++++++++++++++++++++
Trying improving 4, 8, 6, 10 with subs:
Root to change : 8 with colors |2, 3, 4, 6, 9, 13, 15|
Root to change : 6 with colors |3, 8, 9, 10, 12, 13, 14, 15|
Root to change : 10 with colors |1, 2, 4, 5, 6, 8, 9, 11, 13, 15|
++++++++++++++++++++++
Trying improving 4, 9, 5, 12 with subs:
Root to change : 4 with colors |2, 3, 5, 6, 9, 10, 13, 14, 15|
Root to change : 9 with colors |2, 4, 6, 7, 8, 11, 15|
Root to change : 5 with colors |3, 7, 8, 10, 12, 14, 15|
Root to change : 12 with colors |1, 2, 5, 6, 9, 10, 11, 14, 15|
++++++++++++++++++++++
Trying improving 4, 9, 11, 12 with subs:
Root to change : 4 with colors |2, 5, 6, 9, 10, 14, 15|
Root to change : 9 with colors |2, 3, 4, 6, 7, 8, 11, 13, 15|
Root to change : 11 with colors |3, 7, 8, 10, 12, 14, 15|
Root to change : 12 with colors |1, 2, 4, 5, 6, 7, 8, 11, 15|
++++++++++++++++++++++
Trying improving 4, 11, 3, 10 with subs:
Root to change : 4 with colors |1, 5, 7, 8, 11, 12, 15|
Root to change : 11 with colors |2, 3, 4, 6, 7, 8, 9, 13, 15|
Root to change : 10 with colors |3, 4, 7, 8, 9, 12, 13, 14, 15|
++++++++++++++++++++++
Trying improving 4, 11, 5, 10 with subs:
Root to change : 4 with colors |1, 2, 5, 6, 7, 8, 11, 12, 15|
Root to change : 11 with colors |2, 3, 4, 6, 9, 13, 15|
Root to change : 10 with colors |1, 2, 5, 6, 9, 11, 12, 14, 15|
++++++++++++++++++++++
Trying improving 4, 11, 6, 10 with subs:
Root to change : 4 with colors |1, 2, 5, 6, 11, 12, 15|
Root to change : 11 with colors |2, 3, 4, 6, 9, 13, 15|
Root to change : 10 with colors |1, 2, 4, 5, 6, 8, 9, 11, 13, 15|
++++++++++++++++++++++
Trying improving 4, 11, 8, 10 with subs:
Root to change : 4 with colors |1, 5, 7, 8, 11, 12, 15|
Root to change : 11 with colors |3, 4, 7, 8, 9, 13, 15|
Root to change : 10 with colors |1, 3, 4, 6, 7, 8, 11, 12, 13, 15|
++++++++++++++++++++++
Trying improving 4, 11, 9, 10 with subs:
Root to change : 4 with colors |1, 2, 5, 6, 11, 12, 15|
Root to change : 11 with colors |2, 3, 4, 6, 7, 8, 9, 13, 15|
Root to change : 10 with colors |2, 3, 4, 5, 6, 9, 13, 14, 15|
++++++++++++++++++++++
Trying improving 4, 11, 10, 10 with subs:
Root to change : 4 with colors |1, 2, 5, 6, 7, 8, 11, 12, 15|
Root to change : 11 with colors |2, 3, 4, 6, 7, 8, 9, 13, 15|
++++++++++++++++++++++
Trying improving 4, 11, 10, 12 with subs:
Root to change : 4 with colors |1, 2, 5, 6, 7, 8, 11, 12, 15|
Root to change : 11 with colors |3, 4, 7, 8, 9, 13, 15|
Root to change : 10 with colors |1, 3, 5, 7, 8, 11, 12, 14, 15|
++++++++++++++++++++++
Trying improving 4, 11, 10, 15 with subs:
Root to change : 4 with colors |1, 2, 5, 6, 7, 8, 11, 12, 15|
Root to change : 11 with colors |2, 3, 4, 6, 7, 8, 9, 13, 15|
Root to change : 10 with colors |3, 4, 5, 6, 8, 9, 11, 12, 15|
++++++++++++++++++++++
Trying improving 5, 6, 3, 8 with subs:
Root to change : 5 with colors |2, 4, 6, 8, 9, 11, 13, 15|
Root to change : 6 with colors |1, 5, 10, 11, 12, 14, 15|
Root to change : 3 with colors |1, 4, 6, 7, 8, 11, 12, 15|
Root to change : 8 with colors |3, 4, 9, 10, 13, 14, 15|
++++++++++++++++++++++
Trying improving 5, 6, 3, 12 with subs:
Root to change : 6 with colors |1, 2, 5, 9, 10, 11, 12, 14, 15|
Root to change : 3 with colors |1, 5, 7, 8, 10, 11, 12, 14, 15|
Root to change : 12 with colors |3, 4, 9, 10, 13, 14, 15|
++++++++++++++++++++++
Trying improving 5, 6, 8, 10 with subs:
Root to change : 6 with colors |1, 5, 10, 11, 12, 14, 15|
Root to change : 8 with colors |1, 3, 5, 6, 9, 10, 12, 13, 14, 15|
Root to change : 10 with colors |1, 4, 6, 7, 8, 11, 12, 15|
++++++++++++++++++++++
Trying improving 5, 9, 3, 8 with subs:
Root to change : 5 with colors |2, 3, 4, 6, 9, 10, 13, 14, 15|
Root to change : 9 with colors |1, 5, 10, 11, 12, 14, 15|
Root to change : 8 with colors |3, 4, 7, 9, 10, 12, 13, 14, 15|
++++++++++++++++++++++
Trying improving 5, 9, 4, 8 with subs:
Root to change : 5 with colors |2, 3, 4, 6, 9, 10, 13, 14, 15|
Root to change : 9 with colors |1, 2, 5, 6, 11, 12, 15|
Root to change : 8 with colors |2, 3, 4, 6, 7, 9, 11, 13, 15|
++++++++++++++++++++++
Trying improving 5, 9, 6, 8 with subs:
Root to change : 5 with colors |2, 3, 4, 6, 9, 13, 15|
Root to change : 9 with colors |1, 2, 5, 6, 11, 12, 15|
Root to change : 8 with colors |1, 2, 4, 5, 6, 9, 10, 11, 13, 15|
++++++++++++++++++++++
Trying improving 5, 9, 8, 8 with subs:
Root to change : 5 with colors |2, 3, 4, 6, 9, 10, 13, 14, 15|
Root to change : 9 with colors |1, 2, 5, 6, 10, 11, 12, 14, 15|
++++++++++++++++++++++
Trying improving 5, 9, 8, 10 with subs:
Root to change : 5 with colors |3, 4, 9, 10, 13, 14, 15|
Root to change : 9 with colors |1, 5, 10, 11, 12, 14, 15|
Root to change : 8 with colors |1, 3, 5, 6, 9, 10, 12, 13, 14, 15|
++++++++++++++++++++++
Trying improving 5, 9, 8, 11 with subs:
Root to change : 5 with colors |2, 3, 4, 6, 9, 13, 15|
Root to change : 9 with colors |1, 2, 5, 6, 10, 11, 12, 14, 15|
Root to change : 8 with colors |1, 2, 4, 5, 6, 7, 11, 12, 15|
++++++++++++++++++++++
Trying improving 5, 9, 8, 12 with subs:
Root to change : 5 with colors |3, 4, 9, 10, 13, 14, 15|
Root to change : 9 with colors |1, 2, 5, 6, 10, 11, 12, 14, 15|
Root to change : 8 with colors |1, 3, 5, 7, 10, 11, 12, 14, 15|
++++++++++++++++++++++
Trying improving 5, 9, 8, 15 with subs:
Root to change : 5 with colors |2, 3, 4, 6, 9, 10, 13, 14, 15|
Root to change : 9 with colors |1, 2, 5, 6, 10, 11, 12, 14, 15|
Root to change : 8 with colors |3, 4, 5, 6, 9, 10, 11, 12, 15|
++++++++++++++++++++++
Trying improving 5, 10, 4, 8 with subs:
Root to change : 5 with colors |3, 8, 9, 10, 12, 13, 14, 15|
Root to change : 10 with colors |1, 2, 5, 6, 11, 12, 15|
Root to change : 4 with colors |1, 3, 7, 8, 10, 11, 12, 15|
Root to change : 8 with colors |2, 3, 4, 6, 9, 13, 15|
++++++++++++++++++++++
Trying improving 5, 10, 4, 11 with subs:
Root to change : 10 with colors |1, 2, 5, 6, 9, 11, 12, 14, 15|
Root to change : 4 with colors |1, 2, 5, 6, 7, 8, 11, 12, 15|
Root to change : 11 with colors |2, 3, 4, 6, 9, 13, 15|
++++++++++++++++++++++
Trying improving 5, 10, 6, 8 with subs:
Root to change : 10 with colors |1, 2, 5, 6, 11, 12, 15|
Root to change : 6 with colors |1, 3, 7, 8, 10, 11, 12, 15|
Root to change : 8 with colors |1, 2, 4, 5, 6, 9, 10, 11, 13, 15|
++++++++++++++++++++++
Trying improving 5, 11, 3, 4 with subs:
Root to change : 5 with colors |1, 2, 4, 6, 7, 8, 11, 12, 15|
Root to change : 11 with colors |2, 5, 6, 9, 10, 14, 15|
Root to change : 3 with colors |2, 4, 6, 7, 8, 9, 11, 13, 15|
Root to change : 4 with colors |3, 7, 8, 10, 12, 14, 15|
++++++++++++++++++++++
Trying improving 5, 11, 3, 9 with subs:
Root to change : 5 with colors |2, 4, 6, 7, 8, 11, 15|
Root to change : 11 with colors |1, 2, 5, 6, 9, 10, 12, 14, 15|
Root to change : 3 with colors |2, 4, 5, 6, 9, 10, 13, 14, 15|
Root to change : 9 with colors |3, 7, 8, 10, 12, 14, 15|
++++++++++++++++++++++
Trying improving 5, 12, 3, 4 with subs:
Root to change : 5 with colors |1, 3, 7, 8, 10, 11, 12, 14, 15|
Root to change : 12 with colors |2, 5, 6, 9, 10, 14, 15|
Root to change : 3 with colors |2, 4, 6, 7, 8, 11, 15|
Root to change : 4 with colors |3, 7, 8, 9, 10, 12, 13, 14, 15|
++++++++++++++++++++++
Trying improving 5, 12, 4, 9 with subs:
Root to change : 5 with colors |3, 7, 8, 10, 12, 14, 15|
Root to change : 12 with colors |1, 2, 5, 6, 9, 10, 11, 14, 15|
Root to change : 4 with colors |2, 3, 5, 6, 9, 10, 13, 14, 15|
Root to change : 9 with colors |2, 4, 6, 7, 8, 11, 15|
++++++++++++++++++++++
Trying improving 6, 6, 3, 12 with subs:
Root to change : 3 with colors |1, 5, 7, 8, 10, 11, 12, 14, 15|
Root to change : 12 with colors |3, 4, 7, 8, 9, 10, 13, 14, 15|
++++++++++++++++++++++
Trying improving 6, 6, 8, 10 with subs:
Root to change : 8 with colors |1, 3, 5, 6, 9, 10, 12, 13, 14, 15|
Root to change : 10 with colors |1, 3, 4, 6, 7, 8, 11, 12, 13, 15|
++++++++++++++++++++++
Trying improving 6, 8, 3, 10 with subs:
Root to change : 6 with colors |1, 3, 4, 7, 8, 10, 11, 12, 13, 15|
Root to change : 8 with colors |2, 4, 5, 6, 9, 10, 13, 15|
Root to change : 10 with colors |3, 4, 7, 8, 9, 13, 15|
++++++++++++++++++++++
Trying improving 6, 8, 3, 12 with subs:
Root to change : 6 with colors |1, 3, 4, 7, 8, 10, 11, 12, 13, 15|
Root to change : 3 with colors |1, 5, 7, 8, 11, 12, 15|
Root to change : 12 with colors |3, 4, 7, 8, 9, 13, 15|
++++++++++++++++++++++
Trying improving 6, 8, 5, 9 with subs:
Root to change : 8 with colors |1, 2, 4, 5, 6, 9, 10, 11, 13, 15|
Root to change : 5 with colors |2, 3, 4, 6, 9, 13, 15|
Root to change : 9 with colors |1, 2, 5, 6, 11, 12, 15|
++++++++++++++++++++++
Trying improving 6, 8, 5, 10 with subs:
Root to change : 6 with colors |1, 3, 7, 8, 10, 11, 12, 15|
Root to change : 8 with colors |1, 2, 4, 5, 6, 9, 10, 11, 13, 15|
Root to change : 10 with colors |1, 2, 5, 6, 11, 12, 15|
++++++++++++++++++++++
Trying improving 6, 8, 6, 10 with subs:
Root to change : 8 with colors |1, 2, 4, 5, 6, 9, 10, 11, 13, 15|
Root to change : 10 with colors |1, 2, 4, 5, 6, 8, 9, 11, 13, 15|
++++++++++++++++++++++
Trying improving 6, 8, 8, 10 with subs:
Root to change : 6 with colors |1, 3, 4, 7, 8, 10, 11, 12, 13, 15|
Root to change : 10 with colors |1, 3, 4, 6, 7, 8, 11, 12, 13, 15|
++++++++++++++++++++++
Trying improving 6, 8, 9, 10 with subs:
Root to change : 6 with colors |3, 4, 7, 8, 10, 12, 13, 15|
Root to change : 8 with colors |1, 2, 4, 5, 6, 9, 10, 11, 13, 15|
Root to change : 10 with colors |2, 3, 4, 6, 9, 13, 15|
++++++++++++++++++++++
Trying improving 6, 8, 10, 10 with subs:
Root to change : 6 with colors |1, 3, 4, 7, 8, 10, 11, 12, 13, 15|
Root to change : 8 with colors |1, 2, 4, 5, 6, 9, 10, 11, 13, 15|
++++++++++++++++++++++
Trying improving 6, 8, 10, 12 with subs:
Root to change : 6 with colors |1, 3, 4, 7, 8, 10, 11, 12, 13, 15|
Root to change : 8 with colors |1, 2, 5, 6, 9, 10, 11, 15|
Root to change : 10 with colors |1, 5, 7, 8, 11, 12, 15|
++++++++++++++++++++++
Trying improving 6, 8, 10, 15 with subs:
Root to change : 6 with colors |1, 3, 4, 7, 8, 10, 11, 12, 13, 15|
Root to change : 8 with colors |1, 2, 4, 5, 6, 9, 10, 11, 13, 15|
Root to change : 10 with colors |3, 4, 5, 6, 8, 9, 11, 12, 15|
++++++++++++++++++++++
Trying improving 6, 9, 3, 12 with subs:
Root to change : 6 with colors |2, 3, 4, 5, 9, 10, 13, 14, 15|
Root to change : 3 with colors |1, 5, 10, 11, 12, 14, 15|
Root to change : 12 with colors |3, 4, 7, 8, 9, 10, 13, 14, 15|
++++++++++++++++++++++
Trying improving 6, 9, 8, 10 with subs:
Root to change : 6 with colors |3, 4, 9, 10, 13, 14, 15|
Root to change : 8 with colors |1, 3, 5, 6, 9, 10, 12, 13, 14, 15|
Root to change : 10 with colors |3, 4, 6, 7, 8, 11, 13, 15|
++++++++++++++++++++++
Trying improving 6, 9, 8, 12 with subs:
Root to change : 6 with colors |3, 4, 9, 10, 13, 14, 15|
Root to change : 9 with colors |1, 2, 4, 5, 6, 8, 11, 15|
Root to change : 8 with colors |1, 5, 10, 11, 12, 14, 15|
Root to change : 12 with colors |3, 4, 6, 7, 8, 11, 13, 15|
++++++++++++++++++++++
Trying improving 6, 10, 3, 8 with subs:
Root to change : 6 with colors |1, 3, 5, 8, 9, 10, 12, 13, 14, 15|
Root to change : 10 with colors |2, 4, 6, 8, 9, 11, 13, 15|
Root to change : 8 with colors |3, 4, 9, 10, 13, 14, 15|
++++++++++++++++++++++
Trying improving 6, 10, 3, 12 with subs:
Root to change : 6 with colors |1, 3, 5, 8, 9, 10, 12, 13, 14, 15|
Root to change : 3 with colors |1, 5, 10, 11, 12, 14, 15|
Root to change : 12 with colors |3, 4, 9, 10, 13, 14, 15|
++++++++++++++++++++++
Trying improving 6, 10, 4, 8 with subs:
Root to change : 6 with colors |3, 8, 9, 10, 12, 13, 14, 15|
Root to change : 10 with colors |1, 2, 4, 5, 6, 8, 9, 11, 13, 15|
Root to change : 8 with colors |2, 3, 4, 6, 9, 13, 15|
++++++++++++++++++++++
Trying improving 6, 10, 4, 11 with subs:
Root to change : 10 with colors |1, 2, 4, 5, 6, 8, 9, 11, 13, 15|
Root to change : 4 with colors |1, 2, 5, 6, 11, 12, 15|
Root to change : 11 with colors |2, 3, 4, 6, 9, 13, 15|
++++++++++++++++++++++
Trying improving 6, 10, 6, 8 with subs:
Root to change : 10 with colors |1, 2, 4, 5, 6, 8, 9, 11, 13, 15|
Root to change : 8 with colors |1, 2, 4, 5, 6, 9, 10, 11, 13, 15|
++++++++++++++++++++++
Trying improving 6, 10, 8, 8 with subs:
Root to change : 6 with colors |1, 3, 5, 8, 9, 10, 12, 13, 14, 15|
Root to change : 10 with colors |1, 2, 4, 5, 6, 8, 9, 11, 13, 15|
++++++++++++++++++++++
Trying improving 6, 10, 8, 10 with subs:
Root to change : 6 with colors |1, 3, 5, 8, 9, 10, 12, 13, 14, 15|
Root to change : 8 with colors |1, 3, 5, 6, 9, 10, 12, 13, 14, 15|
++++++++++++++++++++++
Trying improving 6, 10, 8, 11 with subs:
Root to change : 6 with colors |1, 3, 5, 8, 10, 12, 14, 15|
Root to change : 10 with colors |1, 2, 4, 5, 6, 8, 9, 11, 13, 15|
Root to change : 8 with colors |1, 2, 5, 6, 11, 12, 15|
++++++++++++++++++++++
Trying improving 6, 10, 8, 12 with subs:
Root to change : 6 with colors |1, 3, 5, 8, 9, 10, 12, 13, 14, 15|
Root to change : 10 with colors |1, 2, 4, 5, 6, 8, 11, 15|
Root to change : 8 with colors |1, 5, 10, 11, 12, 14, 15|
++++++++++++++++++++++
Trying improving 6, 10, 8, 15 with subs:
Root to change : 6 with colors |1, 3, 5, 8, 9, 10, 12, 13, 14, 15|
Root to change : 10 with colors |1, 2, 4, 5, 6, 8, 9, 11, 13, 15|
Root to change : 8 with colors |3, 4, 5, 6, 9, 10, 11, 12, 15|
++++++++++++++++++++++
Trying improving 6, 11, 3, 10 with subs:
Root to change : 6 with colors |1, 5, 7, 8, 11, 12, 15|
Root to change : 11 with colors |2, 4, 5, 6, 9, 10, 13, 15|
Root to change : 3 with colors |1, 5, 6, 9, 10, 12, 14, 15|
Root to change : 10 with colors |3, 4, 7, 8, 9, 13, 15|
++++++++++++++++++++++
Trying improving 6, 11, 3, 12 with subs:
Root to change : 6 with colors |1, 2, 4, 5, 7, 8, 11, 12, 15|
Root to change : 3 with colors |1, 5, 7, 8, 10, 11, 12, 14, 15|
Root to change : 12 with colors |3, 4, 7, 8, 9, 13, 15|
++++++++++++++++++++++
Trying improving 6, 11, 8, 10 with subs:
Root to change : 6 with colors |1, 5, 7, 8, 11, 12, 15|
Root to change : 8 with colors |1, 5, 6, 9, 10, 12, 14, 15|
Root to change : 10 with colors |1, 3, 4, 6, 7, 8, 11, 12, 13, 15|
++++++++++++++++++++++
Trying improving 6, 15, 3, 12 with subs:
Root to change : 6 with colors |3, 4, 5, 8, 9, 10, 11, 12, 15|
Root to change : 3 with colors |1, 5, 7, 8, 10, 11, 12, 14, 15|
Root to change : 12 with colors |3, 4, 7, 8, 9, 10, 13, 14, 15|
++++++++++++++++++++++
Trying improving 6, 15, 8, 10 with subs:
Root to change : 6 with colors |3, 4, 5, 8, 9, 10, 11, 12, 15|
Root to change : 8 with colors |1, 3, 5, 6, 9, 10, 12, 13, 14, 15|
Root to change : 10 with colors |1, 3, 4, 6, 7, 8, 11, 12, 13, 15|
++++++++++++++++++++++
Trying improving 8, 8, 5, 9 with subs:
Root to change : 5 with colors |2, 3, 4, 6, 9, 10, 13, 14, 15|
Root to change : 9 with colors |1, 2, 5, 6, 10, 11, 12, 14, 15|
++++++++++++++++++++++
Trying improving 8, 8, 6, 10 with subs:
Root to change : 6 with colors |1, 3, 5, 8, 9, 10, 12, 13, 14, 15|
Root to change : 10 with colors |1, 2, 4, 5, 6, 8, 9, 11, 13, 15|
++++++++++++++++++++++
Trying improving 8, 10, 4, 6 with subs:
Root to change : 8 with colors |3, 5, 6, 9, 10, 13, 14, 15|
Root to change : 10 with colors |1, 3, 4, 6, 7, 8, 11, 12, 13, 15|
Root to change : 6 with colors |3, 4, 7, 8, 9, 13, 15|
++++++++++++++++++++++
Trying improving 8, 10, 4, 11 with subs:
Root to change : 10 with colors |1, 3, 4, 6, 7, 8, 11, 12, 13, 15|
Root to change : 4 with colors |1, 5, 7, 8, 11, 12, 15|
Root to change : 11 with colors |3, 4, 7, 8, 9, 13, 15|
++++++++++++++++++++++
Trying improving 8, 10, 5, 6 with subs:
Root to change : 8 with colors |1, 3, 5, 6, 9, 10, 12, 13, 14, 15|
Root to change : 10 with colors |1, 4, 6, 7, 8, 11, 12, 15|
Root to change : 6 with colors |1, 5, 10, 11, 12, 14, 15|
++++++++++++++++++++++
Trying improving 8, 10, 5, 9 with subs:
Root to change : 8 with colors |1, 3, 5, 6, 9, 10, 12, 13, 14, 15|
Root to change : 5 with colors |3, 4, 9, 10, 13, 14, 15|
Root to change : 9 with colors |1, 5, 10, 11, 12, 14, 15|
++++++++++++++++++++++
Trying improving 8, 10, 6, 6 with subs:
Root to change : 8 with colors |1, 3, 5, 6, 9, 10, 12, 13, 14, 15|
Root to change : 10 with colors |1, 3, 4, 6, 7, 8, 11, 12, 13, 15|
++++++++++++++++++++++
Trying improving 8, 10, 6, 8 with subs:
Root to change : 10 with colors |1, 3, 4, 6, 7, 8, 11, 12, 13, 15|
Root to change : 6 with colors |1, 3, 4, 7, 8, 10, 11, 12, 13, 15|
++++++++++++++++++++++
Trying improving 8, 10, 6, 9 with subs:
Root to change : 8 with colors |1, 3, 5, 6, 9, 10, 12, 13, 14, 15|
Root to change : 10 with colors |3, 4, 6, 7, 8, 11, 13, 15|
Root to change : 6 with colors |3, 4, 9, 10, 13, 14, 15|
++++++++++++++++++++++
Trying improving 8, 10, 6, 10 with subs:
Root to change : 8 with colors |1, 3, 5, 6, 9, 10, 12, 13, 14, 15|
Root to change : 6 with colors |1, 3, 5, 8, 9, 10, 12, 13, 14, 15|
++++++++++++++++++++++
Trying improving 8, 10, 6, 11 with subs:
Root to change : 8 with colors |1, 5, 6, 9, 10, 12, 14, 15|
Root to change : 10 with colors |1, 3, 4, 6, 7, 8, 11, 12, 13, 15|
Root to change : 6 with colors |1, 5, 7, 8, 11, 12, 15|
++++++++++++++++++++++
Trying improving 8, 10, 6, 15 with subs:
Root to change : 8 with colors |1, 3, 5, 6, 9, 10, 12, 13, 14, 15|
Root to change : 10 with colors |1, 3, 4, 6, 7, 8, 11, 12, 13, 15|
Root to change : 6 with colors |3, 4, 5, 8, 9, 10, 11, 12, 15|
++++++++++++++++++++++
Trying improving 8, 11, 5, 9 with subs:
Root to change : 8 with colors |1, 2, 4, 5, 6, 7, 11, 12, 15|
Root to change : 5 with colors |2, 3, 4, 6, 9, 13, 15|
Root to change : 9 with colors |1, 2, 5, 6, 10, 11, 12, 14, 15|
++++++++++++++++++++++
Trying improving 8, 11, 6, 10 with subs:
Root to change : 8 with colors |1, 2, 5, 6, 11, 12, 15|
Root to change : 6 with colors |1, 3, 5, 8, 10, 12, 14, 15|
Root to change : 10 with colors |1, 2, 4, 5, 6, 8, 9, 11, 13, 15|
++++++++++++++++++++++
Trying improving 8, 11, 9, 10 with subs:
Root to change : 8 with colors |1, 2, 5, 6, 11, 12, 15|
Root to change : 11 with colors |3, 4, 7, 8, 10, 12, 13, 15|
Root to change : 9 with colors |1, 3, 5, 8, 10, 12, 14, 15|
Root to change : 10 with colors |2, 3, 4, 6, 9, 13, 15|
++++++++++++++++++++++
Trying improving 8, 12, 5, 9 with subs:
Root to change : 8 with colors |1, 3, 5, 7, 10, 11, 12, 14, 15|
Root to change : 5 with colors |3, 4, 9, 10, 13, 14, 15|
Root to change : 9 with colors |1, 2, 5, 6, 10, 11, 12, 14, 15|
++++++++++++++++++++++
Trying improving 8, 12, 6, 9 with subs:
Root to change : 8 with colors |1, 5, 10, 11, 12, 14, 15|
Root to change : 12 with colors |3, 4, 6, 7, 8, 11, 13, 15|
Root to change : 6 with colors |3, 4, 9, 10, 13, 14, 15|
Root to change : 9 with colors |1, 2, 4, 5, 6, 8, 11, 15|
++++++++++++++++++++++
Trying improving 8, 12, 6, 10 with subs:
Root to change : 8 with colors |1, 5, 10, 11, 12, 14, 15|
Root to change : 6 with colors |1, 3, 5, 8, 9, 10, 12, 13, 14, 15|
Root to change : 10 with colors |1, 2, 4, 5, 6, 8, 11, 15|
++++++++++++++++++++++
Trying improving 8, 15, 5, 9 with subs:
Root to change : 8 with colors |3, 4, 5, 6, 9, 10, 11, 12, 15|
Root to change : 5 with colors |2, 3, 4, 6, 9, 10, 13, 14, 15|
Root to change : 9 with colors |1, 2, 5, 6, 10, 11, 12, 14, 15|
++++++++++++++++++++++
Trying improving 8, 15, 6, 10 with subs:
Root to change : 8 with colors |3, 4, 5, 6, 9, 10, 11, 12, 15|
Root to change : 6 with colors |1, 3, 5, 8, 9, 10, 12, 13, 14, 15|
Root to change : 10 with colors |1, 2, 4, 5, 6, 8, 9, 11, 13, 15|
++++++++++++++++++++++
Trying improving 9, 10, 4, 11 with subs:
Root to change : 10 with colors |2, 3, 4, 5, 6, 9, 13, 14, 15|
Root to change : 4 with colors |1, 2, 5, 6, 11, 12, 15|
Root to change : 11 with colors |2, 3, 4, 6, 7, 8, 9, 13, 15|
++++++++++++++++++++++
Trying improving 9, 10, 6, 8 with subs:
Root to change : 10 with colors |2, 3, 4, 6, 9, 13, 15|
Root to change : 6 with colors |3, 4, 7, 8, 10, 12, 13, 15|
Root to change : 8 with colors |1, 2, 4, 5, 6, 9, 10, 11, 13, 15|
++++++++++++++++++++++
Trying improving 9, 10, 8, 11 with subs:
Root to change : 9 with colors |1, 3, 5, 8, 10, 12, 14, 15|
Root to change : 10 with colors |2, 3, 4, 6, 9, 13, 15|
Root to change : 8 with colors |1, 2, 5, 6, 11, 12, 15|
Root to change : 11 with colors |3, 4, 7, 8, 10, 12, 13, 15|
++++++++++++++++++++++
Trying improving 10, 10, 4, 11 with subs:
Root to change : 4 with colors |1, 2, 5, 6, 7, 8, 11, 12, 15|
Root to change : 11 with colors |2, 3, 4, 6, 7, 8, 9, 13, 15|
++++++++++++++++++++++
Trying improving 10, 10, 6, 8 with subs:
Root to change : 6 with colors |1, 3, 4, 7, 8, 10, 11, 12, 13, 15|
Root to change : 8 with colors |1, 2, 4, 5, 6, 9, 10, 11, 13, 15|
++++++++++++++++++++++
Trying improving 10, 12, 4, 6 with subs:
Root to change : 10 with colors |1, 5, 7, 8, 11, 12, 15|
Root to change : 12 with colors |3, 5, 6, 9, 10, 13, 14, 15|
Root to change : 4 with colors |1, 2, 5, 6, 9, 10, 11, 15|
Root to change : 6 with colors |3, 4, 7, 8, 9, 13, 15|
++++++++++++++++++++++
Trying improving 10, 12, 4, 11 with subs:
Root to change : 10 with colors |1, 3, 5, 7, 8, 11, 12, 14, 15|
Root to change : 4 with colors |1, 2, 5, 6, 7, 8, 11, 12, 15|
Root to change : 11 with colors |3, 4, 7, 8, 9, 13, 15|
++++++++++++++++++++++
Trying improving 10, 12, 6, 8 with subs:
Root to change : 10 with colors |1, 5, 7, 8, 11, 12, 15|
Root to change : 6 with colors |1, 3, 4, 7, 8, 10, 11, 12, 13, 15|
Root to change : 8 with colors |1, 2, 5, 6, 9, 10, 11, 15|
++++++++++++++++++++++
Trying improving 10, 15, 4, 11 with subs:
Root to change : 10 with colors |3, 4, 5, 6, 8, 9, 11, 12, 15|
Root to change : 4 with colors |1, 2, 5, 6, 7, 8, 11, 12, 15|
Root to change : 11 with colors |2, 3, 4, 6, 7, 8, 9, 13, 15|
++++++++++++++++++++++
Trying improving 10, 15, 6, 8 with subs:
Root to change : 10 with colors |3, 4, 5, 6, 8, 9, 11, 12, 15|
Root to change : 6 with colors |1, 3, 4, 7, 8, 10, 11, 12, 13, 15|
Root to change : 8 with colors |1, 2, 4, 5, 6, 9, 10, 11, 13, 15|
++++++++++++++++++++++
Trying improving 11, 12, 3, 9 with subs:
Root to change : 11 with colors |1, 3, 5, 7, 8, 10, 12, 14, 15|
Root to change : 12 with colors |2, 4, 6, 7, 8, 11, 15|
Root to change : 3 with colors |2, 5, 6, 9, 10, 14, 15|
Root to change : 9 with colors |3, 4, 7, 8, 10, 12, 13, 14, 15|
++++++++++++++++++++++
Trying improving 11, 12, 4, 9 with subs:
Root to change : 11 with colors |3, 7, 8, 10, 12, 14, 15|
Root to change : 12 with colors |1, 2, 4, 5, 6, 7, 8, 11, 15|
Root to change : 4 with colors |2, 5, 6, 9, 10, 14, 15|
Root to change : 9 with colors |2, 3, 4, 6, 7, 8, 11, 13, 15|
++++++++++++++++++++++
Unable to be solved with SubSubProblem
