Trying substitutions to: 11
with goodVertices 2, 3, 4, 6, 7, 8, 9, 13, 15
bad color to improve: 3  9  with index 51
bad color to improve: 3  13  with index 55
bad color to improve: 9  13  with index 112
bad color to improve: 10  13  with index 118
4 bad colorings on level 1
bad coloring on level 2  |5, 12, 0, 2|
bad coloring on level 2  |12, 15, 0, 2|
bad coloring on level 2  |1, 8, 0, 5|
bad coloring on level 2  |1, 12, 0, 5|
bad coloring on level 2  |7, 8, 0, 5|
bad coloring on level 2  |7, 12, 0, 5|
bad coloring on level 2  |5, 12, 0, 7|
bad coloring on level 2  |5, 15, 0, 7|
bad coloring on level 2  |1, 5, 0, 12|
bad coloring on level 2  |1, 6, 0, 12|
bad coloring on level 2  |2, 5, 0, 12|
bad coloring on level 2  |2, 6, 0, 12|
bad coloring on level 2  |1, 1, 0, 15|
bad coloring on level 2  |1, 2, 0, 15|
bad coloring on level 2  |1, 5, 0, 15|
bad coloring on level 2  |1, 6, 0, 15|
bad coloring on level 2  |1, 7, 0, 15|
bad coloring on level 2  |1, 8, 0, 15|
bad coloring on level 2  |1, 11, 0, 15|
bad coloring on level 2  |1, 12, 0, 15|
bad coloring on level 2  |0, 15, 1, 1|
bad coloring on level 2  |5, 12, 1, 1|
bad coloring on level 2  |0, 15, 1, 2|
bad coloring on level 2  |5, 12, 1, 2|
bad coloring on level 2  |12, 15, 1, 2|
bad coloring on level 2  |0, 12, 1, 5|
bad coloring on level 2  |0, 15, 1, 5|
bad coloring on level 2  |1, 8, 1, 5|
bad coloring on level 2  |1, 12, 1, 5|
bad coloring on level 2  |5, 12, 1, 5|
bad coloring on level 2  |7, 8, 1, 5|
bad coloring on level 2  |7, 12, 1, 5|
bad coloring on level 2  |8, 12, 1, 5|
bad coloring on level 2  |11, 12, 1, 5|
bad coloring on level 2  |12, 12, 1, 5|
bad coloring on level 2  |12, 15, 1, 5|
bad coloring on level 2  |0, 12, 1, 6|
bad coloring on level 2  |0, 15, 1, 6|
bad coloring on level 2  |1, 8, 1, 6|
bad coloring on level 2  |1, 12, 1, 6|
bad coloring on level 2  |5, 12, 1, 6|
bad coloring on level 2  |7, 8, 1, 6|
bad coloring on level 2  |7, 12, 1, 6|
bad coloring on level 2  |8, 12, 1, 6|
bad coloring on level 2  |11, 12, 1, 6|
bad coloring on level 2  |12, 12, 1, 6|
bad coloring on level 2  |12, 15, 1, 6|
bad coloring on level 2  |0, 15, 1, 7|
bad coloring on level 2  |5, 12, 1, 7|
bad coloring on level 2  |5, 15, 1, 7|
bad coloring on level 2  |0, 5, 1, 8|
bad coloring on level 2  |0, 15, 1, 8|
bad coloring on level 2  |1, 5, 1, 8|
bad coloring on level 2  |1, 6, 1, 8|
bad coloring on level 2  |2, 5, 1, 8|
bad coloring on level 2  |2, 6, 1, 8|
bad coloring on level 2  |5, 5, 1, 8|
bad coloring on level 2  |5, 6, 1, 8|
bad coloring on level 2  |5, 11, 1, 8|
bad coloring on level 2  |5, 12, 1, 8|
bad coloring on level 2  |5, 15, 1, 8|
bad coloring on level 2  |0, 15, 1, 11|
bad coloring on level 2  |5, 12, 1, 11|
bad coloring on level 2  |0, 5, 1, 12|
bad coloring on level 2  |0, 15, 1, 12|
bad coloring on level 2  |1, 5, 1, 12|
bad coloring on level 2  |1, 6, 1, 12|
bad coloring on level 2  |2, 5, 1, 12|
bad coloring on level 2  |2, 6, 1, 12|
bad coloring on level 2  |5, 5, 1, 12|
bad coloring on level 2  |5, 6, 1, 12|
bad coloring on level 2  |5, 11, 1, 12|
bad coloring on level 2  |5, 12, 1, 12|
bad coloring on level 2  |5, 15, 1, 12|
bad coloring on level 2  |5, 12, 2, 2|
bad coloring on level 2  |12, 15, 2, 2|
bad coloring on level 2  |5, 12, 2, 4|
bad coloring on level 2  |12, 15, 2, 4|
bad coloring on level 2  |0, 12, 2, 5|
bad coloring on level 2  |1, 8, 2, 5|
bad coloring on level 2  |1, 12, 2, 5|
bad coloring on level 2  |5, 12, 2, 5|
bad coloring on level 2  |7, 8, 2, 5|
bad coloring on level 2  |7, 12, 2, 5|
bad coloring on level 2  |8, 12, 2, 5|
bad coloring on level 2  |11, 12, 2, 5|
bad coloring on level 2  |12, 12, 2, 5|
bad coloring on level 2  |12, 15, 2, 5|
bad coloring on level 2  |0, 12, 2, 6|
bad coloring on level 2  |1, 8, 2, 6|
bad coloring on level 2  |1, 12, 2, 6|
bad coloring on level 2  |5, 12, 2, 6|
bad coloring on level 2  |7, 12, 2, 6|
bad coloring on level 2  |8, 12, 2, 6|
bad coloring on level 2  |11, 12, 2, 6|
bad coloring on level 2  |12, 12, 2, 6|
bad coloring on level 2  |12, 15, 2, 6|
bad coloring on level 2  |5, 12, 2, 7|
bad coloring on level 2  |5, 15, 2, 7|
bad coloring on level 2  |12, 15, 2, 7|
bad coloring on level 2  |5, 12, 2, 11|
bad coloring on level 2  |12, 15, 2, 11|
bad coloring on level 2  |5, 12, 4, 7|
bad coloring on level 2  |5, 15, 4, 7|
bad coloring on level 2  |1, 8, 5, 5|
bad coloring on level 2  |1, 12, 5, 5|
bad coloring on level 2  |7, 8, 5, 5|
bad coloring on level 2  |7, 12, 5, 5|
bad coloring on level 2  |1, 8, 5, 6|
bad coloring on level 2  |1, 12, 5, 6|
bad coloring on level 2  |7, 8, 5, 6|
bad coloring on level 2  |7, 12, 5, 6|
bad coloring on level 2  |1, 8, 5, 11|
bad coloring on level 2  |1, 12, 5, 11|
bad coloring on level 2  |7, 8, 5, 11|
bad coloring on level 2  |7, 12, 5, 11|
bad coloring on level 2  |0, 2, 5, 12|
bad coloring on level 2  |0, 7, 5, 12|
bad coloring on level 2  |1, 1, 5, 12|
bad coloring on level 2  |1, 2, 5, 12|
bad coloring on level 2  |1, 5, 5, 12|
bad coloring on level 2  |1, 6, 5, 12|
bad coloring on level 2  |1, 7, 5, 12|
bad coloring on level 2  |1, 8, 5, 12|
bad coloring on level 2  |1, 11, 5, 12|
bad coloring on level 2  |1, 12, 5, 12|
bad coloring on level 2  |2, 2, 5, 12|
bad coloring on level 2  |2, 4, 5, 12|
bad coloring on level 2  |2, 5, 5, 12|
bad coloring on level 2  |2, 6, 5, 12|
bad coloring on level 2  |2, 7, 5, 12|
bad coloring on level 2  |2, 11, 5, 12|
bad coloring on level 2  |4, 7, 5, 12|
bad coloring on level 2  |7, 7, 5, 12|
bad coloring on level 2  |7, 8, 5, 12|
bad coloring on level 2  |7, 11, 5, 12|
bad coloring on level 2  |7, 12, 5, 12|
bad coloring on level 2  |0, 7, 5, 15|
bad coloring on level 2  |1, 7, 5, 15|
bad coloring on level 2  |1, 8, 5, 15|
bad coloring on level 2  |1, 12, 5, 15|
bad coloring on level 2  |2, 7, 5, 15|
bad coloring on level 2  |4, 7, 5, 15|
bad coloring on level 2  |7, 7, 5, 15|
bad coloring on level 2  |7, 8, 5, 15|
bad coloring on level 2  |7, 11, 5, 15|
bad coloring on level 2  |7, 12, 5, 15|
bad coloring on level 2  |5, 12, 7, 7|
bad coloring on level 2  |5, 15, 7, 7|
bad coloring on level 2  |0, 5, 7, 8|
bad coloring on level 2  |1, 5, 7, 8|
bad coloring on level 2  |1, 6, 7, 8|
bad coloring on level 2  |2, 5, 7, 8|
bad coloring on level 2  |5, 5, 7, 8|
bad coloring on level 2  |5, 6, 7, 8|
bad coloring on level 2  |5, 11, 7, 8|
bad coloring on level 2  |5, 12, 7, 8|
bad coloring on level 2  |5, 15, 7, 8|
bad coloring on level 2  |5, 12, 7, 11|
bad coloring on level 2  |5, 15, 7, 11|
bad coloring on level 2  |0, 5, 7, 12|
bad coloring on level 2  |1, 5, 7, 12|
bad coloring on level 2  |1, 6, 7, 12|
bad coloring on level 2  |2, 5, 7, 12|
bad coloring on level 2  |2, 6, 7, 12|
bad coloring on level 2  |5, 5, 7, 12|
bad coloring on level 2  |5, 6, 7, 12|
bad coloring on level 2  |5, 11, 7, 12|
bad coloring on level 2  |5, 12, 7, 12|
bad coloring on level 2  |5, 15, 7, 12|
bad coloring on level 2  |1, 5, 8, 12|
bad coloring on level 2  |1, 6, 8, 12|
bad coloring on level 2  |2, 5, 8, 12|
bad coloring on level 2  |2, 6, 8, 12|
bad coloring on level 2  |1, 5, 11, 12|
bad coloring on level 2  |1, 6, 11, 12|
bad coloring on level 2  |2, 5, 11, 12|
bad coloring on level 2  |2, 6, 11, 12|
bad coloring on level 2  |1, 5, 12, 12|
bad coloring on level 2  |1, 6, 12, 12|
bad coloring on level 2  |2, 5, 12, 12|
bad coloring on level 2  |2, 6, 12, 12|
bad coloring on level 2  |0, 2, 12, 15|
bad coloring on level 2  |1, 2, 12, 15|
bad coloring on level 2  |1, 5, 12, 15|
bad coloring on level 2  |1, 6, 12, 15|
bad coloring on level 2  |2, 2, 12, 15|
bad coloring on level 2  |2, 4, 12, 15|
bad coloring on level 2  |2, 5, 12, 15|
bad coloring on level 2  |2, 6, 12, 15|
bad coloring on level 2  |2, 7, 12, 15|
bad coloring on level 2  |2, 11, 12, 15|

192 bad colorings on level 2
Sub sub problem :
Trying improving 0, 2, 5, 12 with subs:
Root to change : 2 with colors |3, 4, 5, 9, 11, 12, 15|
Root to change : 5 with colors |1, 3, 7, 8, 11, 12, 14|
Root to change : 12 with colors |1, 2, 5, 6, 9, 10, 11, 14, 15|
++++++++++++++++++++++
Trying improving 0, 2, 12, 15 with subs:
Root to change : 2 with colors |3, 4, 5, 7, 9, 11, 12, 14, 15|
Root to change : 12 with colors |3, 4, 5, 6, 8, 9, 10, 11, 15|
Root to change : 15 with colors |1, 3, 7, 8, 11, 12, 14|
++++++++++++++++++++++
Trying improving 0, 5, 1, 8 with subs:
Root to change : 5 with colors |2, 3, 4, 7, 11, 12, 14|
Root to change : 1 with colors |3, 4, 6, 8, 10, 11, 12, 15|
Root to change : 8 with colors |1, 2, 5, 6, 7, 11, 13, 14|
++++++++++++++++++++++
Trying improving 0, 5, 1, 12 with subs:
Root to change : 5 with colors |2, 3, 4, 7, 11, 12, 14|
Root to change : 1 with colors |3, 5, 8, 10, 11, 12, 15|
Root to change : 12 with colors |1, 2, 5, 6, 7, 11, 13, 14|
++++++++++++++++++++++
Trying improving 0, 5, 7, 8 with subs:
Root to change : 5 with colors |2, 3, 4, 7, 9, 11, 12, 14, 15|
Root to change : 7 with colors |3, 4, 6, 8, 10, 11, 12, 15|
Root to change : 8 with colors |1, 2, 4, 7, 11, 13, 14|
++++++++++++++++++++++
Trying improving 0, 5, 7, 12 with subs:
Root to change : 5 with colors |2, 3, 4, 7, 9, 11, 12, 14, 15|
Root to change : 7 with colors |3, 5, 8, 10, 11, 12, 15|
Root to change : 12 with colors |1, 2, 4, 7, 11, 13, 14|
++++++++++++++++++++++
Trying improving 0, 7, 5, 12 with subs:
Root to change : 7 with colors |3, 4, 5, 9, 11, 12, 15|
Root to change : 5 with colors |1, 3, 7, 8, 10, 11, 12, 14, 15|
Root to change : 12 with colors |1, 2, 5, 6, 9, 11, 14|
++++++++++++++++++++++
Trying improving 0, 7, 5, 15 with subs:
Root to change : 7 with colors |2, 3, 4, 5, 9, 11, 12, 14, 15|
Root to change : 5 with colors |3, 4, 6, 8, 9, 10, 11, 12, 15|
Root to change : 15 with colors |1, 2, 5, 6, 9, 11, 14|
++++++++++++++++++++++
Trying improving 0, 12, 1, 5 with subs:
Root to change : 12 with colors |2, 4, 5, 7, 9, 11, 14|
Root to change : 1 with colors |5, 6, 9, 10, 11, 12, 15|
Root to change : 5 with colors |1, 2, 7, 8, 11, 12, 13, 14|
++++++++++++++++++++++
Trying improving 0, 12, 1, 6 with subs:
Root to change : 12 with colors |2, 4, 5, 7, 9, 11, 14|
Root to change : 1 with colors |4, 5, 6, 8, 9, 10, 11, 15|
Root to change : 6 with colors |1, 2, 7, 8, 11, 12, 13, 14|
++++++++++++++++++++++
Trying improving 0, 12, 2, 5 with subs:
Root to change : 12 with colors |2, 3, 4, 5, 7, 9, 11, 14, 15|
Root to change : 2 with colors |5, 6, 9, 10, 11, 12, 15|
Root to change : 5 with colors |1, 2, 4, 7, 11, 13, 14|
++++++++++++++++++++++
Trying improving 0, 12, 2, 6 with subs:
Root to change : 12 with colors |2, 3, 4, 5, 7, 9, 11, 14, 15|
Root to change : 2 with colors |4, 5, 6, 8, 9, 10, 11, 15|
Root to change : 6 with colors |1, 2, 4, 7, 11, 13, 14|
++++++++++++++++++++++
Trying improving 0, 15, 1, 1 with subs:
Root to change : 0 with colors |3, 4, 5, 6, 8, 9, 10, 11, 12, 15|
Root to change : 15 with colors |2, 3, 4, 5, 7, 9, 11, 12, 14|
++++++++++++++++++++++
Trying improving 0, 15, 1, 2 with subs:
Root to change : 0 with colors |4, 5, 6, 8, 9, 10, 11, 15|
Root to change : 15 with colors |2, 3, 4, 5, 7, 9, 11, 12, 14|
Root to change : 1 with colors |2, 4, 5, 6, 7, 9, 11, 13, 14|
++++++++++++++++++++++
Trying improving 0, 15, 1, 5 with subs:
Root to change : 0 with colors |4, 5, 6, 8, 9, 10, 11, 15|
Root to change : 15 with colors |2, 4, 5, 7, 9, 11, 14|
Root to change : 1 with colors |2, 5, 6, 9, 10, 11, 12, 14, 15|
++++++++++++++++++++++
Trying improving 0, 15, 1, 6 with subs:
Root to change : 0 with colors |3, 4, 5, 6, 8, 9, 10, 11, 15|
Root to change : 15 with colors |2, 4, 5, 7, 9, 11, 14|
Root to change : 1 with colors |2, 4, 5, 6, 8, 9, 10, 11, 13, 15|
++++++++++++++++++++++
Trying improving 0, 15, 1, 7 with subs:
Root to change : 0 with colors |3, 4, 6, 8, 10, 11, 12, 15|
Root to change : 15 with colors |2, 3, 4, 5, 7, 9, 11, 12, 14|
Root to change : 1 with colors |2, 3, 4, 7, 8, 11, 12, 13, 14|
++++++++++++++++++++++
Trying improving 0, 15, 1, 8 with subs:
Root to change : 0 with colors |3, 4, 6, 8, 9, 10, 11, 12, 15|
Root to change : 15 with colors |2, 3, 4, 7, 11, 12, 14|
Root to change : 1 with colors |3, 4, 6, 7, 8, 10, 11, 12, 13, 15|
++++++++++++++++++++++
Trying improving 0, 15, 1, 11 with subs:
Root to change : 0 with colors |3, 4, 5, 6, 8, 9, 10, 11, 12, 15|
Root to change : 15 with colors |2, 3, 4, 5, 7, 9, 11, 12, 14|
Root to change : 1 with colors |2, 4, 5, 6, 7, 8, 11, 12, 15|
++++++++++++++++++++++
Trying improving 0, 15, 1, 12 with subs:
Root to change : 0 with colors |3, 4, 6, 8, 10, 11, 12, 15|
Root to change : 15 with colors |2, 3, 4, 7, 11, 12, 14|
Root to change : 1 with colors |3, 5, 7, 8, 10, 11, 12, 14, 15|
++++++++++++++++++++++
Trying improving 1, 1, 0, 15 with subs:
Root to change : 0 with colors |3, 4, 5, 6, 8, 9, 10, 11, 12, 15|
Root to change : 15 with colors |2, 3, 4, 5, 7, 9, 11, 12, 14|
++++++++++++++++++++++
Trying improving 1, 1, 5, 12 with subs:
Root to change : 5 with colors |1, 3, 7, 8, 10, 11, 12, 14, 15|
Root to change : 12 with colors |1, 2, 5, 6, 9, 10, 11, 14, 15|
++++++++++++++++++++++
Trying improving 1, 2, 0, 15 with subs:
Root to change : 1 with colors |2, 4, 5, 6, 7, 9, 11, 13, 14|
Root to change : 0 with colors |4, 5, 6, 8, 9, 10, 11, 15|
Root to change : 15 with colors |2, 3, 4, 5, 7, 9, 11, 12, 14|
++++++++++++++++++++++
Trying improving 1, 2, 5, 12 with subs:
Root to change : 5 with colors |1, 3, 7, 8, 11, 12, 14|
Root to change : 12 with colors |1, 2, 5, 6, 9, 10, 11, 14, 15|
++++++++++++++++++++++
Trying improving 1, 2, 12, 15 with subs:
Root to change : 12 with colors |4, 5, 6, 8, 9, 10, 11, 15|
Root to change : 15 with colors |1, 3, 7, 8, 11, 12, 14|
++++++++++++++++++++++
Trying improving 1, 5, 0, 12 with subs:
Root to change : 1 with colors |5, 6, 9, 10, 11, 12, 15|
Root to change : 5 with colors |1, 2, 7, 8, 11, 12, 13, 14|
Root to change : 12 with colors |2, 4, 5, 7, 9, 11, 14|
++++++++++++++++++++++
Trying improving 1, 5, 0, 15 with subs:
Root to change : 1 with colors |2, 5, 6, 9, 10, 11, 12, 14, 15|
Root to change : 0 with colors |4, 5, 6, 8, 9, 10, 11, 15|
Root to change : 15 with colors |2, 4, 5, 7, 9, 11, 14|
++++++++++++++++++++++
Trying improving 1, 5, 1, 8 with subs:
Root to change : 5 with colors |1, 2, 7, 8, 11, 12, 13, 14|
Root to change : 8 with colors |1, 2, 5, 6, 7, 11, 13, 14|
++++++++++++++++++++++
Trying improving 1, 5, 1, 12 with subs:
Root to change : 5 with colors |1, 2, 7, 8, 11, 12, 13, 14|
Root to change : 12 with colors |1, 2, 5, 6, 7, 11, 13, 14|
++++++++++++++++++++++
Trying improving 1, 5, 5, 12 with subs:
Root to change : 1 with colors |5, 6, 9, 10, 11, 12, 15|
Root to change : 12 with colors |1, 2, 5, 6, 9, 10, 11, 14, 15|
++++++++++++++++++++++
Trying improving 1, 5, 7, 8 with subs:
Root to change : 5 with colors |1, 2, 7, 8, 11, 12, 13, 14|
Root to change : 8 with colors |1, 2, 4, 7, 11, 13, 14|
++++++++++++++++++++++
Trying improving 1, 5, 7, 12 with subs:
Root to change : 5 with colors |1, 2, 7, 8, 11, 12, 13, 14|
Root to change : 12 with colors |1, 2, 4, 7, 11, 13, 14|
++++++++++++++++++++++
Trying improving 1, 5, 8, 12 with subs:
Root to change : 1 with colors |5, 6, 9, 10, 11, 12, 15|
Root to change : 5 with colors |1, 2, 7, 8, 11, 12, 13, 14|
++++++++++++++++++++++
Trying improving 1, 5, 11, 12 with subs:
Root to change : 1 with colors |5, 6, 9, 10, 11, 12, 15|
Root to change : 5 with colors |1, 2, 7, 8, 11, 12, 13, 14|
Root to change : 12 with colors |1, 2, 4, 5, 6, 7, 8, 11, 15|
++++++++++++++++++++++
Trying improving 1, 5, 12, 12 with subs:
Root to change : 1 with colors |5, 6, 9, 10, 11, 12, 15|
Root to change : 5 with colors |1, 2, 7, 8, 11, 12, 13, 14|
++++++++++++++++++++++
Trying improving 1, 5, 12, 15 with subs:
Root to change : 1 with colors |5, 6, 9, 10, 11, 12, 15|
Root to change : 12 with colors |4, 5, 6, 8, 9, 10, 11, 15|
++++++++++++++++++++++
Trying improving 1, 6, 0, 12 with subs:
Root to change : 1 with colors |4, 5, 6, 8, 9, 10, 11, 15|
Root to change : 6 with colors |1, 2, 7, 8, 11, 12, 13, 14|
Root to change : 12 with colors |2, 4, 5, 7, 9, 11, 14|
++++++++++++++++++++++
Trying improving 1, 6, 0, 15 with subs:
Root to change : 1 with colors |2, 4, 5, 6, 8, 9, 10, 11, 13, 15|
Root to change : 0 with colors |3, 4, 5, 6, 8, 9, 10, 11, 15|
Root to change : 15 with colors |2, 4, 5, 7, 9, 11, 14|
++++++++++++++++++++++
Trying improving 1, 6, 1, 8 with subs:
Root to change : 6 with colors |1, 2, 7, 8, 11, 12, 13, 14|
Root to change : 8 with colors |1, 2, 5, 6, 7, 11, 13, 14|
++++++++++++++++++++++
Trying improving 1, 6, 1, 12 with subs:
Root to change : 6 with colors |1, 2, 7, 8, 11, 12, 13, 14|
Root to change : 12 with colors |1, 2, 5, 6, 7, 11, 13, 14|
++++++++++++++++++++++
Trying improving 1, 6, 5, 12 with subs:
Root to change : 1 with colors |4, 5, 6, 8, 9, 10, 11, 15|
Root to change : 12 with colors |1, 2, 5, 6, 9, 10, 11, 14, 15|
++++++++++++++++++++++
Trying improving 1, 6, 7, 8 with subs:
Root to change : 1 with colors |2, 4, 6, 8, 9, 11, 13, 15|
Root to change : 6 with colors |1, 2, 7, 8, 11, 12, 13, 14|
Root to change : 8 with colors |1, 2, 4, 7, 11, 13, 14|
++++++++++++++++++++++
Trying improving 1, 6, 7, 12 with subs:
Root to change : 6 with colors |1, 2, 7, 8, 11, 12, 13, 14|
Root to change : 12 with colors |1, 2, 4, 7, 11, 13, 14|
++++++++++++++++++++++
Trying improving 1, 6, 8, 12 with subs:
Root to change : 1 with colors |4, 5, 6, 8, 9, 10, 11, 15|
Root to change : 6 with colors |1, 2, 7, 8, 11, 12, 13, 14|
++++++++++++++++++++++
Trying improving 1, 6, 11, 12 with subs:
Root to change : 1 with colors |4, 5, 6, 8, 9, 10, 11, 15|
Root to change : 6 with colors |1, 2, 7, 8, 11, 12, 13, 14|
Root to change : 12 with colors |1, 2, 4, 5, 6, 7, 8, 11, 15|
++++++++++++++++++++++
Trying improving 1, 6, 12, 12 with subs:
Root to change : 1 with colors |4, 5, 6, 8, 9, 10, 11, 15|
Root to change : 6 with colors |1, 2, 7, 8, 11, 12, 13, 14|
++++++++++++++++++++++
Trying improving 1, 6, 12, 15 with subs:
Root to change : 1 with colors |4, 5, 6, 8, 9, 10, 11, 15|
Root to change : 12 with colors |4, 5, 6, 8, 9, 10, 11, 15|
++++++++++++++++++++++
Trying improving 1, 7, 0, 15 with subs:
Root to change : 1 with colors |2, 3, 4, 7, 8, 11, 12, 13, 14|
Root to change : 0 with colors |3, 4, 6, 8, 10, 11, 12, 15|
Root to change : 15 with colors |2, 3, 4, 5, 7, 9, 11, 12, 14|
++++++++++++++++++++++
Trying improving 1, 7, 5, 12 with subs:
Root to change : 5 with colors |1, 3, 7, 8, 10, 11, 12, 14, 15|
Root to change : 12 with colors |1, 2, 5, 6, 9, 11, 14|
++++++++++++++++++++++
Trying improving 1, 7, 5, 15 with subs:
Root to change : 5 with colors |3, 4, 6, 8, 10, 11, 12, 15|
Root to change : 15 with colors |1, 2, 5, 6, 9, 11, 14|
++++++++++++++++++++++
Trying improving 1, 8, 0, 5 with subs:
Root to change : 1 with colors |3, 4, 6, 8, 10, 11, 12, 15|
Root to change : 8 with colors |1, 2, 5, 6, 7, 11, 13, 14|
Root to change : 5 with colors |2, 3, 4, 7, 11, 12, 14|
++++++++++++++++++++++
Trying improving 1, 8, 0, 15 with subs:
Root to change : 1 with colors |3, 4, 6, 7, 8, 10, 11, 12, 13, 15|
Root to change : 0 with colors |3, 4, 6, 8, 9, 10, 11, 12, 15|
Root to change : 15 with colors |2, 3, 4, 7, 11, 12, 14|
++++++++++++++++++++++
Trying improving 1, 8, 1, 5 with subs:
Root to change : 8 with colors |1, 2, 5, 6, 7, 11, 13, 14|
Root to change : 5 with colors |1, 2, 7, 8, 11, 12, 13, 14|
++++++++++++++++++++++
Trying improving 1, 8, 1, 6 with subs:
Root to change : 8 with colors |1, 2, 5, 6, 7, 11, 13, 14|
Root to change : 6 with colors |1, 2, 7, 8, 11, 12, 13, 14|
++++++++++++++++++++++
Trying improving 1, 8, 2, 5 with subs:
Root to change : 8 with colors |1, 2, 5, 6, 7, 11, 13, 14|
Root to change : 5 with colors |1, 2, 4, 7, 11, 13, 14|
++++++++++++++++++++++
Trying improving 1, 8, 2, 6 with subs:
Root to change : 1 with colors |3, 4, 6, 7, 8, 11, 13, 15|
Root to change : 8 with colors |1, 2, 5, 6, 7, 11, 13, 14|
Root to change : 6 with colors |1, 2, 4, 7, 11, 13, 14|
++++++++++++++++++++++
Trying improving 1, 8, 5, 5 with subs:
Root to change : 1 with colors |3, 4, 6, 8, 10, 11, 12, 15|
Root to change : 8 with colors |1, 2, 5, 6, 7, 11, 13, 14|
++++++++++++++++++++++
Trying improving 1, 8, 5, 6 with subs:
Root to change : 1 with colors |3, 4, 6, 8, 10, 11, 12, 15|
Root to change : 8 with colors |1, 2, 5, 6, 7, 11, 13, 14|
++++++++++++++++++++++
Trying improving 1, 8, 5, 11 with subs:
Root to change : 1 with colors |3, 4, 6, 8, 10, 11, 12, 15|
Root to change : 8 with colors |1, 2, 5, 6, 7, 11, 13, 14|
Root to change : 5 with colors |1, 2, 4, 6, 7, 8, 11, 12, 15|
++++++++++++++++++++++
Trying improving 1, 8, 5, 12 with subs:
Root to change : 1 with colors |3, 4, 6, 8, 10, 11, 12, 15|
Root to change : 5 with colors |1, 3, 7, 8, 10, 11, 12, 14, 15|
++++++++++++++++++++++
Trying improving 1, 8, 5, 15 with subs:
Root to change : 1 with colors |3, 4, 6, 8, 10, 11, 12, 15|
Root to change : 5 with colors |3, 4, 6, 8, 10, 11, 12, 15|
++++++++++++++++++++++
Trying improving 1, 11, 0, 15 with subs:
Root to change : 1 with colors |2, 4, 5, 6, 7, 8, 11, 12, 15|
Root to change : 0 with colors |3, 4, 5, 6, 8, 9, 10, 11, 12, 15|
Root to change : 15 with colors |2, 3, 4, 5, 7, 9, 11, 12, 14|
++++++++++++++++++++++
Trying improving 1, 11, 5, 12 with subs:
Root to change : 1 with colors |4, 5, 6, 8, 11, 12, 15|
Root to change : 5 with colors |1, 3, 7, 8, 10, 11, 12, 14, 15|
Root to change : 12 with colors |1, 2, 5, 6, 9, 10, 11, 14, 15|
++++++++++++++++++++++
Trying improving 1, 12, 0, 5 with subs:
Root to change : 1 with colors |3, 5, 8, 10, 11, 12, 15|
Root to change : 12 with colors |1, 2, 5, 6, 7, 11, 13, 14|
Root to change : 5 with colors |2, 3, 4, 7, 11, 12, 14|
++++++++++++++++++++++
Trying improving 1, 12, 0, 15 with subs:
Root to change : 1 with colors |3, 5, 7, 8, 10, 11, 12, 14, 15|
Root to change : 0 with colors |3, 4, 6, 8, 10, 11, 12, 15|
Root to change : 15 with colors |2, 3, 4, 7, 11, 12, 14|
++++++++++++++++++++++
Trying improving 1, 12, 1, 5 with subs:
Root to change : 12 with colors |1, 2, 5, 6, 7, 11, 13, 14|
Root to change : 5 with colors |1, 2, 7, 8, 11, 12, 13, 14|
++++++++++++++++++++++
Trying improving 1, 12, 1, 6 with subs:
Root to change : 12 with colors |1, 2, 5, 6, 7, 11, 13, 14|
Root to change : 6 with colors |1, 2, 7, 8, 11, 12, 13, 14|
++++++++++++++++++++++
Trying improving 1, 12, 2, 5 with subs:
Root to change : 12 with colors |1, 2, 5, 6, 7, 11, 13, 14|
Root to change : 5 with colors |1, 2, 4, 7, 11, 13, 14|
++++++++++++++++++++++
Trying improving 1, 12, 2, 6 with subs:
Root to change : 12 with colors |1, 2, 5, 6, 7, 11, 13, 14|
Root to change : 6 with colors |1, 2, 4, 7, 11, 13, 14|
++++++++++++++++++++++
Trying improving 1, 12, 5, 5 with subs:
Root to change : 1 with colors |3, 5, 8, 10, 11, 12, 15|
Root to change : 12 with colors |1, 2, 5, 6, 7, 11, 13, 14|
++++++++++++++++++++++
Trying improving 1, 12, 5, 6 with subs:
Root to change : 1 with colors |3, 5, 8, 10, 11, 12, 15|
Root to change : 12 with colors |1, 2, 5, 6, 7, 11, 13, 14|
++++++++++++++++++++++
Trying improving 1, 12, 5, 11 with subs:
Root to change : 1 with colors |3, 5, 8, 10, 11, 12, 15|
Root to change : 12 with colors |1, 2, 5, 6, 7, 11, 13, 14|
Root to change : 5 with colors |1, 2, 4, 6, 7, 8, 11, 12, 15|
++++++++++++++++++++++
Trying improving 1, 12, 5, 12 with subs:
Root to change : 1 with colors |3, 5, 8, 10, 11, 12, 15|
Root to change : 5 with colors |1, 3, 7, 8, 10, 11, 12, 14, 15|
++++++++++++++++++++++
Trying improving 1, 12, 5, 15 with subs:
Root to change : 1 with colors |3, 5, 8, 10, 11, 12, 15|
Root to change : 5 with colors |3, 4, 6, 8, 10, 11, 12, 15|
++++++++++++++++++++++
Trying improving 2, 2, 5, 12 with subs:
Root to change : 5 with colors |1, 3, 7, 8, 11, 12, 14|
Root to change : 12 with colors |1, 2, 5, 6, 9, 10, 11, 14, 15|
++++++++++++++++++++++
Trying improving 2, 2, 12, 15 with subs:
Root to change : 12 with colors |3, 4, 5, 6, 8, 9, 10, 11, 15|
Root to change : 15 with colors |1, 3, 7, 8, 11, 12, 14|
++++++++++++++++++++++
Trying improving 2, 4, 5, 12 with subs:
Root to change : 2 with colors |3, 4, 6, 8, 9, 11, 15|
Root to change : 5 with colors |1, 3, 7, 8, 11, 12, 14|
Root to change : 12 with colors |1, 2, 5, 6, 9, 10, 11, 14, 15|
++++++++++++++++++++++
Trying improving 2, 4, 12, 15 with subs:
Root to change : 2 with colors |3, 4, 6, 7, 8, 9, 11, 13, 15|
Root to change : 12 with colors |3, 4, 5, 6, 8, 9, 10, 11, 15|
Root to change : 15 with colors |1, 3, 7, 8, 11, 12, 14|
++++++++++++++++++++++
Trying improving 2, 5, 0, 12 with subs:
Root to change : 2 with colors |5, 6, 9, 10, 11, 12, 15|
Root to change : 5 with colors |1, 2, 4, 7, 11, 13, 14|
Root to change : 12 with colors |2, 3, 4, 5, 7, 9, 11, 14, 15|
++++++++++++++++++++++
Trying improving 2, 5, 1, 8 with subs:
Root to change : 5 with colors |1, 2, 4, 7, 11, 13, 14|
Root to change : 8 with colors |1, 2, 5, 6, 7, 11, 13, 14|
++++++++++++++++++++++
Trying improving 2, 5, 1, 12 with subs:
Root to change : 5 with colors |1, 2, 4, 7, 11, 13, 14|
Root to change : 12 with colors |1, 2, 5, 6, 7, 11, 13, 14|
++++++++++++++++++++++
Trying improving 2, 5, 5, 12 with subs:
Root to change : 2 with colors |5, 6, 9, 10, 11, 12, 15|
Root to change : 12 with colors |1, 2, 5, 6, 9, 10, 11, 14, 15|
++++++++++++++++++++++
Trying improving 2, 5, 7, 8 with subs:
Root to change : 5 with colors |1, 2, 4, 6, 7, 9, 11, 13, 14|
Root to change : 8 with colors |1, 2, 4, 7, 11, 13, 14|
++++++++++++++++++++++
Trying improving 2, 5, 7, 12 with subs:
Root to change : 5 with colors |1, 2, 4, 7, 11, 13, 14|
Root to change : 12 with colors |1, 2, 4, 7, 11, 13, 14|
++++++++++++++++++++++
Trying improving 2, 5, 8, 12 with subs:
Root to change : 2 with colors |5, 6, 9, 10, 11, 12, 15|
Root to change : 5 with colors |1, 2, 4, 7, 11, 13, 14|
++++++++++++++++++++++
Trying improving 2, 5, 11, 12 with subs:
Root to change : 2 with colors |5, 6, 9, 10, 11, 12, 15|
Root to change : 5 with colors |1, 2, 4, 7, 11, 13, 14|
Root to change : 12 with colors |1, 2, 4, 5, 6, 7, 8, 11, 15|
++++++++++++++++++++++
Trying improving 2, 5, 12, 12 with subs:
Root to change : 2 with colors |5, 6, 9, 10, 11, 12, 15|
Root to change : 5 with colors |1, 2, 4, 7, 11, 13, 14|
++++++++++++++++++++++
Trying improving 2, 5, 12, 15 with subs:
Root to change : 2 with colors |5, 6, 9, 10, 11, 12, 15|
Root to change : 12 with colors |3, 4, 5, 6, 8, 9, 10, 11, 15|
++++++++++++++++++++++
Trying improving 2, 6, 0, 12 with subs:
Root to change : 2 with colors |4, 5, 6, 8, 9, 10, 11, 15|
Root to change : 6 with colors |1, 2, 4, 7, 11, 13, 14|
Root to change : 12 with colors |2, 3, 4, 5, 7, 9, 11, 14, 15|
++++++++++++++++++++++
Trying improving 2, 6, 1, 8 with subs:
Root to change : 6 with colors |1, 2, 4, 7, 11, 13, 14|
Root to change : 1 with colors |3, 4, 6, 7, 8, 11, 13, 15|
Root to change : 8 with colors |1, 2, 5, 6, 7, 11, 13, 14|
++++++++++++++++++++++
Trying improving 2, 6, 1, 12 with subs:
Root to change : 6 with colors |1, 2, 4, 7, 11, 13, 14|
Root to change : 12 with colors |1, 2, 5, 6, 7, 11, 13, 14|
++++++++++++++++++++++
Trying improving 2, 6, 5, 12 with subs:
Root to change : 2 with colors |4, 5, 6, 8, 9, 10, 11, 15|
Root to change : 12 with colors |1, 2, 5, 6, 9, 10, 11, 14, 15|
++++++++++++++++++++++
Trying improving 2, 6, 7, 12 with subs:
Root to change : 6 with colors |1, 2, 4, 7, 11, 13, 14|
Root to change : 12 with colors |1, 2, 3, 4, 7, 8, 11, 13, 14|
++++++++++++++++++++++
Trying improving 2, 6, 8, 12 with subs:
Root to change : 2 with colors |4, 5, 6, 8, 9, 10, 11, 15|
Root to change : 6 with colors |1, 2, 4, 7, 11, 13, 14|
Root to change : 12 with colors |3, 4, 6, 7, 8, 11, 13, 15|
++++++++++++++++++++++
Trying improving 2, 6, 11, 12 with subs:
Root to change : 2 with colors |4, 5, 6, 8, 9, 10, 11, 15|
Root to change : 6 with colors |1, 2, 4, 7, 11, 13, 14|
Root to change : 12 with colors |1, 2, 4, 5, 6, 7, 8, 11, 15|
++++++++++++++++++++++
Trying improving 2, 6, 12, 12 with subs:
Root to change : 2 with colors |4, 5, 6, 8, 9, 10, 11, 15|
Root to change : 6 with colors |1, 2, 4, 7, 11, 13, 14|
++++++++++++++++++++++
Trying improving 2, 6, 12, 15 with subs:
Root to change : 2 with colors |4, 5, 6, 8, 9, 10, 11, 15|
Root to change : 12 with colors |3, 4, 5, 6, 8, 9, 10, 11, 15|
++++++++++++++++++++++
Trying improving 2, 7, 5, 12 with subs:
Root to change : 5 with colors |1, 3, 7, 8, 11, 12, 14|
Root to change : 12 with colors |1, 2, 5, 6, 9, 11, 14|
++++++++++++++++++++++
Trying improving 2, 7, 5, 15 with subs:
Root to change : 7 with colors |1, 2, 4, 5, 6, 9, 11, 13, 14|
Root to change : 5 with colors |3, 4, 6, 8, 9, 11, 15|
Root to change : 15 with colors |1, 2, 5, 6, 9, 11, 14|
++++++++++++++++++++++
Trying improving 2, 7, 12, 15 with subs:
Root to change : 2 with colors |1, 3, 4, 7, 8, 11, 12, 13, 14|
Root to change : 12 with colors |3, 4, 6, 8, 9, 11, 15|
Root to change : 15 with colors |1, 3, 7, 8, 11, 12, 14|
++++++++++++++++++++++
Trying improving 2, 11, 5, 12 with subs:
Root to change : 2 with colors |4, 5, 6, 8, 11, 12, 15|
Root to change : 5 with colors |1, 3, 7, 8, 11, 12, 14|
Root to change : 12 with colors |1, 2, 5, 6, 9, 10, 11, 14, 15|
++++++++++++++++++++++
Trying improving 2, 11, 12, 15 with subs:
Root to change : 2 with colors |1, 4, 5, 6, 7, 8, 11, 12, 15|
Root to change : 12 with colors |3, 4, 5, 6, 8, 9, 10, 11, 15|
Root to change : 15 with colors |1, 3, 7, 8, 11, 12, 14|
++++++++++++++++++++++
Trying improving 4, 7, 5, 12 with subs:
Root to change : 7 with colors |3, 4, 6, 8, 9, 11, 15|
Root to change : 5 with colors |1, 3, 7, 8, 10, 11, 12, 14, 15|
Root to change : 12 with colors |1, 2, 5, 6, 9, 11, 14|
++++++++++++++++++++++
Trying improving 4, 7, 5, 15 with subs:
Root to change : 7 with colors |2, 3, 4, 6, 8, 9, 11, 13, 15|
Root to change : 5 with colors |3, 4, 6, 8, 9, 10, 11, 12, 15|
Root to change : 15 with colors |1, 2, 5, 6, 9, 11, 14|
++++++++++++++++++++++
Trying improving 5, 5, 1, 8 with subs:
Root to change : 1 with colors |3, 4, 6, 8, 10, 11, 12, 15|
Root to change : 8 with colors |1, 2, 5, 6, 7, 11, 13, 14|
++++++++++++++++++++++
Trying improving 5, 5, 1, 12 with subs:
Root to change : 1 with colors |3, 5, 8, 10, 11, 12, 15|
Root to change : 12 with colors |1, 2, 5, 6, 7, 11, 13, 14|
++++++++++++++++++++++
Trying improving 5, 5, 7, 8 with subs:
Root to change : 7 with colors |3, 4, 6, 8, 10, 11, 12, 15|
Root to change : 8 with colors |1, 2, 4, 7, 11, 13, 14|
++++++++++++++++++++++
Trying improving 5, 5, 7, 12 with subs:
Root to change : 7 with colors |3, 5, 8, 10, 11, 12, 15|
Root to change : 12 with colors |1, 2, 4, 7, 11, 13, 14|
++++++++++++++++++++++
Trying improving 5, 6, 1, 8 with subs:
Root to change : 1 with colors |3, 4, 6, 8, 10, 11, 12, 15|
Root to change : 8 with colors |1, 2, 5, 6, 7, 11, 13, 14|
++++++++++++++++++++++
Trying improving 5, 6, 1, 12 with subs:
Root to change : 1 with colors |3, 5, 8, 10, 11, 12, 15|
Root to change : 12 with colors |1, 2, 5, 6, 7, 11, 13, 14|
++++++++++++++++++++++
Trying improving 5, 6, 7, 8 with subs:
Root to change : 5 with colors |2, 4, 6, 8, 9, 11, 13, 15|
Root to change : 7 with colors |3, 4, 6, 8, 10, 11, 12, 15|
Root to change : 8 with colors |1, 2, 4, 7, 11, 13, 14|
++++++++++++++++++++++
Trying improving 5, 6, 7, 12 with subs:
Root to change : 7 with colors |3, 5, 8, 10, 11, 12, 15|
Root to change : 12 with colors |1, 2, 4, 7, 11, 13, 14|
++++++++++++++++++++++
Trying improving 5, 11, 1, 8 with subs:
Root to change : 5 with colors |1, 2, 4, 6, 7, 8, 11, 12, 15|
Root to change : 1 with colors |3, 4, 6, 8, 10, 11, 12, 15|
Root to change : 8 with colors |1, 2, 5, 6, 7, 11, 13, 14|
++++++++++++++++++++++
Trying improving 5, 11, 1, 12 with subs:
Root to change : 5 with colors |1, 2, 4, 6, 7, 8, 11, 12, 15|
Root to change : 1 with colors |3, 5, 8, 10, 11, 12, 15|
Root to change : 12 with colors |1, 2, 5, 6, 7, 11, 13, 14|
++++++++++++++++++++++
Trying improving 5, 11, 7, 8 with subs:
Root to change : 5 with colors |1, 2, 4, 6, 7, 8, 11, 12, 15|
Root to change : 7 with colors |3, 4, 6, 8, 10, 11, 12, 15|
Root to change : 8 with colors |1, 2, 4, 7, 11, 13, 14|
++++++++++++++++++++++
Trying improving 5, 11, 7, 12 with subs:
Root to change : 5 with colors |1, 2, 4, 6, 7, 8, 11, 12, 15|
Root to change : 7 with colors |3, 5, 8, 10, 11, 12, 15|
Root to change : 12 with colors |1, 2, 4, 7, 11, 13, 14|
++++++++++++++++++++++
Trying improving 5, 12, 0, 2 with subs:
Root to change : 5 with colors |1, 3, 7, 8, 11, 12, 14|
Root to change : 12 with colors |1, 2, 5, 6, 9, 10, 11, 14, 15|
Root to change : 2 with colors |3, 4, 5, 9, 11, 12, 15|
++++++++++++++++++++++
Trying improving 5, 12, 0, 7 with subs:
Root to change : 5 with colors |1, 3, 7, 8, 10, 11, 12, 14, 15|
Root to change : 12 with colors |1, 2, 5, 6, 9, 11, 14|
Root to change : 7 with colors |3, 4, 5, 9, 11, 12, 15|
++++++++++++++++++++++
Trying improving 5, 12, 1, 1 with subs:
Root to change : 5 with colors |1, 3, 7, 8, 10, 11, 12, 14, 15|
Root to change : 12 with colors |1, 2, 5, 6, 9, 10, 11, 14, 15|
++++++++++++++++++++++
Trying improving 5, 12, 1, 2 with subs:
Root to change : 5 with colors |1, 3, 7, 8, 11, 12, 14|
Root to change : 12 with colors |1, 2, 5, 6, 9, 10, 11, 14, 15|
++++++++++++++++++++++
Trying improving 5, 12, 1, 5 with subs:
Root to change : 12 with colors |1, 2, 5, 6, 9, 10, 11, 14, 15|
Root to change : 1 with colors |5, 6, 9, 10, 11, 12, 15|
++++++++++++++++++++++
Trying improving 5, 12, 1, 6 with subs:
Root to change : 12 with colors |1, 2, 5, 6, 9, 10, 11, 14, 15|
Root to change : 1 with colors |4, 5, 6, 8, 9, 10, 11, 15|
++++++++++++++++++++++
Trying improving 5, 12, 1, 7 with subs:
Root to change : 5 with colors |1, 3, 7, 8, 10, 11, 12, 14, 15|
Root to change : 12 with colors |1, 2, 5, 6, 9, 11, 14|
++++++++++++++++++++++
Trying improving 5, 12, 1, 8 with subs:
Root to change : 5 with colors |1, 3, 7, 8, 10, 11, 12, 14, 15|
Root to change : 1 with colors |3, 4, 6, 8, 10, 11, 12, 15|
++++++++++++++++++++++
Trying improving 5, 12, 1, 11 with subs:
Root to change : 5 with colors |1, 3, 7, 8, 10, 11, 12, 14, 15|
Root to change : 12 with colors |1, 2, 5, 6, 9, 10, 11, 14, 15|
Root to change : 1 with colors |4, 5, 6, 8, 11, 12, 15|
++++++++++++++++++++++
Trying improving 5, 12, 1, 12 with subs:
Root to change : 5 with colors |1, 3, 7, 8, 10, 11, 12, 14, 15|
Root to change : 1 with colors |3, 5, 8, 10, 11, 12, 15|
++++++++++++++++++++++
Trying improving 5, 12, 2, 2 with subs:
Root to change : 5 with colors |1, 3, 7, 8, 11, 12, 14|
Root to change : 12 with colors |1, 2, 5, 6, 9, 10, 11, 14, 15|
++++++++++++++++++++++
Trying improving 5, 12, 2, 4 with subs:
Root to change : 5 with colors |1, 3, 7, 8, 11, 12, 14|
Root to change : 12 with colors |1, 2, 5, 6, 9, 10, 11, 14, 15|
Root to change : 2 with colors |3, 4, 6, 8, 9, 11, 15|
++++++++++++++++++++++
Trying improving 5, 12, 2, 5 with subs:
Root to change : 12 with colors |1, 2, 5, 6, 9, 10, 11, 14, 15|
Root to change : 2 with colors |5, 6, 9, 10, 11, 12, 15|
++++++++++++++++++++++
Trying improving 5, 12, 2, 6 with subs:
Root to change : 12 with colors |1, 2, 5, 6, 9, 10, 11, 14, 15|
Root to change : 2 with colors |4, 5, 6, 8, 9, 10, 11, 15|
++++++++++++++++++++++
Trying improving 5, 12, 2, 7 with subs:
Root to change : 5 with colors |1, 3, 7, 8, 11, 12, 14|
Root to change : 12 with colors |1, 2, 5, 6, 9, 11, 14|
++++++++++++++++++++++
Trying improving 5, 12, 2, 11 with subs:
Root to change : 5 with colors |1, 3, 7, 8, 11, 12, 14|
Root to change : 12 with colors |1, 2, 5, 6, 9, 10, 11, 14, 15|
Root to change : 2 with colors |4, 5, 6, 8, 11, 12, 15|
++++++++++++++++++++++
Trying improving 5, 12, 4, 7 with subs:
Root to change : 5 with colors |1, 3, 7, 8, 10, 11, 12, 14, 15|
Root to change : 12 with colors |1, 2, 5, 6, 9, 11, 14|
Root to change : 7 with colors |3, 4, 6, 8, 9, 11, 15|
++++++++++++++++++++++
Trying improving 5, 12, 7, 7 with subs:
Root to change : 5 with colors |1, 3, 7, 8, 10, 11, 12, 14, 15|
Root to change : 12 with colors |1, 2, 5, 6, 9, 11, 14|
++++++++++++++++++++++
Trying improving 5, 12, 7, 8 with subs:
Root to change : 5 with colors |1, 3, 7, 8, 10, 11, 12, 14, 15|
Root to change : 7 with colors |3, 4, 6, 8, 10, 11, 12, 15|
++++++++++++++++++++++
Trying improving 5, 12, 7, 11 with subs:
Root to change : 5 with colors |1, 3, 7, 8, 10, 11, 12, 14, 15|
Root to change : 12 with colors |1, 2, 5, 6, 9, 11, 14|
Root to change : 7 with colors |4, 5, 6, 8, 11, 12, 15|
++++++++++++++++++++++
Trying improving 5, 12, 7, 12 with subs:
Root to change : 5 with colors |1, 3, 7, 8, 10, 11, 12, 14, 15|
Root to change : 7 with colors |3, 5, 8, 10, 11, 12, 15|
++++++++++++++++++++++
Trying improving 5, 15, 0, 7 with subs:
Root to change : 5 with colors |3, 4, 6, 8, 9, 10, 11, 12, 15|
Root to change : 15 with colors |1, 2, 5, 6, 9, 11, 14|
Root to change : 7 with colors |2, 3, 4, 5, 9, 11, 12, 14, 15|
++++++++++++++++++++++
Trying improving 5, 15, 1, 7 with subs:
Root to change : 5 with colors |3, 4, 6, 8, 10, 11, 12, 15|
Root to change : 15 with colors |1, 2, 5, 6, 9, 11, 14|
++++++++++++++++++++++
Trying improving 5, 15, 1, 8 with subs:
Root to change : 5 with colors |3, 4, 6, 8, 10, 11, 12, 15|
Root to change : 1 with colors |3, 4, 6, 8, 10, 11, 12, 15|
++++++++++++++++++++++
Trying improving 5, 15, 1, 12 with subs:
Root to change : 5 with colors |3, 4, 6, 8, 10, 11, 12, 15|
Root to change : 1 with colors |3, 5, 8, 10, 11, 12, 15|
++++++++++++++++++++++
Trying improving 5, 15, 2, 7 with subs:
Root to change : 5 with colors |3, 4, 6, 8, 9, 11, 15|
Root to change : 15 with colors |1, 2, 5, 6, 9, 11, 14|
Root to change : 7 with colors |1, 2, 4, 5, 6, 9, 11, 13, 14|
++++++++++++++++++++++
Trying improving 5, 15, 4, 7 with subs:
Root to change : 5 with colors |3, 4, 6, 8, 9, 10, 11, 12, 15|
Root to change : 15 with colors |1, 2, 5, 6, 9, 11, 14|
Root to change : 7 with colors |2, 3, 4, 6, 8, 9, 11, 13, 15|
++++++++++++++++++++++
Trying improving 5, 15, 7, 7 with subs:
Root to change : 5 with colors |3, 4, 6, 8, 9, 10, 11, 12, 15|
Root to change : 15 with colors |1, 2, 5, 6, 9, 11, 14|
++++++++++++++++++++++
Trying improving 5, 15, 7, 8 with subs:
Root to change : 5 with colors |3, 4, 6, 8, 9, 10, 11, 12, 15|
Root to change : 7 with colors |3, 4, 6, 8, 10, 11, 12, 15|
++++++++++++++++++++++
Trying improving 5, 15, 7, 11 with subs:
Root to change : 5 with colors |3, 4, 6, 8, 9, 10, 11, 12, 15|
Root to change : 15 with colors |1, 2, 5, 6, 9, 11, 14|
Root to change : 7 with colors |1, 2, 4, 5, 6, 8, 11, 12, 15|
++++++++++++++++++++++
Trying improving 5, 15, 7, 12 with subs:
Root to change : 5 with colors |3, 4, 6, 8, 9, 10, 11, 12, 15|
Root to change : 7 with colors |3, 5, 8, 10, 11, 12, 15|
++++++++++++++++++++++
Trying improving 7, 7, 5, 12 with subs:
Root to change : 5 with colors |1, 3, 7, 8, 10, 11, 12, 14, 15|
Root to change : 12 with colors |1, 2, 5, 6, 9, 11, 14|
++++++++++++++++++++++
Trying improving 7, 7, 5, 15 with subs:
Root to change : 5 with colors |3, 4, 6, 8, 9, 10, 11, 12, 15|
Root to change : 15 with colors |1, 2, 5, 6, 9, 11, 14|
++++++++++++++++++++++
Trying improving 7, 8, 0, 5 with subs:
Root to change : 7 with colors |3, 4, 6, 8, 10, 11, 12, 15|
Root to change : 8 with colors |1, 2, 4, 7, 11, 13, 14|
Root to change : 5 with colors |2, 3, 4, 7, 9, 11, 12, 14, 15|
++++++++++++++++++++++
Trying improving 7, 8, 1, 5 with subs:
Root to change : 8 with colors |1, 2, 4, 7, 11, 13, 14|
Root to change : 5 with colors |1, 2, 7, 8, 11, 12, 13, 14|
++++++++++++++++++++++
Trying improving 7, 8, 1, 6 with subs:
Root to change : 8 with colors |1, 2, 4, 7, 11, 13, 14|
Root to change : 1 with colors |2, 4, 6, 8, 9, 11, 13, 15|
Root to change : 6 with colors |1, 2, 7, 8, 11, 12, 13, 14|
++++++++++++++++++++++
Trying improving 7, 8, 2, 5 with subs:
Root to change : 8 with colors |1, 2, 4, 7, 11, 13, 14|
Root to change : 5 with colors |1, 2, 4, 6, 7, 9, 11, 13, 14|
++++++++++++++++++++++
Trying improving 7, 8, 5, 5 with subs:
Root to change : 7 with colors |3, 4, 6, 8, 10, 11, 12, 15|
Root to change : 8 with colors |1, 2, 4, 7, 11, 13, 14|
++++++++++++++++++++++
Trying improving 7, 8, 5, 6 with subs:
Root to change : 7 with colors |3, 4, 6, 8, 10, 11, 12, 15|
Root to change : 8 with colors |1, 2, 4, 7, 11, 13, 14|
Root to change : 5 with colors |2, 4, 6, 8, 9, 11, 13, 15|
++++++++++++++++++++++
Trying improving 7, 8, 5, 11 with subs:
Root to change : 7 with colors |3, 4, 6, 8, 10, 11, 12, 15|
Root to change : 8 with colors |1, 2, 4, 7, 11, 13, 14|
Root to change : 5 with colors |1, 2, 4, 6, 7, 8, 11, 12, 15|
++++++++++++++++++++++
Trying improving 7, 8, 5, 12 with subs:
Root to change : 7 with colors |3, 4, 6, 8, 10, 11, 12, 15|
Root to change : 5 with colors |1, 3, 7, 8, 10, 11, 12, 14, 15|
++++++++++++++++++++++
Trying improving 7, 8, 5, 15 with subs:
Root to change : 7 with colors |3, 4, 6, 8, 10, 11, 12, 15|
Root to change : 5 with colors |3, 4, 6, 8, 9, 10, 11, 12, 15|
++++++++++++++++++++++
Trying improving 7, 11, 5, 12 with subs:
Root to change : 7 with colors |4, 5, 6, 8, 11, 12, 15|
Root to change : 5 with colors |1, 3, 7, 8, 10, 11, 12, 14, 15|
Root to change : 12 with colors |1, 2, 5, 6, 9, 11, 14|
++++++++++++++++++++++
Trying improving 7, 11, 5, 15 with subs:
Root to change : 7 with colors |1, 2, 4, 5, 6, 8, 11, 12, 15|
Root to change : 5 with colors |3, 4, 6, 8, 9, 10, 11, 12, 15|
Root to change : 15 with colors |1, 2, 5, 6, 9, 11, 14|
++++++++++++++++++++++
Trying improving 7, 12, 0, 5 with subs:
Root to change : 7 with colors |3, 5, 8, 10, 11, 12, 15|
Root to change : 12 with colors |1, 2, 4, 7, 11, 13, 14|
Root to change : 5 with colors |2, 3, 4, 7, 9, 11, 12, 14, 15|
++++++++++++++++++++++
Trying improving 7, 12, 1, 5 with subs:
Root to change : 12 with colors |1, 2, 4, 7, 11, 13, 14|
Root to change : 5 with colors |1, 2, 7, 8, 11, 12, 13, 14|
++++++++++++++++++++++
Trying improving 7, 12, 1, 6 with subs:
Root to change : 12 with colors |1, 2, 4, 7, 11, 13, 14|
Root to change : 6 with colors |1, 2, 7, 8, 11, 12, 13, 14|
++++++++++++++++++++++
Trying improving 7, 12, 2, 5 with subs:
Root to change : 12 with colors |1, 2, 4, 7, 11, 13, 14|
Root to change : 5 with colors |1, 2, 4, 7, 11, 13, 14|
++++++++++++++++++++++
Trying improving 7, 12, 2, 6 with subs:
Root to change : 12 with colors |1, 2, 3, 4, 7, 8, 11, 13, 14|
Root to change : 6 with colors |1, 2, 4, 7, 11, 13, 14|
++++++++++++++++++++++
Trying improving 7, 12, 5, 5 with subs:
Root to change : 7 with colors |3, 5, 8, 10, 11, 12, 15|
Root to change : 12 with colors |1, 2, 4, 7, 11, 13, 14|
++++++++++++++++++++++
Trying improving 7, 12, 5, 6 with subs:
Root to change : 7 with colors |3, 5, 8, 10, 11, 12, 15|
Root to change : 12 with colors |1, 2, 4, 7, 11, 13, 14|
++++++++++++++++++++++
Trying improving 7, 12, 5, 11 with subs:
Root to change : 7 with colors |3, 5, 8, 10, 11, 12, 15|
Root to change : 12 with colors |1, 2, 4, 7, 11, 13, 14|
Root to change : 5 with colors |1, 2, 4, 6, 7, 8, 11, 12, 15|
++++++++++++++++++++++
Trying improving 7, 12, 5, 12 with subs:
Root to change : 7 with colors |3, 5, 8, 10, 11, 12, 15|
Root to change : 5 with colors |1, 3, 7, 8, 10, 11, 12, 14, 15|
++++++++++++++++++++++
Trying improving 7, 12, 5, 15 with subs:
Root to change : 7 with colors |3, 5, 8, 10, 11, 12, 15|
Root to change : 5 with colors |3, 4, 6, 8, 9, 10, 11, 12, 15|
++++++++++++++++++++++
Trying improving 8, 12, 1, 5 with subs:
Root to change : 1 with colors |5, 6, 9, 10, 11, 12, 15|
Root to change : 5 with colors |1, 2, 7, 8, 11, 12, 13, 14|
++++++++++++++++++++++
Trying improving 8, 12, 1, 6 with subs:
Root to change : 1 with colors |4, 5, 6, 8, 9, 10, 11, 15|
Root to change : 6 with colors |1, 2, 7, 8, 11, 12, 13, 14|
++++++++++++++++++++++
Trying improving 8, 12, 2, 5 with subs:
Root to change : 2 with colors |5, 6, 9, 10, 11, 12, 15|
Root to change : 5 with colors |1, 2, 4, 7, 11, 13, 14|
++++++++++++++++++++++
Trying improving 8, 12, 2, 6 with subs:
Root to change : 12 with colors |3, 4, 6, 7, 8, 11, 13, 15|
Root to change : 2 with colors |4, 5, 6, 8, 9, 10, 11, 15|
Root to change : 6 with colors |1, 2, 4, 7, 11, 13, 14|
++++++++++++++++++++++
Trying improving 11, 12, 1, 5 with subs:
Root to change : 12 with colors |1, 2, 4, 5, 6, 7, 8, 11, 15|
Root to change : 1 with colors |5, 6, 9, 10, 11, 12, 15|
Root to change : 5 with colors |1, 2, 7, 8, 11, 12, 13, 14|
++++++++++++++++++++++
Trying improving 11, 12, 1, 6 with subs:
Root to change : 12 with colors |1, 2, 4, 5, 6, 7, 8, 11, 15|
Root to change : 1 with colors |4, 5, 6, 8, 9, 10, 11, 15|
Root to change : 6 with colors |1, 2, 7, 8, 11, 12, 13, 14|
++++++++++++++++++++++
Trying improving 11, 12, 2, 5 with subs:
Root to change : 12 with colors |1, 2, 4, 5, 6, 7, 8, 11, 15|
Root to change : 2 with colors |5, 6, 9, 10, 11, 12, 15|
Root to change : 5 with colors |1, 2, 4, 7, 11, 13, 14|
++++++++++++++++++++++
Trying improving 11, 12, 2, 6 with subs:
Root to change : 12 with colors |1, 2, 4, 5, 6, 7, 8, 11, 15|
Root to change : 2 with colors |4, 5, 6, 8, 9, 10, 11, 15|
Root to change : 6 with colors |1, 2, 4, 7, 11, 13, 14|
++++++++++++++++++++++
Trying improving 12, 12, 1, 5 with subs:
Root to change : 1 with colors |5, 6, 9, 10, 11, 12, 15|
Root to change : 5 with colors |1, 2, 7, 8, 11, 12, 13, 14|
++++++++++++++++++++++
Trying improving 12, 12, 1, 6 with subs:
Root to change : 1 with colors |4, 5, 6, 8, 9, 10, 11, 15|
Root to change : 6 with colors |1, 2, 7, 8, 11, 12, 13, 14|
++++++++++++++++++++++
Trying improving 12, 12, 2, 5 with subs:
Root to change : 2 with colors |5, 6, 9, 10, 11, 12, 15|
Root to change : 5 with colors |1, 2, 4, 7, 11, 13, 14|
++++++++++++++++++++++
Trying improving 12, 12, 2, 6 with subs:
Root to change : 2 with colors |4, 5, 6, 8, 9, 10, 11, 15|
Root to change : 6 with colors |1, 2, 4, 7, 11, 13, 14|
++++++++++++++++++++++
Trying improving 12, 15, 0, 2 with subs:
Root to change : 12 with colors |3, 4, 5, 6, 8, 9, 10, 11, 15|
Root to change : 15 with colors |1, 3, 7, 8, 11, 12, 14|
Root to change : 2 with colors |3, 4, 5, 7, 9, 11, 12, 14, 15|
++++++++++++++++++++++
Trying improving 12, 15, 1, 2 with subs:
Root to change : 12 with colors |4, 5, 6, 8, 9, 10, 11, 15|
Root to change : 15 with colors |1, 3, 7, 8, 11, 12, 14|
++++++++++++++++++++++
Trying improving 12, 15, 1, 5 with subs:
Root to change : 12 with colors |4, 5, 6, 8, 9, 10, 11, 15|
Root to change : 1 with colors |5, 6, 9, 10, 11, 12, 15|
++++++++++++++++++++++
Trying improving 12, 15, 1, 6 with subs:
Root to change : 12 with colors |4, 5, 6, 8, 9, 10, 11, 15|
Root to change : 1 with colors |4, 5, 6, 8, 9, 10, 11, 15|
++++++++++++++++++++++
Trying improving 12, 15, 2, 2 with subs:
Root to change : 12 with colors |3, 4, 5, 6, 8, 9, 10, 11, 15|
Root to change : 15 with colors |1, 3, 7, 8, 11, 12, 14|
++++++++++++++++++++++
Trying improving 12, 15, 2, 4 with subs:
Root to change : 12 with colors |3, 4, 5, 6, 8, 9, 10, 11, 15|
Root to change : 15 with colors |1, 3, 7, 8, 11, 12, 14|
Root to change : 2 with colors |3, 4, 6, 7, 8, 9, 11, 13, 15|
++++++++++++++++++++++
Trying improving 12, 15, 2, 5 with subs:
Root to change : 12 with colors |3, 4, 5, 6, 8, 9, 10, 11, 15|
Root to change : 2 with colors |5, 6, 9, 10, 11, 12, 15|
++++++++++++++++++++++
Trying improving 12, 15, 2, 6 with subs:
Root to change : 12 with colors |3, 4, 5, 6, 8, 9, 10, 11, 15|
Root to change : 2 with colors |4, 5, 6, 8, 9, 10, 11, 15|
++++++++++++++++++++++
Trying improving 12, 15, 2, 7 with subs:
Root to change : 12 with colors |3, 4, 6, 8, 9, 11, 15|
Root to change : 15 with colors |1, 3, 7, 8, 11, 12, 14|
Root to change : 2 with colors |1, 3, 4, 7, 8, 11, 12, 13, 14|
++++++++++++++++++++++
Trying improving 12, 15, 2, 11 with subs:
Root to change : 12 with colors |3, 4, 5, 6, 8, 9, 10, 11, 15|
Root to change : 15 with colors |1, 3, 7, 8, 11, 12, 14|
Root to change : 2 with colors |1, 4, 5, 6, 7, 8, 11, 12, 15|
++++++++++++++++++++++
Unable to be solved with SubSubProblem
