Trying substitutions to: 3
with goodVertices 2, 4, 5, 7, 9, 11, 12, 14, 15
bad color to improve: 1  6  with index 21
bad color to improve: 2  5  with index 34
bad color to improve: 2  11  with index 40
bad color to improve: 5  11  with index 76
4 bad colorings on level 1
bad coloring on level 2  |9, 14, 3, 8|
bad coloring on level 2  |10, 13, 3, 8|
bad coloring on level 2  |4, 7, 3, 10|
bad coloring on level 2  |8, 13, 3, 10|
bad coloring on level 2  |8, 10, 3, 13|
bad coloring on level 2  |12, 15, 3, 13|
bad coloring on level 2  |3, 10, 4, 7|
bad coloring on level 2  |8, 10, 4, 7|
bad coloring on level 2  |9, 10, 4, 7|
bad coloring on level 2  |10, 10, 4, 7|
bad coloring on level 2  |10, 12, 4, 7|
bad coloring on level 2  |10, 13, 4, 7|
bad coloring on level 2  |10, 14, 4, 7|
bad coloring on level 2  |10, 15, 4, 7|
bad coloring on level 2  |9, 14, 4, 8|
bad coloring on level 2  |10, 13, 4, 8|
bad coloring on level 2  |10, 14, 4, 8|
bad coloring on level 2  |7, 12, 4, 9|
bad coloring on level 2  |12, 14, 4, 9|
bad coloring on level 2  |8, 10, 4, 13|
bad coloring on level 2  |10, 12, 4, 13|
bad coloring on level 2  |12, 15, 4, 13|
bad coloring on level 2  |7, 14, 4, 15|
bad coloring on level 2  |12, 14, 4, 15|
bad coloring on level 2  |9, 10, 7, 8|
bad coloring on level 2  |9, 14, 7, 8|
bad coloring on level 2  |10, 13, 7, 8|
bad coloring on level 2  |4, 9, 7, 12|
bad coloring on level 2  |9, 15, 7, 12|
bad coloring on level 2  |8, 10, 7, 13|
bad coloring on level 2  |10, 15, 7, 13|
bad coloring on level 2  |12, 15, 7, 13|
bad coloring on level 2  |4, 15, 7, 14|
bad coloring on level 2  |9, 15, 7, 14|
bad coloring on level 2  |9, 14, 8, 8|
bad coloring on level 2  |10, 13, 8, 8|
bad coloring on level 2  |3, 13, 8, 10|
bad coloring on level 2  |4, 7, 8, 10|
bad coloring on level 2  |4, 13, 8, 10|
bad coloring on level 2  |7, 13, 8, 10|
bad coloring on level 2  |8, 13, 8, 10|
bad coloring on level 2  |9, 13, 8, 10|
bad coloring on level 2  |9, 14, 8, 10|
bad coloring on level 2  |10, 13, 8, 10|
bad coloring on level 2  |13, 13, 8, 10|
bad coloring on level 2  |13, 14, 8, 10|
bad coloring on level 2  |9, 13, 8, 12|
bad coloring on level 2  |9, 14, 8, 12|
bad coloring on level 2  |10, 13, 8, 12|
bad coloring on level 2  |3, 10, 8, 13|
bad coloring on level 2  |8, 10, 8, 13|
bad coloring on level 2  |9, 10, 8, 13|
bad coloring on level 2  |9, 14, 8, 13|
bad coloring on level 2  |10, 10, 8, 13|
bad coloring on level 2  |10, 12, 8, 13|
bad coloring on level 2  |10, 13, 8, 13|
bad coloring on level 2  |10, 14, 8, 13|
bad coloring on level 2  |10, 15, 8, 13|
bad coloring on level 2  |12, 15, 8, 13|
bad coloring on level 2  |9, 14, 8, 15|
bad coloring on level 2  |10, 13, 8, 15|
bad coloring on level 2  |13, 14, 8, 15|
bad coloring on level 2  |4, 7, 9, 10|
bad coloring on level 2  |7, 8, 9, 10|
bad coloring on level 2  |8, 13, 9, 10|
bad coloring on level 2  |8, 10, 9, 13|
bad coloring on level 2  |8, 12, 9, 13|
bad coloring on level 2  |12, 15, 9, 13|
bad coloring on level 2  |3, 8, 9, 14|
bad coloring on level 2  |4, 8, 9, 14|
bad coloring on level 2  |7, 8, 9, 14|
bad coloring on level 2  |8, 8, 9, 14|
bad coloring on level 2  |8, 10, 9, 14|
bad coloring on level 2  |8, 12, 9, 14|
bad coloring on level 2  |8, 13, 9, 14|
bad coloring on level 2  |8, 15, 9, 14|
bad coloring on level 2  |7, 12, 9, 15|
bad coloring on level 2  |7, 14, 9, 15|
bad coloring on level 2  |4, 7, 10, 10|
bad coloring on level 2  |8, 13, 10, 10|
bad coloring on level 2  |4, 7, 10, 12|
bad coloring on level 2  |4, 13, 10, 12|
bad coloring on level 2  |8, 13, 10, 12|
bad coloring on level 2  |3, 8, 10, 13|
bad coloring on level 2  |4, 7, 10, 13|
bad coloring on level 2  |4, 8, 10, 13|
bad coloring on level 2  |7, 8, 10, 13|
bad coloring on level 2  |8, 8, 10, 13|
bad coloring on level 2  |8, 10, 10, 13|
bad coloring on level 2  |8, 12, 10, 13|
bad coloring on level 2  |8, 13, 10, 13|
bad coloring on level 2  |8, 15, 10, 13|
bad coloring on level 2  |12, 15, 10, 13|
bad coloring on level 2  |4, 7, 10, 14|
bad coloring on level 2  |4, 8, 10, 14|
bad coloring on level 2  |8, 13, 10, 14|
bad coloring on level 2  |4, 7, 10, 15|
bad coloring on level 2  |7, 13, 10, 15|
bad coloring on level 2  |8, 13, 10, 15|
bad coloring on level 2  |4, 9, 12, 14|
bad coloring on level 2  |4, 15, 12, 14|
bad coloring on level 2  |3, 13, 12, 15|
bad coloring on level 2  |4, 13, 12, 15|
bad coloring on level 2  |7, 13, 12, 15|
bad coloring on level 2  |8, 13, 12, 15|
bad coloring on level 2  |9, 13, 12, 15|
bad coloring on level 2  |10, 13, 12, 15|
bad coloring on level 2  |13, 13, 12, 15|
bad coloring on level 2  |13, 14, 12, 15|
bad coloring on level 2  |8, 10, 13, 13|
bad coloring on level 2  |12, 15, 13, 13|
bad coloring on level 2  |8, 10, 13, 14|
bad coloring on level 2  |8, 15, 13, 14|
bad coloring on level 2  |12, 15, 13, 14|

114 bad colorings on level 2
Sub sub problem :
Trying improving 3, 8, 9, 14 with subs:
Root to change : 8 with colors |3, 4, 7, 9, 10, 12, 13, 14, 15|
Root to change : 9 with colors |1, 2, 3, 5, 7, 10, 12, 13, 14|
Root to change : 14 with colors |2, 3, 4, 5, 6, 9, 10, 13, 15|
++++++++++++++++++++++
Trying improving 3, 8, 10, 13 with subs:
Root to change : 8 with colors |3, 4, 7, 9, 10, 12, 13, 14, 15|
Root to change : 10 with colors |1, 2, 3, 4, 6, 7, 8, 9, 13, 14|
Root to change : 13 with colors |1, 3, 5, 6, 8, 9, 10, 12, 14, 15|
++++++++++++++++++++++
Trying improving 3, 10, 4, 7 with subs:
Root to change : 10 with colors |3, 4, 7, 8, 9, 12, 13, 14, 15|
Root to change : 4 with colors |1, 2, 3, 7, 8, 11, 12, 13, 14|
Root to change : 7 with colors |2, 3, 4, 6, 8, 9, 11, 13, 15|
++++++++++++++++++++++
Trying improving 3, 10, 8, 13 with subs:
Root to change : 10 with colors |3, 4, 7, 8, 9, 12, 13, 14, 15|
Root to change : 8 with colors |1, 2, 3, 4, 6, 7, 9, 10, 13, 14|
Root to change : 13 with colors |1, 3, 4, 6, 7, 8, 10, 11, 12, 15|
++++++++++++++++++++++
Trying improving 3, 13, 8, 10 with subs:
Root to change : 13 with colors |3, 4, 7, 8, 9, 10, 12, 14, 15|
Root to change : 8 with colors |1, 3, 5, 6, 9, 10, 12, 13, 14, 15|
Root to change : 10 with colors |1, 3, 4, 6, 7, 8, 11, 12, 13, 15|
++++++++++++++++++++++
Trying improving 3, 13, 12, 15 with subs:
Root to change : 13 with colors |3, 4, 7, 8, 9, 10, 12, 14, 15|
Root to change : 12 with colors |3, 4, 5, 6, 8, 9, 10, 11, 15|
Root to change : 15 with colors |1, 3, 5, 7, 8, 10, 11, 12, 14|
++++++++++++++++++++++
Trying improving 4, 7, 3, 10 with subs:
Root to change : 4 with colors |1, 2, 3, 7, 8, 11, 12, 13, 14|
Root to change : 7 with colors |2, 3, 4, 6, 8, 9, 11, 13, 15|
Root to change : 10 with colors |3, 4, 7, 8, 9, 12, 13, 14, 15|
++++++++++++++++++++++
Trying improving 4, 7, 8, 10 with subs:
Root to change : 4 with colors |1, 3, 7, 8, 11, 12, 14|
Root to change : 7 with colors |3, 4, 6, 8, 9, 11, 15|
Root to change : 10 with colors |1, 3, 4, 6, 7, 8, 11, 12, 13, 15|
++++++++++++++++++++++
Trying improving 4, 7, 9, 10 with subs:
Root to change : 4 with colors |1, 2, 3, 7, 12, 13, 14|
Root to change : 7 with colors |2, 3, 4, 6, 8, 9, 11, 13, 15|
Root to change : 10 with colors |2, 3, 4, 5, 6, 9, 13, 14, 15|
++++++++++++++++++++++
Trying improving 4, 7, 10, 10 with subs:
Root to change : 4 with colors |1, 2, 3, 7, 8, 11, 12, 13, 14|
Root to change : 7 with colors |2, 3, 4, 6, 8, 9, 11, 13, 15|
++++++++++++++++++++++
Trying improving 4, 7, 10, 12 with subs:
Root to change : 4 with colors |1, 2, 3, 7, 8, 11, 12, 13, 14|
Root to change : 7 with colors |3, 4, 6, 8, 9, 11, 15|
Root to change : 10 with colors |1, 3, 5, 7, 8, 11, 12, 14, 15|
++++++++++++++++++++++
Trying improving 4, 7, 10, 13 with subs:
Root to change : 4 with colors |1, 2, 3, 7, 12, 13, 14|
Root to change : 7 with colors |2, 3, 4, 6, 9, 13, 15|
Root to change : 10 with colors |1, 2, 3, 4, 6, 7, 8, 9, 13, 14|
++++++++++++++++++++++
Trying improving 4, 7, 10, 14 with subs:
Root to change : 4 with colors |1, 2, 3, 7, 8, 11, 12, 13, 14|
Root to change : 7 with colors |2, 3, 4, 6, 9, 13, 15|
Root to change : 10 with colors |1, 2, 3, 5, 7, 9, 12, 13, 14|
++++++++++++++++++++++
Trying improving 4, 7, 10, 15 with subs:
Root to change : 4 with colors |1, 3, 7, 8, 11, 12, 14|
Root to change : 7 with colors |2, 3, 4, 6, 8, 9, 11, 13, 15|
Root to change : 10 with colors |3, 4, 5, 6, 8, 9, 11, 12, 15|
++++++++++++++++++++++
Trying improving 4, 8, 9, 14 with subs:
Root to change : 8 with colors |2, 3, 4, 6, 7, 9, 11, 13, 15|
Root to change : 9 with colors |1, 2, 3, 7, 12, 13, 14|
Root to change : 14 with colors |2, 3, 4, 5, 6, 9, 10, 13, 15|
++++++++++++++++++++++
Trying improving 4, 8, 10, 13 with subs:
Root to change : 8 with colors |2, 3, 4, 6, 9, 13, 15|
Root to change : 10 with colors |1, 2, 3, 4, 6, 7, 8, 9, 13, 14|
Root to change : 13 with colors |3, 5, 6, 8, 9, 10, 12, 15|
++++++++++++++++++++++
Trying improving 4, 8, 10, 14 with subs:
Root to change : 4 with colors |1, 3, 7, 8, 10, 11, 12, 15|
Root to change : 8 with colors |2, 3, 4, 6, 9, 13, 15|
Root to change : 10 with colors |1, 2, 3, 7, 12, 13, 14|
Root to change : 14 with colors |3, 5, 6, 8, 9, 10, 12, 15|
++++++++++++++++++++++
Trying improving 4, 9, 7, 12 with subs:
Root to change : 4 with colors |2, 3, 5, 9, 10, 13, 14|
Root to change : 9 with colors |2, 3, 4, 6, 7, 8, 11, 13, 15|
Root to change : 7 with colors |3, 5, 8, 10, 11, 12, 15|
Root to change : 12 with colors |1, 2, 3, 4, 7, 8, 11, 13, 14|
++++++++++++++++++++++
Trying improving 4, 9, 12, 14 with subs:
Root to change : 4 with colors |2, 3, 5, 6, 9, 10, 13, 14, 15|
Root to change : 9 with colors |2, 3, 4, 7, 8, 11, 13|
Root to change : 12 with colors |1, 2, 3, 5, 7, 9, 10, 13, 14|
Root to change : 14 with colors |3, 5, 8, 10, 11, 12, 15|
++++++++++++++++++++++
Trying improving 4, 13, 8, 10 with subs:
Root to change : 13 with colors |3, 4, 6, 8, 9, 11, 15|
Root to change : 8 with colors |3, 5, 6, 9, 10, 13, 14, 15|
Root to change : 10 with colors |1, 3, 4, 6, 7, 8, 11, 12, 13, 15|
++++++++++++++++++++++
Trying improving 4, 13, 10, 12 with subs:
Root to change : 4 with colors |1, 2, 3, 7, 9, 10, 13, 14|
Root to change : 13 with colors |3, 4, 6, 8, 9, 11, 15|
Root to change : 10 with colors |1, 3, 7, 8, 11, 12, 14|
Root to change : 12 with colors |3, 5, 6, 9, 10, 13, 14, 15|
++++++++++++++++++++++
Trying improving 4, 13, 12, 15 with subs:
Root to change : 13 with colors |2, 3, 4, 6, 7, 8, 9, 11, 15|
Root to change : 12 with colors |3, 4, 5, 6, 8, 9, 10, 11, 15|
Root to change : 15 with colors |1, 3, 7, 8, 11, 12, 14|
++++++++++++++++++++++
Trying improving 4, 15, 7, 14 with subs:
Root to change : 4 with colors |3, 5, 8, 10, 11, 12, 15|
Root to change : 15 with colors |2, 3, 4, 6, 7, 8, 9, 11, 13|
Root to change : 7 with colors |2, 3, 5, 9, 10, 13, 14|
Root to change : 14 with colors |1, 2, 3, 4, 7, 8, 11, 12, 13|
++++++++++++++++++++++
Trying improving 4, 15, 12, 14 with subs:
Root to change : 4 with colors |3, 5, 6, 8, 9, 10, 11, 12, 15|
Root to change : 15 with colors |2, 3, 4, 7, 8, 11, 13|
Root to change : 12 with colors |2, 3, 5, 9, 10, 13, 14|
Root to change : 14 with colors |1, 3, 5, 7, 8, 10, 11, 12, 15|
++++++++++++++++++++++
Trying improving 7, 8, 9, 10 with subs:
Root to change : 7 with colors |3, 4, 6, 8, 10, 11, 12, 15|
Root to change : 8 with colors |1, 2, 3, 7, 12, 13, 14|
Root to change : 9 with colors |1, 3, 5, 8, 10, 12, 14, 15|
Root to change : 10 with colors |2, 3, 4, 6, 9, 13, 15|
++++++++++++++++++++++
Trying improving 7, 8, 9, 14 with subs:
Root to change : 8 with colors |1, 2, 3, 4, 7, 11, 12, 13, 14|
Root to change : 9 with colors |1, 2, 3, 5, 7, 10, 12, 13, 14|
Root to change : 14 with colors |2, 3, 4, 6, 9, 13, 15|
++++++++++++++++++++++
Trying improving 7, 8, 10, 13 with subs:
Root to change : 8 with colors |1, 2, 3, 7, 12, 13, 14|
Root to change : 10 with colors |1, 2, 3, 4, 6, 7, 8, 9, 13, 14|
Root to change : 13 with colors |1, 3, 5, 8, 10, 12, 14, 15|
++++++++++++++++++++++
Trying improving 7, 12, 4, 9 with subs:
Root to change : 7 with colors |3, 5, 8, 10, 11, 12, 15|
Root to change : 12 with colors |1, 2, 3, 4, 7, 8, 11, 13, 14|
Root to change : 4 with colors |2, 3, 5, 9, 10, 13, 14|
Root to change : 9 with colors |2, 3, 4, 6, 7, 8, 11, 13, 15|
++++++++++++++++++++++
Trying improving 7, 12, 9, 15 with subs:
Root to change : 7 with colors |1, 3, 5, 8, 10, 11, 12, 14, 15|
Root to change : 12 with colors |2, 3, 4, 7, 8, 11, 13|
Root to change : 9 with colors |3, 4, 5, 6, 8, 10, 11, 12, 15|
Root to change : 15 with colors |2, 3, 5, 9, 10, 13, 14|
++++++++++++++++++++++
Trying improving 7, 13, 8, 10 with subs:
Root to change : 13 with colors |1, 3, 7, 8, 11, 12, 14|
Root to change : 8 with colors |1, 3, 5, 9, 10, 12, 13, 14|
Root to change : 10 with colors |1, 3, 4, 6, 7, 8, 11, 12, 13, 15|
++++++++++++++++++++++
Trying improving 7, 13, 10, 15 with subs:
Root to change : 7 with colors |2, 3, 4, 6, 9, 10, 13, 14|
Root to change : 13 with colors |1, 3, 7, 8, 11, 12, 14|
Root to change : 10 with colors |3, 4, 6, 8, 9, 11, 15|
Root to change : 15 with colors |1, 3, 5, 9, 10, 12, 13, 14|
++++++++++++++++++++++
Trying improving 7, 13, 12, 15 with subs:
Root to change : 13 with colors |1, 2, 3, 4, 7, 8, 11, 12, 14|
Root to change : 12 with colors |3, 4, 6, 8, 9, 11, 15|
Root to change : 15 with colors |1, 3, 5, 7, 8, 10, 11, 12, 14|
++++++++++++++++++++++
Trying improving 7, 14, 4, 15 with subs:
Root to change : 7 with colors |2, 3, 5, 9, 10, 13, 14|
Root to change : 14 with colors |1, 2, 3, 4, 7, 8, 11, 12, 13|
Root to change : 4 with colors |3, 5, 8, 10, 11, 12, 15|
Root to change : 15 with colors |2, 3, 4, 6, 7, 8, 9, 11, 13|
++++++++++++++++++++++
Trying improving 7, 14, 9, 15 with subs:
Root to change : 7 with colors |1, 2, 3, 5, 9, 10, 12, 13, 14|
Root to change : 14 with colors |2, 3, 4, 7, 8, 11, 13|
Root to change : 9 with colors |3, 5, 8, 10, 11, 12, 15|
Root to change : 15 with colors |2, 3, 4, 5, 6, 9, 10, 13, 14|
++++++++++++++++++++++
Trying improving 8, 8, 9, 14 with subs:
Root to change : 9 with colors |1, 2, 3, 5, 7, 10, 12, 13, 14|
Root to change : 14 with colors |2, 3, 4, 5, 6, 9, 10, 13, 15|
++++++++++++++++++++++
Trying improving 8, 8, 10, 13 with subs:
Root to change : 10 with colors |1, 2, 3, 4, 6, 7, 8, 9, 13, 14|
Root to change : 13 with colors |1, 3, 5, 6, 8, 9, 10, 12, 14, 15|
++++++++++++++++++++++
Trying improving 8, 10, 3, 13 with subs:
Root to change : 8 with colors |1, 3, 5, 6, 9, 10, 12, 13, 14, 15|
Root to change : 10 with colors |1, 3, 4, 6, 7, 8, 11, 12, 13, 15|
Root to change : 13 with colors |3, 4, 7, 8, 9, 10, 12, 14, 15|
++++++++++++++++++++++
Trying improving 8, 10, 4, 7 with subs:
Root to change : 10 with colors |1, 3, 4, 6, 7, 8, 11, 12, 13, 15|
Root to change : 4 with colors |1, 3, 7, 8, 11, 12, 14|
Root to change : 7 with colors |3, 4, 6, 8, 9, 11, 15|
++++++++++++++++++++++
Trying improving 8, 10, 4, 13 with subs:
Root to change : 8 with colors |3, 5, 6, 9, 10, 13, 14, 15|
Root to change : 10 with colors |1, 3, 4, 6, 7, 8, 11, 12, 13, 15|
Root to change : 13 with colors |3, 4, 6, 8, 9, 11, 15|
++++++++++++++++++++++
Trying improving 8, 10, 7, 13 with subs:
Root to change : 8 with colors |1, 3, 5, 9, 10, 12, 13, 14|
Root to change : 10 with colors |1, 3, 4, 6, 7, 8, 11, 12, 13, 15|
Root to change : 13 with colors |1, 3, 7, 8, 11, 12, 14|
++++++++++++++++++++++
Trying improving 8, 10, 8, 13 with subs:
Root to change : 10 with colors |1, 3, 4, 6, 7, 8, 11, 12, 13, 15|
Root to change : 13 with colors |1, 3, 4, 6, 7, 8, 10, 11, 12, 15|
++++++++++++++++++++++
Trying improving 8, 10, 9, 13 with subs:
Root to change : 8 with colors |1, 3, 5, 6, 9, 10, 12, 13, 14, 15|
Root to change : 10 with colors |3, 4, 6, 7, 8, 11, 13, 15|
Root to change : 13 with colors |3, 4, 5, 6, 9, 10, 15|
++++++++++++++++++++++
Trying improving 8, 10, 9, 14 with subs:
Root to change : 8 with colors |1, 3, 5, 6, 9, 10, 12, 13, 14, 15|
Root to change : 9 with colors |1, 3, 5, 7, 10, 12, 14|
Root to change : 14 with colors |3, 4, 5, 6, 9, 10, 15|
++++++++++++++++++++++
Trying improving 8, 10, 10, 13 with subs:
Root to change : 8 with colors |1, 3, 5, 6, 9, 10, 12, 13, 14, 15|
Root to change : 13 with colors |1, 3, 5, 6, 8, 9, 10, 12, 14, 15|
++++++++++++++++++++++
Trying improving 8, 10, 13, 13 with subs:
Root to change : 8 with colors |1, 3, 5, 6, 9, 10, 12, 13, 14, 15|
Root to change : 10 with colors |1, 3, 4, 6, 7, 8, 11, 12, 13, 15|
++++++++++++++++++++++
Trying improving 8, 10, 13, 14 with subs:
Root to change : 8 with colors |1, 3, 5, 6, 9, 10, 12, 13, 14, 15|
Root to change : 10 with colors |1, 3, 4, 7, 8, 11, 12, 13|
Root to change : 13 with colors |1, 3, 5, 7, 10, 12, 14|
++++++++++++++++++++++
Trying improving 8, 12, 9, 13 with subs:
Root to change : 8 with colors |1, 3, 5, 7, 10, 12, 14|
Root to change : 12 with colors |3, 4, 6, 7, 8, 11, 13, 15|
Root to change : 9 with colors |1, 2, 3, 4, 7, 8, 13, 14|
Root to change : 13 with colors |3, 4, 5, 6, 9, 10, 15|
++++++++++++++++++++++
Trying improving 8, 12, 9, 14 with subs:
Root to change : 8 with colors |1, 3, 5, 7, 10, 11, 12, 14, 15|
Root to change : 9 with colors |1, 2, 3, 5, 7, 10, 12, 13, 14|
Root to change : 14 with colors |3, 4, 5, 6, 9, 10, 15|
++++++++++++++++++++++
Trying improving 8, 12, 10, 13 with subs:
Root to change : 8 with colors |1, 3, 5, 7, 10, 12, 14|
Root to change : 10 with colors |1, 2, 3, 4, 7, 8, 13, 14|
Root to change : 13 with colors |1, 3, 5, 6, 8, 9, 10, 12, 14, 15|
++++++++++++++++++++++
Trying improving 8, 13, 3, 10 with subs:
Root to change : 8 with colors |1, 2, 3, 4, 6, 7, 9, 10, 13, 14|
Root to change : 13 with colors |1, 3, 4, 6, 7, 8, 10, 11, 12, 15|
Root to change : 10 with colors |3, 4, 7, 8, 9, 12, 13, 14, 15|
++++++++++++++++++++++
Trying improving 8, 13, 8, 10 with subs:
Root to change : 13 with colors |1, 3, 4, 6, 7, 8, 10, 11, 12, 15|
Root to change : 10 with colors |1, 3, 4, 6, 7, 8, 11, 12, 13, 15|
++++++++++++++++++++++
Trying improving 8, 13, 9, 10 with subs:
Root to change : 8 with colors |1, 2, 3, 4, 6, 7, 9, 10, 13, 14|
Root to change : 13 with colors |3, 4, 6, 8, 10, 11, 12, 15|
Root to change : 10 with colors |2, 3, 4, 6, 9, 13, 15|
++++++++++++++++++++++
Trying improving 8, 13, 9, 14 with subs:
Root to change : 8 with colors |1, 2, 3, 4, 6, 7, 9, 10, 13, 14|
Root to change : 9 with colors |1, 2, 3, 7, 12, 13, 14|
Root to change : 14 with colors |2, 3, 4, 6, 9, 13, 15|
++++++++++++++++++++++
Trying improving 8, 13, 10, 10 with subs:
Root to change : 8 with colors |1, 2, 3, 4, 6, 7, 9, 10, 13, 14|
Root to change : 13 with colors |1, 3, 4, 6, 7, 8, 10, 11, 12, 15|
++++++++++++++++++++++
Trying improving 8, 13, 10, 12 with subs:
Root to change : 8 with colors |1, 2, 3, 7, 9, 10, 13, 14|
Root to change : 13 with colors |1, 3, 4, 6, 7, 8, 10, 11, 12, 15|
Root to change : 10 with colors |1, 3, 7, 8, 11, 12, 14|
++++++++++++++++++++++
Trying improving 8, 13, 10, 13 with subs:
Root to change : 8 with colors |1, 2, 3, 4, 6, 7, 9, 10, 13, 14|
Root to change : 10 with colors |1, 2, 3, 4, 6, 7, 8, 9, 13, 14|
++++++++++++++++++++++
Trying improving 8, 13, 10, 14 with subs:
Root to change : 8 with colors |1, 2, 3, 4, 6, 7, 9, 10, 13, 14|
Root to change : 13 with colors |1, 3, 7, 8, 10, 11, 12, 15|
Root to change : 10 with colors |1, 2, 3, 7, 12, 13, 14|
++++++++++++++++++++++
Trying improving 8, 13, 10, 15 with subs:
Root to change : 8 with colors |2, 3, 4, 6, 9, 10, 13, 14|
Root to change : 13 with colors |1, 3, 4, 6, 7, 8, 10, 11, 12, 15|
Root to change : 10 with colors |3, 4, 6, 8, 9, 11, 15|
++++++++++++++++++++++
Trying improving 8, 13, 12, 15 with subs:
Root to change : 13 with colors |1, 3, 4, 6, 7, 8, 10, 11, 12, 15|
Root to change : 12 with colors |3, 4, 6, 8, 9, 11, 15|
Root to change : 15 with colors |1, 3, 7, 8, 11, 12, 14|
++++++++++++++++++++++
Trying improving 8, 15, 9, 14 with subs:
Root to change : 8 with colors |3, 4, 5, 6, 9, 10, 11, 12, 15|
Root to change : 9 with colors |1, 3, 5, 7, 10, 12, 14|
Root to change : 14 with colors |2, 3, 4, 5, 6, 9, 10, 13, 15|
++++++++++++++++++++++
Trying improving 8, 15, 10, 13 with subs:
Root to change : 8 with colors |3, 4, 5, 6, 9, 10, 15|
Root to change : 10 with colors |2, 3, 4, 6, 7, 8, 9, 13|
Root to change : 13 with colors |1, 3, 5, 6, 8, 9, 10, 12, 14, 15|
++++++++++++++++++++++
Trying improving 8, 15, 13, 14 with subs:
Root to change : 8 with colors |3, 4, 5, 6, 9, 10, 15|
Root to change : 15 with colors |1, 3, 4, 7, 8, 11, 12, 13|
Root to change : 13 with colors |1, 3, 5, 7, 10, 12, 14|
Root to change : 14 with colors |2, 3, 4, 6, 7, 8, 9, 13|
++++++++++++++++++++++
Trying improving 9, 10, 4, 7 with subs:
Root to change : 10 with colors |2, 3, 4, 5, 6, 9, 13, 14, 15|
Root to change : 4 with colors |1, 2, 3, 7, 12, 13, 14|
Root to change : 7 with colors |2, 3, 4, 6, 8, 9, 11, 13, 15|
++++++++++++++++++++++
Trying improving 9, 10, 7, 8 with subs:
Root to change : 9 with colors |1, 3, 5, 8, 10, 12, 14, 15|
Root to change : 10 with colors |2, 3, 4, 6, 9, 13, 15|
Root to change : 7 with colors |3, 4, 6, 8, 10, 11, 12, 15|
Root to change : 8 with colors |1, 2, 3, 7, 12, 13, 14|
++++++++++++++++++++++
Trying improving 9, 10, 8, 13 with subs:
Root to change : 10 with colors |2, 3, 4, 6, 9, 13, 15|
Root to change : 8 with colors |1, 2, 3, 4, 6, 7, 9, 10, 13, 14|
Root to change : 13 with colors |3, 4, 6, 8, 10, 11, 12, 15|
++++++++++++++++++++++
Trying improving 9, 13, 8, 10 with subs:
Root to change : 13 with colors |3, 4, 5, 6, 9, 10, 15|
Root to change : 8 with colors |1, 3, 5, 6, 9, 10, 12, 13, 14, 15|
Root to change : 10 with colors |3, 4, 6, 7, 8, 11, 13, 15|
++++++++++++++++++++++
Trying improving 9, 13, 8, 12 with subs:
Root to change : 9 with colors |1, 2, 3, 4, 7, 8, 13, 14|
Root to change : 13 with colors |3, 4, 5, 6, 9, 10, 15|
Root to change : 8 with colors |1, 3, 5, 7, 10, 12, 14|
Root to change : 12 with colors |3, 4, 6, 7, 8, 11, 13, 15|
++++++++++++++++++++++
Trying improving 9, 13, 12, 15 with subs:
Root to change : 13 with colors |2, 3, 4, 5, 6, 9, 10, 14, 15|
Root to change : 12 with colors |3, 4, 5, 6, 8, 9, 10, 11, 15|
Root to change : 15 with colors |1, 3, 5, 7, 10, 12, 14|
++++++++++++++++++++++
Trying improving 9, 14, 3, 8 with subs:
Root to change : 9 with colors |1, 2, 3, 5, 7, 10, 12, 13, 14|
Root to change : 14 with colors |2, 3, 4, 5, 6, 9, 10, 13, 15|
Root to change : 8 with colors |3, 4, 7, 9, 10, 12, 13, 14, 15|
++++++++++++++++++++++
Trying improving 9, 14, 4, 8 with subs:
Root to change : 9 with colors |1, 2, 3, 7, 12, 13, 14|
Root to change : 14 with colors |2, 3, 4, 5, 6, 9, 10, 13, 15|
Root to change : 8 with colors |2, 3, 4, 6, 7, 9, 11, 13, 15|
++++++++++++++++++++++
Trying improving 9, 14, 7, 8 with subs:
Root to change : 9 with colors |1, 2, 3, 5, 7, 10, 12, 13, 14|
Root to change : 14 with colors |2, 3, 4, 6, 9, 13, 15|
Root to change : 8 with colors |1, 2, 3, 4, 7, 11, 12, 13, 14|
++++++++++++++++++++++
Trying improving 9, 14, 8, 8 with subs:
Root to change : 9 with colors |1, 2, 3, 5, 7, 10, 12, 13, 14|
Root to change : 14 with colors |2, 3, 4, 5, 6, 9, 10, 13, 15|
++++++++++++++++++++++
Trying improving 9, 14, 8, 10 with subs:
Root to change : 9 with colors |1, 3, 5, 7, 10, 12, 14|
Root to change : 14 with colors |3, 4, 5, 6, 9, 10, 15|
Root to change : 8 with colors |1, 3, 5, 6, 9, 10, 12, 13, 14, 15|
++++++++++++++++++++++
Trying improving 9, 14, 8, 12 with subs:
Root to change : 9 with colors |1, 2, 3, 5, 7, 10, 12, 13, 14|
Root to change : 14 with colors |3, 4, 5, 6, 9, 10, 15|
Root to change : 8 with colors |1, 3, 5, 7, 10, 11, 12, 14, 15|
++++++++++++++++++++++
Trying improving 9, 14, 8, 13 with subs:
Root to change : 9 with colors |1, 2, 3, 7, 12, 13, 14|
Root to change : 14 with colors |2, 3, 4, 6, 9, 13, 15|
Root to change : 8 with colors |1, 2, 3, 4, 6, 7, 9, 10, 13, 14|
++++++++++++++++++++++
Trying improving 9, 14, 8, 15 with subs:
Root to change : 9 with colors |1, 3, 5, 7, 10, 12, 14|
Root to change : 14 with colors |2, 3, 4, 5, 6, 9, 10, 13, 15|
Root to change : 8 with colors |3, 4, 5, 6, 9, 10, 11, 12, 15|
++++++++++++++++++++++
Trying improving 9, 15, 7, 12 with subs:
Root to change : 9 with colors |3, 4, 5, 6, 8, 10, 11, 12, 15|
Root to change : 15 with colors |2, 3, 5, 9, 10, 13, 14|
Root to change : 7 with colors |1, 3, 5, 8, 10, 11, 12, 14, 15|
Root to change : 12 with colors |2, 3, 4, 7, 8, 11, 13|
++++++++++++++++++++++
Trying improving 9, 15, 7, 14 with subs:
Root to change : 9 with colors |3, 5, 8, 10, 11, 12, 15|
Root to change : 15 with colors |2, 3, 4, 5, 6, 9, 10, 13, 14|
Root to change : 7 with colors |1, 2, 3, 5, 9, 10, 12, 13, 14|
Root to change : 14 with colors |2, 3, 4, 7, 8, 11, 13|
++++++++++++++++++++++
Trying improving 10, 10, 4, 7 with subs:
Root to change : 4 with colors |1, 2, 3, 7, 8, 11, 12, 13, 14|
Root to change : 7 with colors |2, 3, 4, 6, 8, 9, 11, 13, 15|
++++++++++++++++++++++
Trying improving 10, 10, 8, 13 with subs:
Root to change : 8 with colors |1, 2, 3, 4, 6, 7, 9, 10, 13, 14|
Root to change : 13 with colors |1, 3, 4, 6, 7, 8, 10, 11, 12, 15|
++++++++++++++++++++++
Trying improving 10, 12, 4, 7 with subs:
Root to change : 10 with colors |1, 3, 5, 7, 8, 11, 12, 14, 15|
Root to change : 4 with colors |1, 2, 3, 7, 8, 11, 12, 13, 14|
Root to change : 7 with colors |3, 4, 6, 8, 9, 11, 15|
++++++++++++++++++++++
Trying improving 10, 12, 4, 13 with subs:
Root to change : 10 with colors |1, 3, 7, 8, 11, 12, 14|
Root to change : 12 with colors |3, 5, 6, 9, 10, 13, 14, 15|
Root to change : 4 with colors |1, 2, 3, 7, 9, 10, 13, 14|
Root to change : 13 with colors |3, 4, 6, 8, 9, 11, 15|
++++++++++++++++++++++
Trying improving 10, 12, 8, 13 with subs:
Root to change : 10 with colors |1, 3, 7, 8, 11, 12, 14|
Root to change : 8 with colors |1, 2, 3, 7, 9, 10, 13, 14|
Root to change : 13 with colors |1, 3, 4, 6, 7, 8, 10, 11, 12, 15|
++++++++++++++++++++++
Trying improving 10, 13, 3, 8 with subs:
Root to change : 10 with colors |1, 2, 3, 4, 6, 7, 8, 9, 13, 14|
Root to change : 13 with colors |1, 3, 5, 6, 8, 9, 10, 12, 14, 15|
Root to change : 8 with colors |3, 4, 7, 9, 10, 12, 13, 14, 15|
++++++++++++++++++++++
Trying improving 10, 13, 4, 7 with subs:
Root to change : 10 with colors |1, 2, 3, 4, 6, 7, 8, 9, 13, 14|
Root to change : 4 with colors |1, 2, 3, 7, 12, 13, 14|
Root to change : 7 with colors |2, 3, 4, 6, 9, 13, 15|
++++++++++++++++++++++
Trying improving 10, 13, 4, 8 with subs:
Root to change : 10 with colors |1, 2, 3, 4, 6, 7, 8, 9, 13, 14|
Root to change : 13 with colors |3, 5, 6, 8, 9, 10, 12, 15|
Root to change : 8 with colors |2, 3, 4, 6, 9, 13, 15|
++++++++++++++++++++++
Trying improving 10, 13, 7, 8 with subs:
Root to change : 10 with colors |1, 2, 3, 4, 6, 7, 8, 9, 13, 14|
Root to change : 13 with colors |1, 3, 5, 8, 10, 12, 14, 15|
Root to change : 8 with colors |1, 2, 3, 7, 12, 13, 14|
++++++++++++++++++++++
Trying improving 10, 13, 8, 8 with subs:
Root to change : 10 with colors |1, 2, 3, 4, 6, 7, 8, 9, 13, 14|
Root to change : 13 with colors |1, 3, 5, 6, 8, 9, 10, 12, 14, 15|
++++++++++++++++++++++
Trying improving 10, 13, 8, 10 with subs:
Root to change : 13 with colors |1, 3, 5, 6, 8, 9, 10, 12, 14, 15|
Root to change : 8 with colors |1, 3, 5, 6, 9, 10, 12, 13, 14, 15|
++++++++++++++++++++++
Trying improving 10, 13, 8, 12 with subs:
Root to change : 10 with colors |1, 2, 3, 4, 7, 8, 13, 14|
Root to change : 13 with colors |1, 3, 5, 6, 8, 9, 10, 12, 14, 15|
Root to change : 8 with colors |1, 3, 5, 7, 10, 12, 14|
++++++++++++++++++++++
Trying improving 10, 13, 8, 13 with subs:
Root to change : 10 with colors |1, 2, 3, 4, 6, 7, 8, 9, 13, 14|
Root to change : 8 with colors |1, 2, 3, 4, 6, 7, 9, 10, 13, 14|
++++++++++++++++++++++
Trying improving 10, 13, 8, 15 with subs:
Root to change : 10 with colors |2, 3, 4, 6, 7, 8, 9, 13|
Root to change : 13 with colors |1, 3, 5, 6, 8, 9, 10, 12, 14, 15|
Root to change : 8 with colors |3, 4, 5, 6, 9, 10, 15|
++++++++++++++++++++++
Trying improving 10, 13, 12, 15 with subs:
Root to change : 13 with colors |1, 3, 5, 6, 8, 9, 10, 12, 14, 15|
Root to change : 12 with colors |3, 4, 5, 6, 9, 10, 15|
Root to change : 15 with colors |1, 3, 5, 7, 10, 12, 14|
++++++++++++++++++++++
Trying improving 10, 14, 4, 7 with subs:
Root to change : 10 with colors |1, 2, 3, 5, 7, 9, 12, 13, 14|
Root to change : 4 with colors |1, 2, 3, 7, 8, 11, 12, 13, 14|
Root to change : 7 with colors |2, 3, 4, 6, 9, 13, 15|
++++++++++++++++++++++
Trying improving 10, 14, 4, 8 with subs:
Root to change : 10 with colors |1, 2, 3, 7, 12, 13, 14|
Root to change : 14 with colors |3, 5, 6, 8, 9, 10, 12, 15|
Root to change : 4 with colors |1, 3, 7, 8, 10, 11, 12, 15|
Root to change : 8 with colors |2, 3, 4, 6, 9, 13, 15|
++++++++++++++++++++++
Trying improving 10, 14, 8, 13 with subs:
Root to change : 10 with colors |1, 2, 3, 7, 12, 13, 14|
Root to change : 8 with colors |1, 2, 3, 4, 6, 7, 9, 10, 13, 14|
Root to change : 13 with colors |1, 3, 7, 8, 10, 11, 12, 15|
++++++++++++++++++++++
Trying improving 10, 15, 4, 7 with subs:
Root to change : 10 with colors |3, 4, 5, 6, 8, 9, 11, 12, 15|
Root to change : 4 with colors |1, 3, 7, 8, 11, 12, 14|
Root to change : 7 with colors |2, 3, 4, 6, 8, 9, 11, 13, 15|
++++++++++++++++++++++
Trying improving 10, 15, 7, 13 with subs:
Root to change : 10 with colors |3, 4, 6, 8, 9, 11, 15|
Root to change : 15 with colors |1, 3, 5, 9, 10, 12, 13, 14|
Root to change : 7 with colors |2, 3, 4, 6, 9, 10, 13, 14|
Root to change : 13 with colors |1, 3, 7, 8, 11, 12, 14|
++++++++++++++++++++++
Trying improving 10, 15, 8, 13 with subs:
Root to change : 10 with colors |3, 4, 6, 8, 9, 11, 15|
Root to change : 8 with colors |2, 3, 4, 6, 9, 10, 13, 14|
Root to change : 13 with colors |1, 3, 4, 6, 7, 8, 10, 11, 12, 15|
++++++++++++++++++++++
Trying improving 12, 14, 4, 9 with subs:
Root to change : 12 with colors |1, 2, 3, 5, 7, 9, 10, 13, 14|
Root to change : 14 with colors |3, 5, 8, 10, 11, 12, 15|
Root to change : 4 with colors |2, 3, 5, 6, 9, 10, 13, 14, 15|
Root to change : 9 with colors |2, 3, 4, 7, 8, 11, 13|
++++++++++++++++++++++
Trying improving 12, 14, 4, 15 with subs:
Root to change : 12 with colors |2, 3, 5, 9, 10, 13, 14|
Root to change : 14 with colors |1, 3, 5, 7, 8, 10, 11, 12, 15|
Root to change : 4 with colors |3, 5, 6, 8, 9, 10, 11, 12, 15|
Root to change : 15 with colors |2, 3, 4, 7, 8, 11, 13|
++++++++++++++++++++++
Trying improving 12, 15, 3, 13 with subs:
Root to change : 12 with colors |3, 4, 5, 6, 8, 9, 10, 11, 15|
Root to change : 15 with colors |1, 3, 5, 7, 8, 10, 11, 12, 14|
Root to change : 13 with colors |3, 4, 7, 8, 9, 10, 12, 14, 15|
++++++++++++++++++++++
Trying improving 12, 15, 4, 13 with subs:
Root to change : 12 with colors |3, 4, 5, 6, 8, 9, 10, 11, 15|
Root to change : 15 with colors |1, 3, 7, 8, 11, 12, 14|
Root to change : 13 with colors |2, 3, 4, 6, 7, 8, 9, 11, 15|
++++++++++++++++++++++
Trying improving 12, 15, 7, 13 with subs:
Root to change : 12 with colors |3, 4, 6, 8, 9, 11, 15|
Root to change : 15 with colors |1, 3, 5, 7, 8, 10, 11, 12, 14|
Root to change : 13 with colors |1, 2, 3, 4, 7, 8, 11, 12, 14|
++++++++++++++++++++++
Trying improving 12, 15, 8, 13 with subs:
Root to change : 12 with colors |3, 4, 6, 8, 9, 11, 15|
Root to change : 15 with colors |1, 3, 7, 8, 11, 12, 14|
Root to change : 13 with colors |1, 3, 4, 6, 7, 8, 10, 11, 12, 15|
++++++++++++++++++++++
Trying improving 12, 15, 9, 13 with subs:
Root to change : 12 with colors |3, 4, 5, 6, 8, 9, 10, 11, 15|
Root to change : 15 with colors |1, 3, 5, 7, 10, 12, 14|
Root to change : 13 with colors |2, 3, 4, 5, 6, 9, 10, 14, 15|
++++++++++++++++++++++
Trying improving 12, 15, 10, 13 with subs:
Root to change : 12 with colors |3, 4, 5, 6, 9, 10, 15|
Root to change : 15 with colors |1, 3, 5, 7, 10, 12, 14|
Root to change : 13 with colors |1, 3, 5, 6, 8, 9, 10, 12, 14, 15|
++++++++++++++++++++++
Trying improving 12, 15, 13, 13 with subs:
Root to change : 12 with colors |3, 4, 5, 6, 8, 9, 10, 11, 15|
Root to change : 15 with colors |1, 3, 5, 7, 8, 10, 11, 12, 14|
++++++++++++++++++++++
Trying improving 12, 15, 13, 14 with subs:
Root to change : 12 with colors |3, 4, 5, 6, 9, 10, 15|
Root to change : 15 with colors |1, 3, 5, 7, 8, 10, 11, 12, 14|
Root to change : 13 with colors |1, 2, 3, 5, 7, 9, 10, 12, 14|
++++++++++++++++++++++
Trying improving 13, 13, 8, 10 with subs:
Root to change : 8 with colors |1, 3, 5, 6, 9, 10, 12, 13, 14, 15|
Root to change : 10 with colors |1, 3, 4, 6, 7, 8, 11, 12, 13, 15|
++++++++++++++++++++++
Trying improving 13, 13, 12, 15 with subs:
Root to change : 12 with colors |3, 4, 5, 6, 8, 9, 10, 11, 15|
Root to change : 15 with colors |1, 3, 5, 7, 8, 10, 11, 12, 14|
++++++++++++++++++++++
Trying improving 13, 14, 8, 10 with subs:
Root to change : 13 with colors |1, 3, 5, 7, 10, 12, 14|
Root to change : 8 with colors |1, 3, 5, 6, 9, 10, 12, 13, 14, 15|
Root to change : 10 with colors |1, 3, 4, 7, 8, 11, 12, 13|
++++++++++++++++++++++
Trying improving 13, 14, 8, 15 with subs:
Root to change : 13 with colors |1, 3, 5, 7, 10, 12, 14|
Root to change : 14 with colors |2, 3, 4, 6, 7, 8, 9, 13|
Root to change : 8 with colors |3, 4, 5, 6, 9, 10, 15|
Root to change : 15 with colors |1, 3, 4, 7, 8, 11, 12, 13|
++++++++++++++++++++++
Trying improving 13, 14, 12, 15 with subs:
Root to change : 13 with colors |1, 2, 3, 5, 7, 9, 10, 12, 14|
Root to change : 12 with colors |3, 4, 5, 6, 9, 10, 15|
Root to change : 15 with colors |1, 3, 5, 7, 8, 10, 11, 12, 14|
++++++++++++++++++++++
Unable to be solved with SubSubProblem
