Trying substitutions to: 2
with goodVertices 3, 4, 5, 7, 9, 11, 12, 14, 15
bad color to improve: 3  12  with index 54
bad color to improve: 3  15  with index 57
bad color to improve: 8  10  with index 102
bad color to improve: 12  15  with index 129
4 bad colorings on level 1
bad coloring on level 2  |4, 9, 1, 1|
bad coloring on level 2  |6, 13, 1, 1|
bad coloring on level 2  |4, 9, 1, 2|
bad coloring on level 2  |6, 13, 1, 2|
bad coloring on level 2  |4, 9, 1, 5|
bad coloring on level 2  |4, 13, 1, 5|
bad coloring on level 2  |6, 13, 1, 5|
bad coloring on level 2  |1, 13, 1, 6|
bad coloring on level 2  |2, 13, 1, 6|
bad coloring on level 2  |4, 9, 1, 6|
bad coloring on level 2  |4, 13, 1, 6|
bad coloring on level 2  |6, 13, 1, 6|
bad coloring on level 2  |7, 13, 1, 6|
bad coloring on level 2  |7, 14, 1, 6|
bad coloring on level 2  |9, 13, 1, 6|
bad coloring on level 2  |13, 13, 1, 6|
bad coloring on level 2  |13, 14, 1, 6|
bad coloring on level 2  |4, 9, 1, 7|
bad coloring on level 2  |6, 9, 1, 7|
bad coloring on level 2  |6, 13, 1, 7|
bad coloring on level 2  |4, 9, 1, 11|
bad coloring on level 2  |6, 13, 1, 11|
bad coloring on level 2  |9, 13, 1, 11|
bad coloring on level 2  |1, 6, 1, 13|
bad coloring on level 2  |2, 6, 1, 13|
bad coloring on level 2  |4, 6, 1, 13|
bad coloring on level 2  |4, 9, 1, 13|
bad coloring on level 2  |5, 6, 1, 13|
bad coloring on level 2  |5, 11, 1, 13|
bad coloring on level 2  |6, 6, 1, 13|
bad coloring on level 2  |6, 9, 1, 13|
bad coloring on level 2  |6, 11, 1, 13|
bad coloring on level 2  |6, 13, 1, 13|
bad coloring on level 2  |4, 6, 1, 14|
bad coloring on level 2  |4, 9, 1, 14|
bad coloring on level 2  |6, 13, 1, 14|
bad coloring on level 2  |1, 13, 2, 6|
bad coloring on level 2  |7, 14, 2, 6|
bad coloring on level 2  |1, 6, 2, 13|
bad coloring on level 2  |5, 11, 2, 13|
bad coloring on level 2  |1, 13, 4, 6|
bad coloring on level 2  |1, 14, 4, 6|
bad coloring on level 2  |7, 14, 4, 6|
bad coloring on level 2  |5, 9, 4, 7|
bad coloring on level 2  |5, 14, 4, 7|
bad coloring on level 2  |1, 1, 4, 9|
bad coloring on level 2  |1, 2, 4, 9|
bad coloring on level 2  |1, 5, 4, 9|
bad coloring on level 2  |1, 6, 4, 9|
bad coloring on level 2  |1, 7, 4, 9|
bad coloring on level 2  |1, 11, 4, 9|
bad coloring on level 2  |1, 13, 4, 9|
bad coloring on level 2  |1, 14, 4, 9|
bad coloring on level 2  |5, 14, 4, 11|
bad coloring on level 2  |9, 14, 4, 11|
bad coloring on level 2  |1, 5, 4, 13|
bad coloring on level 2  |1, 6, 4, 13|
bad coloring on level 2  |5, 11, 4, 13|
bad coloring on level 2  |1, 13, 5, 6|
bad coloring on level 2  |7, 13, 5, 6|
bad coloring on level 2  |7, 14, 5, 6|
bad coloring on level 2  |4, 7, 5, 9|
bad coloring on level 2  |7, 11, 5, 9|
bad coloring on level 2  |1, 13, 5, 11|
bad coloring on level 2  |2, 13, 5, 11|
bad coloring on level 2  |4, 13, 5, 11|
bad coloring on level 2  |6, 13, 5, 11|
bad coloring on level 2  |7, 13, 5, 11|
bad coloring on level 2  |9, 13, 5, 11|
bad coloring on level 2  |13, 13, 5, 11|
bad coloring on level 2  |13, 14, 5, 11|
bad coloring on level 2  |4, 7, 5, 14|
bad coloring on level 2  |4, 11, 5, 14|
bad coloring on level 2  |1, 13, 6, 6|
bad coloring on level 2  |7, 14, 6, 6|
bad coloring on level 2  |1, 7, 6, 9|
bad coloring on level 2  |1, 13, 6, 9|
bad coloring on level 2  |7, 14, 6, 9|
bad coloring on level 2  |1, 13, 6, 11|
bad coloring on level 2  |7, 14, 6, 11|
bad coloring on level 2  |13, 14, 6, 11|
bad coloring on level 2  |1, 1, 6, 13|
bad coloring on level 2  |1, 2, 6, 13|
bad coloring on level 2  |1, 5, 6, 13|
bad coloring on level 2  |1, 6, 6, 13|
bad coloring on level 2  |1, 7, 6, 13|
bad coloring on level 2  |1, 11, 6, 13|
bad coloring on level 2  |1, 13, 6, 13|
bad coloring on level 2  |1, 14, 6, 13|
bad coloring on level 2  |5, 11, 6, 13|
bad coloring on level 2  |7, 14, 6, 13|
bad coloring on level 2  |5, 9, 7, 11|
bad coloring on level 2  |9, 14, 7, 11|
bad coloring on level 2  |1, 6, 7, 13|
bad coloring on level 2  |5, 6, 7, 13|
bad coloring on level 2  |5, 11, 7, 13|
bad coloring on level 2  |1, 6, 7, 14|
bad coloring on level 2  |2, 6, 7, 14|
bad coloring on level 2  |4, 6, 7, 14|
bad coloring on level 2  |5, 6, 7, 14|
bad coloring on level 2  |6, 6, 7, 14|
bad coloring on level 2  |6, 9, 7, 14|
bad coloring on level 2  |6, 11, 7, 14|
bad coloring on level 2  |6, 13, 7, 14|
bad coloring on level 2  |1, 6, 9, 13|
bad coloring on level 2  |1, 11, 9, 13|
bad coloring on level 2  |5, 11, 9, 13|
bad coloring on level 2  |4, 11, 9, 14|
bad coloring on level 2  |7, 11, 9, 14|
bad coloring on level 2  |1, 6, 13, 13|
bad coloring on level 2  |5, 11, 13, 13|
bad coloring on level 2  |1, 6, 13, 14|
bad coloring on level 2  |5, 11, 13, 14|
bad coloring on level 2  |6, 11, 13, 14|

114 bad colorings on level 2
Sub sub problem :
Trying improving 1, 1, 4, 9 with subs:
Root to change : 4 with colors |2, 3, 5, 6, 9, 10, 13, 14, 15|
Root to change : 9 with colors |2, 3, 4, 6, 7, 8, 11, 13, 15|
++++++++++++++++++++++
Trying improving 1, 1, 6, 13 with subs:
Root to change : 6 with colors |1, 2, 3, 4, 7, 8, 9, 10, 13, 14|
Root to change : 13 with colors |1, 2, 4, 5, 6, 8, 9, 10, 11, 15|
++++++++++++++++++++++
Trying improving 1, 2, 4, 9 with subs:
Root to change : 1 with colors |2, 4, 5, 6, 7, 9, 11, 13, 14|
Root to change : 4 with colors |2, 3, 5, 6, 9, 10, 13, 14, 15|
Root to change : 9 with colors |2, 3, 4, 6, 7, 8, 11, 13, 15|
++++++++++++++++++++++
Trying improving 1, 2, 6, 13 with subs:
Root to change : 1 with colors |2, 4, 5, 6, 7, 9, 11, 13, 14|
Root to change : 6 with colors |1, 2, 3, 4, 7, 8, 9, 10, 13, 14|
Root to change : 13 with colors |1, 2, 4, 5, 6, 8, 9, 10, 11, 15|
++++++++++++++++++++++
Trying improving 1, 5, 4, 9 with subs:
Root to change : 1 with colors |2, 5, 6, 9, 10, 11, 12, 14, 15|
Root to change : 4 with colors |2, 3, 5, 6, 9, 10, 13, 14, 15|
Root to change : 9 with colors |2, 4, 6, 7, 8, 11, 15|
++++++++++++++++++++++
Trying improving 1, 5, 4, 13 with subs:
Root to change : 1 with colors |2, 5, 6, 9, 10, 14, 15|
Root to change : 5 with colors |1, 2, 7, 8, 11, 12, 13, 14|
Root to change : 4 with colors |1, 2, 3, 7, 9, 10, 13, 14|
Root to change : 13 with colors |2, 4, 6, 7, 8, 11, 15|
++++++++++++++++++++++
Trying improving 1, 5, 6, 13 with subs:
Root to change : 1 with colors |2, 5, 6, 9, 10, 14, 15|
Root to change : 6 with colors |1, 2, 3, 7, 9, 10, 13, 14|
Root to change : 13 with colors |1, 2, 4, 5, 6, 8, 9, 10, 11, 15|
++++++++++++++++++++++
Trying improving 1, 6, 1, 13 with subs:
Root to change : 6 with colors |1, 2, 5, 7, 8, 10, 11, 12, 13, 14|
Root to change : 13 with colors |1, 2, 5, 6, 7, 8, 10, 11, 12, 14|
++++++++++++++++++++++
Trying improving 1, 6, 2, 13 with subs:
Root to change : 1 with colors |2, 4, 5, 6, 8, 9, 10, 11, 13, 15|
Root to change : 6 with colors |1, 2, 5, 7, 8, 10, 11, 12, 13, 14|
Root to change : 13 with colors |1, 2, 4, 5, 6, 7, 9, 11, 14|
++++++++++++++++++++++
Trying improving 1, 6, 4, 9 with subs:
Root to change : 1 with colors |2, 4, 5, 6, 8, 9, 10, 11, 13, 15|
Root to change : 4 with colors |2, 5, 6, 9, 10, 14, 15|
Root to change : 9 with colors |2, 4, 6, 7, 8, 11, 15|
++++++++++++++++++++++
Trying improving 1, 6, 4, 13 with subs:
Root to change : 1 with colors |2, 4, 5, 6, 8, 9, 10, 11, 13, 15|
Root to change : 6 with colors |1, 2, 7, 8, 11, 12, 13, 14|
Root to change : 13 with colors |2, 4, 6, 7, 8, 11, 15|
++++++++++++++++++++++
Trying improving 1, 6, 6, 13 with subs:
Root to change : 1 with colors |2, 4, 5, 6, 8, 9, 10, 11, 13, 15|
Root to change : 13 with colors |1, 2, 4, 5, 6, 8, 9, 10, 11, 15|
++++++++++++++++++++++
Trying improving 1, 6, 7, 13 with subs:
Root to change : 1 with colors |2, 4, 6, 8, 9, 11, 13, 15|
Root to change : 6 with colors |1, 2, 5, 7, 8, 10, 11, 12, 13, 14|
Root to change : 13 with colors |1, 2, 4, 7, 8, 11, 12|
++++++++++++++++++++++
Trying improving 1, 6, 7, 14 with subs:
Root to change : 6 with colors |1, 2, 5, 7, 8, 10, 11, 12, 13, 14|
Root to change : 7 with colors |1, 2, 5, 9, 10, 12, 14|
Root to change : 14 with colors |1, 2, 4, 7, 8, 11, 12|
++++++++++++++++++++++
Trying improving 1, 6, 9, 13 with subs:
Root to change : 1 with colors |2, 4, 5, 6, 8, 9, 10, 11, 13, 15|
Root to change : 6 with colors |1, 2, 5, 7, 10, 12, 13, 14|
Root to change : 13 with colors |2, 5, 6, 9, 10, 14, 15|
++++++++++++++++++++++
Trying improving 1, 6, 13, 13 with subs:
Root to change : 1 with colors |2, 4, 5, 6, 8, 9, 10, 11, 13, 15|
Root to change : 6 with colors |1, 2, 5, 7, 8, 10, 11, 12, 13, 14|
++++++++++++++++++++++
Trying improving 1, 6, 13, 14 with subs:
Root to change : 1 with colors |2, 4, 5, 6, 9, 10, 13, 15|
Root to change : 6 with colors |1, 2, 5, 7, 8, 10, 11, 12, 13, 14|
Root to change : 13 with colors |1, 2, 5, 9, 10, 12, 14|
++++++++++++++++++++++
Trying improving 1, 7, 4, 9 with subs:
Root to change : 1 with colors |2, 3, 4, 7, 8, 11, 12, 13, 14|
Root to change : 4 with colors |2, 3, 5, 9, 10, 13, 14|
Root to change : 9 with colors |2, 3, 4, 6, 7, 8, 11, 13, 15|
++++++++++++++++++++++
Trying improving 1, 7, 6, 9 with subs:
Root to change : 1 with colors |2, 3, 4, 7, 8, 11, 13|
Root to change : 7 with colors |1, 2, 5, 6, 10, 11, 12, 14|
Root to change : 6 with colors |2, 3, 5, 9, 10, 13, 14|
Root to change : 9 with colors |1, 2, 4, 5, 6, 8, 11, 15|
++++++++++++++++++++++
Trying improving 1, 7, 6, 13 with subs:
Root to change : 1 with colors |2, 3, 4, 7, 8, 11, 13|
Root to change : 6 with colors |1, 2, 3, 4, 7, 8, 9, 10, 13, 14|
Root to change : 13 with colors |1, 2, 4, 5, 6, 8, 11, 15|
++++++++++++++++++++++
Trying improving 1, 11, 4, 9 with subs:
Root to change : 1 with colors |2, 4, 5, 6, 7, 8, 11, 12, 15|
Root to change : 4 with colors |2, 5, 6, 9, 10, 14, 15|
Root to change : 9 with colors |2, 3, 4, 6, 7, 8, 11, 13, 15|
++++++++++++++++++++++
Trying improving 1, 11, 6, 13 with subs:
Root to change : 1 with colors |2, 4, 6, 7, 8, 11, 15|
Root to change : 6 with colors |1, 2, 3, 4, 7, 8, 13, 14|
Root to change : 13 with colors |1, 2, 4, 5, 6, 8, 9, 10, 11, 15|
++++++++++++++++++++++
Trying improving 1, 11, 9, 13 with subs:
Root to change : 1 with colors |2, 4, 6, 7, 8, 11, 15|
Root to change : 11 with colors |1, 2, 5, 7, 10, 12, 13, 14|
Root to change : 9 with colors |1, 2, 3, 4, 7, 8, 13, 14|
Root to change : 13 with colors |2, 5, 6, 9, 10, 14, 15|
++++++++++++++++++++++
Trying improving 1, 13, 1, 6 with subs:
Root to change : 13 with colors |1, 2, 5, 6, 7, 8, 10, 11, 12, 14|
Root to change : 6 with colors |1, 2, 5, 7, 8, 10, 11, 12, 13, 14|
++++++++++++++++++++++
Trying improving 1, 13, 2, 6 with subs:
Root to change : 1 with colors |2, 3, 4, 6, 7, 8, 9, 10, 13, 14|
Root to change : 13 with colors |1, 2, 5, 6, 7, 8, 10, 11, 12, 14|
Root to change : 6 with colors |1, 2, 4, 5, 7, 9, 11, 13, 14|
++++++++++++++++++++++
Trying improving 1, 13, 4, 6 with subs:
Root to change : 1 with colors |2, 3, 4, 6, 7, 8, 9, 10, 13, 14|
Root to change : 13 with colors |1, 2, 5, 6, 7, 8, 11, 12|
Root to change : 6 with colors |2, 3, 4, 7, 8, 11, 13|
++++++++++++++++++++++
Trying improving 1, 13, 4, 9 with subs:
Root to change : 1 with colors |2, 3, 4, 6, 7, 8, 9, 10, 13, 14|
Root to change : 4 with colors |2, 3, 5, 9, 10, 13, 14|
Root to change : 9 with colors |2, 3, 4, 7, 8, 11, 13|
++++++++++++++++++++++
Trying improving 1, 13, 5, 6 with subs:
Root to change : 1 with colors |2, 3, 4, 6, 9, 10, 13, 14|
Root to change : 13 with colors |1, 2, 5, 6, 7, 8, 10, 11, 12, 14|
Root to change : 6 with colors |1, 2, 5, 9, 10, 12, 14|
++++++++++++++++++++++
Trying improving 1, 13, 5, 11 with subs:
Root to change : 13 with colors |1, 2, 5, 6, 7, 8, 10, 11, 12, 14|
Root to change : 5 with colors |1, 2, 4, 7, 8, 11, 12|
Root to change : 11 with colors |1, 2, 5, 9, 10, 12, 14|
++++++++++++++++++++++
Trying improving 1, 13, 6, 6 with subs:
Root to change : 1 with colors |2, 3, 4, 6, 7, 8, 9, 10, 13, 14|
Root to change : 13 with colors |1, 2, 5, 6, 7, 8, 10, 11, 12, 14|
++++++++++++++++++++++
Trying improving 1, 13, 6, 9 with subs:
Root to change : 1 with colors |2, 3, 4, 6, 7, 8, 9, 10, 13, 14|
Root to change : 13 with colors |1, 2, 5, 6, 10, 11, 12, 14|
Root to change : 6 with colors |2, 3, 5, 9, 10, 13, 14|
++++++++++++++++++++++
Trying improving 1, 13, 6, 11 with subs:
Root to change : 1 with colors |2, 3, 4, 6, 7, 8, 9, 13|
Root to change : 13 with colors |1, 2, 5, 6, 7, 8, 10, 11, 12, 14|
Root to change : 6 with colors |1, 2, 4, 7, 8, 11, 12|
++++++++++++++++++++++
Trying improving 1, 13, 6, 13 with subs:
Root to change : 1 with colors |2, 3, 4, 6, 7, 8, 9, 10, 13, 14|
Root to change : 6 with colors |1, 2, 3, 4, 7, 8, 9, 10, 13, 14|
++++++++++++++++++++++
Trying improving 1, 14, 4, 6 with subs:
Root to change : 1 with colors |2, 3, 5, 9, 10, 13, 14|
Root to change : 14 with colors |1, 2, 5, 6, 7, 8, 11, 12|
Root to change : 4 with colors |1, 2, 5, 6, 9, 10, 11, 15|
Root to change : 6 with colors |2, 3, 4, 7, 8, 11, 13|
++++++++++++++++++++++
Trying improving 1, 14, 4, 9 with subs:
Root to change : 1 with colors |2, 3, 5, 7, 9, 10, 12, 13, 14|
Root to change : 4 with colors |2, 3, 5, 6, 9, 10, 13, 14, 15|
Root to change : 9 with colors |2, 3, 4, 7, 8, 11, 13|
++++++++++++++++++++++
Trying improving 1, 14, 6, 13 with subs:
Root to change : 1 with colors |2, 3, 5, 9, 10, 13, 14|
Root to change : 6 with colors |1, 2, 3, 4, 7, 8, 9, 10, 13, 14|
Root to change : 13 with colors |1, 2, 5, 6, 9, 10, 11, 15|
++++++++++++++++++++++
Trying improving 2, 6, 1, 13 with subs:
Root to change : 6 with colors |1, 2, 4, 5, 7, 9, 11, 13, 14|
Root to change : 1 with colors |2, 3, 4, 6, 7, 8, 9, 10, 13, 14|
Root to change : 13 with colors |1, 2, 5, 6, 7, 8, 10, 11, 12, 14|
++++++++++++++++++++++
Trying improving 2, 6, 7, 14 with subs:
Root to change : 6 with colors |1, 2, 4, 5, 7, 9, 11, 13, 14|
Root to change : 7 with colors |1, 2, 3, 5, 9, 10, 12, 13, 14|
Root to change : 14 with colors |1, 2, 3, 4, 7, 8, 11, 12, 13|
++++++++++++++++++++++
Trying improving 2, 13, 1, 6 with subs:
Root to change : 13 with colors |1, 2, 4, 5, 6, 7, 9, 11, 14|
Root to change : 1 with colors |2, 4, 5, 6, 8, 9, 10, 11, 13, 15|
Root to change : 6 with colors |1, 2, 5, 7, 8, 10, 11, 12, 13, 14|
++++++++++++++++++++++
Trying improving 2, 13, 5, 11 with subs:
Root to change : 13 with colors |1, 2, 4, 5, 6, 7, 9, 11, 14|
Root to change : 5 with colors |1, 2, 4, 6, 7, 8, 11, 12, 15|
Root to change : 11 with colors |1, 2, 5, 6, 9, 10, 12, 14, 15|
++++++++++++++++++++++
Trying improving 4, 6, 1, 13 with subs:
Root to change : 6 with colors |2, 3, 4, 7, 8, 11, 13|
Root to change : 1 with colors |2, 3, 4, 6, 7, 8, 9, 10, 13, 14|
Root to change : 13 with colors |1, 2, 5, 6, 7, 8, 11, 12|
++++++++++++++++++++++
Trying improving 4, 6, 1, 14 with subs:
Root to change : 4 with colors |1, 2, 5, 6, 9, 10, 11, 15|
Root to change : 6 with colors |2, 3, 4, 7, 8, 11, 13|
Root to change : 1 with colors |2, 3, 5, 9, 10, 13, 14|
Root to change : 14 with colors |1, 2, 5, 6, 7, 8, 11, 12|
++++++++++++++++++++++
Trying improving 4, 6, 7, 14 with subs:
Root to change : 6 with colors |2, 3, 4, 7, 8, 9, 11, 13, 15|
Root to change : 7 with colors |2, 3, 5, 9, 10, 13, 14|
Root to change : 14 with colors |1, 2, 3, 4, 7, 8, 11, 12, 13|
++++++++++++++++++++++
Trying improving 4, 7, 5, 9 with subs:
Root to change : 4 with colors |1, 2, 3, 7, 12, 13, 14|
Root to change : 7 with colors |2, 3, 4, 6, 8, 9, 11, 13, 15|
Root to change : 5 with colors |2, 3, 4, 6, 9, 10, 13, 14, 15|
Root to change : 9 with colors |1, 2, 5, 6, 11, 12, 15|
++++++++++++++++++++++
Trying improving 4, 7, 5, 14 with subs:
Root to change : 4 with colors |1, 2, 3, 7, 8, 11, 12, 13, 14|
Root to change : 7 with colors |2, 3, 4, 6, 9, 13, 15|
Root to change : 5 with colors |1, 2, 3, 7, 9, 10, 12, 13, 14|
Root to change : 14 with colors |1, 2, 5, 6, 11, 12, 15|
++++++++++++++++++++++
Trying improving 4, 9, 1, 1 with subs:
Root to change : 4 with colors |2, 3, 5, 6, 9, 10, 13, 14, 15|
Root to change : 9 with colors |2, 3, 4, 6, 7, 8, 11, 13, 15|
++++++++++++++++++++++
Trying improving 4, 9, 1, 2 with subs:
Root to change : 4 with colors |2, 3, 5, 6, 9, 10, 13, 14, 15|
Root to change : 9 with colors |2, 3, 4, 6, 7, 8, 11, 13, 15|
Root to change : 1 with colors |2, 4, 5, 6, 7, 9, 11, 13, 14|
++++++++++++++++++++++
Trying improving 4, 9, 1, 5 with subs:
Root to change : 4 with colors |2, 3, 5, 6, 9, 10, 13, 14, 15|
Root to change : 9 with colors |2, 4, 6, 7, 8, 11, 15|
Root to change : 1 with colors |2, 5, 6, 9, 10, 11, 12, 14, 15|
++++++++++++++++++++++
Trying improving 4, 9, 1, 6 with subs:
Root to change : 4 with colors |2, 5, 6, 9, 10, 14, 15|
Root to change : 9 with colors |2, 4, 6, 7, 8, 11, 15|
Root to change : 1 with colors |2, 4, 5, 6, 8, 9, 10, 11, 13, 15|
++++++++++++++++++++++
Trying improving 4, 9, 1, 7 with subs:
Root to change : 4 with colors |2, 3, 5, 9, 10, 13, 14|
Root to change : 9 with colors |2, 3, 4, 6, 7, 8, 11, 13, 15|
Root to change : 1 with colors |2, 3, 4, 7, 8, 11, 12, 13, 14|
++++++++++++++++++++++
Trying improving 4, 9, 1, 11 with subs:
Root to change : 4 with colors |2, 5, 6, 9, 10, 14, 15|
Root to change : 9 with colors |2, 3, 4, 6, 7, 8, 11, 13, 15|
Root to change : 1 with colors |2, 4, 5, 6, 7, 8, 11, 12, 15|
++++++++++++++++++++++
Trying improving 4, 9, 1, 13 with subs:
Root to change : 4 with colors |2, 3, 5, 9, 10, 13, 14|
Root to change : 9 with colors |2, 3, 4, 7, 8, 11, 13|
Root to change : 1 with colors |2, 3, 4, 6, 7, 8, 9, 10, 13, 14|
++++++++++++++++++++++
Trying improving 4, 9, 1, 14 with subs:
Root to change : 4 with colors |2, 3, 5, 6, 9, 10, 13, 14, 15|
Root to change : 9 with colors |2, 3, 4, 7, 8, 11, 13|
Root to change : 1 with colors |2, 3, 5, 7, 9, 10, 12, 13, 14|
++++++++++++++++++++++
Trying improving 4, 11, 5, 14 with subs:
Root to change : 4 with colors |1, 2, 5, 6, 7, 8, 11, 12, 15|
Root to change : 11 with colors |2, 3, 4, 6, 9, 13, 15|
Root to change : 5 with colors |1, 2, 3, 7, 12, 13, 14|
Root to change : 14 with colors |1, 2, 5, 6, 9, 10, 11, 12, 15|
++++++++++++++++++++++
Trying improving 4, 11, 9, 14 with subs:
Root to change : 4 with colors |1, 2, 5, 6, 11, 12, 15|
Root to change : 11 with colors |2, 3, 4, 6, 7, 8, 9, 13, 15|
Root to change : 9 with colors |1, 2, 3, 7, 12, 13, 14|
Root to change : 14 with colors |2, 3, 4, 5, 6, 9, 10, 13, 15|
++++++++++++++++++++++
Trying improving 4, 13, 1, 5 with subs:
Root to change : 4 with colors |1, 2, 3, 7, 9, 10, 13, 14|
Root to change : 13 with colors |2, 4, 6, 7, 8, 11, 15|
Root to change : 1 with colors |2, 5, 6, 9, 10, 14, 15|
Root to change : 5 with colors |1, 2, 7, 8, 11, 12, 13, 14|
++++++++++++++++++++++
Trying improving 4, 13, 1, 6 with subs:
Root to change : 13 with colors |2, 4, 6, 7, 8, 11, 15|
Root to change : 1 with colors |2, 4, 5, 6, 8, 9, 10, 11, 13, 15|
Root to change : 6 with colors |1, 2, 7, 8, 11, 12, 13, 14|
++++++++++++++++++++++
Trying improving 4, 13, 5, 11 with subs:
Root to change : 13 with colors |2, 3, 4, 6, 7, 8, 9, 11, 15|
Root to change : 5 with colors |1, 2, 4, 6, 7, 8, 11, 12, 15|
Root to change : 11 with colors |2, 5, 6, 9, 10, 14, 15|
++++++++++++++++++++++
Trying improving 5, 6, 1, 13 with subs:
Root to change : 6 with colors |1, 2, 5, 9, 10, 12, 14|
Root to change : 1 with colors |2, 3, 4, 6, 9, 10, 13, 14|
Root to change : 13 with colors |1, 2, 5, 6, 7, 8, 10, 11, 12, 14|
++++++++++++++++++++++
Trying improving 5, 6, 7, 13 with subs:
Root to change : 5 with colors |2, 4, 6, 8, 9, 11, 13, 15|
Root to change : 6 with colors |1, 2, 5, 9, 10, 12, 14|
Root to change : 7 with colors |2, 3, 4, 6, 9, 10, 13, 14|
Root to change : 13 with colors |1, 2, 4, 7, 8, 11, 12|
++++++++++++++++++++++
Trying improving 5, 6, 7, 14 with subs:
Root to change : 6 with colors |1, 2, 5, 9, 10, 11, 12, 14, 15|
Root to change : 7 with colors |1, 2, 3, 5, 9, 10, 12, 13, 14|
Root to change : 14 with colors |1, 2, 4, 7, 8, 11, 12|
++++++++++++++++++++++
Trying improving 5, 9, 4, 7 with subs:
Root to change : 5 with colors |2, 3, 4, 6, 9, 10, 13, 14, 15|
Root to change : 9 with colors |1, 2, 5, 6, 11, 12, 15|
Root to change : 4 with colors |1, 2, 3, 7, 12, 13, 14|
Root to change : 7 with colors |2, 3, 4, 6, 8, 9, 11, 13, 15|
++++++++++++++++++++++
Trying improving 5, 9, 7, 11 with subs:
Root to change : 5 with colors |2, 3, 4, 6, 9, 13, 15|
Root to change : 9 with colors |1, 2, 5, 6, 10, 11, 12, 14, 15|
Root to change : 7 with colors |1, 2, 4, 5, 6, 8, 11, 12, 15|
Root to change : 11 with colors |1, 2, 3, 7, 12, 13, 14|
++++++++++++++++++++++
Trying improving 5, 11, 1, 13 with subs:
Root to change : 5 with colors |1, 2, 4, 7, 8, 11, 12|
Root to change : 11 with colors |1, 2, 5, 9, 10, 12, 14|
Root to change : 13 with colors |1, 2, 5, 6, 7, 8, 10, 11, 12, 14|
++++++++++++++++++++++
Trying improving 5, 11, 2, 13 with subs:
Root to change : 5 with colors |1, 2, 4, 6, 7, 8, 11, 12, 15|
Root to change : 11 with colors |1, 2, 5, 6, 9, 10, 12, 14, 15|
Root to change : 13 with colors |1, 2, 4, 5, 6, 7, 9, 11, 14|
++++++++++++++++++++++
Trying improving 5, 11, 4, 13 with subs:
Root to change : 5 with colors |1, 2, 4, 6, 7, 8, 11, 12, 15|
Root to change : 11 with colors |2, 5, 6, 9, 10, 14, 15|
Root to change : 13 with colors |2, 3, 4, 6, 7, 8, 9, 11, 15|
++++++++++++++++++++++
Trying improving 5, 11, 6, 13 with subs:
Root to change : 5 with colors |2, 4, 6, 7, 8, 11, 15|
Root to change : 11 with colors |2, 5, 6, 9, 10, 14, 15|
Root to change : 13 with colors |1, 2, 4, 5, 6, 8, 9, 10, 11, 15|
++++++++++++++++++++++
Trying improving 5, 11, 7, 13 with subs:
Root to change : 5 with colors |1, 2, 4, 6, 7, 8, 11, 12, 15|
Root to change : 11 with colors |1, 2, 5, 9, 10, 12, 14|
Root to change : 13 with colors |1, 2, 3, 4, 7, 8, 11, 12, 14|
++++++++++++++++++++++
Trying improving 5, 11, 9, 13 with subs:
Root to change : 5 with colors |2, 4, 6, 7, 8, 11, 15|
Root to change : 11 with colors |1, 2, 5, 6, 9, 10, 12, 14, 15|
Root to change : 13 with colors |2, 3, 4, 5, 6, 9, 10, 14, 15|
++++++++++++++++++++++
Trying improving 5, 11, 13, 13 with subs:
Root to change : 5 with colors |1, 2, 4, 6, 7, 8, 11, 12, 15|
Root to change : 11 with colors |1, 2, 5, 6, 9, 10, 12, 14, 15|
++++++++++++++++++++++
Trying improving 5, 11, 13, 14 with subs:
Root to change : 5 with colors |1, 2, 4, 7, 8, 11, 12|
Root to change : 11 with colors |1, 2, 5, 6, 9, 10, 12, 14, 15|
Root to change : 13 with colors |1, 2, 3, 5, 7, 9, 10, 12, 14|
++++++++++++++++++++++
Trying improving 5, 14, 4, 7 with subs:
Root to change : 5 with colors |1, 2, 3, 7, 9, 10, 12, 13, 14|
Root to change : 14 with colors |1, 2, 5, 6, 11, 12, 15|
Root to change : 4 with colors |1, 2, 3, 7, 8, 11, 12, 13, 14|
Root to change : 7 with colors |2, 3, 4, 6, 9, 13, 15|
++++++++++++++++++++++
Trying improving 5, 14, 4, 11 with subs:
Root to change : 5 with colors |1, 2, 3, 7, 12, 13, 14|
Root to change : 14 with colors |1, 2, 5, 6, 9, 10, 11, 12, 15|
Root to change : 4 with colors |1, 2, 5, 6, 7, 8, 11, 12, 15|
Root to change : 11 with colors |2, 3, 4, 6, 9, 13, 15|
++++++++++++++++++++++
Trying improving 6, 6, 1, 13 with subs:
Root to change : 1 with colors |2, 3, 4, 6, 7, 8, 9, 10, 13, 14|
Root to change : 13 with colors |1, 2, 5, 6, 7, 8, 10, 11, 12, 14|
++++++++++++++++++++++
Trying improving 6, 6, 7, 14 with subs:
Root to change : 7 with colors |1, 2, 3, 5, 9, 10, 12, 13, 14|
Root to change : 14 with colors |1, 2, 3, 4, 7, 8, 11, 12, 13|
++++++++++++++++++++++
Trying improving 6, 9, 1, 7 with subs:
Root to change : 6 with colors |2, 3, 5, 9, 10, 13, 14|
Root to change : 9 with colors |1, 2, 4, 5, 6, 8, 11, 15|
Root to change : 1 with colors |2, 3, 4, 7, 8, 11, 13|
Root to change : 7 with colors |1, 2, 5, 6, 10, 11, 12, 14|
++++++++++++++++++++++
Trying improving 6, 9, 1, 13 with subs:
Root to change : 6 with colors |2, 3, 5, 9, 10, 13, 14|
Root to change : 1 with colors |2, 3, 4, 6, 7, 8, 9, 10, 13, 14|
Root to change : 13 with colors |1, 2, 5, 6, 10, 11, 12, 14|
++++++++++++++++++++++
Trying improving 6, 9, 7, 14 with subs:
Root to change : 6 with colors |2, 3, 4, 5, 9, 10, 13, 14, 15|
Root to change : 7 with colors |1, 2, 3, 5, 9, 10, 12, 13, 14|
Root to change : 14 with colors |2, 3, 4, 7, 8, 11, 13|
++++++++++++++++++++++
Trying improving 6, 11, 1, 13 with subs:
Root to change : 6 with colors |1, 2, 4, 7, 8, 11, 12|
Root to change : 1 with colors |2, 3, 4, 6, 7, 8, 9, 13|
Root to change : 13 with colors |1, 2, 5, 6, 7, 8, 10, 11, 12, 14|
++++++++++++++++++++++
Trying improving 6, 11, 7, 14 with subs:
Root to change : 6 with colors |1, 2, 4, 5, 7, 8, 11, 12, 15|
Root to change : 7 with colors |1, 2, 5, 9, 10, 12, 14|
Root to change : 14 with colors |1, 2, 3, 4, 7, 8, 11, 12, 13|
++++++++++++++++++++++
Trying improving 6, 11, 13, 14 with subs:
Root to change : 6 with colors |1, 2, 4, 7, 8, 11, 12|
Root to change : 11 with colors |2, 4, 5, 6, 9, 10, 13, 15|
Root to change : 13 with colors |1, 2, 5, 9, 10, 12, 14|
Root to change : 14 with colors |2, 3, 4, 6, 7, 8, 9, 13|
++++++++++++++++++++++
Trying improving 6, 13, 1, 1 with subs:
Root to change : 6 with colors |1, 2, 3, 4, 7, 8, 9, 10, 13, 14|
Root to change : 13 with colors |1, 2, 4, 5, 6, 8, 9, 10, 11, 15|
++++++++++++++++++++++
Trying improving 6, 13, 1, 2 with subs:
Root to change : 6 with colors |1, 2, 3, 4, 7, 8, 9, 10, 13, 14|
Root to change : 13 with colors |1, 2, 4, 5, 6, 8, 9, 10, 11, 15|
Root to change : 1 with colors |2, 4, 5, 6, 7, 9, 11, 13, 14|
++++++++++++++++++++++
Trying improving 6, 13, 1, 5 with subs:
Root to change : 6 with colors |1, 2, 3, 7, 9, 10, 13, 14|
Root to change : 13 with colors |1, 2, 4, 5, 6, 8, 9, 10, 11, 15|
Root to change : 1 with colors |2, 5, 6, 9, 10, 14, 15|
++++++++++++++++++++++
Trying improving 6, 13, 1, 6 with subs:
Root to change : 13 with colors |1, 2, 4, 5, 6, 8, 9, 10, 11, 15|
Root to change : 1 with colors |2, 4, 5, 6, 8, 9, 10, 11, 13, 15|
++++++++++++++++++++++
Trying improving 6, 13, 1, 7 with subs:
Root to change : 6 with colors |1, 2, 3, 4, 7, 8, 9, 10, 13, 14|
Root to change : 13 with colors |1, 2, 4, 5, 6, 8, 11, 15|
Root to change : 1 with colors |2, 3, 4, 7, 8, 11, 13|
++++++++++++++++++++++
Trying improving 6, 13, 1, 11 with subs:
Root to change : 6 with colors |1, 2, 3, 4, 7, 8, 13, 14|
Root to change : 13 with colors |1, 2, 4, 5, 6, 8, 9, 10, 11, 15|
Root to change : 1 with colors |2, 4, 6, 7, 8, 11, 15|
++++++++++++++++++++++
Trying improving 6, 13, 1, 13 with subs:
Root to change : 6 with colors |1, 2, 3, 4, 7, 8, 9, 10, 13, 14|
Root to change : 1 with colors |2, 3, 4, 6, 7, 8, 9, 10, 13, 14|
++++++++++++++++++++++
Trying improving 6, 13, 1, 14 with subs:
Root to change : 6 with colors |1, 2, 3, 4, 7, 8, 9, 10, 13, 14|
Root to change : 13 with colors |1, 2, 5, 6, 9, 10, 11, 15|
Root to change : 1 with colors |2, 3, 5, 9, 10, 13, 14|
++++++++++++++++++++++
Trying improving 6, 13, 5, 11 with subs:
Root to change : 13 with colors |1, 2, 4, 5, 6, 8, 9, 10, 11, 15|
Root to change : 5 with colors |2, 4, 6, 7, 8, 11, 15|
Root to change : 11 with colors |2, 5, 6, 9, 10, 14, 15|
++++++++++++++++++++++
Trying improving 6, 13, 7, 14 with subs:
Root to change : 6 with colors |1, 2, 3, 4, 7, 8, 9, 10, 13, 14|
Root to change : 7 with colors |2, 3, 5, 9, 10, 13, 14|
Root to change : 14 with colors |2, 3, 4, 7, 8, 11, 13|
++++++++++++++++++++++
Trying improving 7, 11, 5, 9 with subs:
Root to change : 7 with colors |1, 2, 4, 5, 6, 8, 11, 12, 15|
Root to change : 11 with colors |1, 2, 3, 7, 12, 13, 14|
Root to change : 5 with colors |2, 3, 4, 6, 9, 13, 15|
Root to change : 9 with colors |1, 2, 5, 6, 10, 11, 12, 14, 15|
++++++++++++++++++++++
Trying improving 7, 11, 9, 14 with subs:
Root to change : 7 with colors |1, 2, 5, 6, 11, 12, 15|
Root to change : 11 with colors |1, 2, 3, 4, 7, 8, 12, 13, 14|
Root to change : 9 with colors |1, 2, 3, 5, 7, 10, 12, 13, 14|
Root to change : 14 with colors |2, 3, 4, 6, 9, 13, 15|
++++++++++++++++++++++
Trying improving 7, 13, 1, 6 with subs:
Root to change : 13 with colors |1, 2, 4, 7, 8, 11, 12|
Root to change : 1 with colors |2, 4, 6, 8, 9, 11, 13, 15|
Root to change : 6 with colors |1, 2, 5, 7, 8, 10, 11, 12, 13, 14|
++++++++++++++++++++++
Trying improving 7, 13, 5, 6 with subs:
Root to change : 7 with colors |2, 3, 4, 6, 9, 10, 13, 14|
Root to change : 13 with colors |1, 2, 4, 7, 8, 11, 12|
Root to change : 5 with colors |2, 4, 6, 8, 9, 11, 13, 15|
Root to change : 6 with colors |1, 2, 5, 9, 10, 12, 14|
++++++++++++++++++++++
Trying improving 7, 13, 5, 11 with subs:
Root to change : 13 with colors |1, 2, 3, 4, 7, 8, 11, 12, 14|
Root to change : 5 with colors |1, 2, 4, 6, 7, 8, 11, 12, 15|
Root to change : 11 with colors |1, 2, 5, 9, 10, 12, 14|
++++++++++++++++++++++
Trying improving 7, 14, 1, 6 with subs:
Root to change : 7 with colors |1, 2, 5, 9, 10, 12, 14|
Root to change : 14 with colors |1, 2, 4, 7, 8, 11, 12|
Root to change : 6 with colors |1, 2, 5, 7, 8, 10, 11, 12, 13, 14|
++++++++++++++++++++++
Trying improving 7, 14, 2, 6 with subs:
Root to change : 7 with colors |1, 2, 3, 5, 9, 10, 12, 13, 14|
Root to change : 14 with colors |1, 2, 3, 4, 7, 8, 11, 12, 13|
Root to change : 6 with colors |1, 2, 4, 5, 7, 9, 11, 13, 14|
++++++++++++++++++++++
Trying improving 7, 14, 4, 6 with subs:
Root to change : 7 with colors |2, 3, 5, 9, 10, 13, 14|
Root to change : 14 with colors |1, 2, 3, 4, 7, 8, 11, 12, 13|
Root to change : 6 with colors |2, 3, 4, 7, 8, 9, 11, 13, 15|
++++++++++++++++++++++
Trying improving 7, 14, 5, 6 with subs:
Root to change : 7 with colors |1, 2, 3, 5, 9, 10, 12, 13, 14|
Root to change : 14 with colors |1, 2, 4, 7, 8, 11, 12|
Root to change : 6 with colors |1, 2, 5, 9, 10, 11, 12, 14, 15|
++++++++++++++++++++++
Trying improving 7, 14, 6, 6 with subs:
Root to change : 7 with colors |1, 2, 3, 5, 9, 10, 12, 13, 14|
Root to change : 14 with colors |1, 2, 3, 4, 7, 8, 11, 12, 13|
++++++++++++++++++++++
Trying improving 7, 14, 6, 9 with subs:
Root to change : 7 with colors |1, 2, 3, 5, 9, 10, 12, 13, 14|
Root to change : 14 with colors |2, 3, 4, 7, 8, 11, 13|
Root to change : 6 with colors |2, 3, 4, 5, 9, 10, 13, 14, 15|
++++++++++++++++++++++
Trying improving 7, 14, 6, 11 with subs:
Root to change : 7 with colors |1, 2, 5, 9, 10, 12, 14|
Root to change : 14 with colors |1, 2, 3, 4, 7, 8, 11, 12, 13|
Root to change : 6 with colors |1, 2, 4, 5, 7, 8, 11, 12, 15|
++++++++++++++++++++++
Trying improving 7, 14, 6, 13 with subs:
Root to change : 7 with colors |2, 3, 5, 9, 10, 13, 14|
Root to change : 14 with colors |2, 3, 4, 7, 8, 11, 13|
Root to change : 6 with colors |1, 2, 3, 4, 7, 8, 9, 10, 13, 14|
++++++++++++++++++++++
Trying improving 9, 13, 1, 6 with subs:
Root to change : 13 with colors |2, 5, 6, 9, 10, 14, 15|
Root to change : 1 with colors |2, 4, 5, 6, 8, 9, 10, 11, 13, 15|
Root to change : 6 with colors |1, 2, 5, 7, 10, 12, 13, 14|
++++++++++++++++++++++
Trying improving 9, 13, 1, 11 with subs:
Root to change : 9 with colors |1, 2, 3, 4, 7, 8, 13, 14|
Root to change : 13 with colors |2, 5, 6, 9, 10, 14, 15|
Root to change : 1 with colors |2, 4, 6, 7, 8, 11, 15|
Root to change : 11 with colors |1, 2, 5, 7, 10, 12, 13, 14|
++++++++++++++++++++++
Trying improving 9, 13, 5, 11 with subs:
Root to change : 13 with colors |2, 3, 4, 5, 6, 9, 10, 14, 15|
Root to change : 5 with colors |2, 4, 6, 7, 8, 11, 15|
Root to change : 11 with colors |1, 2, 5, 6, 9, 10, 12, 14, 15|
++++++++++++++++++++++
Trying improving 9, 14, 4, 11 with subs:
Root to change : 9 with colors |1, 2, 3, 7, 12, 13, 14|
Root to change : 14 with colors |2, 3, 4, 5, 6, 9, 10, 13, 15|
Root to change : 4 with colors |1, 2, 5, 6, 11, 12, 15|
Root to change : 11 with colors |2, 3, 4, 6, 7, 8, 9, 13, 15|
++++++++++++++++++++++
Trying improving 9, 14, 7, 11 with subs:
Root to change : 9 with colors |1, 2, 3, 5, 7, 10, 12, 13, 14|
Root to change : 14 with colors |2, 3, 4, 6, 9, 13, 15|
Root to change : 7 with colors |1, 2, 5, 6, 11, 12, 15|
Root to change : 11 with colors |1, 2, 3, 4, 7, 8, 12, 13, 14|
++++++++++++++++++++++
Trying improving 13, 13, 1, 6 with subs:
Root to change : 1 with colors |2, 4, 5, 6, 8, 9, 10, 11, 13, 15|
Root to change : 6 with colors |1, 2, 5, 7, 8, 10, 11, 12, 13, 14|
++++++++++++++++++++++
Trying improving 13, 13, 5, 11 with subs:
Root to change : 5 with colors |1, 2, 4, 6, 7, 8, 11, 12, 15|
Root to change : 11 with colors |1, 2, 5, 6, 9, 10, 12, 14, 15|
++++++++++++++++++++++
Trying improving 13, 14, 1, 6 with subs:
Root to change : 13 with colors |1, 2, 5, 9, 10, 12, 14|
Root to change : 1 with colors |2, 4, 5, 6, 9, 10, 13, 15|
Root to change : 6 with colors |1, 2, 5, 7, 8, 10, 11, 12, 13, 14|
++++++++++++++++++++++
Trying improving 13, 14, 5, 11 with subs:
Root to change : 13 with colors |1, 2, 3, 5, 7, 9, 10, 12, 14|
Root to change : 5 with colors |1, 2, 4, 7, 8, 11, 12|
Root to change : 11 with colors |1, 2, 5, 6, 9, 10, 12, 14, 15|
++++++++++++++++++++++
Trying improving 13, 14, 6, 11 with subs:
Root to change : 13 with colors |1, 2, 5, 9, 10, 12, 14|
Root to change : 14 with colors |2, 3, 4, 6, 7, 8, 9, 13|
Root to change : 6 with colors |1, 2, 4, 7, 8, 11, 12|
Root to change : 11 with colors |2, 4, 5, 6, 9, 10, 13, 15|
++++++++++++++++++++++
Unable to be solved with SubSubProblem
