Trying substitutions to: 2
with goodVertices 3, 4, 5, 6, 9, 10, 13, 14, 15
bad color to improve: 3  10  with index 52
bad color to improve: 3  15  with index 57
bad color to improve: 8  10  with index 102
bad color to improve: 10  15  with index 120
4 bad colorings on level 1
bad coloring on level 2  |1, 1, 0, 4|
bad coloring on level 2  |1, 2, 0, 4|
bad coloring on level 2  |1, 5, 0, 4|
bad coloring on level 2  |1, 6, 0, 4|
bad coloring on level 2  |1, 7, 0, 4|
bad coloring on level 2  |1, 11, 0, 4|
bad coloring on level 2  |1, 13, 0, 4|
bad coloring on level 2  |1, 14, 0, 4|
bad coloring on level 2  |4, 7, 0, 5|
bad coloring on level 2  |7, 11, 0, 5|
bad coloring on level 2  |1, 6, 0, 7|
bad coloring on level 2  |1, 11, 0, 7|
bad coloring on level 2  |5, 6, 0, 7|
bad coloring on level 2  |5, 11, 0, 7|
bad coloring on level 2  |1, 7, 0, 11|
bad coloring on level 2  |1, 13, 0, 11|
bad coloring on level 2  |7, 14, 0, 11|
bad coloring on level 2  |13, 14, 0, 11|
bad coloring on level 2  |4, 11, 0, 14|
bad coloring on level 2  |7, 11, 0, 14|
bad coloring on level 2  |0, 4, 1, 1|
bad coloring on level 2  |7, 11, 1, 1|
bad coloring on level 2  |0, 4, 1, 2|
bad coloring on level 2  |7, 11, 1, 2|
bad coloring on level 2  |0, 4, 1, 5|
bad coloring on level 2  |4, 7, 1, 5|
bad coloring on level 2  |7, 11, 1, 5|
bad coloring on level 2  |0, 4, 1, 6|
bad coloring on level 2  |0, 7, 1, 6|
bad coloring on level 2  |1, 7, 1, 6|
bad coloring on level 2  |1, 13, 1, 6|
bad coloring on level 2  |2, 7, 1, 6|
bad coloring on level 2  |4, 7, 1, 6|
bad coloring on level 2  |7, 7, 1, 6|
bad coloring on level 2  |7, 11, 1, 6|
bad coloring on level 2  |7, 13, 1, 6|
bad coloring on level 2  |7, 14, 1, 6|
bad coloring on level 2  |13, 14, 1, 6|
bad coloring on level 2  |0, 4, 1, 7|
bad coloring on level 2  |0, 11, 1, 7|
bad coloring on level 2  |1, 6, 1, 7|
bad coloring on level 2  |1, 11, 1, 7|
bad coloring on level 2  |2, 11, 1, 7|
bad coloring on level 2  |4, 11, 1, 7|
bad coloring on level 2  |5, 6, 1, 7|
bad coloring on level 2  |5, 11, 1, 7|
bad coloring on level 2  |6, 11, 1, 7|
bad coloring on level 2  |7, 11, 1, 7|
bad coloring on level 2  |11, 11, 1, 7|
bad coloring on level 2  |0, 4, 1, 11|
bad coloring on level 2  |0, 7, 1, 11|
bad coloring on level 2  |1, 7, 1, 11|
bad coloring on level 2  |1, 13, 1, 11|
bad coloring on level 2  |2, 7, 1, 11|
bad coloring on level 2  |4, 7, 1, 11|
bad coloring on level 2  |7, 7, 1, 11|
bad coloring on level 2  |7, 11, 1, 11|
bad coloring on level 2  |7, 13, 1, 11|
bad coloring on level 2  |7, 14, 1, 11|
bad coloring on level 2  |13, 14, 1, 11|
bad coloring on level 2  |0, 4, 1, 13|
bad coloring on level 2  |0, 11, 1, 13|
bad coloring on level 2  |1, 6, 1, 13|
bad coloring on level 2  |1, 11, 1, 13|
bad coloring on level 2  |2, 11, 1, 13|
bad coloring on level 2  |4, 11, 1, 13|
bad coloring on level 2  |5, 6, 1, 13|
bad coloring on level 2  |5, 11, 1, 13|
bad coloring on level 2  |6, 11, 1, 13|
bad coloring on level 2  |7, 11, 1, 13|
bad coloring on level 2  |11, 11, 1, 13|
bad coloring on level 2  |0, 4, 1, 14|
bad coloring on level 2  |4, 11, 1, 14|
bad coloring on level 2  |7, 11, 1, 14|
bad coloring on level 2  |4, 7, 2, 5|
bad coloring on level 2  |7, 11, 2, 5|
bad coloring on level 2  |1, 6, 2, 7|
bad coloring on level 2  |1, 11, 2, 7|
bad coloring on level 2  |5, 6, 2, 7|
bad coloring on level 2  |5, 11, 2, 7|
bad coloring on level 2  |1, 7, 2, 11|
bad coloring on level 2  |1, 13, 2, 11|
bad coloring on level 2  |7, 14, 2, 11|
bad coloring on level 2  |13, 14, 2, 11|
bad coloring on level 2  |4, 11, 2, 14|
bad coloring on level 2  |7, 11, 2, 14|
bad coloring on level 2  |0, 5, 4, 7|
bad coloring on level 2  |1, 5, 4, 7|
bad coloring on level 2  |1, 6, 4, 7|
bad coloring on level 2  |1, 11, 4, 7|
bad coloring on level 2  |2, 5, 4, 7|
bad coloring on level 2  |5, 5, 4, 7|
bad coloring on level 2  |5, 6, 4, 7|
bad coloring on level 2  |5, 9, 4, 7|
bad coloring on level 2  |5, 11, 4, 7|
bad coloring on level 2  |5, 14, 4, 7|
bad coloring on level 2  |0, 14, 4, 11|
bad coloring on level 2  |1, 7, 4, 11|
bad coloring on level 2  |1, 13, 4, 11|
bad coloring on level 2  |1, 14, 4, 11|
bad coloring on level 2  |2, 14, 4, 11|
bad coloring on level 2  |5, 14, 4, 11|
bad coloring on level 2  |7, 14, 4, 11|
bad coloring on level 2  |9, 14, 4, 11|
bad coloring on level 2  |13, 14, 4, 11|
bad coloring on level 2  |14, 14, 4, 11|
bad coloring on level 2  |4, 7, 5, 5|
bad coloring on level 2  |7, 11, 5, 5|
bad coloring on level 2  |0, 7, 5, 6|
bad coloring on level 2  |1, 7, 5, 6|
bad coloring on level 2  |1, 13, 5, 6|
bad coloring on level 2  |2, 7, 5, 6|
bad coloring on level 2  |4, 7, 5, 6|
bad coloring on level 2  |7, 7, 5, 6|
bad coloring on level 2  |7, 11, 5, 6|
bad coloring on level 2  |7, 13, 5, 6|
bad coloring on level 2  |7, 14, 5, 6|
bad coloring on level 2  |4, 7, 5, 9|
bad coloring on level 2  |7, 11, 5, 9|
bad coloring on level 2  |0, 7, 5, 11|
bad coloring on level 2  |1, 7, 5, 11|
bad coloring on level 2  |1, 13, 5, 11|
bad coloring on level 2  |2, 7, 5, 11|
bad coloring on level 2  |4, 7, 5, 11|
bad coloring on level 2  |7, 7, 5, 11|
bad coloring on level 2  |7, 11, 5, 11|
bad coloring on level 2  |7, 13, 5, 11|
bad coloring on level 2  |7, 14, 5, 11|
bad coloring on level 2  |13, 14, 5, 11|
bad coloring on level 2  |4, 7, 5, 14|
bad coloring on level 2  |4, 11, 5, 14|
bad coloring on level 2  |7, 11, 5, 14|
bad coloring on level 2  |1, 7, 6, 11|
bad coloring on level 2  |1, 13, 6, 11|
bad coloring on level 2  |7, 14, 6, 11|
bad coloring on level 2  |13, 14, 6, 11|
bad coloring on level 2  |1, 6, 7, 7|
bad coloring on level 2  |1, 11, 7, 7|
bad coloring on level 2  |5, 6, 7, 7|
bad coloring on level 2  |5, 11, 7, 7|
bad coloring on level 2  |0, 5, 7, 11|
bad coloring on level 2  |0, 14, 7, 11|
bad coloring on level 2  |1, 1, 7, 11|
bad coloring on level 2  |1, 2, 7, 11|
bad coloring on level 2  |1, 5, 7, 11|
bad coloring on level 2  |1, 6, 7, 11|
bad coloring on level 2  |1, 7, 7, 11|
bad coloring on level 2  |1, 11, 7, 11|
bad coloring on level 2  |1, 13, 7, 11|
bad coloring on level 2  |1, 14, 7, 11|
bad coloring on level 2  |2, 5, 7, 11|
bad coloring on level 2  |2, 14, 7, 11|
bad coloring on level 2  |5, 5, 7, 11|
bad coloring on level 2  |5, 6, 7, 11|
bad coloring on level 2  |5, 9, 7, 11|
bad coloring on level 2  |5, 11, 7, 11|
bad coloring on level 2  |5, 14, 7, 11|
bad coloring on level 2  |7, 14, 7, 11|
bad coloring on level 2  |9, 14, 7, 11|
bad coloring on level 2  |13, 14, 7, 11|
bad coloring on level 2  |14, 14, 7, 11|
bad coloring on level 2  |1, 6, 7, 13|
bad coloring on level 2  |1, 11, 7, 13|
bad coloring on level 2  |5, 6, 7, 13|
bad coloring on level 2  |5, 11, 7, 13|
bad coloring on level 2  |0, 11, 7, 14|
bad coloring on level 2  |1, 6, 7, 14|
bad coloring on level 2  |1, 11, 7, 14|
bad coloring on level 2  |2, 11, 7, 14|
bad coloring on level 2  |4, 11, 7, 14|
bad coloring on level 2  |5, 6, 7, 14|
bad coloring on level 2  |5, 11, 7, 14|
bad coloring on level 2  |6, 11, 7, 14|
bad coloring on level 2  |7, 11, 7, 14|
bad coloring on level 2  |11, 11, 7, 14|
bad coloring on level 2  |4, 11, 9, 14|
bad coloring on level 2  |7, 11, 9, 14|
bad coloring on level 2  |1, 7, 11, 11|
bad coloring on level 2  |1, 13, 11, 11|
bad coloring on level 2  |7, 14, 11, 11|
bad coloring on level 2  |13, 14, 11, 11|
bad coloring on level 2  |0, 11, 13, 14|
bad coloring on level 2  |1, 6, 13, 14|
bad coloring on level 2  |1, 11, 13, 14|
bad coloring on level 2  |2, 11, 13, 14|
bad coloring on level 2  |4, 11, 13, 14|
bad coloring on level 2  |5, 11, 13, 14|
bad coloring on level 2  |6, 11, 13, 14|
bad coloring on level 2  |7, 11, 13, 14|
bad coloring on level 2  |11, 11, 13, 14|
bad coloring on level 2  |4, 11, 14, 14|
bad coloring on level 2  |7, 11, 14, 14|

192 bad colorings on level 2
Sub sub problem :
Trying improving 0, 4, 1, 1 with subs:
Root to change : 0 with colors |2, 3, 4, 6, 7, 8, 9, 11, 13, 15|
Root to change : 4 with colors |2, 3, 5, 7, 9, 11, 12, 14, 15|
++++++++++++++++++++++
Trying improving 0, 4, 1, 2 with subs:
Root to change : 0 with colors |2, 3, 4, 6, 7, 8, 9, 11, 13, 15|
Root to change : 4 with colors |2, 3, 5, 7, 9, 11, 12, 14, 15|
Root to change : 1 with colors |2, 4, 5, 6, 7, 9, 11, 13, 14|
++++++++++++++++++++++
Trying improving 0, 4, 1, 5 with subs:
Root to change : 0 with colors |2, 4, 6, 8, 9, 11, 13, 15|
Root to change : 4 with colors |2, 3, 5, 7, 9, 11, 12, 14, 15|
Root to change : 1 with colors |2, 5, 6, 9, 10, 11, 12, 14, 15|
++++++++++++++++++++++
Trying improving 0, 4, 1, 6 with subs:
Root to change : 0 with colors |2, 3, 4, 6, 8, 9, 11, 13, 15|
Root to change : 4 with colors |2, 5, 9, 11, 12, 14, 15|
Root to change : 1 with colors |2, 4, 5, 6, 8, 9, 10, 11, 13, 15|
++++++++++++++++++++++
Trying improving 0, 4, 1, 7 with subs:
Root to change : 0 with colors |2, 3, 4, 6, 7, 8, 9, 13|
Root to change : 4 with colors |2, 3, 5, 7, 9, 12, 14|
Root to change : 1 with colors |2, 3, 4, 7, 8, 11, 12, 13, 14|
++++++++++++++++++++++
Trying improving 0, 4, 1, 11 with subs:
Root to change : 0 with colors |2, 4, 6, 8, 9, 11, 13, 15|
Root to change : 4 with colors |2, 5, 9, 11, 12, 14, 15|
Root to change : 1 with colors |2, 4, 5, 6, 7, 8, 11, 12, 15|
++++++++++++++++++++++
Trying improving 0, 4, 1, 13 with subs:
Root to change : 0 with colors |2, 3, 4, 6, 7, 8, 9, 13, 15|
Root to change : 4 with colors |2, 3, 5, 7, 9, 12, 14|
Root to change : 1 with colors |2, 3, 4, 6, 7, 8, 9, 10, 13, 14|
++++++++++++++++++++++
Trying improving 0, 4, 1, 14 with subs:
Root to change : 0 with colors |2, 3, 4, 6, 7, 8, 9, 13|
Root to change : 4 with colors |2, 3, 5, 7, 9, 11, 12, 14, 15|
Root to change : 1 with colors |2, 3, 5, 7, 9, 10, 12, 13, 14|
++++++++++++++++++++++
Trying improving 0, 5, 4, 7 with subs:
Root to change : 5 with colors |2, 3, 4, 7, 9, 11, 12, 14, 15|
Root to change : 4 with colors |1, 2, 3, 7, 12, 13, 14|
Root to change : 7 with colors |2, 3, 4, 6, 8, 9, 11, 13, 15|
++++++++++++++++++++++
Trying improving 0, 5, 7, 11 with subs:
Root to change : 5 with colors |2, 3, 4, 7, 9, 11, 15|
Root to change : 7 with colors |1, 2, 4, 5, 6, 8, 11, 12, 15|
Root to change : 11 with colors |1, 2, 3, 7, 12, 13, 14|
++++++++++++++++++++++
Trying improving 0, 7, 1, 6 with subs:
Root to change : 7 with colors |2, 5, 9, 11, 12, 14, 15|
Root to change : 1 with colors |2, 4, 6, 8, 9, 11, 13, 15|
Root to change : 6 with colors |1, 2, 5, 7, 10, 12, 13, 14|
++++++++++++++++++++++
Trying improving 0, 7, 1, 11 with subs:
Root to change : 7 with colors |2, 5, 9, 11, 12, 14, 15|
Root to change : 1 with colors |2, 4, 6, 7, 8, 11, 15|
Root to change : 11 with colors |1, 2, 5, 7, 10, 12, 13, 14|
++++++++++++++++++++++
Trying improving 0, 7, 5, 6 with subs:
Root to change : 7 with colors |2, 3, 4, 5, 9, 11, 12, 14, 15|
Root to change : 5 with colors |2, 4, 6, 8, 9, 11, 13, 15|
Root to change : 6 with colors |1, 2, 5, 9, 10, 12, 14|
++++++++++++++++++++++
Trying improving 0, 7, 5, 11 with subs:
Root to change : 7 with colors |2, 3, 4, 5, 9, 11, 12, 14, 15|
Root to change : 5 with colors |2, 4, 6, 7, 8, 11, 15|
Root to change : 11 with colors |1, 2, 5, 9, 10, 12, 14|
++++++++++++++++++++++
Trying improving 0, 11, 1, 7 with subs:
Root to change : 11 with colors |2, 3, 5, 7, 9, 12, 14|
Root to change : 1 with colors |2, 3, 4, 7, 8, 11, 13|
Root to change : 7 with colors |1, 2, 5, 6, 10, 11, 12, 14|
++++++++++++++++++++++
Trying improving 0, 11, 1, 13 with subs:
Root to change : 11 with colors |2, 3, 5, 7, 9, 12, 14|
Root to change : 1 with colors |2, 3, 4, 6, 7, 8, 9, 13|
Root to change : 13 with colors |1, 2, 5, 6, 10, 11, 12, 14|
++++++++++++++++++++++
Trying improving 0, 11, 7, 14 with subs:
Root to change : 11 with colors |2, 3, 4, 5, 7, 9, 12, 14, 15|
Root to change : 7 with colors |1, 2, 5, 9, 10, 12, 14|
Root to change : 14 with colors |2, 3, 4, 7, 8, 11, 13|
++++++++++++++++++++++
Trying improving 0, 11, 13, 14 with subs:
Root to change : 11 with colors |2, 3, 4, 5, 7, 9, 12, 14, 15|
Root to change : 13 with colors |1, 2, 5, 9, 10, 12, 14|
Root to change : 14 with colors |2, 3, 4, 6, 7, 8, 9, 13|
++++++++++++++++++++++
Trying improving 0, 14, 4, 11 with subs:
Root to change : 14 with colors |2, 3, 4, 5, 7, 9, 11, 12, 15|
Root to change : 4 with colors |1, 2, 5, 6, 11, 12, 15|
Root to change : 11 with colors |2, 3, 4, 6, 7, 8, 9, 13, 15|
++++++++++++++++++++++
Trying improving 0, 14, 7, 11 with subs:
Root to change : 14 with colors |2, 3, 4, 7, 9, 11, 15|
Root to change : 7 with colors |1, 2, 5, 6, 11, 12, 15|
Root to change : 11 with colors |1, 2, 3, 4, 7, 8, 12, 13, 14|
++++++++++++++++++++++
Trying improving 1, 1, 0, 4 with subs:
Root to change : 0 with colors |2, 3, 4, 6, 7, 8, 9, 11, 13, 15|
Root to change : 4 with colors |2, 3, 5, 7, 9, 11, 12, 14, 15|
++++++++++++++++++++++
Trying improving 1, 1, 7, 11 with subs:
Root to change : 7 with colors |1, 2, 4, 5, 6, 8, 11, 12, 15|
Root to change : 11 with colors |1, 2, 3, 4, 7, 8, 12, 13, 14|
++++++++++++++++++++++
Trying improving 1, 2, 0, 4 with subs:
Root to change : 1 with colors |2, 4, 5, 6, 7, 9, 11, 13, 14|
Root to change : 0 with colors |2, 3, 4, 6, 7, 8, 9, 11, 13, 15|
Root to change : 4 with colors |2, 3, 5, 7, 9, 11, 12, 14, 15|
++++++++++++++++++++++
Trying improving 1, 2, 7, 11 with subs:
Root to change : 1 with colors |2, 4, 6, 7, 9, 11, 13|
Root to change : 7 with colors |1, 2, 4, 5, 6, 8, 11, 12, 15|
Root to change : 11 with colors |1, 2, 3, 4, 7, 8, 12, 13, 14|
++++++++++++++++++++++
Trying improving 1, 5, 0, 4 with subs:
Root to change : 1 with colors |2, 5, 6, 9, 10, 11, 12, 14, 15|
Root to change : 0 with colors |2, 4, 6, 8, 9, 11, 13, 15|
Root to change : 4 with colors |2, 3, 5, 7, 9, 11, 12, 14, 15|
++++++++++++++++++++++
Trying improving 1, 5, 4, 7 with subs:
Root to change : 4 with colors |1, 2, 3, 7, 12, 13, 14|
Root to change : 7 with colors |2, 4, 6, 8, 9, 11, 13, 15|
++++++++++++++++++++++
Trying improving 1, 5, 7, 11 with subs:
Root to change : 7 with colors |1, 2, 4, 5, 6, 8, 11, 12, 15|
Root to change : 11 with colors |1, 2, 3, 7, 12, 13, 14|
++++++++++++++++++++++
Trying improving 1, 6, 0, 4 with subs:
Root to change : 1 with colors |2, 4, 5, 6, 8, 9, 10, 11, 13, 15|
Root to change : 0 with colors |2, 3, 4, 6, 8, 9, 11, 13, 15|
Root to change : 4 with colors |2, 5, 9, 11, 12, 14, 15|
++++++++++++++++++++++
Trying improving 1, 6, 0, 7 with subs:
Root to change : 1 with colors |2, 4, 6, 8, 9, 11, 13, 15|
Root to change : 6 with colors |1, 2, 5, 7, 10, 12, 13, 14|
Root to change : 7 with colors |2, 5, 9, 11, 12, 14, 15|
++++++++++++++++++++++
Trying improving 1, 6, 1, 7 with subs:
Root to change : 6 with colors |1, 2, 5, 7, 10, 12, 13, 14|
Root to change : 7 with colors |1, 2, 5, 6, 10, 11, 12, 14|
++++++++++++++++++++++
Trying improving 1, 6, 1, 13 with subs:
Root to change : 6 with colors |1, 2, 5, 7, 10, 12, 13, 14|
Root to change : 13 with colors |1, 2, 5, 6, 10, 11, 12, 14|
++++++++++++++++++++++
Trying improving 1, 6, 2, 7 with subs:
Root to change : 1 with colors |2, 4, 6, 8, 9, 11, 13, 15|
Root to change : 6 with colors |1, 2, 5, 7, 10, 12, 13, 14|
Root to change : 7 with colors |1, 2, 4, 5, 6, 9, 11, 13, 14|
++++++++++++++++++++++
Trying improving 1, 6, 4, 7 with subs:
Root to change : 1 with colors |2, 4, 6, 8, 9, 11, 13, 15|
Root to change : 7 with colors |2, 4, 6, 8, 9, 11, 13, 15|
++++++++++++++++++++++
Trying improving 1, 6, 7, 7 with subs:
Root to change : 1 with colors |2, 4, 6, 8, 9, 11, 13, 15|
Root to change : 6 with colors |1, 2, 5, 7, 10, 12, 13, 14|
++++++++++++++++++++++
Trying improving 1, 6, 7, 11 with subs:
Root to change : 1 with colors |2, 4, 6, 8, 9, 11, 13, 15|
Root to change : 7 with colors |1, 2, 4, 5, 6, 8, 11, 12, 15|
++++++++++++++++++++++
Trying improving 1, 6, 7, 13 with subs:
Root to change : 1 with colors |2, 4, 6, 8, 9, 11, 13, 15|
Root to change : 6 with colors |1, 2, 5, 7, 10, 12, 13, 14|
++++++++++++++++++++++
Trying improving 1, 6, 7, 14 with subs:
Root to change : 6 with colors |1, 2, 5, 7, 10, 12, 13, 14|
Root to change : 7 with colors |1, 2, 5, 9, 10, 12, 14|
++++++++++++++++++++++
Trying improving 1, 6, 13, 14 with subs:
Root to change : 1 with colors |2, 4, 5, 6, 9, 10, 13, 15|
Root to change : 6 with colors |1, 2, 5, 7, 10, 12, 13, 14|
Root to change : 13 with colors |1, 2, 5, 9, 10, 12, 14|
++++++++++++++++++++++
Trying improving 1, 7, 0, 4 with subs:
Root to change : 1 with colors |2, 3, 4, 7, 8, 11, 12, 13, 14|
Root to change : 0 with colors |2, 3, 4, 6, 7, 8, 9, 13|
Root to change : 4 with colors |2, 3, 5, 7, 9, 12, 14|
++++++++++++++++++++++
Trying improving 1, 7, 0, 11 with subs:
Root to change : 1 with colors |2, 3, 4, 7, 8, 11, 13|
Root to change : 7 with colors |1, 2, 5, 6, 10, 11, 12, 14|
Root to change : 11 with colors |2, 3, 5, 7, 9, 12, 14|
++++++++++++++++++++++
Trying improving 1, 7, 1, 6 with subs:
Root to change : 7 with colors |1, 2, 5, 6, 10, 11, 12, 14|
Root to change : 6 with colors |1, 2, 5, 7, 10, 12, 13, 14|
++++++++++++++++++++++
Trying improving 1, 7, 1, 11 with subs:
Root to change : 7 with colors |1, 2, 5, 6, 10, 11, 12, 14|
Root to change : 11 with colors |1, 2, 5, 7, 10, 12, 13, 14|
++++++++++++++++++++++
Trying improving 1, 7, 2, 11 with subs:
Root to change : 1 with colors |2, 3, 4, 7, 8, 11, 13|
Root to change : 7 with colors |1, 2, 5, 6, 10, 11, 12, 14|
Root to change : 11 with colors |1, 2, 4, 5, 6, 7, 9, 13, 14|
++++++++++++++++++++++
Trying improving 1, 7, 4, 11 with subs:
Root to change : 1 with colors |2, 3, 4, 7, 8, 11, 13|
Root to change : 11 with colors |2, 3, 4, 6, 7, 8, 9, 13|
++++++++++++++++++++++
Trying improving 1, 7, 5, 6 with subs:
Root to change : 7 with colors |1, 2, 5, 6, 10, 11, 12, 14|
Root to change : 6 with colors |1, 2, 5, 9, 10, 12, 14|
++++++++++++++++++++++
Trying improving 1, 7, 5, 11 with subs:
Root to change : 7 with colors |1, 2, 5, 6, 10, 11, 12, 14|
Root to change : 11 with colors |1, 2, 5, 9, 10, 12, 14|
++++++++++++++++++++++
Trying improving 1, 7, 6, 11 with subs:
Root to change : 1 with colors |2, 3, 4, 7, 8, 11, 13|
Root to change : 7 with colors |1, 2, 5, 6, 10, 11, 12, 14|
++++++++++++++++++++++
Trying improving 1, 7, 7, 11 with subs:
Root to change : 1 with colors |2, 3, 4, 7, 8, 11, 13|
Root to change : 11 with colors |1, 2, 3, 4, 7, 8, 12, 13, 14|
++++++++++++++++++++++
Trying improving 1, 7, 11, 11 with subs:
Root to change : 1 with colors |2, 3, 4, 7, 8, 11, 13|
Root to change : 7 with colors |1, 2, 5, 6, 10, 11, 12, 14|
++++++++++++++++++++++
Trying improving 1, 11, 0, 4 with subs:
Root to change : 1 with colors |2, 4, 5, 6, 7, 8, 11, 12, 15|
Root to change : 0 with colors |2, 4, 6, 8, 9, 11, 13, 15|
Root to change : 4 with colors |2, 5, 9, 11, 12, 14, 15|
++++++++++++++++++++++
Trying improving 1, 11, 0, 7 with subs:
Root to change : 1 with colors |2, 4, 6, 7, 8, 11, 15|
Root to change : 11 with colors |1, 2, 5, 7, 10, 12, 13, 14|
Root to change : 7 with colors |2, 5, 9, 11, 12, 14, 15|
++++++++++++++++++++++
Trying improving 1, 11, 1, 7 with subs:
Root to change : 11 with colors |1, 2, 5, 7, 10, 12, 13, 14|
Root to change : 7 with colors |1, 2, 5, 6, 10, 11, 12, 14|
++++++++++++++++++++++
Trying improving 1, 11, 1, 13 with subs:
Root to change : 11 with colors |1, 2, 5, 7, 10, 12, 13, 14|
Root to change : 13 with colors |1, 2, 5, 6, 10, 11, 12, 14|
++++++++++++++++++++++
Trying improving 1, 11, 2, 7 with subs:
Root to change : 1 with colors |2, 4, 6, 7, 8, 11, 15|
Root to change : 11 with colors |1, 2, 5, 7, 10, 12, 13, 14|
Root to change : 7 with colors |1, 2, 4, 5, 6, 9, 11, 13, 14|
++++++++++++++++++++++
Trying improving 1, 11, 4, 7 with subs:
Root to change : 1 with colors |2, 4, 6, 7, 8, 11, 15|
Root to change : 7 with colors |2, 4, 6, 8, 9, 11, 13, 15|
++++++++++++++++++++++
Trying improving 1, 11, 7, 7 with subs:
Root to change : 1 with colors |2, 4, 6, 7, 8, 11, 15|
Root to change : 11 with colors |1, 2, 5, 7, 10, 12, 13, 14|
++++++++++++++++++++++
Trying improving 1, 11, 7, 11 with subs:
Root to change : 1 with colors |2, 4, 6, 7, 8, 11, 15|
Root to change : 7 with colors |1, 2, 4, 5, 6, 8, 11, 12, 15|
++++++++++++++++++++++
Trying improving 1, 11, 7, 13 with subs:
Root to change : 1 with colors |2, 4, 6, 7, 8, 11, 15|
Root to change : 11 with colors |1, 2, 5, 7, 10, 12, 13, 14|
++++++++++++++++++++++
Trying improving 1, 11, 7, 14 with subs:
Root to change : 11 with colors |1, 2, 5, 7, 10, 12, 13, 14|
Root to change : 7 with colors |1, 2, 5, 9, 10, 12, 14|
++++++++++++++++++++++
Trying improving 1, 11, 13, 14 with subs:
Root to change : 11 with colors |1, 2, 5, 7, 10, 12, 13, 14|
Root to change : 13 with colors |1, 2, 5, 9, 10, 12, 14|
++++++++++++++++++++++
Trying improving 1, 13, 0, 4 with subs:
Root to change : 1 with colors |2, 3, 4, 6, 7, 8, 9, 10, 13, 14|
Root to change : 0 with colors |2, 3, 4, 6, 7, 8, 9, 13, 15|
Root to change : 4 with colors |2, 3, 5, 7, 9, 12, 14|
++++++++++++++++++++++
Trying improving 1, 13, 0, 11 with subs:
Root to change : 1 with colors |2, 3, 4, 6, 7, 8, 9, 13|
Root to change : 13 with colors |1, 2, 5, 6, 10, 11, 12, 14|
Root to change : 11 with colors |2, 3, 5, 7, 9, 12, 14|
++++++++++++++++++++++
Trying improving 1, 13, 1, 6 with subs:
Root to change : 13 with colors |1, 2, 5, 6, 10, 11, 12, 14|
Root to change : 6 with colors |1, 2, 5, 7, 10, 12, 13, 14|
++++++++++++++++++++++
Trying improving 1, 13, 1, 11 with subs:
Root to change : 13 with colors |1, 2, 5, 6, 10, 11, 12, 14|
Root to change : 11 with colors |1, 2, 5, 7, 10, 12, 13, 14|
++++++++++++++++++++++
Trying improving 1, 13, 2, 11 with subs:
Root to change : 1 with colors |2, 3, 4, 6, 7, 8, 9, 13|
Root to change : 13 with colors |1, 2, 5, 6, 10, 11, 12, 14|
Root to change : 11 with colors |1, 2, 4, 5, 6, 7, 9, 13, 14|
++++++++++++++++++++++
Trying improving 1, 13, 4, 11 with subs:
Root to change : 1 with colors |2, 3, 4, 6, 7, 8, 9, 13|
Root to change : 11 with colors |2, 3, 4, 6, 7, 8, 9, 13|
++++++++++++++++++++++
Trying improving 1, 13, 5, 6 with subs:
Root to change : 1 with colors |2, 3, 4, 6, 9, 10, 13, 14|
Root to change : 13 with colors |1, 2, 5, 6, 10, 11, 12, 14|
Root to change : 6 with colors |1, 2, 5, 9, 10, 12, 14|
++++++++++++++++++++++
Trying improving 1, 13, 5, 11 with subs:
Root to change : 13 with colors |1, 2, 5, 6, 10, 11, 12, 14|
Root to change : 11 with colors |1, 2, 5, 9, 10, 12, 14|
++++++++++++++++++++++
Trying improving 1, 13, 6, 11 with subs:
Root to change : 1 with colors |2, 3, 4, 6, 7, 8, 9, 13|
Root to change : 13 with colors |1, 2, 5, 6, 10, 11, 12, 14|
++++++++++++++++++++++
Trying improving 1, 13, 7, 11 with subs:
Root to change : 1 with colors |2, 3, 4, 6, 7, 8, 9, 13|
Root to change : 11 with colors |1, 2, 3, 4, 7, 8, 12, 13, 14|
++++++++++++++++++++++
Trying improving 1, 13, 11, 11 with subs:
Root to change : 1 with colors |2, 3, 4, 6, 7, 8, 9, 13|
Root to change : 13 with colors |1, 2, 5, 6, 10, 11, 12, 14|
++++++++++++++++++++++
Trying improving 1, 14, 0, 4 with subs:
Root to change : 1 with colors |2, 3, 5, 7, 9, 10, 12, 13, 14|
Root to change : 0 with colors |2, 3, 4, 6, 7, 8, 9, 13|
Root to change : 4 with colors |2, 3, 5, 7, 9, 11, 12, 14, 15|
++++++++++++++++++++++
Trying improving 1, 14, 4, 11 with subs:
Root to change : 4 with colors |1, 2, 5, 6, 11, 12, 15|
Root to change : 11 with colors |2, 3, 4, 6, 7, 8, 9, 13|
++++++++++++++++++++++
Trying improving 1, 14, 7, 11 with subs:
Root to change : 7 with colors |1, 2, 5, 6, 11, 12, 15|
Root to change : 11 with colors |1, 2, 3, 4, 7, 8, 12, 13, 14|
++++++++++++++++++++++
Trying improving 2, 5, 4, 7 with subs:
Root to change : 5 with colors |1, 2, 4, 6, 7, 9, 11, 13, 14|
Root to change : 4 with colors |1, 2, 3, 7, 12, 13, 14|
Root to change : 7 with colors |2, 3, 4, 6, 8, 9, 11, 13, 15|
++++++++++++++++++++++
Trying improving 2, 5, 7, 11 with subs:
Root to change : 5 with colors |2, 4, 6, 7, 9, 11, 13|
Root to change : 7 with colors |1, 2, 4, 5, 6, 8, 11, 12, 15|
Root to change : 11 with colors |1, 2, 3, 7, 12, 13, 14|
++++++++++++++++++++++
Trying improving 2, 7, 1, 6 with subs:
Root to change : 7 with colors |1, 2, 4, 5, 6, 9, 11, 13, 14|
Root to change : 1 with colors |2, 4, 6, 8, 9, 11, 13, 15|
Root to change : 6 with colors |1, 2, 5, 7, 10, 12, 13, 14|
++++++++++++++++++++++
Trying improving 2, 7, 1, 11 with subs:
Root to change : 7 with colors |1, 2, 4, 5, 6, 9, 11, 13, 14|
Root to change : 1 with colors |2, 4, 6, 7, 8, 11, 15|
Root to change : 11 with colors |1, 2, 5, 7, 10, 12, 13, 14|
++++++++++++++++++++++
Trying improving 2, 7, 5, 6 with subs:
Root to change : 7 with colors |1, 2, 4, 5, 6, 9, 11, 13, 14|
Root to change : 5 with colors |2, 4, 6, 8, 9, 11, 13, 15|
Root to change : 6 with colors |1, 2, 5, 9, 10, 12, 14|
++++++++++++++++++++++
Trying improving 2, 7, 5, 11 with subs:
Root to change : 7 with colors |1, 2, 4, 5, 6, 9, 11, 13, 14|
Root to change : 5 with colors |2, 4, 6, 7, 8, 11, 15|
Root to change : 11 with colors |1, 2, 5, 9, 10, 12, 14|
++++++++++++++++++++++
Trying improving 2, 11, 1, 7 with subs:
Root to change : 11 with colors |1, 2, 4, 5, 6, 7, 9, 13, 14|
Root to change : 1 with colors |2, 3, 4, 7, 8, 11, 13|
Root to change : 7 with colors |1, 2, 5, 6, 10, 11, 12, 14|
++++++++++++++++++++++
Trying improving 2, 11, 1, 13 with subs:
Root to change : 11 with colors |1, 2, 4, 5, 6, 7, 9, 13, 14|
Root to change : 1 with colors |2, 3, 4, 6, 7, 8, 9, 13|
Root to change : 13 with colors |1, 2, 5, 6, 10, 11, 12, 14|
++++++++++++++++++++++
Trying improving 2, 11, 7, 14 with subs:
Root to change : 11 with colors |1, 2, 4, 5, 6, 7, 9, 13, 14|
Root to change : 7 with colors |1, 2, 5, 9, 10, 12, 14|
Root to change : 14 with colors |2, 3, 4, 7, 8, 11, 13|
++++++++++++++++++++++
Trying improving 2, 11, 13, 14 with subs:
Root to change : 11 with colors |1, 2, 4, 5, 6, 7, 9, 13, 14|
Root to change : 13 with colors |1, 2, 5, 9, 10, 12, 14|
Root to change : 14 with colors |2, 3, 4, 6, 7, 8, 9, 13|
++++++++++++++++++++++
Trying improving 2, 14, 4, 11 with subs:
Root to change : 14 with colors |1, 2, 4, 5, 6, 7, 9, 11, 13|
Root to change : 4 with colors |1, 2, 5, 6, 11, 12, 15|
Root to change : 11 with colors |2, 3, 4, 6, 7, 8, 9, 13, 15|
++++++++++++++++++++++
Trying improving 2, 14, 7, 11 with subs:
Root to change : 14 with colors |2, 4, 6, 7, 9, 11, 13|
Root to change : 7 with colors |1, 2, 5, 6, 11, 12, 15|
Root to change : 11 with colors |1, 2, 3, 4, 7, 8, 12, 13, 14|
++++++++++++++++++++++
Trying improving 4, 7, 0, 5 with subs:
Root to change : 4 with colors |1, 2, 3, 7, 12, 13, 14|
Root to change : 7 with colors |2, 3, 4, 6, 8, 9, 11, 13, 15|
Root to change : 5 with colors |2, 3, 4, 7, 9, 11, 12, 14, 15|
++++++++++++++++++++++
Trying improving 4, 7, 1, 5 with subs:
Root to change : 4 with colors |1, 2, 3, 7, 12, 13, 14|
Root to change : 7 with colors |2, 4, 6, 8, 9, 11, 13, 15|
++++++++++++++++++++++
Trying improving 4, 7, 1, 6 with subs:
Root to change : 7 with colors |2, 4, 6, 8, 9, 11, 13, 15|
Root to change : 1 with colors |2, 4, 6, 8, 9, 11, 13, 15|
++++++++++++++++++++++
Trying improving 4, 7, 1, 11 with subs:
Root to change : 7 with colors |2, 4, 6, 8, 9, 11, 13, 15|
Root to change : 1 with colors |2, 4, 6, 7, 8, 11, 15|
++++++++++++++++++++++
Trying improving 4, 7, 2, 5 with subs:
Root to change : 4 with colors |1, 2, 3, 7, 12, 13, 14|
Root to change : 7 with colors |2, 3, 4, 6, 8, 9, 11, 13, 15|
Root to change : 5 with colors |1, 2, 4, 6, 7, 9, 11, 13, 14|
++++++++++++++++++++++
Trying improving 4, 7, 5, 5 with subs:
Root to change : 4 with colors |1, 2, 3, 7, 12, 13, 14|
Root to change : 7 with colors |2, 3, 4, 6, 8, 9, 11, 13, 15|
++++++++++++++++++++++
Trying improving 4, 7, 5, 6 with subs:
Root to change : 7 with colors |2, 3, 4, 6, 8, 9, 11, 13, 15|
Root to change : 5 with colors |2, 4, 6, 8, 9, 11, 13, 15|
++++++++++++++++++++++
Trying improving 4, 7, 5, 9 with subs:
Root to change : 4 with colors |1, 2, 3, 7, 12, 13, 14|
Root to change : 7 with colors |2, 3, 4, 6, 8, 9, 11, 13, 15|
Root to change : 5 with colors |2, 3, 4, 6, 9, 10, 13, 14, 15|
++++++++++++++++++++++
Trying improving 4, 7, 5, 11 with subs:
Root to change : 7 with colors |2, 3, 4, 6, 8, 9, 11, 13, 15|
Root to change : 5 with colors |2, 4, 6, 7, 8, 11, 15|
++++++++++++++++++++++
Trying improving 4, 7, 5, 14 with subs:
Root to change : 4 with colors |1, 2, 3, 7, 12, 13, 14|
Root to change : 7 with colors |2, 3, 4, 6, 9, 13, 15|
Root to change : 5 with colors |1, 2, 3, 7, 9, 10, 12, 13, 14|
++++++++++++++++++++++
Trying improving 4, 11, 0, 14 with subs:
Root to change : 4 with colors |1, 2, 5, 6, 11, 12, 15|
Root to change : 11 with colors |2, 3, 4, 6, 7, 8, 9, 13, 15|
Root to change : 14 with colors |2, 3, 4, 5, 7, 9, 11, 12, 15|
++++++++++++++++++++++
Trying improving 4, 11, 1, 7 with subs:
Root to change : 11 with colors |2, 3, 4, 6, 7, 8, 9, 13|
Root to change : 1 with colors |2, 3, 4, 7, 8, 11, 13|
++++++++++++++++++++++
Trying improving 4, 11, 1, 13 with subs:
Root to change : 11 with colors |2, 3, 4, 6, 7, 8, 9, 13|
Root to change : 1 with colors |2, 3, 4, 6, 7, 8, 9, 13|
++++++++++++++++++++++
Trying improving 4, 11, 1, 14 with subs:
Root to change : 4 with colors |1, 2, 5, 6, 11, 12, 15|
Root to change : 11 with colors |2, 3, 4, 6, 7, 8, 9, 13|
++++++++++++++++++++++
Trying improving 4, 11, 2, 14 with subs:
Root to change : 4 with colors |1, 2, 5, 6, 11, 12, 15|
Root to change : 11 with colors |2, 3, 4, 6, 7, 8, 9, 13, 15|
Root to change : 14 with colors |1, 2, 4, 5, 6, 7, 9, 11, 13|
++++++++++++++++++++++
Trying improving 4, 11, 5, 14 with subs:
Root to change : 4 with colors |1, 2, 5, 6, 11, 12, 15|
Root to change : 11 with colors |2, 3, 4, 6, 9, 13, 15|
Root to change : 14 with colors |1, 2, 5, 6, 9, 10, 11, 12, 15|
++++++++++++++++++++++
Trying improving 4, 11, 7, 14 with subs:
Root to change : 11 with colors |2, 3, 4, 6, 7, 8, 9, 13, 15|
Root to change : 14 with colors |2, 3, 4, 7, 8, 11, 13|
++++++++++++++++++++++
Trying improving 4, 11, 9, 14 with subs:
Root to change : 4 with colors |1, 2, 5, 6, 11, 12, 15|
Root to change : 11 with colors |2, 3, 4, 6, 7, 8, 9, 13, 15|
Root to change : 14 with colors |2, 3, 4, 5, 6, 9, 10, 13, 15|
++++++++++++++++++++++
Trying improving 4, 11, 13, 14 with subs:
Root to change : 11 with colors |2, 3, 4, 6, 7, 8, 9, 13, 15|
Root to change : 14 with colors |2, 3, 4, 6, 7, 8, 9, 13|
++++++++++++++++++++++
Trying improving 4, 11, 14, 14 with subs:
Root to change : 4 with colors |1, 2, 5, 6, 11, 12, 15|
Root to change : 11 with colors |2, 3, 4, 6, 7, 8, 9, 13, 15|
++++++++++++++++++++++
Trying improving 5, 5, 4, 7 with subs:
Root to change : 4 with colors |1, 2, 3, 7, 12, 13, 14|
Root to change : 7 with colors |2, 3, 4, 6, 8, 9, 11, 13, 15|
++++++++++++++++++++++
Trying improving 5, 5, 7, 11 with subs:
Root to change : 7 with colors |1, 2, 4, 5, 6, 8, 11, 12, 15|
Root to change : 11 with colors |1, 2, 3, 7, 12, 13, 14|
++++++++++++++++++++++
Trying improving 5, 6, 0, 7 with subs:
Root to change : 5 with colors |2, 4, 6, 8, 9, 11, 13, 15|
Root to change : 6 with colors |1, 2, 5, 9, 10, 12, 14|
Root to change : 7 with colors |2, 3, 4, 5, 9, 11, 12, 14, 15|
++++++++++++++++++++++
Trying improving 5, 6, 1, 7 with subs:
Root to change : 6 with colors |1, 2, 5, 9, 10, 12, 14|
Root to change : 7 with colors |1, 2, 5, 6, 10, 11, 12, 14|
++++++++++++++++++++++
Trying improving 5, 6, 1, 13 with subs:
Root to change : 6 with colors |1, 2, 5, 9, 10, 12, 14|
Root to change : 1 with colors |2, 3, 4, 6, 9, 10, 13, 14|
Root to change : 13 with colors |1, 2, 5, 6, 10, 11, 12, 14|
++++++++++++++++++++++
Trying improving 5, 6, 2, 7 with subs:
Root to change : 5 with colors |2, 4, 6, 8, 9, 11, 13, 15|
Root to change : 6 with colors |1, 2, 5, 9, 10, 12, 14|
Root to change : 7 with colors |1, 2, 4, 5, 6, 9, 11, 13, 14|
++++++++++++++++++++++
Trying improving 5, 6, 4, 7 with subs:
Root to change : 5 with colors |2, 4, 6, 8, 9, 11, 13, 15|
Root to change : 7 with colors |2, 3, 4, 6, 8, 9, 11, 13, 15|
++++++++++++++++++++++
Trying improving 5, 6, 7, 7 with subs:
Root to change : 5 with colors |2, 4, 6, 8, 9, 11, 13, 15|
Root to change : 6 with colors |1, 2, 5, 9, 10, 12, 14|
++++++++++++++++++++++
Trying improving 5, 6, 7, 11 with subs:
Root to change : 5 with colors |2, 4, 6, 8, 9, 11, 13, 15|
Root to change : 7 with colors |1, 2, 4, 5, 6, 8, 11, 12, 15|
++++++++++++++++++++++
Trying improving 5, 6, 7, 13 with subs:
Root to change : 5 with colors |2, 4, 6, 8, 9, 11, 13, 15|
Root to change : 6 with colors |1, 2, 5, 9, 10, 12, 14|
Root to change : 7 with colors |2, 3, 4, 6, 9, 10, 13, 14|
++++++++++++++++++++++
Trying improving 5, 6, 7, 14 with subs:
Root to change : 6 with colors |1, 2, 5, 9, 10, 12, 14|
Root to change : 7 with colors |1, 2, 3, 5, 9, 10, 12, 13, 14|
++++++++++++++++++++++
Trying improving 5, 9, 4, 7 with subs:
Root to change : 5 with colors |2, 3, 4, 6, 9, 10, 13, 14, 15|
Root to change : 4 with colors |1, 2, 3, 7, 12, 13, 14|
Root to change : 7 with colors |2, 3, 4, 6, 8, 9, 11, 13, 15|
++++++++++++++++++++++
Trying improving 5, 9, 7, 11 with subs:
Root to change : 5 with colors |2, 3, 4, 6, 9, 13, 15|
Root to change : 7 with colors |1, 2, 4, 5, 6, 8, 11, 12, 15|
Root to change : 11 with colors |1, 2, 3, 7, 12, 13, 14|
++++++++++++++++++++++
Trying improving 5, 11, 0, 7 with subs:
Root to change : 5 with colors |2, 4, 6, 7, 8, 11, 15|
Root to change : 11 with colors |1, 2, 5, 9, 10, 12, 14|
Root to change : 7 with colors |2, 3, 4, 5, 9, 11, 12, 14, 15|
++++++++++++++++++++++
Trying improving 5, 11, 1, 7 with subs:
Root to change : 11 with colors |1, 2, 5, 9, 10, 12, 14|
Root to change : 7 with colors |1, 2, 5, 6, 10, 11, 12, 14|
++++++++++++++++++++++
Trying improving 5, 11, 1, 13 with subs:
Root to change : 11 with colors |1, 2, 5, 9, 10, 12, 14|
Root to change : 13 with colors |1, 2, 5, 6, 10, 11, 12, 14|
++++++++++++++++++++++
Trying improving 5, 11, 2, 7 with subs:
Root to change : 5 with colors |2, 4, 6, 7, 8, 11, 15|
Root to change : 11 with colors |1, 2, 5, 9, 10, 12, 14|
Root to change : 7 with colors |1, 2, 4, 5, 6, 9, 11, 13, 14|
++++++++++++++++++++++
Trying improving 5, 11, 4, 7 with subs:
Root to change : 5 with colors |2, 4, 6, 7, 8, 11, 15|
Root to change : 7 with colors |2, 3, 4, 6, 8, 9, 11, 13, 15|
++++++++++++++++++++++
Trying improving 5, 11, 7, 7 with subs:
Root to change : 5 with colors |2, 4, 6, 7, 8, 11, 15|
Root to change : 11 with colors |1, 2, 5, 9, 10, 12, 14|
++++++++++++++++++++++
Trying improving 5, 11, 7, 11 with subs:
Root to change : 5 with colors |2, 4, 6, 7, 8, 11, 15|
Root to change : 7 with colors |1, 2, 4, 5, 6, 8, 11, 12, 15|
++++++++++++++++++++++
Trying improving 5, 11, 7, 13 with subs:
Root to change : 5 with colors |2, 4, 6, 7, 8, 11, 15|
Root to change : 11 with colors |1, 2, 5, 9, 10, 12, 14|
++++++++++++++++++++++
Trying improving 5, 11, 7, 14 with subs:
Root to change : 11 with colors |1, 2, 5, 9, 10, 12, 14|
Root to change : 7 with colors |1, 2, 5, 9, 10, 12, 14|
++++++++++++++++++++++
Trying improving 5, 11, 13, 14 with subs:
Root to change : 11 with colors |1, 2, 5, 6, 9, 10, 12, 14, 15|
Root to change : 13 with colors |1, 2, 5, 9, 10, 12, 14|
++++++++++++++++++++++
Trying improving 5, 14, 4, 7 with subs:
Root to change : 5 with colors |1, 2, 3, 7, 9, 10, 12, 13, 14|
Root to change : 4 with colors |1, 2, 3, 7, 12, 13, 14|
Root to change : 7 with colors |2, 3, 4, 6, 9, 13, 15|
++++++++++++++++++++++
Trying improving 5, 14, 4, 11 with subs:
Root to change : 14 with colors |1, 2, 5, 6, 9, 10, 11, 12, 15|
Root to change : 4 with colors |1, 2, 5, 6, 11, 12, 15|
Root to change : 11 with colors |2, 3, 4, 6, 9, 13, 15|
++++++++++++++++++++++
Trying improving 5, 14, 7, 11 with subs:
Root to change : 7 with colors |1, 2, 5, 6, 11, 12, 15|
Root to change : 11 with colors |1, 2, 3, 7, 12, 13, 14|
++++++++++++++++++++++
Trying improving 6, 11, 1, 7 with subs:
Root to change : 1 with colors |2, 3, 4, 7, 8, 11, 13|
Root to change : 7 with colors |1, 2, 5, 6, 10, 11, 12, 14|
++++++++++++++++++++++
Trying improving 6, 11, 1, 13 with subs:
Root to change : 1 with colors |2, 3, 4, 6, 7, 8, 9, 13|
Root to change : 13 with colors |1, 2, 5, 6, 10, 11, 12, 14|
++++++++++++++++++++++
Trying improving 6, 11, 7, 14 with subs:
Root to change : 7 with colors |1, 2, 5, 9, 10, 12, 14|
Root to change : 14 with colors |2, 3, 4, 7, 8, 11, 13|
++++++++++++++++++++++
Trying improving 6, 11, 13, 14 with subs:
Root to change : 11 with colors |2, 4, 5, 6, 9, 10, 13, 15|
Root to change : 13 with colors |1, 2, 5, 9, 10, 12, 14|
Root to change : 14 with colors |2, 3, 4, 6, 7, 8, 9, 13|
++++++++++++++++++++++
Trying improving 7, 7, 1, 6 with subs:
Root to change : 1 with colors |2, 4, 6, 8, 9, 11, 13, 15|
Root to change : 6 with colors |1, 2, 5, 7, 10, 12, 13, 14|
++++++++++++++++++++++
Trying improving 7, 7, 1, 11 with subs:
Root to change : 1 with colors |2, 4, 6, 7, 8, 11, 15|
Root to change : 11 with colors |1, 2, 5, 7, 10, 12, 13, 14|
++++++++++++++++++++++
Trying improving 7, 7, 5, 6 with subs:
Root to change : 5 with colors |2, 4, 6, 8, 9, 11, 13, 15|
Root to change : 6 with colors |1, 2, 5, 9, 10, 12, 14|
++++++++++++++++++++++
Trying improving 7, 7, 5, 11 with subs:
Root to change : 5 with colors |2, 4, 6, 7, 8, 11, 15|
Root to change : 11 with colors |1, 2, 5, 9, 10, 12, 14|
++++++++++++++++++++++
Trying improving 7, 11, 0, 5 with subs:
Root to change : 7 with colors |1, 2, 4, 5, 6, 8, 11, 12, 15|
Root to change : 11 with colors |1, 2, 3, 7, 12, 13, 14|
Root to change : 5 with colors |2, 3, 4, 7, 9, 11, 15|
++++++++++++++++++++++
Trying improving 7, 11, 0, 14 with subs:
Root to change : 7 with colors |1, 2, 5, 6, 11, 12, 15|
Root to change : 11 with colors |1, 2, 3, 4, 7, 8, 12, 13, 14|
Root to change : 14 with colors |2, 3, 4, 7, 9, 11, 15|
++++++++++++++++++++++
Trying improving 7, 11, 1, 1 with subs:
Root to change : 7 with colors |1, 2, 4, 5, 6, 8, 11, 12, 15|
Root to change : 11 with colors |1, 2, 3, 4, 7, 8, 12, 13, 14|
++++++++++++++++++++++
Trying improving 7, 11, 1, 2 with subs:
Root to change : 7 with colors |1, 2, 4, 5, 6, 8, 11, 12, 15|
Root to change : 11 with colors |1, 2, 3, 4, 7, 8, 12, 13, 14|
Root to change : 1 with colors |2, 4, 6, 7, 9, 11, 13|
++++++++++++++++++++++
Trying improving 7, 11, 1, 5 with subs:
Root to change : 7 with colors |1, 2, 4, 5, 6, 8, 11, 12, 15|
Root to change : 11 with colors |1, 2, 3, 7, 12, 13, 14|
++++++++++++++++++++++
Trying improving 7, 11, 1, 6 with subs:
Root to change : 7 with colors |1, 2, 4, 5, 6, 8, 11, 12, 15|
Root to change : 1 with colors |2, 4, 6, 8, 9, 11, 13, 15|
++++++++++++++++++++++
Trying improving 7, 11, 1, 7 with subs:
Root to change : 11 with colors |1, 2, 3, 4, 7, 8, 12, 13, 14|
Root to change : 1 with colors |2, 3, 4, 7, 8, 11, 13|
++++++++++++++++++++++
Trying improving 7, 11, 1, 11 with subs:
Root to change : 7 with colors |1, 2, 4, 5, 6, 8, 11, 12, 15|
Root to change : 1 with colors |2, 4, 6, 7, 8, 11, 15|
++++++++++++++++++++++
Trying improving 7, 11, 1, 13 with subs:
Root to change : 11 with colors |1, 2, 3, 4, 7, 8, 12, 13, 14|
Root to change : 1 with colors |2, 3, 4, 6, 7, 8, 9, 13|
++++++++++++++++++++++
Trying improving 7, 11, 1, 14 with subs:
Root to change : 7 with colors |1, 2, 5, 6, 11, 12, 15|
Root to change : 11 with colors |1, 2, 3, 4, 7, 8, 12, 13, 14|
++++++++++++++++++++++
Trying improving 7, 11, 2, 5 with subs:
Root to change : 7 with colors |1, 2, 4, 5, 6, 8, 11, 12, 15|
Root to change : 11 with colors |1, 2, 3, 7, 12, 13, 14|
Root to change : 5 with colors |2, 4, 6, 7, 9, 11, 13|
++++++++++++++++++++++
Trying improving 7, 11, 2, 14 with subs:
Root to change : 7 with colors |1, 2, 5, 6, 11, 12, 15|
Root to change : 11 with colors |1, 2, 3, 4, 7, 8, 12, 13, 14|
Root to change : 14 with colors |2, 4, 6, 7, 9, 11, 13|
++++++++++++++++++++++
Trying improving 7, 11, 5, 5 with subs:
Root to change : 7 with colors |1, 2, 4, 5, 6, 8, 11, 12, 15|
Root to change : 11 with colors |1, 2, 3, 7, 12, 13, 14|
++++++++++++++++++++++
Trying improving 7, 11, 5, 6 with subs:
Root to change : 7 with colors |1, 2, 4, 5, 6, 8, 11, 12, 15|
Root to change : 5 with colors |2, 4, 6, 8, 9, 11, 13, 15|
++++++++++++++++++++++
Trying improving 7, 11, 5, 9 with subs:
Root to change : 7 with colors |1, 2, 4, 5, 6, 8, 11, 12, 15|
Root to change : 11 with colors |1, 2, 3, 7, 12, 13, 14|
Root to change : 5 with colors |2, 3, 4, 6, 9, 13, 15|
++++++++++++++++++++++
Trying improving 7, 11, 5, 11 with subs:
Root to change : 7 with colors |1, 2, 4, 5, 6, 8, 11, 12, 15|
Root to change : 5 with colors |2, 4, 6, 7, 8, 11, 15|
++++++++++++++++++++++
Trying improving 7, 11, 5, 14 with subs:
Root to change : 7 with colors |1, 2, 5, 6, 11, 12, 15|
Root to change : 11 with colors |1, 2, 3, 7, 12, 13, 14|
++++++++++++++++++++++
Trying improving 7, 11, 7, 14 with subs:
Root to change : 11 with colors |1, 2, 3, 4, 7, 8, 12, 13, 14|
Root to change : 14 with colors |2, 3, 4, 7, 8, 11, 13|
++++++++++++++++++++++
Trying improving 7, 11, 9, 14 with subs:
Root to change : 7 with colors |1, 2, 5, 6, 11, 12, 15|
Root to change : 11 with colors |1, 2, 3, 4, 7, 8, 12, 13, 14|
Root to change : 14 with colors |2, 3, 4, 6, 9, 13, 15|
++++++++++++++++++++++
Trying improving 7, 11, 13, 14 with subs:
Root to change : 11 with colors |1, 2, 3, 4, 7, 8, 12, 13, 14|
Root to change : 14 with colors |2, 3, 4, 6, 7, 8, 9, 13|
++++++++++++++++++++++
Trying improving 7, 11, 14, 14 with subs:
Root to change : 7 with colors |1, 2, 5, 6, 11, 12, 15|
Root to change : 11 with colors |1, 2, 3, 4, 7, 8, 12, 13, 14|
++++++++++++++++++++++
Trying improving 7, 13, 1, 6 with subs:
Root to change : 1 with colors |2, 4, 6, 8, 9, 11, 13, 15|
Root to change : 6 with colors |1, 2, 5, 7, 10, 12, 13, 14|
++++++++++++++++++++++
Trying improving 7, 13, 1, 11 with subs:
Root to change : 1 with colors |2, 4, 6, 7, 8, 11, 15|
Root to change : 11 with colors |1, 2, 5, 7, 10, 12, 13, 14|
++++++++++++++++++++++
Trying improving 7, 13, 5, 6 with subs:
Root to change : 7 with colors |2, 3, 4, 6, 9, 10, 13, 14|
Root to change : 5 with colors |2, 4, 6, 8, 9, 11, 13, 15|
Root to change : 6 with colors |1, 2, 5, 9, 10, 12, 14|
++++++++++++++++++++++
Trying improving 7, 13, 5, 11 with subs:
Root to change : 5 with colors |2, 4, 6, 7, 8, 11, 15|
Root to change : 11 with colors |1, 2, 5, 9, 10, 12, 14|
++++++++++++++++++++++
Trying improving 7, 14, 0, 11 with subs:
Root to change : 7 with colors |1, 2, 5, 9, 10, 12, 14|
Root to change : 14 with colors |2, 3, 4, 7, 8, 11, 13|
Root to change : 11 with colors |2, 3, 4, 5, 7, 9, 12, 14, 15|
++++++++++++++++++++++
Trying improving 7, 14, 1, 6 with subs:
Root to change : 7 with colors |1, 2, 5, 9, 10, 12, 14|
Root to change : 6 with colors |1, 2, 5, 7, 10, 12, 13, 14|
++++++++++++++++++++++
Trying improving 7, 14, 1, 11 with subs:
Root to change : 7 with colors |1, 2, 5, 9, 10, 12, 14|
Root to change : 11 with colors |1, 2, 5, 7, 10, 12, 13, 14|
++++++++++++++++++++++
Trying improving 7, 14, 2, 11 with subs:
Root to change : 7 with colors |1, 2, 5, 9, 10, 12, 14|
Root to change : 14 with colors |2, 3, 4, 7, 8, 11, 13|
Root to change : 11 with colors |1, 2, 4, 5, 6, 7, 9, 13, 14|
++++++++++++++++++++++
Trying improving 7, 14, 4, 11 with subs:
Root to change : 14 with colors |2, 3, 4, 7, 8, 11, 13|
Root to change : 11 with colors |2, 3, 4, 6, 7, 8, 9, 13, 15|
++++++++++++++++++++++
Trying improving 7, 14, 5, 6 with subs:
Root to change : 7 with colors |1, 2, 3, 5, 9, 10, 12, 13, 14|
Root to change : 6 with colors |1, 2, 5, 9, 10, 12, 14|
++++++++++++++++++++++
Trying improving 7, 14, 5, 11 with subs:
Root to change : 7 with colors |1, 2, 5, 9, 10, 12, 14|
Root to change : 11 with colors |1, 2, 5, 9, 10, 12, 14|
++++++++++++++++++++++
Trying improving 7, 14, 6, 11 with subs:
Root to change : 7 with colors |1, 2, 5, 9, 10, 12, 14|
Root to change : 14 with colors |2, 3, 4, 7, 8, 11, 13|
++++++++++++++++++++++
Trying improving 7, 14, 7, 11 with subs:
Root to change : 14 with colors |2, 3, 4, 7, 8, 11, 13|
Root to change : 11 with colors |1, 2, 3, 4, 7, 8, 12, 13, 14|
++++++++++++++++++++++
Trying improving 7, 14, 11, 11 with subs:
Root to change : 7 with colors |1, 2, 5, 9, 10, 12, 14|
Root to change : 14 with colors |2, 3, 4, 7, 8, 11, 13|
++++++++++++++++++++++
Trying improving 9, 14, 4, 11 with subs:
Root to change : 14 with colors |2, 3, 4, 5, 6, 9, 10, 13, 15|
Root to change : 4 with colors |1, 2, 5, 6, 11, 12, 15|
Root to change : 11 with colors |2, 3, 4, 6, 7, 8, 9, 13, 15|
++++++++++++++++++++++
Trying improving 9, 14, 7, 11 with subs:
Root to change : 14 with colors |2, 3, 4, 6, 9, 13, 15|
Root to change : 7 with colors |1, 2, 5, 6, 11, 12, 15|
Root to change : 11 with colors |1, 2, 3, 4, 7, 8, 12, 13, 14|
++++++++++++++++++++++
Trying improving 11, 11, 1, 7 with subs:
Root to change : 1 with colors |2, 3, 4, 7, 8, 11, 13|
Root to change : 7 with colors |1, 2, 5, 6, 10, 11, 12, 14|
++++++++++++++++++++++
Trying improving 11, 11, 1, 13 with subs:
Root to change : 1 with colors |2, 3, 4, 6, 7, 8, 9, 13|
Root to change : 13 with colors |1, 2, 5, 6, 10, 11, 12, 14|
++++++++++++++++++++++
Trying improving 11, 11, 7, 14 with subs:
Root to change : 7 with colors |1, 2, 5, 9, 10, 12, 14|
Root to change : 14 with colors |2, 3, 4, 7, 8, 11, 13|
++++++++++++++++++++++
Trying improving 11, 11, 13, 14 with subs:
Root to change : 13 with colors |1, 2, 5, 9, 10, 12, 14|
Root to change : 14 with colors |2, 3, 4, 6, 7, 8, 9, 13|
++++++++++++++++++++++
Trying improving 13, 14, 0, 11 with subs:
Root to change : 13 with colors |1, 2, 5, 9, 10, 12, 14|
Root to change : 14 with colors |2, 3, 4, 6, 7, 8, 9, 13|
Root to change : 11 with colors |2, 3, 4, 5, 7, 9, 12, 14, 15|
++++++++++++++++++++++
Trying improving 13, 14, 1, 6 with subs:
Root to change : 13 with colors |1, 2, 5, 9, 10, 12, 14|
Root to change : 1 with colors |2, 4, 5, 6, 9, 10, 13, 15|
Root to change : 6 with colors |1, 2, 5, 7, 10, 12, 13, 14|
++++++++++++++++++++++
Trying improving 13, 14, 1, 11 with subs:
Root to change : 13 with colors |1, 2, 5, 9, 10, 12, 14|
Root to change : 11 with colors |1, 2, 5, 7, 10, 12, 13, 14|
++++++++++++++++++++++
Trying improving 13, 14, 2, 11 with subs:
Root to change : 13 with colors |1, 2, 5, 9, 10, 12, 14|
Root to change : 14 with colors |2, 3, 4, 6, 7, 8, 9, 13|
Root to change : 11 with colors |1, 2, 4, 5, 6, 7, 9, 13, 14|
++++++++++++++++++++++
Trying improving 13, 14, 4, 11 with subs:
Root to change : 14 with colors |2, 3, 4, 6, 7, 8, 9, 13|
Root to change : 11 with colors |2, 3, 4, 6, 7, 8, 9, 13, 15|
++++++++++++++++++++++
Trying improving 13, 14, 5, 11 with subs:
Root to change : 13 with colors |1, 2, 5, 9, 10, 12, 14|
Root to change : 11 with colors |1, 2, 5, 6, 9, 10, 12, 14, 15|
++++++++++++++++++++++
Trying improving 13, 14, 6, 11 with subs:
Root to change : 13 with colors |1, 2, 5, 9, 10, 12, 14|
Root to change : 14 with colors |2, 3, 4, 6, 7, 8, 9, 13|
Root to change : 11 with colors |2, 4, 5, 6, 9, 10, 13, 15|
++++++++++++++++++++++
Trying improving 13, 14, 7, 11 with subs:
Root to change : 14 with colors |2, 3, 4, 6, 7, 8, 9, 13|
Root to change : 11 with colors |1, 2, 3, 4, 7, 8, 12, 13, 14|
++++++++++++++++++++++
Trying improving 13, 14, 11, 11 with subs:
Root to change : 13 with colors |1, 2, 5, 9, 10, 12, 14|
Root to change : 14 with colors |2, 3, 4, 6, 7, 8, 9, 13|
++++++++++++++++++++++
Trying improving 14, 14, 4, 11 with subs:
Root to change : 4 with colors |1, 2, 5, 6, 11, 12, 15|
Root to change : 11 with colors |2, 3, 4, 6, 7, 8, 9, 13, 15|
++++++++++++++++++++++
Trying improving 14, 14, 7, 11 with subs:
Root to change : 7 with colors |1, 2, 5, 6, 11, 12, 15|
Root to change : 11 with colors |1, 2, 3, 4, 7, 8, 12, 13, 14|
++++++++++++++++++++++
Unable to be solved with SubSubProblem
