Trying substitutions to: 5
with goodVertices 3, 4, 7, 9, 12, 14, 15
bad color to improve: 3  3  with index 45
bad color to improve: 3  4  with index 46
bad color to improve: 3  7  with index 49
bad color to improve: 3  8  with index 50
bad color to improve: 3  13  with index 55
bad color to improve: 4  7  with index 61
bad color to improve: 8  13  with index 105
7 bad colorings on level 1
bad coloring on level 2  |1, 6, 0, 0|
bad coloring on level 2  |1, 6, 0, 2|
bad coloring on level 2  |5, 11, 0, 2|
bad coloring on level 2  |12, 15, 0, 2|
bad coloring on level 2  |1, 6, 0, 5|
bad coloring on level 2  |2, 11, 0, 5|
bad coloring on level 2  |1, 6, 0, 9|
bad coloring on level 2  |1, 11, 0, 9|
bad coloring on level 2  |1, 6, 0, 11|
bad coloring on level 2  |2, 5, 0, 11|
bad coloring on level 2  |9, 14, 0, 11|
bad coloring on level 2  |1, 6, 0, 12|
bad coloring on level 2  |2, 6, 0, 12|
bad coloring on level 2  |1, 6, 0, 14|
bad coloring on level 2  |6, 11, 0, 14|
bad coloring on level 2  |1, 2, 0, 15|
bad coloring on level 2  |1, 6, 0, 15|
bad coloring on level 2  |1, 6, 1, 1|
bad coloring on level 2  |2, 6, 1, 1|
bad coloring on level 2  |5, 6, 1, 1|
bad coloring on level 2  |6, 6, 1, 1|
bad coloring on level 2  |6, 9, 1, 1|
bad coloring on level 2  |6, 10, 1, 1|
bad coloring on level 2  |6, 11, 1, 1|
bad coloring on level 2  |6, 15, 1, 1|
bad coloring on level 2  |9, 15, 1, 1|
bad coloring on level 2  |0, 15, 1, 2|
bad coloring on level 2  |1, 6, 1, 2|
bad coloring on level 2  |2, 6, 1, 2|
bad coloring on level 2  |5, 6, 1, 2|
bad coloring on level 2  |5, 11, 1, 2|
bad coloring on level 2  |5, 15, 1, 2|
bad coloring on level 2  |6, 6, 1, 2|
bad coloring on level 2  |6, 9, 1, 2|
bad coloring on level 2  |6, 10, 1, 2|
bad coloring on level 2  |6, 11, 1, 2|
bad coloring on level 2  |6, 15, 1, 2|
bad coloring on level 2  |9, 15, 1, 2|
bad coloring on level 2  |10, 15, 1, 2|
bad coloring on level 2  |11, 15, 1, 2|
bad coloring on level 2  |12, 15, 1, 2|
bad coloring on level 2  |15, 15, 1, 2|
bad coloring on level 2  |1, 6, 1, 5|
bad coloring on level 2  |2, 6, 1, 5|
bad coloring on level 2  |2, 11, 1, 5|
bad coloring on level 2  |5, 6, 1, 5|
bad coloring on level 2  |6, 6, 1, 5|
bad coloring on level 2  |6, 9, 1, 5|
bad coloring on level 2  |6, 10, 1, 5|
bad coloring on level 2  |6, 11, 1, 5|
bad coloring on level 2  |6, 15, 1, 5|
bad coloring on level 2  |9, 15, 1, 5|
bad coloring on level 2  |0, 0, 1, 6|
bad coloring on level 2  |0, 2, 1, 6|
bad coloring on level 2  |0, 5, 1, 6|
bad coloring on level 2  |0, 9, 1, 6|
bad coloring on level 2  |0, 11, 1, 6|
bad coloring on level 2  |0, 12, 1, 6|
bad coloring on level 2  |0, 14, 1, 6|
bad coloring on level 2  |0, 15, 1, 6|
bad coloring on level 2  |1, 1, 1, 6|
bad coloring on level 2  |1, 2, 1, 6|
bad coloring on level 2  |1, 5, 1, 6|
bad coloring on level 2  |1, 6, 1, 6|
bad coloring on level 2  |1, 10, 1, 6|
bad coloring on level 2  |1, 11, 1, 6|
bad coloring on level 2  |1, 12, 1, 6|
bad coloring on level 2  |1, 14, 1, 6|
bad coloring on level 2  |2, 2, 1, 6|
bad coloring on level 2  |2, 5, 1, 6|
bad coloring on level 2  |2, 6, 1, 6|
bad coloring on level 2  |2, 9, 1, 6|
bad coloring on level 2  |2, 11, 1, 6|
bad coloring on level 2  |2, 14, 1, 6|
bad coloring on level 2  |5, 5, 1, 6|
bad coloring on level 2  |5, 6, 1, 6|
bad coloring on level 2  |5, 9, 1, 6|
bad coloring on level 2  |5, 10, 1, 6|
bad coloring on level 2  |5, 11, 1, 6|
bad coloring on level 2  |5, 12, 1, 6|
bad coloring on level 2  |5, 14, 1, 6|
bad coloring on level 2  |5, 15, 1, 6|
bad coloring on level 2  |6, 6, 1, 6|
bad coloring on level 2  |6, 9, 1, 6|
bad coloring on level 2  |6, 10, 1, 6|
bad coloring on level 2  |6, 11, 1, 6|
bad coloring on level 2  |6, 15, 1, 6|
bad coloring on level 2  |9, 9, 1, 6|
bad coloring on level 2  |9, 10, 1, 6|
bad coloring on level 2  |9, 14, 1, 6|
bad coloring on level 2  |9, 15, 1, 6|
bad coloring on level 2  |10, 10, 1, 6|
bad coloring on level 2  |10, 12, 1, 6|
bad coloring on level 2  |10, 14, 1, 6|
bad coloring on level 2  |10, 15, 1, 6|
bad coloring on level 2  |11, 11, 1, 6|
bad coloring on level 2  |11, 12, 1, 6|
bad coloring on level 2  |11, 15, 1, 6|
bad coloring on level 2  |12, 12, 1, 6|
bad coloring on level 2  |12, 14, 1, 6|
bad coloring on level 2  |12, 15, 1, 6|
bad coloring on level 2  |14, 14, 1, 6|
bad coloring on level 2  |15, 15, 1, 6|
bad coloring on level 2  |1, 6, 1, 10|
bad coloring on level 2  |2, 6, 1, 10|
bad coloring on level 2  |2, 11, 1, 10|
bad coloring on level 2  |5, 6, 1, 10|
bad coloring on level 2  |6, 6, 1, 10|
bad coloring on level 2  |6, 9, 1, 10|
bad coloring on level 2  |6, 10, 1, 10|
bad coloring on level 2  |6, 11, 1, 10|
bad coloring on level 2  |6, 15, 1, 10|
bad coloring on level 2  |9, 15, 1, 10|
bad coloring on level 2  |0, 9, 1, 11|
bad coloring on level 2  |1, 6, 1, 11|
bad coloring on level 2  |2, 5, 1, 11|
bad coloring on level 2  |2, 6, 1, 11|
bad coloring on level 2  |2, 9, 1, 11|
bad coloring on level 2  |5, 6, 1, 11|
bad coloring on level 2  |5, 9, 1, 11|
bad coloring on level 2  |6, 6, 1, 11|
bad coloring on level 2  |6, 9, 1, 11|
bad coloring on level 2  |6, 10, 1, 11|
bad coloring on level 2  |6, 11, 1, 11|
bad coloring on level 2  |6, 15, 1, 11|
bad coloring on level 2  |9, 9, 1, 11|
bad coloring on level 2  |9, 10, 1, 11|
bad coloring on level 2  |9, 14, 1, 11|
bad coloring on level 2  |9, 15, 1, 11|
bad coloring on level 2  |1, 6, 1, 12|
bad coloring on level 2  |2, 6, 1, 12|
bad coloring on level 2  |5, 6, 1, 12|
bad coloring on level 2  |6, 6, 1, 12|
bad coloring on level 2  |6, 9, 1, 12|
bad coloring on level 2  |6, 10, 1, 12|
bad coloring on level 2  |6, 11, 1, 12|
bad coloring on level 2  |6, 15, 1, 12|
bad coloring on level 2  |9, 15, 1, 12|
bad coloring on level 2  |1, 6, 1, 14|
bad coloring on level 2  |2, 6, 1, 14|
bad coloring on level 2  |5, 6, 1, 14|
bad coloring on level 2  |6, 6, 1, 14|
bad coloring on level 2  |6, 9, 1, 14|
bad coloring on level 2  |6, 10, 1, 14|
bad coloring on level 2  |6, 11, 1, 14|
bad coloring on level 2  |6, 15, 1, 14|
bad coloring on level 2  |9, 15, 1, 14|
bad coloring on level 2  |1, 6, 2, 2|
bad coloring on level 2  |5, 11, 2, 2|
bad coloring on level 2  |12, 15, 2, 2|
bad coloring on level 2  |0, 11, 2, 5|
bad coloring on level 2  |1, 6, 2, 5|
bad coloring on level 2  |1, 11, 2, 5|
bad coloring on level 2  |2, 11, 2, 5|
bad coloring on level 2  |5, 11, 2, 5|
bad coloring on level 2  |6, 11, 2, 5|
bad coloring on level 2  |11, 11, 2, 5|
bad coloring on level 2  |11, 12, 2, 5|
bad coloring on level 2  |11, 15, 2, 5|
bad coloring on level 2  |12, 15, 2, 5|
bad coloring on level 2  |0, 12, 2, 6|
bad coloring on level 2  |1, 1, 2, 6|
bad coloring on level 2  |1, 2, 2, 6|
bad coloring on level 2  |1, 5, 2, 6|
bad coloring on level 2  |1, 6, 2, 6|
bad coloring on level 2  |1, 10, 2, 6|
bad coloring on level 2  |1, 11, 2, 6|
bad coloring on level 2  |1, 12, 2, 6|
bad coloring on level 2  |1, 14, 2, 6|
bad coloring on level 2  |5, 11, 2, 6|
bad coloring on level 2  |5, 12, 2, 6|
bad coloring on level 2  |10, 12, 2, 6|
bad coloring on level 2  |11, 12, 2, 6|
bad coloring on level 2  |12, 12, 2, 6|
bad coloring on level 2  |12, 14, 2, 6|
bad coloring on level 2  |12, 15, 2, 6|
bad coloring on level 2  |1, 6, 2, 9|
bad coloring on level 2  |1, 11, 2, 9|
bad coloring on level 2  |5, 11, 2, 9|
bad coloring on level 2  |11, 12, 2, 9|
bad coloring on level 2  |12, 15, 2, 9|
bad coloring on level 2  |0, 5, 2, 11|
bad coloring on level 2  |1, 5, 2, 11|
bad coloring on level 2  |1, 6, 2, 11|
bad coloring on level 2  |1, 10, 2, 11|
bad coloring on level 2  |2, 5, 2, 11|
bad coloring on level 2  |5, 5, 2, 11|
bad coloring on level 2  |5, 6, 2, 11|
bad coloring on level 2  |5, 9, 2, 11|
bad coloring on level 2  |5, 10, 2, 11|
bad coloring on level 2  |5, 11, 2, 11|
bad coloring on level 2  |5, 12, 2, 11|
bad coloring on level 2  |5, 14, 2, 11|
bad coloring on level 2  |5, 15, 2, 11|
bad coloring on level 2  |6, 10, 2, 11|
bad coloring on level 2  |9, 10, 2, 11|
bad coloring on level 2  |9, 14, 2, 11|
bad coloring on level 2  |10, 10, 2, 11|
bad coloring on level 2  |10, 12, 2, 11|
bad coloring on level 2  |10, 14, 2, 11|
bad coloring on level 2  |10, 15, 2, 11|
bad coloring on level 2  |12, 15, 2, 11|
bad coloring on level 2  |1, 6, 2, 14|
bad coloring on level 2  |5, 11, 2, 14|
bad coloring on level 2  |6, 11, 2, 14|
bad coloring on level 2  |11, 15, 2, 14|
bad coloring on level 2  |12, 15, 2, 14|
bad coloring on level 2  |1, 6, 5, 5|
bad coloring on level 2  |2, 11, 5, 5|
bad coloring on level 2  |1, 1, 5, 6|
bad coloring on level 2  |1, 2, 5, 6|
bad coloring on level 2  |1, 5, 5, 6|
bad coloring on level 2  |1, 6, 5, 6|
bad coloring on level 2  |1, 10, 5, 6|
bad coloring on level 2  |1, 11, 5, 6|
bad coloring on level 2  |1, 12, 5, 6|
bad coloring on level 2  |1, 14, 5, 6|
bad coloring on level 2  |2, 11, 5, 6|
bad coloring on level 2  |12, 14, 5, 6|
bad coloring on level 2  |1, 6, 5, 9|
bad coloring on level 2  |1, 11, 5, 9|
bad coloring on level 2  |2, 11, 5, 9|
bad coloring on level 2  |1, 6, 5, 10|
bad coloring on level 2  |2, 11, 5, 10|
bad coloring on level 2  |0, 2, 5, 11|
bad coloring on level 2  |1, 2, 5, 11|
bad coloring on level 2  |1, 6, 5, 11|
bad coloring on level 2  |2, 2, 5, 11|
bad coloring on level 2  |2, 5, 5, 11|
bad coloring on level 2  |2, 6, 5, 11|
bad coloring on level 2  |2, 9, 5, 11|
bad coloring on level 2  |2, 11, 5, 11|
bad coloring on level 2  |2, 14, 5, 11|
bad coloring on level 2  |9, 14, 5, 11|
bad coloring on level 2  |1, 6, 5, 12|
bad coloring on level 2  |2, 6, 5, 12|
bad coloring on level 2  |2, 11, 5, 12|
bad coloring on level 2  |1, 6, 5, 14|
bad coloring on level 2  |2, 11, 5, 14|
bad coloring on level 2  |6, 11, 5, 14|
bad coloring on level 2  |1, 2, 5, 15|
bad coloring on level 2  |1, 6, 5, 15|
bad coloring on level 2  |2, 11, 5, 15|
bad coloring on level 2  |1, 1, 6, 6|
bad coloring on level 2  |1, 2, 6, 6|
bad coloring on level 2  |1, 5, 6, 6|
bad coloring on level 2  |1, 6, 6, 6|
bad coloring on level 2  |1, 10, 6, 6|
bad coloring on level 2  |1, 11, 6, 6|
bad coloring on level 2  |1, 12, 6, 6|
bad coloring on level 2  |1, 14, 6, 6|
bad coloring on level 2  |12, 14, 6, 6|
bad coloring on level 2  |1, 1, 6, 9|
bad coloring on level 2  |1, 2, 6, 9|
bad coloring on level 2  |1, 5, 6, 9|
bad coloring on level 2  |1, 6, 6, 9|
bad coloring on level 2  |1, 10, 6, 9|
bad coloring on level 2  |1, 11, 6, 9|
bad coloring on level 2  |1, 12, 6, 9|
bad coloring on level 2  |1, 14, 6, 9|
bad coloring on level 2  |12, 14, 6, 9|
bad coloring on level 2  |1, 1, 6, 10|
bad coloring on level 2  |1, 2, 6, 10|
bad coloring on level 2  |1, 5, 6, 10|
bad coloring on level 2  |1, 6, 6, 10|
bad coloring on level 2  |1, 10, 6, 10|
bad coloring on level 2  |1, 11, 6, 10|
bad coloring on level 2  |1, 12, 6, 10|
bad coloring on level 2  |1, 14, 6, 10|
bad coloring on level 2  |2, 11, 6, 10|
bad coloring on level 2  |12, 14, 6, 10|
bad coloring on level 2  |0, 14, 6, 11|
bad coloring on level 2  |1, 1, 6, 11|
bad coloring on level 2  |1, 2, 6, 11|
bad coloring on level 2  |1, 5, 6, 11|
bad coloring on level 2  |1, 6, 6, 11|
bad coloring on level 2  |1, 10, 6, 11|
bad coloring on level 2  |1, 11, 6, 11|
bad coloring on level 2  |1, 12, 6, 11|
bad coloring on level 2  |1, 14, 6, 11|
bad coloring on level 2  |2, 5, 6, 11|
bad coloring on level 2  |2, 14, 6, 11|
bad coloring on level 2  |5, 14, 6, 11|
bad coloring on level 2  |9, 14, 6, 11|
bad coloring on level 2  |10, 14, 6, 11|
bad coloring on level 2  |12, 14, 6, 11|
bad coloring on level 2  |14, 14, 6, 11|
bad coloring on level 2  |1, 1, 6, 15|
bad coloring on level 2  |1, 2, 6, 15|
bad coloring on level 2  |1, 5, 6, 15|
bad coloring on level 2  |1, 6, 6, 15|
bad coloring on level 2  |1, 10, 6, 15|
bad coloring on level 2  |1, 11, 6, 15|
bad coloring on level 2  |1, 12, 6, 15|
bad coloring on level 2  |1, 14, 6, 15|
bad coloring on level 2  |12, 14, 6, 15|
bad coloring on level 2  |1, 6, 9, 9|
bad coloring on level 2  |1, 11, 9, 9|
bad coloring on level 2  |1, 6, 9, 10|
bad coloring on level 2  |1, 11, 9, 10|
bad coloring on level 2  |2, 11, 9, 10|
bad coloring on level 2  |0, 11, 9, 14|
bad coloring on level 2  |1, 6, 9, 14|
bad coloring on level 2  |1, 11, 9, 14|
bad coloring on level 2  |2, 11, 9, 14|
bad coloring on level 2  |5, 11, 9, 14|
bad coloring on level 2  |6, 11, 9, 14|
bad coloring on level 2  |11, 11, 9, 14|
bad coloring on level 2  |11, 12, 9, 14|
bad coloring on level 2  |11, 15, 9, 14|
bad coloring on level 2  |1, 1, 9, 15|
bad coloring on level 2  |1, 2, 9, 15|
bad coloring on level 2  |1, 5, 9, 15|
bad coloring on level 2  |1, 6, 9, 15|
bad coloring on level 2  |1, 10, 9, 15|
bad coloring on level 2  |1, 11, 9, 15|
bad coloring on level 2  |1, 12, 9, 15|
bad coloring on level 2  |1, 14, 9, 15|
bad coloring on level 2  |1, 6, 10, 10|
bad coloring on level 2  |2, 11, 10, 10|
bad coloring on level 2  |1, 6, 10, 12|
bad coloring on level 2  |2, 6, 10, 12|
bad coloring on level 2  |2, 11, 10, 12|
bad coloring on level 2  |1, 6, 10, 14|
bad coloring on level 2  |2, 11, 10, 14|
bad coloring on level 2  |6, 11, 10, 14|
bad coloring on level 2  |1, 2, 10, 15|
bad coloring on level 2  |1, 6, 10, 15|
bad coloring on level 2  |2, 11, 10, 15|
bad coloring on level 2  |1, 6, 11, 11|
bad coloring on level 2  |2, 5, 11, 11|
bad coloring on level 2  |9, 14, 11, 11|
bad coloring on level 2  |1, 6, 11, 12|
bad coloring on level 2  |2, 5, 11, 12|
bad coloring on level 2  |2, 6, 11, 12|
bad coloring on level 2  |2, 9, 11, 12|
bad coloring on level 2  |9, 14, 11, 12|
bad coloring on level 2  |1, 2, 11, 15|
bad coloring on level 2  |1, 6, 11, 15|
bad coloring on level 2  |2, 5, 11, 15|
bad coloring on level 2  |2, 14, 11, 15|
bad coloring on level 2  |9, 14, 11, 15|
bad coloring on level 2  |1, 6, 12, 12|
bad coloring on level 2  |2, 6, 12, 12|
bad coloring on level 2  |1, 6, 12, 14|
bad coloring on level 2  |2, 6, 12, 14|
bad coloring on level 2  |5, 6, 12, 14|
bad coloring on level 2  |6, 6, 12, 14|
bad coloring on level 2  |6, 9, 12, 14|
bad coloring on level 2  |6, 10, 12, 14|
bad coloring on level 2  |6, 11, 12, 14|
bad coloring on level 2  |6, 15, 12, 14|
bad coloring on level 2  |0, 2, 12, 15|
bad coloring on level 2  |1, 2, 12, 15|
bad coloring on level 2  |1, 6, 12, 15|
bad coloring on level 2  |2, 2, 12, 15|
bad coloring on level 2  |2, 5, 12, 15|
bad coloring on level 2  |2, 6, 12, 15|
bad coloring on level 2  |2, 9, 12, 15|
bad coloring on level 2  |2, 11, 12, 15|
bad coloring on level 2  |2, 14, 12, 15|
bad coloring on level 2  |1, 6, 14, 14|
bad coloring on level 2  |6, 11, 14, 14|
bad coloring on level 2  |1, 2, 15, 15|
bad coloring on level 2  |1, 6, 15, 15|

365 bad colorings on level 2
Sub sub problem :
Trying improving 0, 0, 1, 6 with subs:
Root to change : 1 with colors |2, 4, 5, 6, 8, 9, 10, 11, 13, 15|
Root to change : 6 with colors |1, 2, 5, 7, 8, 10, 11, 12, 13, 14|
++++++++++++++++++++++
Trying improving 0, 2, 1, 6 with subs:
Root to change : 1 with colors |2, 4, 5, 6, 8, 9, 10, 11, 13, 15|
Root to change : 6 with colors |1, 2, 5, 7, 8, 10, 11, 12, 13, 14|
++++++++++++++++++++++
Trying improving 0, 2, 5, 11 with subs:
Root to change : 2 with colors |3, 4, 5, 7, 9, 11, 12, 14, 15|
Root to change : 5 with colors |1, 2, 4, 6, 7, 8, 11, 12, 15|
Root to change : 11 with colors |1, 2, 5, 6, 9, 10, 12, 14, 15|
++++++++++++++++++++++
Trying improving 0, 2, 12, 15 with subs:
Root to change : 2 with colors |3, 4, 5, 7, 9, 11, 12, 14, 15|
Root to change : 12 with colors |3, 4, 5, 6, 8, 9, 10, 11, 15|
Root to change : 15 with colors |1, 3, 5, 7, 8, 10, 11, 12, 14|
++++++++++++++++++++++
Trying improving 0, 5, 1, 6 with subs:
Root to change : 1 with colors |2, 4, 5, 6, 8, 9, 10, 11, 13, 15|
Root to change : 6 with colors |1, 2, 5, 7, 8, 10, 11, 12, 13, 14|
++++++++++++++++++++++
Trying improving 0, 5, 2, 11 with subs:
Root to change : 5 with colors |2, 3, 4, 7, 9, 11, 12, 14, 15|
Root to change : 2 with colors |1, 4, 5, 6, 7, 8, 11, 12, 15|
Root to change : 11 with colors |1, 2, 4, 5, 6, 7, 9, 13, 14|
++++++++++++++++++++++
Trying improving 0, 9, 1, 6 with subs:
Root to change : 1 with colors |2, 4, 5, 6, 8, 9, 10, 11, 13, 15|
Root to change : 6 with colors |1, 2, 5, 7, 10, 12, 13, 14|
++++++++++++++++++++++
Trying improving 0, 9, 1, 11 with subs:
Root to change : 9 with colors |2, 3, 4, 5, 7, 11, 12, 14, 15|
Root to change : 1 with colors |2, 4, 5, 6, 7, 8, 11, 12, 15|
Root to change : 11 with colors |1, 2, 5, 7, 10, 12, 13, 14|
++++++++++++++++++++++
Trying improving 0, 11, 1, 6 with subs:
Root to change : 1 with colors |2, 4, 5, 6, 8, 9, 10, 11, 13, 15|
Root to change : 6 with colors |1, 2, 5, 7, 8, 10, 11, 12, 13, 14|
++++++++++++++++++++++
Trying improving 0, 11, 2, 5 with subs:
Root to change : 11 with colors |2, 3, 4, 5, 7, 9, 12, 14, 15|
Root to change : 2 with colors |1, 5, 6, 9, 10, 11, 12, 14, 15|
Root to change : 5 with colors |1, 2, 4, 6, 7, 9, 11, 13, 14|
++++++++++++++++++++++
Trying improving 0, 11, 9, 14 with subs:
Root to change : 11 with colors |2, 3, 4, 5, 7, 9, 12, 14, 15|
Root to change : 9 with colors |1, 2, 3, 5, 7, 10, 12, 13, 14|
Root to change : 14 with colors |2, 3, 4, 5, 6, 9, 10, 13, 15|
++++++++++++++++++++++
Trying improving 0, 12, 1, 6 with subs:
Root to change : 1 with colors |4, 5, 6, 8, 9, 10, 11, 15|
Root to change : 6 with colors |1, 2, 5, 7, 8, 10, 11, 12, 13, 14|
++++++++++++++++++++++
Trying improving 0, 12, 2, 6 with subs:
Root to change : 12 with colors |2, 3, 4, 5, 7, 9, 11, 14, 15|
Root to change : 2 with colors |4, 5, 6, 8, 9, 10, 11, 15|
Root to change : 6 with colors |1, 2, 4, 5, 7, 9, 11, 13, 14|
++++++++++++++++++++++
Trying improving 0, 14, 1, 6 with subs:
Root to change : 1 with colors |2, 4, 5, 6, 9, 10, 13, 15|
Root to change : 6 with colors |1, 2, 5, 7, 8, 10, 11, 12, 13, 14|
++++++++++++++++++++++
Trying improving 0, 14, 6, 11 with subs:
Root to change : 14 with colors |2, 3, 4, 5, 7, 9, 11, 12, 15|
Root to change : 6 with colors |1, 2, 4, 5, 7, 8, 11, 12, 15|
Root to change : 11 with colors |2, 4, 5, 6, 9, 10, 13, 15|
++++++++++++++++++++++
Trying improving 0, 15, 1, 2 with subs:
Root to change : 15 with colors |2, 3, 4, 5, 7, 9, 11, 12, 14|
Root to change : 1 with colors |2, 4, 5, 6, 7, 9, 11, 13, 14|
Root to change : 2 with colors |1, 5, 7, 8, 10, 11, 12, 14|
++++++++++++++++++++++
Trying improving 0, 15, 1, 6 with subs:
Root to change : 1 with colors |2, 4, 5, 6, 8, 9, 10, 11, 13, 15|
Root to change : 6 with colors |1, 5, 7, 8, 10, 11, 12, 14|
++++++++++++++++++++++
Trying improving 1, 1, 1, 6 with subs:
Root to change : 6 with colors |1, 2, 5, 7, 8, 10, 11, 12, 13, 14|
++++++++++++++++++++++
Trying improving 1, 1, 2, 6 with subs:
Root to change : 6 with colors |1, 2, 4, 5, 7, 9, 11, 13, 14|
++++++++++++++++++++++
Trying improving 1, 1, 5, 6 with subs:
Root to change : 6 with colors |1, 2, 5, 9, 10, 11, 12, 14, 15|
++++++++++++++++++++++
Trying improving 1, 1, 6, 9 with subs:
Root to change : 6 with colors |2, 3, 5, 9, 10, 13, 14|
++++++++++++++++++++++
Trying improving 1, 1, 6, 10 with subs:
Root to change : 6 with colors |1, 3, 5, 8, 9, 10, 12, 13, 14, 15|
++++++++++++++++++++++
Trying improving 1, 1, 6, 11 with subs:
Root to change : 6 with colors |1, 2, 4, 5, 7, 8, 11, 12, 15|
++++++++++++++++++++++
Trying improving 1, 1, 6, 15 with subs:
Root to change : 6 with colors |3, 5, 8, 10, 11, 12, 15|
++++++++++++++++++++++
Trying improving 1, 1, 9, 15 with subs:
Root to change : 9 with colors |3, 5, 8, 10, 11, 12, 15|
Root to change : 15 with colors |2, 3, 5, 9, 10, 13, 14|
++++++++++++++++++++++
Trying improving 1, 2, 0, 15 with subs:
Root to change : 1 with colors |2, 4, 5, 6, 7, 9, 11, 13, 14|
Root to change : 2 with colors |1, 5, 7, 8, 10, 11, 12, 14|
Root to change : 15 with colors |2, 3, 4, 5, 7, 9, 11, 12, 14|
++++++++++++++++++++++
Trying improving 1, 2, 1, 6 with subs:
Root to change : 6 with colors |1, 2, 5, 7, 8, 10, 11, 12, 13, 14|
++++++++++++++++++++++
Trying improving 1, 2, 2, 6 with subs:
Root to change : 1 with colors |2, 4, 5, 6, 7, 9, 11, 13, 14|
Root to change : 6 with colors |1, 2, 4, 5, 7, 9, 11, 13, 14|
++++++++++++++++++++++
Trying improving 1, 2, 5, 6 with subs:
Root to change : 1 with colors |2, 4, 5, 6, 9, 13, 14|
Root to change : 6 with colors |1, 2, 5, 9, 10, 12, 14|
++++++++++++++++++++++
Trying improving 1, 2, 5, 11 with subs:
Root to change : 2 with colors |1, 5, 7, 8, 10, 11, 12, 14|
Root to change : 5 with colors |1, 2, 4, 7, 8, 11, 12|
Root to change : 11 with colors |1, 2, 5, 9, 10, 12, 14|
++++++++++++++++++++++
Trying improving 1, 2, 5, 15 with subs:
Root to change : 1 with colors |2, 4, 5, 6, 9, 13, 14|
Root to change : 2 with colors |1, 5, 7, 8, 10, 11, 12, 14|
Root to change : 15 with colors |1, 2, 5, 9, 10, 12, 14|
++++++++++++++++++++++
Trying improving 1, 2, 6, 6 with subs:
Root to change : 1 with colors |2, 4, 5, 6, 7, 9, 11, 13, 14|
++++++++++++++++++++++
Trying improving 1, 2, 6, 9 with subs:
Root to change : 1 with colors |2, 4, 5, 6, 7, 9, 11, 13, 14|
Root to change : 6 with colors |2, 3, 5, 9, 10, 13, 14|
++++++++++++++++++++++
Trying improving 1, 2, 6, 10 with subs:
Root to change : 1 with colors |2, 4, 5, 6, 9, 13, 14|
Root to change : 6 with colors |1, 3, 5, 9, 10, 12, 13, 14|
++++++++++++++++++++++
Trying improving 1, 2, 6, 11 with subs:
Root to change : 1 with colors |2, 4, 6, 7, 9, 11, 13|
Root to change : 6 with colors |1, 2, 4, 7, 8, 11, 12|
++++++++++++++++++++++
Trying improving 1, 2, 6, 15 with subs:
Root to change : 1 with colors |2, 4, 5, 6, 7, 9, 11, 13, 14|
++++++++++++++++++++++
Trying improving 1, 2, 9, 15 with subs:
Root to change : 1 with colors |2, 4, 5, 6, 7, 9, 11, 13, 14|
Root to change : 15 with colors |2, 3, 5, 9, 10, 13, 14|
++++++++++++++++++++++
Trying improving 1, 2, 10, 15 with subs:
Root to change : 1 with colors |2, 4, 5, 6, 9, 13, 14|
Root to change : 2 with colors |1, 5, 7, 8, 10, 11, 12, 14|
Root to change : 15 with colors |1, 3, 5, 9, 10, 12, 13, 14|
++++++++++++++++++++++
Trying improving 1, 2, 11, 15 with subs:
Root to change : 1 with colors |2, 4, 6, 7, 9, 11, 13|
Root to change : 2 with colors |1, 5, 7, 8, 10, 11, 12, 14|
Root to change : 15 with colors |1, 2, 4, 7, 8, 11, 12|
++++++++++++++++++++++
Trying improving 1, 2, 12, 15 with subs:
Root to change : 2 with colors |1, 5, 7, 8, 10, 11, 12, 14|
Root to change : 15 with colors |1, 3, 5, 7, 8, 10, 11, 12, 14|
++++++++++++++++++++++
Trying improving 1, 2, 15, 15 with subs:
Root to change : 1 with colors |2, 4, 5, 6, 7, 9, 11, 13, 14|
Root to change : 2 with colors |1, 5, 7, 8, 10, 11, 12, 14|
++++++++++++++++++++++
Trying improving 1, 5, 1, 6 with subs:
Root to change : 6 with colors |1, 2, 5, 7, 8, 10, 11, 12, 13, 14|
++++++++++++++++++++++
Trying improving 1, 5, 2, 6 with subs:
Root to change : 1 with colors |2, 5, 6, 9, 10, 14, 15|
Root to change : 6 with colors |1, 2, 5, 7, 9, 13, 14|
++++++++++++++++++++++
Trying improving 1, 5, 2, 11 with subs:
Root to change : 5 with colors |1, 2, 7, 8, 11, 12, 13, 14|
Root to change : 2 with colors |1, 5, 7, 8, 11, 12, 15|
Root to change : 11 with colors |1, 2, 5, 7, 9, 13, 14|
++++++++++++++++++++++
Trying improving 1, 5, 5, 6 with subs:
Root to change : 1 with colors |2, 5, 6, 9, 10, 11, 12, 14, 15|
Root to change : 6 with colors |1, 2, 5, 9, 10, 11, 12, 14, 15|
++++++++++++++++++++++
Trying improving 1, 5, 6, 6 with subs:
Root to change : 1 with colors |2, 5, 6, 9, 10, 11, 12, 14, 15|
++++++++++++++++++++++
Trying improving 1, 5, 6, 9 with subs:
Root to change : 1 with colors |2, 5, 6, 9, 10, 11, 12, 14, 15|
Root to change : 6 with colors |2, 3, 5, 9, 10, 13, 14|
++++++++++++++++++++++
Trying improving 1, 5, 6, 10 with subs:
Root to change : 1 with colors |2, 5, 6, 9, 10, 11, 12, 14, 15|
Root to change : 6 with colors |1, 3, 5, 8, 9, 10, 12, 13, 14, 15|
++++++++++++++++++++++
Trying improving 1, 5, 6, 11 with subs:
Root to change : 1 with colors |5, 6, 9, 10, 11, 12, 15|
Root to change : 6 with colors |1, 5, 7, 8, 11, 12, 15|
++++++++++++++++++++++
Trying improving 1, 5, 6, 15 with subs:
Root to change : 1 with colors |2, 5, 6, 9, 10, 11, 12, 14, 15|
Root to change : 6 with colors |3, 5, 8, 10, 11, 12, 15|
++++++++++++++++++++++
Trying improving 1, 5, 9, 15 with subs:
Root to change : 1 with colors |2, 5, 6, 9, 10, 11, 12, 14, 15|
Root to change : 9 with colors |3, 5, 8, 10, 11, 12, 15|
Root to change : 15 with colors |2, 3, 5, 9, 10, 13, 14|
++++++++++++++++++++++
Trying improving 1, 6, 0, 0 with subs:
Root to change : 1 with colors |2, 4, 5, 6, 8, 9, 10, 11, 13, 15|
Root to change : 6 with colors |1, 2, 5, 7, 8, 10, 11, 12, 13, 14|
++++++++++++++++++++++
Trying improving 1, 6, 0, 2 with subs:
Root to change : 1 with colors |2, 4, 5, 6, 8, 9, 10, 11, 13, 15|
Root to change : 6 with colors |1, 2, 5, 7, 8, 10, 11, 12, 13, 14|
++++++++++++++++++++++
Trying improving 1, 6, 0, 5 with subs:
Root to change : 1 with colors |2, 4, 5, 6, 8, 9, 10, 11, 13, 15|
Root to change : 6 with colors |1, 2, 5, 7, 8, 10, 11, 12, 13, 14|
++++++++++++++++++++++
Trying improving 1, 6, 0, 9 with subs:
Root to change : 1 with colors |2, 4, 5, 6, 8, 9, 10, 11, 13, 15|
Root to change : 6 with colors |1, 2, 5, 7, 10, 12, 13, 14|
++++++++++++++++++++++
Trying improving 1, 6, 0, 11 with subs:
Root to change : 1 with colors |2, 4, 5, 6, 8, 9, 10, 11, 13, 15|
Root to change : 6 with colors |1, 2, 5, 7, 8, 10, 11, 12, 13, 14|
++++++++++++++++++++++
Trying improving 1, 6, 0, 12 with subs:
Root to change : 1 with colors |4, 5, 6, 8, 9, 10, 11, 15|
Root to change : 6 with colors |1, 2, 5, 7, 8, 10, 11, 12, 13, 14|
++++++++++++++++++++++
Trying improving 1, 6, 0, 14 with subs:
Root to change : 1 with colors |2, 4, 5, 6, 9, 10, 13, 15|
Root to change : 6 with colors |1, 2, 5, 7, 8, 10, 11, 12, 13, 14|
++++++++++++++++++++++
Trying improving 1, 6, 0, 15 with subs:
Root to change : 1 with colors |2, 4, 5, 6, 8, 9, 10, 11, 13, 15|
Root to change : 6 with colors |1, 5, 7, 8, 10, 11, 12, 14|
++++++++++++++++++++++
Trying improving 1, 6, 1, 1 with subs:
Root to change : 6 with colors |1, 2, 5, 7, 8, 10, 11, 12, 13, 14|
++++++++++++++++++++++
Trying improving 1, 6, 1, 2 with subs:
Root to change : 6 with colors |1, 2, 5, 7, 8, 10, 11, 12, 13, 14|
++++++++++++++++++++++
Trying improving 1, 6, 1, 5 with subs:
Root to change : 6 with colors |1, 2, 5, 7, 8, 10, 11, 12, 13, 14|
++++++++++++++++++++++
Trying improving 1, 6, 1, 10 with subs:
Root to change : 6 with colors |1, 2, 5, 7, 8, 10, 11, 12, 13, 14|
++++++++++++++++++++++
Trying improving 1, 6, 1, 11 with subs:
Root to change : 6 with colors |1, 2, 5, 7, 8, 10, 11, 12, 13, 14|
++++++++++++++++++++++
Trying improving 1, 6, 1, 12 with subs:
Root to change : 6 with colors |1, 2, 5, 7, 8, 10, 11, 12, 13, 14|
++++++++++++++++++++++
Trying improving 1, 6, 1, 14 with subs:
Root to change : 6 with colors |1, 2, 5, 7, 8, 10, 11, 12, 13, 14|
++++++++++++++++++++++
Trying improving 1, 6, 2, 2 with subs:
Root to change : 1 with colors |2, 4, 5, 6, 8, 9, 10, 11, 13, 15|
Root to change : 6 with colors |1, 2, 5, 7, 8, 10, 11, 12, 13, 14|
++++++++++++++++++++++
Trying improving 1, 6, 2, 5 with subs:
Root to change : 1 with colors |2, 4, 5, 6, 9, 10, 13, 15|
Root to change : 6 with colors |1, 2, 5, 7, 10, 12, 13, 14|
++++++++++++++++++++++
Trying improving 1, 6, 2, 6 with subs:
Root to change : 1 with colors |2, 4, 5, 6, 8, 9, 10, 11, 13, 15|
++++++++++++++++++++++
Trying improving 1, 6, 2, 9 with subs:
Root to change : 1 with colors |2, 4, 5, 6, 8, 9, 10, 11, 13, 15|
Root to change : 6 with colors |1, 2, 5, 7, 10, 12, 13, 14|
++++++++++++++++++++++
Trying improving 1, 6, 2, 11 with subs:
Root to change : 1 with colors |2, 4, 6, 8, 9, 11, 13, 15|
Root to change : 6 with colors |1, 2, 7, 8, 11, 12, 13, 14|
++++++++++++++++++++++
Trying improving 1, 6, 2, 14 with subs:
Root to change : 1 with colors |2, 4, 5, 6, 9, 10, 13, 15|
Root to change : 6 with colors |1, 2, 5, 7, 8, 10, 11, 12, 13, 14|
++++++++++++++++++++++
Trying improving 1, 6, 5, 5 with subs:
Root to change : 1 with colors |2, 4, 5, 6, 8, 9, 10, 11, 13, 15|
Root to change : 6 with colors |1, 2, 5, 7, 8, 10, 11, 12, 13, 14|
++++++++++++++++++++++
Trying improving 1, 6, 5, 6 with subs:
Root to change : 1 with colors |2, 4, 5, 6, 8, 9, 10, 11, 13, 15|
++++++++++++++++++++++
Trying improving 1, 6, 5, 9 with subs:
Root to change : 1 with colors |2, 4, 5, 6, 8, 9, 10, 11, 13, 15|
Root to change : 6 with colors |1, 2, 5, 7, 10, 12, 13, 14|
++++++++++++++++++++++
Trying improving 1, 6, 5, 10 with subs:
Root to change : 1 with colors |2, 4, 5, 6, 8, 9, 10, 11, 13, 15|
Root to change : 6 with colors |1, 2, 5, 7, 8, 10, 11, 12, 13, 14|
++++++++++++++++++++++
Trying improving 1, 6, 5, 11 with subs:
Root to change : 1 with colors |4, 5, 6, 8, 9, 10, 11, 15|
Root to change : 6 with colors |1, 5, 7, 8, 10, 11, 12, 14|
++++++++++++++++++++++
Trying improving 1, 6, 5, 12 with subs:
Root to change : 1 with colors |4, 5, 6, 8, 9, 10, 11, 15|
Root to change : 6 with colors |1, 2, 5, 7, 8, 10, 11, 12, 13, 14|
++++++++++++++++++++++
Trying improving 1, 6, 5, 14 with subs:
Root to change : 1 with colors |2, 4, 5, 6, 9, 10, 13, 15|
Root to change : 6 with colors |1, 2, 5, 7, 8, 10, 11, 12, 13, 14|
++++++++++++++++++++++
Trying improving 1, 6, 5, 15 with subs:
Root to change : 1 with colors |2, 4, 5, 6, 8, 9, 10, 11, 13, 15|
Root to change : 6 with colors |1, 5, 7, 8, 10, 11, 12, 14|
++++++++++++++++++++++
Trying improving 1, 6, 6, 6 with subs:
Root to change : 1 with colors |2, 4, 5, 6, 8, 9, 10, 11, 13, 15|
++++++++++++++++++++++
Trying improving 1, 6, 6, 9 with subs:
Root to change : 1 with colors |2, 4, 5, 6, 8, 9, 10, 11, 13, 15|
++++++++++++++++++++++
Trying improving 1, 6, 6, 10 with subs:
Root to change : 1 with colors |2, 4, 5, 6, 8, 9, 10, 11, 13, 15|
++++++++++++++++++++++
Trying improving 1, 6, 6, 11 with subs:
Root to change : 1 with colors |2, 4, 5, 6, 8, 9, 10, 11, 13, 15|
++++++++++++++++++++++
Trying improving 1, 6, 6, 15 with subs:
Root to change : 1 with colors |2, 4, 5, 6, 8, 9, 10, 11, 13, 15|
++++++++++++++++++++++
Trying improving 1, 6, 9, 9 with subs:
Root to change : 1 with colors |2, 4, 5, 6, 8, 9, 10, 11, 13, 15|
Root to change : 6 with colors |1, 2, 5, 7, 10, 12, 13, 14|
++++++++++++++++++++++
Trying improving 1, 6, 9, 10 with subs:
Root to change : 1 with colors |2, 4, 5, 6, 8, 9, 10, 11, 13, 15|
Root to change : 6 with colors |1, 2, 5, 7, 10, 12, 13, 14|
++++++++++++++++++++++
Trying improving 1, 6, 9, 14 with subs:
Root to change : 1 with colors |2, 4, 5, 6, 9, 10, 13, 15|
Root to change : 6 with colors |1, 2, 5, 7, 10, 12, 13, 14|
++++++++++++++++++++++
Trying improving 1, 6, 9, 15 with subs:
Root to change : 1 with colors |2, 4, 5, 6, 8, 9, 10, 11, 13, 15|
++++++++++++++++++++++
Trying improving 1, 6, 10, 10 with subs:
Root to change : 1 with colors |2, 4, 5, 6, 8, 9, 10, 11, 13, 15|
Root to change : 6 with colors |1, 2, 5, 7, 8, 10, 11, 12, 13, 14|
++++++++++++++++++++++
Trying improving 1, 6, 10, 12 with subs:
Root to change : 1 with colors |4, 5, 6, 8, 9, 10, 11, 15|
Root to change : 6 with colors |1, 2, 5, 7, 8, 10, 11, 12, 13, 14|
++++++++++++++++++++++
Trying improving 1, 6, 10, 14 with subs:
Root to change : 1 with colors |2, 4, 5, 6, 9, 10, 13, 15|
Root to change : 6 with colors |1, 2, 5, 7, 8, 10, 11, 12, 13, 14|
++++++++++++++++++++++
Trying improving 1, 6, 10, 15 with subs:
Root to change : 1 with colors |2, 4, 5, 6, 8, 9, 10, 11, 13, 15|
Root to change : 6 with colors |1, 5, 7, 8, 10, 11, 12, 14|
++++++++++++++++++++++
Trying improving 1, 6, 11, 11 with subs:
Root to change : 1 with colors |2, 4, 5, 6, 8, 9, 10, 11, 13, 15|
Root to change : 6 with colors |1, 2, 5, 7, 8, 10, 11, 12, 13, 14|
++++++++++++++++++++++
Trying improving 1, 6, 11, 12 with subs:
Root to change : 1 with colors |4, 5, 6, 8, 9, 10, 11, 15|
Root to change : 6 with colors |1, 2, 5, 7, 8, 10, 11, 12, 13, 14|
++++++++++++++++++++++
Trying improving 1, 6, 11, 15 with subs:
Root to change : 1 with colors |2, 4, 5, 6, 8, 9, 10, 11, 13, 15|
Root to change : 6 with colors |1, 5, 7, 8, 10, 11, 12, 14|
++++++++++++++++++++++
Trying improving 1, 6, 12, 12 with subs:
Root to change : 1 with colors |4, 5, 6, 8, 9, 10, 11, 15|
Root to change : 6 with colors |1, 2, 5, 7, 8, 10, 11, 12, 13, 14|
++++++++++++++++++++++
Trying improving 1, 6, 12, 14 with subs:
Root to change : 6 with colors |1, 2, 5, 7, 8, 10, 11, 12, 13, 14|
++++++++++++++++++++++
Trying improving 1, 6, 12, 15 with subs:
Root to change : 1 with colors |4, 5, 6, 8, 9, 10, 11, 15|
Root to change : 6 with colors |1, 5, 7, 8, 10, 11, 12, 14|
++++++++++++++++++++++
Trying improving 1, 6, 14, 14 with subs:
Root to change : 1 with colors |2, 4, 5, 6, 9, 10, 13, 15|
Root to change : 6 with colors |1, 2, 5, 7, 8, 10, 11, 12, 13, 14|
++++++++++++++++++++++
Trying improving 1, 6, 15, 15 with subs:
Root to change : 1 with colors |2, 4, 5, 6, 8, 9, 10, 11, 13, 15|
Root to change : 6 with colors |1, 5, 7, 8, 10, 11, 12, 14|
++++++++++++++++++++++
Trying improving 1, 10, 1, 6 with subs:
Root to change : 6 with colors |1, 2, 5, 7, 8, 10, 11, 12, 13, 14|
++++++++++++++++++++++
Trying improving 1, 10, 2, 6 with subs:
Root to change : 1 with colors |3, 5, 6, 9, 10, 13, 14, 15|
Root to change : 6 with colors |1, 2, 5, 7, 9, 13, 14|
++++++++++++++++++++++
Trying improving 1, 10, 2, 11 with subs:
Root to change : 10 with colors |1, 2, 7, 8, 11, 12, 13, 14|
Root to change : 2 with colors |1, 5, 7, 8, 11, 12, 15|
Root to change : 11 with colors |1, 2, 5, 7, 9, 13, 14|
++++++++++++++++++++++
Trying improving 1, 10, 5, 6 with subs:
Root to change : 1 with colors |3, 5, 6, 8, 9, 10, 12, 13, 14, 15|
Root to change : 6 with colors |1, 2, 5, 9, 10, 11, 12, 14, 15|
++++++++++++++++++++++
Trying improving 1, 10, 6, 6 with subs:
Root to change : 1 with colors |3, 5, 6, 8, 9, 10, 12, 13, 14, 15|
++++++++++++++++++++++
Trying improving 1, 10, 6, 9 with subs:
Root to change : 1 with colors |3, 5, 6, 8, 9, 10, 12, 13, 14, 15|
Root to change : 6 with colors |2, 3, 5, 9, 10, 13, 14|
++++++++++++++++++++++
Trying improving 1, 10, 6, 10 with subs:
Root to change : 1 with colors |3, 5, 6, 8, 9, 10, 12, 13, 14, 15|
Root to change : 6 with colors |1, 3, 5, 8, 9, 10, 12, 13, 14, 15|
++++++++++++++++++++++
Trying improving 1, 10, 6, 11 with subs:
Root to change : 1 with colors |3, 5, 6, 8, 9, 10, 12, 15|
Root to change : 6 with colors |1, 5, 7, 8, 11, 12, 15|
++++++++++++++++++++++
Trying improving 1, 10, 6, 15 with subs:
Root to change : 1 with colors |3, 5, 6, 8, 9, 10, 12, 13, 14, 15|
Root to change : 6 with colors |3, 5, 8, 10, 11, 12, 15|
++++++++++++++++++++++
Trying improving 1, 10, 9, 15 with subs:
Root to change : 1 with colors |3, 5, 6, 8, 9, 10, 12, 13, 14, 15|
Root to change : 9 with colors |3, 5, 8, 10, 11, 12, 15|
Root to change : 15 with colors |2, 3, 5, 9, 10, 13, 14|
++++++++++++++++++++++
Trying improving 1, 11, 0, 9 with subs:
Root to change : 1 with colors |2, 4, 5, 6, 7, 8, 11, 12, 15|
Root to change : 11 with colors |1, 2, 5, 7, 10, 12, 13, 14|
Root to change : 9 with colors |2, 3, 4, 5, 7, 11, 12, 14, 15|
++++++++++++++++++++++
Trying improving 1, 11, 1, 6 with subs:
Root to change : 6 with colors |1, 2, 5, 7, 8, 10, 11, 12, 13, 14|
++++++++++++++++++++++
Trying improving 1, 11, 2, 5 with subs:
Root to change : 11 with colors |1, 2, 5, 7, 10, 12, 13, 14|
Root to change : 2 with colors |1, 5, 10, 11, 12, 14, 15|
Root to change : 5 with colors |1, 2, 4, 7, 11, 13, 14|
++++++++++++++++++++++
Trying improving 1, 11, 2, 6 with subs:
Root to change : 1 with colors |2, 4, 6, 7, 8, 11, 15|
Root to change : 6 with colors |1, 2, 4, 7, 11, 13, 14|
++++++++++++++++++++++
Trying improving 1, 11, 2, 9 with subs:
Root to change : 1 with colors |2, 4, 6, 7, 8, 11, 15|
Root to change : 11 with colors |1, 2, 5, 7, 10, 12, 13, 14|
Root to change : 9 with colors |1, 2, 4, 7, 11, 13, 14|
++++++++++++++++++++++
Trying improving 1, 11, 5, 6 with subs:
Root to change : 1 with colors |4, 5, 6, 8, 11, 12, 15|
Root to change : 6 with colors |1, 5, 10, 11, 12, 14, 15|
++++++++++++++++++++++
Trying improving 1, 11, 5, 9 with subs:
Root to change : 1 with colors |4, 5, 6, 8, 11, 12, 15|
Root to change : 11 with colors |1, 2, 5, 7, 10, 12, 13, 14|
Root to change : 9 with colors |1, 5, 10, 11, 12, 14, 15|
++++++++++++++++++++++
Trying improving 1, 11, 6, 6 with subs:
Root to change : 1 with colors |2, 4, 5, 6, 7, 8, 11, 12, 15|
++++++++++++++++++++++
Trying improving 1, 11, 6, 9 with subs:
Root to change : 1 with colors |2, 4, 5, 6, 7, 8, 11, 12, 15|
++++++++++++++++++++++
Trying improving 1, 11, 6, 10 with subs:
Root to change : 1 with colors |4, 5, 6, 8, 11, 12, 15|
Root to change : 6 with colors |1, 3, 5, 8, 10, 12, 14, 15|
++++++++++++++++++++++
Trying improving 1, 11, 6, 11 with subs:
Root to change : 1 with colors |2, 4, 5, 6, 7, 8, 11, 12, 15|
Root to change : 6 with colors |1, 2, 4, 5, 7, 8, 11, 12, 15|
++++++++++++++++++++++
Trying improving 1, 11, 6, 15 with subs:
Root to change : 1 with colors |2, 4, 5, 6, 7, 8, 11, 12, 15|
Root to change : 6 with colors |3, 5, 8, 10, 11, 12, 15|
++++++++++++++++++++++
Trying improving 1, 11, 9, 9 with subs:
Root to change : 1 with colors |2, 4, 5, 6, 7, 8, 11, 12, 15|
Root to change : 11 with colors |1, 2, 5, 7, 10, 12, 13, 14|
++++++++++++++++++++++
Trying improving 1, 11, 9, 10 with subs:
Root to change : 1 with colors |4, 5, 6, 8, 11, 12, 15|
Root to change : 11 with colors |1, 2, 5, 7, 10, 12, 13, 14|
Root to change : 9 with colors |1, 3, 5, 8, 10, 12, 14, 15|
++++++++++++++++++++++
Trying improving 1, 11, 9, 14 with subs:
Root to change : 11 with colors |1, 2, 5, 7, 10, 12, 13, 14|
Root to change : 9 with colors |1, 2, 3, 5, 7, 10, 12, 13, 14|
++++++++++++++++++++++
Trying improving 1, 11, 9, 15 with subs:
Root to change : 1 with colors |2, 4, 5, 6, 7, 8, 11, 12, 15|
Root to change : 9 with colors |3, 5, 8, 10, 11, 12, 15|
++++++++++++++++++++++
Trying improving 1, 12, 1, 6 with subs:
Root to change : 6 with colors |1, 2, 5, 7, 8, 10, 11, 12, 13, 14|
++++++++++++++++++++++
Trying improving 1, 12, 2, 6 with subs:
Root to change : 6 with colors |1, 2, 4, 5, 7, 9, 11, 13, 14|
++++++++++++++++++++++
Trying improving 1, 12, 5, 6 with subs:
Root to change : 1 with colors |3, 5, 8, 10, 11, 12, 15|
Root to change : 6 with colors |1, 2, 5, 9, 10, 11, 12, 14, 15|
++++++++++++++++++++++
Trying improving 1, 12, 6, 6 with subs:
Root to change : 1 with colors |3, 5, 8, 10, 11, 12, 15|
++++++++++++++++++++++
Trying improving 1, 12, 6, 9 with subs:
Root to change : 1 with colors |3, 5, 8, 10, 11, 12, 15|
Root to change : 6 with colors |2, 3, 5, 9, 10, 13, 14|
++++++++++++++++++++++
Trying improving 1, 12, 6, 10 with subs:
Root to change : 1 with colors |3, 5, 8, 10, 11, 12, 15|
Root to change : 6 with colors |1, 3, 5, 8, 9, 10, 12, 13, 14, 15|
++++++++++++++++++++++
Trying improving 1, 12, 6, 11 with subs:
Root to change : 1 with colors |3, 5, 8, 10, 11, 12, 15|
Root to change : 6 with colors |1, 2, 4, 5, 7, 8, 11, 12, 15|
++++++++++++++++++++++
Trying improving 1, 12, 6, 15 with subs:
Root to change : 1 with colors |3, 5, 8, 10, 11, 12, 15|
Root to change : 6 with colors |3, 5, 8, 10, 11, 12, 15|
++++++++++++++++++++++
Trying improving 1, 12, 9, 15 with subs:
Root to change : 1 with colors |3, 5, 7, 8, 10, 11, 12, 14, 15|
Root to change : 9 with colors |3, 5, 8, 10, 11, 12, 15|
Root to change : 15 with colors |2, 3, 5, 9, 10, 13, 14|
++++++++++++++++++++++
Trying improving 1, 14, 1, 6 with subs:
Root to change : 6 with colors |1, 2, 5, 7, 8, 10, 11, 12, 13, 14|
++++++++++++++++++++++
Trying improving 1, 14, 2, 6 with subs:
Root to change : 1 with colors |2, 3, 5, 9, 10, 13, 14|
Root to change : 6 with colors |1, 2, 4, 5, 7, 9, 11, 13, 14|
++++++++++++++++++++++
Trying improving 1, 14, 5, 6 with subs:
Root to change : 1 with colors |2, 3, 5, 9, 10, 13, 14|
Root to change : 6 with colors |1, 2, 5, 9, 10, 11, 12, 14, 15|
++++++++++++++++++++++
Trying improving 1, 14, 6, 6 with subs:
Root to change : 1 with colors |2, 3, 5, 9, 10, 13, 14|
++++++++++++++++++++++
Trying improving 1, 14, 6, 9 with subs:
Root to change : 1 with colors |2, 3, 5, 9, 10, 13, 14|
Root to change : 6 with colors |2, 3, 5, 9, 10, 13, 14|
++++++++++++++++++++++
Trying improving 1, 14, 6, 10 with subs:
Root to change : 1 with colors |2, 3, 5, 9, 10, 13, 14|
Root to change : 6 with colors |1, 3, 5, 8, 9, 10, 12, 13, 14, 15|
++++++++++++++++++++++
Trying improving 1, 14, 6, 11 with subs:
Root to change : 6 with colors |1, 2, 4, 5, 7, 8, 11, 12, 15|
++++++++++++++++++++++
Trying improving 1, 14, 6, 15 with subs:
Root to change : 1 with colors |2, 3, 5, 9, 10, 13, 14|
Root to change : 6 with colors |3, 5, 8, 10, 11, 12, 15|
++++++++++++++++++++++
Trying improving 1, 14, 9, 15 with subs:
Root to change : 1 with colors |2, 3, 5, 7, 9, 10, 12, 13, 14|
Root to change : 9 with colors |3, 5, 8, 10, 11, 12, 15|
Root to change : 15 with colors |2, 3, 5, 9, 10, 13, 14|
++++++++++++++++++++++
Trying improving 2, 2, 1, 6 with subs:
Root to change : 1 with colors |2, 4, 5, 6, 8, 9, 10, 11, 13, 15|
Root to change : 6 with colors |1, 2, 5, 7, 8, 10, 11, 12, 13, 14|
++++++++++++++++++++++
Trying improving 2, 2, 5, 11 with subs:
Root to change : 5 with colors |1, 2, 4, 6, 7, 8, 11, 12, 15|
Root to change : 11 with colors |1, 2, 5, 6, 9, 10, 12, 14, 15|
++++++++++++++++++++++
Trying improving 2, 2, 12, 15 with subs:
Root to change : 12 with colors |3, 4, 5, 6, 8, 9, 10, 11, 15|
Root to change : 15 with colors |1, 3, 5, 7, 8, 10, 11, 12, 14|
++++++++++++++++++++++
Trying improving 2, 5, 0, 11 with subs:
Root to change : 2 with colors |1, 5, 6, 9, 10, 11, 12, 14, 15|
Root to change : 5 with colors |1, 2, 4, 6, 7, 9, 11, 13, 14|
Root to change : 11 with colors |2, 3, 4, 5, 7, 9, 12, 14, 15|
++++++++++++++++++++++
Trying improving 2, 5, 1, 6 with subs:
Root to change : 1 with colors |2, 4, 5, 6, 9, 10, 13, 15|
Root to change : 6 with colors |1, 2, 5, 7, 10, 12, 13, 14|
++++++++++++++++++++++
Trying improving 2, 5, 1, 11 with subs:
Root to change : 2 with colors |1, 5, 10, 11, 12, 14, 15|
Root to change : 5 with colors |1, 2, 4, 7, 11, 13, 14|
Root to change : 11 with colors |1, 2, 5, 7, 10, 12, 13, 14|
++++++++++++++++++++++
Trying improving 2, 5, 2, 11 with subs:
Root to change : 5 with colors |1, 2, 4, 6, 7, 9, 11, 13, 14|
Root to change : 11 with colors |1, 2, 4, 5, 6, 7, 9, 13, 14|
++++++++++++++++++++++
Trying improving 2, 5, 5, 11 with subs:
Root to change : 2 with colors |1, 5, 6, 9, 10, 11, 12, 14, 15|
Root to change : 11 with colors |1, 2, 5, 6, 9, 10, 12, 14, 15|
++++++++++++++++++++++
Trying improving 2, 5, 6, 11 with subs:
Root to change : 2 with colors |5, 6, 9, 10, 11, 12, 15|
Root to change : 5 with colors |2, 4, 6, 7, 9, 11, 13|
Root to change : 11 with colors |2, 4, 5, 6, 9, 10, 13, 15|
++++++++++++++++++++++
Trying improving 2, 5, 11, 11 with subs:
Root to change : 2 with colors |1, 5, 6, 9, 10, 11, 12, 14, 15|
Root to change : 5 with colors |1, 2, 4, 6, 7, 9, 11, 13, 14|
++++++++++++++++++++++
Trying improving 2, 5, 11, 12 with subs:
Root to change : 2 with colors |1, 5, 6, 9, 10, 11, 12, 14, 15|
Root to change : 5 with colors |1, 2, 4, 7, 11, 13, 14|
Root to change : 11 with colors |1, 3, 5, 7, 10, 12, 14|
++++++++++++++++++++++
Trying improving 2, 5, 11, 15 with subs:
Root to change : 2 with colors |1, 5, 6, 9, 10, 11, 12, 14, 15|
Root to change : 5 with colors |2, 4, 6, 7, 9, 11, 13|
Root to change : 11 with colors |3, 4, 5, 6, 9, 10, 15|
++++++++++++++++++++++
Trying improving 2, 5, 12, 15 with subs:
Root to change : 2 with colors |1, 5, 6, 9, 10, 11, 12, 14, 15|
Root to change : 12 with colors |3, 4, 5, 6, 9, 10, 15|
Root to change : 15 with colors |1, 3, 5, 7, 10, 12, 14|
++++++++++++++++++++++
Trying improving 2, 6, 0, 12 with subs:
Root to change : 2 with colors |4, 5, 6, 8, 9, 10, 11, 15|
Root to change : 6 with colors |1, 2, 4, 5, 7, 9, 11, 13, 14|
Root to change : 12 with colors |2, 3, 4, 5, 7, 9, 11, 14, 15|
++++++++++++++++++++++
Trying improving 2, 6, 1, 1 with subs:
Root to change : 6 with colors |1, 2, 4, 5, 7, 9, 11, 13, 14|
++++++++++++++++++++++
Trying improving 2, 6, 1, 2 with subs:
Root to change : 6 with colors |1, 2, 4, 5, 7, 9, 11, 13, 14|
Root to change : 1 with colors |2, 4, 5, 6, 7, 9, 11, 13, 14|
++++++++++++++++++++++
Trying improving 2, 6, 1, 5 with subs:
Root to change : 6 with colors |1, 2, 5, 7, 9, 13, 14|
Root to change : 1 with colors |2, 5, 6, 9, 10, 14, 15|
++++++++++++++++++++++
Trying improving 2, 6, 1, 6 with subs:
Root to change : 1 with colors |2, 4, 5, 6, 8, 9, 10, 11, 13, 15|
++++++++++++++++++++++
Trying improving 2, 6, 1, 10 with subs:
Root to change : 6 with colors |1, 2, 5, 7, 9, 13, 14|
Root to change : 1 with colors |3, 5, 6, 9, 10, 13, 14, 15|
++++++++++++++++++++++
Trying improving 2, 6, 1, 11 with subs:
Root to change : 6 with colors |1, 2, 4, 7, 11, 13, 14|
Root to change : 1 with colors |2, 4, 6, 7, 8, 11, 15|
++++++++++++++++++++++
Trying improving 2, 6, 1, 12 with subs:
Root to change : 6 with colors |1, 2, 4, 5, 7, 9, 11, 13, 14|
++++++++++++++++++++++
Trying improving 2, 6, 1, 14 with subs:
Root to change : 6 with colors |1, 2, 4, 5, 7, 9, 11, 13, 14|
Root to change : 1 with colors |2, 3, 5, 9, 10, 13, 14|
++++++++++++++++++++++
Trying improving 2, 6, 5, 11 with subs:
Root to change : 2 with colors |4, 5, 6, 8, 9, 10, 11, 15|
Root to change : 5 with colors |2, 4, 6, 7, 8, 11, 15|
Root to change : 11 with colors |2, 5, 6, 9, 10, 14, 15|
++++++++++++++++++++++
Trying improving 2, 6, 5, 12 with subs:
Root to change : 2 with colors |4, 5, 6, 8, 9, 10, 11, 15|
Root to change : 6 with colors |1, 2, 5, 7, 9, 13, 14|
Root to change : 12 with colors |2, 5, 6, 9, 10, 14, 15|
++++++++++++++++++++++
Trying improving 2, 6, 10, 12 with subs:
Root to change : 2 with colors |4, 5, 6, 8, 9, 10, 11, 15|
Root to change : 6 with colors |1, 2, 5, 7, 9, 13, 14|
Root to change : 12 with colors |3, 5, 6, 9, 10, 13, 14, 15|
++++++++++++++++++++++
Trying improving 2, 6, 11, 12 with subs:
Root to change : 2 with colors |4, 5, 6, 8, 9, 10, 11, 15|
Root to change : 6 with colors |1, 2, 4, 7, 11, 13, 14|
Root to change : 12 with colors |2, 4, 6, 7, 8, 11, 15|
++++++++++++++++++++++
Trying improving 2, 6, 12, 12 with subs:
Root to change : 2 with colors |4, 5, 6, 8, 9, 10, 11, 15|
Root to change : 6 with colors |1, 2, 4, 5, 7, 9, 11, 13, 14|
++++++++++++++++++++++
Trying improving 2, 6, 12, 14 with subs:
Root to change : 6 with colors |1, 2, 4, 5, 7, 9, 11, 13, 14|
Root to change : 12 with colors |2, 3, 5, 9, 10, 13, 14|
++++++++++++++++++++++
Trying improving 2, 6, 12, 15 with subs:
Root to change : 2 with colors |4, 5, 6, 8, 9, 10, 11, 15|
Root to change : 12 with colors |3, 4, 5, 6, 8, 9, 10, 11, 15|
++++++++++++++++++++++
Trying improving 2, 9, 1, 6 with subs:
Root to change : 1 with colors |2, 4, 5, 6, 8, 9, 10, 11, 13, 15|
Root to change : 6 with colors |1, 2, 5, 7, 10, 12, 13, 14|
++++++++++++++++++++++
Trying improving 2, 9, 1, 11 with subs:
Root to change : 9 with colors |1, 2, 4, 7, 11, 13, 14|
Root to change : 1 with colors |2, 4, 6, 7, 8, 11, 15|
Root to change : 11 with colors |1, 2, 5, 7, 10, 12, 13, 14|
++++++++++++++++++++++
Trying improving 2, 9, 5, 11 with subs:
Root to change : 2 with colors |3, 4, 5, 6, 9, 10, 15|
Root to change : 5 with colors |2, 4, 6, 7, 8, 11, 15|
Root to change : 11 with colors |1, 2, 5, 6, 9, 10, 12, 14, 15|
++++++++++++++++++++++
Trying improving 2, 9, 11, 12 with subs:
Root to change : 2 with colors |3, 4, 5, 6, 9, 10, 15|
Root to change : 9 with colors |1, 2, 4, 7, 11, 13, 14|
Root to change : 11 with colors |1, 3, 5, 7, 10, 12, 14|
Root to change : 12 with colors |2, 4, 6, 7, 8, 11, 15|
++++++++++++++++++++++
Trying improving 2, 9, 12, 15 with subs:
Root to change : 2 with colors |3, 4, 5, 6, 9, 10, 13, 14, 15|
Root to change : 12 with colors |3, 4, 5, 6, 8, 9, 10, 11, 15|
Root to change : 15 with colors |1, 3, 5, 7, 10, 12, 14|
++++++++++++++++++++++
Trying improving 2, 11, 0, 5 with subs:
Root to change : 2 with colors |1, 4, 5, 6, 7, 8, 11, 12, 15|
Root to change : 11 with colors |1, 2, 4, 5, 6, 7, 9, 13, 14|
Root to change : 5 with colors |2, 3, 4, 7, 9, 11, 12, 14, 15|
++++++++++++++++++++++
Trying improving 2, 11, 1, 5 with subs:
Root to change : 2 with colors |1, 5, 7, 8, 11, 12, 15|
Root to change : 11 with colors |1, 2, 5, 7, 9, 13, 14|
Root to change : 5 with colors |1, 2, 7, 8, 11, 12, 13, 14|
++++++++++++++++++++++
Trying improving 2, 11, 1, 6 with subs:
Root to change : 1 with colors |2, 4, 6, 8, 9, 11, 13, 15|
Root to change : 6 with colors |1, 2, 7, 8, 11, 12, 13, 14|
++++++++++++++++++++++
Trying improving 2, 11, 1, 10 with subs:
Root to change : 2 with colors |1, 5, 7, 8, 11, 12, 15|
Root to change : 11 with colors |1, 2, 5, 7, 9, 13, 14|
Root to change : 10 with colors |1, 2, 7, 8, 11, 12, 13, 14|
++++++++++++++++++++++
Trying improving 2, 11, 2, 5 with subs:
Root to change : 11 with colors |1, 2, 4, 5, 6, 7, 9, 13, 14|
Root to change : 5 with colors |1, 2, 4, 6, 7, 9, 11, 13, 14|
++++++++++++++++++++++
Trying improving 2, 11, 5, 5 with subs:
Root to change : 2 with colors |1, 4, 5, 6, 7, 8, 11, 12, 15|
Root to change : 11 with colors |1, 2, 4, 5, 6, 7, 9, 13, 14|
++++++++++++++++++++++
Trying improving 2, 11, 5, 6 with subs:
Root to change : 2 with colors |4, 5, 6, 8, 11, 12, 15|
Root to change : 11 with colors |2, 4, 5, 6, 9, 13, 14|
Root to change : 5 with colors |2, 4, 6, 8, 9, 11, 13, 15|
++++++++++++++++++++++
Trying improving 2, 11, 5, 9 with subs:
Root to change : 2 with colors |4, 5, 6, 8, 11, 12, 15|
Root to change : 11 with colors |1, 2, 4, 5, 6, 7, 9, 13, 14|
Root to change : 5 with colors |2, 3, 4, 6, 9, 13, 15|
++++++++++++++++++++++
Trying improving 2, 11, 5, 10 with subs:
Root to change : 2 with colors |1, 4, 5, 6, 7, 8, 11, 12, 15|
Root to change : 11 with colors |1, 2, 4, 5, 6, 7, 9, 13, 14|
++++++++++++++++++++++
Trying improving 2, 11, 5, 11 with subs:
Root to change : 2 with colors |1, 4, 5, 6, 7, 8, 11, 12, 15|
Root to change : 5 with colors |1, 2, 4, 6, 7, 8, 11, 12, 15|
++++++++++++++++++++++
Trying improving 2, 11, 5, 12 with subs:
Root to change : 2 with colors |1, 4, 5, 6, 7, 8, 11, 12, 15|
Root to change : 11 with colors |1, 2, 5, 7, 9, 13, 14|
Root to change : 5 with colors |1, 3, 7, 8, 11, 12, 14|
++++++++++++++++++++++
Trying improving 2, 11, 5, 14 with subs:
Root to change : 2 with colors |1, 5, 7, 8, 11, 12, 15|
Root to change : 11 with colors |1, 2, 4, 5, 6, 7, 9, 13, 14|
Root to change : 5 with colors |1, 2, 3, 7, 12, 13, 14|
++++++++++++++++++++++
Trying improving 2, 11, 5, 15 with subs:
Root to change : 2 with colors |1, 4, 5, 6, 7, 8, 11, 12, 15|
Root to change : 11 with colors |2, 4, 5, 6, 9, 13, 14|
Root to change : 5 with colors |3, 4, 6, 8, 9, 11, 15|
++++++++++++++++++++++
Trying improving 2, 11, 6, 10 with subs:
Root to change : 2 with colors |4, 5, 6, 8, 11, 12, 15|
Root to change : 11 with colors |2, 4, 5, 6, 9, 13, 14|
Root to change : 10 with colors |2, 4, 6, 8, 9, 11, 13, 15|
++++++++++++++++++++++
Trying improving 2, 11, 9, 10 with subs:
Root to change : 2 with colors |4, 5, 6, 8, 11, 12, 15|
Root to change : 11 with colors |1, 2, 4, 5, 6, 7, 9, 13, 14|
Root to change : 10 with colors |2, 3, 4, 6, 9, 13, 15|
++++++++++++++++++++++
Trying improving 2, 11, 9, 14 with subs:
Root to change : 11 with colors |1, 2, 4, 5, 6, 7, 9, 13, 14|
Root to change : 9 with colors |1, 2, 3, 7, 12, 13, 14|
Root to change : 14 with colors |2, 3, 4, 6, 9, 13, 15|
++++++++++++++++++++++
Trying improving 2, 11, 10, 10 with subs:
Root to change : 2 with colors |1, 4, 5, 6, 7, 8, 11, 12, 15|
Root to change : 11 with colors |1, 2, 4, 5, 6, 7, 9, 13, 14|
++++++++++++++++++++++
Trying improving 2, 11, 10, 12 with subs:
Root to change : 2 with colors |1, 4, 5, 6, 7, 8, 11, 12, 15|
Root to change : 11 with colors |1, 2, 5, 7, 9, 13, 14|
Root to change : 10 with colors |1, 3, 7, 8, 11, 12, 14|
++++++++++++++++++++++
Trying improving 2, 11, 10, 14 with subs:
Root to change : 2 with colors |1, 5, 7, 8, 11, 12, 15|
Root to change : 11 with colors |1, 2, 4, 5, 6, 7, 9, 13, 14|
Root to change : 10 with colors |1, 2, 3, 7, 12, 13, 14|
++++++++++++++++++++++
Trying improving 2, 11, 10, 15 with subs:
Root to change : 2 with colors |1, 4, 5, 6, 7, 8, 11, 12, 15|
Root to change : 11 with colors |2, 4, 5, 6, 9, 13, 14|
Root to change : 10 with colors |3, 4, 6, 8, 9, 11, 15|
++++++++++++++++++++++
Trying improving 2, 11, 12, 15 with subs:
Root to change : 2 with colors |1, 4, 5, 6, 7, 8, 11, 12, 15|
Root to change : 12 with colors |3, 4, 6, 8, 9, 11, 15|
Root to change : 15 with colors |1, 3, 7, 8, 11, 12, 14|
++++++++++++++++++++++
Trying improving 2, 14, 1, 6 with subs:
Root to change : 1 with colors |2, 4, 5, 6, 9, 10, 13, 15|
Root to change : 6 with colors |1, 2, 5, 7, 8, 10, 11, 12, 13, 14|
++++++++++++++++++++++
Trying improving 2, 14, 5, 11 with subs:
Root to change : 2 with colors |1, 3, 5, 7, 10, 12, 14|
Root to change : 5 with colors |1, 2, 4, 7, 8, 11, 12|
Root to change : 11 with colors |1, 2, 5, 6, 9, 10, 12, 14, 15|
++++++++++++++++++++++
Trying improving 2, 14, 6, 11 with subs:
Root to change : 14 with colors |2, 4, 6, 7, 9, 11, 13|
Root to change : 6 with colors |1, 2, 4, 7, 8, 11, 12|
Root to change : 11 with colors |2, 4, 5, 6, 9, 10, 13, 15|
++++++++++++++++++++++
Trying improving 2, 14, 11, 15 with subs:
Root to change : 2 with colors |1, 3, 5, 7, 10, 12, 14|
Root to change : 14 with colors |2, 4, 6, 7, 9, 11, 13|
Root to change : 11 with colors |3, 4, 5, 6, 9, 10, 15|
Root to change : 15 with colors |1, 2, 4, 7, 8, 11, 12|
++++++++++++++++++++++
Trying improving 2, 14, 12, 15 with subs:
Root to change : 2 with colors |1, 3, 5, 7, 9, 10, 12, 13, 14|
Root to change : 12 with colors |3, 4, 5, 6, 9, 10, 15|
Root to change : 15 with colors |1, 3, 5, 7, 8, 10, 11, 12, 14|
++++++++++++++++++++++
Trying improving 5, 5, 1, 6 with subs:
Root to change : 1 with colors |2, 4, 5, 6, 8, 9, 10, 11, 13, 15|
Root to change : 6 with colors |1, 2, 5, 7, 8, 10, 11, 12, 13, 14|
++++++++++++++++++++++
Trying improving 5, 5, 2, 11 with subs:
Root to change : 2 with colors |1, 4, 5, 6, 7, 8, 11, 12, 15|
Root to change : 11 with colors |1, 2, 4, 5, 6, 7, 9, 13, 14|
++++++++++++++++++++++
Trying improving 5, 6, 1, 1 with subs:
Root to change : 6 with colors |1, 2, 5, 9, 10, 11, 12, 14, 15|
++++++++++++++++++++++
Trying improving 5, 6, 1, 2 with subs:
Root to change : 6 with colors |1, 2, 5, 9, 10, 12, 14|
Root to change : 1 with colors |2, 4, 5, 6, 9, 13, 14|
++++++++++++++++++++++
Trying improving 5, 6, 1, 5 with subs:
Root to change : 6 with colors |1, 2, 5, 9, 10, 11, 12, 14, 15|
Root to change : 1 with colors |2, 5, 6, 9, 10, 11, 12, 14, 15|
++++++++++++++++++++++
Trying improving 5, 6, 1, 6 with subs:
Root to change : 1 with colors |2, 4, 5, 6, 8, 9, 10, 11, 13, 15|
++++++++++++++++++++++
Trying improving 5, 6, 1, 10 with subs:
Root to change : 6 with colors |1, 2, 5, 9, 10, 11, 12, 14, 15|
Root to change : 1 with colors |3, 5, 6, 8, 9, 10, 12, 13, 14, 15|
++++++++++++++++++++++
Trying improving 5, 6, 1, 11 with subs:
Root to change : 6 with colors |1, 5, 10, 11, 12, 14, 15|
Root to change : 1 with colors |4, 5, 6, 8, 11, 12, 15|
++++++++++++++++++++++
Trying improving 5, 6, 1, 12 with subs:
Root to change : 6 with colors |1, 2, 5, 9, 10, 11, 12, 14, 15|
Root to change : 1 with colors |3, 5, 8, 10, 11, 12, 15|
++++++++++++++++++++++
Trying improving 5, 6, 1, 14 with subs:
Root to change : 6 with colors |1, 2, 5, 9, 10, 11, 12, 14, 15|
Root to change : 1 with colors |2, 3, 5, 9, 10, 13, 14|
++++++++++++++++++++++
Trying improving 5, 6, 2, 11 with subs:
Root to change : 5 with colors |2, 4, 6, 8, 9, 11, 13, 15|
Root to change : 2 with colors |4, 5, 6, 8, 11, 12, 15|
Root to change : 11 with colors |2, 4, 5, 6, 9, 13, 14|
++++++++++++++++++++++
Trying improving 5, 6, 12, 14 with subs:
Root to change : 6 with colors |1, 2, 5, 9, 10, 11, 12, 14, 15|
Root to change : 12 with colors |2, 3, 5, 9, 10, 13, 14|
Root to change : 14 with colors |3, 5, 8, 10, 11, 12, 15|
++++++++++++++++++++++
Trying improving 5, 9, 1, 6 with subs:
Root to change : 1 with colors |2, 4, 5, 6, 8, 9, 10, 11, 13, 15|
Root to change : 6 with colors |1, 2, 5, 7, 10, 12, 13, 14|
++++++++++++++++++++++
Trying improving 5, 9, 1, 11 with subs:
Root to change : 9 with colors |1, 5, 10, 11, 12, 14, 15|
Root to change : 1 with colors |4, 5, 6, 8, 11, 12, 15|
Root to change : 11 with colors |1, 2, 5, 7, 10, 12, 13, 14|
++++++++++++++++++++++
Trying improving 5, 9, 2, 11 with subs:
Root to change : 5 with colors |2, 3, 4, 6, 9, 13, 15|
Root to change : 2 with colors |4, 5, 6, 8, 11, 12, 15|
Root to change : 11 with colors |1, 2, 4, 5, 6, 7, 9, 13, 14|
++++++++++++++++++++++
Trying improving 5, 10, 1, 6 with subs:
Root to change : 1 with colors |2, 4, 5, 6, 8, 9, 10, 11, 13, 15|
Root to change : 6 with colors |1, 2, 5, 7, 8, 10, 11, 12, 13, 14|
++++++++++++++++++++++
Trying improving 5, 10, 2, 11 with subs:
Root to change : 2 with colors |1, 4, 5, 6, 7, 8, 11, 12, 15|
Root to change : 11 with colors |1, 2, 4, 5, 6, 7, 9, 13, 14|
++++++++++++++++++++++
Trying improving 5, 11, 0, 2 with subs:
Root to change : 5 with colors |1, 2, 4, 6, 7, 8, 11, 12, 15|
Root to change : 11 with colors |1, 2, 5, 6, 9, 10, 12, 14, 15|
Root to change : 2 with colors |3, 4, 5, 7, 9, 11, 12, 14, 15|
++++++++++++++++++++++
Trying improving 5, 11, 1, 2 with subs:
Root to change : 5 with colors |1, 2, 4, 7, 8, 11, 12|
Root to change : 11 with colors |1, 2, 5, 9, 10, 12, 14|
Root to change : 2 with colors |1, 5, 7, 8, 10, 11, 12, 14|
++++++++++++++++++++++
Trying improving 5, 11, 1, 6 with subs:
Root to change : 1 with colors |4, 5, 6, 8, 9, 10, 11, 15|
Root to change : 6 with colors |1, 5, 7, 8, 10, 11, 12, 14|
++++++++++++++++++++++
Trying improving 5, 11, 2, 2 with subs:
Root to change : 5 with colors |1, 2, 4, 6, 7, 8, 11, 12, 15|
Root to change : 11 with colors |1, 2, 5, 6, 9, 10, 12, 14, 15|
++++++++++++++++++++++
Trying improving 5, 11, 2, 5 with subs:
Root to change : 11 with colors |1, 2, 5, 6, 9, 10, 12, 14, 15|
Root to change : 2 with colors |1, 5, 6, 9, 10, 11, 12, 14, 15|
++++++++++++++++++++++
Trying improving 5, 11, 2, 6 with subs:
Root to change : 5 with colors |2, 4, 6, 7, 8, 11, 15|
Root to change : 11 with colors |2, 5, 6, 9, 10, 14, 15|
Root to change : 2 with colors |4, 5, 6, 8, 9, 10, 11, 15|
++++++++++++++++++++++
Trying improving 5, 11, 2, 9 with subs:
Root to change : 5 with colors |2, 4, 6, 7, 8, 11, 15|
Root to change : 11 with colors |1, 2, 5, 6, 9, 10, 12, 14, 15|
Root to change : 2 with colors |3, 4, 5, 6, 9, 10, 15|
++++++++++++++++++++++
Trying improving 5, 11, 2, 11 with subs:
Root to change : 5 with colors |1, 2, 4, 6, 7, 8, 11, 12, 15|
Root to change : 2 with colors |1, 4, 5, 6, 7, 8, 11, 12, 15|
++++++++++++++++++++++
Trying improving 5, 11, 2, 14 with subs:
Root to change : 5 with colors |1, 2, 4, 7, 8, 11, 12|
Root to change : 11 with colors |1, 2, 5, 6, 9, 10, 12, 14, 15|
Root to change : 2 with colors |1, 3, 5, 7, 10, 12, 14|
++++++++++++++++++++++
Trying improving 5, 11, 9, 14 with subs:
Root to change : 11 with colors |1, 2, 5, 6, 9, 10, 12, 14, 15|
Root to change : 9 with colors |1, 3, 5, 7, 10, 12, 14|
Root to change : 14 with colors |3, 4, 5, 6, 9, 10, 15|
++++++++++++++++++++++
Trying improving 5, 12, 1, 6 with subs:
Root to change : 1 with colors |4, 5, 6, 8, 9, 10, 11, 15|
Root to change : 6 with colors |1, 2, 5, 7, 8, 10, 11, 12, 13, 14|
++++++++++++++++++++++
Trying improving 5, 12, 2, 6 with subs:
Root to change : 12 with colors |2, 5, 6, 9, 10, 14, 15|
Root to change : 2 with colors |4, 5, 6, 8, 9, 10, 11, 15|
Root to change : 6 with colors |1, 2, 5, 7, 9, 13, 14|
++++++++++++++++++++++
Trying improving 5, 12, 2, 11 with subs:
Root to change : 5 with colors |1, 3, 7, 8, 11, 12, 14|
Root to change : 2 with colors |1, 4, 5, 6, 7, 8, 11, 12, 15|
Root to change : 11 with colors |1, 2, 5, 7, 9, 13, 14|
++++++++++++++++++++++
Trying improving 5, 14, 1, 6 with subs:
Root to change : 1 with colors |2, 4, 5, 6, 9, 10, 13, 15|
Root to change : 6 with colors |1, 2, 5, 7, 8, 10, 11, 12, 13, 14|
++++++++++++++++++++++
Trying improving 5, 14, 2, 11 with subs:
Root to change : 5 with colors |1, 2, 3, 7, 12, 13, 14|
Root to change : 2 with colors |1, 5, 7, 8, 11, 12, 15|
Root to change : 11 with colors |1, 2, 4, 5, 6, 7, 9, 13, 14|
++++++++++++++++++++++
Trying improving 5, 14, 6, 11 with subs:
Root to change : 14 with colors |5, 6, 9, 10, 11, 12, 15|
Root to change : 6 with colors |1, 5, 7, 8, 11, 12, 15|
Root to change : 11 with colors |2, 4, 5, 6, 9, 10, 13, 15|
++++++++++++++++++++++
Trying improving 5, 15, 1, 2 with subs:
Root to change : 15 with colors |1, 2, 5, 9, 10, 12, 14|
Root to change : 1 with colors |2, 4, 5, 6, 9, 13, 14|
Root to change : 2 with colors |1, 5, 7, 8, 10, 11, 12, 14|
++++++++++++++++++++++
Trying improving 5, 15, 1, 6 with subs:
Root to change : 1 with colors |2, 4, 5, 6, 8, 9, 10, 11, 13, 15|
Root to change : 6 with colors |1, 5, 7, 8, 10, 11, 12, 14|
++++++++++++++++++++++
Trying improving 5, 15, 2, 11 with subs:
Root to change : 5 with colors |3, 4, 6, 8, 9, 11, 15|
Root to change : 2 with colors |1, 4, 5, 6, 7, 8, 11, 12, 15|
Root to change : 11 with colors |2, 4, 5, 6, 9, 13, 14|
++++++++++++++++++++++
Trying improving 6, 6, 1, 2 with subs:
Root to change : 1 with colors |2, 4, 5, 6, 7, 9, 11, 13, 14|
++++++++++++++++++++++
Trying improving 6, 6, 1, 5 with subs:
Root to change : 1 with colors |2, 5, 6, 9, 10, 11, 12, 14, 15|
++++++++++++++++++++++
Trying improving 6, 6, 1, 6 with subs:
Root to change : 1 with colors |2, 4, 5, 6, 8, 9, 10, 11, 13, 15|
++++++++++++++++++++++
Trying improving 6, 6, 1, 10 with subs:
Root to change : 1 with colors |3, 5, 6, 8, 9, 10, 12, 13, 14, 15|
++++++++++++++++++++++
Trying improving 6, 6, 1, 11 with subs:
Root to change : 1 with colors |2, 4, 5, 6, 7, 8, 11, 12, 15|
++++++++++++++++++++++
Trying improving 6, 6, 1, 12 with subs:
Root to change : 1 with colors |3, 5, 8, 10, 11, 12, 15|
++++++++++++++++++++++
Trying improving 6, 6, 1, 14 with subs:
Root to change : 1 with colors |2, 3, 5, 9, 10, 13, 14|
++++++++++++++++++++++
Trying improving 6, 6, 12, 14 with subs:
Root to change : 12 with colors |2, 3, 5, 9, 10, 13, 14|
Root to change : 14 with colors |3, 5, 8, 10, 11, 12, 15|
++++++++++++++++++++++
Trying improving 6, 9, 1, 1 with subs:
Root to change : 6 with colors |2, 3, 5, 9, 10, 13, 14|
++++++++++++++++++++++
Trying improving 6, 9, 1, 2 with subs:
Root to change : 6 with colors |2, 3, 5, 9, 10, 13, 14|
Root to change : 1 with colors |2, 4, 5, 6, 7, 9, 11, 13, 14|
++++++++++++++++++++++
Trying improving 6, 9, 1, 5 with subs:
Root to change : 6 with colors |2, 3, 5, 9, 10, 13, 14|
Root to change : 1 with colors |2, 5, 6, 9, 10, 11, 12, 14, 15|
++++++++++++++++++++++
Trying improving 6, 9, 1, 6 with subs:
Root to change : 1 with colors |2, 4, 5, 6, 8, 9, 10, 11, 13, 15|
++++++++++++++++++++++
Trying improving 6, 9, 1, 10 with subs:
Root to change : 6 with colors |2, 3, 5, 9, 10, 13, 14|
Root to change : 1 with colors |3, 5, 6, 8, 9, 10, 12, 13, 14, 15|
++++++++++++++++++++++
Trying improving 6, 9, 1, 11 with subs:
Root to change : 1 with colors |2, 4, 5, 6, 7, 8, 11, 12, 15|
++++++++++++++++++++++
Trying improving 6, 9, 1, 12 with subs:
Root to change : 6 with colors |2, 3, 5, 9, 10, 13, 14|
Root to change : 1 with colors |3, 5, 8, 10, 11, 12, 15|
++++++++++++++++++++++
Trying improving 6, 9, 1, 14 with subs:
Root to change : 6 with colors |2, 3, 5, 9, 10, 13, 14|
Root to change : 1 with colors |2, 3, 5, 9, 10, 13, 14|
++++++++++++++++++++++
Trying improving 6, 9, 12, 14 with subs:
Root to change : 6 with colors |2, 3, 4, 5, 9, 10, 13, 14, 15|
Root to change : 12 with colors |2, 3, 5, 9, 10, 13, 14|
Root to change : 14 with colors |3, 5, 8, 10, 11, 12, 15|
++++++++++++++++++++++
Trying improving 6, 10, 1, 1 with subs:
Root to change : 6 with colors |1, 3, 5, 8, 9, 10, 12, 13, 14, 15|
++++++++++++++++++++++
Trying improving 6, 10, 1, 2 with subs:
Root to change : 6 with colors |1, 3, 5, 9, 10, 12, 13, 14|
Root to change : 1 with colors |2, 4, 5, 6, 9, 13, 14|
++++++++++++++++++++++
Trying improving 6, 10, 1, 5 with subs:
Root to change : 6 with colors |1, 3, 5, 8, 9, 10, 12, 13, 14, 15|
Root to change : 1 with colors |2, 5, 6, 9, 10, 11, 12, 14, 15|
++++++++++++++++++++++
Trying improving 6, 10, 1, 6 with subs:
Root to change : 1 with colors |2, 4, 5, 6, 8, 9, 10, 11, 13, 15|
++++++++++++++++++++++
Trying improving 6, 10, 1, 10 with subs:
Root to change : 6 with colors |1, 3, 5, 8, 9, 10, 12, 13, 14, 15|
Root to change : 1 with colors |3, 5, 6, 8, 9, 10, 12, 13, 14, 15|
++++++++++++++++++++++
Trying improving 6, 10, 1, 11 with subs:
Root to change : 6 with colors |1, 3, 5, 8, 10, 12, 14, 15|
Root to change : 1 with colors |4, 5, 6, 8, 11, 12, 15|
++++++++++++++++++++++
Trying improving 6, 10, 1, 12 with subs:
Root to change : 6 with colors |1, 3, 5, 8, 9, 10, 12, 13, 14, 15|
Root to change : 1 with colors |3, 5, 8, 10, 11, 12, 15|
++++++++++++++++++++++
Trying improving 6, 10, 1, 14 with subs:
Root to change : 6 with colors |1, 3, 5, 8, 9, 10, 12, 13, 14, 15|
Root to change : 1 with colors |2, 3, 5, 9, 10, 13, 14|
++++++++++++++++++++++
Trying improving 6, 10, 2, 11 with subs:
Root to change : 10 with colors |2, 4, 6, 8, 9, 11, 13, 15|
Root to change : 2 with colors |4, 5, 6, 8, 11, 12, 15|
Root to change : 11 with colors |2, 4, 5, 6, 9, 13, 14|
++++++++++++++++++++++
Trying improving 6, 10, 12, 14 with subs:
Root to change : 6 with colors |1, 3, 5, 8, 9, 10, 12, 13, 14, 15|
Root to change : 12 with colors |2, 3, 5, 9, 10, 13, 14|
Root to change : 14 with colors |3, 5, 8, 10, 11, 12, 15|
++++++++++++++++++++++
Trying improving 6, 11, 0, 14 with subs:
Root to change : 6 with colors |1, 2, 4, 5, 7, 8, 11, 12, 15|
Root to change : 11 with colors |2, 4, 5, 6, 9, 10, 13, 15|
Root to change : 14 with colors |2, 3, 4, 5, 7, 9, 11, 12, 15|
++++++++++++++++++++++
Trying improving 6, 11, 1, 1 with subs:
Root to change : 6 with colors |1, 2, 4, 5, 7, 8, 11, 12, 15|
++++++++++++++++++++++
Trying improving 6, 11, 1, 2 with subs:
Root to change : 6 with colors |1, 2, 4, 7, 8, 11, 12|
Root to change : 1 with colors |2, 4, 6, 7, 9, 11, 13|
++++++++++++++++++++++
Trying improving 6, 11, 1, 5 with subs:
Root to change : 6 with colors |1, 5, 7, 8, 11, 12, 15|
Root to change : 1 with colors |5, 6, 9, 10, 11, 12, 15|
++++++++++++++++++++++
Trying improving 6, 11, 1, 6 with subs:
Root to change : 1 with colors |2, 4, 5, 6, 8, 9, 10, 11, 13, 15|
++++++++++++++++++++++
Trying improving 6, 11, 1, 10 with subs:
Root to change : 6 with colors |1, 5, 7, 8, 11, 12, 15|
Root to change : 1 with colors |3, 5, 6, 8, 9, 10, 12, 15|
++++++++++++++++++++++
Trying improving 6, 11, 1, 11 with subs:
Root to change : 6 with colors |1, 2, 4, 5, 7, 8, 11, 12, 15|
Root to change : 1 with colors |2, 4, 5, 6, 7, 8, 11, 12, 15|
++++++++++++++++++++++
Trying improving 6, 11, 1, 12 with subs:
Root to change : 6 with colors |1, 2, 4, 5, 7, 8, 11, 12, 15|
Root to change : 1 with colors |3, 5, 8, 10, 11, 12, 15|
++++++++++++++++++++++
Trying improving 6, 11, 1, 14 with subs:
Root to change : 6 with colors |1, 2, 4, 5, 7, 8, 11, 12, 15|
++++++++++++++++++++++
Trying improving 6, 11, 2, 5 with subs:
Root to change : 11 with colors |2, 4, 5, 6, 9, 10, 13, 15|
Root to change : 2 with colors |5, 6, 9, 10, 11, 12, 15|
Root to change : 5 with colors |2, 4, 6, 7, 9, 11, 13|
++++++++++++++++++++++
Trying improving 6, 11, 2, 14 with subs:
Root to change : 6 with colors |1, 2, 4, 7, 8, 11, 12|
Root to change : 11 with colors |2, 4, 5, 6, 9, 10, 13, 15|
Root to change : 14 with colors |2, 4, 6, 7, 9, 11, 13|
++++++++++++++++++++++
Trying improving 6, 11, 5, 14 with subs:
Root to change : 6 with colors |1, 5, 7, 8, 11, 12, 15|
Root to change : 11 with colors |2, 4, 5, 6, 9, 10, 13, 15|
Root to change : 14 with colors |5, 6, 9, 10, 11, 12, 15|
++++++++++++++++++++++
Trying improving 6, 11, 9, 14 with subs:
Root to change : 11 with colors |2, 4, 5, 6, 9, 10, 13, 15|
Root to change : 14 with colors |2, 3, 4, 5, 6, 9, 10, 13, 15|
++++++++++++++++++++++
Trying improving 6, 11, 10, 14 with subs:
Root to change : 6 with colors |1, 5, 7, 8, 11, 12, 15|
Root to change : 11 with colors |2, 4, 5, 6, 9, 10, 13, 15|
Root to change : 14 with colors |3, 5, 6, 8, 9, 10, 12, 15|
++++++++++++++++++++++
Trying improving 6, 11, 12, 14 with subs:
Root to change : 6 with colors |1, 2, 4, 5, 7, 8, 11, 12, 15|
Root to change : 14 with colors |3, 5, 8, 10, 11, 12, 15|
++++++++++++++++++++++
Trying improving 6, 11, 14, 14 with subs:
Root to change : 6 with colors |1, 2, 4, 5, 7, 8, 11, 12, 15|
Root to change : 11 with colors |2, 4, 5, 6, 9, 10, 13, 15|
++++++++++++++++++++++
Trying improving 6, 15, 1, 1 with subs:
Root to change : 6 with colors |3, 5, 8, 10, 11, 12, 15|
++++++++++++++++++++++
Trying improving 6, 15, 1, 2 with subs:
Root to change : 1 with colors |2, 4, 5, 6, 7, 9, 11, 13, 14|
++++++++++++++++++++++
Trying improving 6, 15, 1, 5 with subs:
Root to change : 6 with colors |3, 5, 8, 10, 11, 12, 15|
Root to change : 1 with colors |2, 5, 6, 9, 10, 11, 12, 14, 15|
++++++++++++++++++++++
Trying improving 6, 15, 1, 6 with subs:
Root to change : 1 with colors |2, 4, 5, 6, 8, 9, 10, 11, 13, 15|
++++++++++++++++++++++
Trying improving 6, 15, 1, 10 with subs:
Root to change : 6 with colors |3, 5, 8, 10, 11, 12, 15|
Root to change : 1 with colors |3, 5, 6, 8, 9, 10, 12, 13, 14, 15|
++++++++++++++++++++++
Trying improving 6, 15, 1, 11 with subs:
Root to change : 6 with colors |3, 5, 8, 10, 11, 12, 15|
Root to change : 1 with colors |2, 4, 5, 6, 7, 8, 11, 12, 15|
++++++++++++++++++++++
Trying improving 6, 15, 1, 12 with subs:
Root to change : 6 with colors |3, 5, 8, 10, 11, 12, 15|
Root to change : 1 with colors |3, 5, 8, 10, 11, 12, 15|
++++++++++++++++++++++
Trying improving 6, 15, 1, 14 with subs:
Root to change : 6 with colors |3, 5, 8, 10, 11, 12, 15|
Root to change : 1 with colors |2, 3, 5, 9, 10, 13, 14|
++++++++++++++++++++++
Trying improving 6, 15, 12, 14 with subs:
Root to change : 6 with colors |3, 4, 5, 8, 9, 10, 11, 12, 15|
Root to change : 12 with colors |2, 3, 5, 9, 10, 13, 14|
Root to change : 14 with colors |3, 5, 8, 10, 11, 12, 15|
++++++++++++++++++++++
Trying improving 9, 9, 1, 6 with subs:
Root to change : 1 with colors |2, 4, 5, 6, 8, 9, 10, 11, 13, 15|
Root to change : 6 with colors |1, 2, 5, 7, 10, 12, 13, 14|
++++++++++++++++++++++
Trying improving 9, 9, 1, 11 with subs:
Root to change : 1 with colors |2, 4, 5, 6, 7, 8, 11, 12, 15|
Root to change : 11 with colors |1, 2, 5, 7, 10, 12, 13, 14|
++++++++++++++++++++++
Trying improving 9, 10, 1, 6 with subs:
Root to change : 1 with colors |2, 4, 5, 6, 8, 9, 10, 11, 13, 15|
Root to change : 6 with colors |1, 2, 5, 7, 10, 12, 13, 14|
++++++++++++++++++++++
Trying improving 9, 10, 1, 11 with subs:
Root to change : 9 with colors |1, 3, 5, 8, 10, 12, 14, 15|
Root to change : 1 with colors |4, 5, 6, 8, 11, 12, 15|
Root to change : 11 with colors |1, 2, 5, 7, 10, 12, 13, 14|
++++++++++++++++++++++
Trying improving 9, 10, 2, 11 with subs:
Root to change : 10 with colors |2, 3, 4, 6, 9, 13, 15|
Root to change : 2 with colors |4, 5, 6, 8, 11, 12, 15|
Root to change : 11 with colors |1, 2, 4, 5, 6, 7, 9, 13, 14|
++++++++++++++++++++++
Trying improving 9, 14, 0, 11 with subs:
Root to change : 9 with colors |1, 2, 3, 5, 7, 10, 12, 13, 14|
Root to change : 14 with colors |2, 3, 4, 5, 6, 9, 10, 13, 15|
Root to change : 11 with colors |2, 3, 4, 5, 7, 9, 12, 14, 15|
++++++++++++++++++++++
Trying improving 9, 14, 1, 6 with subs:
Root to change : 1 with colors |2, 4, 5, 6, 9, 10, 13, 15|
Root to change : 6 with colors |1, 2, 5, 7, 10, 12, 13, 14|
++++++++++++++++++++++
Trying improving 9, 14, 1, 11 with subs:
Root to change : 9 with colors |1, 2, 3, 5, 7, 10, 12, 13, 14|
Root to change : 11 with colors |1, 2, 5, 7, 10, 12, 13, 14|
++++++++++++++++++++++
Trying improving 9, 14, 2, 11 with subs:
Root to change : 9 with colors |1, 2, 3, 7, 12, 13, 14|
Root to change : 14 with colors |2, 3, 4, 6, 9, 13, 15|
Root to change : 11 with colors |1, 2, 4, 5, 6, 7, 9, 13, 14|
++++++++++++++++++++++
Trying improving 9, 14, 5, 11 with subs:
Root to change : 9 with colors |1, 3, 5, 7, 10, 12, 14|
Root to change : 14 with colors |3, 4, 5, 6, 9, 10, 15|
Root to change : 11 with colors |1, 2, 5, 6, 9, 10, 12, 14, 15|
++++++++++++++++++++++
Trying improving 9, 14, 6, 11 with subs:
Root to change : 14 with colors |2, 3, 4, 5, 6, 9, 10, 13, 15|
Root to change : 11 with colors |2, 4, 5, 6, 9, 10, 13, 15|
++++++++++++++++++++++
Trying improving 9, 14, 11, 11 with subs:
Root to change : 9 with colors |1, 2, 3, 5, 7, 10, 12, 13, 14|
Root to change : 14 with colors |2, 3, 4, 5, 6, 9, 10, 13, 15|
++++++++++++++++++++++
Trying improving 9, 14, 11, 12 with subs:
Root to change : 9 with colors |1, 2, 3, 5, 7, 10, 12, 13, 14|
Root to change : 14 with colors |3, 4, 5, 6, 9, 10, 15|
Root to change : 11 with colors |1, 3, 5, 7, 8, 10, 12, 14, 15|
++++++++++++++++++++++
Trying improving 9, 14, 11, 15 with subs:
Root to change : 9 with colors |1, 3, 5, 7, 10, 12, 14|
Root to change : 14 with colors |2, 3, 4, 5, 6, 9, 10, 13, 15|
Root to change : 11 with colors |3, 4, 5, 6, 8, 9, 10, 12, 15|
++++++++++++++++++++++
Trying improving 9, 15, 1, 1 with subs:
Root to change : 9 with colors |3, 5, 8, 10, 11, 12, 15|
Root to change : 15 with colors |2, 3, 5, 9, 10, 13, 14|
++++++++++++++++++++++
Trying improving 9, 15, 1, 2 with subs:
Root to change : 15 with colors |2, 3, 5, 9, 10, 13, 14|
Root to change : 1 with colors |2, 4, 5, 6, 7, 9, 11, 13, 14|
++++++++++++++++++++++
Trying improving 9, 15, 1, 5 with subs:
Root to change : 9 with colors |3, 5, 8, 10, 11, 12, 15|
Root to change : 15 with colors |2, 3, 5, 9, 10, 13, 14|
Root to change : 1 with colors |2, 5, 6, 9, 10, 11, 12, 14, 15|
++++++++++++++++++++++
Trying improving 9, 15, 1, 6 with subs:
Root to change : 1 with colors |2, 4, 5, 6, 8, 9, 10, 11, 13, 15|
++++++++++++++++++++++
Trying improving 9, 15, 1, 10 with subs:
Root to change : 9 with colors |3, 5, 8, 10, 11, 12, 15|
Root to change : 15 with colors |2, 3, 5, 9, 10, 13, 14|
Root to change : 1 with colors |3, 5, 6, 8, 9, 10, 12, 13, 14, 15|
++++++++++++++++++++++
Trying improving 9, 15, 1, 11 with subs:
Root to change : 9 with colors |3, 5, 8, 10, 11, 12, 15|
Root to change : 1 with colors |2, 4, 5, 6, 7, 8, 11, 12, 15|
++++++++++++++++++++++
Trying improving 9, 15, 1, 12 with subs:
Root to change : 9 with colors |3, 5, 8, 10, 11, 12, 15|
Root to change : 15 with colors |2, 3, 5, 9, 10, 13, 14|
Root to change : 1 with colors |3, 5, 7, 8, 10, 11, 12, 14, 15|
++++++++++++++++++++++
Trying improving 9, 15, 1, 14 with subs:
Root to change : 9 with colors |3, 5, 8, 10, 11, 12, 15|
Root to change : 15 with colors |2, 3, 5, 9, 10, 13, 14|
Root to change : 1 with colors |2, 3, 5, 7, 9, 10, 12, 13, 14|
++++++++++++++++++++++
Trying improving 10, 10, 1, 6 with subs:
Root to change : 1 with colors |2, 4, 5, 6, 8, 9, 10, 11, 13, 15|
Root to change : 6 with colors |1, 2, 5, 7, 8, 10, 11, 12, 13, 14|
++++++++++++++++++++++
Trying improving 10, 10, 2, 11 with subs:
Root to change : 2 with colors |1, 4, 5, 6, 7, 8, 11, 12, 15|
Root to change : 11 with colors |1, 2, 4, 5, 6, 7, 9, 13, 14|
++++++++++++++++++++++
Trying improving 10, 12, 1, 6 with subs:
Root to change : 1 with colors |4, 5, 6, 8, 9, 10, 11, 15|
Root to change : 6 with colors |1, 2, 5, 7, 8, 10, 11, 12, 13, 14|
++++++++++++++++++++++
Trying improving 10, 12, 2, 6 with subs:
Root to change : 12 with colors |3, 5, 6, 9, 10, 13, 14, 15|
Root to change : 2 with colors |4, 5, 6, 8, 9, 10, 11, 15|
Root to change : 6 with colors |1, 2, 5, 7, 9, 13, 14|
++++++++++++++++++++++
Trying improving 10, 12, 2, 11 with subs:
Root to change : 10 with colors |1, 3, 7, 8, 11, 12, 14|
Root to change : 2 with colors |1, 4, 5, 6, 7, 8, 11, 12, 15|
Root to change : 11 with colors |1, 2, 5, 7, 9, 13, 14|
++++++++++++++++++++++
Trying improving 10, 14, 1, 6 with subs:
Root to change : 1 with colors |2, 4, 5, 6, 9, 10, 13, 15|
Root to change : 6 with colors |1, 2, 5, 7, 8, 10, 11, 12, 13, 14|
++++++++++++++++++++++
Trying improving 10, 14, 2, 11 with subs:
Root to change : 10 with colors |1, 2, 3, 7, 12, 13, 14|
Root to change : 2 with colors |1, 5, 7, 8, 11, 12, 15|
Root to change : 11 with colors |1, 2, 4, 5, 6, 7, 9, 13, 14|
++++++++++++++++++++++
Trying improving 10, 14, 6, 11 with subs:
Root to change : 14 with colors |3, 5, 6, 8, 9, 10, 12, 15|
Root to change : 6 with colors |1, 5, 7, 8, 11, 12, 15|
Root to change : 11 with colors |2, 4, 5, 6, 9, 10, 13, 15|
++++++++++++++++++++++
Trying improving 10, 15, 1, 2 with subs:
Root to change : 15 with colors |1, 3, 5, 9, 10, 12, 13, 14|
Root to change : 1 with colors |2, 4, 5, 6, 9, 13, 14|
Root to change : 2 with colors |1, 5, 7, 8, 10, 11, 12, 14|
++++++++++++++++++++++
Trying improving 10, 15, 1, 6 with subs:
Root to change : 1 with colors |2, 4, 5, 6, 8, 9, 10, 11, 13, 15|
Root to change : 6 with colors |1, 5, 7, 8, 10, 11, 12, 14|
++++++++++++++++++++++
Trying improving 10, 15, 2, 11 with subs:
Root to change : 10 with colors |3, 4, 6, 8, 9, 11, 15|
Root to change : 2 with colors |1, 4, 5, 6, 7, 8, 11, 12, 15|
Root to change : 11 with colors |2, 4, 5, 6, 9, 13, 14|
++++++++++++++++++++++
Trying improving 11, 11, 1, 6 with subs:
Root to change : 1 with colors |2, 4, 5, 6, 8, 9, 10, 11, 13, 15|
Root to change : 6 with colors |1, 2, 5, 7, 8, 10, 11, 12, 13, 14|
++++++++++++++++++++++
Trying improving 11, 11, 2, 5 with subs:
Root to change : 2 with colors |1, 5, 6, 9, 10, 11, 12, 14, 15|
Root to change : 5 with colors |1, 2, 4, 6, 7, 9, 11, 13, 14|
++++++++++++++++++++++
Trying improving 11, 11, 9, 14 with subs:
Root to change : 9 with colors |1, 2, 3, 5, 7, 10, 12, 13, 14|
Root to change : 14 with colors |2, 3, 4, 5, 6, 9, 10, 13, 15|
++++++++++++++++++++++
Trying improving 11, 12, 1, 6 with subs:
Root to change : 1 with colors |4, 5, 6, 8, 9, 10, 11, 15|
Root to change : 6 with colors |1, 2, 5, 7, 8, 10, 11, 12, 13, 14|
++++++++++++++++++++++
Trying improving 11, 12, 2, 5 with subs:
Root to change : 11 with colors |1, 3, 5, 7, 10, 12, 14|
Root to change : 2 with colors |1, 5, 6, 9, 10, 11, 12, 14, 15|
Root to change : 5 with colors |1, 2, 4, 7, 11, 13, 14|
++++++++++++++++++++++
Trying improving 11, 12, 2, 6 with subs:
Root to change : 12 with colors |2, 4, 6, 7, 8, 11, 15|
Root to change : 2 with colors |4, 5, 6, 8, 9, 10, 11, 15|
Root to change : 6 with colors |1, 2, 4, 7, 11, 13, 14|
++++++++++++++++++++++
Trying improving 11, 12, 2, 9 with subs:
Root to change : 11 with colors |1, 3, 5, 7, 10, 12, 14|
Root to change : 12 with colors |2, 4, 6, 7, 8, 11, 15|
Root to change : 2 with colors |3, 4, 5, 6, 9, 10, 15|
Root to change : 9 with colors |1, 2, 4, 7, 11, 13, 14|
++++++++++++++++++++++
Trying improving 11, 12, 9, 14 with subs:
Root to change : 11 with colors |1, 3, 5, 7, 8, 10, 12, 14, 15|
Root to change : 9 with colors |1, 2, 3, 5, 7, 10, 12, 13, 14|
Root to change : 14 with colors |3, 4, 5, 6, 9, 10, 15|
++++++++++++++++++++++
Trying improving 11, 15, 1, 2 with subs:
Root to change : 15 with colors |1, 2, 4, 7, 8, 11, 12|
Root to change : 1 with colors |2, 4, 6, 7, 9, 11, 13|
Root to change : 2 with colors |1, 5, 7, 8, 10, 11, 12, 14|
++++++++++++++++++++++
Trying improving 11, 15, 1, 6 with subs:
Root to change : 1 with colors |2, 4, 5, 6, 8, 9, 10, 11, 13, 15|
Root to change : 6 with colors |1, 5, 7, 8, 10, 11, 12, 14|
++++++++++++++++++++++
Trying improving 11, 15, 2, 5 with subs:
Root to change : 11 with colors |3, 4, 5, 6, 9, 10, 15|
Root to change : 2 with colors |1, 5, 6, 9, 10, 11, 12, 14, 15|
Root to change : 5 with colors |2, 4, 6, 7, 9, 11, 13|
++++++++++++++++++++++
Trying improving 11, 15, 2, 14 with subs:
Root to change : 11 with colors |3, 4, 5, 6, 9, 10, 15|
Root to change : 15 with colors |1, 2, 4, 7, 8, 11, 12|
Root to change : 2 with colors |1, 3, 5, 7, 10, 12, 14|
Root to change : 14 with colors |2, 4, 6, 7, 9, 11, 13|
++++++++++++++++++++++
Trying improving 11, 15, 9, 14 with subs:
Root to change : 11 with colors |3, 4, 5, 6, 8, 9, 10, 12, 15|
Root to change : 9 with colors |1, 3, 5, 7, 10, 12, 14|
Root to change : 14 with colors |2, 3, 4, 5, 6, 9, 10, 13, 15|
++++++++++++++++++++++
Trying improving 12, 12, 1, 6 with subs:
Root to change : 1 with colors |4, 5, 6, 8, 9, 10, 11, 15|
Root to change : 6 with colors |1, 2, 5, 7, 8, 10, 11, 12, 13, 14|
++++++++++++++++++++++
Trying improving 12, 12, 2, 6 with subs:
Root to change : 2 with colors |4, 5, 6, 8, 9, 10, 11, 15|
Root to change : 6 with colors |1, 2, 4, 5, 7, 9, 11, 13, 14|
++++++++++++++++++++++
Trying improving 12, 14, 1, 6 with subs:
Root to change : 6 with colors |1, 2, 5, 7, 8, 10, 11, 12, 13, 14|
++++++++++++++++++++++
Trying improving 12, 14, 2, 6 with subs:
Root to change : 12 with colors |2, 3, 5, 9, 10, 13, 14|
Root to change : 6 with colors |1, 2, 4, 5, 7, 9, 11, 13, 14|
++++++++++++++++++++++
Trying improving 12, 14, 5, 6 with subs:
Root to change : 12 with colors |2, 3, 5, 9, 10, 13, 14|
Root to change : 14 with colors |3, 5, 8, 10, 11, 12, 15|
Root to change : 6 with colors |1, 2, 5, 9, 10, 11, 12, 14, 15|
++++++++++++++++++++++
Trying improving 12, 14, 6, 6 with subs:
Root to change : 12 with colors |2, 3, 5, 9, 10, 13, 14|
Root to change : 14 with colors |3, 5, 8, 10, 11, 12, 15|
++++++++++++++++++++++
Trying improving 12, 14, 6, 9 with subs:
Root to change : 12 with colors |2, 3, 5, 9, 10, 13, 14|
Root to change : 14 with colors |3, 5, 8, 10, 11, 12, 15|
Root to change : 6 with colors |2, 3, 4, 5, 9, 10, 13, 14, 15|
++++++++++++++++++++++
Trying improving 12, 14, 6, 10 with subs:
Root to change : 12 with colors |2, 3, 5, 9, 10, 13, 14|
Root to change : 14 with colors |3, 5, 8, 10, 11, 12, 15|
Root to change : 6 with colors |1, 3, 5, 8, 9, 10, 12, 13, 14, 15|
++++++++++++++++++++++
Trying improving 12, 14, 6, 11 with subs:
Root to change : 14 with colors |3, 5, 8, 10, 11, 12, 15|
Root to change : 6 with colors |1, 2, 4, 5, 7, 8, 11, 12, 15|
++++++++++++++++++++++
Trying improving 12, 14, 6, 15 with subs:
Root to change : 12 with colors |2, 3, 5, 9, 10, 13, 14|
Root to change : 14 with colors |3, 5, 8, 10, 11, 12, 15|
Root to change : 6 with colors |3, 4, 5, 8, 9, 10, 11, 12, 15|
++++++++++++++++++++++
Trying improving 12, 15, 0, 2 with subs:
Root to change : 12 with colors |3, 4, 5, 6, 8, 9, 10, 11, 15|
Root to change : 15 with colors |1, 3, 5, 7, 8, 10, 11, 12, 14|
Root to change : 2 with colors |3, 4, 5, 7, 9, 11, 12, 14, 15|
++++++++++++++++++++++
Trying improving 12, 15, 1, 2 with subs:
Root to change : 15 with colors |1, 3, 5, 7, 8, 10, 11, 12, 14|
Root to change : 2 with colors |1, 5, 7, 8, 10, 11, 12, 14|
++++++++++++++++++++++
Trying improving 12, 15, 1, 6 with subs:
Root to change : 1 with colors |4, 5, 6, 8, 9, 10, 11, 15|
Root to change : 6 with colors |1, 5, 7, 8, 10, 11, 12, 14|
++++++++++++++++++++++
Trying improving 12, 15, 2, 2 with subs:
Root to change : 12 with colors |3, 4, 5, 6, 8, 9, 10, 11, 15|
Root to change : 15 with colors |1, 3, 5, 7, 8, 10, 11, 12, 14|
++++++++++++++++++++++
Trying improving 12, 15, 2, 5 with subs:
Root to change : 12 with colors |3, 4, 5, 6, 9, 10, 15|
Root to change : 15 with colors |1, 3, 5, 7, 10, 12, 14|
Root to change : 2 with colors |1, 5, 6, 9, 10, 11, 12, 14, 15|
++++++++++++++++++++++
Trying improving 12, 15, 2, 6 with subs:
Root to change : 12 with colors |3, 4, 5, 6, 8, 9, 10, 11, 15|
Root to change : 2 with colors |4, 5, 6, 8, 9, 10, 11, 15|
++++++++++++++++++++++
Trying improving 12, 15, 2, 9 with subs:
Root to change : 12 with colors |3, 4, 5, 6, 8, 9, 10, 11, 15|
Root to change : 15 with colors |1, 3, 5, 7, 10, 12, 14|
Root to change : 2 with colors |3, 4, 5, 6, 9, 10, 13, 14, 15|
++++++++++++++++++++++
Trying improving 12, 15, 2, 11 with subs:
Root to change : 12 with colors |3, 4, 6, 8, 9, 11, 15|
Root to change : 15 with colors |1, 3, 7, 8, 11, 12, 14|
Root to change : 2 with colors |1, 4, 5, 6, 7, 8, 11, 12, 15|
++++++++++++++++++++++
Trying improving 12, 15, 2, 14 with subs:
Root to change : 12 with colors |3, 4, 5, 6, 9, 10, 15|
Root to change : 15 with colors |1, 3, 5, 7, 8, 10, 11, 12, 14|
Root to change : 2 with colors |1, 3, 5, 7, 9, 10, 12, 13, 14|
++++++++++++++++++++++
Trying improving 14, 14, 1, 6 with subs:
Root to change : 1 with colors |2, 4, 5, 6, 9, 10, 13, 15|
Root to change : 6 with colors |1, 2, 5, 7, 8, 10, 11, 12, 13, 14|
++++++++++++++++++++++
Trying improving 14, 14, 6, 11 with subs:
Root to change : 6 with colors |1, 2, 4, 5, 7, 8, 11, 12, 15|
Root to change : 11 with colors |2, 4, 5, 6, 9, 10, 13, 15|
++++++++++++++++++++++
Trying improving 15, 15, 1, 2 with subs:
Root to change : 1 with colors |2, 4, 5, 6, 7, 9, 11, 13, 14|
Root to change : 2 with colors |1, 5, 7, 8, 10, 11, 12, 14|
++++++++++++++++++++++
Trying improving 15, 15, 1, 6 with subs:
Root to change : 1 with colors |2, 4, 5, 6, 8, 9, 10, 11, 13, 15|
Root to change : 6 with colors |1, 5, 7, 8, 10, 11, 12, 14|
++++++++++++++++++++++
Unable to be solved with SubSubProblem
