Trying substitutions to: 14
with goodVertices 3, 4, 7, 8, 9, 10, 12, 13, 15
bad color to improve: 4  8  with index 62
bad color to improve: 4  15  with index 69
bad color to improve: 6  8  with index 83
bad color to improve: 8  15  with index 107
4 bad colorings on level 1
bad coloring on level 2  |1, 5, 0, 2|
bad coloring on level 2  |1, 10, 0, 2|
bad coloring on level 2  |5, 12, 0, 2|
bad coloring on level 2  |10, 12, 0, 2|
bad coloring on level 2  |1, 2, 0, 5|
bad coloring on level 2  |1, 13, 0, 5|
bad coloring on level 2  |2, 7, 0, 5|
bad coloring on level 2  |7, 13, 0, 5|
bad coloring on level 2  |2, 5, 0, 7|
bad coloring on level 2  |5, 9, 0, 7|
bad coloring on level 2  |1, 1, 0, 9|
bad coloring on level 2  |1, 2, 0, 9|
bad coloring on level 2  |1, 5, 0, 9|
bad coloring on level 2  |1, 7, 0, 9|
bad coloring on level 2  |1, 10, 0, 9|
bad coloring on level 2  |1, 12, 0, 9|
bad coloring on level 2  |1, 13, 0, 9|
bad coloring on level 2  |1, 14, 0, 9|
bad coloring on level 2  |2, 5, 0, 12|
bad coloring on level 2  |2, 9, 0, 12|
bad coloring on level 2  |0, 9, 1, 1|
bad coloring on level 2  |2, 5, 1, 1|
bad coloring on level 2  |0, 5, 1, 2|
bad coloring on level 2  |0, 9, 1, 2|
bad coloring on level 2  |1, 5, 1, 2|
bad coloring on level 2  |1, 10, 1, 2|
bad coloring on level 2  |2, 5, 1, 2|
bad coloring on level 2  |5, 5, 1, 2|
bad coloring on level 2  |5, 9, 1, 2|
bad coloring on level 2  |5, 10, 1, 2|
bad coloring on level 2  |5, 12, 1, 2|
bad coloring on level 2  |5, 14, 1, 2|
bad coloring on level 2  |10, 12, 1, 2|
bad coloring on level 2  |0, 2, 1, 5|
bad coloring on level 2  |0, 9, 1, 5|
bad coloring on level 2  |1, 2, 1, 5|
bad coloring on level 2  |1, 13, 1, 5|
bad coloring on level 2  |2, 2, 1, 5|
bad coloring on level 2  |2, 5, 1, 5|
bad coloring on level 2  |2, 7, 1, 5|
bad coloring on level 2  |2, 9, 1, 5|
bad coloring on level 2  |2, 13, 1, 5|
bad coloring on level 2  |2, 14, 1, 5|
bad coloring on level 2  |7, 13, 1, 5|
bad coloring on level 2  |0, 9, 1, 7|
bad coloring on level 2  |2, 5, 1, 7|
bad coloring on level 2  |5, 9, 1, 7|
bad coloring on level 2  |0, 2, 1, 10|
bad coloring on level 2  |0, 9, 1, 10|
bad coloring on level 2  |1, 2, 1, 10|
bad coloring on level 2  |1, 13, 1, 10|
bad coloring on level 2  |2, 2, 1, 10|
bad coloring on level 2  |2, 5, 1, 10|
bad coloring on level 2  |2, 7, 1, 10|
bad coloring on level 2  |2, 9, 1, 10|
bad coloring on level 2  |2, 13, 1, 10|
bad coloring on level 2  |2, 14, 1, 10|
bad coloring on level 2  |7, 13, 1, 10|
bad coloring on level 2  |0, 9, 1, 12|
bad coloring on level 2  |2, 5, 1, 12|
bad coloring on level 2  |2, 9, 1, 12|
bad coloring on level 2  |0, 5, 1, 13|
bad coloring on level 2  |0, 9, 1, 13|
bad coloring on level 2  |1, 5, 1, 13|
bad coloring on level 2  |1, 10, 1, 13|
bad coloring on level 2  |2, 5, 1, 13|
bad coloring on level 2  |5, 5, 1, 13|
bad coloring on level 2  |5, 9, 1, 13|
bad coloring on level 2  |5, 10, 1, 13|
bad coloring on level 2  |5, 12, 1, 13|
bad coloring on level 2  |5, 14, 1, 13|
bad coloring on level 2  |10, 12, 1, 13|
bad coloring on level 2  |0, 9, 1, 14|
bad coloring on level 2  |2, 5, 1, 14|
bad coloring on level 2  |1, 5, 2, 2|
bad coloring on level 2  |1, 10, 2, 2|
bad coloring on level 2  |5, 12, 2, 2|
bad coloring on level 2  |10, 12, 2, 2|
bad coloring on level 2  |0, 7, 2, 5|
bad coloring on level 2  |0, 12, 2, 5|
bad coloring on level 2  |1, 1, 2, 5|
bad coloring on level 2  |1, 2, 2, 5|
bad coloring on level 2  |1, 5, 2, 5|
bad coloring on level 2  |1, 7, 2, 5|
bad coloring on level 2  |1, 10, 2, 5|
bad coloring on level 2  |1, 12, 2, 5|
bad coloring on level 2  |1, 13, 2, 5|
bad coloring on level 2  |1, 14, 2, 5|
bad coloring on level 2  |2, 7, 2, 5|
bad coloring on level 2  |3, 7, 2, 5|
bad coloring on level 2  |3, 12, 2, 5|
bad coloring on level 2  |5, 12, 2, 5|
bad coloring on level 2  |7, 7, 2, 5|
bad coloring on level 2  |7, 12, 2, 5|
bad coloring on level 2  |7, 13, 2, 5|
bad coloring on level 2  |7, 14, 2, 5|
bad coloring on level 2  |10, 12, 2, 5|
bad coloring on level 2  |12, 12, 2, 5|
bad coloring on level 2  |12, 14, 2, 5|
bad coloring on level 2  |0, 5, 2, 7|
bad coloring on level 2  |1, 5, 2, 7|
bad coloring on level 2  |1, 10, 2, 7|
bad coloring on level 2  |2, 5, 2, 7|
bad coloring on level 2  |5, 5, 2, 7|
bad coloring on level 2  |5, 9, 2, 7|
bad coloring on level 2  |5, 10, 2, 7|
bad coloring on level 2  |5, 12, 2, 7|
bad coloring on level 2  |5, 14, 2, 7|
bad coloring on level 2  |10, 12, 2, 7|
bad coloring on level 2  |0, 12, 2, 9|
bad coloring on level 2  |1, 5, 2, 9|
bad coloring on level 2  |1, 10, 2, 9|
bad coloring on level 2  |1, 12, 2, 9|
bad coloring on level 2  |3, 12, 2, 9|
bad coloring on level 2  |5, 12, 2, 9|
bad coloring on level 2  |7, 12, 2, 9|
bad coloring on level 2  |10, 12, 2, 9|
bad coloring on level 2  |12, 12, 2, 9|
bad coloring on level 2  |12, 14, 2, 9|
bad coloring on level 2  |1, 5, 2, 13|
bad coloring on level 2  |1, 10, 2, 13|
bad coloring on level 2  |5, 12, 2, 13|
bad coloring on level 2  |10, 12, 2, 13|
bad coloring on level 2  |1, 5, 2, 14|
bad coloring on level 2  |1, 10, 2, 14|
bad coloring on level 2  |5, 12, 2, 14|
bad coloring on level 2  |10, 12, 2, 14|
bad coloring on level 2  |2, 5, 3, 7|
bad coloring on level 2  |5, 9, 3, 7|
bad coloring on level 2  |2, 5, 3, 12|
bad coloring on level 2  |2, 9, 3, 12|
bad coloring on level 2  |1, 2, 5, 5|
bad coloring on level 2  |1, 13, 5, 5|
bad coloring on level 2  |2, 7, 5, 5|
bad coloring on level 2  |7, 13, 5, 5|
bad coloring on level 2  |0, 7, 5, 9|
bad coloring on level 2  |1, 2, 5, 9|
bad coloring on level 2  |1, 7, 5, 9|
bad coloring on level 2  |1, 13, 5, 9|
bad coloring on level 2  |2, 7, 5, 9|
bad coloring on level 2  |3, 7, 5, 9|
bad coloring on level 2  |7, 7, 5, 9|
bad coloring on level 2  |7, 12, 5, 9|
bad coloring on level 2  |7, 13, 5, 9|
bad coloring on level 2  |7, 14, 5, 9|
bad coloring on level 2  |1, 2, 5, 10|
bad coloring on level 2  |1, 13, 5, 10|
bad coloring on level 2  |2, 7, 5, 10|
bad coloring on level 2  |7, 13, 5, 10|
bad coloring on level 2  |0, 2, 5, 12|
bad coloring on level 2  |1, 2, 5, 12|
bad coloring on level 2  |1, 13, 5, 12|
bad coloring on level 2  |2, 2, 5, 12|
bad coloring on level 2  |2, 5, 5, 12|
bad coloring on level 2  |2, 7, 5, 12|
bad coloring on level 2  |2, 9, 5, 12|
bad coloring on level 2  |2, 13, 5, 12|
bad coloring on level 2  |2, 14, 5, 12|
bad coloring on level 2  |7, 13, 5, 12|
bad coloring on level 2  |1, 2, 5, 14|
bad coloring on level 2  |1, 13, 5, 14|
bad coloring on level 2  |2, 7, 5, 14|
bad coloring on level 2  |7, 13, 5, 14|
bad coloring on level 2  |2, 5, 7, 7|
bad coloring on level 2  |5, 9, 7, 7|
bad coloring on level 2  |2, 5, 7, 12|
bad coloring on level 2  |2, 9, 7, 12|
bad coloring on level 2  |5, 9, 7, 12|
bad coloring on level 2  |0, 5, 7, 13|
bad coloring on level 2  |1, 5, 7, 13|
bad coloring on level 2  |1, 10, 7, 13|
bad coloring on level 2  |2, 5, 7, 13|
bad coloring on level 2  |5, 5, 7, 13|
bad coloring on level 2  |5, 9, 7, 13|
bad coloring on level 2  |5, 10, 7, 13|
bad coloring on level 2  |5, 12, 7, 13|
bad coloring on level 2  |5, 14, 7, 13|
bad coloring on level 2  |2, 5, 7, 14|
bad coloring on level 2  |5, 9, 7, 14|
bad coloring on level 2  |0, 2, 10, 12|
bad coloring on level 2  |1, 2, 10, 12|
bad coloring on level 2  |1, 13, 10, 12|
bad coloring on level 2  |2, 2, 10, 12|
bad coloring on level 2  |2, 5, 10, 12|
bad coloring on level 2  |2, 7, 10, 12|
bad coloring on level 2  |2, 9, 10, 12|
bad coloring on level 2  |2, 13, 10, 12|
bad coloring on level 2  |2, 14, 10, 12|
bad coloring on level 2  |2, 5, 12, 12|
bad coloring on level 2  |2, 9, 12, 12|
bad coloring on level 2  |2, 5, 12, 14|
bad coloring on level 2  |2, 9, 12, 14|

192 bad colorings on level 2
Sub sub problem :
Trying improving 0, 2, 1, 5 with subs:
Root to change : 2 with colors |3, 5, 7, 11, 12, 14, 15|
Root to change : 1 with colors |2, 5, 6, 9, 10, 14, 15|
Root to change : 5 with colors |1, 2, 7, 8, 11, 12, 13, 14|
++++++++++++++++++++++
Trying improving 0, 2, 1, 10 with subs:
Root to change : 2 with colors |3, 5, 7, 11, 12, 14, 15|
Root to change : 1 with colors |3, 5, 6, 9, 10, 13, 14, 15|
Root to change : 10 with colors |1, 2, 7, 8, 11, 12, 13, 14|
++++++++++++++++++++++
Trying improving 0, 2, 5, 12 with subs:
Root to change : 2 with colors |3, 4, 5, 7, 9, 11, 12, 14, 15|
Root to change : 5 with colors |1, 3, 7, 8, 11, 12, 14|
Root to change : 12 with colors |2, 5, 6, 9, 10, 14, 15|
++++++++++++++++++++++
Trying improving 0, 2, 10, 12 with subs:
Root to change : 2 with colors |3, 4, 5, 7, 9, 11, 12, 14, 15|
Root to change : 10 with colors |1, 3, 7, 8, 11, 12, 14|
Root to change : 12 with colors |3, 5, 6, 9, 10, 13, 14, 15|
++++++++++++++++++++++
Trying improving 0, 5, 1, 2 with subs:
Root to change : 5 with colors |2, 3, 4, 7, 11, 12, 14|
Root to change : 1 with colors |2, 4, 5, 6, 9, 13, 14|
Root to change : 2 with colors |1, 5, 7, 8, 10, 11, 12, 14|
++++++++++++++++++++++
Trying improving 0, 5, 1, 13 with subs:
Root to change : 5 with colors |2, 3, 4, 7, 11, 12, 14|
Root to change : 1 with colors |2, 3, 4, 6, 9, 10, 13, 14|
Root to change : 13 with colors |1, 5, 7, 8, 10, 11, 12, 14|
++++++++++++++++++++++
Trying improving 0, 5, 2, 7 with subs:
Root to change : 5 with colors |2, 3, 4, 7, 9, 11, 12, 14, 15|
Root to change : 2 with colors |1, 3, 7, 8, 11, 12, 14|
Root to change : 7 with colors |2, 4, 5, 6, 9, 13, 14|
++++++++++++++++++++++
Trying improving 0, 5, 7, 13 with subs:
Root to change : 5 with colors |2, 3, 4, 7, 9, 11, 12, 14, 15|
Root to change : 7 with colors |2, 3, 4, 6, 9, 10, 13, 14|
Root to change : 13 with colors |1, 3, 7, 8, 11, 12, 14|
++++++++++++++++++++++
Trying improving 0, 7, 2, 5 with subs:
Root to change : 7 with colors |2, 3, 4, 5, 9, 14, 15|
Root to change : 2 with colors |1, 5, 10, 11, 12, 14, 15|
Root to change : 5 with colors |1, 2, 4, 6, 7, 9, 11, 13, 14|
++++++++++++++++++++++
Trying improving 0, 7, 5, 9 with subs:
Root to change : 7 with colors |2, 3, 4, 5, 9, 11, 12, 14, 15|
Root to change : 5 with colors |2, 3, 4, 6, 9, 10, 13, 14, 15|
Root to change : 9 with colors |1, 5, 10, 11, 12, 14, 15|
++++++++++++++++++++++
Trying improving 0, 9, 1, 1 with subs:
Root to change : 0 with colors |2, 3, 4, 5, 6, 9, 10, 13, 14, 15|
Root to change : 9 with colors |2, 3, 4, 5, 7, 11, 12, 14, 15|
++++++++++++++++++++++
Trying improving 0, 9, 1, 2 with subs:
Root to change : 0 with colors |2, 3, 4, 6, 9, 10, 13, 14|
Root to change : 9 with colors |2, 3, 4, 7, 11, 12, 14|
Root to change : 1 with colors |2, 4, 5, 6, 7, 9, 11, 13, 14|
++++++++++++++++++++++
Trying improving 0, 9, 1, 5 with subs:
Root to change : 0 with colors |3, 5, 6, 9, 10, 13, 14, 15|
Root to change : 9 with colors |3, 5, 7, 11, 12, 14, 15|
Root to change : 1 with colors |2, 5, 6, 9, 10, 11, 12, 14, 15|
++++++++++++++++++++++
Trying improving 0, 9, 1, 7 with subs:
Root to change : 0 with colors |2, 3, 4, 6, 9, 10, 13, 14|
Root to change : 9 with colors |2, 3, 4, 5, 7, 11, 12, 14, 15|
Root to change : 1 with colors |2, 3, 4, 7, 8, 11, 12, 13, 14|
++++++++++++++++++++++
Trying improving 0, 9, 1, 10 with subs:
Root to change : 0 with colors |3, 4, 5, 6, 9, 10, 13, 14, 15|
Root to change : 9 with colors |3, 5, 7, 11, 12, 14, 15|
Root to change : 1 with colors |3, 5, 6, 8, 9, 10, 12, 13, 14, 15|
++++++++++++++++++++++
Trying improving 0, 9, 1, 12 with subs:
Root to change : 0 with colors |3, 5, 6, 9, 10, 13, 14, 15|
Root to change : 9 with colors |2, 3, 4, 5, 7, 11, 12, 14, 15|
Root to change : 1 with colors |3, 5, 7, 8, 10, 11, 12, 14, 15|
++++++++++++++++++++++
Trying improving 0, 9, 1, 13 with subs:
Root to change : 0 with colors |2, 3, 4, 6, 9, 10, 13, 14, 15|
Root to change : 9 with colors |2, 3, 4, 7, 11, 12, 14|
Root to change : 1 with colors |2, 3, 4, 6, 7, 8, 9, 10, 13, 14|
++++++++++++++++++++++
Trying improving 0, 9, 1, 14 with subs:
Root to change : 0 with colors |2, 3, 4, 5, 6, 9, 10, 13, 14, 15|
Root to change : 9 with colors |2, 3, 4, 5, 7, 11, 12, 14, 15|
Root to change : 1 with colors |2, 3, 5, 7, 9, 10, 12, 13, 14|
++++++++++++++++++++++
Trying improving 0, 12, 2, 5 with subs:
Root to change : 12 with colors |2, 3, 4, 5, 9, 14, 15|
Root to change : 2 with colors |1, 5, 6, 9, 10, 11, 12, 14, 15|
Root to change : 5 with colors |1, 2, 4, 7, 11, 13, 14|
++++++++++++++++++++++
Trying improving 0, 12, 2, 9 with subs:
Root to change : 12 with colors |2, 3, 4, 5, 7, 9, 11, 14, 15|
Root to change : 2 with colors |3, 4, 5, 6, 9, 10, 13, 14, 15|
Root to change : 9 with colors |1, 2, 4, 7, 11, 13, 14|
++++++++++++++++++++++
Trying improving 1, 1, 0, 9 with subs:
Root to change : 0 with colors |2, 3, 4, 5, 6, 9, 10, 13, 14, 15|
Root to change : 9 with colors |2, 3, 4, 5, 7, 11, 12, 14, 15|
++++++++++++++++++++++
Trying improving 1, 1, 2, 5 with subs:
Root to change : 2 with colors |1, 5, 6, 9, 10, 11, 12, 14, 15|
Root to change : 5 with colors |1, 2, 4, 6, 7, 9, 11, 13, 14|
++++++++++++++++++++++
Trying improving 1, 2, 0, 5 with subs:
Root to change : 1 with colors |2, 4, 5, 6, 9, 13, 14|
Root to change : 2 with colors |1, 5, 7, 8, 10, 11, 12, 14|
Root to change : 5 with colors |2, 3, 4, 7, 11, 12, 14|
++++++++++++++++++++++
Trying improving 1, 2, 0, 9 with subs:
Root to change : 1 with colors |2, 4, 5, 6, 7, 9, 11, 13, 14|
Root to change : 0 with colors |2, 3, 4, 6, 9, 10, 13, 14|
Root to change : 9 with colors |2, 3, 4, 7, 11, 12, 14|
++++++++++++++++++++++
Trying improving 1, 2, 1, 5 with subs:
Root to change : 2 with colors |1, 5, 7, 8, 10, 11, 12, 14|
Root to change : 5 with colors |1, 2, 7, 8, 11, 12, 13, 14|
++++++++++++++++++++++
Trying improving 1, 2, 1, 10 with subs:
Root to change : 2 with colors |1, 5, 7, 8, 10, 11, 12, 14|
Root to change : 10 with colors |1, 2, 7, 8, 11, 12, 13, 14|
++++++++++++++++++++++
Trying improving 1, 2, 2, 5 with subs:
Root to change : 1 with colors |2, 4, 5, 6, 9, 13, 14|
Root to change : 5 with colors |1, 2, 4, 6, 7, 9, 11, 13, 14|
++++++++++++++++++++++
Trying improving 1, 2, 5, 5 with subs:
Root to change : 1 with colors |2, 4, 5, 6, 9, 13, 14|
Root to change : 2 with colors |1, 5, 7, 8, 10, 11, 12, 14|
++++++++++++++++++++++
Trying improving 1, 2, 5, 9 with subs:
Root to change : 1 with colors |2, 4, 5, 6, 9, 13, 14|
Root to change : 5 with colors |2, 3, 4, 6, 9, 10, 13, 14|
++++++++++++++++++++++
Trying improving 1, 2, 5, 10 with subs:
Root to change : 1 with colors |2, 4, 5, 6, 9, 13, 14|
Root to change : 2 with colors |1, 5, 7, 8, 10, 11, 12, 14|
++++++++++++++++++++++
Trying improving 1, 2, 5, 12 with subs:
Root to change : 2 with colors |1, 5, 7, 8, 10, 11, 12, 14|
Root to change : 5 with colors |1, 3, 7, 8, 11, 12, 14|
++++++++++++++++++++++
Trying improving 1, 2, 5, 14 with subs:
Root to change : 1 with colors |2, 4, 5, 6, 9, 13, 14|
Root to change : 2 with colors |1, 5, 7, 8, 10, 11, 12, 14|
Root to change : 5 with colors |1, 2, 3, 7, 9, 10, 12, 13, 14|
++++++++++++++++++++++
Trying improving 1, 2, 10, 12 with subs:
Root to change : 2 with colors |1, 5, 7, 8, 10, 11, 12, 14|
Root to change : 10 with colors |1, 3, 7, 8, 11, 12, 14|
++++++++++++++++++++++
Trying improving 1, 5, 0, 2 with subs:
Root to change : 1 with colors |2, 5, 6, 9, 10, 14, 15|
Root to change : 5 with colors |1, 2, 7, 8, 11, 12, 13, 14|
Root to change : 2 with colors |3, 5, 7, 11, 12, 14, 15|
++++++++++++++++++++++
Trying improving 1, 5, 0, 9 with subs:
Root to change : 1 with colors |2, 5, 6, 9, 10, 11, 12, 14, 15|
Root to change : 0 with colors |3, 5, 6, 9, 10, 13, 14, 15|
Root to change : 9 with colors |3, 5, 7, 11, 12, 14, 15|
++++++++++++++++++++++
Trying improving 1, 5, 1, 2 with subs:
Root to change : 5 with colors |1, 2, 7, 8, 11, 12, 13, 14|
Root to change : 2 with colors |1, 5, 7, 8, 10, 11, 12, 14|
++++++++++++++++++++++
Trying improving 1, 5, 1, 13 with subs:
Root to change : 5 with colors |1, 2, 7, 8, 11, 12, 13, 14|
Root to change : 13 with colors |1, 5, 7, 8, 10, 11, 12, 14|
++++++++++++++++++++++
Trying improving 1, 5, 2, 2 with subs:
Root to change : 1 with colors |2, 5, 6, 9, 10, 14, 15|
Root to change : 5 with colors |1, 2, 7, 8, 11, 12, 13, 14|
++++++++++++++++++++++
Trying improving 1, 5, 2, 5 with subs:
Root to change : 1 with colors |2, 5, 6, 9, 10, 14, 15|
Root to change : 2 with colors |1, 5, 6, 9, 10, 11, 12, 14, 15|
++++++++++++++++++++++
Trying improving 1, 5, 2, 7 with subs:
Root to change : 5 with colors |1, 2, 7, 8, 11, 12, 13, 14|
Root to change : 2 with colors |1, 3, 7, 8, 11, 12, 14|
++++++++++++++++++++++
Trying improving 1, 5, 2, 9 with subs:
Root to change : 1 with colors |2, 5, 6, 9, 10, 14, 15|
Root to change : 2 with colors |3, 5, 6, 9, 10, 13, 14, 15|
++++++++++++++++++++++
Trying improving 1, 5, 2, 13 with subs:
Root to change : 1 with colors |2, 5, 6, 9, 10, 14, 15|
Root to change : 5 with colors |1, 2, 7, 8, 11, 12, 13, 14|
++++++++++++++++++++++
Trying improving 1, 5, 2, 14 with subs:
Root to change : 1 with colors |2, 5, 6, 9, 10, 14, 15|
Root to change : 5 with colors |1, 2, 7, 8, 11, 12, 13, 14|
Root to change : 2 with colors |1, 3, 5, 7, 9, 10, 12, 13, 14|
++++++++++++++++++++++
Trying improving 1, 5, 7, 13 with subs:
Root to change : 5 with colors |1, 2, 7, 8, 11, 12, 13, 14|
Root to change : 13 with colors |1, 3, 7, 8, 11, 12, 14|
++++++++++++++++++++++
Trying improving 1, 7, 0, 9 with subs:
Root to change : 1 with colors |2, 3, 4, 7, 8, 11, 12, 13, 14|
Root to change : 0 with colors |2, 3, 4, 6, 9, 10, 13, 14|
Root to change : 9 with colors |2, 3, 4, 5, 7, 11, 12, 14, 15|
++++++++++++++++++++++
Trying improving 1, 7, 2, 5 with subs:
Root to change : 2 with colors |1, 5, 10, 11, 12, 14, 15|
Root to change : 5 with colors |1, 2, 4, 6, 7, 9, 11, 13, 14|
++++++++++++++++++++++
Trying improving 1, 7, 5, 9 with subs:
Root to change : 5 with colors |2, 3, 4, 6, 9, 10, 13, 14|
Root to change : 9 with colors |1, 5, 10, 11, 12, 14, 15|
++++++++++++++++++++++
Trying improving 1, 10, 0, 2 with subs:
Root to change : 1 with colors |3, 5, 6, 9, 10, 13, 14, 15|
Root to change : 10 with colors |1, 2, 7, 8, 11, 12, 13, 14|
Root to change : 2 with colors |3, 5, 7, 11, 12, 14, 15|
++++++++++++++++++++++
Trying improving 1, 10, 0, 9 with subs:
Root to change : 1 with colors |3, 5, 6, 8, 9, 10, 12, 13, 14, 15|
Root to change : 0 with colors |3, 4, 5, 6, 9, 10, 13, 14, 15|
Root to change : 9 with colors |3, 5, 7, 11, 12, 14, 15|
++++++++++++++++++++++
Trying improving 1, 10, 1, 2 with subs:
Root to change : 10 with colors |1, 2, 7, 8, 11, 12, 13, 14|
Root to change : 2 with colors |1, 5, 7, 8, 10, 11, 12, 14|
++++++++++++++++++++++
Trying improving 1, 10, 1, 13 with subs:
Root to change : 10 with colors |1, 2, 7, 8, 11, 12, 13, 14|
Root to change : 13 with colors |1, 5, 7, 8, 10, 11, 12, 14|
++++++++++++++++++++++
Trying improving 1, 10, 2, 2 with subs:
Root to change : 1 with colors |3, 5, 6, 9, 10, 13, 14, 15|
Root to change : 10 with colors |1, 2, 7, 8, 11, 12, 13, 14|
++++++++++++++++++++++
Trying improving 1, 10, 2, 5 with subs:
Root to change : 1 with colors |3, 5, 6, 9, 10, 13, 14, 15|
Root to change : 2 with colors |1, 5, 6, 9, 10, 11, 12, 14, 15|
++++++++++++++++++++++
Trying improving 1, 10, 2, 7 with subs:
Root to change : 10 with colors |1, 2, 7, 8, 11, 12, 13, 14|
Root to change : 2 with colors |1, 3, 7, 8, 11, 12, 14|
++++++++++++++++++++++
Trying improving 1, 10, 2, 9 with subs:
Root to change : 1 with colors |3, 5, 6, 9, 10, 13, 14, 15|
Root to change : 2 with colors |3, 5, 6, 9, 10, 13, 14, 15|
++++++++++++++++++++++
Trying improving 1, 10, 2, 13 with subs:
Root to change : 1 with colors |3, 5, 6, 9, 10, 13, 14, 15|
Root to change : 10 with colors |1, 2, 7, 8, 11, 12, 13, 14|
++++++++++++++++++++++
Trying improving 1, 10, 2, 14 with subs:
Root to change : 1 with colors |3, 5, 6, 9, 10, 13, 14, 15|
Root to change : 10 with colors |1, 2, 7, 8, 11, 12, 13, 14|
Root to change : 2 with colors |1, 3, 5, 7, 9, 10, 12, 13, 14|
++++++++++++++++++++++
Trying improving 1, 10, 7, 13 with subs:
Root to change : 1 with colors |3, 8, 9, 10, 12, 13, 14, 15|
Root to change : 10 with colors |1, 2, 7, 8, 11, 12, 13, 14|
Root to change : 13 with colors |1, 3, 7, 8, 11, 12, 14|
++++++++++++++++++++++
Trying improving 1, 12, 0, 9 with subs:
Root to change : 1 with colors |3, 5, 7, 8, 10, 11, 12, 14, 15|
Root to change : 0 with colors |3, 5, 6, 9, 10, 13, 14, 15|
Root to change : 9 with colors |2, 3, 4, 5, 7, 11, 12, 14, 15|
++++++++++++++++++++++
Trying improving 1, 12, 2, 5 with subs:
Root to change : 2 with colors |1, 5, 6, 9, 10, 11, 12, 14, 15|
Root to change : 5 with colors |1, 2, 4, 7, 11, 13, 14|
++++++++++++++++++++++
Trying improving 1, 12, 2, 9 with subs:
Root to change : 2 with colors |3, 5, 6, 9, 10, 13, 14, 15|
Root to change : 9 with colors |1, 2, 4, 7, 11, 13, 14|
++++++++++++++++++++++
Trying improving 1, 13, 0, 5 with subs:
Root to change : 1 with colors |2, 3, 4, 6, 9, 10, 13, 14|
Root to change : 13 with colors |1, 5, 7, 8, 10, 11, 12, 14|
Root to change : 5 with colors |2, 3, 4, 7, 11, 12, 14|
++++++++++++++++++++++
Trying improving 1, 13, 0, 9 with subs:
Root to change : 1 with colors |2, 3, 4, 6, 7, 8, 9, 10, 13, 14|
Root to change : 0 with colors |2, 3, 4, 6, 9, 10, 13, 14, 15|
Root to change : 9 with colors |2, 3, 4, 7, 11, 12, 14|
++++++++++++++++++++++
Trying improving 1, 13, 1, 5 with subs:
Root to change : 13 with colors |1, 5, 7, 8, 10, 11, 12, 14|
Root to change : 5 with colors |1, 2, 7, 8, 11, 12, 13, 14|
++++++++++++++++++++++
Trying improving 1, 13, 1, 10 with subs:
Root to change : 13 with colors |1, 5, 7, 8, 10, 11, 12, 14|
Root to change : 10 with colors |1, 2, 7, 8, 11, 12, 13, 14|
++++++++++++++++++++++
Trying improving 1, 13, 2, 5 with subs:
Root to change : 1 with colors |2, 3, 4, 6, 9, 10, 13, 14|
Root to change : 5 with colors |1, 2, 4, 6, 7, 9, 11, 13, 14|
++++++++++++++++++++++
Trying improving 1, 13, 5, 5 with subs:
Root to change : 1 with colors |2, 3, 4, 6, 9, 10, 13, 14|
Root to change : 13 with colors |1, 5, 7, 8, 10, 11, 12, 14|
++++++++++++++++++++++
Trying improving 1, 13, 5, 9 with subs:
Root to change : 1 with colors |2, 3, 4, 6, 9, 10, 13, 14|
Root to change : 5 with colors |2, 3, 4, 6, 9, 10, 13, 14|
++++++++++++++++++++++
Trying improving 1, 13, 5, 10 with subs:
Root to change : 1 with colors |2, 3, 4, 6, 9, 10, 13, 14|
Root to change : 13 with colors |1, 5, 7, 8, 10, 11, 12, 14|
++++++++++++++++++++++
Trying improving 1, 13, 5, 12 with subs:
Root to change : 13 with colors |1, 5, 7, 8, 10, 11, 12, 14|
Root to change : 5 with colors |1, 3, 7, 8, 11, 12, 14|
++++++++++++++++++++++
Trying improving 1, 13, 5, 14 with subs:
Root to change : 1 with colors |2, 3, 4, 6, 9, 10, 13, 14|
Root to change : 13 with colors |1, 5, 7, 8, 10, 11, 12, 14|
Root to change : 5 with colors |1, 2, 3, 7, 9, 10, 12, 13, 14|
++++++++++++++++++++++
Trying improving 1, 13, 10, 12 with subs:
Root to change : 1 with colors |3, 4, 7, 8, 9, 10, 13, 14|
Root to change : 13 with colors |1, 5, 7, 8, 10, 11, 12, 14|
Root to change : 10 with colors |1, 3, 7, 8, 11, 12, 14|
++++++++++++++++++++++
Trying improving 1, 14, 0, 9 with subs:
Root to change : 1 with colors |2, 3, 5, 7, 9, 10, 12, 13, 14|
Root to change : 0 with colors |2, 3, 4, 5, 6, 9, 10, 13, 14, 15|
Root to change : 9 with colors |2, 3, 4, 5, 7, 11, 12, 14, 15|
++++++++++++++++++++++
Trying improving 1, 14, 2, 5 with subs:
Root to change : 1 with colors |2, 3, 5, 9, 10, 13, 14|
Root to change : 2 with colors |1, 5, 6, 9, 10, 11, 12, 14, 15|
Root to change : 5 with colors |1, 2, 4, 6, 7, 9, 11, 13, 14|
++++++++++++++++++++++
Trying improving 2, 2, 1, 5 with subs:
Root to change : 1 with colors |2, 5, 6, 9, 10, 14, 15|
Root to change : 5 with colors |1, 2, 7, 8, 11, 12, 13, 14|
++++++++++++++++++++++
Trying improving 2, 2, 1, 10 with subs:
Root to change : 1 with colors |3, 5, 6, 9, 10, 13, 14, 15|
Root to change : 10 with colors |1, 2, 7, 8, 11, 12, 13, 14|
++++++++++++++++++++++
Trying improving 2, 2, 5, 12 with subs:
Root to change : 5 with colors |1, 3, 7, 8, 11, 12, 14|
Root to change : 12 with colors |2, 5, 6, 9, 10, 14, 15|
++++++++++++++++++++++
Trying improving 2, 2, 10, 12 with subs:
Root to change : 10 with colors |1, 3, 7, 8, 11, 12, 14|
Root to change : 12 with colors |3, 5, 6, 9, 10, 13, 14, 15|
++++++++++++++++++++++
Trying improving 2, 5, 0, 7 with subs:
Root to change : 2 with colors |1, 5, 10, 11, 12, 14, 15|
Root to change : 5 with colors |1, 2, 4, 6, 7, 9, 11, 13, 14|
Root to change : 7 with colors |2, 3, 4, 5, 9, 14, 15|
++++++++++++++++++++++
Trying improving 2, 5, 0, 12 with subs:
Root to change : 2 with colors |1, 5, 6, 9, 10, 11, 12, 14, 15|
Root to change : 5 with colors |1, 2, 4, 7, 11, 13, 14|
Root to change : 12 with colors |2, 3, 4, 5, 9, 14, 15|
++++++++++++++++++++++
Trying improving 2, 5, 1, 1 with subs:
Root to change : 2 with colors |1, 5, 6, 9, 10, 11, 12, 14, 15|
Root to change : 5 with colors |1, 2, 4, 6, 7, 9, 11, 13, 14|
++++++++++++++++++++++
Trying improving 2, 5, 1, 2 with subs:
Root to change : 5 with colors |1, 2, 4, 6, 7, 9, 11, 13, 14|
Root to change : 1 with colors |2, 4, 5, 6, 9, 13, 14|
++++++++++++++++++++++
Trying improving 2, 5, 1, 5 with subs:
Root to change : 2 with colors |1, 5, 6, 9, 10, 11, 12, 14, 15|
Root to change : 1 with colors |2, 5, 6, 9, 10, 14, 15|
++++++++++++++++++++++
Trying improving 2, 5, 1, 7 with subs:
Root to change : 2 with colors |1, 5, 10, 11, 12, 14, 15|
Root to change : 5 with colors |1, 2, 4, 6, 7, 9, 11, 13, 14|
++++++++++++++++++++++
Trying improving 2, 5, 1, 10 with subs:
Root to change : 2 with colors |1, 5, 6, 9, 10, 11, 12, 14, 15|
Root to change : 1 with colors |3, 5, 6, 9, 10, 13, 14, 15|
++++++++++++++++++++++
Trying improving 2, 5, 1, 12 with subs:
Root to change : 2 with colors |1, 5, 6, 9, 10, 11, 12, 14, 15|
Root to change : 5 with colors |1, 2, 4, 7, 11, 13, 14|
++++++++++++++++++++++
Trying improving 2, 5, 1, 13 with subs:
Root to change : 5 with colors |1, 2, 4, 6, 7, 9, 11, 13, 14|
Root to change : 1 with colors |2, 3, 4, 6, 9, 10, 13, 14|
++++++++++++++++++++++
Trying improving 2, 5, 1, 14 with subs:
Root to change : 2 with colors |1, 5, 6, 9, 10, 11, 12, 14, 15|
Root to change : 5 with colors |1, 2, 4, 6, 7, 9, 11, 13, 14|
Root to change : 1 with colors |2, 3, 5, 9, 10, 13, 14|
++++++++++++++++++++++
Trying improving 2, 5, 2, 7 with subs:
Root to change : 5 with colors |1, 2, 4, 6, 7, 9, 11, 13, 14|
Root to change : 7 with colors |2, 4, 5, 6, 9, 13, 14|
++++++++++++++++++++++
Trying improving 2, 5, 3, 7 with subs:
Root to change : 2 with colors |1, 5, 10, 11, 12, 14, 15|
Root to change : 5 with colors |1, 2, 4, 6, 7, 9, 11, 13, 14|
Root to change : 7 with colors |3, 4, 9, 10, 13, 14, 15|
++++++++++++++++++++++
Trying improving 2, 5, 3, 12 with subs:
Root to change : 2 with colors |1, 5, 6, 9, 10, 11, 12, 14, 15|
Root to change : 5 with colors |1, 2, 4, 7, 11, 13, 14|
Root to change : 12 with colors |3, 4, 9, 10, 13, 14, 15|
++++++++++++++++++++++
Trying improving 2, 5, 5, 12 with subs:
Root to change : 2 with colors |1, 5, 6, 9, 10, 11, 12, 14, 15|
Root to change : 12 with colors |2, 5, 6, 9, 10, 14, 15|
++++++++++++++++++++++
Trying improving 2, 5, 7, 7 with subs:
Root to change : 2 with colors |1, 5, 10, 11, 12, 14, 15|
Root to change : 5 with colors |1, 2, 4, 6, 7, 9, 11, 13, 14|
++++++++++++++++++++++
Trying improving 2, 5, 7, 12 with subs:
Root to change : 2 with colors |1, 5, 10, 11, 12, 14, 15|
Root to change : 5 with colors |1, 2, 4, 7, 11, 13, 14|
++++++++++++++++++++++
Trying improving 2, 5, 7, 13 with subs:
Root to change : 5 with colors |1, 2, 4, 6, 7, 9, 11, 13, 14|
Root to change : 7 with colors |2, 3, 4, 6, 9, 10, 13, 14|
++++++++++++++++++++++
Trying improving 2, 5, 7, 14 with subs:
Root to change : 2 with colors |1, 5, 10, 11, 12, 14, 15|
Root to change : 5 with colors |1, 2, 4, 6, 7, 9, 11, 13, 14|
Root to change : 7 with colors |2, 3, 5, 9, 10, 13, 14|
++++++++++++++++++++++
Trying improving 2, 5, 10, 12 with subs:
Root to change : 2 with colors |1, 5, 6, 9, 10, 11, 12, 14, 15|
Root to change : 12 with colors |3, 5, 6, 9, 10, 13, 14, 15|
++++++++++++++++++++++
Trying improving 2, 5, 12, 12 with subs:
Root to change : 2 with colors |1, 5, 6, 9, 10, 11, 12, 14, 15|
Root to change : 5 with colors |1, 2, 4, 7, 11, 13, 14|
++++++++++++++++++++++
Trying improving 2, 5, 12, 14 with subs:
Root to change : 2 with colors |1, 5, 6, 9, 10, 11, 12, 14, 15|
Root to change : 5 with colors |1, 2, 4, 7, 11, 13, 14|
Root to change : 12 with colors |2, 3, 5, 9, 10, 13, 14|
++++++++++++++++++++++
Trying improving 2, 7, 0, 5 with subs:
Root to change : 2 with colors |1, 3, 7, 8, 11, 12, 14|
Root to change : 7 with colors |2, 4, 5, 6, 9, 13, 14|
Root to change : 5 with colors |2, 3, 4, 7, 9, 11, 12, 14, 15|
++++++++++++++++++++++
Trying improving 2, 7, 1, 5 with subs:
Root to change : 2 with colors |1, 3, 7, 8, 11, 12, 14|
Root to change : 5 with colors |1, 2, 7, 8, 11, 12, 13, 14|
++++++++++++++++++++++
Trying improving 2, 7, 1, 10 with subs:
Root to change : 2 with colors |1, 3, 7, 8, 11, 12, 14|
Root to change : 10 with colors |1, 2, 7, 8, 11, 12, 13, 14|
++++++++++++++++++++++
Trying improving 2, 7, 2, 5 with subs:
Root to change : 7 with colors |2, 4, 5, 6, 9, 13, 14|
Root to change : 5 with colors |1, 2, 4, 6, 7, 9, 11, 13, 14|
++++++++++++++++++++++
Trying improving 2, 7, 5, 5 with subs:
Root to change : 2 with colors |1, 3, 7, 8, 11, 12, 14|
Root to change : 7 with colors |2, 4, 5, 6, 9, 13, 14|
++++++++++++++++++++++
Trying improving 2, 7, 5, 9 with subs:
Root to change : 7 with colors |2, 4, 5, 6, 9, 13, 14|
Root to change : 5 with colors |2, 3, 4, 6, 9, 10, 13, 14, 15|
++++++++++++++++++++++
Trying improving 2, 7, 5, 10 with subs:
Root to change : 2 with colors |1, 3, 7, 8, 11, 12, 14|
Root to change : 7 with colors |2, 4, 5, 6, 9, 13, 14|
++++++++++++++++++++++
Trying improving 2, 7, 5, 12 with subs:
Root to change : 2 with colors |1, 3, 7, 8, 11, 12, 14|
Root to change : 5 with colors |1, 3, 7, 8, 11, 12, 14|
++++++++++++++++++++++
Trying improving 2, 7, 5, 14 with subs:
Root to change : 2 with colors |1, 3, 7, 8, 11, 12, 14|
Root to change : 7 with colors |2, 4, 5, 6, 9, 13, 14|
Root to change : 5 with colors |1, 2, 3, 7, 9, 10, 12, 13, 14|
++++++++++++++++++++++
Trying improving 2, 7, 10, 12 with subs:
Root to change : 2 with colors |1, 3, 4, 7, 8, 11, 12, 13, 14|
Root to change : 10 with colors |1, 3, 7, 8, 11, 12, 14|
++++++++++++++++++++++
Trying improving 2, 9, 0, 12 with subs:
Root to change : 2 with colors |3, 4, 5, 6, 9, 10, 13, 14, 15|
Root to change : 9 with colors |1, 2, 4, 7, 11, 13, 14|
Root to change : 12 with colors |2, 3, 4, 5, 7, 9, 11, 14, 15|
++++++++++++++++++++++
Trying improving 2, 9, 1, 5 with subs:
Root to change : 2 with colors |3, 5, 6, 9, 10, 13, 14, 15|
Root to change : 1 with colors |2, 5, 6, 9, 10, 14, 15|
++++++++++++++++++++++
Trying improving 2, 9, 1, 10 with subs:
Root to change : 2 with colors |3, 5, 6, 9, 10, 13, 14, 15|
Root to change : 1 with colors |3, 5, 6, 9, 10, 13, 14, 15|
++++++++++++++++++++++
Trying improving 2, 9, 1, 12 with subs:
Root to change : 2 with colors |3, 5, 6, 9, 10, 13, 14, 15|
Root to change : 9 with colors |1, 2, 4, 7, 11, 13, 14|
++++++++++++++++++++++
Trying improving 2, 9, 3, 12 with subs:
Root to change : 2 with colors |3, 4, 5, 6, 9, 10, 13, 14, 15|
Root to change : 9 with colors |1, 2, 4, 7, 11, 13, 14|
Root to change : 12 with colors |3, 4, 7, 8, 9, 10, 13, 14, 15|
++++++++++++++++++++++
Trying improving 2, 9, 5, 12 with subs:
Root to change : 2 with colors |3, 4, 5, 6, 9, 10, 13, 14, 15|
Root to change : 12 with colors |2, 5, 6, 9, 10, 14, 15|
++++++++++++++++++++++
Trying improving 2, 9, 7, 12 with subs:
Root to change : 2 with colors |3, 4, 9, 10, 13, 14, 15|
Root to change : 9 with colors |1, 2, 4, 7, 11, 13, 14|
Root to change : 12 with colors |1, 2, 3, 4, 7, 8, 11, 13, 14|
++++++++++++++++++++++
Trying improving 2, 9, 10, 12 with subs:
Root to change : 2 with colors |3, 4, 5, 6, 9, 10, 13, 14, 15|
Root to change : 12 with colors |3, 5, 6, 9, 10, 13, 14, 15|
++++++++++++++++++++++
Trying improving 2, 9, 12, 12 with subs:
Root to change : 2 with colors |3, 4, 5, 6, 9, 10, 13, 14, 15|
Root to change : 9 with colors |1, 2, 4, 7, 11, 13, 14|
++++++++++++++++++++++
Trying improving 2, 9, 12, 14 with subs:
Root to change : 2 with colors |3, 4, 5, 6, 9, 10, 13, 14, 15|
Root to change : 9 with colors |1, 2, 4, 7, 11, 13, 14|
Root to change : 12 with colors |1, 2, 3, 5, 7, 9, 10, 13, 14|
++++++++++++++++++++++
Trying improving 2, 13, 1, 5 with subs:
Root to change : 1 with colors |2, 5, 6, 9, 10, 14, 15|
Root to change : 5 with colors |1, 2, 7, 8, 11, 12, 13, 14|
++++++++++++++++++++++
Trying improving 2, 13, 1, 10 with subs:
Root to change : 1 with colors |3, 5, 6, 9, 10, 13, 14, 15|
Root to change : 10 with colors |1, 2, 7, 8, 11, 12, 13, 14|
++++++++++++++++++++++
Trying improving 2, 13, 5, 12 with subs:
Root to change : 5 with colors |1, 3, 7, 8, 11, 12, 14|
Root to change : 12 with colors |2, 5, 6, 9, 10, 14, 15|
++++++++++++++++++++++
Trying improving 2, 13, 10, 12 with subs:
Root to change : 2 with colors |3, 4, 7, 8, 9, 10, 13, 14|
Root to change : 10 with colors |1, 3, 7, 8, 11, 12, 14|
Root to change : 12 with colors |3, 5, 6, 9, 10, 13, 14, 15|
++++++++++++++++++++++
Trying improving 2, 14, 1, 5 with subs:
Root to change : 2 with colors |1, 3, 5, 7, 9, 10, 12, 13, 14|
Root to change : 1 with colors |2, 5, 6, 9, 10, 14, 15|
Root to change : 5 with colors |1, 2, 7, 8, 11, 12, 13, 14|
++++++++++++++++++++++
Trying improving 2, 14, 1, 10 with subs:
Root to change : 2 with colors |1, 3, 5, 7, 9, 10, 12, 13, 14|
Root to change : 1 with colors |3, 5, 6, 9, 10, 13, 14, 15|
Root to change : 10 with colors |1, 2, 7, 8, 11, 12, 13, 14|
++++++++++++++++++++++
Trying improving 2, 14, 5, 12 with subs:
Root to change : 2 with colors |1, 3, 5, 7, 9, 10, 12, 13, 14|
Root to change : 5 with colors |1, 3, 7, 8, 11, 12, 14|
Root to change : 12 with colors |2, 5, 6, 9, 10, 14, 15|
++++++++++++++++++++++
Trying improving 2, 14, 10, 12 with subs:
Root to change : 2 with colors |1, 3, 5, 7, 9, 10, 12, 13, 14|
Root to change : 10 with colors |1, 3, 7, 8, 11, 12, 14|
Root to change : 12 with colors |3, 5, 6, 9, 10, 13, 14, 15|
++++++++++++++++++++++
Trying improving 3, 7, 2, 5 with subs:
Root to change : 7 with colors |3, 4, 9, 10, 13, 14, 15|
Root to change : 2 with colors |1, 5, 10, 11, 12, 14, 15|
Root to change : 5 with colors |1, 2, 4, 6, 7, 9, 11, 13, 14|
++++++++++++++++++++++
Trying improving 3, 7, 5, 9 with subs:
Root to change : 7 with colors |3, 4, 8, 9, 10, 12, 13, 14, 15|
Root to change : 5 with colors |2, 3, 4, 6, 9, 10, 13, 14, 15|
Root to change : 9 with colors |1, 5, 10, 11, 12, 14, 15|
++++++++++++++++++++++
Trying improving 3, 12, 2, 5 with subs:
Root to change : 12 with colors |3, 4, 9, 10, 13, 14, 15|
Root to change : 2 with colors |1, 5, 6, 9, 10, 11, 12, 14, 15|
Root to change : 5 with colors |1, 2, 4, 7, 11, 13, 14|
++++++++++++++++++++++
Trying improving 3, 12, 2, 9 with subs:
Root to change : 12 with colors |3, 4, 7, 8, 9, 10, 13, 14, 15|
Root to change : 2 with colors |3, 4, 5, 6, 9, 10, 13, 14, 15|
Root to change : 9 with colors |1, 2, 4, 7, 11, 13, 14|
++++++++++++++++++++++
Trying improving 5, 5, 1, 2 with subs:
Root to change : 1 with colors |2, 4, 5, 6, 9, 13, 14|
Root to change : 2 with colors |1, 5, 7, 8, 10, 11, 12, 14|
++++++++++++++++++++++
Trying improving 5, 5, 1, 13 with subs:
Root to change : 1 with colors |2, 3, 4, 6, 9, 10, 13, 14|
Root to change : 13 with colors |1, 5, 7, 8, 10, 11, 12, 14|
++++++++++++++++++++++
Trying improving 5, 5, 2, 7 with subs:
Root to change : 2 with colors |1, 3, 7, 8, 11, 12, 14|
Root to change : 7 with colors |2, 4, 5, 6, 9, 13, 14|
++++++++++++++++++++++
Trying improving 5, 5, 7, 13 with subs:
Root to change : 7 with colors |2, 3, 4, 6, 9, 10, 13, 14|
Root to change : 13 with colors |1, 3, 7, 8, 11, 12, 14|
++++++++++++++++++++++
Trying improving 5, 9, 0, 7 with subs:
Root to change : 5 with colors |2, 3, 4, 6, 9, 10, 13, 14, 15|
Root to change : 9 with colors |1, 5, 10, 11, 12, 14, 15|
Root to change : 7 with colors |2, 3, 4, 5, 9, 11, 12, 14, 15|
++++++++++++++++++++++
Trying improving 5, 9, 1, 2 with subs:
Root to change : 5 with colors |2, 3, 4, 6, 9, 10, 13, 14|
Root to change : 1 with colors |2, 4, 5, 6, 9, 13, 14|
++++++++++++++++++++++
Trying improving 5, 9, 1, 7 with subs:
Root to change : 5 with colors |2, 3, 4, 6, 9, 10, 13, 14|
Root to change : 9 with colors |1, 5, 10, 11, 12, 14, 15|
++++++++++++++++++++++
Trying improving 5, 9, 1, 13 with subs:
Root to change : 5 with colors |2, 3, 4, 6, 9, 10, 13, 14|
Root to change : 1 with colors |2, 3, 4, 6, 9, 10, 13, 14|
++++++++++++++++++++++
Trying improving 5, 9, 2, 7 with subs:
Root to change : 5 with colors |2, 3, 4, 6, 9, 10, 13, 14, 15|
Root to change : 7 with colors |2, 4, 5, 6, 9, 13, 14|
++++++++++++++++++++++
Trying improving 5, 9, 3, 7 with subs:
Root to change : 5 with colors |2, 3, 4, 6, 9, 10, 13, 14, 15|
Root to change : 9 with colors |1, 5, 10, 11, 12, 14, 15|
Root to change : 7 with colors |3, 4, 8, 9, 10, 12, 13, 14, 15|
++++++++++++++++++++++
Trying improving 5, 9, 7, 7 with subs:
Root to change : 5 with colors |2, 3, 4, 6, 9, 10, 13, 14, 15|
Root to change : 9 with colors |1, 5, 10, 11, 12, 14, 15|
++++++++++++++++++++++
Trying improving 5, 9, 7, 12 with subs:
Root to change : 5 with colors |3, 4, 9, 10, 13, 14, 15|
Root to change : 9 with colors |1, 5, 10, 11, 12, 14, 15|
Root to change : 7 with colors |1, 3, 5, 8, 10, 11, 12, 14, 15|
++++++++++++++++++++++
Trying improving 5, 9, 7, 13 with subs:
Root to change : 5 with colors |2, 3, 4, 6, 9, 10, 13, 14, 15|
Root to change : 7 with colors |2, 3, 4, 6, 9, 10, 13, 14|
++++++++++++++++++++++
Trying improving 5, 9, 7, 14 with subs:
Root to change : 5 with colors |2, 3, 4, 6, 9, 10, 13, 14, 15|
Root to change : 9 with colors |1, 5, 10, 11, 12, 14, 15|
Root to change : 7 with colors |1, 2, 3, 5, 9, 10, 12, 13, 14|
++++++++++++++++++++++
Trying improving 5, 10, 1, 2 with subs:
Root to change : 1 with colors |2, 4, 5, 6, 9, 13, 14|
Root to change : 2 with colors |1, 5, 7, 8, 10, 11, 12, 14|
++++++++++++++++++++++
Trying improving 5, 10, 1, 13 with subs:
Root to change : 1 with colors |2, 3, 4, 6, 9, 10, 13, 14|
Root to change : 13 with colors |1, 5, 7, 8, 10, 11, 12, 14|
++++++++++++++++++++++
Trying improving 5, 10, 2, 7 with subs:
Root to change : 2 with colors |1, 3, 7, 8, 11, 12, 14|
Root to change : 7 with colors |2, 4, 5, 6, 9, 13, 14|
++++++++++++++++++++++
Trying improving 5, 10, 7, 13 with subs:
Root to change : 5 with colors |3, 8, 9, 10, 12, 13, 14, 15|
Root to change : 7 with colors |2, 3, 4, 6, 9, 10, 13, 14|
Root to change : 13 with colors |1, 3, 7, 8, 11, 12, 14|
++++++++++++++++++++++
Trying improving 5, 12, 0, 2 with subs:
Root to change : 5 with colors |1, 3, 7, 8, 11, 12, 14|
Root to change : 12 with colors |2, 5, 6, 9, 10, 14, 15|
Root to change : 2 with colors |3, 4, 5, 7, 9, 11, 12, 14, 15|
++++++++++++++++++++++
Trying improving 5, 12, 1, 2 with subs:
Root to change : 5 with colors |1, 3, 7, 8, 11, 12, 14|
Root to change : 2 with colors |1, 5, 7, 8, 10, 11, 12, 14|
++++++++++++++++++++++
Trying improving 5, 12, 1, 13 with subs:
Root to change : 5 with colors |1, 3, 7, 8, 11, 12, 14|
Root to change : 13 with colors |1, 5, 7, 8, 10, 11, 12, 14|
++++++++++++++++++++++
Trying improving 5, 12, 2, 2 with subs:
Root to change : 5 with colors |1, 3, 7, 8, 11, 12, 14|
Root to change : 12 with colors |2, 5, 6, 9, 10, 14, 15|
++++++++++++++++++++++
Trying improving 5, 12, 2, 5 with subs:
Root to change : 12 with colors |2, 5, 6, 9, 10, 14, 15|
Root to change : 2 with colors |1, 5, 6, 9, 10, 11, 12, 14, 15|
++++++++++++++++++++++
Trying improving 5, 12, 2, 7 with subs:
Root to change : 5 with colors |1, 3, 7, 8, 11, 12, 14|
Root to change : 2 with colors |1, 3, 7, 8, 11, 12, 14|
++++++++++++++++++++++
Trying improving 5, 12, 2, 9 with subs:
Root to change : 12 with colors |2, 5, 6, 9, 10, 14, 15|
Root to change : 2 with colors |3, 4, 5, 6, 9, 10, 13, 14, 15|
++++++++++++++++++++++
Trying improving 5, 12, 2, 13 with subs:
Root to change : 5 with colors |1, 3, 7, 8, 11, 12, 14|
Root to change : 12 with colors |2, 5, 6, 9, 10, 14, 15|
++++++++++++++++++++++
Trying improving 5, 12, 2, 14 with subs:
Root to change : 5 with colors |1, 3, 7, 8, 11, 12, 14|
Root to change : 12 with colors |2, 5, 6, 9, 10, 14, 15|
Root to change : 2 with colors |1, 3, 5, 7, 9, 10, 12, 13, 14|
++++++++++++++++++++++
Trying improving 5, 12, 7, 13 with subs:
Root to change : 5 with colors |1, 3, 7, 8, 10, 11, 12, 14, 15|
Root to change : 13 with colors |1, 3, 7, 8, 11, 12, 14|
++++++++++++++++++++++
Trying improving 5, 14, 1, 2 with subs:
Root to change : 5 with colors |1, 2, 3, 7, 9, 10, 12, 13, 14|
Root to change : 1 with colors |2, 4, 5, 6, 9, 13, 14|
Root to change : 2 with colors |1, 5, 7, 8, 10, 11, 12, 14|
++++++++++++++++++++++
Trying improving 5, 14, 1, 13 with subs:
Root to change : 5 with colors |1, 2, 3, 7, 9, 10, 12, 13, 14|
Root to change : 1 with colors |2, 3, 4, 6, 9, 10, 13, 14|
Root to change : 13 with colors |1, 5, 7, 8, 10, 11, 12, 14|
++++++++++++++++++++++
Trying improving 5, 14, 2, 7 with subs:
Root to change : 5 with colors |1, 2, 3, 7, 9, 10, 12, 13, 14|
Root to change : 2 with colors |1, 3, 7, 8, 11, 12, 14|
Root to change : 7 with colors |2, 4, 5, 6, 9, 13, 14|
++++++++++++++++++++++
Trying improving 5, 14, 7, 13 with subs:
Root to change : 5 with colors |1, 2, 3, 7, 9, 10, 12, 13, 14|
Root to change : 7 with colors |2, 3, 4, 6, 9, 10, 13, 14|
Root to change : 13 with colors |1, 3, 7, 8, 11, 12, 14|
++++++++++++++++++++++
Trying improving 7, 7, 2, 5 with subs:
Root to change : 2 with colors |1, 5, 10, 11, 12, 14, 15|
Root to change : 5 with colors |1, 2, 4, 6, 7, 9, 11, 13, 14|
++++++++++++++++++++++
Trying improving 7, 7, 5, 9 with subs:
Root to change : 5 with colors |2, 3, 4, 6, 9, 10, 13, 14, 15|
Root to change : 9 with colors |1, 5, 10, 11, 12, 14, 15|
++++++++++++++++++++++
Trying improving 7, 12, 2, 5 with subs:
Root to change : 2 with colors |1, 5, 10, 11, 12, 14, 15|
Root to change : 5 with colors |1, 2, 4, 7, 11, 13, 14|
++++++++++++++++++++++
Trying improving 7, 12, 2, 9 with subs:
Root to change : 12 with colors |1, 2, 3, 4, 7, 8, 11, 13, 14|
Root to change : 2 with colors |3, 4, 9, 10, 13, 14, 15|
Root to change : 9 with colors |1, 2, 4, 7, 11, 13, 14|
++++++++++++++++++++++
Trying improving 7, 12, 5, 9 with subs:
Root to change : 7 with colors |1, 3, 5, 8, 10, 11, 12, 14, 15|
Root to change : 5 with colors |3, 4, 9, 10, 13, 14, 15|
Root to change : 9 with colors |1, 5, 10, 11, 12, 14, 15|
++++++++++++++++++++++
Trying improving 7, 13, 0, 5 with subs:
Root to change : 7 with colors |2, 3, 4, 6, 9, 10, 13, 14|
Root to change : 13 with colors |1, 3, 7, 8, 11, 12, 14|
Root to change : 5 with colors |2, 3, 4, 7, 9, 11, 12, 14, 15|
++++++++++++++++++++++
Trying improving 7, 13, 1, 5 with subs:
Root to change : 13 with colors |1, 3, 7, 8, 11, 12, 14|
Root to change : 5 with colors |1, 2, 7, 8, 11, 12, 13, 14|
++++++++++++++++++++++
Trying improving 7, 13, 1, 10 with subs:
Root to change : 13 with colors |1, 3, 7, 8, 11, 12, 14|
Root to change : 1 with colors |3, 8, 9, 10, 12, 13, 14, 15|
Root to change : 10 with colors |1, 2, 7, 8, 11, 12, 13, 14|
++++++++++++++++++++++
Trying improving 7, 13, 2, 5 with subs:
Root to change : 7 with colors |2, 3, 4, 6, 9, 10, 13, 14|
Root to change : 5 with colors |1, 2, 4, 6, 7, 9, 11, 13, 14|
++++++++++++++++++++++
Trying improving 7, 13, 5, 5 with subs:
Root to change : 7 with colors |2, 3, 4, 6, 9, 10, 13, 14|
Root to change : 13 with colors |1, 3, 7, 8, 11, 12, 14|
++++++++++++++++++++++
Trying improving 7, 13, 5, 9 with subs:
Root to change : 7 with colors |2, 3, 4, 6, 9, 10, 13, 14|
Root to change : 5 with colors |2, 3, 4, 6, 9, 10, 13, 14, 15|
++++++++++++++++++++++
Trying improving 7, 13, 5, 10 with subs:
Root to change : 7 with colors |2, 3, 4, 6, 9, 10, 13, 14|
Root to change : 13 with colors |1, 3, 7, 8, 11, 12, 14|
Root to change : 5 with colors |3, 8, 9, 10, 12, 13, 14, 15|
++++++++++++++++++++++
Trying improving 7, 13, 5, 12 with subs:
Root to change : 13 with colors |1, 3, 7, 8, 11, 12, 14|
Root to change : 5 with colors |1, 3, 7, 8, 10, 11, 12, 14, 15|
++++++++++++++++++++++
Trying improving 7, 13, 5, 14 with subs:
Root to change : 7 with colors |2, 3, 4, 6, 9, 10, 13, 14|
Root to change : 13 with colors |1, 3, 7, 8, 11, 12, 14|
Root to change : 5 with colors |1, 2, 3, 7, 9, 10, 12, 13, 14|
++++++++++++++++++++++
Trying improving 7, 14, 2, 5 with subs:
Root to change : 7 with colors |2, 3, 5, 9, 10, 13, 14|
Root to change : 2 with colors |1, 5, 10, 11, 12, 14, 15|
Root to change : 5 with colors |1, 2, 4, 6, 7, 9, 11, 13, 14|
++++++++++++++++++++++
Trying improving 7, 14, 5, 9 with subs:
Root to change : 7 with colors |1, 2, 3, 5, 9, 10, 12, 13, 14|
Root to change : 5 with colors |2, 3, 4, 6, 9, 10, 13, 14, 15|
Root to change : 9 with colors |1, 5, 10, 11, 12, 14, 15|
++++++++++++++++++++++
Trying improving 10, 12, 0, 2 with subs:
Root to change : 10 with colors |1, 3, 7, 8, 11, 12, 14|
Root to change : 12 with colors |3, 5, 6, 9, 10, 13, 14, 15|
Root to change : 2 with colors |3, 4, 5, 7, 9, 11, 12, 14, 15|
++++++++++++++++++++++
Trying improving 10, 12, 1, 2 with subs:
Root to change : 10 with colors |1, 3, 7, 8, 11, 12, 14|
Root to change : 2 with colors |1, 5, 7, 8, 10, 11, 12, 14|
++++++++++++++++++++++
Trying improving 10, 12, 1, 13 with subs:
Root to change : 10 with colors |1, 3, 7, 8, 11, 12, 14|
Root to change : 1 with colors |3, 4, 7, 8, 9, 10, 13, 14|
Root to change : 13 with colors |1, 5, 7, 8, 10, 11, 12, 14|
++++++++++++++++++++++
Trying improving 10, 12, 2, 2 with subs:
Root to change : 10 with colors |1, 3, 7, 8, 11, 12, 14|
Root to change : 12 with colors |3, 5, 6, 9, 10, 13, 14, 15|
++++++++++++++++++++++
Trying improving 10, 12, 2, 5 with subs:
Root to change : 12 with colors |3, 5, 6, 9, 10, 13, 14, 15|
Root to change : 2 with colors |1, 5, 6, 9, 10, 11, 12, 14, 15|
++++++++++++++++++++++
Trying improving 10, 12, 2, 7 with subs:
Root to change : 10 with colors |1, 3, 7, 8, 11, 12, 14|
Root to change : 2 with colors |1, 3, 4, 7, 8, 11, 12, 13, 14|
++++++++++++++++++++++
Trying improving 10, 12, 2, 9 with subs:
Root to change : 12 with colors |3, 5, 6, 9, 10, 13, 14, 15|
Root to change : 2 with colors |3, 4, 5, 6, 9, 10, 13, 14, 15|
++++++++++++++++++++++
Trying improving 10, 12, 2, 13 with subs:
Root to change : 10 with colors |1, 3, 7, 8, 11, 12, 14|
Root to change : 12 with colors |3, 5, 6, 9, 10, 13, 14, 15|
Root to change : 2 with colors |3, 4, 7, 8, 9, 10, 13, 14|
++++++++++++++++++++++
Trying improving 10, 12, 2, 14 with subs:
Root to change : 10 with colors |1, 3, 7, 8, 11, 12, 14|
Root to change : 12 with colors |3, 5, 6, 9, 10, 13, 14, 15|
Root to change : 2 with colors |1, 3, 5, 7, 9, 10, 12, 13, 14|
++++++++++++++++++++++
Trying improving 12, 12, 2, 5 with subs:
Root to change : 2 with colors |1, 5, 6, 9, 10, 11, 12, 14, 15|
Root to change : 5 with colors |1, 2, 4, 7, 11, 13, 14|
++++++++++++++++++++++
Trying improving 12, 12, 2, 9 with subs:
Root to change : 2 with colors |3, 4, 5, 6, 9, 10, 13, 14, 15|
Root to change : 9 with colors |1, 2, 4, 7, 11, 13, 14|
++++++++++++++++++++++
Trying improving 12, 14, 2, 5 with subs:
Root to change : 12 with colors |2, 3, 5, 9, 10, 13, 14|
Root to change : 2 with colors |1, 5, 6, 9, 10, 11, 12, 14, 15|
Root to change : 5 with colors |1, 2, 4, 7, 11, 13, 14|
++++++++++++++++++++++
Trying improving 12, 14, 2, 9 with subs:
Root to change : 12 with colors |1, 2, 3, 5, 7, 9, 10, 13, 14|
Root to change : 2 with colors |3, 4, 5, 6, 9, 10, 13, 14, 15|
Root to change : 9 with colors |1, 2, 4, 7, 11, 13, 14|
++++++++++++++++++++++
Unable to be solved with SubSubProblem
