Trying substitutions to: 3
with goodVertices 4, 5, 6, 8, 9, 10, 11, 12, 15
bad color to improve: 1  6  with index 21
bad color to improve: 5  6  with index 71
bad color to improve: 5  11  with index 76
bad color to improve: 6  11  with index 86
4 bad colorings on level 1
bad coloring on level 2  |7, 14, 0, 4|
bad coloring on level 2  |12, 14, 0, 4|
bad coloring on level 2  |9, 10, 0, 7|
bad coloring on level 2  |9, 14, 0, 7|
bad coloring on level 2  |10, 13, 0, 7|
bad coloring on level 2  |13, 14, 0, 7|
bad coloring on level 2  |7, 12, 0, 9|
bad coloring on level 2  |7, 14, 0, 9|
bad coloring on level 2  |3, 13, 0, 12|
bad coloring on level 2  |4, 13, 0, 12|
bad coloring on level 2  |7, 13, 0, 12|
bad coloring on level 2  |8, 13, 0, 12|
bad coloring on level 2  |9, 13, 0, 12|
bad coloring on level 2  |10, 13, 0, 12|
bad coloring on level 2  |13, 13, 0, 12|
bad coloring on level 2  |13, 14, 0, 12|
bad coloring on level 2  |4, 7, 0, 14|
bad coloring on level 2  |4, 8, 0, 14|
bad coloring on level 2  |7, 13, 0, 14|
bad coloring on level 2  |8, 13, 0, 14|
bad coloring on level 2  |7, 14, 3, 4|
bad coloring on level 2  |12, 14, 3, 4|
bad coloring on level 2  |9, 10, 3, 7|
bad coloring on level 2  |9, 14, 3, 7|
bad coloring on level 2  |10, 13, 3, 7|
bad coloring on level 2  |13, 14, 3, 7|
bad coloring on level 2  |7, 12, 3, 9|
bad coloring on level 2  |7, 14, 3, 9|
bad coloring on level 2  |0, 12, 3, 13|
bad coloring on level 2  |7, 14, 3, 13|
bad coloring on level 2  |4, 7, 3, 14|
bad coloring on level 2  |4, 8, 3, 14|
bad coloring on level 2  |7, 13, 3, 14|
bad coloring on level 2  |8, 13, 3, 14|
bad coloring on level 2  |7, 14, 4, 4|
bad coloring on level 2  |12, 14, 4, 4|
bad coloring on level 2  |0, 14, 4, 7|
bad coloring on level 2  |3, 14, 4, 7|
bad coloring on level 2  |7, 14, 4, 7|
bad coloring on level 2  |9, 10, 4, 7|
bad coloring on level 2  |9, 14, 4, 7|
bad coloring on level 2  |10, 13, 4, 7|
bad coloring on level 2  |10, 14, 4, 7|
bad coloring on level 2  |12, 14, 4, 7|
bad coloring on level 2  |13, 14, 4, 7|
bad coloring on level 2  |14, 14, 4, 7|
bad coloring on level 2  |0, 14, 4, 8|
bad coloring on level 2  |3, 14, 4, 8|
bad coloring on level 2  |7, 14, 4, 8|
bad coloring on level 2  |9, 14, 4, 8|
bad coloring on level 2  |10, 13, 4, 8|
bad coloring on level 2  |10, 14, 4, 8|
bad coloring on level 2  |12, 14, 4, 8|
bad coloring on level 2  |13, 14, 4, 8|
bad coloring on level 2  |14, 14, 4, 8|
bad coloring on level 2  |7, 12, 4, 9|
bad coloring on level 2  |7, 14, 4, 9|
bad coloring on level 2  |12, 14, 4, 9|
bad coloring on level 2  |0, 12, 4, 13|
bad coloring on level 2  |7, 14, 4, 13|
bad coloring on level 2  |12, 14, 4, 13|
bad coloring on level 2  |7, 14, 4, 15|
bad coloring on level 2  |12, 14, 4, 15|
bad coloring on level 2  |9, 10, 7, 7|
bad coloring on level 2  |9, 14, 7, 7|
bad coloring on level 2  |10, 13, 7, 7|
bad coloring on level 2  |13, 14, 7, 7|
bad coloring on level 2  |9, 10, 7, 8|
bad coloring on level 2  |9, 14, 7, 8|
bad coloring on level 2  |10, 13, 7, 8|
bad coloring on level 2  |13, 14, 7, 8|
bad coloring on level 2  |0, 9, 7, 12|
bad coloring on level 2  |3, 9, 7, 12|
bad coloring on level 2  |4, 9, 7, 12|
bad coloring on level 2  |9, 9, 7, 12|
bad coloring on level 2  |9, 10, 7, 12|
bad coloring on level 2  |9, 13, 7, 12|
bad coloring on level 2  |9, 14, 7, 12|
bad coloring on level 2  |9, 15, 7, 12|
bad coloring on level 2  |10, 13, 7, 12|
bad coloring on level 2  |13, 14, 7, 12|
bad coloring on level 2  |0, 12, 7, 13|
bad coloring on level 2  |0, 14, 7, 13|
bad coloring on level 2  |3, 14, 7, 13|
bad coloring on level 2  |7, 14, 7, 13|
bad coloring on level 2  |9, 10, 7, 13|
bad coloring on level 2  |9, 14, 7, 13|
bad coloring on level 2  |10, 13, 7, 13|
bad coloring on level 2  |10, 14, 7, 13|
bad coloring on level 2  |12, 14, 7, 13|
bad coloring on level 2  |13, 14, 7, 13|
bad coloring on level 2  |14, 14, 7, 13|
bad coloring on level 2  |0, 4, 7, 14|
bad coloring on level 2  |0, 9, 7, 14|
bad coloring on level 2  |3, 4, 7, 14|
bad coloring on level 2  |3, 9, 7, 14|
bad coloring on level 2  |3, 13, 7, 14|
bad coloring on level 2  |4, 4, 7, 14|
bad coloring on level 2  |4, 7, 7, 14|
bad coloring on level 2  |4, 8, 7, 14|
bad coloring on level 2  |4, 9, 7, 14|
bad coloring on level 2  |4, 13, 7, 14|
bad coloring on level 2  |4, 15, 7, 14|
bad coloring on level 2  |7, 13, 7, 14|
bad coloring on level 2  |8, 13, 7, 14|
bad coloring on level 2  |9, 9, 7, 14|
bad coloring on level 2  |9, 10, 7, 14|
bad coloring on level 2  |9, 13, 7, 14|
bad coloring on level 2  |9, 14, 7, 14|
bad coloring on level 2  |9, 15, 7, 14|
bad coloring on level 2  |10, 13, 7, 14|
bad coloring on level 2  |13, 13, 7, 14|
bad coloring on level 2  |13, 14, 7, 14|
bad coloring on level 2  |0, 12, 8, 13|
bad coloring on level 2  |0, 14, 8, 13|
bad coloring on level 2  |3, 14, 8, 13|
bad coloring on level 2  |7, 14, 8, 13|
bad coloring on level 2  |9, 10, 8, 13|
bad coloring on level 2  |9, 14, 8, 13|
bad coloring on level 2  |10, 13, 8, 13|
bad coloring on level 2  |10, 14, 8, 13|
bad coloring on level 2  |12, 14, 8, 13|
bad coloring on level 2  |13, 14, 8, 13|
bad coloring on level 2  |14, 14, 8, 13|
bad coloring on level 2  |7, 12, 9, 9|
bad coloring on level 2  |7, 14, 9, 9|
bad coloring on level 2  |0, 7, 9, 10|
bad coloring on level 2  |3, 7, 9, 10|
bad coloring on level 2  |4, 7, 9, 10|
bad coloring on level 2  |7, 7, 9, 10|
bad coloring on level 2  |7, 8, 9, 10|
bad coloring on level 2  |7, 12, 9, 10|
bad coloring on level 2  |7, 13, 9, 10|
bad coloring on level 2  |7, 14, 9, 10|
bad coloring on level 2  |8, 13, 9, 10|
bad coloring on level 2  |0, 12, 9, 13|
bad coloring on level 2  |7, 12, 9, 13|
bad coloring on level 2  |7, 14, 9, 13|
bad coloring on level 2  |0, 7, 9, 14|
bad coloring on level 2  |3, 7, 9, 14|
bad coloring on level 2  |4, 7, 9, 14|
bad coloring on level 2  |4, 8, 9, 14|
bad coloring on level 2  |7, 7, 9, 14|
bad coloring on level 2  |7, 8, 9, 14|
bad coloring on level 2  |7, 12, 9, 14|
bad coloring on level 2  |7, 13, 9, 14|
bad coloring on level 2  |7, 14, 9, 14|
bad coloring on level 2  |8, 13, 9, 14|
bad coloring on level 2  |7, 12, 9, 15|
bad coloring on level 2  |7, 14, 9, 15|
bad coloring on level 2  |0, 7, 10, 13|
bad coloring on level 2  |0, 12, 10, 13|
bad coloring on level 2  |3, 7, 10, 13|
bad coloring on level 2  |4, 7, 10, 13|
bad coloring on level 2  |4, 8, 10, 13|
bad coloring on level 2  |7, 7, 10, 13|
bad coloring on level 2  |7, 8, 10, 13|
bad coloring on level 2  |7, 12, 10, 13|
bad coloring on level 2  |7, 13, 10, 13|
bad coloring on level 2  |7, 14, 10, 13|
bad coloring on level 2  |8, 13, 10, 13|
bad coloring on level 2  |4, 7, 10, 14|
bad coloring on level 2  |4, 8, 10, 14|
bad coloring on level 2  |7, 13, 10, 14|
bad coloring on level 2  |8, 13, 10, 14|
bad coloring on level 2  |0, 4, 12, 14|
bad coloring on level 2  |3, 4, 12, 14|
bad coloring on level 2  |4, 4, 12, 14|
bad coloring on level 2  |4, 7, 12, 14|
bad coloring on level 2  |4, 8, 12, 14|
bad coloring on level 2  |4, 9, 12, 14|
bad coloring on level 2  |4, 13, 12, 14|
bad coloring on level 2  |4, 15, 12, 14|
bad coloring on level 2  |7, 13, 12, 14|
bad coloring on level 2  |8, 13, 12, 14|
bad coloring on level 2  |0, 12, 13, 13|
bad coloring on level 2  |7, 14, 13, 13|
bad coloring on level 2  |0, 7, 13, 14|
bad coloring on level 2  |0, 12, 13, 14|
bad coloring on level 2  |3, 7, 13, 14|
bad coloring on level 2  |4, 7, 13, 14|
bad coloring on level 2  |4, 8, 13, 14|
bad coloring on level 2  |7, 7, 13, 14|
bad coloring on level 2  |7, 8, 13, 14|
bad coloring on level 2  |7, 12, 13, 14|
bad coloring on level 2  |7, 13, 13, 14|
bad coloring on level 2  |7, 14, 13, 14|
bad coloring on level 2  |8, 13, 13, 14|
bad coloring on level 2  |4, 7, 14, 14|
bad coloring on level 2  |4, 8, 14, 14|
bad coloring on level 2  |7, 13, 14, 14|
bad coloring on level 2  |8, 13, 14, 14|

192 bad colorings on level 2
Sub sub problem :
Trying improving 0, 4, 7, 14 with subs:
Root to change : 4 with colors |3, 5, 7, 11, 12, 14, 15|
Root to change : 7 with colors |2, 3, 5, 9, 10, 13, 14|
Root to change : 14 with colors |1, 2, 3, 4, 7, 8, 11, 12, 13|
++++++++++++++++++++++
Trying improving 0, 4, 12, 14 with subs:
Root to change : 4 with colors |2, 3, 5, 7, 9, 11, 12, 14, 15|
Root to change : 12 with colors |2, 3, 5, 9, 10, 13, 14|
Root to change : 14 with colors |1, 3, 5, 7, 8, 10, 11, 12, 15|
++++++++++++++++++++++
Trying improving 0, 7, 9, 10 with subs:
Root to change : 7 with colors |2, 3, 4, 5, 9, 11, 12, 14, 15|
Root to change : 9 with colors |1, 3, 5, 8, 10, 12, 14, 15|
Root to change : 10 with colors |2, 3, 4, 6, 9, 13, 15|
++++++++++++++++++++++
Trying improving 0, 7, 9, 14 with subs:
Root to change : 7 with colors |2, 3, 4, 5, 9, 11, 12, 14, 15|
Root to change : 9 with colors |1, 3, 5, 7, 10, 12, 14|
Root to change : 14 with colors |2, 3, 4, 6, 9, 13, 15|
++++++++++++++++++++++
Trying improving 0, 7, 10, 13 with subs:
Root to change : 7 with colors |2, 3, 4, 5, 9, 14, 15|
Root to change : 10 with colors |2, 3, 4, 6, 7, 8, 9, 13|
Root to change : 13 with colors |1, 3, 5, 8, 10, 12, 14, 15|
++++++++++++++++++++++
Trying improving 0, 7, 13, 14 with subs:
Root to change : 7 with colors |2, 3, 4, 5, 9, 14, 15|
Root to change : 13 with colors |1, 3, 5, 7, 10, 12, 14|
Root to change : 14 with colors |2, 3, 4, 6, 7, 8, 9, 13|
++++++++++++++++++++++
Trying improving 0, 9, 7, 12 with subs:
Root to change : 9 with colors |2, 3, 4, 5, 7, 11, 12, 14, 15|
Root to change : 7 with colors |1, 3, 5, 8, 10, 11, 12, 14, 15|
Root to change : 12 with colors |2, 3, 4, 7, 8, 11, 13|
++++++++++++++++++++++
Trying improving 0, 9, 7, 14 with subs:
Root to change : 9 with colors |3, 5, 7, 11, 12, 14, 15|
Root to change : 7 with colors |1, 2, 3, 5, 9, 10, 12, 13, 14|
Root to change : 14 with colors |2, 3, 4, 7, 8, 11, 13|
++++++++++++++++++++++
Trying improving 0, 12, 3, 13 with subs:
Root to change : 0 with colors |1, 3, 5, 7, 8, 10, 11, 12, 14, 15|
Root to change : 12 with colors |2, 3, 4, 5, 7, 9, 11, 14, 15|
Root to change : 13 with colors |3, 4, 7, 8, 9, 10, 12, 14, 15|
++++++++++++++++++++++
Trying improving 0, 12, 4, 13 with subs:
Root to change : 0 with colors |1, 3, 7, 8, 10, 11, 12, 15|
Root to change : 12 with colors |2, 3, 4, 5, 7, 9, 11, 14, 15|
Root to change : 13 with colors |2, 3, 4, 6, 7, 8, 9, 11, 15|
++++++++++++++++++++++
Trying improving 0, 12, 7, 13 with subs:
Root to change : 0 with colors |1, 3, 7, 8, 10, 11, 12, 15|
Root to change : 12 with colors |2, 3, 4, 7, 9, 11, 15|
Root to change : 13 with colors |1, 2, 3, 4, 7, 8, 11, 12, 14|
++++++++++++++++++++++
Trying improving 0, 12, 8, 13 with subs:
Root to change : 0 with colors |1, 3, 5, 7, 8, 10, 11, 12, 15|
Root to change : 12 with colors |2, 3, 4, 7, 9, 11, 15|
Root to change : 13 with colors |1, 3, 4, 6, 7, 8, 10, 11, 12, 15|
++++++++++++++++++++++
Trying improving 0, 12, 9, 13 with subs:
Root to change : 0 with colors |1, 3, 5, 8, 10, 12, 14, 15|
Root to change : 12 with colors |2, 3, 4, 5, 7, 9, 11, 14, 15|
Root to change : 13 with colors |2, 3, 4, 5, 6, 9, 10, 14, 15|
++++++++++++++++++++++
Trying improving 0, 12, 10, 13 with subs:
Root to change : 0 with colors |1, 3, 5, 8, 10, 11, 12, 14, 15|
Root to change : 12 with colors |2, 3, 4, 5, 9, 14, 15|
Root to change : 13 with colors |1, 3, 5, 6, 8, 9, 10, 12, 14, 15|
++++++++++++++++++++++
Trying improving 0, 12, 13, 13 with subs:
Root to change : 0 with colors |1, 3, 5, 7, 8, 10, 11, 12, 14, 15|
Root to change : 12 with colors |2, 3, 4, 5, 7, 9, 11, 14, 15|
++++++++++++++++++++++
Trying improving 0, 12, 13, 14 with subs:
Root to change : 0 with colors |1, 3, 5, 8, 10, 12, 14, 15|
Root to change : 12 with colors |2, 3, 4, 5, 9, 14, 15|
Root to change : 13 with colors |1, 2, 3, 5, 7, 9, 10, 12, 14|
++++++++++++++++++++++
Trying improving 0, 14, 4, 7 with subs:
Root to change : 14 with colors |2, 3, 4, 5, 7, 9, 11, 12, 15|
Root to change : 4 with colors |1, 3, 7, 8, 11, 12, 14|
Root to change : 7 with colors |2, 3, 4, 6, 9, 13, 15|
++++++++++++++++++++++
Trying improving 0, 14, 4, 8 with subs:
Root to change : 14 with colors |2, 3, 4, 5, 7, 9, 11, 12, 15|
Root to change : 4 with colors |1, 3, 7, 8, 10, 11, 12, 15|
Root to change : 8 with colors |2, 3, 4, 6, 9, 13, 15|
++++++++++++++++++++++
Trying improving 0, 14, 7, 13 with subs:
Root to change : 14 with colors |2, 3, 4, 7, 9, 11, 15|
Root to change : 7 with colors |2, 3, 4, 6, 9, 10, 13, 14|
Root to change : 13 with colors |1, 3, 7, 8, 11, 12, 14|
++++++++++++++++++++++
Trying improving 0, 14, 8, 13 with subs:
Root to change : 14 with colors |2, 3, 4, 7, 9, 11, 15|
Root to change : 8 with colors |2, 3, 4, 6, 9, 10, 13, 14|
Root to change : 13 with colors |1, 3, 7, 8, 10, 11, 12, 15|
++++++++++++++++++++++
Trying improving 3, 4, 7, 14 with subs:
Root to change : 4 with colors |3, 7, 8, 10, 12, 14, 15|
Root to change : 7 with colors |2, 3, 5, 9, 10, 13, 14|
Root to change : 14 with colors |1, 2, 3, 4, 7, 8, 11, 12, 13|
++++++++++++++++++++++
Trying improving 3, 4, 12, 14 with subs:
Root to change : 4 with colors |3, 7, 8, 9, 10, 12, 13, 14, 15|
Root to change : 12 with colors |2, 3, 5, 9, 10, 13, 14|
Root to change : 14 with colors |1, 3, 5, 7, 8, 10, 11, 12, 15|
++++++++++++++++++++++
Trying improving 3, 7, 9, 10 with subs:
Root to change : 7 with colors |3, 4, 8, 9, 10, 12, 13, 14, 15|
Root to change : 9 with colors |1, 3, 5, 8, 10, 12, 14, 15|
Root to change : 10 with colors |2, 3, 4, 6, 9, 13, 15|
++++++++++++++++++++++
Trying improving 3, 7, 9, 14 with subs:
Root to change : 7 with colors |3, 4, 8, 9, 10, 12, 13, 14, 15|
Root to change : 9 with colors |1, 3, 5, 7, 10, 12, 14|
Root to change : 14 with colors |2, 3, 4, 6, 9, 13, 15|
++++++++++++++++++++++
Trying improving 3, 7, 10, 13 with subs:
Root to change : 7 with colors |3, 4, 8, 9, 10, 12, 13, 14, 15|
Root to change : 10 with colors |2, 3, 4, 6, 7, 8, 9, 13|
Root to change : 13 with colors |1, 3, 5, 8, 10, 12, 14, 15|
++++++++++++++++++++++
Trying improving 3, 7, 13, 14 with subs:
Root to change : 7 with colors |3, 4, 8, 9, 10, 12, 13, 14, 15|
Root to change : 13 with colors |1, 3, 5, 7, 10, 12, 14|
Root to change : 14 with colors |2, 3, 4, 6, 7, 8, 9, 13|
++++++++++++++++++++++
Trying improving 3, 9, 7, 12 with subs:
Root to change : 9 with colors |3, 4, 7, 8, 10, 12, 13, 14, 15|
Root to change : 7 with colors |1, 3, 5, 8, 10, 11, 12, 14, 15|
Root to change : 12 with colors |2, 3, 4, 7, 8, 11, 13|
++++++++++++++++++++++
Trying improving 3, 9, 7, 14 with subs:
Root to change : 9 with colors |3, 7, 8, 10, 12, 14, 15|
Root to change : 7 with colors |1, 2, 3, 5, 9, 10, 12, 13, 14|
Root to change : 14 with colors |2, 3, 4, 7, 8, 11, 13|
++++++++++++++++++++++
Trying improving 3, 13, 0, 12 with subs:
Root to change : 13 with colors |3, 4, 7, 8, 9, 10, 12, 14, 15|
Root to change : 0 with colors |1, 3, 5, 7, 8, 10, 11, 12, 14, 15|
Root to change : 12 with colors |2, 3, 4, 5, 7, 9, 11, 14, 15|
++++++++++++++++++++++
Trying improving 3, 13, 7, 14 with subs:
Root to change : 13 with colors |3, 7, 8, 10, 12, 14, 15|
Root to change : 7 with colors |1, 2, 3, 5, 9, 10, 12, 13, 14|
Root to change : 14 with colors |1, 2, 3, 4, 7, 8, 11, 12, 13|
++++++++++++++++++++++
Trying improving 3, 14, 4, 7 with subs:
Root to change : 14 with colors |3, 4, 7, 8, 9, 10, 12, 13, 15|
Root to change : 4 with colors |1, 3, 7, 8, 11, 12, 14|
Root to change : 7 with colors |2, 3, 4, 6, 9, 13, 15|
++++++++++++++++++++++
Trying improving 3, 14, 4, 8 with subs:
Root to change : 14 with colors |3, 4, 7, 8, 9, 10, 12, 13, 15|
Root to change : 4 with colors |1, 3, 7, 8, 10, 11, 12, 15|
Root to change : 8 with colors |2, 3, 4, 6, 9, 13, 15|
++++++++++++++++++++++
Trying improving 3, 14, 7, 13 with subs:
Root to change : 14 with colors |3, 4, 7, 8, 9, 10, 12, 13, 15|
Root to change : 7 with colors |2, 3, 4, 6, 9, 10, 13, 14|
Root to change : 13 with colors |1, 3, 7, 8, 11, 12, 14|
++++++++++++++++++++++
Trying improving 3, 14, 8, 13 with subs:
Root to change : 14 with colors |3, 4, 7, 8, 9, 10, 12, 13, 15|
Root to change : 8 with colors |2, 3, 4, 6, 9, 10, 13, 14|
Root to change : 13 with colors |1, 3, 7, 8, 10, 11, 12, 15|
++++++++++++++++++++++
Trying improving 4, 4, 7, 14 with subs:
Root to change : 7 with colors |2, 3, 5, 9, 10, 13, 14|
Root to change : 14 with colors |1, 2, 3, 4, 7, 8, 11, 12, 13|
++++++++++++++++++++++
Trying improving 4, 4, 12, 14 with subs:
Root to change : 12 with colors |2, 3, 5, 9, 10, 13, 14|
Root to change : 14 with colors |1, 3, 5, 7, 8, 10, 11, 12, 15|
++++++++++++++++++++++
Trying improving 4, 7, 0, 14 with subs:
Root to change : 4 with colors |1, 3, 7, 8, 11, 12, 14|
Root to change : 7 with colors |2, 3, 4, 6, 9, 13, 15|
Root to change : 14 with colors |2, 3, 4, 5, 7, 9, 11, 12, 15|
++++++++++++++++++++++
Trying improving 4, 7, 3, 14 with subs:
Root to change : 4 with colors |1, 3, 7, 8, 11, 12, 14|
Root to change : 7 with colors |2, 3, 4, 6, 9, 13, 15|
Root to change : 14 with colors |3, 4, 7, 8, 9, 10, 12, 13, 15|
++++++++++++++++++++++
Trying improving 4, 7, 7, 14 with subs:
Root to change : 4 with colors |1, 3, 7, 8, 11, 12, 14|
Root to change : 14 with colors |1, 2, 3, 4, 7, 8, 11, 12, 13|
++++++++++++++++++++++
Trying improving 4, 7, 9, 10 with subs:
Root to change : 7 with colors |2, 3, 4, 6, 8, 9, 11, 13, 15|
Root to change : 10 with colors |2, 3, 4, 6, 9, 13, 15|
++++++++++++++++++++++
Trying improving 4, 7, 9, 14 with subs:
Root to change : 7 with colors |2, 3, 4, 6, 9, 13, 15|
Root to change : 14 with colors |2, 3, 4, 6, 9, 13, 15|
++++++++++++++++++++++
Trying improving 4, 7, 10, 13 with subs:
Root to change : 7 with colors |2, 3, 4, 6, 9, 13, 15|
Root to change : 10 with colors |2, 3, 4, 6, 7, 8, 9, 13|
++++++++++++++++++++++
Trying improving 4, 7, 10, 14 with subs:
Root to change : 4 with colors |1, 3, 7, 8, 11, 12, 14|
Root to change : 7 with colors |2, 3, 4, 6, 9, 13, 15|
++++++++++++++++++++++
Trying improving 4, 7, 12, 14 with subs:
Root to change : 4 with colors |1, 3, 7, 8, 11, 12, 14|
Root to change : 14 with colors |1, 3, 5, 7, 8, 10, 11, 12, 15|
++++++++++++++++++++++
Trying improving 4, 7, 13, 14 with subs:
Root to change : 7 with colors |2, 3, 4, 6, 9, 13, 15|
Root to change : 14 with colors |2, 3, 4, 6, 7, 8, 9, 13|
++++++++++++++++++++++
Trying improving 4, 7, 14, 14 with subs:
Root to change : 4 with colors |1, 3, 7, 8, 11, 12, 14|
Root to change : 7 with colors |2, 3, 4, 6, 9, 13, 15|
++++++++++++++++++++++
Trying improving 4, 8, 0, 14 with subs:
Root to change : 4 with colors |1, 3, 7, 8, 10, 11, 12, 15|
Root to change : 8 with colors |2, 3, 4, 6, 9, 13, 15|
Root to change : 14 with colors |2, 3, 4, 5, 7, 9, 11, 12, 15|
++++++++++++++++++++++
Trying improving 4, 8, 3, 14 with subs:
Root to change : 4 with colors |1, 3, 7, 8, 10, 11, 12, 15|
Root to change : 8 with colors |2, 3, 4, 6, 9, 13, 15|
Root to change : 14 with colors |3, 4, 7, 8, 9, 10, 12, 13, 15|
++++++++++++++++++++++
Trying improving 4, 8, 7, 14 with subs:
Root to change : 4 with colors |1, 3, 7, 8, 10, 11, 12, 15|
Root to change : 14 with colors |1, 2, 3, 4, 7, 8, 11, 12, 13|
++++++++++++++++++++++
Trying improving 4, 8, 9, 14 with subs:
Root to change : 8 with colors |2, 3, 4, 6, 9, 13, 15|
Root to change : 14 with colors |2, 3, 4, 5, 6, 9, 10, 13, 15|
++++++++++++++++++++++
Trying improving 4, 8, 10, 13 with subs:
Root to change : 8 with colors |2, 3, 4, 6, 9, 13, 15|
Root to change : 10 with colors |2, 3, 4, 6, 7, 8, 9, 13|
Root to change : 13 with colors |3, 5, 6, 8, 9, 10, 12, 15|
++++++++++++++++++++++
Trying improving 4, 8, 10, 14 with subs:
Root to change : 4 with colors |1, 3, 7, 8, 10, 11, 12, 15|
Root to change : 8 with colors |2, 3, 4, 6, 9, 13, 15|
Root to change : 14 with colors |3, 5, 6, 8, 9, 10, 12, 15|
++++++++++++++++++++++
Trying improving 4, 8, 12, 14 with subs:
Root to change : 4 with colors |1, 3, 7, 8, 10, 11, 12, 15|
Root to change : 14 with colors |1, 3, 5, 7, 8, 10, 11, 12, 15|
++++++++++++++++++++++
Trying improving 4, 8, 13, 14 with subs:
Root to change : 8 with colors |2, 3, 4, 6, 9, 13, 15|
Root to change : 14 with colors |2, 3, 4, 6, 7, 8, 9, 13|
++++++++++++++++++++++
Trying improving 4, 8, 14, 14 with subs:
Root to change : 4 with colors |1, 3, 7, 8, 10, 11, 12, 15|
Root to change : 8 with colors |2, 3, 4, 6, 9, 13, 15|
++++++++++++++++++++++
Trying improving 4, 9, 7, 12 with subs:
Root to change : 9 with colors |2, 3, 4, 6, 7, 8, 11, 13, 15|
Root to change : 7 with colors |3, 5, 8, 10, 11, 12, 15|
Root to change : 12 with colors |2, 3, 4, 7, 8, 11, 13|
++++++++++++++++++++++
Trying improving 4, 9, 7, 14 with subs:
Root to change : 7 with colors |2, 3, 5, 9, 10, 13, 14|
Root to change : 14 with colors |2, 3, 4, 7, 8, 11, 13|
++++++++++++++++++++++
Trying improving 4, 9, 12, 14 with subs:
Root to change : 4 with colors |2, 3, 5, 6, 9, 10, 13, 14, 15|
Root to change : 12 with colors |2, 3, 5, 9, 10, 13, 14|
Root to change : 14 with colors |3, 5, 8, 10, 11, 12, 15|
++++++++++++++++++++++
Trying improving 4, 13, 0, 12 with subs:
Root to change : 13 with colors |2, 3, 4, 6, 7, 8, 9, 11, 15|
Root to change : 0 with colors |1, 3, 7, 8, 10, 11, 12, 15|
Root to change : 12 with colors |2, 3, 4, 5, 7, 9, 11, 14, 15|
++++++++++++++++++++++
Trying improving 4, 13, 7, 14 with subs:
Root to change : 7 with colors |2, 3, 5, 9, 10, 13, 14|
Root to change : 14 with colors |1, 2, 3, 4, 7, 8, 11, 12, 13|
++++++++++++++++++++++
Trying improving 4, 13, 12, 14 with subs:
Root to change : 12 with colors |2, 3, 5, 9, 10, 13, 14|
Root to change : 14 with colors |1, 3, 7, 8, 10, 11, 12, 15|
++++++++++++++++++++++
Trying improving 4, 15, 7, 14 with subs:
Root to change : 4 with colors |3, 5, 8, 10, 11, 12, 15|
Root to change : 7 with colors |2, 3, 5, 9, 10, 13, 14|
Root to change : 14 with colors |1, 2, 3, 4, 7, 8, 11, 12, 13|
++++++++++++++++++++++
Trying improving 4, 15, 12, 14 with subs:
Root to change : 4 with colors |3, 5, 6, 8, 9, 10, 11, 12, 15|
Root to change : 12 with colors |2, 3, 5, 9, 10, 13, 14|
Root to change : 14 with colors |1, 3, 5, 7, 8, 10, 11, 12, 15|
++++++++++++++++++++++
Trying improving 7, 7, 9, 10 with subs:
Root to change : 9 with colors |1, 3, 5, 8, 10, 12, 14, 15|
Root to change : 10 with colors |2, 3, 4, 6, 9, 13, 15|
++++++++++++++++++++++
Trying improving 7, 7, 9, 14 with subs:
Root to change : 9 with colors |1, 3, 5, 7, 10, 12, 14|
Root to change : 14 with colors |2, 3, 4, 6, 9, 13, 15|
++++++++++++++++++++++
Trying improving 7, 7, 10, 13 with subs:
Root to change : 10 with colors |2, 3, 4, 6, 7, 8, 9, 13|
Root to change : 13 with colors |1, 3, 5, 8, 10, 12, 14, 15|
++++++++++++++++++++++
Trying improving 7, 7, 13, 14 with subs:
Root to change : 13 with colors |1, 3, 5, 7, 10, 12, 14|
Root to change : 14 with colors |2, 3, 4, 6, 7, 8, 9, 13|
++++++++++++++++++++++
Trying improving 7, 8, 9, 10 with subs:
Root to change : 7 with colors |3, 4, 6, 8, 10, 11, 12, 15|
Root to change : 9 with colors |1, 3, 5, 8, 10, 12, 14, 15|
Root to change : 10 with colors |2, 3, 4, 6, 9, 13, 15|
++++++++++++++++++++++
Trying improving 7, 8, 9, 14 with subs:
Root to change : 9 with colors |1, 3, 5, 7, 10, 12, 14|
Root to change : 14 with colors |2, 3, 4, 6, 9, 13, 15|
++++++++++++++++++++++
Trying improving 7, 8, 10, 13 with subs:
Root to change : 10 with colors |2, 3, 4, 6, 7, 8, 9, 13|
Root to change : 13 with colors |1, 3, 5, 8, 10, 12, 14, 15|
++++++++++++++++++++++
Trying improving 7, 8, 13, 14 with subs:
Root to change : 13 with colors |1, 3, 5, 7, 10, 12, 14|
Root to change : 14 with colors |2, 3, 4, 6, 7, 8, 9, 13|
++++++++++++++++++++++
Trying improving 7, 12, 0, 9 with subs:
Root to change : 7 with colors |1, 3, 5, 8, 10, 11, 12, 14, 15|
Root to change : 12 with colors |2, 3, 4, 7, 8, 11, 13|
Root to change : 9 with colors |2, 3, 4, 5, 7, 11, 12, 14, 15|
++++++++++++++++++++++
Trying improving 7, 12, 3, 9 with subs:
Root to change : 7 with colors |1, 3, 5, 8, 10, 11, 12, 14, 15|
Root to change : 12 with colors |2, 3, 4, 7, 8, 11, 13|
Root to change : 9 with colors |3, 4, 7, 8, 10, 12, 13, 14, 15|
++++++++++++++++++++++
Trying improving 7, 12, 4, 9 with subs:
Root to change : 7 with colors |3, 5, 8, 10, 11, 12, 15|
Root to change : 12 with colors |2, 3, 4, 7, 8, 11, 13|
Root to change : 9 with colors |2, 3, 4, 6, 7, 8, 11, 13, 15|
++++++++++++++++++++++
Trying improving 7, 12, 9, 9 with subs:
Root to change : 7 with colors |1, 3, 5, 8, 10, 11, 12, 14, 15|
Root to change : 12 with colors |2, 3, 4, 7, 8, 11, 13|
++++++++++++++++++++++
Trying improving 7, 12, 9, 10 with subs:
Root to change : 7 with colors |1, 3, 5, 8, 10, 11, 12, 14, 15|
Root to change : 9 with colors |1, 3, 5, 8, 10, 12, 14, 15|
++++++++++++++++++++++
Trying improving 7, 12, 9, 13 with subs:
Root to change : 7 with colors |1, 3, 5, 8, 10, 12, 14, 15|
Root to change : 12 with colors |2, 3, 4, 7, 8, 11, 13|
++++++++++++++++++++++
Trying improving 7, 12, 9, 14 with subs:
Root to change : 7 with colors |1, 3, 5, 8, 10, 11, 12, 14, 15|
Root to change : 9 with colors |1, 3, 5, 7, 10, 12, 14|
++++++++++++++++++++++
Trying improving 7, 12, 9, 15 with subs:
Root to change : 7 with colors |1, 3, 5, 8, 10, 11, 12, 14, 15|
Root to change : 12 with colors |2, 3, 4, 7, 8, 11, 13|
Root to change : 9 with colors |3, 4, 5, 6, 8, 10, 11, 12, 15|
++++++++++++++++++++++
Trying improving 7, 12, 10, 13 with subs:
Root to change : 7 with colors |1, 3, 5, 8, 10, 12, 14, 15|
Root to change : 13 with colors |1, 3, 5, 8, 10, 12, 14, 15|
++++++++++++++++++++++
Trying improving 7, 12, 13, 14 with subs:
Root to change : 7 with colors |1, 3, 5, 8, 10, 12, 14, 15|
Root to change : 13 with colors |1, 3, 5, 7, 10, 12, 14|
++++++++++++++++++++++
Trying improving 7, 13, 0, 12 with subs:
Root to change : 13 with colors |1, 2, 3, 4, 7, 8, 11, 12, 14|
Root to change : 0 with colors |1, 3, 7, 8, 10, 11, 12, 15|
Root to change : 12 with colors |2, 3, 4, 7, 9, 11, 15|
++++++++++++++++++++++
Trying improving 7, 13, 0, 14 with subs:
Root to change : 7 with colors |2, 3, 4, 6, 9, 10, 13, 14|
Root to change : 13 with colors |1, 3, 7, 8, 11, 12, 14|
Root to change : 14 with colors |2, 3, 4, 7, 9, 11, 15|
++++++++++++++++++++++
Trying improving 7, 13, 3, 14 with subs:
Root to change : 7 with colors |2, 3, 4, 6, 9, 10, 13, 14|
Root to change : 13 with colors |1, 3, 7, 8, 11, 12, 14|
Root to change : 14 with colors |3, 4, 7, 8, 9, 10, 12, 13, 15|
++++++++++++++++++++++
Trying improving 7, 13, 7, 14 with subs:
Root to change : 13 with colors |1, 3, 7, 8, 11, 12, 14|
Root to change : 14 with colors |1, 2, 3, 4, 7, 8, 11, 12, 13|
++++++++++++++++++++++
Trying improving 7, 13, 9, 10 with subs:
Root to change : 7 with colors |2, 3, 4, 6, 9, 10, 13, 14|
Root to change : 10 with colors |2, 3, 4, 6, 9, 13, 15|
++++++++++++++++++++++
Trying improving 7, 13, 9, 14 with subs:
Root to change : 7 with colors |2, 3, 4, 6, 9, 10, 13, 14|
Root to change : 14 with colors |2, 3, 4, 6, 9, 13, 15|
++++++++++++++++++++++
Trying improving 7, 13, 10, 13 with subs:
Root to change : 7 with colors |2, 3, 4, 6, 9, 10, 13, 14|
Root to change : 10 with colors |2, 3, 4, 6, 7, 8, 9, 13|
++++++++++++++++++++++
Trying improving 7, 13, 10, 14 with subs:
Root to change : 7 with colors |2, 3, 4, 6, 9, 10, 13, 14|
Root to change : 13 with colors |1, 3, 7, 8, 11, 12, 14|
++++++++++++++++++++++
Trying improving 7, 13, 12, 14 with subs:
Root to change : 13 with colors |1, 3, 7, 8, 11, 12, 14|
Root to change : 14 with colors |1, 3, 7, 8, 10, 11, 12, 15|
++++++++++++++++++++++
Trying improving 7, 13, 13, 14 with subs:
Root to change : 7 with colors |2, 3, 4, 6, 9, 10, 13, 14|
Root to change : 14 with colors |2, 3, 4, 6, 7, 8, 9, 13|
++++++++++++++++++++++
Trying improving 7, 13, 14, 14 with subs:
Root to change : 7 with colors |2, 3, 4, 6, 9, 10, 13, 14|
Root to change : 13 with colors |1, 3, 7, 8, 11, 12, 14|
++++++++++++++++++++++
Trying improving 7, 14, 0, 4 with subs:
Root to change : 7 with colors |2, 3, 5, 9, 10, 13, 14|
Root to change : 14 with colors |1, 2, 3, 4, 7, 8, 11, 12, 13|
Root to change : 4 with colors |3, 5, 7, 11, 12, 14, 15|
++++++++++++++++++++++
Trying improving 7, 14, 0, 9 with subs:
Root to change : 7 with colors |1, 2, 3, 5, 9, 10, 12, 13, 14|
Root to change : 14 with colors |2, 3, 4, 7, 8, 11, 13|
Root to change : 9 with colors |3, 5, 7, 11, 12, 14, 15|
++++++++++++++++++++++
Trying improving 7, 14, 3, 4 with subs:
Root to change : 7 with colors |2, 3, 5, 9, 10, 13, 14|
Root to change : 14 with colors |1, 2, 3, 4, 7, 8, 11, 12, 13|
Root to change : 4 with colors |3, 7, 8, 10, 12, 14, 15|
++++++++++++++++++++++
Trying improving 7, 14, 3, 9 with subs:
Root to change : 7 with colors |1, 2, 3, 5, 9, 10, 12, 13, 14|
Root to change : 14 with colors |2, 3, 4, 7, 8, 11, 13|
Root to change : 9 with colors |3, 7, 8, 10, 12, 14, 15|
++++++++++++++++++++++
Trying improving 7, 14, 3, 13 with subs:
Root to change : 7 with colors |1, 2, 3, 5, 9, 10, 12, 13, 14|
Root to change : 14 with colors |1, 2, 3, 4, 7, 8, 11, 12, 13|
Root to change : 13 with colors |3, 7, 8, 10, 12, 14, 15|
++++++++++++++++++++++
Trying improving 7, 14, 4, 4 with subs:
Root to change : 7 with colors |2, 3, 5, 9, 10, 13, 14|
Root to change : 14 with colors |1, 2, 3, 4, 7, 8, 11, 12, 13|
++++++++++++++++++++++
Trying improving 7, 14, 4, 7 with subs:
Root to change : 14 with colors |1, 2, 3, 4, 7, 8, 11, 12, 13|
Root to change : 4 with colors |1, 3, 7, 8, 11, 12, 14|
++++++++++++++++++++++
Trying improving 7, 14, 4, 8 with subs:
Root to change : 14 with colors |1, 2, 3, 4, 7, 8, 11, 12, 13|
Root to change : 4 with colors |1, 3, 7, 8, 10, 11, 12, 15|
++++++++++++++++++++++
Trying improving 7, 14, 4, 9 with subs:
Root to change : 7 with colors |2, 3, 5, 9, 10, 13, 14|
Root to change : 14 with colors |2, 3, 4, 7, 8, 11, 13|
++++++++++++++++++++++
Trying improving 7, 14, 4, 13 with subs:
Root to change : 7 with colors |2, 3, 5, 9, 10, 13, 14|
Root to change : 14 with colors |1, 2, 3, 4, 7, 8, 11, 12, 13|
++++++++++++++++++++++
Trying improving 7, 14, 4, 15 with subs:
Root to change : 7 with colors |2, 3, 5, 9, 10, 13, 14|
Root to change : 14 with colors |1, 2, 3, 4, 7, 8, 11, 12, 13|
Root to change : 4 with colors |3, 5, 8, 10, 11, 12, 15|
++++++++++++++++++++++
Trying improving 7, 14, 7, 13 with subs:
Root to change : 14 with colors |1, 2, 3, 4, 7, 8, 11, 12, 13|
Root to change : 13 with colors |1, 3, 7, 8, 11, 12, 14|
++++++++++++++++++++++
Trying improving 7, 14, 8, 13 with subs:
Root to change : 14 with colors |1, 2, 3, 4, 7, 8, 11, 12, 13|
Root to change : 13 with colors |1, 3, 7, 8, 10, 11, 12, 15|
++++++++++++++++++++++
Trying improving 7, 14, 9, 9 with subs:
Root to change : 7 with colors |1, 2, 3, 5, 9, 10, 12, 13, 14|
Root to change : 14 with colors |2, 3, 4, 7, 8, 11, 13|
++++++++++++++++++++++
Trying improving 7, 14, 9, 10 with subs:
Root to change : 7 with colors |1, 2, 3, 5, 9, 10, 12, 13, 14|
Root to change : 9 with colors |1, 3, 5, 8, 10, 12, 14, 15|
++++++++++++++++++++++
Trying improving 7, 14, 9, 13 with subs:
Root to change : 7 with colors |1, 2, 3, 5, 9, 10, 12, 13, 14|
Root to change : 14 with colors |2, 3, 4, 7, 8, 11, 13|
++++++++++++++++++++++
Trying improving 7, 14, 9, 14 with subs:
Root to change : 7 with colors |1, 2, 3, 5, 9, 10, 12, 13, 14|
Root to change : 9 with colors |1, 3, 5, 7, 10, 12, 14|
++++++++++++++++++++++
Trying improving 7, 14, 9, 15 with subs:
Root to change : 7 with colors |1, 2, 3, 5, 9, 10, 12, 13, 14|
Root to change : 14 with colors |2, 3, 4, 7, 8, 11, 13|
Root to change : 9 with colors |3, 5, 8, 10, 11, 12, 15|
++++++++++++++++++++++
Trying improving 7, 14, 10, 13 with subs:
Root to change : 7 with colors |1, 2, 3, 5, 9, 10, 12, 13, 14|
Root to change : 13 with colors |1, 3, 5, 8, 10, 12, 14, 15|
++++++++++++++++++++++
Trying improving 7, 14, 13, 13 with subs:
Root to change : 7 with colors |1, 2, 3, 5, 9, 10, 12, 13, 14|
Root to change : 14 with colors |1, 2, 3, 4, 7, 8, 11, 12, 13|
++++++++++++++++++++++
Trying improving 7, 14, 13, 14 with subs:
Root to change : 7 with colors |1, 2, 3, 5, 9, 10, 12, 13, 14|
Root to change : 13 with colors |1, 3, 5, 7, 10, 12, 14|
++++++++++++++++++++++
Trying improving 8, 13, 0, 12 with subs:
Root to change : 13 with colors |1, 3, 4, 6, 7, 8, 10, 11, 12, 15|
Root to change : 0 with colors |1, 3, 5, 7, 8, 10, 11, 12, 15|
Root to change : 12 with colors |2, 3, 4, 7, 9, 11, 15|
++++++++++++++++++++++
Trying improving 8, 13, 0, 14 with subs:
Root to change : 8 with colors |2, 3, 4, 6, 9, 10, 13, 14|
Root to change : 13 with colors |1, 3, 7, 8, 10, 11, 12, 15|
Root to change : 14 with colors |2, 3, 4, 7, 9, 11, 15|
++++++++++++++++++++++
Trying improving 8, 13, 3, 14 with subs:
Root to change : 8 with colors |2, 3, 4, 6, 9, 10, 13, 14|
Root to change : 13 with colors |1, 3, 7, 8, 10, 11, 12, 15|
Root to change : 14 with colors |3, 4, 7, 8, 9, 10, 12, 13, 15|
++++++++++++++++++++++
Trying improving 8, 13, 7, 14 with subs:
Root to change : 13 with colors |1, 3, 7, 8, 10, 11, 12, 15|
Root to change : 14 with colors |1, 2, 3, 4, 7, 8, 11, 12, 13|
++++++++++++++++++++++
Trying improving 8, 13, 9, 10 with subs:
Root to change : 8 with colors |2, 3, 4, 6, 9, 10, 13, 14|
Root to change : 13 with colors |3, 4, 6, 8, 10, 11, 12, 15|
Root to change : 10 with colors |2, 3, 4, 6, 9, 13, 15|
++++++++++++++++++++++
Trying improving 8, 13, 9, 14 with subs:
Root to change : 8 with colors |2, 3, 4, 6, 9, 10, 13, 14|
Root to change : 14 with colors |2, 3, 4, 6, 9, 13, 15|
++++++++++++++++++++++
Trying improving 8, 13, 10, 13 with subs:
Root to change : 8 with colors |2, 3, 4, 6, 9, 10, 13, 14|
Root to change : 10 with colors |2, 3, 4, 6, 7, 8, 9, 13|
++++++++++++++++++++++
Trying improving 8, 13, 10, 14 with subs:
Root to change : 8 with colors |2, 3, 4, 6, 9, 10, 13, 14|
Root to change : 13 with colors |1, 3, 7, 8, 10, 11, 12, 15|
++++++++++++++++++++++
Trying improving 8, 13, 12, 14 with subs:
Root to change : 13 with colors |1, 3, 7, 8, 10, 11, 12, 15|
Root to change : 14 with colors |1, 3, 7, 8, 10, 11, 12, 15|
++++++++++++++++++++++
Trying improving 8, 13, 13, 14 with subs:
Root to change : 8 with colors |2, 3, 4, 6, 9, 10, 13, 14|
Root to change : 14 with colors |2, 3, 4, 6, 7, 8, 9, 13|
++++++++++++++++++++++
Trying improving 8, 13, 14, 14 with subs:
Root to change : 8 with colors |2, 3, 4, 6, 9, 10, 13, 14|
Root to change : 13 with colors |1, 3, 7, 8, 10, 11, 12, 15|
++++++++++++++++++++++
Trying improving 9, 9, 7, 12 with subs:
Root to change : 7 with colors |1, 3, 5, 8, 10, 11, 12, 14, 15|
Root to change : 12 with colors |2, 3, 4, 7, 8, 11, 13|
++++++++++++++++++++++
Trying improving 9, 9, 7, 14 with subs:
Root to change : 7 with colors |1, 2, 3, 5, 9, 10, 12, 13, 14|
Root to change : 14 with colors |2, 3, 4, 7, 8, 11, 13|
++++++++++++++++++++++
Trying improving 9, 10, 0, 7 with subs:
Root to change : 9 with colors |1, 3, 5, 8, 10, 12, 14, 15|
Root to change : 10 with colors |2, 3, 4, 6, 9, 13, 15|
Root to change : 7 with colors |2, 3, 4, 5, 9, 11, 12, 14, 15|
++++++++++++++++++++++
Trying improving 9, 10, 3, 7 with subs:
Root to change : 9 with colors |1, 3, 5, 8, 10, 12, 14, 15|
Root to change : 10 with colors |2, 3, 4, 6, 9, 13, 15|
Root to change : 7 with colors |3, 4, 8, 9, 10, 12, 13, 14, 15|
++++++++++++++++++++++
Trying improving 9, 10, 4, 7 with subs:
Root to change : 10 with colors |2, 3, 4, 6, 9, 13, 15|
Root to change : 7 with colors |2, 3, 4, 6, 8, 9, 11, 13, 15|
++++++++++++++++++++++
Trying improving 9, 10, 7, 7 with subs:
Root to change : 9 with colors |1, 3, 5, 8, 10, 12, 14, 15|
Root to change : 10 with colors |2, 3, 4, 6, 9, 13, 15|
++++++++++++++++++++++
Trying improving 9, 10, 7, 8 with subs:
Root to change : 9 with colors |1, 3, 5, 8, 10, 12, 14, 15|
Root to change : 10 with colors |2, 3, 4, 6, 9, 13, 15|
Root to change : 7 with colors |3, 4, 6, 8, 10, 11, 12, 15|
++++++++++++++++++++++
Trying improving 9, 10, 7, 12 with subs:
Root to change : 9 with colors |1, 3, 5, 8, 10, 12, 14, 15|
Root to change : 7 with colors |1, 3, 5, 8, 10, 11, 12, 14, 15|
++++++++++++++++++++++
Trying improving 9, 10, 7, 13 with subs:
Root to change : 10 with colors |2, 3, 4, 6, 9, 13, 15|
Root to change : 7 with colors |2, 3, 4, 6, 9, 10, 13, 14|
++++++++++++++++++++++
Trying improving 9, 10, 7, 14 with subs:
Root to change : 9 with colors |1, 3, 5, 8, 10, 12, 14, 15|
Root to change : 7 with colors |1, 2, 3, 5, 9, 10, 12, 13, 14|
++++++++++++++++++++++
Trying improving 9, 10, 8, 13 with subs:
Root to change : 10 with colors |2, 3, 4, 6, 9, 13, 15|
Root to change : 8 with colors |2, 3, 4, 6, 9, 10, 13, 14|
Root to change : 13 with colors |3, 4, 6, 8, 10, 11, 12, 15|
++++++++++++++++++++++
Trying improving 9, 13, 0, 12 with subs:
Root to change : 13 with colors |2, 3, 4, 5, 6, 9, 10, 14, 15|
Root to change : 0 with colors |1, 3, 5, 8, 10, 12, 14, 15|
Root to change : 12 with colors |2, 3, 4, 5, 7, 9, 11, 14, 15|
++++++++++++++++++++++
Trying improving 9, 13, 7, 12 with subs:
Root to change : 7 with colors |1, 3, 5, 8, 10, 12, 14, 15|
Root to change : 12 with colors |2, 3, 4, 7, 8, 11, 13|
++++++++++++++++++++++
Trying improving 9, 13, 7, 14 with subs:
Root to change : 7 with colors |1, 2, 3, 5, 9, 10, 12, 13, 14|
Root to change : 14 with colors |2, 3, 4, 7, 8, 11, 13|
++++++++++++++++++++++
Trying improving 9, 14, 0, 7 with subs:
Root to change : 9 with colors |1, 3, 5, 7, 10, 12, 14|
Root to change : 14 with colors |2, 3, 4, 6, 9, 13, 15|
Root to change : 7 with colors |2, 3, 4, 5, 9, 11, 12, 14, 15|
++++++++++++++++++++++
Trying improving 9, 14, 3, 7 with subs:
Root to change : 9 with colors |1, 3, 5, 7, 10, 12, 14|
Root to change : 14 with colors |2, 3, 4, 6, 9, 13, 15|
Root to change : 7 with colors |3, 4, 8, 9, 10, 12, 13, 14, 15|
++++++++++++++++++++++
Trying improving 9, 14, 4, 7 with subs:
Root to change : 14 with colors |2, 3, 4, 6, 9, 13, 15|
Root to change : 7 with colors |2, 3, 4, 6, 9, 13, 15|
++++++++++++++++++++++
Trying improving 9, 14, 4, 8 with subs:
Root to change : 14 with colors |2, 3, 4, 5, 6, 9, 10, 13, 15|
Root to change : 8 with colors |2, 3, 4, 6, 9, 13, 15|
++++++++++++++++++++++
Trying improving 9, 14, 7, 7 with subs:
Root to change : 9 with colors |1, 3, 5, 7, 10, 12, 14|
Root to change : 14 with colors |2, 3, 4, 6, 9, 13, 15|
++++++++++++++++++++++
Trying improving 9, 14, 7, 8 with subs:
Root to change : 9 with colors |1, 3, 5, 7, 10, 12, 14|
Root to change : 14 with colors |2, 3, 4, 6, 9, 13, 15|
++++++++++++++++++++++
Trying improving 9, 14, 7, 12 with subs:
Root to change : 9 with colors |1, 3, 5, 7, 10, 12, 14|
Root to change : 7 with colors |1, 3, 5, 8, 10, 11, 12, 14, 15|
++++++++++++++++++++++
Trying improving 9, 14, 7, 13 with subs:
Root to change : 14 with colors |2, 3, 4, 6, 9, 13, 15|
Root to change : 7 with colors |2, 3, 4, 6, 9, 10, 13, 14|
++++++++++++++++++++++
Trying improving 9, 14, 7, 14 with subs:
Root to change : 9 with colors |1, 3, 5, 7, 10, 12, 14|
Root to change : 7 with colors |1, 2, 3, 5, 9, 10, 12, 13, 14|
++++++++++++++++++++++
Trying improving 9, 14, 8, 13 with subs:
Root to change : 14 with colors |2, 3, 4, 6, 9, 13, 15|
Root to change : 8 with colors |2, 3, 4, 6, 9, 10, 13, 14|
++++++++++++++++++++++
Trying improving 9, 15, 7, 12 with subs:
Root to change : 9 with colors |3, 4, 5, 6, 8, 10, 11, 12, 15|
Root to change : 7 with colors |1, 3, 5, 8, 10, 11, 12, 14, 15|
Root to change : 12 with colors |2, 3, 4, 7, 8, 11, 13|
++++++++++++++++++++++
Trying improving 9, 15, 7, 14 with subs:
Root to change : 9 with colors |3, 5, 8, 10, 11, 12, 15|
Root to change : 7 with colors |1, 2, 3, 5, 9, 10, 12, 13, 14|
Root to change : 14 with colors |2, 3, 4, 7, 8, 11, 13|
++++++++++++++++++++++
Trying improving 10, 13, 0, 7 with subs:
Root to change : 10 with colors |2, 3, 4, 6, 7, 8, 9, 13|
Root to change : 13 with colors |1, 3, 5, 8, 10, 12, 14, 15|
Root to change : 7 with colors |2, 3, 4, 5, 9, 14, 15|
++++++++++++++++++++++
Trying improving 10, 13, 0, 12 with subs:
Root to change : 13 with colors |1, 3, 5, 6, 8, 9, 10, 12, 14, 15|
Root to change : 0 with colors |1, 3, 5, 8, 10, 11, 12, 14, 15|
Root to change : 12 with colors |2, 3, 4, 5, 9, 14, 15|
++++++++++++++++++++++
Trying improving 10, 13, 3, 7 with subs:
Root to change : 10 with colors |2, 3, 4, 6, 7, 8, 9, 13|
Root to change : 13 with colors |1, 3, 5, 8, 10, 12, 14, 15|
Root to change : 7 with colors |3, 4, 8, 9, 10, 12, 13, 14, 15|
++++++++++++++++++++++
Trying improving 10, 13, 4, 7 with subs:
Root to change : 10 with colors |2, 3, 4, 6, 7, 8, 9, 13|
Root to change : 7 with colors |2, 3, 4, 6, 9, 13, 15|
++++++++++++++++++++++
Trying improving 10, 13, 4, 8 with subs:
Root to change : 10 with colors |2, 3, 4, 6, 7, 8, 9, 13|
Root to change : 13 with colors |3, 5, 6, 8, 9, 10, 12, 15|
Root to change : 8 with colors |2, 3, 4, 6, 9, 13, 15|
++++++++++++++++++++++
Trying improving 10, 13, 7, 7 with subs:
Root to change : 10 with colors |2, 3, 4, 6, 7, 8, 9, 13|
Root to change : 13 with colors |1, 3, 5, 8, 10, 12, 14, 15|
++++++++++++++++++++++
Trying improving 10, 13, 7, 8 with subs:
Root to change : 10 with colors |2, 3, 4, 6, 7, 8, 9, 13|
Root to change : 13 with colors |1, 3, 5, 8, 10, 12, 14, 15|
++++++++++++++++++++++
Trying improving 10, 13, 7, 12 with subs:
Root to change : 13 with colors |1, 3, 5, 8, 10, 12, 14, 15|
Root to change : 7 with colors |1, 3, 5, 8, 10, 12, 14, 15|
++++++++++++++++++++++
Trying improving 10, 13, 7, 13 with subs:
Root to change : 10 with colors |2, 3, 4, 6, 7, 8, 9, 13|
Root to change : 7 with colors |2, 3, 4, 6, 9, 10, 13, 14|
++++++++++++++++++++++
Trying improving 10, 13, 7, 14 with subs:
Root to change : 13 with colors |1, 3, 5, 8, 10, 12, 14, 15|
Root to change : 7 with colors |1, 2, 3, 5, 9, 10, 12, 13, 14|
++++++++++++++++++++++
Trying improving 10, 13, 8, 13 with subs:
Root to change : 10 with colors |2, 3, 4, 6, 7, 8, 9, 13|
Root to change : 8 with colors |2, 3, 4, 6, 9, 10, 13, 14|
++++++++++++++++++++++
Trying improving 10, 14, 4, 7 with subs:
Root to change : 4 with colors |1, 3, 7, 8, 11, 12, 14|
Root to change : 7 with colors |2, 3, 4, 6, 9, 13, 15|
++++++++++++++++++++++
Trying improving 10, 14, 4, 8 with subs:
Root to change : 14 with colors |3, 5, 6, 8, 9, 10, 12, 15|
Root to change : 4 with colors |1, 3, 7, 8, 10, 11, 12, 15|
Root to change : 8 with colors |2, 3, 4, 6, 9, 13, 15|
++++++++++++++++++++++
Trying improving 10, 14, 7, 13 with subs:
Root to change : 7 with colors |2, 3, 4, 6, 9, 10, 13, 14|
Root to change : 13 with colors |1, 3, 7, 8, 11, 12, 14|
++++++++++++++++++++++
Trying improving 10, 14, 8, 13 with subs:
Root to change : 8 with colors |2, 3, 4, 6, 9, 10, 13, 14|
Root to change : 13 with colors |1, 3, 7, 8, 10, 11, 12, 15|
++++++++++++++++++++++
Trying improving 12, 14, 0, 4 with subs:
Root to change : 12 with colors |2, 3, 5, 9, 10, 13, 14|
Root to change : 14 with colors |1, 3, 5, 7, 8, 10, 11, 12, 15|
Root to change : 4 with colors |2, 3, 5, 7, 9, 11, 12, 14, 15|
++++++++++++++++++++++
Trying improving 12, 14, 3, 4 with subs:
Root to change : 12 with colors |2, 3, 5, 9, 10, 13, 14|
Root to change : 14 with colors |1, 3, 5, 7, 8, 10, 11, 12, 15|
Root to change : 4 with colors |3, 7, 8, 9, 10, 12, 13, 14, 15|
++++++++++++++++++++++
Trying improving 12, 14, 4, 4 with subs:
Root to change : 12 with colors |2, 3, 5, 9, 10, 13, 14|
Root to change : 14 with colors |1, 3, 5, 7, 8, 10, 11, 12, 15|
++++++++++++++++++++++
Trying improving 12, 14, 4, 7 with subs:
Root to change : 14 with colors |1, 3, 5, 7, 8, 10, 11, 12, 15|
Root to change : 4 with colors |1, 3, 7, 8, 11, 12, 14|
++++++++++++++++++++++
Trying improving 12, 14, 4, 8 with subs:
Root to change : 14 with colors |1, 3, 5, 7, 8, 10, 11, 12, 15|
Root to change : 4 with colors |1, 3, 7, 8, 10, 11, 12, 15|
++++++++++++++++++++++
Trying improving 12, 14, 4, 9 with subs:
Root to change : 12 with colors |2, 3, 5, 9, 10, 13, 14|
Root to change : 14 with colors |3, 5, 8, 10, 11, 12, 15|
Root to change : 4 with colors |2, 3, 5, 6, 9, 10, 13, 14, 15|
++++++++++++++++++++++
Trying improving 12, 14, 4, 13 with subs:
Root to change : 12 with colors |2, 3, 5, 9, 10, 13, 14|
Root to change : 14 with colors |1, 3, 7, 8, 10, 11, 12, 15|
++++++++++++++++++++++
Trying improving 12, 14, 4, 15 with subs:
Root to change : 12 with colors |2, 3, 5, 9, 10, 13, 14|
Root to change : 14 with colors |1, 3, 5, 7, 8, 10, 11, 12, 15|
Root to change : 4 with colors |3, 5, 6, 8, 9, 10, 11, 12, 15|
++++++++++++++++++++++
Trying improving 12, 14, 7, 13 with subs:
Root to change : 14 with colors |1, 3, 7, 8, 10, 11, 12, 15|
Root to change : 13 with colors |1, 3, 7, 8, 11, 12, 14|
++++++++++++++++++++++
Trying improving 12, 14, 8, 13 with subs:
Root to change : 14 with colors |1, 3, 7, 8, 10, 11, 12, 15|
Root to change : 13 with colors |1, 3, 7, 8, 10, 11, 12, 15|
++++++++++++++++++++++
Trying improving 13, 13, 0, 12 with subs:
Root to change : 0 with colors |1, 3, 5, 7, 8, 10, 11, 12, 14, 15|
Root to change : 12 with colors |2, 3, 4, 5, 7, 9, 11, 14, 15|
++++++++++++++++++++++
Trying improving 13, 13, 7, 14 with subs:
Root to change : 7 with colors |1, 2, 3, 5, 9, 10, 12, 13, 14|
Root to change : 14 with colors |1, 2, 3, 4, 7, 8, 11, 12, 13|
++++++++++++++++++++++
Trying improving 13, 14, 0, 7 with subs:
Root to change : 13 with colors |1, 3, 5, 7, 10, 12, 14|
Root to change : 14 with colors |2, 3, 4, 6, 7, 8, 9, 13|
Root to change : 7 with colors |2, 3, 4, 5, 9, 14, 15|
++++++++++++++++++++++
Trying improving 13, 14, 0, 12 with subs:
Root to change : 13 with colors |1, 2, 3, 5, 7, 9, 10, 12, 14|
Root to change : 0 with colors |1, 3, 5, 8, 10, 12, 14, 15|
Root to change : 12 with colors |2, 3, 4, 5, 9, 14, 15|
++++++++++++++++++++++
Trying improving 13, 14, 3, 7 with subs:
Root to change : 13 with colors |1, 3, 5, 7, 10, 12, 14|
Root to change : 14 with colors |2, 3, 4, 6, 7, 8, 9, 13|
Root to change : 7 with colors |3, 4, 8, 9, 10, 12, 13, 14, 15|
++++++++++++++++++++++
Trying improving 13, 14, 4, 7 with subs:
Root to change : 14 with colors |2, 3, 4, 6, 7, 8, 9, 13|
Root to change : 7 with colors |2, 3, 4, 6, 9, 13, 15|
++++++++++++++++++++++
Trying improving 13, 14, 4, 8 with subs:
Root to change : 14 with colors |2, 3, 4, 6, 7, 8, 9, 13|
Root to change : 8 with colors |2, 3, 4, 6, 9, 13, 15|
++++++++++++++++++++++
Trying improving 13, 14, 7, 7 with subs:
Root to change : 13 with colors |1, 3, 5, 7, 10, 12, 14|
Root to change : 14 with colors |2, 3, 4, 6, 7, 8, 9, 13|
++++++++++++++++++++++
Trying improving 13, 14, 7, 8 with subs:
Root to change : 13 with colors |1, 3, 5, 7, 10, 12, 14|
Root to change : 14 with colors |2, 3, 4, 6, 7, 8, 9, 13|
++++++++++++++++++++++
Trying improving 13, 14, 7, 12 with subs:
Root to change : 13 with colors |1, 3, 5, 7, 10, 12, 14|
Root to change : 7 with colors |1, 3, 5, 8, 10, 12, 14, 15|
++++++++++++++++++++++
Trying improving 13, 14, 7, 13 with subs:
Root to change : 14 with colors |2, 3, 4, 6, 7, 8, 9, 13|
Root to change : 7 with colors |2, 3, 4, 6, 9, 10, 13, 14|
++++++++++++++++++++++
Trying improving 13, 14, 7, 14 with subs:
Root to change : 13 with colors |1, 3, 5, 7, 10, 12, 14|
Root to change : 7 with colors |1, 2, 3, 5, 9, 10, 12, 13, 14|
++++++++++++++++++++++
Trying improving 13, 14, 8, 13 with subs:
Root to change : 14 with colors |2, 3, 4, 6, 7, 8, 9, 13|
Root to change : 8 with colors |2, 3, 4, 6, 9, 10, 13, 14|
++++++++++++++++++++++
Trying improving 14, 14, 4, 7 with subs:
Root to change : 4 with colors |1, 3, 7, 8, 11, 12, 14|
Root to change : 7 with colors |2, 3, 4, 6, 9, 13, 15|
++++++++++++++++++++++
Trying improving 14, 14, 4, 8 with subs:
Root to change : 4 with colors |1, 3, 7, 8, 10, 11, 12, 15|
Root to change : 8 with colors |2, 3, 4, 6, 9, 13, 15|
++++++++++++++++++++++
Trying improving 14, 14, 7, 13 with subs:
Root to change : 7 with colors |2, 3, 4, 6, 9, 10, 13, 14|
Root to change : 13 with colors |1, 3, 7, 8, 11, 12, 14|
++++++++++++++++++++++
Trying improving 14, 14, 8, 13 with subs:
Root to change : 8 with colors |2, 3, 4, 6, 9, 10, 13, 14|
Root to change : 13 with colors |1, 3, 7, 8, 10, 11, 12, 15|
++++++++++++++++++++++
Unable to be solved with SubSubProblem
